 DT=?
          20        1111   9.99813346E-05   2.60611534       1.08127379    
          40         420   9.99841868E-05   1.55531049      0.707020283    
          60         246   9.99829790E-05   1.14200115      0.574234545    
          80         176   9.99723125E-05  0.915035546      0.513282180    
         100         141   9.99792392E-05  0.767580330      0.482963532    
         120         122   9.98921823E-05  0.665531158      0.465237409    
         140         109   9.99531912E-05  0.594491363      0.453369856    
         160         101   9.98994947E-05  0.546145558      0.444173634    
         180          94   9.99640106E-05  0.514924049      0.436722487    
         200          89   9.98878677E-05  0.495376825      0.430015355    
         220          84   9.98748001E-05  0.482934117      0.424003214    
         240          80   9.99113472E-05  0.474722296      0.419122964    
         260          77   9.99301701E-05  0.469007999      0.414585739    
         280          75   9.98489704E-05  0.464771777      0.410719812    
         300          73   9.99210897E-05  0.461265057      0.407041043    
         320          71   9.98762771E-05  0.458120137      0.403790653    
         340          68   9.99980693E-05  0.455210060      0.400643915    
         360          68   9.98947799E-05  0.452421606      0.397423565    
         380          67   9.98555988E-05  0.449345261      0.394198030    
         400          64   9.99331678E-05  0.446198881      0.390929699    
         420          64   9.98815958E-05  0.442916572      0.387618810    
         440          63   9.99598997E-05  0.439415604      0.384301543    
         460          60   9.99783369E-05  0.435997546      0.380777091    
         480          61   9.98835749E-05  0.432183146      0.377285868    
         500          58   9.99308104E-05  0.428213000      0.373592556    
         520          58   9.98653995E-05  0.424085110      0.369919777    
         540          57   9.99580589E-05  0.419874638      0.366238832    
         560          56   9.99949116E-05  0.415330112      0.362341285    
         580          56   9.98998003E-05  0.410768420      0.358597159    
         600          53   9.99732511E-05  0.406086385      0.354621321    
         620          53   9.99806070E-05  0.401126146      0.350596756    
         640          51   9.99560070E-05  0.396249741      0.346527010    
         660          50   9.99960757E-05  0.391123205      0.342405468    
         680          50   9.99435288E-05  0.385959059      0.338247716    
         700          51   9.98653923E-05  0.380589455      0.334124982    
         720          48   9.98940959E-05  0.375213295      0.329852432    
         740          47   9.98913019E-05  0.369692475      0.325542569    
         760          46   9.99546610E-05  0.364087939      0.321244001    
         780          46   9.99892509E-05  0.358435988      0.316944242    
         800          46   9.99508484E-05  0.352669120      0.312666982    
         820          44   9.99597323E-05  0.346852273      0.308401197    
         840          44   9.99997719E-05  0.340983629      0.304129988    
         860          42   9.99067925E-05  0.335002035      0.299915612    
         880          42   9.98833275E-05  0.328989148      0.295687139    
         900          42   9.99759868E-05  0.322867870      0.291464150    
         920          41   9.99261538E-05  0.316815764      0.287324429    
         940          39   9.98986725E-05  0.310649663      0.283214957    
         960          38   9.99877957E-05  0.304512233      0.279095531    
         980          38   9.98853138E-05  0.298358083      0.275080562    
        1000          37   9.99107433E-05  0.292170465      0.271099299    
        1020          37   9.98641917E-05  0.286074936      0.267107934    
        1040          36   9.99771728E-05  0.279950500      0.263131380    
        1060          35   9.99752810E-05  0.273856193      0.259238988    
        1080          35   9.99585391E-05  0.267837673      0.255320966    
        1100          34   9.99239128E-05  0.261854500      0.251350105    
        1120          33   9.99934709E-05  0.255893558      0.247432590    
        1140          33   9.98873656E-05  0.250052720      0.243497849    
        1160          31   9.99248223E-05  0.244251937      0.239472330    
        1180          31   9.99455369E-05  0.238489538      0.235469356    
        1200          31   9.99062177E-05  0.232834697      0.231455699    
        1220          29   9.99059048E-05  0.227270901      0.227369472    
        1240          29   9.99932745E-05  0.221733585      0.223228976    
        1260          28   9.99977710E-05  0.216274723      0.219094172    
        1280          27   9.98714604E-05  0.210929096      0.214927942    
        1300          27   9.99943150E-05  0.205655083      0.210693702    
        1320          26   9.98599862E-05  0.200450271      0.206442565    
        1340          26   9.98750183E-05  0.195313722      0.202192545    
        1360          26   9.99508920E-05  0.190316617      0.197915107    
        1380          24   9.98710166E-05  0.185406923      0.193599030    
        1400          23   9.99624681E-05  0.180574909      0.189280763    
        1420          23   9.98592877E-05  0.175824255      0.185004711    
        1440          23   9.99573822E-05  0.171162277      0.180711970    
        1460          22   9.99147160E-05  0.166615084      0.176414207    
        1480          22   9.99140320E-05  0.162191287      0.172139153    
        1500          21   9.98881369E-05  0.157847807      0.167905033    
        1520          19   9.99742479E-05  0.153594360      0.163693830    
        1540          19   9.99836702E-05  0.149423003      0.159517616    
        1560          18   9.99894692E-05  0.145332694      0.155370772    
        1580          18   9.99924814E-05  0.141319856      0.151271790    
        1600          19   9.99273689E-05  0.137409329      0.147239968    
        1620          17   9.99765616E-05  0.133608580      0.143241078    
        1640          17   9.99804033E-05  0.129880339      0.139301315    
        1660          16   9.99319454E-05  0.126232356      0.135412335    
        1680          17   9.99248659E-05  0.122661635      0.131589010    
        1700          15   9.99095428E-05  0.119173661      0.127839476    
        1720          16   9.99456533E-05  0.115750872      0.124172553    
        1740          15   9.99288823E-05  0.112408519      0.120576456    
        1760          14   9.99993790E-05  0.109145835      0.117053360    
        1780          15   9.98966716E-05  0.105951227      0.113608703    
        1800          15   9.98726828E-05  0.102832437      0.110242307    
        1820          14   9.98971664E-05   9.97945890E-02  0.106958620    
        1840          13   9.99625918E-05   9.68286544E-02  0.103765458    
        1860          12   9.99560361E-05   9.39399749E-02  0.100653894    
        1880          13   9.99680633E-05   9.11185443E-02   9.76331830E-02
        1900          11   9.99340191E-05   8.83818492E-02   9.46893096E-02
        1920          12   9.98705727E-05   8.57053101E-02   9.18354988E-02
        1940          12   9.99305703E-05   8.31144601E-02   8.90541747E-02
        1960          12   9.98783871E-05   8.05875286E-02   8.63597468E-02
        1980          11   9.99593030E-05   7.81476274E-02   8.37396830E-02
        2000          10   9.99795011E-05   7.57695287E-02   8.11976790E-02
        2020          10   9.99423064E-05   7.34564364E-02   7.87380114E-02
        2040          10   9.99536060E-05   7.12072998E-02   7.63571560E-02
        2060          10   9.98943724E-05   6.90190494E-02   7.40520582E-02
        2080           9   9.99071635E-05   6.69064149E-02   7.18097314E-02
        2100           9   9.99156764E-05   6.48424253E-02   6.96428940E-02
        2120           9   9.98630712E-05   6.28381073E-02   6.75412640E-02
        2140           8   9.98962932E-05   6.08914644E-02   6.55000433E-02
        2160           9   9.98942414E-05   5.89891002E-02   6.35264888E-02
        2180           9   9.98750693E-05   5.71456105E-02   6.16102517E-02
        2200           9   9.98980904E-05   5.53477183E-02   5.97515851E-02
        2220           7   9.99934491E-05   5.36161102E-02   5.79367206E-02
        2240           7   9.99531330E-05   5.19159660E-02   5.61822951E-02
        2260           7   9.99658077E-05   5.02571762E-02   5.44797964E-02
        2280           7   9.99931217E-05   4.86414805E-02   5.28247543E-02
        2300           7   9.99608528E-05   4.70682308E-02   5.12183458E-02
        2320           8   9.99804615E-05   4.55379710E-02   4.96538021E-02
        2340           7   9.99514377E-05   4.40490246E-02   4.81305160E-02
        2360           7   9.99766125E-05   4.26039770E-02   4.66479436E-02
        2380           7   9.99678450E-05   4.11886126E-02   4.52080518E-02
        2400           5   9.99930999E-05   3.98283824E-02   4.37980630E-02
        2420           7   9.98985852E-05   3.84763032E-02   4.24384661E-02
        2440           5   9.99370750E-05   3.71930376E-02   4.11009640E-02
        2460           6   9.99841868E-05   3.59293520E-02   3.98018733E-02
        2480           6   9.99060649E-05   3.47004682E-02   3.85397896E-02
        2500           6   9.99450349E-05   3.35163660E-02   3.73052433E-02
        2520           5   9.98904361E-05   3.23707759E-02   3.61017436E-02
        2540           5   9.99674594E-05   3.12560871E-02   3.49301137E-02
        2560           6   9.99161857E-05   3.01669035E-02   3.37925255E-02
        2580           5   9.98819814E-05   2.91268602E-02   3.26804258E-02
        2600           4   9.99569747E-05   2.81234253E-02   3.15952823E-02
        2620           4   9.99954354E-05   2.71469541E-02   3.05433590E-02
        2640           4   9.98884861E-05   2.61987057E-02   2.95216944E-02
        2660           3   9.99776021E-05   2.52947193E-02   2.85219010E-02
        2680           4   9.98854593E-05   2.44093016E-02   2.75546126E-02
        2700           4   9.99591502E-05   2.35604942E-02   2.66137403E-02
        2720           4   9.99117692E-05   2.27367692E-02   2.56995298E-02
        2740           4   9.99305994E-05   2.19507832E-02   2.48107240E-02
        2760           3   9.99730764E-05   2.11887620E-02   2.39482149E-02
        2780           4   9.99096665E-05   2.04449166E-02   2.31162515E-02
        2800           4   9.98862961E-05   1.97348893E-02   2.23068241E-02
        2820           4   9.98811665E-05   1.90526955E-02   2.15229392E-02
        2840           2   9.99719487E-05   1.84006095E-02   2.07631737E-02
        2860           4   9.99757831E-05   1.77580453E-02   2.00312939E-02
        2880           2   9.99168624E-05   1.71465985E-02   1.93213131E-02
        2900           3   9.98890828E-05   1.65545475E-02   1.86379049E-02
        2920           3   9.99094991E-05   1.59822367E-02   1.79765690E-02
        2940           3   9.99597323E-05   1.54331587E-02   1.73395146E-02
        2960           2   9.99887707E-05   1.49079282E-02   1.67254284E-02
        2980           2   9.99921394E-05   1.43985441E-02   1.61353722E-02
        3000           2   9.99090116E-05   1.39058875E-02   1.55676911E-02
        3020           2   9.98958421E-05   1.34305861E-02   1.50205428E-02
        3040           3   9.99046242E-05   1.29755437E-02   1.44942887E-02
        3060           3   9.99229233E-05   1.25405658E-02   1.39896600E-02
        3080           3   9.99769400E-05   1.21283429E-02   1.35025717E-02
        3100           2   9.99669792E-05   1.17302481E-02   1.30341807E-02
        3120           2   9.99838740E-05   1.13477409E-02   1.25872614E-02
        3140           2   9.99433760E-05   1.09778391E-02   1.21589331E-02
        3160           3   9.99227050E-05   1.06189912E-02   1.17475046E-02
        3180           1   9.99885888E-05   1.02902064E-02   1.13499491E-02
        3200           2   9.99262484E-05   9.95779876E-03   1.09727317E-02
        3220           1   9.99956392E-05   9.65241250E-03   1.06076589E-02
        3240           1   9.99776748E-05   9.35191568E-03   1.02606677E-02
        3260           3   9.99152908E-05   9.05214995E-03   9.92956944E-03
        3280           1   9.99295153E-05   8.78220145E-03   9.60770156E-03
        3300           2   9.99418407E-05   8.51241779E-03   9.30118747E-03
        3320           2   9.99380281E-05   8.25122744E-03   9.00667906E-03
        3340           2   9.98978285E-05   8.00055172E-03   8.72357469E-03
        3360           1   9.99500262E-05   7.76606333E-03   8.44819006E-03
        3380           1   9.99769763E-05   7.52969692E-03   8.18522833E-03
        3400           1   9.99777840E-05   7.30307959E-03   7.93416612E-03
        3420           2   9.99317272E-05   7.07446225E-03   7.69307977E-03
        3440           1   9.99025797E-05   6.86493516E-03   7.45943002E-03
        3460           2   9.98940814E-05   6.65305275E-03   7.23385718E-03
        3480           1   9.98206815E-05   6.44853711E-03   7.01638963E-03
        3500           2   9.98863470E-05   6.25311024E-03   6.80645835E-03
        3520           1   9.98928735E-05   6.06525270E-03   6.60147844E-03
        3540           2   9.99416297E-05   5.87610388E-03   6.40662666E-03
        3560           1   9.98011310E-05   5.69730857E-03   6.21638773E-03
        3580           1   9.99523036E-05   5.52453194E-03   6.03105407E-03
        3600           1   9.98246178E-05   5.35014085E-03   5.85297029E-03
        3620           1   9.97759198E-05   5.18420571E-03   5.68038831E-03
        3640           1   9.99107287E-05   5.02895610E-03   5.51073346E-03
        3660           1   9.96957679E-05   4.87272069E-03   5.34913968E-03
        3680           1   9.93089343E-05   4.71578399E-03   5.19362697E-03
        3700           1   9.86034647E-05   4.56969161E-03   5.03949728E-03
        3720           1   9.75523435E-05   4.42692637E-03   4.89454437E-03
        3740           1   9.55519863E-05   4.28636558E-03   4.75455541E-03
        3760           1   9.25949789E-05   4.15106677E-03   4.62124590E-03
        3780           1   8.90502197E-05   4.02429234E-03   4.49254317E-03
        3800           1   8.54489554E-05   3.90950125E-03   4.36642719E-03
        3820           1   8.22478178E-05   3.79858445E-03   4.24245466E-03
        3840           1   7.97256289E-05   3.69335758E-03   4.11959412E-03
        3860           1   7.79842085E-05   3.59145319E-03   3.99610959E-03
        3880           1   7.69582985E-05   3.49475024E-03   3.87357711E-03
        3900           1   7.63433636E-05   3.40249622E-03   3.75398970E-03
        3920           1   7.55890214E-05   3.31738591E-03   3.64007032E-03
        3940           1   7.43289711E-05   3.23491171E-03   3.53063643E-03
        3960           1   7.24449274E-05   3.15750483E-03   3.42906173E-03
        3980           1   7.00339660E-05   3.08267865E-03   3.33160511E-03
        4000           1   6.73975082E-05   3.00859637E-03   3.23842512E-03
        4020           1   6.48583373E-05   2.93343002E-03   3.14663909E-03
        4040           1   6.27552072E-05   2.86209281E-03   3.05680931E-03
        4060           1   6.11807045E-05   2.78680772E-03   2.97058444E-03
        4080           1   6.01870124E-05   2.71357642E-03   2.88331741E-03
        4100           1   5.95063575E-05   2.64405180E-03   2.79976078E-03
        4120           1   5.88519360E-05   2.57360400E-03   2.71936809E-03
        4140           1   5.79851549E-05   2.50723260E-03   2.64165993E-03
        4160           1   5.67727111E-05   2.44459137E-03   2.56850594E-03
        4180           1   5.51276753E-05   2.38958234E-03   2.49834452E-03
        4200           1   5.32915037E-05   2.33407877E-03   2.43022805E-03
        4220           1   5.14276508E-05   2.28090445E-03   2.36349297E-03
        4240           1   4.97366709E-05   2.23053619E-03   2.29752483E-03
        4260           1   4.84056618E-05   2.17824639E-03   2.23079580E-03
        4280           1   4.74330882E-05   2.12769979E-03   2.16851966E-03
        4300           1   4.67452846E-05   2.07624724E-03   2.10792967E-03
        4320           1   4.61786803E-05   2.02514208E-03   2.05314229E-03
        4340           1   4.55497211E-05   1.97674148E-03   2.00040475E-03
        4360           1   4.47046732E-05   1.93015719E-03   1.95207237E-03
        4380           1   4.36270893E-05   1.88205647E-03   1.90669787E-03
        4400           1   4.23716847E-05   1.83790282E-03   1.86293072E-03
        4420           1   4.10658795E-05   1.79496151E-03   1.81980478E-03
        4440           1   3.98264638E-05   1.75253127E-03   1.77670387E-03
        4460           1   3.87478685E-05   1.71481585E-03   1.73263974E-03
        4480           1   3.79321900E-05   1.67501904E-03   1.68952940E-03
        4500           1   3.73047478E-05   1.63695321E-03   1.64786389E-03
        4520           1   3.67453940E-05   1.59832602E-03   1.60475913E-03
        4540           1   3.61880884E-05   1.56228372E-03   1.56649319E-03
        4560           1   3.54834992E-05   1.52606843E-03   1.52898137E-03
        4580           1   3.46453962E-05   1.49156491E-03   1.49153906E-03
        4600           1   3.36518169E-05   1.45753333E-03   1.45915314E-03
        4620           1   3.25918154E-05   1.42496987E-03   1.42531213E-03
        4640           1   3.15841789E-05   1.39201735E-03   1.39386125E-03
        4660           1   3.07057417E-05   1.36128545E-03   1.36311876E-03
        4680           1   2.99774256E-05   1.33084157E-03   1.33221992E-03
        4700           1   2.94273523E-05   1.30021176E-03   1.30350632E-03
        4720           1   2.89786058E-05   1.27040641E-03   1.27361051E-03
        4740           1   2.85699825E-05   1.24002830E-03   1.24585431E-03
        4760           1   2.81187804E-05   1.21279981E-03   1.21974875E-03
        4780           1   2.75897219E-05   1.18548307E-03   1.19177019E-03
        4800           1   2.69490556E-05   1.15902070E-03   1.16610283E-03
        4820           1   2.62570247E-05   1.13480026E-03   1.13946106E-03
        4840           1   2.55781524E-05   1.11061870E-03   1.11442024E-03
        4860           1   2.49319601E-05   1.08792749E-03   1.08896056E-03
        4880           1   2.43995455E-05   1.06448960E-03   1.06343057E-03
        4900           1   2.39400979E-05   1.04221236E-03   1.03989744E-03
        4920           1   2.35366169E-05   1.01770624E-03   1.01487932E-03
        4940           1   2.31211125E-05   9.95131209E-04   9.92480665E-04
        4960           1   2.27154815E-05   9.71066882E-04   9.71363625E-04
        4980           1   2.22237322E-05   9.49263282E-04   9.50387563E-04
        5000           1   2.16379176E-05   9.28375521E-04   9.29653295E-04
        5020           1   2.10275939E-05   9.07433860E-04   9.09610593E-04
        5040           1   2.03990512E-05   8.87324510E-04   8.90086405E-04
        5060           1   1.99050664E-05   8.69416923E-04   8.68593634E-04
        5080           1   1.94291461E-05   8.50509910E-04   8.48528289E-04
        5100           1   1.90329811E-05   8.34107981E-04   8.29776109E-04
        5120           1   1.87251153E-05   8.15594161E-04   8.11135513E-04
        5140           1   1.84309538E-05   7.98520283E-04   7.92312552E-04
        5160           1   1.81480336E-05   7.82011834E-04   7.73562060E-04
        5180           1   1.78042574E-05   7.64006807E-04   7.57915259E-04
        5200           1   1.74218330E-05   7.47092185E-04   7.41127005E-04
        5220           1   1.69972027E-05   7.32329092E-04   7.26390048E-04
        5240           1   1.66302416E-05   7.17526418E-04   7.10014545E-04
        5260           1   1.62567849E-05   6.99792581E-04   6.95137191E-04
        5280           1   1.59353058E-05   6.86321058E-04   6.80791389E-04
        5300           1   1.56427959E-05   6.71537418E-04   6.64958789E-04
        5320           1   1.53807814E-05   6.56514778E-04   6.50547503E-04
        5340           1   1.51382692E-05   6.42037834E-04   6.38116791E-04
        5360           1   1.48366216E-05   6.28345879E-04   6.25511399E-04
        5380           1   1.45357799E-05   6.14198856E-04   6.12260075E-04
        5400           1   1.41549035E-05   6.01940963E-04   5.98809158E-04
        5420           1   1.38107589E-05   5.88243944E-04   5.86701441E-04
        5440           1   1.34357897E-05   5.76938037E-04   5.72458317E-04
        5460           1   1.30895651E-05   5.66528761E-04   5.59682376E-04
        5480           1   1.28071606E-05   5.54349041E-04   5.47498174E-04
        5500           1   1.25508868E-05   5.45724528E-04   5.34844468E-04
        5520           1   1.23454147E-05   5.33635030E-04   5.23105380E-04
        5540           1   1.21453531E-05   5.21848560E-04   5.12821076E-04
        5560           1   1.19279794E-05   5.10081183E-04   5.01559756E-04
        5579           1   1.17370300E-05   4.99294605E-04   4.90795413E-04
 Solver: fs        , Convection scheme: uds       
 RE=   1000.00000     , N=          64
 Selected Time scheme:            1
 DT=   7.81250000E-03
 Wall-clock time (s):    32.4874382    
Note: The following floating-point exceptions are signalling: IEEE_UNDERFLOW_FLAG
