 URFU=?
   20       0.01356       0.01629       0.10669
   40       0.01985       0.01768       0.14824
   60       0.01986       0.01246       0.16292
   80       0.01351       0.01028       0.10545
  100       0.00795       0.00843       0.06829
  120       0.00532       0.00714       0.07093
  140       0.00543       0.00691       0.05425
  160       0.00626       0.00509       0.03876
  180       0.00566       0.00231       0.04170
  200       0.00430       0.00395       0.03525
  220       0.00260       0.00382       0.03493
  240       0.00199       0.00336       0.02165
  260       0.00167       0.00223       0.01893
  280       0.00164       0.00114       0.01608
  300       0.00230       0.00149       0.01198
  320       0.00175       0.00171       0.01245
  340       0.00095       0.00099       0.01344
  360       0.00088       0.00104       0.01096
  380       0.00110       0.00122       0.00901
  400       0.00077       0.00078       0.01017
  420       0.00089       0.00060       0.00873
  440       0.00098       0.00081       0.00694
  460       0.00073       0.00057       0.00726
  480       0.00055       0.00057       0.00707
  500       0.00055       0.00075       0.00528
  520       0.00039       0.00053       0.00480
  540       0.00041       0.00023       0.00460
  560       0.00057       0.00039       0.00342
  580       0.00045       0.00038       0.00347
  600       0.00022       0.00027       0.00376
  620       0.00026       0.00035       0.00291
  640       0.00026       0.00033       0.00258
  660       0.00020       0.00018       0.00270
  680       0.00029       0.00019       0.00219
  700       0.00027       0.00023       0.00181
  720       0.00016       0.00015       0.00197
  740       0.00015       0.00017       0.00174
  760       0.00016       0.00020       0.00135
  780       0.00010       0.00013       0.00143
  800       0.00013       0.00007       0.00129
  820       0.00016       0.00012       0.00099
  840       0.00011       0.00009       0.00105
  860       0.00007       0.00008       0.00106
  880       0.00008       0.00011       0.00081
  900       0.00007       0.00009       0.00074
  920       0.00006       0.00004       0.00075
  940       0.00009       0.00006       0.00058
  960       0.00007       0.00006       0.00052
  980       0.00004       0.00004       0.00058
 1000       0.00004       0.00005       0.00047
 1020       0.00004       0.00006       0.00039
 1040       0.00003       0.00003       0.00042
 1060       0.00004       0.00003       0.00035
 1080       0.00004       0.00004       0.00028
 1100       0.00003       0.00002       0.00031
 1120       0.00002       0.00002       0.00029
 1140       0.00002       0.00003       0.00022
 1160       0.00002       0.00002       0.00022
 1180       0.00002       0.00001       0.00021
 1200       0.00003       0.00002       0.00016
 1220       0.00002       0.00002       0.00016
 1240       0.00001       0.00001       0.00017
 1260       0.00001       0.00002       0.00013
 1280       0.00001       0.00001       0.00011
 1300       0.00001       0.00001       0.00012
 1317       0.00001       0.00001       0.00010
 Solver: simple    , Convection scheme: uds       
 RE=   1000.00000     , N=          64
 URFU=  0.500000000     , URFP=  0.300000012    
 Wall-clock time (s):    3.66741300    
Note: The following floating-point exceptions are signalling: IEEE_DIVIDE_BY_ZERO IEEE_UNDERFLOW_FLAG
