 DT=?
          20          15   9.99597978E-05  0.255064458      0.101465411    
          40           3   9.98476098E-05  0.217964351       9.38885510E-02
          60           3   9.99923068E-05  0.194480389       8.27787593E-02
          80           5   9.99640033E-05  0.173908114       7.79885873E-02
         100          10   9.99031545E-05  0.156414807       6.90392777E-02
         120           6   9.99844342E-05  0.140096158       6.51336834E-02
         140           6   9.98881951E-05  0.125444219       5.98931499E-02
         160           6   9.97769530E-05  0.113751307       5.63558191E-02
         180           5   9.99867480E-05  0.104667224       5.34404516E-02
         200           2   9.99455951E-05   9.64708328E-02   5.04092574E-02
         220           3   9.97492461E-05   8.85690302E-02   4.84031439E-02
         240           2   9.95945593E-05   8.14080834E-02   4.64345030E-02
         260           4   9.96377858E-05   7.50283077E-02   4.46133688E-02
         280           4   9.97302050E-05   6.97813705E-02   4.32541035E-02
         300           8   9.97441239E-05   6.54248446E-02   4.18476090E-02
         320           4   9.98579053E-05   6.15807064E-02   4.05305512E-02
         340           5   9.98703035E-05   5.78079484E-02   3.94028313E-02
         360           4   9.96923482E-05   5.45098782E-02   3.83712351E-02
         380           4   9.96622184E-05   5.20237349E-02   3.73764224E-02
         400           4   9.96680683E-05   4.97693382E-02   3.64994034E-02
         420           2   9.98909454E-05   4.77694571E-02   3.56403030E-02
         440           2   9.99940021E-05   4.57051583E-02   3.49935181E-02
         460           1   9.99033364E-05   4.40520085E-02   3.44698690E-02
         480           1   9.93510985E-05   4.28068936E-02   3.40341516E-02
         500           4   9.97416646E-05   4.16019075E-02   3.36184911E-02
         520           3   9.98358810E-05   4.04483043E-02   3.32011431E-02
         540           3   9.97553652E-05   3.92971151E-02   3.28004062E-02
         560           4   9.95150476E-05   3.83233130E-02   3.24406140E-02
         580           1   9.98085234E-05   3.76650803E-02   3.20351273E-02
         600           1   9.99932381E-05   3.70083749E-02   3.17070223E-02
         620           1   9.92481582E-05   3.63523774E-02   3.13804746E-02
         640           2   9.95870214E-05   3.57008949E-02   3.10933236E-02
         660           3   9.98675532E-05   3.51440534E-02   3.08517385E-02
         680           1   9.97058087E-05   3.46683189E-02   3.06059122E-02
         700           1   9.99320473E-05   3.43010649E-02   3.03716976E-02
         720           1   9.96555245E-05   3.39466296E-02   3.01433802E-02
         740           1   9.90063782E-05   3.35736312E-02   2.99039539E-02
         760           2   9.93903814E-05   3.31759080E-02   2.96768919E-02
         780           1   9.88258616E-05   3.28306854E-02   2.94554774E-02
         800           1   9.96282979E-05   3.25318724E-02   2.92238370E-02
         820           2   9.99151598E-05   3.22680995E-02   2.90369969E-02
         840           2   9.97602547E-05   3.20471339E-02   2.88461484E-02
         860           1   9.91105917E-05   3.18024084E-02   2.86530722E-02
         880           2   9.97856259E-05   3.15340832E-02   2.84833368E-02
         900           3   9.94861330E-05   3.12663019E-02   2.83122510E-02
         920           2   9.94831789E-05   3.10503375E-02   2.81250570E-02
         940           1   9.94899165E-05   3.08410134E-02   2.79467348E-02
         960           1   9.99458280E-05   3.06389667E-02   2.77793780E-02
         980           3   9.96642993E-05   3.04588675E-02   2.76389699E-02
        1000           2   9.94818256E-05   3.02800685E-02   2.74732821E-02
        1020           2   9.94134753E-05   3.00864801E-02   2.73048859E-02
        1040           1   9.98757896E-05   2.98871156E-02   2.71254648E-02
        1060           1   9.92993519E-05   2.97135916E-02   2.69563962E-02
        1080           2   9.93767098E-05   2.95433402E-02   2.68328339E-02
        1100           1   9.94053335E-05   2.93804202E-02   2.66913250E-02
        1120           2   9.99368131E-05   2.92122699E-02   2.65705064E-02
        1140           2   9.98931646E-05   2.90516708E-02   2.64268629E-02
        1160           1   9.93698632E-05   2.89085936E-02   2.62844842E-02
        1180           1   9.93303111E-05   2.87566297E-02   2.61498224E-02
        1200           1   9.97044990E-05   2.85958443E-02   2.60004103E-02
        1220           1   9.96566087E-05   2.84494106E-02   2.58482881E-02
        1240           1   9.96765593E-05   2.83063110E-02   2.57134810E-02
        1260           1   9.95959635E-05   2.81610526E-02   2.55916677E-02
        1280           2   9.96234594E-05   2.80171819E-02   2.54731216E-02
        1300           1   9.95973460E-05   2.78773177E-02   2.53443122E-02
        1320           1   9.97580646E-05   2.77318098E-02   2.52259560E-02
        1340           1   9.94146540E-05   2.75822822E-02   2.51032840E-02
        1360           1   9.92258720E-05   2.74340268E-02   2.49828864E-02
        1380           1   9.97523748E-05   2.72944421E-02   2.48443838E-02
        1400           2   9.95766604E-05   2.71627214E-02   2.47209799E-02
        1420           2   9.96609233E-05   2.70364936E-02   2.45829485E-02
        1440           2   9.96107774E-05   2.69080531E-02   2.44582109E-02
        1460           1   9.97112074E-05   2.67845728E-02   2.43322756E-02
        1480           1   9.95640730E-05   2.66460050E-02   2.42249649E-02
        1500           1   9.99722761E-05   2.65099220E-02   2.41022762E-02
        1520           2   9.96804010E-05   2.63674092E-02   2.39973627E-02
        1540           1   9.92156929E-05   2.62257326E-02   2.38792039E-02
        1560           2   9.94515867E-05   2.60804538E-02   2.37566717E-02
        1580           1   9.94034417E-05   2.59489529E-02   2.36256607E-02
        1600           1   9.88989486E-05   2.58238707E-02   2.35143192E-02
        1620           1   9.96297022E-05   2.57031154E-02   2.33938061E-02
        1640           2   9.96895687E-05   2.55757011E-02   2.32951157E-02
        1660           1   9.88789034E-05   2.54543182E-02   2.31879130E-02
        1680           1   9.89430046E-05   2.53324583E-02   2.30792947E-02
        1700           2   9.94694856E-05   2.52040997E-02   2.29735114E-02
        1720           1   9.89903710E-05   2.50804611E-02   2.28497125E-02
        1740           1   9.91116467E-05   2.49413978E-02   2.27454938E-02
        1760           1   9.84344879E-05   2.48087589E-02   2.26256773E-02
        1780           1   9.87618769E-05   2.46725064E-02   2.25064363E-02
        1800           1   9.91096167E-05   2.45451070E-02   2.23874971E-02
        1820           1   9.90106273E-05   2.44191661E-02   2.22700499E-02
        1840           1   9.86493033E-05   2.43008267E-02   2.21599471E-02
        1860           1   9.78869502E-05   2.41795182E-02   2.20538825E-02
        1880           1   9.80110053E-05   2.40590684E-02   2.19573937E-02
        1900           1   9.83654027E-05   2.39428468E-02   2.18438916E-02
        1920           1   9.67050728E-05   2.38174628E-02   2.17495877E-02
        1940           1   9.77289747E-05   2.37042196E-02   2.16329657E-02
        1960           1   9.98019750E-05   2.35787220E-02   2.15312615E-02
        1980           1   9.94864386E-05   2.34551020E-02   2.14200839E-02
        2000           1   9.77494128E-05   2.33265422E-02   2.13163011E-02
        2020           1   9.52046612E-05   2.31932923E-02   2.12113559E-02
        2040           1   9.52035989E-05   2.30731368E-02   2.11017579E-02
        2060           1   9.60842226E-05   2.29522176E-02   2.09918842E-02
        2080           1   9.58788660E-05   2.28356421E-02   2.08839737E-02
        2100           1   9.44073399E-05   2.27201134E-02   2.07772329E-02
        2120           1   9.24725391E-05   2.26051584E-02   2.06696205E-02
        2140           1   9.18209698E-05   2.24855747E-02   2.05628965E-02
        2160           1   9.23464759E-05   2.23658737E-02   2.04598643E-02
        2180           1   9.22375330E-05   2.22445913E-02   2.03547273E-02
        2200           1   9.13590411E-05   2.21203342E-02   2.02530921E-02
        2220           1   9.01629683E-05   2.19987296E-02   2.01490484E-02
        2240           1   8.95543708E-05   2.18762532E-02   2.00452413E-02
        2260           1   8.93471879E-05   2.17519160E-02   1.99436117E-02
        2280           1   8.90113442E-05   2.16235518E-02   1.98429506E-02
        2300           1   8.83768080E-05   2.15014331E-02   1.97419301E-02
        2320           1   8.74303951E-05   2.13809237E-02   1.96402557E-02
        2340           1   8.64803515E-05   2.12614797E-02   1.95364691E-02
        2360           1   8.59391148E-05   2.11477652E-02   1.94310807E-02
        2380           1   8.57144914E-05   2.10322812E-02   1.93261728E-02
        2400           1   8.55162070E-05   2.09136717E-02   1.92242377E-02
        2420           1   8.49498392E-05   2.07966082E-02   1.91236995E-02
        2440           1   8.41972942E-05   2.06787474E-02   1.90231577E-02
        2460           1   8.34245147E-05   2.05602571E-02   1.89231932E-02
        2480           1   8.30020144E-05   2.04406809E-02   1.88240707E-02
        2500           1   8.27374824E-05   2.03202553E-02   1.87247209E-02
        2520           1   8.21741633E-05   2.01987289E-02   1.86264627E-02
        2540           1   8.12700091E-05   2.00770162E-02   1.85286589E-02
        2560           1   8.04500014E-05   1.99541077E-02   1.84311513E-02
        2580           1   8.00628695E-05   1.98294111E-02   1.83329675E-02
        2600           1   7.98779874E-05   1.97085217E-02   1.82358399E-02
        2620           1   7.94632288E-05   1.95882879E-02   1.81388147E-02
        2640           1   7.87276294E-05   1.94699783E-02   1.80386938E-02
        2660           1   7.80199407E-05   1.93531215E-02   1.79397538E-02
        2680           1   7.76025481E-05   1.92354023E-02   1.78406015E-02
        2700           1   7.72924104E-05   1.91179439E-02   1.77425928E-02
        2720           1   7.68248501E-05   1.89987272E-02   1.76458079E-02
        2740           1   7.61098272E-05   1.88776273E-02   1.75507776E-02
        2760           1   7.53774802E-05   1.87565200E-02   1.74555965E-02
        2780           1   7.48856983E-05   1.86377317E-02   1.73581056E-02
        2800           1   7.45385332E-05   1.85186863E-02   1.72617212E-02
        2820           1   7.41389085E-05   1.83985047E-02   1.71652120E-02
        2840           1   7.36202346E-05   1.82778537E-02   1.70701891E-02
        2860           1   7.30442480E-05   1.81543417E-02   1.69764943E-02
        2880           1   7.25352656E-05   1.80328600E-02   1.68821234E-02
        2900           1   7.20664830E-05   1.79103203E-02   1.67893935E-02
        2920           1   7.16242648E-05   1.77881103E-02   1.66941639E-02
        2940           1   7.10541935E-05   1.76675133E-02   1.66016594E-02
        2960           1   7.04827544E-05   1.75480545E-02   1.65079981E-02
        2980           1   6.99556040E-05   1.74298100E-02   1.64127871E-02
        3000           1   6.95415729E-05   1.73105225E-02   1.63168535E-02
        3020           1   6.91494060E-05   1.71920247E-02   1.62234325E-02
        3040           1   6.87128995E-05   1.70743838E-02   1.61312819E-02
        3060           1   6.81851816E-05   1.69560574E-02   1.60380546E-02
        3080           1   6.76340496E-05   1.68376602E-02   1.59440674E-02
        3100           1   6.71862945E-05   1.67195350E-02   1.58511586E-02
        3120           1   6.67001950E-05   1.66031346E-02   1.57592911E-02
        3140           1   6.62777238E-05   1.64850205E-02   1.56682283E-02
        3160           1   6.57725104E-05   1.63664594E-02   1.55781573E-02
        3180           1   6.52012022E-05   1.62464641E-02   1.54891526E-02
        3200           1   6.47438865E-05   1.61266811E-02   1.53986011E-02
        3220           1   6.42896121E-05   1.60079263E-02   1.53091773E-02
        3240           1   6.38916026E-05   1.58895962E-02   1.52188614E-02
        3260           1   6.34281314E-05   1.57715715E-02   1.51289552E-02
        3280           1   6.29383576E-05   1.56522896E-02   1.50387045E-02
        3300           1   6.25144603E-05   1.55332210E-02   1.49503434E-02
        3320           1   6.20811697E-05   1.54155940E-02   1.48610016E-02
        3340           1   6.15794197E-05   1.52975228E-02   1.47732990E-02
        3360           1   6.10923598E-05   1.51804890E-02   1.46844834E-02
        3380           1   6.06043795E-05   1.50649836E-02   1.45951137E-02
        3400           1   6.01528482E-05   1.49515802E-02   1.45042930E-02
        3420           1   5.96752798E-05   1.48376580E-02   1.44136548E-02
        3440           1   5.92869001E-05   1.47244586E-02   1.43250022E-02
        3460           1   5.88609219E-05   1.46093266E-02   1.42377689E-02
        3480           1   5.84254194E-05   1.44950831E-02   1.41499303E-02
        3500           1   5.79719199E-05   1.43804634E-02   1.40608689E-02
        3520           1   5.74986479E-05   1.42672844E-02   1.39699792E-02
        3540           1   5.70545562E-05   1.41537953E-02   1.38802882E-02
        3560           1   5.66250965E-05   1.40416827E-02   1.37893120E-02
        3580           1   5.61839115E-05   1.39279272E-02   1.37005076E-02
        3600           1   5.57393978E-05   1.38158025E-02   1.36129661E-02
        3620           1   5.53212922E-05   1.37033649E-02   1.35264276E-02
        3640           1   5.49235228E-05   1.35911293E-02   1.34401433E-02
        3660           1   5.44594586E-05   1.34789031E-02   1.33536374E-02
        3680           1   5.40159126E-05   1.33677702E-02   1.32673560E-02
        3700           1   5.36008047E-05   1.32557135E-02   1.31805399E-02
        3720           1   5.31705336E-05   1.31446263E-02   1.30928224E-02
        3740           1   5.27538068E-05   1.30336154E-02   1.30058425E-02
        3760           1   5.23340968E-05   1.29227499E-02   1.29194828E-02
        3780           1   5.19014357E-05   1.28122969E-02   1.28335720E-02
        3800           1   5.14575295E-05   1.27044581E-02   1.27493571E-02
        3820           1   5.10378413E-05   1.25965150E-02   1.26626920E-02
        3840           1   5.06095603E-05   1.24891028E-02   1.25775235E-02
        3860           1   5.01904033E-05   1.23828333E-02   1.24904038E-02
        3880           1   4.97968867E-05   1.22772316E-02   1.24037080E-02
        3900           1   4.93783227E-05   1.21720750E-02   1.23162502E-02
        3920           1   4.89858830E-05   1.20659666E-02   1.22285094E-02
        3940           1   4.85810851E-05   1.19612198E-02   1.21424682E-02
        3960           1   4.81267962E-05   1.18562235E-02   1.20563330E-02
        3980           1   4.77516842E-05   1.17513873E-02   1.19700273E-02
        4000           1   4.73042674E-05   1.16479760E-02   1.18837906E-02
        4020           1   4.68934522E-05   1.15452744E-02   1.17973881E-02
        4040           1   4.64889381E-05   1.14436168E-02   1.17099825E-02
        4060           1   4.61179879E-05   1.13405781E-02   1.16234990E-02
        4080           1   4.57432652E-05   1.12389773E-02   1.15363980E-02
        4100           1   4.53579378E-05   1.11365970E-02   1.14495168E-02
        4120           1   4.49661638E-05   1.10364575E-02   1.13621121E-02
        4140           1   4.45386759E-05   1.09357312E-02   1.12751517E-02
        4160           1   4.41434422E-05   1.08360723E-02   1.11872256E-02
        4180           1   4.37832095E-05   1.07367355E-02   1.11003090E-02
        4200           1   4.34200556E-05   1.06376652E-02   1.10146869E-02
        4220           1   4.30197179E-05   1.05387773E-02   1.09300725E-02
        4240           1   4.26400948E-05   1.04397684E-02   1.08454125E-02
        4260           1   4.22539815E-05   1.03410594E-02   1.07613932E-02
        4280           1   4.18914824E-05   1.02441180E-02   1.06769959E-02
        4300           1   4.14707101E-05   1.01477513E-02   1.05925556E-02
        4320           1   4.11291512E-05   1.00520756E-02   1.05072400E-02
        4340           1   4.07828484E-05   9.95628349E-03   1.04239956E-02
        4360           1   4.04270359E-05   9.85997356E-03   1.03395125E-02
        4380           1   3.99997152E-05   9.76469740E-03   1.02570904E-02
        4400           1   3.96560717E-05   9.66985989E-03   1.01737166E-02
        4420           1   3.92634356E-05   9.57560632E-03   1.00908931E-02
        4440           1   3.89157467E-05   9.48256440E-03   1.00081461E-02
        4460           1   3.85586245E-05   9.39054042E-03   9.92536265E-03
        4480           1   3.82128346E-05   9.29873157E-03   9.84216668E-03
        4500           1   3.78417608E-05   9.20678303E-03   9.75929573E-03
        4520           1   3.75092895E-05   9.11612157E-03   9.67705809E-03
        4540           1   3.71538335E-05   9.02554393E-03   9.59505048E-03
        4560           1   3.68288565E-05   8.93683918E-03   9.51326452E-03
        4580           1   3.64571060E-05   8.84840824E-03   9.43120569E-03
        4600           1   3.60615340E-05   8.76037590E-03   9.34938062E-03
        4620           1   3.57552926E-05   8.67306348E-03   9.26802773E-03
        4640           1   3.54290059E-05   8.58653709E-03   9.18635167E-03
        4660           1   3.51052731E-05   8.50068219E-03   9.10640042E-03
        4680           1   3.47482637E-05   8.41484126E-03   9.02616791E-03
        4700           1   3.43795436E-05   8.32984410E-03   8.94596148E-03
        4720           1   3.40645020E-05   8.24582297E-03   8.86558928E-03
        4740           1   3.37363381E-05   8.16342421E-03   8.78532417E-03
        4760           1   3.34320102E-05   8.08108691E-03   8.70565604E-03
        4780           1   3.30849398E-05   7.99909513E-03   8.62741936E-03
        4800           1   3.27567541E-05   7.91725889E-03   8.54843203E-03
        4820           1   3.24446592E-05   7.83680007E-03   8.46859906E-03
        4840           1   3.21276384E-05   7.75587140E-03   8.39065108E-03
        4860           1   3.18332568E-05   7.67714996E-03   8.31239019E-03
        4880           1   3.15040852E-05   7.59777753E-03   8.23474489E-03
        4900           1   3.12010052E-05   7.51910778E-03   8.15674476E-03
        4920           1   3.08845811E-05   7.44099217E-03   8.07924755E-03
        4940           1   3.05777394E-05   7.36381719E-03   8.00300296E-03
        4960           1   3.02890076E-05   7.28704222E-03   7.92653207E-03
        4980           1   2.99998701E-05   7.21045583E-03   7.85133988E-03
        5000           1   2.97085717E-05   7.13556027E-03   7.77576538E-03
        5020           1   2.93883641E-05   7.06051476E-03   7.70025002E-03
        5040           1   2.90826629E-05   6.98613189E-03   7.62550673E-03
        5060           1   2.88028023E-05   6.91278977E-03   7.55221210E-03
        5080           1   2.85141687E-05   6.83933683E-03   7.47814076E-03
        5100           1   2.82493384E-05   6.76755700E-03   7.40507757E-03
        5120           1   2.79496198E-05   6.69584004E-03   7.33295083E-03
        5140           1   2.76741703E-05   6.62376825E-03   7.26056984E-03
        5160           1   2.74006597E-05   6.55416446E-03   7.18880491E-03
        5180           1   2.71315112E-05   6.48355484E-03   7.11666560E-03
        5200           1   2.68514887E-05   6.41458761E-03   7.04686902E-03
        5220           1   2.65635608E-05   6.34597801E-03   6.97564567E-03
        5240           1   2.63170987E-05   6.27776422E-03   6.90520136E-03
        5260           1   2.60378511E-05   6.21103030E-03   6.83634076E-03
        5280           1   2.57622160E-05   6.14376646E-03   6.76609296E-03
        5300           1   2.55202322E-05   6.07748423E-03   6.69807708E-03
        5320           1   2.52737082E-05   6.01229770E-03   6.62994618E-03
        5340           1   2.49775403E-05   5.94764762E-03   6.56181434E-03
        5360           1   2.47392818E-05   5.88366156E-03   6.49372861E-03
        5380           1   2.44886287E-05   5.82051929E-03   6.42683730E-03
        5400           1   2.42491515E-05   5.75693604E-03   6.36092713E-03
        5420           1   2.40264271E-05   5.69450296E-03   6.29452476E-03
        5440           1   2.37758995E-05   5.63238747E-03   6.22852473E-03
        5460           1   2.35258885E-05   5.57095651E-03   6.16355939E-03
        5480           1   2.32847706E-05   5.51128387E-03   6.09841011E-03
        5500           1   2.30327769E-05   5.45045082E-03   6.03421731E-03
        5520           1   2.28352474E-05   5.39151765E-03   5.97013393E-03
        5540           1   2.25772437E-05   5.33322711E-03   5.90678025E-03
        5560           1   2.23583411E-05   5.27519267E-03   5.84442168E-03
        5580           1   2.21154405E-05   5.21754427E-03   5.78171294E-03
        5600           1   2.19256472E-05   5.16114663E-03   5.72032761E-03
        5620           1   2.16749468E-05   5.10398950E-03   5.65856695E-03
        5640           1   2.14358115E-05   5.04864659E-03   5.59782656E-03
        5660           1   2.12787927E-05   4.99358121E-03   5.53733436E-03
        5680           1   2.10338367E-05   4.93926462E-03   5.47742611E-03
        5700           1   2.08126166E-05   4.88495547E-03   5.41851111E-03
        5720           1   2.06124441E-05   4.83227149E-03   5.35916071E-03
        5740           1   2.04240278E-05   4.77936119E-03   5.30168647E-03
        5760           1   2.01832572E-05   4.72717173E-03   5.24379127E-03
        5780           1   2.00031991E-05   4.67455760E-03   5.18605905E-03
        5800           1   1.98037869E-05   4.62355651E-03   5.12940483E-03
        5820           1   1.95815046E-05   4.57281666E-03   5.07196318E-03
        5840           1   1.94078311E-05   4.52275341E-03   5.01634367E-03
        5860           1   1.91874351E-05   4.47352510E-03   4.96170344E-03
        5880           1   1.90083701E-05   4.42355452E-03   4.90637682E-03
        5900           1   1.88331414E-05   4.37433505E-03   4.85248631E-03
        5920           1   1.86330399E-05   4.32606786E-03   4.79885330E-03
        5940           1   1.84591845E-05   4.27929126E-03   4.74531669E-03
        5960           1   1.82737240E-05   4.23200615E-03   4.69194725E-03
        5980           1   1.80595453E-05   4.18551313E-03   4.63925628E-03
        6000           1   1.79195049E-05   4.13879100E-03   4.58729174E-03
        6020           1   1.77576912E-05   4.09273291E-03   4.53645224E-03
        6040           1   1.75569312E-05   4.04819427E-03   4.48518805E-03
        6060           1   1.73448607E-05   4.00352478E-03   4.43466613E-03
        6080           1   1.71935062E-05   3.95885576E-03   4.38493444E-03
        6100           1   1.70530402E-05   3.91572900E-03   4.33565024E-03
        6120           1   1.68840779E-05   3.87218688E-03   4.28688666E-03
        6140           1   1.66913142E-05   3.82915046E-03   4.23858920E-03
        6160           1   1.65001893E-05   3.78685398E-03   4.19094181E-03
        6180           1   1.63489131E-05   3.74446530E-03   4.14381921E-03
        6200           1   1.62313936E-05   3.70285055E-03   4.09740815E-03
        6220           1   1.60772925E-05   3.66224931E-03   4.05043783E-03
        6240           1   1.59127176E-05   3.62052931E-03   4.00521932E-03
        6260           1   1.57452723E-05   3.58118373E-03   3.95980338E-03
        6280           1   1.55820308E-05   3.54121742E-03   3.91468219E-03
        6300           1   1.54496702E-05   3.50132212E-03   3.87048535E-03
        6320           1   1.53157744E-05   3.46279144E-03   3.82649992E-03
        6340           1   1.51553340E-05   3.42439953E-03   3.78325023E-03
        6360           1   1.50251244E-05   3.38534871E-03   3.74062243E-03
        6380           1   1.48218805E-05   3.34762968E-03   3.69740324E-03
        6400           1   1.47398514E-05   3.31047107E-03   3.65644135E-03
        6420           1   1.46262946E-05   3.27373086E-03   3.61450086E-03
        6440           1   1.44583973E-05   3.23801651E-03   3.57327913E-03
        6460           1   1.42997505E-05   3.20112985E-03   3.53226997E-03
        6480           1   1.41720548E-05   3.16541363E-03   3.49194463E-03
        6500           1   1.40389084E-05   3.12997401E-03   3.45220277E-03
        6520           1   1.39046060E-05   3.09570250E-03   3.41249048E-03
        6540           1   1.37738461E-05   3.05975717E-03   3.37491906E-03
        6560           1   1.36437029E-05   3.02598253E-03   3.33657768E-03
        6580           1   1.34855800E-05   2.99263024E-03   3.29775154E-03
        6600           1   1.33789181E-05   2.95942766E-03   3.26022785E-03
        6620           1   1.32686582E-05   2.92665651E-03   3.22309649E-03
        6640           1   1.31622255E-05   2.89337570E-03   3.18607455E-03
        6660           1   1.30184144E-05   2.86187674E-03   3.15015740E-03
        6680           1   1.29152477E-05   2.83024507E-03   3.11370450E-03
        6700           1   1.27521889E-05   2.79869395E-03   3.07885790E-03
        6720           1   1.26519835E-05   2.76706577E-03   3.04331654E-03
        6740           1   1.25246170E-05   2.73598079E-03   3.00772255E-03
        6760           1   1.24212374E-05   2.70662038E-03   2.97323451E-03
        6780           1   1.22695619E-05   2.67640408E-03   2.93974089E-03
        6800           1   1.21930934E-05   2.64671771E-03   2.90661934E-03
        6820           1   1.20790864E-05   2.61778431E-03   2.87335552E-03
        6840           1   1.19607839E-05   2.58799503E-03   2.84031546E-03
        6860           1   1.18145645E-05   2.55914405E-03   2.80815735E-03
        6880           1   1.17245581E-05   2.53111962E-03   2.77598808E-03
        6900           1   1.16027295E-05   2.50307703E-03   2.74434546E-03
        6920           1   1.15000903E-05   2.47487845E-03   2.71233497E-03
        6940           1   1.13717915E-05   2.44819326E-03   2.68141320E-03
        6960           1   1.12648140E-05   2.42079818E-03   2.65182788E-03
        6980           1   1.11353484E-05   2.39370205E-03   2.62153312E-03
        7000           1   1.10889077E-05   2.36742385E-03   2.59143952E-03
        7020           1   1.09450857E-05   2.34087580E-03   2.56156176E-03
        7040           1   1.08441800E-05   2.31563626E-03   2.53190403E-03
        7060           1   1.07318519E-05   2.28982791E-03   2.50360626E-03
        7080           1   1.06138823E-05   2.26404332E-03   2.47529289E-03
        7100           1   1.05407444E-05   2.23809760E-03   2.44675344E-03
        7120           1   1.04055525E-05   2.21409509E-03   2.41964217E-03
        7140           1   1.03030088E-05   2.18889490E-03   2.39174790E-03
        7160           1   1.02285476E-05   2.16521998E-03   2.36346619E-03
        7180           1   1.01352307E-05   2.14170804E-03   2.33678659E-03
        7200           1   1.00477801E-05   2.11747177E-03   2.31078779E-03
        7220           1   9.92163859E-06   2.09462410E-03   2.28434568E-03
        7240           1   9.82466190E-06   2.07084930E-03   2.25839717E-03
        7260           1   9.70824658E-06   2.04789382E-03   2.23265495E-03
        7280           1   9.65134586E-06   2.02577235E-03   2.20744475E-03
        7300           1   9.57315660E-06   2.00269860E-03   2.18299078E-03
        7320           1   9.42531096E-06   1.98083580E-03   2.15725857E-03
        7340           1   9.34665968E-06   1.95892178E-03   2.13282416E-03
        7360           1   9.22623167E-06   1.93682197E-03   2.10896041E-03
        7380           1   9.17608668E-06   1.91567792E-03   2.08455161E-03
        7400           1   9.05990964E-06   1.89431151E-03   2.06131348E-03
        7420           1   8.98304643E-06   1.87333988E-03   2.03777710E-03
        7440           1   8.91269701E-06   1.85243448E-03   2.01508543E-03
        7460           1   8.80666448E-06   1.83273340E-03   1.99207291E-03
        7480           1   8.67485687E-06   1.81170425E-03   1.96903828E-03
        7500           1   8.63169680E-06   1.79169630E-03   1.94760785E-03
        7520           1   8.55956387E-06   1.77307730E-03   1.92510406E-03
        7540           1   8.46150033E-06   1.75182358E-03   1.90375757E-03
        7560           1   8.35936680E-06   1.73297781E-03   1.88139942E-03
        7580           1   8.24877952E-06   1.71422539E-03   1.86036644E-03
        7600           1   8.20284185E-06   1.69515004E-03   1.83978409E-03
        7620           1   8.12207691E-06   1.67608215E-03   1.81843503E-03
        7640           1   8.06945536E-06   1.65767991E-03   1.79878820E-03
        7660           1   7.94653351E-06   1.63865101E-03   1.77861471E-03
        7680           1   7.85606971E-06   1.62093272E-03   1.75834261E-03
        7700           1   7.77770401E-06   1.60300895E-03   1.73829799E-03
        7720           1   7.74092587E-06   1.58506632E-03   1.71928108E-03
        7740           1   7.68338941E-06   1.56726816E-03   1.69987977E-03
        7760           1   7.58663873E-06   1.55055278E-03   1.67992781E-03
        7780           1   7.46827573E-06   1.53274718E-03   1.66197983E-03
        7800           1   7.40465157E-06   1.51572982E-03   1.64275954E-03
        7820           1   7.31766795E-06   1.49875891E-03   1.62474194E-03
        7840           1   7.25901782E-06   1.48240302E-03   1.60655181E-03
        7860           1   7.23165567E-06   1.46604900E-03   1.58829696E-03
        7880           1   7.12913061E-06   1.44939148E-03   1.56959752E-03
        7900           1   6.99464408E-06   1.43345958E-03   1.55288097E-03
        7920           1   6.96074767E-06   1.41705025E-03   1.53562496E-03
        7940           1   6.91022433E-06   1.40113360E-03   1.51824916E-03
        7960           1   6.86822750E-06   1.38608459E-03   1.50178722E-03
        7980           1   6.79400955E-06   1.37065060E-03   1.48447743E-03
        8000           1   6.68775328E-06   1.35477947E-03   1.46720733E-03
        8020           1   6.58919180E-06   1.34066364E-03   1.45061780E-03
        8040           1   6.54470341E-06   1.32502080E-03   1.43491779E-03
        8060           1   6.55574968E-06   1.31055864E-03   1.41859998E-03
        8080           1   6.46620083E-06   1.29635388E-03   1.40280346E-03
        8100           1   6.38338861E-06   1.28095923E-03   1.38784829E-03
        8120           1   6.26175188E-06   1.26681302E-03   1.37176190E-03
        8140           1   6.20529681E-06   1.25291187E-03   1.35609263E-03
        8160           1   6.20332548E-06   1.23982038E-03   1.34073058E-03
        8180           1   6.17260548E-06   1.22485054E-03   1.32621115E-03
        8200           1   6.08934761E-06   1.21152692E-03   1.31126971E-03
        8220           1   5.96629752E-06   1.19752693E-03   1.29687088E-03
        8240           1   5.89432693E-06   1.18375197E-03   1.28272001E-03
        8260           1   5.87539989E-06   1.17115048E-03   1.26820221E-03
        8280           1   5.84395184E-06   1.15805375E-03   1.25355157E-03
        8300           1   5.75405966E-06   1.14501663E-03   1.24002597E-03
        8320           1   5.69531358E-06   1.13235600E-03   1.22576929E-03
        8340           1   5.64999345E-06   1.11986976E-03   1.21220190E-03
        8360           1   5.59683394E-06   1.10702368E-03   1.19845557E-03
        8380           1   5.54217331E-06   1.09417876E-03   1.18506700E-03
        8400           1   5.45993544E-06   1.08184852E-03   1.17312197E-03
        8420           1   5.42305770E-06   1.07004412E-03   1.15959556E-03
        8440           1   5.38514678E-06   1.05825788E-03   1.14577776E-03
        8460           1   5.29865792E-06   1.04627362E-03   1.13253435E-03
        8480           1   5.22419305E-06   1.03408936E-03   1.11988874E-03
        8500           1   5.20023968E-06   1.02267368E-03   1.10792555E-03
        8520           1   5.14680596E-06   1.01101736E-03   1.09541672E-03
        8540           1   5.09256279E-06   9.99334501E-04   1.08372269E-03
        8560           1   5.03873571E-06   9.87729756E-04   1.07148953E-03
        8580           1   4.95091581E-06   9.77162039E-04   1.05930469E-03
        8600           1   4.94433152E-06   9.66357067E-04   1.04671391E-03
        8620           1   4.93788366E-06   9.55504482E-04   1.03508530E-03
        8640           1   4.84370003E-06   9.44748288E-04   1.02325541E-03
        8660           1   4.78501261E-06   9.34227312E-04   1.01299072E-03
        8680           1   4.74912713E-06   9.23906046E-04   1.00196199E-03
        8700           1   4.72249212E-06   9.13201016E-04   9.90566448E-04
        8720           1   4.64875893E-06   9.02417290E-04   9.78787430E-04
        8740           1   4.58530076E-06   8.92294047E-04   9.67790140E-04
        8760           1   4.53303255E-06   8.83443165E-04   9.57130513E-04
        8780           1   4.51033384E-06   8.73294892E-04   9.46300628E-04
        8800           1   4.46364174E-06   8.63088935E-04   9.35602293E-04
        8820           1   4.46499143E-06   8.52820114E-04   9.25482251E-04
        8840           1   4.41469501E-06   8.43275571E-04   9.15097015E-04
        8860           1   4.32709840E-06   8.34334467E-04   9.05423716E-04
        8880           1   4.26794941E-06   8.25440453E-04   8.94504949E-04
        8900           1   4.26614497E-06   8.15802487E-04   8.84652894E-04
        8920           1   4.19724984E-06   8.06828786E-04   8.74770398E-04
        8940           1   4.18091440E-06   7.97534944E-04   8.64577014E-04
        8960           1   4.12173722E-06   7.88798847E-04   8.55646387E-04
        8980           1   4.06732670E-06   7.79382768E-04   8.45523493E-04
        9000           1   4.03096237E-06   7.70162034E-04   8.35851766E-04
        9020           1   4.01753960E-06   7.62655109E-04   8.27322481E-04
        9040           1   3.96303221E-06   7.53997476E-04   8.17672058E-04
        9060           1   3.95499410E-06   7.45802245E-04   8.08107900E-04
        9080           1   3.86515285E-06   7.37308525E-04   7.99500267E-04
        9100           1   3.84542000E-06   7.28486397E-04   7.90258637E-04
        9120           1   3.80965139E-06   7.20369164E-04   7.81643612E-04
        9140           1   3.76995763E-06   7.12363864E-04   7.72710424E-04
        9160           1   3.73822218E-06   7.04692444E-04   7.64280616E-04
        9180           1   3.69720806E-06   6.96678995E-04   7.55130081E-04
        9200           1   3.70915200E-06   6.89477602E-04   7.47186074E-04
        9220           1   3.61359298E-06   6.81214675E-04   7.38645438E-04
        9240           1   3.53953510E-06   6.73259899E-04   7.30500906E-04
        9260           1   3.59014894E-06   6.66107342E-04   7.22364988E-04
        9280           1   3.56025384E-06   6.57989935E-04   7.14080292E-04
        9300           1   3.51447352E-06   6.50613103E-04   7.06695660E-04
        9320           1   3.41515056E-06   6.43606356E-04   6.98805088E-04
        9340           1   3.38334871E-06   6.35969336E-04   6.90341403E-04
        9360           1   3.37488177E-06   6.29303278E-04   6.82329061E-04
        9380           1   3.36522930E-06   6.22417254E-04   6.75209041E-04
        9400           1   3.29850241E-06   6.15521683E-04   6.66874461E-04
        9420           1   3.24420307E-06   6.09283918E-04   6.60190708E-04
        9440           1   3.24738903E-06   6.01579319E-04   6.52868417E-04
        9460           1   3.21480570E-06   5.94065699E-04   6.45270164E-04
        9480           1   3.18201865E-06   5.87908376E-04   6.38037804E-04
        9500           1   3.19508149E-06   5.81447326E-04   6.30978728E-04
        9520           1   3.12915336E-06   5.75450424E-04   6.23656204E-04
        9540           1   3.06970924E-06   5.69355092E-04   6.16481761E-04
        9560           1   3.06666698E-06   5.62080182E-04   6.09294628E-04
        9580           1   2.99029284E-06   5.56157262E-04   6.03433698E-04
        9600           1   3.05754975E-06   5.49878809E-04   5.96092956E-04
        9620           1   2.97161046E-06   5.43433125E-04   5.89652220E-04
        9640           1   2.94807796E-06   5.37373475E-04   5.83038724E-04
        9660           1   2.89591208E-06   5.31584956E-04   5.76267543E-04
        9680           1   2.90613843E-06   5.25504351E-04   5.70420700E-04
        9700           1   2.88051911E-06   5.19794994E-04   5.63857029E-04
        9720           1   2.83342888E-06   5.13870618E-04   5.57680556E-04
        9740           1   2.79867572E-06   5.08915982E-04   5.51060308E-04
        9760           1   2.75925299E-06   5.02783572E-04   5.45051065E-04
        9780           1   2.74205854E-06   4.97176778E-04   5.39182220E-04
        9800           1   2.72333546E-06   4.91427199E-04   5.33119019E-04
        9820           1   2.67688802E-06   4.85679659E-04   5.26812277E-04
        9840           1   2.67310088E-06   4.80542512E-04   5.21758921E-04
        9860           1   2.66755455E-06   4.75788140E-04   5.15104970E-04
        9880           1   2.59439912E-06   4.69948107E-04   5.09594392E-04
        9900           1   2.64888035E-06   4.64836106E-04   5.03206218E-04
        9912           1   2.62019194E-06   4.61744785E-04   4.99750837E-04
 Solver: fs        , Convection scheme: uds       
 RE=   1000.00000     , N=          32
 Selected Time scheme:            2
 DT=   2.73437495E-03
 Wall-clock time (s):    3.21408892    
Note: The following floating-point exceptions are signalling: IEEE_UNDERFLOW_FLAG
