 DT=?
          20         460   9.99894037E-05  0.998246670      0.608747840    
          40         430   9.99909025E-05  0.539528906      0.451855779    
          60         276   9.99350523E-05  0.444464356      0.404825598    
          80         226   9.99796030E-05  0.404943526      0.371746004    
         100         217   9.98603355E-05  0.376498908      0.345639408    
         120         193   9.99136028E-05  0.351636410      0.322089463    
         140         175   9.97517200E-05  0.327769995      0.300583631    
         160         164   9.98563191E-05  0.304720432      0.280011505    
         180         151   9.98367395E-05  0.281960636      0.260405302    
         200         138   9.98625401E-05  0.259183854      0.241682678    
         220         125   9.97757525E-05  0.236394033      0.223629490    
         240         112   9.96001909E-05  0.213992178      0.206314042    
         260         104   9.97359093E-05  0.192277998      0.189387113    
         280          96   9.98364048E-05  0.171342090      0.173015073    
         300          86   9.98920950E-05  0.151753753      0.156544030    
         320          81   9.96150848E-05  0.133255482      0.140491679    
         340          73   9.99592448E-05  0.116264425      0.124906287    
         360          68   9.98443211E-05  0.100928262      0.109976597    
         380          65   9.98367177E-05   8.71686265E-02   9.60861370E-02
         400          62   9.95875453E-05   7.50335529E-02   8.33190382E-02
         420          54   9.97619791E-05   6.45397082E-02   7.17801228E-02
         440          50   9.98899341E-05   5.54098673E-02   6.15493096E-02
         460          44   9.96046656E-05   4.75222245E-02   5.26500270E-02
         480          41   9.99002514E-05   4.07069772E-02   4.49800417E-02
         500          36   9.98571122E-05   3.48968469E-02   3.83997522E-02
         520          30   9.99314288E-05   2.99436394E-02   3.27830464E-02
         540          29   9.97564639E-05   2.56641060E-02   2.80209109E-02
         560          23   9.98503820E-05   2.20113043E-02   2.39565987E-02
         580          14   9.99817057E-05   1.88988149E-02   2.04878002E-02
         600          12   9.96665913E-05   1.61783583E-02   1.75448507E-02
         620          14   9.97709867E-05   1.38190240E-02   1.50270257E-02
         640          12   9.98759133E-05   1.18207652E-02   1.28659504E-02
         660          11   9.97301249E-05   1.01067368E-02   1.10138915E-02
         680          12   9.96191375E-05   8.63152742E-03   9.43000242E-03
         700           8   9.97283641E-05   7.40291411E-03   8.06728750E-03
         720           5   9.99100448E-05   6.35519670E-03   6.90320460E-03
         740           3   9.96556046E-05   5.45525551E-03   5.90845570E-03
         760           3   9.99243202E-05   4.68438398E-03   5.06109977E-03
         780           2   9.97218303E-05   4.02290747E-03   4.33964748E-03
         800           3   9.98291362E-05   3.45256133E-03   3.72495991E-03
         820           2   9.97618772E-05   2.97095045E-03   3.19926627E-03
         840           3   9.96656963E-05   2.55280873E-03   2.75149499E-03
         860           3   9.97398238E-05   2.19621416E-03   2.36885715E-03
         880           1   9.96358067E-05   1.90046476E-03   2.03884905E-03
         900           1   9.96446397E-05   1.63562840E-03   1.75747392E-03
         920           1   9.94924485E-05   1.41120842E-03   1.51616521E-03
         940           1   9.88060710E-05   1.21751719E-03   1.30977423E-03
         960           1   9.39027232E-05   1.04628375E-03   1.14414934E-03
         980           1   7.97445537E-05   9.16759600E-04   1.02671387E-03
        1000           1   6.63140672E-05   8.17565888E-04   9.24166408E-04
        1020           1   6.05064997E-05   7.27254082E-04   8.10883474E-04
        1040           1   5.86107417E-05   6.52125222E-04   6.99822675E-04
        1060           1   5.37803826E-05   5.92584140E-04   6.15979661E-04
        1080           1   4.65354642E-05   5.36414562E-04   5.51967649E-04
        1098           1   4.13872767E-05   4.88183461E-04   4.98179230E-04
 Solver: fs        , Convection scheme: uds       
 RE=   1000.00000     , N=          32
 Selected Time scheme:            2
 DT=   3.75000015E-02
 Wall-clock time (s):    3.55750394    
Note: The following floating-point exceptions are signalling: IEEE_UNDERFLOW_FLAG
