 URFU=?
   20       0.01278       0.01454       0.14559
   40       0.01732       0.01253       0.21111
   60       0.00692       0.00793       0.10994
   80       0.00480       0.00492       0.09164
  100       0.00369       0.00434       0.05615
  120       0.00289       0.00318       0.04907
  140       0.00224       0.00127       0.03549
  160       0.00132       0.00171       0.02643
  180       0.00074       0.00136       0.01862
  200       0.00063       0.00081       0.01387
  220       0.00090       0.00055       0.01063
  240       0.00081       0.00053       0.01091
  260       0.00055       0.00042       0.00982
  280       0.00055       0.00053       0.00786
  300       0.00035       0.00048       0.00769
  320       0.00037       0.00025       0.00663
  340       0.00035       0.00027       0.00553
  360       0.00030       0.00023       0.00481
  380       0.00030       0.00030       0.00388
  400       0.00021       0.00034       0.00330
  420       0.00026       0.00018       0.00304
  440       0.00024       0.00027       0.00219
  460       0.00024       0.00020       0.00254
  480       0.00019       0.00017       0.00299
  500       0.00020       0.00020       0.00223
  520       0.00024       0.00019       0.00206
  540       0.00019       0.00018       0.00233
  560       0.00018       0.00018       0.00175
  580       0.00019       0.00020       0.00171
  600       0.00019       0.00015       0.00205
  620       0.00016       0.00017       0.00168
  640       0.00018       0.00017       0.00167
  660       0.00018       0.00014       0.00170
  680       0.00015       0.00016       0.00146
  700       0.00016       0.00016       0.00148
  720       0.00017       0.00013       0.00161
  740       0.00015       0.00015       0.00140
  760       0.00015       0.00015       0.00141
  780       0.00016       0.00013       0.00151
  800       0.00015       0.00014       0.00135
  820       0.00014       0.00015       0.00129
  840       0.00015       0.00013       0.00136
  860       0.00014       0.00013       0.00135
  880       0.00013       0.00014       0.00124
  900       0.00015       0.00012       0.00125
  920       0.00014       0.00012       0.00130
  940       0.00012       0.00013       0.00118
  960       0.00014       0.00012       0.00115
  980       0.00013       0.00011       0.00124
 1000       0.00011       0.00012       0.00113
 1020       0.00013       0.00012       0.00109
 1040       0.00013       0.00011       0.00117
 1060       0.00011       0.00012       0.00108
 1080       0.00012       0.00011       0.00103
 1100       0.00012       0.00010       0.00111
 1120       0.00011       0.00011       0.00104
 1140       0.00011       0.00011       0.00097
 1160       0.00012       0.00010       0.00104
 1180       0.00010       0.00010       0.00102
 1200       0.00010       0.00011       0.00092
 1220       0.00011       0.00009       0.00098
 1240       0.00010       0.00009       0.00099
 1260       0.00010       0.00010       0.00088
 1280       0.00011       0.00009       0.00091
 1300       0.00010       0.00009       0.00096
 1320       0.00009       0.00010       0.00084
 1340       0.00010       0.00009       0.00085
 1360       0.00010       0.00008       0.00092
 1380       0.00008       0.00009       0.00081
 1400       0.00010       0.00009       0.00080
 1420       0.00009       0.00008       0.00087
 1440       0.00008       0.00009       0.00078
 1460       0.00009       0.00008       0.00075
 1480       0.00009       0.00007       0.00083
 1500       0.00008       0.00008       0.00075
 1520       0.00009       0.00008       0.00071
 1540       0.00008       0.00007       0.00078
 1560       0.00007       0.00008       0.00073
 1580       0.00008       0.00008       0.00067
 1600       0.00008       0.00007       0.00073
 1620       0.00007       0.00007       0.00071
 1640       0.00007       0.00007       0.00064
 1660       0.00008       0.00007       0.00068
 1680       0.00007       0.00007       0.00069
 1700       0.00007       0.00007       0.00062
 1720       0.00008       0.00006       0.00064
 1740       0.00007       0.00006       0.00067
 1760       0.00006       0.00007       0.00059
 1780       0.00007       0.00006       0.00059
 1800       0.00007       0.00006       0.00064
 1820       0.00006       0.00006       0.00057
 1840       0.00007       0.00006       0.00056
 1860       0.00006       0.00005       0.00061
 1880       0.00005       0.00006       0.00054
 1900       0.00006       0.00006       0.00052
 1920       0.00006       0.00005       0.00058
 1940       0.00005       0.00006       0.00052
 1960       0.00006       0.00006       0.00050
 1980       0.00006       0.00005       0.00054
 2000       0.00005       0.00005       0.00051
 2020       0.00005       0.00005       0.00047
 2040       0.00006       0.00005       0.00051
 2060       0.00005       0.00005       0.00050
 2080       0.00005       0.00005       0.00045
 2100       0.00006       0.00005       0.00047
 2120       0.00005       0.00005       0.00048
 2140       0.00005       0.00005       0.00043
 2160       0.00005       0.00004       0.00044
 2180       0.00005       0.00004       0.00047
 2200       0.00004       0.00005       0.00041
 2220       0.00005       0.00004       0.00041
 2240       0.00005       0.00004       0.00045
 2260       0.00004       0.00004       0.00040
 2280       0.00005       0.00004       0.00039
 2300       0.00005       0.00004       0.00043
 2320       0.00004       0.00004       0.00038
 2340       0.00004       0.00004       0.00037
 2360       0.00004       0.00004       0.00040
 2380       0.00004       0.00004       0.00036
 2400       0.00004       0.00004       0.00035
 2420       0.00004       0.00003       0.00038
 2440       0.00004       0.00004       0.00036
 2460       0.00004       0.00004       0.00033
 2480       0.00004       0.00003       0.00035
 2500       0.00004       0.00003       0.00035
 2520       0.00004       0.00004       0.00031
 2540       0.00004       0.00003       0.00033
 2560       0.00004       0.00003       0.00034
 2580       0.00003       0.00003       0.00030
 2600       0.00004       0.00003       0.00031
 2620       0.00003       0.00003       0.00033
 2640       0.00003       0.00003       0.00029
 2660       0.00004       0.00003       0.00029
 2680       0.00003       0.00003       0.00031
 2700       0.00003       0.00003       0.00028
 2720       0.00003       0.00003       0.00027
 2740       0.00003       0.00003       0.00030
 2760       0.00003       0.00003       0.00027
 2780       0.00003       0.00003       0.00026
 2800       0.00003       0.00003       0.00028
 2820       0.00003       0.00003       0.00026
 2840       0.00003       0.00003       0.00024
 2860       0.00003       0.00002       0.00026
 2880       0.00003       0.00003       0.00025
 2900       0.00003       0.00003       0.00023
 2920       0.00003       0.00002       0.00025
 2940       0.00003       0.00002       0.00024
 2960       0.00002       0.00003       0.00022
 2980       0.00003       0.00002       0.00023
 3000       0.00002       0.00002       0.00024
 3020       0.00002       0.00002       0.00021
 3040       0.00003       0.00002       0.00022
 3060       0.00002       0.00002       0.00023
 3080       0.00002       0.00002       0.00020
 3100       0.00002       0.00002       0.00020
 3120       0.00002       0.00002       0.00022
 3140       0.00002       0.00002       0.00019
 3160       0.00002       0.00002       0.00019
 3180       0.00002       0.00002       0.00021
 3200       0.00002       0.00002       0.00019
 3220       0.00002       0.00002       0.00018
 3240       0.00002       0.00002       0.00020
 3260       0.00002       0.00002       0.00018
 3280       0.00002       0.00002       0.00017
 3300       0.00002       0.00002       0.00018
 3320       0.00002       0.00002       0.00018
 3340       0.00002       0.00002       0.00016
 3360       0.00002       0.00002       0.00017
 3380       0.00002       0.00002       0.00017
 3400       0.00002       0.00002       0.00015
 3420       0.00002       0.00002       0.00016
 3440       0.00002       0.00002       0.00017
 3460       0.00002       0.00002       0.00015
 3480       0.00002       0.00002       0.00015
 3500       0.00002       0.00001       0.00016
 3520       0.00001       0.00002       0.00014
 3540       0.00002       0.00001       0.00014
 3560       0.00002       0.00001       0.00015
 3580       0.00001       0.00002       0.00014
 3600       0.00002       0.00001       0.00013
 3620       0.00002       0.00001       0.00015
 3640       0.00001       0.00001       0.00013
 3660       0.00002       0.00001       0.00013
 3680       0.00001       0.00001       0.00014
 3700       0.00001       0.00001       0.00013
 3720       0.00001       0.00001       0.00012
 3740       0.00001       0.00001       0.00013
 3760       0.00001       0.00001       0.00012
 3780       0.00001       0.00001       0.00011
 3800       0.00001       0.00001       0.00012
 3820       0.00001       0.00001       0.00012
 3840       0.00001       0.00001       0.00011
 3860       0.00001       0.00001       0.00011
 3880       0.00001       0.00001       0.00012
 3900       0.00001       0.00001       0.00010
 3920       0.00001       0.00001       0.00011
 3940       0.00001       0.00001       0.00011
 3947       0.00001       0.00001       0.00010
 Solver: simple    , Convection scheme: uds       
 RE=   1000.00000     , N=          64
 URFU=  0.810000002     , URFP=  0.300000012    
 Wall-clock time (s):    10.8955822    
Note: The following floating-point exceptions are signalling: IEEE_DIVIDE_BY_ZERO IEEE_UNDERFLOW_FLAG
