 DT=?
          20         441   9.98620453E-05  0.318685830      0.288969934    
          40         348   9.96589733E-05  0.213633969      0.200006977    
          60         209   9.99298645E-05  0.147422656      0.141070232    
          80         130   9.98589312E-05   9.46955010E-02   9.47629213E-02
         100         117   9.98799005E-05   5.54761924E-02   5.91368116E-02
         120          91   9.99223412E-05   3.04809120E-02   3.34646888E-02
         140          55   9.96579474E-05   1.64915305E-02   1.77952461E-02
         160          22   9.98897012E-05   8.97895731E-03   9.40341037E-03
         180           8   9.95651935E-05   4.92160767E-03   5.08357398E-03
         200           5   9.99042240E-05   2.71512335E-03   2.79591000E-03
         220           5   9.99848853E-05   1.49739278E-03   1.54863577E-03
         240           3   9.95476585E-05   8.25578871E-04   8.57860781E-04
         259           4   9.97524330E-05   4.66741039E-04   4.88703256E-04
 Solver: fs        , Convection scheme: uds       
 RE=   1000.00000     , N=          16
 Selected Time scheme:            2
 DT=  0.150000006    
 Wall-clock time (s):   0.729385018    
Note: The following floating-point exceptions are signalling: IEEE_UNDERFLOW_FLAG
