 NTRANS, N, DT=?
          20         556   9.99230251E-05  0.997637868      0.494557261    
          40         333   9.99394906E-05  0.577074051      0.411550999    
          60         230   9.99806070E-05  0.477155417      0.410684288    
          80         182   9.98690157E-05  0.475340366      0.409639060    
         100         168   9.98762116E-05  0.476482034      0.408635199    
         120         161   9.99642216E-05  0.471581459      0.403152525    
         140         154   9.98258620E-05  0.459009230      0.392809451    
         160         148   9.96697127E-05  0.442072690      0.379338294    
         180         141   9.98643809E-05  0.422845840      0.363611728    
         200         135   9.98739561E-05  0.399967879      0.347014517    
         220         129   9.96237432E-05  0.376101792      0.329374492    
         240         123   9.98604228E-05  0.352511495      0.313089430    
         260         117   9.97264942E-05  0.329090655      0.297335118    
         280         111   9.99088224E-05  0.306017965      0.281896204    
         300         105   9.99279509E-05  0.285484761      0.266687989    
         320          99   9.98906398E-05  0.265860736      0.252201557    
         340          94   9.98669566E-05  0.248974338      0.238969177    
         360          89   9.95420487E-05  0.233208805      0.226046637    
         380          85   9.97270836E-05  0.219593614      0.214093447    
         400          80   9.99994954E-05  0.207271948      0.202060357    
         420          76   9.97535535E-05  0.195931643      0.191543803    
         440          73   9.97432944E-05  0.185398340      0.181393683    
         460          70   9.96562958E-05  0.176105857      0.172067389    
         480          67   9.98738469E-05  0.167238265      0.163467184    
         500          64   9.99714321E-05  0.158834487      0.155374110    
         520          62   9.96704839E-05  0.150573611      0.147600383    
         540          58   9.98193427E-05  0.142631069      0.139836699    
         560          56   9.96592789E-05  0.135058403      0.132467493    
         580          54   9.95623050E-05  0.127541170      0.125104606    
         600          51   9.95317969E-05  0.120184056      0.117722750    
         620          47   9.98888427E-05  0.113161251      0.110394739    
         640          44   9.95427690E-05  0.106330678      0.103237636    
         660          41   9.98485775E-05   9.99440327E-02   9.62696970E-02
         680          39   9.98838805E-05   9.39663723E-02   8.96185413E-02
         700          36   9.95916926E-05   8.83010700E-02   8.34016874E-02
         720          34   9.98746254E-05   8.29583332E-02   7.76248574E-02
         740          32   9.95667433E-05   7.78979361E-02   7.23493844E-02
         760          30   9.96407616E-05   7.30686635E-02   6.74953908E-02
         780          29   9.95486698E-05   6.84118941E-02   6.30473644E-02
         800          27   9.99330441E-05   6.39101267E-02   5.89206144E-02
         820          26   9.95675728E-05   5.95037825E-02   5.50850481E-02
         840          25   9.97810930E-05   5.52233011E-02   5.14352806E-02
         860          23   9.99855620E-05   5.10761961E-02   4.79212366E-02
         880          22   9.96668095E-05   4.70743775E-02   4.45239283E-02
         900          20   9.98459363E-05   4.32711877E-02   4.12032641E-02
         920          18   9.95294395E-05   3.96667793E-02   3.79804187E-02
         940          16   9.94223228E-05   3.63189168E-02   3.48675661E-02
         960          15   9.95269947E-05   3.32234688E-02   3.19171064E-02
         980          14   9.95261798E-05   3.03924512E-02   2.91552171E-02
        1000          13   9.98015676E-05   2.78222356E-02   2.66097300E-02
        1020          12   9.99146287E-05   2.54926868E-02   2.42956076E-02
        1040          11   9.99599361E-05   2.33791880E-02   2.22232752E-02
        1060          10   9.97545649E-05   2.14504767E-02   2.03758702E-02
        1080          10   9.98582545E-05   1.96719635E-02   1.87235568E-02
        1100           8   9.99973126E-05   1.80393215E-02   1.72198005E-02
        1120           7   9.99715994E-05   1.65024847E-02   1.58623289E-02
        1140           7   9.97848765E-05   1.50575722E-02   1.46152535E-02
        1160           7   9.96187664E-05   1.36961658E-02   1.34488102E-02
        1180           6   9.99867625E-05   1.24374256E-02   1.23318881E-02
        1200           7   9.93605718E-05   1.12475855E-02   1.12910578E-02
        1220           6   9.95133087E-05   1.01883579E-02   1.02827000E-02
        1240           4   9.97181851E-05   9.23126284E-03   9.33414605E-03
        1260           4   9.99340336E-05   8.36305693E-03   8.45832750E-03
        1280           4   9.94382499E-05   7.57616293E-03   7.66492914E-03
        1300           4   9.99634940E-05   6.89063594E-03   6.94448594E-03
        1320           4   9.95350783E-05   6.26947032E-03   6.31520478E-03
        1340           4   9.97850802E-05   5.73158870E-03   5.74542163E-03
        1360           3   9.97777315E-05   5.24730887E-03   5.24088647E-03
        1380           3   9.94949733E-05   4.79831314E-03   4.80493484E-03
        1400           3   9.97230964E-05   4.39323159E-03   4.40671854E-03
        1420           2   9.97802199E-05   4.01674910E-03   4.05113632E-03
        1440           2   9.96723320E-05   3.65721202E-03   3.73510108E-03
        1460           2   9.97752722E-05   3.31715727E-03   3.44477757E-03
        1480           3   9.95467126E-05   3.00324615E-03   3.17065674E-03
        1500           1   9.95345035E-05   2.72984081E-03   2.90236319E-03
        1520           1   9.96270392E-05   2.47351779E-03   2.65142461E-03
        1540           1   9.91882116E-05   2.23720376E-03   2.41856719E-03
        1560           2   9.96810777E-05   2.02825177E-03   2.19455780E-03
        1580           1   9.93502254E-05   1.84130541E-03   1.98989222E-03
        1600           1   9.91796333E-05   1.67555187E-03   1.80388638E-03
        1620           1   9.96950257E-05   1.53362134E-03   1.63711165E-03
        1640           1   9.97454190E-05   1.40517298E-03   1.48781296E-03
        1660           1   9.72479684E-05   1.28820643E-03   1.36047695E-03
        1680           1   8.83104658E-05   1.18602766E-03   1.25291664E-03
        1700           1   7.91477942E-05   1.09763152E-03   1.15941581E-03
        1720           1   7.44633653E-05   1.01455557E-03   1.06876018E-03
        1740           1   7.42852499E-05   9.38114303E-04   9.84111801E-04
        1760           1   7.12567780E-05   8.67135706E-04   9.19095648E-04
        1780           1   6.55257172E-05   7.98965048E-04   8.70147429E-04
        1800           1   6.11442738E-05   7.39572512E-04   8.16324202E-04
        1820           1   5.86013775E-05   6.88484055E-04   7.61628384E-04
        1840           1   5.67389034E-05   6.43543084E-04   7.10710650E-04
        1860           1   5.45630392E-05   6.04815781E-04   6.68146298E-04
        1880           1   5.20746398E-05   5.74163685E-04   6.24196313E-04
        1900           1   4.95051572E-05   5.48986020E-04   5.75564394E-04
        1920           1   4.68408252E-05   5.24261734E-04   5.24849573E-04
        1940           1   4.47848142E-05   5.01117436E-04   4.84486576E-04
        1941           1   4.46729828E-05   4.99262998E-04   4.82505362E-04
 Solver: fs        , Convection scheme: quick     
 RE=   1000.00000     , N=          32
 Selected Time scheme:            1
 DT=   2.50000004E-02
 Wall-clock time (s):    4.57008123    
Note: The following floating-point exceptions are signalling: IEEE_UNDERFLOW_FLAG
