 DT=?
          20         726   9.99903714E-05   2.15205526      0.870484352    
          40         325   9.99900803E-05   1.36176181      0.576382995    
          60         179   9.99953190E-05   1.01097405      0.450056732    
          80         118   9.99947006E-05  0.812643051      0.383446693    
         100          90   9.99536860E-05  0.683601916      0.344247699    
         120          73   9.99795884E-05  0.595489144      0.319329828    
         140          62   9.99848708E-05  0.527372956      0.303267866    
         160          56   9.98678443E-05  0.474314302      0.292452306    
         180          50   9.99171971E-05  0.431880265      0.284668773    
         200          47   9.98404357E-05  0.398731649      0.278908789    
         220          43   9.98698815E-05  0.371326417      0.274273098    
         240          41   9.98907781E-05  0.349204957      0.270666182    
         260          39   9.98396135E-05  0.332462281      0.267323226    
         280          37   9.98241812E-05  0.319128335      0.264418960    
         300          36   9.98483956E-05  0.308631033      0.261790574    
         320          34   9.98403120E-05  0.301250786      0.259167850    
         340          33   9.98537289E-05  0.295279443      0.257045805    
         360          32   9.99205076E-05  0.290724635      0.254856914    
         380          30   9.99591575E-05  0.287435740      0.252872258    
         400          31   9.99025506E-05  0.284581929      0.251228422    
         420          30   9.98626347E-05  0.282351583      0.249544054    
         440          29   9.98732576E-05  0.280624032      0.248065040    
         460          28   9.99106342E-05  0.279029310      0.246685699    
         480          28   9.98507821E-05  0.277802080      0.245261863    
         500          27   9.99603435E-05  0.276541471      0.243953735    
         520          26   9.98297910E-05  0.275485545      0.242807820    
         540          27   9.99365293E-05  0.274387658      0.241595328    
         560          27   9.98943069E-05  0.273370266      0.240454242    
         580          25   9.99401454E-05  0.272261769      0.239335045    
         600          26   9.98445030E-05  0.271259964      0.238200158    
         620          25   9.99878248E-05  0.270129383      0.237036869    
         640          24   9.99523836E-05  0.269047230      0.235889599    
         660          24   9.99914628E-05  0.267899543      0.234715074    
         680          24   9.99111799E-05  0.266740471      0.233486518    
         700          23   9.99838085E-05  0.265574634      0.232320175    
         720          24   9.98349715E-05  0.264399678      0.231141537    
         740          23   9.99154654E-05  0.263065964      0.229970574    
         760          22   9.98424657E-05  0.261893660      0.228694543    
         780          23   9.98638570E-05  0.260468870      0.227418542    
         800          22   9.98888063E-05  0.259143025      0.226145864    
         820          22   9.99653930E-05  0.257715136      0.224830166    
         840          21   9.99963377E-05  0.256305486      0.223506927    
         860          22   9.99144177E-05  0.254823744      0.222193331    
         880          22   9.99632903E-05  0.253233910      0.220869586    
         900          20   9.99324475E-05  0.251776338      0.219537988    
         920          21   9.99843905E-05  0.250131190      0.218142882    
         940          20   9.99423355E-05  0.248523161      0.216755077    
         960          21   9.99797776E-05  0.246895626      0.215425417    
         980          20   9.99291515E-05  0.245165914      0.214023471    
        1000          20   9.99264375E-05  0.243507400      0.212601200    
        1020          20   9.99936892E-05  0.241764113      0.211138353    
        1040          19   9.99857366E-05  0.239963472      0.209679991    
        1060          19   9.98939868E-05  0.238220736      0.208231464    
        1080          19   9.99253753E-05  0.236385882      0.206781507    
        1100          18   9.99671538E-05  0.234543622      0.205279082    
        1120          20   9.98632313E-05  0.232705370      0.203817949    
        1140          17   9.99969488E-05  0.230797485      0.202293411    
        1160          19   9.98727191E-05  0.228852063      0.200820476    
        1180          17   9.99037584E-05  0.226971313      0.199288085    
        1200          17   9.98768301E-05  0.225008160      0.197761953    
        1220          17   9.99138865E-05  0.223016888      0.196215317    
        1240          18   9.98841351E-05  0.221038342      0.194675073    
        1260          17   9.99167751E-05  0.219029382      0.193118155    
        1280          17   9.99510376E-05  0.216965809      0.191577226    
        1300          17   9.99975600E-05  0.214946628      0.190029562    
        1320          16   9.98627220E-05  0.212888375      0.188496038    
        1340          17   9.99442491E-05  0.210775197      0.186955601    
        1360          18   9.98641553E-05  0.208678499      0.185437337    
        1380          16   9.99039839E-05  0.206603006      0.183892369    
        1400          16   9.99340555E-05  0.204484344      0.182356209    
        1420          16   9.98676041E-05  0.202313468      0.180844977    
        1440          16   9.99268159E-05  0.200172186      0.179326385    
        1460          16   9.99507101E-05  0.198021397      0.177817568    
        1480          15   9.99394833E-05  0.195829511      0.176292792    
        1500          15   9.99174881E-05  0.193620890      0.174771696    
        1520          14   9.99075492E-05  0.191455126      0.173274323    
        1540          15   9.99430995E-05  0.189256817      0.171790600    
        1560          14   9.99983313E-05  0.187051252      0.170306802    
        1580          14   9.98655523E-05  0.184810445      0.168842629    
        1600          14   9.98644100E-05  0.182611242      0.167365745    
        1620          13   9.99318581E-05  0.180415675      0.165900394    
        1640          13   9.99607146E-05  0.178193137      0.164465562    
        1660          13   9.99510812E-05  0.175959423      0.163042501    
        1680          12   9.99910771E-05  0.173757628      0.161599874    
        1700          13   9.99059266E-05  0.171565726      0.160172135    
        1720          14   9.99789336E-05  0.169354960      0.158730611    
        1740          12   9.99788172E-05  0.167159885      0.157319769    
        1760          13   9.99973709E-05  0.164956436      0.155932531    
        1780          13   9.99564945E-05  0.162789449      0.154523864    
        1800          13   9.99559634E-05  0.160627365      0.153110355    
        1820          13   9.99312833E-05  0.158468530      0.151680768    
        1840          12   9.98820251E-05  0.156321511      0.150258988    
        1860          11   9.99149415E-05  0.154174522      0.148851737    
        1880          13   9.98704199E-05  0.152053311      0.147452414    
        1900          11   9.98899195E-05  0.149968430      0.146016091    
        1920          12   9.98710675E-05  0.147869870      0.144580036    
        1940          11   9.99905242E-05  0.145793661      0.143121734    
        1960          12   9.98948090E-05  0.143711150      0.141689822    
        1980          11   9.99866097E-05  0.141669393      0.140247971    
        2000          12   9.98653923E-05  0.139630780      0.138808966    
        2020          12   9.98577671E-05  0.137625471      0.137347341    
        2040          10   9.99389886E-05  0.135639235      0.135851517    
        2060          12   9.98699688E-05  0.133629903      0.134372845    
        2080          10   9.99893527E-05  0.131661132      0.132879630    
        2100          12   9.98578398E-05  0.129690766      0.131401956    
        2120          10   9.99296390E-05  0.127778262      0.129895762    
        2140          10   9.99538024E-05  0.125865102      0.128386006    
        2160          10   9.98789328E-05  0.123967357      0.126864940    
        2180           9   9.98696923E-05  0.122079939      0.125329748    
        2200           9   9.99138792E-05  0.120219305      0.123802379    
        2220          10   9.98469914E-05  0.118356287      0.122283019    
        2240           8   9.99694457E-05  0.116542533      0.120733894    
        2260           9   9.99170734E-05  0.114737108      0.119202532    
        2280           9   9.98455071E-05  0.112956084      0.117654823    
        2300           9   9.98846590E-05  0.111193359      0.116105154    
        2320           9   9.99748881E-05  0.109450109      0.114547893    
        2340          10   9.98855612E-05  0.107712552      0.113007732    
        2360           8   9.99039112E-05  0.106016554      0.111463316    
        2380           9   9.99866170E-05  0.104326218      0.109919459    
        2400           8   9.99511249E-05  0.102659971      0.108372472    
        2420           9   9.98525502E-05  0.100995615      0.106839538    
        2440           9   9.98485993E-05   9.93841141E-02  0.105293304    
        2460           8   9.98540199E-05   9.77997631E-02  0.103747979    
        2480           8   9.99067852E-05   9.62281302E-02  0.102218583    
        2500           8   9.98988762E-05   9.46641341E-02  0.100702688    
        2520           7   9.99848562E-05   9.31388065E-02   9.91786420E-02
        2540           7   9.98896066E-05   9.16119963E-02   9.76754576E-02
        2560           7   9.99842741E-05   9.01107267E-02   9.61721912E-02
        2580           7   9.99849071E-05   8.86306688E-02   9.46776867E-02
        2600           7   9.98555770E-05   8.71575698E-02   9.31906775E-02
        2620           7   9.99804470E-05   8.57099965E-02   9.17096362E-02
        2640           5   9.99883268E-05   8.42914581E-02   9.02360305E-02
        2660           7   9.98539981E-05   8.28730166E-02   8.87937620E-02
        2680           6   9.99147014E-05   8.14949423E-02   8.73475820E-02
        2700           6   9.99855110E-05   8.01354423E-02   8.59115347E-02
        2720           7   9.98461910E-05   7.87826180E-02   8.44959170E-02
        2740           7   9.99432741E-05   7.74513260E-02   8.30848143E-02
        2760           6   9.99279437E-05   7.61388987E-02   8.16863999E-02
        2780           6   9.98639807E-05   7.48448148E-02   8.02993327E-02
        2800           6   9.99630574E-05   7.35696778E-02   7.89265782E-02
        2820           6   9.99226977E-05   7.23087862E-02   7.75740370E-02
        2840           5   9.99021868E-05   7.10639730E-02   7.62362182E-02
        2860           6   9.98521646E-05   6.98260963E-02   7.49210194E-02
        2880           5   9.98767719E-05   6.86164945E-02   7.36123398E-02
        2900           4   9.99382391E-05   6.74251616E-02   7.23200887E-02
        2920           6   9.98526084E-05   6.62296191E-02   7.10569844E-02
        2940           6   9.98518008E-05   6.50696680E-02   6.98019341E-02
        2960           6   9.99679833E-05   6.39256984E-02   6.85555488E-02
        2980           5   9.98536561E-05   6.27911612E-02   6.73349500E-02
        3000           6   9.99187396E-05   6.16761558E-02   6.61282390E-02
        3020           4   9.98751202E-05   6.05811626E-02   6.49369135E-02
        3040           5   9.98970208E-05   5.94972223E-02   6.37716651E-02
        3060           6   9.98833639E-05   5.84225878E-02   6.26252145E-02
        3080           6   9.98694013E-05   5.73693067E-02   6.14987165E-02
        3100           5   9.98519608E-05   5.63354641E-02   6.03845194E-02
        3120           4   9.99478289E-05   5.53260297E-02   5.92842959E-02
        3140           5   9.99758049E-05   5.43164760E-02   5.82113937E-02
        3160           5   9.99729455E-05   5.33305556E-02   5.71516305E-02
        3180           3   9.99994154E-05   5.23689091E-02   5.61079904E-02
        3200           4   9.98696923E-05   5.14066666E-02   5.50880693E-02
        3220           4   9.99396798E-05   5.04708290E-02   5.40818647E-02
        3240           4   9.98973264E-05   4.95438203E-02   5.30943796E-02
        3260           4   9.99958429E-05   4.86429259E-02   5.21192476E-02
        3280           5   9.99770564E-05   4.77453098E-02   5.11721484E-02
        3300           4   9.99019830E-05   4.68705371E-02   5.02350368E-02
        3320           4   9.99287076E-05   4.60078046E-02   4.93161343E-02
        3340           5   9.99143522E-05   4.51576039E-02   4.84154187E-02
        3360           4   9.99641561E-05   4.43313420E-02   4.75258827E-02
        3380           3   9.99472177E-05   4.35195193E-02   4.66530360E-02
        3400           3   9.98692412E-05   4.27071564E-02   4.58082668E-02
        3420           4   9.99517288E-05   4.19181138E-02   4.49696742E-02
        3440           3   9.98858959E-05   4.11419794E-02   4.41504084E-02
        3460           3   9.99654731E-05   4.03789058E-02   4.33437824E-02
        3480           4   9.99463300E-05   3.96295525E-02   4.25541438E-02
        3500           3   9.98672840E-05   3.88913117E-02   4.17796150E-02
        3520           2   9.99702897E-05   3.81740779E-02   4.10125740E-02
        3540           4   9.99244585E-05   3.74471582E-02   4.02719788E-02
        3560           4   9.98656396E-05   3.67432311E-02   3.95391360E-02
        3580           4   9.99996555E-05   3.60607058E-02   3.88147943E-02
        3600           3   9.98656105E-05   3.53802815E-02   3.81107405E-02
        3620           4   9.99211188E-05   3.47085968E-02   3.74169573E-02
        3640           3   9.99522308E-05   3.40625457E-02   3.67312022E-02
        3660           3   9.99176991E-05   3.34147438E-02   3.60614434E-02
        3680           3   9.99802141E-05   3.27784494E-02   3.54047865E-02
        3700           3   9.99810291E-05   3.21536139E-02   3.47578526E-02
        3720           3   9.99726690E-05   3.15377377E-02   3.41245979E-02
        3740           3   9.99304320E-05   3.09342016E-02   3.34988311E-02
        3760           3   9.99837139E-05   3.03406138E-02   3.28844935E-02
        3780           2   9.99608528E-05   2.97599118E-02   3.22791636E-02
        3800           3   9.99471085E-05   2.91740261E-02   3.16891074E-02
        3820           2   9.99914191E-05   2.86125094E-02   3.11046075E-02
        3840           4   9.98910036E-05   2.80373450E-02   3.05407941E-02
        3860           3   9.99764889E-05   2.74994019E-02   2.99717151E-02
        3880           3   9.99687400E-05   2.69567259E-02   2.94172969E-02
        3900           2   9.99060430E-05   2.64274590E-02   2.88705416E-02
        3920           3   9.99016775E-05   2.58976221E-02   2.83388495E-02
        3940           2   9.99663316E-05   2.53876802E-02   2.78088450E-02
        3960           2   9.99081385E-05   2.48767026E-02   2.72906553E-02
        3980           2   9.99319018E-05   2.43782196E-02   2.67807152E-02
        4000           2   9.99471595E-05   2.38898601E-02   2.62749530E-02
        4020           2   9.98933538E-05   2.34011207E-02   2.57842336E-02
        4040           3   9.99180338E-05   2.29230244E-02   2.52984185E-02
        4060           3   9.98730902E-05   2.24559791E-02   2.48176269E-02
        4080           1   9.99968761E-05   2.20135339E-02   2.43401006E-02
        4100           2   9.99961121E-05   2.15580277E-02   2.38760952E-02
        4120           1   9.98848191E-05   2.11142637E-02   2.34203786E-02
        4140           2   9.99312178E-05   2.06800550E-02   2.29685213E-02
        4160           3   9.99149852E-05   2.02459916E-02   2.25281548E-02
        4180           2   9.99677795E-05   1.98366847E-02   2.20880080E-02
        4200           3   9.98875039E-05   1.94142796E-02   2.16619112E-02
        4220           2   9.98735050E-05   1.90171227E-02   2.12374721E-02
        4240           2   9.98978794E-05   1.86176561E-02   2.08205134E-02
        4260           2   9.99796248E-05   1.82319004E-02   2.04085391E-02
        4280           3   9.99227850E-05   1.78473052E-02   2.00071000E-02
        4300           1   9.99388867E-05   1.74820758E-02   1.96056925E-02
        4320           2   9.99352851E-05   1.71089694E-02   1.92164294E-02
        4340           2   9.98978212E-05   1.67502332E-02   1.88329332E-02
        4360           1   9.99886397E-05   1.64101683E-02   1.84503552E-02
        4380           3   9.98901960E-05   1.60520561E-02   1.80813000E-02
        4400           1   9.99691620E-05   1.57249495E-02   1.77127253E-02
        4420           2   9.99282056E-05   1.53888492E-02   1.73521712E-02
        4440           2   9.99499098E-05   1.50652323E-02   1.69977210E-02
        4460           1   9.99373806E-05   1.47543466E-02   1.66504029E-02
        4480           1   9.99624390E-05   1.44444564E-02   1.63080636E-02
        4500           1   9.98343021E-05   1.41349547E-02   1.59710553E-02
        4520           1   9.99541153E-05   1.38472617E-02   1.56385265E-02
        4540           1   9.99193289E-05   1.35486731E-02   1.53128728E-02
        4560           2   9.99151089E-05   1.32643264E-02   1.49941938E-02
        4580           2   9.98800679E-05   1.29822595E-02   1.46814277E-02
        4600           1   9.99713593E-05   1.27182342E-02   1.43722109E-02
        4620           1   9.98877149E-05   1.24466773E-02   1.40730180E-02
        4640           1   9.98102405E-05   1.21859005E-02   1.37759633E-02
        4660           1   9.99598560E-05   1.19349472E-02   1.34828528E-02
        4680           2   9.98867326E-05   1.16799744E-02   1.31979315E-02
        4700           1   9.98984688E-05   1.14435162E-02   1.29163079E-02
        4720           1   9.98982432E-05   1.11971116E-02   1.26443943E-02
        4740           1   9.98604446E-05   1.09649645E-02   1.23730665E-02
        4760           2   9.98873074E-05   1.07305497E-02   1.21116992E-02
        4780           1   9.99223194E-05   1.05154347E-02   1.18517391E-02
        4800           1   9.98009200E-05   1.02947308E-02   1.15973195E-02
        4820           1   9.99194235E-05   1.00813368E-02   1.13500701E-02
        4840           2   9.98843389E-05   9.86345485E-03   1.11084757E-02
        4860           1   9.98038377E-05   9.66305006E-03   1.08701438E-02
        4880           1   9.98039759E-05   9.45731811E-03   1.06389644E-02
        4900           1   9.98217147E-05   9.26651154E-03   1.04104513E-02
        4920           1   9.94750808E-05   9.07295756E-03   1.01880450E-02
        4940           1   9.98829782E-05   8.88680108E-03   9.97205544E-03
        4960           1   9.83687132E-05   8.69560987E-03   9.76070389E-03
        4980           1   9.67025699E-05   8.51521920E-03   9.55589302E-03
        5000           1   9.54705683E-05   8.34413059E-03   9.35498904E-03
        5020           1   9.41402977E-05   8.17383640E-03   9.15546529E-03
        5040           1   9.23219850E-05   8.00494850E-03   8.96490365E-03
        5060           1   9.02406391E-05   7.83913210E-03   8.77739303E-03
        5080           1   8.83468674E-05   7.67797185E-03   8.59240536E-03
        5100           1   8.70300864E-05   7.52441119E-03   8.40968173E-03
        5120           1   8.58742642E-05   7.37441937E-03   8.23007431E-03
        5140           1   8.45977484E-05   7.23053049E-03   8.05773493E-03
        5160           1   8.32349688E-05   7.08443392E-03   7.89197814E-03
        5180           1   8.19639754E-05   6.94357976E-03   7.73094269E-03
        5200           1   8.06898024E-05   6.80829212E-03   7.57073844E-03
        5220           1   7.92876599E-05   6.67699240E-03   7.41274469E-03
        5240           1   7.78134126E-05   6.54802658E-03   7.26076867E-03
        5260           1   7.63031203E-05   6.42174250E-03   7.11412169E-03
        5280           1   7.48813691E-05   6.29849453E-03   6.97354879E-03
        5300           1   7.35943395E-05   6.18038001E-03   6.83398312E-03
        5320           1   7.23453777E-05   6.06428785E-03   6.69838069E-03
        5340           1   7.12205874E-05   5.94755635E-03   6.56557782E-03
        5360           1   7.01387908E-05   5.83618041E-03   6.43482618E-03
        5380           1   6.91755122E-05   5.72650693E-03   6.30941987E-03
        5400           1   6.81715173E-05   5.62013919E-03   6.18748693E-03
        5420           1   6.70587397E-05   5.51734865E-03   6.06789906E-03
        5440           1   6.58518038E-05   5.41531574E-03   5.94877265E-03
        5460           1   6.46258195E-05   5.31687075E-03   5.83381532E-03
        5480           1   6.34238531E-05   5.22107352E-03   5.72226429E-03
        5500           1   6.22958396E-05   5.12687350E-03   5.61141176E-03
        5520           1   6.12180374E-05   5.03403600E-03   5.50522888E-03
        5540           1   6.02381297E-05   4.94522927E-03   5.40059432E-03
        5560           1   5.93145523E-05   4.85402672E-03   5.29692275E-03
        5580           1   5.85019952E-05   4.76699974E-03   5.19859185E-03
        5600           1   5.76253115E-05   4.68028383E-03   5.10294689E-03
        5620           1   5.67150746E-05   4.59658634E-03   5.00978762E-03
        5640           1   5.57555504E-05   4.51252609E-03   4.91826423E-03
        5660           1   5.47872514E-05   4.43128822E-03   4.82878881E-03
        5680           1   5.37822998E-05   4.35255049E-03   4.74165566E-03
        5700           1   5.28100609E-05   4.27510636E-03   4.65839310E-03
        5720           1   5.18686065E-05   4.19950625E-03   4.57376847E-03
        5740           1   5.10333011E-05   4.12542699E-03   4.49104561E-03
        5760           1   5.02561343E-05   4.04977938E-03   4.40985058E-03
        5780           1   4.95317363E-05   3.97718512E-03   4.33066674E-03
        5800           1   4.88069127E-05   3.90729308E-03   4.25303029E-03
        5820           1   4.80532799E-05   3.83699243E-03   4.17748420E-03
        5840           1   4.73111104E-05   3.76789272E-03   4.10347898E-03
        5860           1   4.64704572E-05   3.69877624E-03   4.03119763E-03
        5880           1   4.56567177E-05   3.63229821E-03   3.95936053E-03
        5900           1   4.48479914E-05   3.56494403E-03   3.88985709E-03
        5920           1   4.40627628E-05   3.49878287E-03   3.82073130E-03
        5940           1   4.33221867E-05   3.43706086E-03   3.75413988E-03
        5960           1   4.26518418E-05   3.37195583E-03   3.68759013E-03
        5980           1   4.20762590E-05   3.31084849E-03   3.62409325E-03
        6000           1   4.14477545E-05   3.24881449E-03   3.56063037E-03
        6020           1   4.08621236E-05   3.18965339E-03   3.50011699E-03
        6040           1   4.02633668E-05   3.13063315E-03   3.43707600E-03
        6060           1   3.96137621E-05   3.07437289E-03   3.37932399E-03
        6080           1   3.89750130E-05   3.01835360E-03   3.31966090E-03
        6100           1   3.83214210E-05   2.96347961E-03   3.26196873E-03
        6120           1   3.76551325E-05   2.91076954E-03   3.20397853E-03
        6140           1   3.70191374E-05   2.85834726E-03   3.14597087E-03
        6160           1   3.64518346E-05   2.80741393E-03   3.09022120E-03
        6180           1   3.58947400E-05   2.75640050E-03   3.03694140E-03
        6200           1   3.53781834E-05   2.70535331E-03   2.98183993E-03
        6220           1   3.48666581E-05   2.65630614E-03   2.93107866E-03
        6240           1   3.43281608E-05   2.60872045E-03   2.87858094E-03
        6260           1   3.38015307E-05   2.56208866E-03   2.82792537E-03
        6280           1   3.32798518E-05   2.51486222E-03   2.77800765E-03
        6300           1   3.27165326E-05   2.47266656E-03   2.72975978E-03
        6320           1   3.21257285E-05   2.42957869E-03   2.68117315E-03
        6340           1   3.15786237E-05   2.38665775E-03   2.63446267E-03
        6360           1   3.10745490E-05   2.34615360E-03   2.58810050E-03
        6380           1   3.06252332E-05   2.30896659E-03   2.54099839E-03
        6400           1   3.01904092E-05   2.27096118E-03   2.49752216E-03
        6420           1   2.97994357E-05   2.23446032E-03   2.45240657E-03
        6440           1   2.93859903E-05   2.19660578E-03   2.40841787E-03
        6460           1   2.90007320E-05   2.16172636E-03   2.36518169E-03
        6480           1   2.85495043E-05   2.12869467E-03   2.32379115E-03
        6500           1   2.81303419E-05   2.09589209E-03   2.28146161E-03
        6520           1   2.76892879E-05   2.06175749E-03   2.24263873E-03
        6540           1   2.72397338E-05   2.02984875E-03   2.20099790E-03
        6560           1   2.68236872E-05   1.99877843E-03   2.16331985E-03
        6580           1   2.63999591E-05   1.96525874E-03   2.12439313E-03
        6600           1   2.60078195E-05   1.93345430E-03   2.08607549E-03
        6620           1   2.56237672E-05   1.90472300E-03   2.04840349E-03
        6640           1   2.52794234E-05   1.87260588E-03   2.01268564E-03
        6660           1   2.48718006E-05   1.84357609E-03   1.97635638E-03
        6680           1   2.45049832E-05   1.81538798E-03   1.94162771E-03
        6700           1   2.41345770E-05   1.78798754E-03   1.90743676E-03
        6720           1   2.37044678E-05   1.75961771E-03   1.87408738E-03
        6740           1   2.33476785E-05   1.73471740E-03   1.84084126E-03
        6760           1   2.29768775E-05   1.70753198E-03   1.80754100E-03
        6780           1   2.26138472E-05   1.68340141E-03   1.77451770E-03
        6800           1   2.22676244E-05   1.65718573E-03   1.74450106E-03
        6820           1   2.19628710E-05   1.63165538E-03   1.71456393E-03
        6840           1   2.16396675E-05   1.60620885E-03   1.68447802E-03
        6860           1   2.13691383E-05   1.58179400E-03   1.65642891E-03
        6880           1   2.11000552E-05   1.55696122E-03   1.62878784E-03
        6900           1   2.08265101E-05   1.53357454E-03   1.60182745E-03
        6920           1   2.05206616E-05   1.50901964E-03   1.57440070E-03
        6940           1   2.02162828E-05   1.48626557E-03   1.54672563E-03
        6960           1   1.99228489E-05   1.46432372E-03   1.52113114E-03
        6980           1   1.96387464E-05   1.44422194E-03   1.49339496E-03
        7000           1   1.93270098E-05   1.42112398E-03   1.47007173E-03
        7020           1   1.90674873E-05   1.40153570E-03   1.44310563E-03
        7040           1   1.87858568E-05   1.38098863E-03   1.41954352E-03
        7060           1   1.85195240E-05   1.35749450E-03   1.39576010E-03
        7080           1   1.82548611E-05   1.33736117E-03   1.37230416E-03
        7100           1   1.79454892E-05   1.31793215E-03   1.34918187E-03
        7120           1   1.76826215E-05   1.29963004E-03   1.32828648E-03
        7140           1   1.73861517E-05   1.27852417E-03   1.30554463E-03
        7160           1   1.70789917E-05   1.26023684E-03   1.28386007E-03
        7180           1   1.67912804E-05   1.24300632E-03   1.26541406E-03
        7200           1   1.65213896E-05   1.22194237E-03   1.24394207E-03
        7220           1   1.63330023E-05   1.20643061E-03   1.22574333E-03
        7240           1   1.61080552E-05   1.18853385E-03   1.20686612E-03
        7260           1   1.58952043E-05   1.17060135E-03   1.18847680E-03
        7280           1   1.57248087E-05   1.15413324E-03   1.17054570E-03
        7300           1   1.55339221E-05   1.13703392E-03   1.15283579E-03
        7320           1   1.53347646E-05   1.12093240E-03   1.13316916E-03
        7340           1   1.51209379E-05   1.10287231E-03   1.11697067E-03
        7360           1   1.48661147E-05   1.08821783E-03   1.09890383E-03
        7380           1   1.46415759E-05   1.07411272E-03   1.08286762E-03
        7400           1   1.44060259E-05   1.05724519E-03   1.06771744E-03
        7420           1   1.41897081E-05   1.04142923E-03   1.05090416E-03
        7440           1   1.40067468E-05   1.02814171E-03   1.03555981E-03
        7460           1   1.38024352E-05   1.01178337E-03   1.02015003E-03
        7480           1   1.36645413E-05   9.96304210E-04   1.00523536E-03
        7500           1   1.34686088E-05   9.81849269E-04   9.89782857E-04
        7520           1   1.32515579E-05   9.66911612E-04   9.74251889E-04
        7540           1   1.30537728E-05   9.52642527E-04   9.60542064E-04
        7560           1   1.28301563E-05   9.39099409E-04   9.46813147E-04
        7580           1   1.26127052E-05   9.26220790E-04   9.32366820E-04
        7600           1   1.24250982E-05   9.13331984E-04   9.19444428E-04
        7620           1   1.22113615E-05   8.99942592E-04   9.06511385E-04
        7640           1   1.20796467E-05   8.88958457E-04   8.92218319E-04
        7660           1   1.18971157E-05   8.75960803E-04   8.80633364E-04
        7680           1   1.17337686E-05   8.61365930E-04   8.67932627E-04
        7700           1   1.16010924E-05   8.50029988E-04   8.56377708E-04
        7720           1   1.14898976E-05   8.38662148E-04   8.43460672E-04
        7740           1   1.13411133E-05   8.24382529E-04   8.30933976E-04
        7760           1   1.11750851E-05   8.15335312E-04   8.18778819E-04
        7780           1   1.09991333E-05   8.01761751E-04   8.06811033E-04
        7800           1   1.08626728E-05   7.91475526E-04   7.95796281E-04
        7820           1   1.07188234E-05   7.79438647E-04   7.84348638E-04
        7840           1   1.05303989E-05   7.67336809E-04   7.72897969E-04
        7860           1   1.03738039E-05   7.57704081E-04   7.63403659E-04
        7880           1   1.02231625E-05   7.46068312E-04   7.51472369E-04
        7900           1   1.01274245E-05   7.37834722E-04   7.41534168E-04
        7920           1   1.00012303E-05   7.25778635E-04   7.30791828E-04
        7940           1   9.83725749E-06   7.14162772E-04   7.19327538E-04
        7960           1   9.71359805E-06   7.06875697E-04   7.08871463E-04
        7980           1   9.56563144E-06   6.96132542E-04   6.98718068E-04
        8000           1   9.44894600E-06   6.86046085E-04   6.87397260E-04
        8020           1   9.29407543E-06   6.76336465E-04   6.78967335E-04
        8040           1   9.13741678E-06   6.66759617E-04   6.69751607E-04
        8060           1   9.00295163E-06   6.57602563E-04   6.60191174E-04
        8080           1   8.84697329E-06   6.48344634E-04   6.49439171E-04
        8100           1   8.73373665E-06   6.37485296E-04   6.41028630E-04
        8120           1   8.63117293E-06   6.30482042E-04   6.32620184E-04
        8140           1   8.56662155E-06   6.21497340E-04   6.22490130E-04
        8160           1   8.47479623E-06   6.10109186E-04   6.15188852E-04
        8180           1   8.35314677E-06   6.03510765E-04   6.04891567E-04
        8200           1   8.26877567E-06   5.94961108E-04   5.96389116E-04
        8220           1   8.15211843E-06   5.86269307E-04   5.86895039E-04
        8240           1   8.00862836E-06   5.77700208E-04   5.80434396E-04
        8260           1   7.90851118E-06   5.70977048E-04   5.70707489E-04
        8280           1   7.75971694E-06   5.62082860E-04   5.63375535E-04
        8300           1   7.64293145E-06   5.55541541E-04   5.54012775E-04
        8320           1   7.55690508E-06   5.47520933E-04   5.45691641E-04
        8340           1   7.48297225E-06   5.39119006E-04   5.40148292E-04
        8360           1   7.37265145E-06   5.31677564E-04   5.31108934E-04
        8380           1   7.29370822E-06   5.24726813E-04   5.24124946E-04
        8400           1   7.19399486E-06   5.18049463E-04   5.16295142E-04
        8420           1   7.08900507E-06   5.12268860E-04   5.09015226E-04
        8440           1   6.99184557E-06   5.02904877E-04   5.02153533E-04
        8448           1   6.95688959E-06   4.99255548E-04   4.99255722E-04
 Solver: fs        , Convection scheme: uds       
 RE=   1000.00000     , N=          64
 Selected Time scheme:            1
 DT=   4.68750019E-03
 Wall-clock time (s):    26.9822311    
Note: The following floating-point exceptions are signalling: IEEE_UNDERFLOW_FLAG
