 DT=?
          20         654   9.99643235E-05  0.273110271      0.222965419    
          40         173   9.98902105E-05  0.158512548      0.142656341    
          60         135   9.96373565E-05  0.129232988      0.119551361    
          80         106   9.98034375E-05  0.107193798      0.100192860    
         100          92   9.95692826E-05   8.89412239E-02   8.41285139E-02
         120          69   9.96064264E-05   7.24762529E-02   6.97865263E-02
         140          36   9.99708354E-05   5.80410510E-02   5.70507571E-02
         160          25   9.98850228E-05   4.53111678E-02   4.57789041E-02
         180          25   9.97199240E-05   3.44753228E-02   3.60754281E-02
         200          20   9.95551090E-05   2.57265251E-02   2.76939645E-02
         220          19   9.96997478E-05   1.88899506E-02   2.07021330E-02
         240          13   9.99464028E-05   1.37717351E-02   1.51449842E-02
         260          14   9.96852032E-05   1.00085177E-02   1.09373182E-02
         280          12   9.99452968E-05   7.28954934E-03   7.85246864E-03
         300           8   9.96387171E-05   5.32436557E-03   5.64730028E-03
         320           9   9.95316805E-05   3.89023824E-03   4.08662669E-03
         340           6   9.98759351E-05   2.85570184E-03   2.97594117E-03
         360           6   9.95903683E-05   2.09782808E-03   2.18091975E-03
         380           4   9.99629920E-05   1.54597731E-03   1.60281046E-03
         400           6   9.99619660E-05   1.13521423E-03   1.18174742E-03
         420           3   9.96868694E-05   8.38020002E-04   8.71548429E-04
         440           3   9.96565650E-05   6.17007609E-04   6.43596519E-04
         457           1   9.99163021E-05   4.77525406E-04   4.96423570E-04
 Solver: fs        , Convection scheme: uds       
 RE=   1000.00000     , N=          16
 Selected Time scheme:            2
 DT=   7.81250000E-02
 Wall-clock time (s):   0.659072995    
Note: The following floating-point exceptions are signalling: IEEE_UNDERFLOW_FLAG
