 N, URFU=?
   20       0.36704       0.00222       0.00259
   40       0.28296       0.00432       0.00436
   60       0.23148       0.00604       0.00574
   80       0.19760       0.00756       0.00689
  100       0.17405       0.00893       0.00790
  120       0.15692       0.01021       0.00880
  140       0.14398       0.01144       0.00962
  160       0.13387       0.01263       0.01037
  180       0.12578       0.01381       0.01106
  200       0.11917       0.01497       0.01171
  220       0.11368       0.01609       0.01233
  240       0.10904       0.01720       0.01291
  260       0.10507       0.01830       0.01346
  280       0.10163       0.01937       0.01400
  300       0.09863       0.02043       0.01451
  320       0.09599       0.02148       0.01500
  340       0.09366       0.02252       0.01548
  360       0.09161       0.02355       0.01594
  380       0.08979       0.02457       0.01638
  400       0.08815       0.02557       0.01681
  420       0.08668       0.02656       0.01723
  440       0.08536       0.02753       0.01764
  460       0.08416       0.02848       0.01804
  480       0.08309       0.02941       0.01842
  500       0.08213       0.03032       0.01879
  520       0.08127       0.03121       0.01916
  540       0.08048       0.03209       0.01951
  560       0.07977       0.03295       0.01985
  580       0.07913       0.03380       0.02017
  600       0.07854       0.03463       0.02049
  620       0.07801       0.03544       0.02079
  640       0.07753       0.03623       0.02109
  660       0.07711       0.03701       0.02137
  680       0.07673       0.03778       0.02164
  700       0.07640       0.03853       0.02190
  720       0.07609       0.03926       0.02214
  740       0.07582       0.03998       0.02238
  760       0.07558       0.04067       0.02259
  780       0.07536       0.04136       0.02280
  800       0.07518       0.04202       0.02299
  820       0.07503       0.04267       0.02316
  840       0.07491       0.04330       0.02332
  860       0.07480       0.04392       0.02346
  880       0.07472       0.04453       0.02358
  900       0.07465       0.04512       0.02369
  920       0.07460       0.04569       0.02378
  940       0.07457       0.04624       0.02386
  960       0.07455       0.04678       0.02391
  980       0.07456       0.04730       0.02395
 1000       0.07459       0.04780       0.02398
 1020       0.07463       0.04828       0.02398
 1040       0.07468       0.04874       0.02397
 1060       0.07474       0.04919       0.02394
 1080       0.07481       0.04962       0.02389
 1100       0.07489       0.05003       0.02383
 1120       0.07498       0.05043       0.02374
 1140       0.07509       0.05081       0.02365
 1160       0.07521       0.05117       0.02353
 1180       0.07534       0.05151       0.02340
 1200       0.07547       0.05184       0.02326
 1220       0.07562       0.05214       0.02310
 1240       0.07576       0.05243       0.02292
 1260       0.07591       0.05269       0.02273
 1280       0.07608       0.05294       0.02253
 1300       0.07625       0.05317       0.02231
 1320       0.07643       0.05338       0.02208
 1340       0.07661       0.05358       0.02184
 1360       0.07680       0.05376       0.02158
 1380       0.07699       0.05391       0.02132
 1400       0.07718       0.05405       0.02104
 1420       0.07738       0.05417       0.02076
 1440       0.07757       0.05427       0.02047
 1460       0.07777       0.05435       0.02016
 1480       0.07797       0.05442       0.01986
 1500       0.07818       0.05446       0.01954
 1520       0.07839       0.05449       0.01922
