 DT=?
          20          94   9.99451804E-05  0.439479560      0.188713685    
          40          63   9.99654148E-05  0.349023312      0.153987601    
          60          49   9.99429394E-05  0.281085134      0.129426092    
          80          44   9.99928234E-05  0.227742776      0.112895489    
         100          36   9.99697368E-05  0.192964822      0.101344705    
         120          29   9.99225304E-05  0.162967950       9.28885341E-02
         140          23   9.98043106E-05  0.139676303       8.64997804E-02
         160          17   9.98761097E-05  0.123213485       8.12080950E-02
         180          14   9.96817762E-05  0.109176815       7.67152756E-02
         200          13   9.98382311E-05   9.96445417E-02   7.30196014E-02
         220          13   9.98975811E-05   9.14463103E-02   7.00698346E-02
         240          10   9.97145107E-05   8.56898874E-02   6.80565983E-02
         260          10   9.97275420E-05   8.09343234E-02   6.64469749E-02
         280          13   9.98798132E-05   7.67172053E-02   6.49346262E-02
         300           7   9.99469848E-05   7.40994960E-02   6.34433329E-02
         320           6   9.96347517E-05   7.14424923E-02   6.22351654E-02
         340           5   9.94961883E-05   6.93800226E-02   6.12484105E-02
         360           4   9.96308663E-05   6.79601580E-02   6.02982044E-02
         380           2   9.97176539E-05   6.64053634E-02   5.93570396E-02
         400           4   9.99594413E-05   6.50997907E-02   5.84864989E-02
         420           2   9.99438053E-05   6.41288310E-02   5.76831624E-02
         440           3   9.93901194E-05   6.31196275E-02   5.69680333E-02
         460           3   9.93908470E-05   6.21450506E-02   5.62687106E-02
         480           7   9.94986767E-05   6.12884834E-02   5.56423590E-02
         500          10   9.99598124E-05   6.05950430E-02   5.50018176E-02
         520           6   9.95169030E-05   5.98085672E-02   5.42976595E-02
         540          10   9.96609742E-05   5.90960905E-02   5.37515655E-02
         560           7   9.97936077E-05   5.84523045E-02   5.31818382E-02
         580          10   9.94753646E-05   5.78395724E-02   5.26521578E-02
         600           5   9.97756215E-05   5.72087876E-02   5.20422645E-02
         620           7   9.98017786E-05   5.66288717E-02   5.14993109E-02
         640           6   9.97225943E-05   5.60639799E-02   5.09740524E-02
         660           3   9.99839176E-05   5.54877222E-02   5.04694767E-02
         680           6   9.94544316E-05   5.48855700E-02   5.00024855E-02
         700           7   9.95602313E-05   5.43456562E-02   4.94841486E-02
         720           8   9.96656017E-05   5.38297407E-02   4.89730313E-02
         740           8   9.96600065E-05   5.33012934E-02   4.85104732E-02
         760           6   9.96748277E-05   5.27567714E-02   4.80178073E-02
         780           4   9.96647577E-05   5.21844029E-02   4.75227758E-02
         800           1   9.96677700E-05   5.16750291E-02   4.70340885E-02
         820           3   9.96676099E-05   5.11807129E-02   4.65966575E-02
         840           5   9.95903538E-05   5.06835617E-02   4.61814031E-02
         860           2   9.98238684E-05   5.01808710E-02   4.57081906E-02
         880           7   9.96766757E-05   4.96227108E-02   4.53008339E-02
         900           3   9.97314783E-05   4.91099097E-02   4.47997674E-02
         920           6   9.95328883E-05   4.86075245E-02   4.43691015E-02
         940           4   9.97296956E-05   4.81370911E-02   4.39262912E-02
         960           6   9.99466938E-05   4.76516113E-02   4.35227193E-02
         980           6   9.95154842E-05   4.71614301E-02   4.31016386E-02
        1000           7   9.96163071E-05   4.66538258E-02   4.26768549E-02
        1020           4   9.97681636E-05   4.61642556E-02   4.22202982E-02
        1040           4   9.96992603E-05   4.56849486E-02   4.17835936E-02
        1060           4   9.95508890E-05   4.52181846E-02   4.13583145E-02
        1080           5   9.96481613E-05   4.47429232E-02   4.09398787E-02
        1100           5   9.97660391E-05   4.42518145E-02   4.05270979E-02
        1120           3   9.96345188E-05   4.37663458E-02   4.01020683E-02
        1140           5   9.97582902E-05   4.32523079E-02   3.97090055E-02
        1160           4   9.95746668E-05   4.27722484E-02   3.92949805E-02
        1180           1   9.99469994E-05   4.23201136E-02   3.88491079E-02
        1200           2   9.96240778E-05   4.18408811E-02   3.84512544E-02
        1220           5   9.97005263E-05   4.13598903E-02   3.80680934E-02
        1240           6   9.98527830E-05   4.08816524E-02   3.76706943E-02
        1260           3   9.99774784E-05   4.04110141E-02   3.72520834E-02
        1280           3   9.97889001E-05   3.99159864E-02   3.68666947E-02
        1300           3   9.97125826E-05   3.94275114E-02   3.64767648E-02
        1320           3   9.99677868E-05   3.89519595E-02   3.60774957E-02
        1340           2   9.97296593E-05   3.84840108E-02   3.56784239E-02
        1360           1   9.97757888E-05   3.80151458E-02   3.52806933E-02
        1380           5   9.96415474E-05   3.75104956E-02   3.49273495E-02
        1400           1   9.93817812E-05   3.70506719E-02   3.45187970E-02
        1420           3   9.95306837E-05   3.65567356E-02   3.41470875E-02
        1440           3   9.98371252E-05   3.60699482E-02   3.37666348E-02
        1460           2   9.95140072E-05   3.55854370E-02   3.33837196E-02
        1480           3   9.98563482E-05   3.51007730E-02   3.30165885E-02
        1500           3   9.98391915E-05   3.46245281E-02   3.26371305E-02
        1520           3   9.97578027E-05   3.41551229E-02   3.22608575E-02
        1540           2   9.96666786E-05   3.36845294E-02   3.18836272E-02
        1560           1   9.98399482E-05   3.32192108E-02   3.15069892E-02
        1580           3   9.95675291E-05   3.27335075E-02   3.11591625E-02
        1600           3   9.96706949E-05   3.22576463E-02   3.07955537E-02
        1620           4   9.96159142E-05   3.17750014E-02   3.04456241E-02
        1640           4   9.94970105E-05   3.12933587E-02   3.00906338E-02
        1660           2   9.98678443E-05   3.08394991E-02   2.97120064E-02
        1680           3   9.96429008E-05   3.03644538E-02   2.93668099E-02
        1700           2   9.97256429E-05   2.99093015E-02   2.90022343E-02
        1720           2   9.96065937E-05   2.94498652E-02   2.86476240E-02
        1740           2   9.96581875E-05   2.89915875E-02   2.82951444E-02
        1760           4   9.98435644E-05   2.85270326E-02   2.79441364E-02
        1780           3   9.99583353E-05   2.80807838E-02   2.75792815E-02
        1800           3   9.96419330E-05   2.76277028E-02   2.72263158E-02
        1820           3   9.99990734E-05   2.71827541E-02   2.68765017E-02
        1840           2   9.98335381E-05   2.67403312E-02   2.65263654E-02
        1860           2   9.97239986E-05   2.62909159E-02   2.61812955E-02
        1880           2   9.97884345E-05   2.58490443E-02   2.58323736E-02
        1900           4   9.96100134E-05   2.53960229E-02   2.55043004E-02
        1920           1   9.97288225E-05   2.49877758E-02   2.51423176E-02
        1940           1   9.98244213E-05   2.45653708E-02   2.47951709E-02
        1960           2   9.99417607E-05   2.41348147E-02   2.44508125E-02
        1980           2   9.98645119E-05   2.37132814E-02   2.41070241E-02
        2000           1   9.93454742E-05   2.32993886E-02   2.37606652E-02
        2020           1   9.96976596E-05   2.28967294E-02   2.34080814E-02
        2040           2   9.95705195E-05   2.24730168E-02   2.30711903E-02
        2060           2   9.95502414E-05   2.20717266E-02   2.27195788E-02
        2080           1   9.97491443E-05   2.16791388E-02   2.23655105E-02
        2100           3   9.98467949E-05   2.12675538E-02   2.20281892E-02
        2120           1   9.92797286E-05   2.08785199E-02   2.16859542E-02
        2140           2   9.95173032E-05   2.04870887E-02   2.13493742E-02
        2160           2   9.99857948E-05   2.01020166E-02   2.10111234E-02
        2180           1   9.98496980E-05   1.97272301E-02   2.06696689E-02
        2200           2   9.95169103E-05   1.93344504E-02   2.03457605E-02
        2220           3   9.95780283E-05   1.89538486E-02   2.00179704E-02
        2240           1   9.93843423E-05   1.85967237E-02   1.96797047E-02
        2260           2   9.94585498E-05   1.82237700E-02   1.93541888E-02
        2280           1   9.93578797E-05   1.78755112E-02   1.90199260E-02
        2300           1   9.99179974E-05   1.75234564E-02   1.86913610E-02
        2320           1   9.89307737E-05   1.71710812E-02   1.83705725E-02
        2340           1   9.94050642E-05   1.68296024E-02   1.80459581E-02
        2360           1   9.99182448E-05   1.65011212E-02   1.77214146E-02
        2380           1   9.90139379E-05   1.61568318E-02   1.74086057E-02
        2400           1   9.98038740E-05   1.58368181E-02   1.70893278E-02
        2420           1   9.98642790E-05   1.55153731E-02   1.67744756E-02
        2440           2   9.96020899E-05   1.51908351E-02   1.64654963E-02
        2460           2   9.96820163E-05   1.48772802E-02   1.61552504E-02
        2480           1   9.96322706E-05   1.45761250E-02   1.58462301E-02
        2500           1   9.95356240E-05   1.42738419E-02   1.55440513E-02
        2520           1   9.92108471E-05   1.39706954E-02   1.52482176E-02
        2540           1   9.94248912E-05   1.36798080E-02   1.49514200E-02
        2560           1   9.92494315E-05   1.33859841E-02   1.46632465E-02
        2580           1   9.91673587E-05   1.31061366E-02   1.43739339E-02
        2600           1   9.89212422E-05   1.28241684E-02   1.40905511E-02
        2620           1   9.89428154E-05   1.25556411E-02   1.38076991E-02
        2640           1   9.83946302E-05   1.22892838E-02   1.35293398E-02
        2660           1   9.73581919E-05   1.20221525E-02   1.32563729E-02
        2680           1   9.88557294E-05   1.17687462E-02   1.29819140E-02
        2700           1   9.91627603E-05   1.15110101E-02   1.27157075E-02
        2720           1   9.63678322E-05   1.12596424E-02   1.24561153E-02
        2740           1   9.26974753E-05   1.10164490E-02   1.22013278E-02
        2760           1   8.95763806E-05   1.07772462E-02   1.19458782E-02
        2780           1   8.84910914E-05   1.05460398E-02   1.16887689E-02
        2800           1   8.85124828E-05   1.03190625E-02   1.14389155E-02
        2820           1   8.73244499E-05   1.00941397E-02   1.11953756E-02
        2840           1   8.41485235E-05   9.87630244E-03   1.09552536E-02
        2860           1   8.11640057E-05   9.66165029E-03   1.07204411E-02
        2880           1   7.98654364E-05   9.45061166E-03   1.04888659E-02
        2900           1   7.95801025E-05   9.24405083E-03   1.02597298E-02
        2920           1   7.86192613E-05   9.04195942E-03   1.00371130E-02
        2940           1   7.62409109E-05   8.84445570E-03   9.81777441E-03
        2960           1   7.37542505E-05   8.65164772E-03   9.59944911E-03
        2980           1   7.22170080E-05   8.46300926E-03   9.38538276E-03
        3000           1   7.16249269E-05   8.27624276E-03   9.17664357E-03
        3020           1   7.08997177E-05   8.09247326E-03   8.97354446E-03
        3040           1   6.91881651E-05   7.91451149E-03   8.77498090E-03
        3060           1   6.70221925E-05   7.74121331E-03   8.57928675E-03
        3080           1   6.53929019E-05   7.57098990E-03   8.38598981E-03
        3100           1   6.46548506E-05   7.40520703E-03   8.19660351E-03
        3120           1   6.39774662E-05   7.24118296E-03   8.01198650E-03
        3140           1   6.27307818E-05   7.08034076E-03   7.83315301E-03
        3160           1   6.09628405E-05   6.92277122E-03   7.65832141E-03
        3180           1   5.94400735E-05   6.76888786E-03   7.48458039E-03
        3200           1   5.85516027E-05   6.61825622E-03   7.31652370E-03
        3220           1   5.79680673E-05   6.47010002E-03   7.15111569E-03
        3240           1   5.70546435E-05   6.32760720E-03   6.98853983E-03
        3260           1   5.56226805E-05   6.18786411E-03   6.82999147E-03
        3280           1   5.41874069E-05   6.05159765E-03   6.67458354E-03
        3300           1   5.32513041E-05   5.91745181E-03   6.52293861E-03
        3320           1   5.26147123E-05   5.78550762E-03   6.37602853E-03
        3340           1   5.17974186E-05   5.65678440E-03   6.23206142E-03
        3360           1   5.06012257E-05   5.53255249E-03   6.09121891E-03
        3380           1   4.93113912E-05   5.40968357E-03   5.95191121E-03
        3400           1   4.83756048E-05   5.29093342E-03   5.81674743E-03
        3420           1   4.77229514E-05   5.17400820E-03   5.68355992E-03
        3440           1   4.70052182E-05   5.05934609E-03   5.55490423E-03
        3460           1   4.60507617E-05   4.94796503E-03   5.42956591E-03
        3480           1   4.49291729E-05   4.83926618E-03   5.30621642E-03
        3500           1   4.39992073E-05   4.73160902E-03   5.18627930E-03
        3520           1   4.32589441E-05   4.62772325E-03   5.06760553E-03
        3540           1   4.25627404E-05   4.52639582E-03   4.95229848E-03
        3560           1   4.17409683E-05   4.42692218E-03   4.84037213E-03
        3580           1   4.07401167E-05   4.32883669E-03   4.73115547E-03
        3600           1   3.98682459E-05   4.23356565E-03   4.62461123E-03
        3620           1   3.91392350E-05   4.14016377E-03   4.51966189E-03
        3640           1   3.85257081E-05   4.04825667E-03   4.41786740E-03
        3660           1   3.78390723E-05   3.95901967E-03   4.31795744E-03
        3680           1   3.69607660E-05   3.87214660E-03   4.22033714E-03
        3700           1   3.61629536E-05   3.78755829E-03   4.12507495E-03
        3720           1   3.54600670E-05   3.70376930E-03   4.03212477E-03
        3740           1   3.47980931E-05   3.62259592E-03   3.94042209E-03
        3760           1   3.41508203E-05   3.54227098E-03   3.85242957E-03
        3780           1   3.34174292E-05   3.46384547E-03   3.76643310E-03
        3800           1   3.26772970E-05   3.38814105E-03   3.68268741E-03
        3820           1   3.20335675E-05   3.31248879E-03   3.59890959E-03
        3840           1   3.14693752E-05   3.24015925E-03   3.51870316E-03
        3860           1   3.08221861E-05   3.16859689E-03   3.44069349E-03
        3880           1   3.02502795E-05   3.09853628E-03   3.36282211E-03
        3900           1   2.95653317E-05   3.02974135E-03   3.28744831E-03
        3920           1   2.89711861E-05   2.96291756E-03   3.21393274E-03
        3940           1   2.84205380E-05   2.89774453E-03   3.14266817E-03
        3960           1   2.78817170E-05   2.83363461E-03   3.07200570E-03
        3980           1   2.72745492E-05   2.77056033E-03   3.00382753E-03
        4000           1   2.67097712E-05   2.70951190E-03   2.93607195E-03
        4020           1   2.61450732E-05   2.64922716E-03   2.87143979E-03
        4040           1   2.56047642E-05   2.59022508E-03   2.80739227E-03
        4060           1   2.51236270E-05   2.53312755E-03   2.74503790E-03
        4080           1   2.46570726E-05   2.47665890E-03   2.68448563E-03
        4100           1   2.41636299E-05   2.42168410E-03   2.62436783E-03
        4120           1   2.36377018E-05   2.36800709E-03   2.56614620E-03
        4140           1   2.31293634E-05   2.31500552E-03   2.50918418E-03
        4160           1   2.26654120E-05   2.26303935E-03   2.45387573E-03
        4180           1   2.22312119E-05   2.21319869E-03   2.39865016E-03
        4200           1   2.17398338E-05   2.16351217E-03   2.34515779E-03
        4220           1   2.12972500E-05   2.11578701E-03   2.29314854E-03
        4240           1   2.08425317E-05   2.06873403E-03   2.24301452E-03
        4260           1   2.04773914E-05   2.02236255E-03   2.19272543E-03
        4280           1   2.00152608E-05   1.97690632E-03   2.14408594E-03
        4300           1   1.96384699E-05   1.93297479E-03   2.09632516E-03
        4320           1   1.92433399E-05   1.88990124E-03   2.04920396E-03
        4340           1   1.88602498E-05   1.84719660E-03   2.00466160E-03
        4360           1   1.84873934E-05   1.80627673E-03   1.95979979E-03
        4380           1   1.80778698E-05   1.76623580E-03   1.91668980E-03
        4400           1   1.77005604E-05   1.72682980E-03   1.87384500E-03
        4420           1   1.73310655E-05   1.68806617E-03   1.83207099E-03
        4440           1   1.70117401E-05   1.65119686E-03   1.79157313E-03
        4460           1   1.66729915E-05   1.61395082E-03   1.75142079E-03
        4480           1   1.63371315E-05   1.57813658E-03   1.71286892E-03
        4500           1   1.59705705E-05   1.54254795E-03   1.67452462E-03
        4520           1   1.56382921E-05   1.50858541E-03   1.63745228E-03
        4540           1   1.53259680E-05   1.47427572E-03   1.60103524E-03
        4560           1   1.50640190E-05   1.44192297E-03   1.56512018E-03
        4580           1   1.47209994E-05   1.40911457E-03   1.53031619E-03
        4600           1   1.44368023E-05   1.37791038E-03   1.49598508E-03
        4620           1   1.40995253E-05   1.34692551E-03   1.46287715E-03
        4640           1   1.38297928E-05   1.31731969E-03   1.43090775E-03
        4660           1   1.35598639E-05   1.28843368E-03   1.39885966E-03
        4680           1   1.32831901E-05   1.25977839E-03   1.36760017E-03
        4700           1   1.30517565E-05   1.23170065E-03   1.33747631E-03
        4720           1   1.27416988E-05   1.20445690E-03   1.30713312E-03
        4740           1   1.24630369E-05   1.17825076E-03   1.27842883E-03
        4760           1   1.22316287E-05   1.15057291E-03   1.24968414E-03
        4780           1   1.20015729E-05   1.12610334E-03   1.22184493E-03
        4800           1   1.17469190E-05   1.10069767E-03   1.19461678E-03
        4820           1   1.14953491E-05   1.07778073E-03   1.16896909E-03
        4840           1   1.12491862E-05   1.05306075E-03   1.14205771E-03
        4860           1   1.10294113E-05   1.02978875E-03   1.11723179E-03
        4880           1   1.07979686E-05   1.00703072E-03   1.09207269E-03
        4900           1   1.06367916E-05   9.84498300E-04   1.06853689E-03
        4920           1   1.04190622E-05   9.63050115E-04   1.04364473E-03
        4940           1   1.01460864E-05   9.42384475E-04   1.02108996E-03
        4960           1   9.92861897E-06   9.21234488E-04   9.98302712E-04
        4980           1   9.80927871E-06   9.01830732E-04   9.76397016E-04
        5000           1   9.59511635E-06   8.81943502E-04   9.54473391E-04
        5020           1   9.41192320E-06   8.61785666E-04   9.33139061E-04
        5040           1   9.15519468E-06   8.43578135E-04   9.13214986E-04
        5060           1   8.97663267E-06   8.25271185E-04   8.92584270E-04
        5080           1   8.81070991E-06   8.06259341E-04   8.73121724E-04
        5100           1   8.68161987E-06   7.89108453E-04   8.52965517E-04
        5120           1   8.46958937E-06   7.71919789E-04   8.35057639E-04
        5140           1   8.26205905E-06   7.55270303E-04   8.16146261E-04
        5160           1   8.11590326E-06   7.38309929E-04   7.98455265E-04
        5180           1   7.96618770E-06   7.22412136E-04   7.80881499E-04
        5200           1   7.83836185E-06   7.06926454E-04   7.63551216E-04
        5220           1   7.66115136E-06   6.91587920E-04   7.46633392E-04
        5240           1   7.48591128E-06   6.76678144E-04   7.30211730E-04
        5260           1   7.33472189E-06   6.61714585E-04   7.14614580E-04
        5280           1   7.17864077E-06   6.48223446E-04   6.98712422E-04
        5300           1   7.05260436E-06   6.33424264E-04   6.83825929E-04
        5320           1   6.89404897E-06   6.20319741E-04   6.68566383E-04
        5340           1   6.77280423E-06   6.05987501E-04   6.53687632E-04
        5360           1   6.58976614E-06   5.93602192E-04   6.39481354E-04
        5380           1   6.47616025E-06   5.80829219E-04   6.25143875E-04
        5400           1   6.36429559E-06   5.66949311E-04   6.12276723E-04
        5420           1   6.26403244E-06   5.55641891E-04   5.98692452E-04
        5440           1   6.11122596E-06   5.43887261E-04   5.85321512E-04
        5460           1   6.00013573E-06   5.31923375E-04   5.72602032E-04
        5480           1   5.85183398E-06   5.20724279E-04   5.60103159E-04
        5500           1   5.76228786E-06   5.09717676E-04   5.48344047E-04
        5520           1   5.66468179E-06   4.98705544E-04   5.35845174E-04
        5540           1   5.53953578E-06   4.88263962E-04   5.25460171E-04
        5560           1   5.39937491E-06   4.77552734E-04   5.13602630E-04
        5580           1   5.29382760E-06   4.67482518E-04   5.02063776E-04
        5585           1   5.26218719E-06   4.64421202E-04   4.99495422E-04
 Solver: fs        , Convection scheme: uds       
 RE=   1000.00000     , N=          32
 Selected Time scheme:            2
 DT=   5.46874991E-03
 Wall-clock time (s):    2.28358912    
Note: The following floating-point exceptions are signalling: IEEE_UNDERFLOW_FLAG
