 DT=?
          20          39   9.98498290E-05  0.844654441      0.385398060    
          40          35   9.99580079E-05  0.494800299      0.273757428    
          60          16   9.99016775E-05  0.330943972      0.224967167    
          80          39   9.99235126E-05  0.254761785      0.197274804    
         100          23   9.99795739E-05  0.218022659      0.184231699    
         120          31   9.98709511E-05  0.198208958      0.174905330    
         140          33   9.98943578E-05  0.186502442      0.167527869    
         160          32   9.95626469E-05  0.178293526      0.161470100    
         180          33   9.98184987E-05  0.171814844      0.156011075    
         200          33   9.98820906E-05  0.166251674      0.151330113    
         220          33   9.95352821E-05  0.161376476      0.146789342    
         240          33   9.96342715E-05  0.156562969      0.142722875    
         260          33   9.95801238E-05  0.152303383      0.138635650    
         280          35   9.97825773E-05  0.147787705      0.134767041    
         300          32   9.99268304E-05  0.143736079      0.131105274    
         320          28   9.98153409E-05  0.139460221      0.127299905    
         340          28   9.95778246E-05  0.135530874      0.123828262    
         360          29   9.96776507E-05  0.131450072      0.120301157    
         380          29   9.95700320E-05  0.127580613      0.116811886    
         400          32   9.99946133E-05  0.123505220      0.113479115    
         420          28   9.97811148E-05  0.119639896      0.110075444    
         440          24   9.98354517E-05  0.115760952      0.106758781    
         460          20   9.98648757E-05  0.111799911      0.103528313    
         480          18   9.98396063E-05  0.107926592      0.100312114    
         500          19   9.98540054E-05  0.103966102       9.71913785E-02
         520          19   9.96679009E-05  0.100001067       9.41214859E-02
         540          17   9.97124444E-05   9.61437672E-02   9.10342708E-02
         560          16   9.99376643E-05   9.22679603E-02   8.80582780E-02
         580          14   9.97367897E-05   8.83848369E-02   8.51246044E-02
         600           9   9.96513263E-05   8.46421421E-02   8.21790695E-02
         620           8   9.97403695E-05   8.09153616E-02   7.92642757E-02
         640           5   9.99387921E-05   7.72625357E-02   7.63729960E-02
         660           6   9.96760791E-05   7.35966191E-02   7.35615417E-02
         680          13   9.95165319E-05   7.00416192E-02   7.07817227E-02
         700          10   9.98623291E-05   6.66362569E-02   6.79330975E-02
         720           9   9.97088137E-05   6.33012578E-02   6.50862083E-02
         740           8   9.95520822E-05   6.00379258E-02   6.22675456E-02
         760           8   9.95699156E-05   5.68624772E-02   5.95106445E-02
         780           8   9.96264134E-05   5.37796691E-02   5.67978136E-02
         800          10   9.95928713E-05   5.08031957E-02   5.41092977E-02
         820          15   9.96106173E-05   4.79304157E-02   5.14731295E-02
         840          13   9.95806040E-05   4.52284515E-02   4.88661006E-02
         860          12   9.98696341E-05   4.26408798E-02   4.63037938E-02
         880           3   9.97593306E-05   4.02108207E-02   4.37988713E-02
         900           2   9.97453535E-05   3.78438272E-02   4.14041243E-02
         920           7   9.98121832E-05   3.55468541E-02   3.91118042E-02
         940           9   9.97755778E-05   3.33946757E-02   3.68785001E-02
         960           7   9.95142764E-05   3.13847139E-02   3.47272158E-02
         980           9   9.96592134E-05   2.94653159E-02   3.26717347E-02
        1000           9   9.97338648E-05   2.76701320E-02   3.07043288E-02
        1020           8   9.95634036E-05   2.59787086E-02   2.88322549E-02
        1040           8   9.99397453E-05   2.43814513E-02   2.70475689E-02
        1060           5   9.98834948E-05   2.28992999E-02   2.53547281E-02
        1080           6   9.97421375E-05   2.14773864E-02   2.37684231E-02
        1100           3   9.96212766E-05   2.01575924E-02   2.22683121E-02
        1120           8   9.97029274E-05   1.88756380E-02   2.08676290E-02
        1140           5   9.95715091E-05   1.77142769E-02   1.95413232E-02
        1160           8   9.98227770E-05   1.65929347E-02   1.83029808E-02
        1180           2   9.98702308E-05   1.55987162E-02   1.71284806E-02
        1200           4   9.95802911E-05   1.46162882E-02   1.60411578E-02
        1220           5   9.97415264E-05   1.37043139E-02   1.50219491E-02
        1240           5   9.98115866E-05   1.28594711E-02   1.40664456E-02
        1260           5   9.96436502E-05   1.20562483E-02   1.31749064E-02
        1280           5   9.95595765E-05   1.13076493E-02   1.23408288E-02
        1300           4   9.96358576E-05   1.06120734E-02   1.15582421E-02
        1320           4   9.97382449E-05   9.95558314E-03   1.08288787E-02
        1340           4   9.96698946E-05   9.33730043E-03   1.01468395E-02
        1360           4   9.97543175E-05   8.75653233E-03   9.50970128E-03
        1380           2   9.98005125E-05   8.22455622E-03   8.90957192E-03
        1400           3   9.98246906E-05   7.70626729E-03   8.35286640E-03
        1420           4   9.95725422E-05   7.21304910E-03   7.83466920E-03
        1440           1   9.95432129E-05   6.77894149E-03   7.33960979E-03
        1460           1   9.97783791E-05   6.35745749E-03   6.88058091E-03
        1480           1   9.99145341E-05   5.96052501E-03   6.45025540E-03
        1500           2   9.97679817E-05   5.57588413E-03   6.04998646E-03
        1520           1   9.95508162E-05   5.22795552E-03   5.67194726E-03
        1540           1   9.98885735E-05   4.90455190E-03   5.31559810E-03
        1560           1   9.99234471E-05   4.59398935E-03   4.98413853E-03
        1580           2   9.95714436E-05   4.29613050E-03   4.67559602E-03
        1600           1   9.96344024E-05   4.03348543E-03   4.38074814E-03
        1620           1   9.98293690E-05   3.78245115E-03   4.10621986E-03
        1640           1   9.93987996E-05   3.54587031E-03   3.84924980E-03
        1660           1   9.84263897E-05   3.32297781E-03   3.60998977E-03
        1680           1   9.81422927E-05   3.11147491E-03   3.38427769E-03
        1700           1   9.23384941E-05   2.91142939E-03   3.18219257E-03
        1720           1   8.36464606E-05   2.73159659E-03   2.99375574E-03
        1740           1   7.66307494E-05   2.56699394E-03   2.81240279E-03
        1760           1   7.38861854E-05   2.41221441E-03   2.63263495E-03
        1780           1   7.28191008E-05   2.26547499E-03   2.46383972E-03
        1800           1   6.93890179E-05   2.12938804E-03   2.31384975E-03
        1820           1   6.34767057E-05   2.00277870E-03   2.17575673E-03
        1840           1   5.81995337E-05   1.88360724E-03   2.04546563E-03
        1860           1   5.55566476E-05   1.77089195E-03   1.92235026E-03
        1880           1   5.42357702E-05   1.66146294E-03   1.80631597E-03
        1900           1   5.19355235E-05   1.56116334E-03   1.69855682E-03
        1920           1   4.81067618E-05   1.47129386E-03   1.59755931E-03
        1940           1   4.43257486E-05   1.38859428E-03   1.50021457E-03
        1960           1   4.19470271E-05   1.30858470E-03   1.40716578E-03
        1980           1   4.05941028E-05   1.22967444E-03   1.32262707E-03
        2000           1   3.89678389E-05   1.15422485E-03   1.24715804E-03
        2020           1   3.64679472E-05   1.08678453E-03   1.17758638E-03
        2040           1   3.38155151E-05   1.02500571E-03   1.11019588E-03
        2060           1   3.19340579E-05   9.67342698E-04   1.04323239E-03
        2080           1   3.06935544E-05   9.12451651E-04   9.79913049E-04
        2100           1   2.93068006E-05   8.60188971E-04   9.21736879E-04
        2120           1   2.74719841E-05   8.09868565E-04   8.69199866E-04
        2140           1   2.54972347E-05   7.64305063E-04   8.19660141E-04
        2160           1   2.40112786E-05   7.19124917E-04   7.72656000E-04
        2180           1   2.29927045E-05   6.77509699E-04   7.29353516E-04
        2200           1   2.20528564E-05   6.38408819E-04   6.87588647E-04
        2220           1   2.09085101E-05   6.02854881E-04   6.48914895E-04
        2240           1   1.95721295E-05   5.69764874E-04   6.12162461E-04
        2260           1   1.84530327E-05   5.38613764E-04   5.76076098E-04
        2280           1   1.75764217E-05   5.07581164E-04   5.42743132E-04
        2300           1   1.67859544E-05   4.77704336E-04   5.12403320E-04
        2309           1   1.63324330E-05   4.65413817E-04   4.99164220E-04
 Solver: fs        , Convection scheme: uds       
 RE=   1000.00000     , N=          32
 Selected Time scheme:            2
 DT=   1.56250000E-02
 Wall-clock time (s):    2.50300217    
Note: The following floating-point exceptions are signalling: IEEE_UNDERFLOW_FLAG
