 NTRANS, N, DT=?
          20         385   9.96692033E-05  0.378428936      0.345436752    
          40         166   9.91244087E-05  0.392657250      0.348522663    
          60         152   9.98351461E-05  0.329188377      0.298593640    
          80         129   9.98218457E-05  0.255389869      0.244237795    
         100         107   9.98789619E-05  0.185782433      0.202170223    
         120          90   9.89272012E-05  0.139267072      0.156834662    
         140          77   9.85718070E-05  0.103485316      0.112869672    
         160          69   9.91014676E-05   7.53317550E-02   8.12832937E-02
         180          63   9.86489467E-05   5.89467846E-02   6.18594103E-02
         200          55   9.94368093E-05   4.34745811E-02   4.91125174E-02
         220          47   9.85468942E-05   3.19526233E-02   3.56455930E-02
         240          40   9.94276779E-05   2.30878443E-02   2.40917467E-02
         260          34   9.97450697E-05   1.84158925E-02   1.77325457E-02
         280          29   9.95228256E-05   1.43436408E-02   1.49709638E-02
         300          25   9.90900371E-05   1.12307426E-02   1.16612492E-02
         320          22   9.86286323E-05   8.94198101E-03   8.59860238E-03
         340          19   9.86215455E-05   7.37814512E-03   6.97216811E-03
         360          17   9.89345863E-05   6.07438805E-03   5.98844141E-03
         380          14   9.87229141E-05   5.04592946E-03   4.96905902E-03
         400          12   9.92305722E-05   4.21228912E-03   4.06535575E-03
         420          10   9.87918684E-05   3.53832659E-03   3.40280496E-03
         440           9   9.87861058E-05   2.99481302E-03   2.90847779E-03
         460           8   9.99413169E-05   2.55005714E-03   2.48035300E-03
         480           6   9.95844093E-05   2.17896979E-03   2.10369565E-03
         500           6   9.95316877E-05   1.85922720E-03   1.78617751E-03
         520           4   9.94322691E-05   1.59413053E-03   1.53230829E-03
         540           3   9.92719506E-05   1.36634079E-03   1.31869200E-03
         560           4   9.90902408E-05   1.17076957E-03   1.13195763E-03
         580           4   9.84911385E-05   1.00991188E-03   9.73030692E-04
         600           3   9.94976581E-05   8.70406744E-04   8.35125335E-04
         620           3   9.91031120E-05   7.42934062E-04   7.16226175E-04
         640           1   9.99203912E-05   6.48190035E-04   6.24036649E-04
         660           1   9.84963990E-05   5.58291795E-04   5.38086984E-04
         675           2   9.92608038E-05   4.97817760E-04   4.79448820E-04
 Solver: fs        , Convection scheme: quick     
 RE=   1000.00000     , N=          16
 Selected Time scheme:            1
 DT=  0.100000001    
 Wall-clock time (s):   0.433787018    
