 N, URFU=?
          20           9   1.23215830E-02   1.48823448E-02  0.129376888    
          40           9   1.90838818E-02   1.32798981E-02  0.202902496    
          60           9   9.97102074E-03   9.16584674E-03  0.122458689    
          80           9   4.51052561E-03   5.25586121E-03   9.08264369E-02
         100           9   3.48271709E-03   5.63489459E-03   5.97813651E-02
         120           9   3.82387661E-03   3.90545465E-03   4.62808311E-02
         140           9   3.11768171E-03   1.65299315E-03   4.13519852E-02
         160           9   1.89732329E-03   1.91977306E-03   3.14878114E-02
         180           9   8.50466720E-04   1.94915268E-03   2.33015064E-02
         200           9   1.00034953E-03   1.48403738E-03   1.52803361E-02
         220           9   7.63652963E-04   8.30489269E-04   1.25773167E-02
         240           9   1.07394264E-03   7.52009335E-04   1.10534495E-02
         260           9   7.63599179E-04   6.12747390E-04   1.04326289E-02
         280           9   5.33974438E-04   3.58744757E-04   9.82886273E-03
         300           9   5.25986135E-04   5.75479062E-04   8.11268669E-03
         320           9   3.60343081E-04   4.25990205E-04   7.91620929E-03
         340           9   3.76404234E-04   2.87864998E-04   6.31177332E-03
         360           9   3.86079249E-04   2.61019770E-04   5.16231731E-03
         380           9   2.51883874E-04   2.61935842E-04   4.69654566E-03
         400           9   1.54727561E-04   3.33482109E-04   3.82409175E-03
         420           9   1.69161343E-04   2.17920300E-04   3.07697663E-03
         440           9   1.89056169E-04   1.01587539E-04   2.52808537E-03
         460           9   2.08095400E-04   1.20239827E-04   2.34676036E-03
         480           9   1.11023299E-04   1.48417457E-04   1.98882911E-03
         500           9   6.15735553E-05   1.22779311E-04   1.85361668E-03
         520           9   7.89741316E-05   8.32578517E-05   1.72309985E-03
         540           9   9.53635754E-05   5.50801378E-05   1.37533527E-03
         560           9   9.73825445E-05   6.43752792E-05   1.16267079E-03
         580           9   7.09391243E-05   5.59378568E-05   9.70966357E-04
         600           9   3.95369389E-05   5.72706012E-05   9.14856675E-04
         620           9   4.77811336E-05   5.26301883E-05   8.62274959E-04
         640           9   2.74790455E-05   5.21653710E-05   7.21938151E-04
         660           9   4.88571604E-05   2.48849010E-05   5.73389872E-04
         680           9   3.98132361E-05   2.91551059E-05   4.78013098E-04
         700           9   2.08548190E-05   3.03183278E-05   4.96671244E-04
         720           9   2.28115168E-05   2.96042708E-05   4.01452446E-04
         740           9   1.70645089E-05   2.56798266E-05   3.04105692E-04
         760           9   2.38654102E-05   1.05382114E-05   2.89985794E-04
         780           9   2.16189146E-05   1.74787092E-05   2.20358168E-04
         800           9   1.28780821E-05   1.25748747E-05   2.60772504E-04
         820           9   1.21629973E-05   1.25345668E-05   2.30112710E-04
         840           9   1.17668878E-05   1.41746978E-05   1.76654139E-04
         860           9   1.09353896E-05   8.22324910E-06   1.74643385E-04
         880           9   1.10838573E-05   6.92228105E-06   1.30147018E-04
         900           9   7.84746953E-06   7.00935061E-06   1.24557264E-04
         920           9   7.10337554E-06   7.24454731E-06   1.10033223E-04
         933           9   4.62731759E-06   7.84379790E-06   9.89305045E-05
 Solver: simple    , Convection scheme: uds       
 RE=   1000.00000     , N=          64
 URFU=  0.740000010     , URFP=  0.300000012    
 Wall-clock time (s):    2.71165514    
Note: The following floating-point exceptions are signalling: IEEE_DIVIDE_BY_ZERO IEEE_UNDERFLOW_FLAG
