 NTRANS, DT=?
          20        8271   9.99988479E-05   3.09521055       1.38670635    
          40        3197   9.99996846E-05   1.82243133      0.998936415    
          60        1355   9.99940239E-05   1.32685614      0.902194560    
          80        1456   9.99998301E-05   1.08137226      0.861060739    
         100        1139   9.99851763E-05  0.968680620      0.833953798    
         120        1016   9.99784825E-05  0.921442628      0.812725008    
         140         870   9.99737895E-05  0.898994088      0.796251774    
         160         713   9.99899421E-05  0.885828376      0.781899273    
         180         626   9.99786134E-05  0.874090552      0.769713342    
         200         585   9.99944168E-05  0.862815619      0.757354796    
         220         586   9.99933982E-05  0.851009130      0.744879246    
         240         601   9.99917611E-05  0.838012934      0.732051730    
         260         609   9.99992553E-05  0.823628783      0.718697667    
         280         617   9.99821859E-05  0.808244050      0.705117941    
         300         614   9.99980111E-05  0.791586518      0.691016197    
         320         611   9.99891490E-05  0.773917317      0.676319599    
         340         603   9.99892509E-05  0.755370557      0.661285043    
         360         589   9.99892873E-05  0.736026108      0.645941079    
         380         571   9.99883268E-05  0.716123044      0.630222917    
         400         553   9.99983822E-05  0.695466101      0.614293933    
         420         539   9.99732802E-05  0.674232244      0.598441422    
         440         526   9.99857293E-05  0.652608275      0.582677782    
         460         508   9.99692056E-05  0.630467176      0.567078769    
         480         496   9.99873882E-05  0.607998371      0.551623583    
         500         479   9.99944095E-05  0.585262537      0.536443293    
         520         465   9.99698022E-05  0.562479079      0.521656871    
         540         453   9.99983386E-05  0.539899826      0.506922126    
         560         437   9.99729382E-05  0.517472327      0.492507339    
         580         420   9.99733311E-05  0.495383769      0.477931708    
         600         399   9.99969343E-05  0.473827958      0.463308066    
         620         383   9.99591794E-05  0.452625543      0.448516250    
         640         360   9.99999029E-05  0.432044655      0.433414429    
         660         340   9.99691401E-05  0.411886096      0.418149859    
         680         323   9.99615804E-05  0.392359495      0.402549863    
         700         313   9.99769109E-05  0.373359770      0.386866122    
         720         297   9.99826298E-05  0.355131030      0.370975643    
         740         280   9.99849362E-05  0.337478548      0.355114013    
         760         265   9.99688273E-05  0.320468307      0.339259446    
         780         249   9.99676267E-05  0.304275721      0.323526472    
         800         238   9.99920667E-05  0.288660824      0.308036715    
         820         227   9.99937911E-05  0.273643076      0.292759657    
         840         215   9.99835102E-05  0.259291887      0.277877331    
         860         200   9.99879994E-05  0.245569870      0.263346940    
         880         189   9.99978583E-05  0.232416943      0.249233708    
         900         176   9.99842741E-05  0.219788045      0.235663638    
         920         168   9.99727854E-05  0.207698628      0.222628310    
         940         158   9.99931144E-05  0.196151063      0.210126236    
         960         145   9.99629556E-05  0.185127959      0.198249459    
         980         140   9.99756521E-05  0.174623653      0.186978891    
        1000         136   9.99614058E-05  0.164657176      0.176297382    
        1020         130   9.99916738E-05  0.155219540      0.166186675    
        1040         125   9.99557960E-05  0.146282867      0.156651482    
        1060         114   9.99859330E-05  0.137834281      0.147667363    
        1080         114   9.99577023E-05  0.129831195      0.139219686    
        1100         109   9.99940603E-05  0.122257367      0.131263241    
        1120         103   9.99937765E-05  0.115081377      0.123763651    
        1140          94   9.99599433E-05  0.108279325      0.116693810    
        1160          94   9.99989425E-05  0.101808503      0.110018499    
        1180          89   9.99690092E-05   9.56666395E-02  0.103706218    
        1200          90   9.99760887E-05   8.98170769E-02   9.77365822E-02
        1220          87   9.99952972E-05   8.42688754E-02   9.20702741E-02
        1240          81   9.99816548E-05   7.90023878E-02   8.66921842E-02
        1260          75   9.99679614E-05   7.40055591E-02   8.15777406E-02
        1280          72   9.99685581E-05   6.92723319E-02   7.67152682E-02
        1300          68   9.99988624E-05   6.48047403E-02   7.20836446E-02
        1320          66   9.99924960E-05   6.05867133E-02   6.76768348E-02
        1340          53   9.99848926E-05   5.66345155E-02   6.34825677E-02
        1360          52   9.99599506E-05   5.29149249E-02   5.95007911E-02
        1380          47   9.99990443E-05   4.94379140E-02   5.57195693E-02
        1400          46   9.99777185E-05   4.61827070E-02   5.21349199E-02
        1420          49   9.99967524E-05   4.31384705E-02   4.87447418E-02
        1440          51   9.99956319E-05   4.02937867E-02   4.55437489E-02
        1460          45   9.99736876E-05   3.76522243E-02   4.25299369E-02
        1480          34   9.99695912E-05   3.51914763E-02   3.96917723E-02
        1500          33   9.99734766E-05   3.28902155E-02   3.70353237E-02
        1520          33   9.99749318E-05   3.07420380E-02   3.45552787E-02
        1540          32   9.99602562E-05   2.87426524E-02   3.22378166E-02
        1560          30   9.99813201E-05   2.68862862E-02   3.00858971E-02
        1580          27   9.99874974E-05   2.51672883E-02   2.80869566E-02
        1600          24   9.99819531E-05   2.35788692E-02   2.62336303E-02
        1620          22   9.99756958E-05   2.21107882E-02   2.45237611E-02
        1640          24   9.99697440E-05   2.07523797E-02   2.29439680E-02
        1660          25   9.99929616E-05   1.94978062E-02   2.14869846E-02
        1680          21   9.99848926E-05   1.83466692E-02   2.01436840E-02
        1700          23   9.99856420E-05   1.72716137E-02   1.89046077E-02
        1720          24   9.99776457E-05   1.62744131E-02   1.77603364E-02
        1740          18   9.99632684E-05   1.53440554E-02   1.66995954E-02
        1760          12   9.99984186E-05   1.44720208E-02   1.57163627E-02
        1780          13   9.99644399E-05   1.36399753E-02   1.48065705E-02
        1800          11   9.99811673E-05   1.28554069E-02   1.39590669E-02
        1820           9   9.99888871E-05   1.21160811E-02   1.31641524E-02
        1840          16   9.99823387E-05   1.14052370E-02   1.24247232E-02
        1860          13   9.99957556E-05   1.07429987E-02   1.17252078E-02
        1880          14   9.99758195E-05   1.01102060E-02   1.10694505E-02
        1900          16   9.99720796E-05   9.51475743E-03   1.04489252E-02
        1920          16   9.99839322E-05   8.95398948E-03   9.86246672E-03
        1940          21   9.99625918E-05   8.41817260E-03   9.30997822E-03
        1960          17   9.99957774E-05   7.92536419E-03   8.78407061E-03
        1980          17   9.99790936E-05   7.46061141E-03   8.28765333E-03
        2000          13   9.99780168E-05   7.03730620E-03   7.81556126E-03
        2020          13   9.99712647E-05   6.64751697E-03   7.37178838E-03
        2040          15   9.99653785E-05   6.29396969E-03   6.94917934E-03
        2060          12   9.99713811E-05   5.96632576E-03   6.55026454E-03
        2080          10   9.99994081E-05   5.66387270E-03   6.17453642E-03
        2100          10   9.99833210E-05   5.37375361E-03   5.82023617E-03
        2120          11   9.99690310E-05   5.10119647E-03   5.48932049E-03
        2140           7   9.99611075E-05   4.84450301E-03   5.17829973E-03
        2160           5   9.99785989E-05   4.60196100E-03   4.88458807E-03
        2180           6   9.99964977E-05   4.37204400E-03   4.61055804E-03
        2200           8   9.99895783E-05   4.15579136E-03   4.35411371E-03
        2220           8   9.99933254E-05   3.94933391E-03   4.11444344E-03
        2240           6   9.99853146E-05   3.75672546E-03   3.88968899E-03
        2260           5   9.99722324E-05   3.57289193E-03   3.67987761E-03
        2280           9   9.99760232E-05   3.39595834E-03   3.48648010E-03
        2300           6   9.99933400E-05   3.23194638E-03   3.30470921E-03
        2320           5   9.99799668E-05   3.07484972E-03   3.13288509E-03
        2340           6   9.99744952E-05   2.92345136E-03   2.97428737E-03
        2360           6   9.99851109E-05   2.78193085E-03   2.82499660E-03
        2380           5   9.99816693E-05   2.64855754E-03   2.68543256E-03
        2400           6   9.99684707E-05   2.52010697E-03   2.55220756E-03
        2420           4   9.99805998E-05   2.39940733E-03   2.42837449E-03
        2440           3   9.99928307E-05   2.28378829E-03   2.30978034E-03
        2460           4   9.99637414E-05   2.17286684E-03   2.19819322E-03
        2480           4   9.99944241E-05   2.06933450E-03   2.09316891E-03
        2500           1   9.99908589E-05   1.97045668E-03   1.99244893E-03
        2520           1   9.99884578E-05   1.87630195E-03   1.89721095E-03
        2540           6   9.99614422E-05   1.78672047E-03   1.80769118E-03
        2560           2   9.99808617E-05   1.70222111E-03   1.72038516E-03
        2580           4   9.99828189E-05   1.62200769E-03   1.63955428E-03
        2600           4   9.99850818E-05   1.54645846E-03   1.56058418E-03
        2620           1   9.99792537E-05   1.47410389E-03   1.48684497E-03
        2640           2   9.99954937E-05   1.40471978E-03   1.41580717E-03
        2660           3   9.99910408E-05   1.33913942E-03   1.34808186E-03
        2680           1   9.99588519E-05   1.27842755E-03   1.28331664E-03
        2700           4   9.99634140E-05   1.21548108E-03   1.22300081E-03
        2720           2   9.99956465E-05   1.16101897E-03   1.16508093E-03
        2740           2   9.99954791E-05   1.10759062E-03   1.11069181E-03
        2760           1   9.99820113E-05   1.05828431E-03   1.05867744E-03
        2780           1   9.99999611E-05   1.00834225E-03   1.00821385E-03
        2800           2   9.99799595E-05   9.62843653E-04   9.63050406E-04
        2820           2   9.99793992E-05   9.19769867E-04   9.16611985E-04
        2840           1   9.99874683E-05   8.77017213E-04   8.74057412E-04
        2860           1   9.99924378E-05   8.37706611E-04   8.34099250E-04
        2880           1   9.99928307E-05   8.01525079E-04   7.95266998E-04
        2900           1   9.99625263E-05   7.66178069E-04   7.56383059E-04
        2920           1   9.99374752E-05   7.31981941E-04   7.21716962E-04
        2940           1   9.99496187E-05   6.97660551E-04   6.88010536E-04
        2960           1   9.99706317E-05   6.64857798E-04   6.56785211E-04
        2980           1   9.97539901E-05   6.35664270E-04   6.27494941E-04
        3000           1   9.97898387E-05   6.07939553E-04   5.99091523E-04
        3020           1   9.99517579E-05   5.78802312E-04   5.70440025E-04
        3040           1   9.96311064E-05   5.53758931E-04   5.45541348E-04
        3060           1   9.88337051E-05   5.33593702E-04   5.25599928E-04
        3080           1   9.72391499E-05   5.14409970E-04   5.09289326E-04
        3100           1   9.48668676E-05   5.00243972E-04   4.98398673E-04
        3102           1   9.46293585E-05   4.98394365E-04   4.98334353E-04
 Solver: fs        , Convection scheme: uds       
 RE=   1000.00000     , N=          64
 Selected Time scheme:            2
 DT=   1.49999997E-02
 Wall-clock time (s):    140.862259    
Note: The following floating-point exceptions are signalling: IEEE_UNDERFLOW_FLAG
