 DT=?
          20        1602   9.99868280E-05   3.19659686       1.47963476    
          40         727   9.99869881E-05   1.87593913       1.10081482    
          60         496   9.99840631E-05   1.36877465       1.00930834    
          80         394   9.99951517E-05   1.14800179      0.966922283    
         100         345   9.99126205E-05   1.06544530      0.935790896    
         120         317   9.99333279E-05   1.03261435      0.913536489    
         140         299   9.99724143E-05   1.01497984      0.895687938    
         160         286   9.99050753E-05   1.00018251      0.880098224    
         180         274   9.99777258E-05  0.985150218      0.864390850    
         200         265   9.98874311E-05  0.968754292      0.848137140    
         220         255   9.99400581E-05  0.951088607      0.830816627    
         240         246   9.99448966E-05  0.930896759      0.812818825    
         260         238   9.99349504E-05  0.909495354      0.794275522    
         280         230   9.99617769E-05  0.886316121      0.775036216    
         300         222   9.99550466E-05  0.861939311      0.755141795    
         320         215   9.99827680E-05  0.836368442      0.734879732    
         340         206   9.99917975E-05  0.809801936      0.713986158    
         360         200   9.99262775E-05  0.782255292      0.693098545    
         380         192   9.99746553E-05  0.753998637      0.672323525    
         400         186   9.99367549E-05  0.724920630      0.651775360    
         420         179   9.99118784E-05  0.695369363      0.631446600    
         440         172   9.98992473E-05  0.665531754      0.611527681    
         460         164   9.99812328E-05  0.635677814      0.592150450    
         480         158   9.99549593E-05  0.606017709      0.572991431    
         500         151   9.99541662E-05  0.576912582      0.553861439    
         520         145   9.99043332E-05  0.548329592      0.534785390    
         540         138   9.99499825E-05  0.520413756      0.515333116    
         560         132   9.99382682E-05  0.493347526      0.495520800    
         580         125   9.99816766E-05  0.467019171      0.475432634    
         600         120   9.98617761E-05  0.441577196      0.454883814    
         620         114   9.98796677E-05  0.417071581      0.434171617    
         640         107   9.99811382E-05  0.393574417      0.413265765    
         660         100   9.99419863E-05  0.371008545      0.392445773    
         680          96   9.99287440E-05  0.349615127      0.371755719    
         700          90   9.98811374E-05  0.329141140      0.351400942    
         720          84   9.99487747E-05  0.309555829      0.331420332    
         740          80   9.98757023E-05  0.291001171      0.312004954    
         760          76   9.98768737E-05  0.273316383      0.293145627    
         780          72   9.99366821E-05  0.256459832      0.275050998    
         800          67   9.98726537E-05  0.240406454      0.257754743    
         820          64   9.99687254E-05  0.225170285      0.241258964    
         840          61   9.98769465E-05  0.210703909      0.225701839    
         860          57   9.99472759E-05  0.197057381      0.211034209    
         880          53   9.99593831E-05  0.184205368      0.197253048    
         900          51   9.99978220E-05  0.172129244      0.184338406    
         920          48   9.99713375E-05  0.160786584      0.172272146    
         940          46   9.98731412E-05  0.150144547      0.161021352    
         960          45   9.98635660E-05  0.140143991      0.150524423    
         980          41   9.99608019E-05  0.130762443      0.140720144    
        1000          39   9.99168260E-05  0.121912658      0.131541178    
        1020          36   9.99459298E-05  0.113583542      0.122931771    
        1040          35   9.98913383E-05  0.105705522      0.114878058    
        1060          31   9.99879121E-05   9.83035117E-02  0.107294850    
        1080          31   9.99687472E-05   9.13008153E-02  0.100153923    
        1100          29   9.99849217E-05   8.47159699E-02   9.34138075E-02
        1120          27   9.99523982E-05   7.85269216E-02   8.70597884E-02
        1140          26   9.99535187E-05   7.27319792E-02   8.10457543E-02
        1160          24   9.99320328E-05   6.73251599E-02   7.53640532E-02
        1180          22   9.99412805E-05   6.22936785E-02   7.00160712E-02
        1200          22   9.99698750E-05   5.76191992E-02   6.49443120E-02
        1220          21   9.99241020E-05   5.32974377E-02   6.02188334E-02
        1240          18   9.99051699E-05   4.92955074E-02   5.57260141E-02
        1260          16   9.99733456E-05   4.56061289E-02   5.15609682E-02
        1280          16   9.99932017E-05   4.21856642E-02   4.76538241E-02
        1300          16   9.98870455E-05   3.90261710E-02   4.40243967E-02
        1320          15   9.99116091E-05   3.61134037E-02   4.06554602E-02
        1340          14   9.99564145E-05   3.34333591E-02   3.75481918E-02
        1360          13   9.99146941E-05   3.09672318E-02   3.46911810E-02
        1380          12   9.99074691E-05   2.87091695E-02   3.20726074E-02
        1400          12   9.98911346E-05   2.66450550E-02   2.96664238E-02
        1420          10   9.99257900E-05   2.47462410E-02   2.74371896E-02
        1440          10   9.99155964E-05   2.30209623E-02   2.54258383E-02
        1460          10   9.99070762E-05   2.14532949E-02   2.36161761E-02
        1480           8   9.99837866E-05   2.00140737E-02   2.19286177E-02
        1500           9   9.98876349E-05   1.86914280E-02   2.04264671E-02
        1520           8   9.99221375E-05   1.74660832E-02   1.90212969E-02
        1540           6   9.99809199E-05   1.63373351E-02   1.77575182E-02
        1560           8   9.99217445E-05   1.52659090E-02   1.65977944E-02
        1580           6   9.99931362E-05   1.42641244E-02   1.55062079E-02
        1600           7   9.99397671E-05   1.33106727E-02   1.44997053E-02
        1620           6   9.99174081E-05   1.24386512E-02   1.35849947E-02
        1640           6   9.98995311E-05   1.16191870E-02   1.27294883E-02
        1660           5   9.99011754E-05   1.08366478E-02   1.19155524E-02
        1680           5   9.99240583E-05   1.01199877E-02   1.11625334E-02
        1700           4   9.99881668E-05   9.42957960E-03   1.04300901E-02
        1720           3   9.99971089E-05   8.80004372E-03   9.76053812E-03
        1740           4   9.99320982E-05   8.20704643E-03   9.13380645E-03
        1760           5   9.99272743E-05   7.74822617E-03   8.60855915E-03
        1780           4   9.98978649E-05   7.21644703E-03   7.99283944E-03
        1800           4   9.99261174E-05   6.82274206E-03   7.50429044E-03
        1820           3   9.99586628E-05   6.38605747E-03   6.97263144E-03
        1840           3   9.98844844E-05   6.02271967E-03   6.53419225E-03
        1860           1   9.99780314E-05   5.71602024E-03   6.14070939E-03
        1880           3   9.99299446E-05   5.35623031E-03   5.71685424E-03
        1900           3   9.99196345E-05   5.05842594E-03   5.35578188E-03
        1920           3   9.99782496E-05   4.76154918E-03   5.00468630E-03
        1940           2   9.99735275E-05   4.51495918E-03   4.71126055E-03
        1960           3   9.99302792E-05   4.24877647E-03   4.41227481E-03
        1980           2   9.99699769E-05   4.01639380E-03   4.14353749E-03
        2000           2   9.99763361E-05   3.83992586E-03   3.94259254E-03
        2020           2   9.94010552E-05   3.83495237E-03   3.90886422E-03
        2040           2   9.96271992E-05   3.53569863E-03   3.60119087E-03
        2060           2   9.96384406E-05   3.36759933E-03   3.41021596E-03
        2080           1   9.95426963E-05   3.32338177E-03   3.33795906E-03
        2100           2   9.97202224E-05   2.96853995E-03   2.99173826E-03
        2120           1   9.97658135E-05   2.75958586E-03   2.78546079E-03
        2140           1   9.97227471E-05   2.97531346E-03   2.92861369E-03
        2160           1   9.96329691E-05   2.61932309E-03   2.61783460E-03
        2180           1   9.97702155E-05   2.73149856E-03   2.68700183E-03
        2200           1   9.79636752E-05   2.35662051E-03   2.34157615E-03
        2220           2   9.85398510E-05   2.57015647E-03   2.56483792E-03
        2240           1   9.26505527E-05   3.13488487E-03   2.89374916E-03
        2260           1   8.17655891E-05   2.20198324E-03   2.18919339E-03
        2280           1   9.14402990E-05   3.25758755E-03   2.98091141E-03
        2300           1   9.29223679E-05   3.03483265E-03   2.73528812E-03
        2320           2   9.53758790E-05   3.19983275E-03   2.95380969E-03
        2340           1   9.01671083E-05   2.67463527E-03   2.40598992E-03
        2360           1   8.18645494E-05   2.13404954E-03   1.97673240E-03
        2380           1   9.02522224E-05   3.87221854E-03   3.30213131E-03
        2400           1   9.43198829E-05   4.94619273E-03   4.12764028E-03
        2420           1   7.19356904E-05   2.48636073E-03   2.26213736E-03
        2440           1   8.03805015E-05   3.50791728E-03   2.97045638E-03
        2460           1   6.79984005E-05   1.57938676E-03   1.48605660E-03
        2480           1   6.91867826E-05   1.78489962E-03   1.62989309E-03
        2500           1   7.37842565E-05   2.80360831E-03   2.36804853E-03
        2520           1   6.37978592E-05   1.88610051E-03   1.67561066E-03
        2540           1   5.59361652E-05   1.28870469E-03   1.21386896E-03
        2560           1   6.90848901E-05   3.18085193E-03   2.64732330E-03
        2580           1   6.68312205E-05   3.10491980E-03   2.57238932E-03
        2600           1   5.83233486E-05   1.90128316E-03   1.67571974E-03
        2620           1   5.56175000E-05   1.79922814E-03   1.59542763E-03
        2640           1   5.12376864E-05   1.38947216E-03   1.25734450E-03
        2660           1   6.83822072E-05   3.65837617E-03   2.99557298E-03
        2680           1   5.91523458E-05   3.18734208E-03   2.61615962E-03
        2700           1   5.93247059E-05   3.07782856E-03   2.50386167E-03
        2720           1   4.64685399E-05   1.72270462E-03   1.48380199E-03
        2740           1   4.28372477E-05   1.29528530E-03   1.15085079E-03
        2760           1   4.80999952E-05   2.10423581E-03   1.76194194E-03
        2780           1   6.57805285E-05   4.37034247E-03   3.47086950E-03
        2800           1   5.08602789E-05   2.63729854E-03   2.16437504E-03
        2820           1   4.46861413E-05   1.73965120E-03   1.47857575E-03
        2840           1   5.41963491E-05   3.16753518E-03   2.54730950E-03
        2860           1   4.52957065E-05   2.42406223E-03   1.96881033E-03
        2880           1   3.85685780E-05   1.67932874E-03   1.40319264E-03
        2900           1   4.94412561E-05   3.20386142E-03   2.54949694E-03
        2920           1   4.02733858E-05   1.87834143E-03   1.57941831E-03
        2940           1   3.39935541E-05   1.24449376E-03   1.07705616E-03
        2960           1   3.71104325E-05   1.67218863E-03   1.38016127E-03
        2980           1   3.50587652E-05   1.45862671E-03   1.22569874E-03
        3000           1   3.16077749E-05   1.26026035E-03   1.06468180E-03
        3020           1   4.17155170E-05   2.45916867E-03   1.98492524E-03
        3040           1   5.06504912E-05   3.84272332E-03   3.04657687E-03
        3060           1   3.02462104E-05   1.61899312E-03   1.35407189E-03
        3080           1   3.92279762E-05   2.61293445E-03   2.09192908E-03
        3100           1   2.85736187E-05   1.27457210E-03   1.07836886E-03
        3120           1   3.23692620E-05   1.74133468E-03   1.43014314E-03
        3140           1   4.03985941E-05   2.68565211E-03   2.16286909E-03
        3160           1   2.71172776E-05   1.52585632E-03   1.25915697E-03
        3180           1   2.74917620E-05   1.45722996E-03   1.17345352E-03
        3200           1   2.23169445E-05   8.25757394E-04   7.13022368E-04
        3220           1   2.46138425E-05   1.18930289E-03   9.81038203E-04
        3240           1   2.59850567E-05   1.50141586E-03   1.21904840E-03
        3260           1   2.62330868E-05   1.53901731E-03   1.22842146E-03
        3280           1   3.41312334E-05   2.43457593E-03   1.92588288E-03
        3300           1   2.98611394E-05   2.07680650E-03   1.63323362E-03
        3320           1   2.12529903E-05   1.09522883E-03   9.00366751E-04
        3340           1   1.94283602E-05   8.97863414E-04   7.44686520E-04
        3360           1   2.37374716E-05   1.37789838E-03   1.11693423E-03
        3380           1   4.45826263E-05   3.77941295E-03   2.98299547E-03
        3400           1   3.82902435E-05   3.82749224E-03   2.96818884E-03
        3420           1   1.58411931E-05   5.84180350E-04   5.14874177E-04
        3440           1   2.19189751E-05   1.38553721E-03   1.12157571E-03
        3460           1   2.79578944E-05   2.39857403E-03   1.84955448E-03
        3480           1   2.00019913E-05   1.33460178E-03   1.05644960E-03
        3500           1   3.01953060E-05   2.55428208E-03   1.98039529E-03
        3520           1   2.24675332E-05   1.64002273E-03   1.30869099E-03
        3540           1   3.62792416E-05   3.48766148E-03   2.68978975E-03
        3560           1   1.86581674E-05   1.27734023E-03   1.01571460E-03
        3580           1   1.31928609E-05   6.17282582E-04   5.17522974E-04
        3600           1   1.26511632E-05   5.23237686E-04   4.40525473E-04
        3620           1   2.14408174E-05   1.61462766E-03   1.26901490E-03
        3640           1   1.44334463E-05   8.80990992E-04   7.04031438E-04
        3660           1   1.60295931E-05   1.00068725E-03   7.93935789E-04
        3680           1   2.32862239E-05   2.00912170E-03   1.56669295E-03
        3700           1   1.33766061E-05   8.41450237E-04   6.91364869E-04
        3720           1   2.62610301E-05   2.37803999E-03   1.84852537E-03
        3740           1   1.65369420E-05   1.19208521E-03   9.64153674E-04
        3760           1   2.75767597E-05   2.66384752E-03   2.06308183E-03
        3780           1   1.36743301E-05   9.98533913E-04   7.83570227E-04
        3800           1   2.05138567E-05   1.69535680E-03   1.31877465E-03
        3820           1   1.12302705E-05   6.48568734E-04   5.39967848E-04
        3840           1   1.55988855E-05   1.20335002E-03   9.42595711E-04
        3860           1   3.13045675E-05   3.33066471E-03   2.56880838E-03
        3880           1   2.59631852E-05   2.88966997E-03   2.21507577E-03
        3900           1   1.79933377E-05   1.67810405E-03   1.28929876E-03
        3920           1   1.32356872E-05   9.85661056E-04   7.77482055E-04
        3940           1   3.45274238E-05   3.62622342E-03   2.80155963E-03
        3960           1   3.37756755E-05   4.06291569E-03   3.08118248E-03
        3980           1   1.29590653E-05   9.40727419E-04   7.27843842E-04
        4000           1   1.61353746E-05   1.35595503E-03   1.05923554E-03
        4020           1   1.01846035E-05   7.76448986E-04   6.08715112E-04
        4040           1   1.30767439E-05   1.01766828E-03   7.77904585E-04
        4060           1   9.61983096E-06   6.92506728E-04   5.56005165E-04
        4080           1   1.37081270E-05   1.26721151E-03   9.59572557E-04
        4100           1   7.66803078E-06   4.89061582E-04   3.99821263E-04
        4100           1   7.66803078E-06   4.89061582E-04   3.99821263E-04
 Solver: fs        , Convection scheme: uds       
 RE=   1000.00000     , N=          64
 Selected Time scheme:            1
 DT=   1.71875004E-02
 Wall-clock time (s):    49.9786453    
Note: The following floating-point exceptions are signalling: IEEE_UNDERFLOW_FLAG
