 NTRANS, DT=?
          20        8698   9.99900876E-05   3.18059611       1.46363378    
          40        3640   9.99974873E-05   1.87427473       1.08958840    
          60        1032   9.99852782E-05   1.37016916       1.00031424    
          80        1843   9.99997501E-05   1.14440358      0.962099969    
         100        1238   9.99852564E-05   1.05900466      0.929665148    
         120        1040   9.99883632E-05   1.02425504      0.906799912    
         140         801   9.99866170E-05   1.00578618      0.888376236    
         160         696   9.99995900E-05  0.990599453      0.872594774    
         180         660   9.99880940E-05  0.975650549      0.856536329    
         200         668   9.99944168E-05  0.960012555      0.840047181    
         220         703   9.99851327E-05  0.942692876      0.823239326    
         240         738   9.99758195E-05  0.923240960      0.805637062    
         260         755   9.99856566E-05  0.902516007      0.787635088    
         280         755   9.99856347E-05  0.880181909      0.768997073    
         300         751   9.99783297E-05  0.856342673      0.749744892    
         320         734   9.99854965E-05  0.831508398      0.730015516    
         340         719   9.99646218E-05  0.805718303      0.709685206    
         360         703   9.99847907E-05  0.778940916      0.689261556    
         380         676   9.99587064E-05  0.751422882      0.668947041    
         400         653   9.99787590E-05  0.723142147      0.648840427    
         420         623   9.99761323E-05  0.694346607      0.628800452    
         440         597   9.99888725E-05  0.665165961      0.609257340    
         460         571   9.99705226E-05  0.635914922      0.590209723    
         480         552   9.99983095E-05  0.606891394      0.571344256    
         500         529   9.99836775E-05  0.578279257      0.552724600    
         520         506   9.99928598E-05  0.550112069      0.534071684    
         540         483   9.99991462E-05  0.522591293      0.515091717    
         560         458   9.99883414E-05  0.495921701      0.495931834    
         580         433   9.99858530E-05  0.469871193      0.476308048    
         600         410   9.99694530E-05  0.444743901      0.456310570    
         620         384   9.99992917E-05  0.420424312      0.436131328    
         640         360   9.99832919E-05  0.397150666      0.415680677    
         660         340   9.99632903E-05  0.374723583      0.395327568    
         680         320   9.99880576E-05  0.353392422      0.374976844    
         700         303   9.99605909E-05  0.333015531      0.354972869    
         720         286   9.99818149E-05  0.313523322      0.335254580    
         740         268   9.99601689E-05  0.294969082      0.316060245    
         760         252   9.99706026E-05  0.277333796      0.297388613    
         780         237   9.99539625E-05  0.260529399      0.279348105    
         800         224   9.99922268E-05  0.244479597      0.262090445    
         820         208   9.99888289E-05  0.229234889      0.245620921    
         840         199   9.99749391E-05  0.214749992      0.229987070    
         860         187   9.99963377E-05  0.201032892      0.215248868    
         880         174   9.99956101E-05  0.188104913      0.201374382    
         900         166   9.99963231E-05  0.175935075      0.188335955    
         920         157   9.99831391E-05  0.164495111      0.176135466    
         940         154   9.99799959E-05  0.153746232      0.164743692    
         960         147   9.99864933E-05  0.143662035      0.154104322    
         980         138   9.99722179E-05  0.134175718      0.144166008    
        1000         137   9.99715121E-05  0.125231206      0.134874150    
        1020         131   9.99952244E-05  0.116812617      0.126171321    
        1040         129   9.99671975E-05  0.108858064      0.118006341    
        1060         118   9.99721015E-05  0.101362310      0.110326454    
        1080         108   9.99805852E-05   9.42884460E-02  0.103099830    
        1100         102   9.99753684E-05   8.76142234E-02   9.62818414E-02
        1120          96   9.99960830E-05   8.13269615E-02   8.98419023E-02
        1140          88   9.99775220E-05   7.54304901E-02   8.37565288E-02
        1160          80   9.99870463E-05   6.99113384E-02   7.80001357E-02
        1180          79   9.99929980E-05   6.47474676E-02   7.25597218E-02
        1200          71   9.99945405E-05   5.99533096E-02   6.74239993E-02
        1220          68   9.99677068E-05   5.55014536E-02   6.25833422E-02
        1240          66   9.99848417E-05   5.13770878E-02   5.80262877E-02
        1260          64   9.99881158E-05   4.75561544E-02   5.37512749E-02
        1280          55   9.99967306E-05   4.40372527E-02   4.97491360E-02
        1300          54   9.99796830E-05   4.07734290E-02   4.60213311E-02
        1320          52   9.99886252E-05   3.77577618E-02   4.25440893E-02
        1340          44   9.99845433E-05   3.49815041E-02   3.93334553E-02
        1360          39   9.99707408E-05   3.24167237E-02   3.63469273E-02
        1380          39   9.99764889E-05   3.00548039E-02   3.36150154E-02
        1400          40   9.99793920E-05   2.78859437E-02   3.10936291E-02
        1420          36   9.99733893E-05   2.59069335E-02   2.87915263E-02
        1440          35   9.99649201E-05   2.41020098E-02   2.66857930E-02
        1460          37   9.99924450E-05   2.24507153E-02   2.47641951E-02
        1480          38   9.99962213E-05   2.09384393E-02   2.30129454E-02
        1500          30   9.99985059E-05   1.95628274E-02   2.14117803E-02
        1520          21   9.99987824E-05   1.82986408E-02   1.99522786E-02
        1540          19   9.99845361E-05   1.71132162E-02   1.86130982E-02
        1560          15   9.99964323E-05   1.60091277E-02   1.73813459E-02
        1580          12   9.99851181E-05   1.49808293E-02   1.62616819E-02
        1600          14   9.99975018E-05   1.40020559E-02   1.52137848E-02
        1620          14   9.99860422E-05   1.30876759E-02   1.42528070E-02
        1640          16   9.99862823E-05   1.22163473E-02   1.33361286E-02
        1660          13   9.99964250E-05   1.14105651E-02   1.24936895E-02
        1680          10   9.99843614E-05   1.06594563E-02   1.17089245E-02
        1700          14   9.99948315E-05   9.94549692E-03   1.09686488E-02
        1720          14   9.99735930E-05   9.27941594E-03   1.02663124E-02
        1740          10   9.99900731E-05   8.67258571E-03   9.61460825E-03
        1760          10   9.99775657E-05   8.10368638E-03   8.99937656E-03
        1780          12   9.99876356E-05   7.58540537E-03   8.41378793E-03
        1800          14   9.99723707E-05   7.12770084E-03   7.87843205E-03
        1820          15   9.99670665E-05   6.70959242E-03   7.36330636E-03
        1840           8   9.99764670E-05   6.32438436E-03   6.88615115E-03
        1860          10   9.99860567E-05   5.96133247E-03   6.44164998E-03
        1880          11   9.99835684E-05   5.62165026E-03   6.03138003E-03
        1900          11   9.99832628E-05   5.31691732E-03   5.66023309E-03
        1920           6   9.99771582E-05   5.00717014E-03   5.28757228E-03
        1940          10   9.99817712E-05   4.72597172E-03   4.95864311E-03
        1960           6   9.99904296E-05   4.46949992E-03   4.65742080E-03
        1980           6   9.99892218E-05   4.20996081E-03   4.36030515E-03
        2000           4   9.99968324E-05   3.98069806E-03   4.09944542E-03
        2020           5   9.99960466E-05   3.76075483E-03   3.85672506E-03
        2040           9   9.99850381E-05   3.55344173E-03   3.63175804E-03
        2060           7   9.99845142E-05   3.36777372E-03   3.42647359E-03
        2080           6   9.99654003E-05   3.17487377E-03   3.22529115E-03
        2100           5   9.99729382E-05   3.01581807E-03   3.06311878E-03
        2120           6   9.99960394E-05   2.87522166E-03   2.91324873E-03
        2140           5   9.99983386E-05   2.69141863E-03   2.72688805E-03
        2160           4   9.99704353E-05   2.55110534E-03   2.58646742E-03
        2180           5   9.99753684E-05   2.41808919E-03   2.45183031E-03
        2200           5   9.99814147E-05   2.29945430E-03   2.33104313E-03
        2220           6   9.99909389E-05   2.16148724E-03   2.18925928E-03
        2240           3   9.99952244E-05   2.03928025E-03   2.06506951E-03
        2260           5   9.99815602E-05   1.92552549E-03   1.94975117E-03
        2280           3   9.99775730E-05   1.82745419E-03   1.84907240E-03
        2300           3   9.99819604E-05   1.73415325E-03   1.75436330E-03
        2320           3   9.99772601E-05   1.69204187E-03   1.70748774E-03
        2340           2   9.99173062E-05   1.64308725E-03   1.65338849E-03
        2360           2   9.99435651E-05   1.53933826E-03   1.54604181E-03
        2380           2   9.99875774E-05   1.46523933E-03   1.46622048E-03
        2400           2   9.99211188E-05   1.38590136E-03   1.38651021E-03
        2420           3   9.98227697E-05   1.41913677E-03   1.40805624E-03
        2440           2   9.99419717E-05   1.28901680E-03   1.27282459E-03
        2460           2   9.99291951E-05   1.21068431E-03   1.19693635E-03
        2480           2   9.99734038E-05   1.11016363E-03   1.10195437E-03
        2500           3   9.96976451E-05   1.21476618E-03   1.19209569E-03
        2520           3   9.98857649E-05   1.07677584E-03   1.03914889E-03
        2540           2   9.98718533E-05   1.20468065E-03   1.17257482E-03
        2560           1   9.76762385E-05   1.12369913E-03   1.00343535E-03
        2580           1   9.99235490E-05   1.19622995E-03   1.11592654E-03
        2600           2   9.95225564E-05   1.08436495E-03   1.00713782E-03
        2620           1   9.75217772E-05   9.83183389E-04   8.74136866E-04
        2640           3   9.89514810E-05   1.31082814E-03   1.24706421E-03
        2660           1   9.76647352E-05   1.15341577E-03   9.13115044E-04
        2680           3   9.96641538E-05   1.33810122E-03   1.27395021E-03
        2700           2   9.80658006E-05   2.31583230E-03   2.18421454E-03
        2720           1   7.85161246E-05   1.26819662E-03   1.03009061E-03
        2740           2   9.77533346E-05   2.23542517E-03   1.62025541E-03
        2760           3   9.59504323E-05   3.14865774E-03   2.97310413E-03
        2780           1   9.40164173E-05   2.46263458E-03   1.81106257E-03
        2800           1   7.29263775E-05   7.83173949E-04   7.42083823E-04
        2820           1   9.01837047E-05   1.04639574E-03   8.04608862E-04
        2840           2   9.99177064E-05   1.32705283E-03   1.12913665E-03
        2860           1   9.74305876E-05   1.30051002E-03   9.34016774E-04
        2880           1   8.96114070E-05   1.18423183E-03   8.27476208E-04
        2900           2   9.62296326E-05   1.78701268E-03   1.23758358E-03
        2920           1   9.71940317E-05   1.75560685E-03   1.09575933E-03
        2940           2   9.92846180E-05   2.19223811E-03   1.79050164E-03
        2960           1   9.68437671E-05   2.22761743E-03   1.47155533E-03
        2980           1   9.71748232E-05   2.13208608E-03   1.37457345E-03
        3000           2   9.49084642E-05   2.25362508E-03   1.71187730E-03
        3020           3   9.51489856E-05   2.39274395E-03   1.98116712E-03
        3040           1   8.32048172E-05   1.79389049E-03   1.19087275E-03
        3060           1   9.86317100E-05   2.46701855E-03   1.89554971E-03
        3080           1   9.23489933E-05   2.63460306E-03   1.89411594E-03
        3100           2   9.40232567E-05   2.76998244E-03   2.04594433E-03
        3120           1   7.10781896E-05   1.04042212E-03   7.19339587E-04
        3140           1   9.61994010E-05   2.53304187E-03   1.84287201E-03
        3160           1   9.75624862E-05   2.14153854E-03   1.45079044E-03
        3180           1   8.56117695E-05   1.40548777E-03   8.50630866E-04
        3200           2   9.42178667E-05   2.96086399E-03   2.53569242E-03
        3220           1   9.53038398E-05   2.55586160E-03   1.46434153E-03
        3240           1   8.91055606E-05   2.40166299E-03   1.33266021E-03
        3260           3   9.79818578E-05   5.14668040E-03   4.96153813E-03
        3280           1   8.89648218E-05   2.97015929E-03   1.77248474E-03
        3300           1   7.54890498E-05   1.95016316E-03   1.11994636E-03
        3320           1   9.48445522E-05   2.93805124E-03   1.79812743E-03
        3340           1   9.63554048E-05   3.10239103E-03   2.18658196E-03
        3360           1   9.96805902E-05   2.86529493E-03   1.51350326E-03
        3380           1   8.19708803E-05   1.81249762E-03   9.62413964E-04
        3400           1   8.69426294E-05   2.07755552E-03   1.14983157E-03
        3420           2   9.55274736E-05   2.66405870E-03   2.01731874E-03
        3440           1   8.90627052E-05   2.16678111E-03   1.28897489E-03
        3460           1   9.49464302E-05   3.32968682E-03   2.13230168E-03
        3480           2   9.24049091E-05   3.31002148E-03   2.27088458E-03
        3500           1   9.52025293E-05   2.84351874E-03   1.56335789E-03
        3520           1   9.63632483E-05   3.40127060E-03   2.12179357E-03
        3540           1   7.29398744E-05   2.40364647E-03   1.46852329E-03
        3560           1   9.33482879E-05   2.97291134E-03   1.54039380E-03
        3580           2   9.59299432E-05   3.49022844E-03   2.67605600E-03
        3600           1   8.70746735E-05   2.45318189E-03   1.36249117E-03
        3620           1   5.24407005E-05   8.12205253E-04   5.71990153E-04
        3640           3   9.71737172E-05   4.63531679E-03   4.22596466E-03
        3660           1   9.43800405E-05   3.55401356E-03   2.34669517E-03
        3680           1   5.64814218E-05   1.48340443E-03   8.97586113E-04
        3700           1   8.81839078E-05   2.51740008E-03   1.35221216E-03
        3720           2   9.21247265E-05   3.52675095E-03   2.38274108E-03
        3740           1   6.46659828E-05   1.95499323E-03   1.15524256E-03
        3760           1   5.44917966E-05   9.92974732E-04   5.85389324E-04
        3780           2   9.87893363E-05   3.33734136E-03   2.26613856E-03
        3800           1   8.99587467E-05   3.36147891E-03   1.90764549E-03
        3820           1   8.77463754E-05   3.35212331E-03   1.92590232E-03
        3840           2   9.47965309E-05   3.17517016E-03   2.11921148E-03
        3860           2   9.06938076E-05   3.98914702E-03   2.73356447E-03
        3880           1   7.20615353E-05   2.38032895E-03   1.28001650E-03
        3900           1   8.83120229E-05   2.64762715E-03   1.35349296E-03
        3920           1   9.05734050E-05   3.89253744E-03   2.69433158E-03
        3940           1   8.57475679E-05   2.87456508E-03   1.42164226E-03
        3960           2   9.22217296E-05   3.19727650E-03   2.10719160E-03
        3980           3   9.14421544E-05   3.54013406E-03   2.58311490E-03
        4000           1   9.87122621E-05   4.27035475E-03   2.72522052E-03
        4020           1   5.02797920E-05   1.70935760E-03   9.74691182E-04
        4040           1   6.56069315E-05   2.02651089E-03   1.07151223E-03
        4060           2   9.62246268E-05   5.35883382E-03   4.71823663E-03
        4080           2   9.35766293E-05   4.17067390E-03   2.60727014E-03
        4100           1   8.06680982E-05   2.99636554E-03   1.51530828E-03
        4120           1   9.25400818E-05   3.74837522E-03   2.06931634E-03
        4140           1   9.90933404E-05   4.28959494E-03   2.63224845E-03
        4160           1   3.27399539E-05   6.39823498E-04   3.99801589E-04
        4180           1   7.72216590E-05   2.51294905E-03   1.26798893E-03
        4200           1   9.61656260E-05   3.84008582E-03   2.49304390E-03
        4220           1   9.77052987E-05   4.43931110E-03   3.07885045E-03
        4240           1   4.06015679E-05   1.16655463E-03   6.20344537E-04
        4260           2   9.23752086E-05   4.30418644E-03   3.23597854E-03
        4280           1   9.71328045E-05   3.91646288E-03   2.05701543E-03
        4300           2   9.38307348E-05   4.54713311E-03   3.46377445E-03
        4320           1   4.44359575E-05   1.31243374E-03   7.14726979E-04
        4340           1   6.62097300E-05   2.41156342E-03   1.20806601E-03
        4360           1   8.99432198E-05   4.21862910E-03   2.95434496E-03
        4380           1   8.91460222E-05   4.29254957E-03   2.61675473E-03
        4400           1   7.37921800E-05   2.77279131E-03   1.40061032E-03
        4420           1   9.57179946E-05   3.95567063E-03   2.05234974E-03
        4440           1   6.38547208E-05   2.11786735E-03   1.07592298E-03
        4460           1   9.08423972E-05   3.46926460E-03   1.67724758E-03
        4480           2   9.82372294E-05   4.11508931E-03   2.97092600E-03
        4500           1   2.36525284E-05   4.78896312E-04   3.12601216E-04
        4500           1   2.36525284E-05   4.78896312E-04   3.12601216E-04
 Solver: fs        , Convection scheme: uds       
 RE=   1000.00000     , N=          64
 Selected Time scheme:            2
 DT=   1.70000009E-02
 Wall-clock time (s):    152.181244    
Note: The following floating-point exceptions are signalling: IEEE_UNDERFLOW_FLAG
