 DT=?
          20        3578   9.99927142E-05   2.41638041      0.993093133    
          40        1093   9.99984622E-05   1.47387254      0.645368218    
          60         568   9.99989061E-05   1.08542681      0.512151003    
          80         470   9.99966724E-05  0.869434774      0.446612149    
         100         380   9.99846307E-05  0.731927931      0.410367131    
         120         330   9.99756157E-05  0.633341312      0.389961511    
         140         292   9.99996046E-05  0.560441732      0.376957119    
         160         268   9.99887125E-05  0.506310463      0.367705584    
         180         251   9.99659678E-05  0.466062993      0.361079127    
         200         238   9.99940676E-05  0.436741263      0.355212092    
         220         229   9.99794502E-05  0.415968001      0.350461960    
         240         222   9.99524782E-05  0.401883364      0.345790118    
         260         211   9.99959739E-05  0.391936839      0.341950804    
         280         204   9.99585609E-05  0.384697378      0.338236034    
         300         199   9.99571566E-05  0.379648447      0.335173965    
         320         192   9.99672775E-05  0.375818133      0.332184434    
         340         186   9.99612748E-05  0.372826308      0.329761058    
         360         180   9.99874392E-05  0.370573133      0.327211887    
         380         177   9.99584590E-05  0.368490636      0.324957252    
         400         177   9.99531767E-05  0.366376549      0.322887182    
         420         176   9.99904441E-05  0.364648283      0.320813060    
         440         173   9.99804470E-05  0.362767279      0.318796575    
         460         169   9.99835393E-05  0.360773176      0.316775084    
         480         165   9.99901167E-05  0.358861893      0.314729989    
         500         164   9.99840267E-05  0.356846601      0.312621176    
         520         166   9.99577678E-05  0.354683995      0.310499221    
         540         166   9.99639087E-05  0.352655292      0.308395654    
         560         160   9.99976692E-05  0.350371331      0.306267917    
         580         163   9.99920885E-05  0.348057866      0.303962439    
         600         159   9.99556578E-05  0.345640093      0.301729649    
         620         161   9.99617332E-05  0.343078196      0.299372107    
         640         154   9.99646800E-05  0.340548247      0.297028035    
         660         156   9.99605691E-05  0.337752402      0.294676572    
         680         154   9.99729164E-05  0.335089058      0.292283773    
         700         150   9.99695476E-05  0.332156032      0.289797336    
         720         149   9.99565818E-05  0.329288095      0.287407547    
         740         153   9.99702534E-05  0.326240689      0.284931153    
         760         145   9.99699041E-05  0.323236972      0.282337666    
         780         144   9.99726399E-05  0.320031613      0.279737115    
         800         141   9.99827753E-05  0.316900134      0.277158588    
         820         140   9.99952754E-05  0.313606828      0.274534494    
         840         138   9.99758704E-05  0.310356677      0.271891177    
         860         131   9.99948534E-05  0.306904376      0.269215673    
         880         127   9.99732583E-05  0.303545713      0.266531527    
         900         124   9.99772819E-05  0.300084949      0.263805002    
         920         122   9.99922922E-05  0.296547294      0.261043042    
         940         120   9.99769400E-05  0.293023705      0.258293182    
         960         120   9.99683980E-05  0.289356321      0.255548209    
         980         122   9.99659023E-05  0.285743773      0.252804875    
        1000         119   9.99816111E-05  0.282052010      0.250065982    
        1020         119   9.99649856E-05  0.278310031      0.247342169    
        1040         117   9.99914992E-05  0.274596006      0.244609937    
        1060         122   9.99779513E-05  0.270753026      0.241908655    
        1080         120   9.99678086E-05  0.266940713      0.239215925    
        1100         117   9.99672848E-05  0.263099998      0.236505672    
        1120         109   9.99937110E-05  0.259193420      0.233783394    
        1140         104   9.99927070E-05  0.255326331      0.231115028    
        1160         102   9.99922777E-05  0.251419306      0.228475809    
        1180          99   9.99588083E-05  0.247451141      0.225851431    
        1200          90   9.99821787E-05  0.243549213      0.223208010    
        1220          91   9.99951662E-05  0.239623398      0.220634028    
        1240          88   9.99845433E-05  0.235658854      0.218080938    
        1260          85   9.99834519E-05  0.231724814      0.215529054    
        1280          89   9.99866170E-05  0.227820367      0.212975577    
        1300          91   9.99775002E-05  0.223889232      0.210454404    
        1320          90   9.99813128E-05  0.219980553      0.207968712    
        1340          93   9.99628755E-05  0.216113314      0.205470085    
        1360          91   9.99758122E-05  0.212286770      0.202935234    
        1380          98   9.99608892E-05  0.208436772      0.200422660    
        1400          98   9.99615222E-05  0.204621598      0.197920650    
        1420         101   9.99696640E-05  0.200883493      0.195402846    
        1440         102   9.99616095E-05  0.197153196      0.192854449    
        1460          97   9.99852782E-05  0.193453878      0.190270737    
        1480          94   9.99734693E-05  0.189791039      0.187713891    
        1500          91   9.99639233E-05  0.186184824      0.185133338    
        1520          92   9.99651456E-05  0.182613507      0.182532907    
        1540          89   9.99694967E-05  0.179065630      0.179878429    
        1560          90   9.99725235E-05  0.175529823      0.177242354    
        1580          91   9.99730473E-05  0.172064111      0.174596101    
        1600          91   9.99983167E-05  0.168648034      0.171924531    
        1620          84   9.99686526E-05  0.165277138      0.169213846    
        1640          90   9.99671975E-05  0.161918342      0.166491434    
        1660          90   9.99871772E-05  0.158609897      0.163780823    
        1680          82   9.99919721E-05  0.155357257      0.161044747    
        1700          80   9.99709955E-05  0.152170703      0.158307716    
        1720          79   9.99782860E-05  0.149025396      0.155544534    
        1740          74   9.99696131E-05  0.145921111      0.152773604    
        1760          72   9.99745753E-05  0.142852813      0.150027931    
        1780          66   9.99702170E-05  0.139848128      0.147279963    
        1800          63   9.99787590E-05  0.136872515      0.144529492    
        1820          65   9.99719632E-05  0.133944288      0.141785339    
        1840          59   9.99605691E-05  0.131104305      0.139036134    
        1860          58   9.99617259E-05  0.128301486      0.136315867    
        1880          63   9.99829062E-05  0.125528410      0.133617237    
        1900          62   9.99660624E-05  0.122804187      0.130932093    
        1920          62   9.99835975E-05  0.120130554      0.128260791    
        1940          58   9.99723197E-05  0.117503494      0.125597551    
        1960          55   9.99574258E-05  0.114912987      0.122951277    
        1980          56   9.99553449E-05  0.112362102      0.120344661    
        2000          56   9.99572731E-05  0.109872341      0.117764585    
        2020          53   9.99494514E-05  0.107433721      0.115204945    
        2040          49   9.99704062E-05  0.105040014      0.112666294    
        2060          44   9.99783224E-05  0.102684125      0.110160865    
        2080          46   9.99809781E-05  0.100359224      0.107687198    
        2100          50   9.99589101E-05   9.80781913E-02  0.105249368    
        2120          49   9.99682379E-05   9.58388671E-02  0.102843732    
        2140          50   9.99706390E-05   9.36353728E-02  0.100484565    
        2160          53   9.99561744E-05   9.14654210E-02   9.81632173E-02
        2180          57   9.99687472E-05   8.93348306E-02   9.58798900E-02
        2200          61   9.99707481E-05   8.72434750E-02   9.36377198E-02
        2220          54   9.99969488E-05   8.52100924E-02   9.14199054E-02
        2240          49   9.99962504E-05   8.32086653E-02   8.92471299E-02
        2260          46   9.99740296E-05   8.12401325E-02   8.71152878E-02
        2280          44   9.99755721E-05   7.93110356E-02   8.50342959E-02
        2300          43   9.99724361E-05   7.74181038E-02   8.29951391E-02
        2320          42   9.99747645E-05   7.55627230E-02   8.10012594E-02
        2340          44   9.99717886E-05   7.37419277E-02   7.90532455E-02
        2360          39   9.99893819E-05   7.19684660E-02   7.71431699E-02
        2380          38   9.99730401E-05   7.02297539E-02   7.52776787E-02
        2400          36   9.99998665E-05   6.85306937E-02   7.34507889E-02
        2420          33   9.99948898E-05   6.68712333E-02   7.16651827E-02
        2440          31   9.99833865E-05   6.52465299E-02   6.99221939E-02
        2460          30   9.99976910E-05   6.36591911E-02   6.82233796E-02
        2480          28   9.99677795E-05   6.21074438E-02   6.65629804E-02
        2500          28   9.99832118E-05   6.05876818E-02   6.49447218E-02
        2520          24   9.99949407E-05   5.91119714E-02   6.33624569E-02
        2540          20   9.99874537E-05   5.76658212E-02   6.18215688E-02
        2560          13   9.99686526E-05   5.62584698E-02   6.03167191E-02
        2580          16   9.99824115E-05   5.48666865E-02   5.88569306E-02
        2600          21   9.99902040E-05   5.35091087E-02   5.74335381E-02
        2620          21   9.99724143E-05   5.21861017E-02   5.60400598E-02
        2640          19   9.99981567E-05   5.08977175E-02   5.46813384E-02
        2660          17   9.99875629E-05   4.96336371E-02   5.33567332E-02
        2680          19   9.99629628E-05   4.83927801E-02   5.20692877E-02
        2700          23   9.99865952E-05   4.71788235E-02   5.08106574E-02
        2720          25   9.99725162E-05   4.59914058E-02   4.95824516E-02
        2740          28   9.99682743E-05   4.48289029E-02   4.83844727E-02
        2760          24   9.99746844E-05   4.37023938E-02   4.72080894E-02
        2780          25   9.99682961E-05   4.25913259E-02   4.60637473E-02
        2800          21   9.99814874E-05   4.15117517E-02   4.49412651E-02
        2820          23   9.99838303E-05   4.04463261E-02   4.38506640E-02
        2840          24   9.99947733E-05   3.94052975E-02   4.27831225E-02
        2860          18   9.99704644E-05   3.83947380E-02   4.17342819E-02
        2880          22   9.99594558E-05   3.73922959E-02   4.07173038E-02
        2900          22   9.99718904E-05   3.64165641E-02   3.97175662E-02
        2920          23   9.99817858E-05   3.54587361E-02   3.87422219E-02
        2940          21   9.99853874E-05   3.45256999E-02   3.77864279E-02
        2960          17   9.99696495E-05   3.36184353E-02   3.68489027E-02
        2980          18   9.99738113E-05   3.27199437E-02   3.59339453E-02
        3000          19   9.99645781E-05   3.18425000E-02   3.50391120E-02
        3020          19   9.99875410E-05   3.09892874E-02   3.41601558E-02
        3040           9   9.99858239E-05   3.01646572E-02   3.32940370E-02
        3060          13   9.99799959E-05   2.93421447E-02   3.24566811E-02
        3080          12   9.99963304E-05   2.85454448E-02   3.16321924E-02
        3100          14   9.99776239E-05   2.77590659E-02   3.08254287E-02
        3120          14   9.99673648E-05   2.69969888E-02   3.00345942E-02
        3140          13   9.99645272E-05   2.62552835E-02   2.92605888E-02
        3160          14   9.99768381E-05   2.55294815E-02   2.85005923E-02
        3180          13   9.99610711E-05   2.48249993E-02   2.77558267E-02
        3200          11   9.99614713E-05   2.41377130E-02   2.70286892E-02
        3220          13   9.99853364E-05   2.34646276E-02   2.63164826E-02
        3240          14   9.99925251E-05   2.28113346E-02   2.56196018E-02
        3260           9   9.99877666E-05   2.21814234E-02   2.49343943E-02
        3280           9   9.99746844E-05   2.15630420E-02   2.42655594E-02
        3300           9   9.99720869E-05   2.09610853E-02   2.36135740E-02
        3320           8   9.99941840E-05   2.03769244E-02   2.29724981E-02
        3340          11   9.99689946E-05   1.98030006E-02   2.23488715E-02
        3360          11   9.99771873E-05   1.92528050E-02   2.17374898E-02
        3380          11   9.99649346E-05   1.87134240E-02   2.11405475E-02
        3400           8   9.99897456E-05   1.81944445E-02   2.05555279E-02
        3420           5   9.99853728E-05   1.76902507E-02   1.99861862E-02
        3440           8   9.99648400E-05   1.71910934E-02   1.94315501E-02
        3460           9   9.99826807E-05   1.67111158E-02   1.88887566E-02
        3480           5   9.99740369E-05   1.62514299E-02   1.83568690E-02
        3500           7   9.99695403E-05   1.57952122E-02   1.78428069E-02
        3520          12   9.99678814E-05   1.53518422E-02   1.73408538E-02
        3540           8   9.99640397E-05   1.49288876E-02   1.68514363E-02
        3560           8   9.99759868E-05   1.45133464E-02   1.63740534E-02
        3580           8   9.99608601E-05   1.41088394E-02   1.59078483E-02
        3600           8   9.99943368E-05   1.37190502E-02   1.54574374E-02
        3620           7   9.99881013E-05   1.33401891E-02   1.50186336E-02
        3640           8   9.99980184E-05   1.29692191E-02   1.45922750E-02
        3660           6   9.99838812E-05   1.26125319E-02   1.41771967E-02
        3680          10   9.99716431E-05   1.22596882E-02   1.37750693E-02
        3700           6   9.99711046E-05   1.19281868E-02   1.33827729E-02
        3720           9   9.99994299E-05   1.15983412E-02   1.30034983E-02
        3740           6   9.99931726E-05   1.12842591E-02   1.26362061E-02
        3760           6   9.99875847E-05   1.09756598E-02   1.22801000E-02
        3780           7   9.99994663E-05   1.06771085E-02   1.19339265E-02
        3800           7   9.99872645E-05   1.03878081E-02   1.15972664E-02
        3820           7   9.99885015E-05   1.01091322E-02   1.12748761E-02
        3840           7   9.99907279E-05   9.83890984E-03   1.09603889E-02
        3860           5   9.99883268E-05   9.57865175E-03   1.06559712E-02
        3880           6   9.99995609E-05   9.32598207E-03   1.03608882E-02
        3900           6   9.99643598E-05   9.08123329E-03   1.00758318E-02
        3920           6   9.99922922E-05   8.84634349E-03   9.80013888E-03
        3940           5   9.99856347E-05   8.61790963E-03   9.53359995E-03
        3960           7   9.99815456E-05   8.39477777E-03   9.27621778E-03
        3980           2   9.99839904E-05   8.18540994E-03   9.02633276E-03
        4000           5   9.99734330E-05   7.97361322E-03   8.78528971E-03
        4020           6   9.99990225E-05   7.77236838E-03   8.55360553E-03
        4040           6   9.99724580E-05   7.57755805E-03   8.33008997E-03
        4060           5   9.99860204E-05   7.39172241E-03   8.11033044E-03
        4080           2   9.99978292E-05   7.21160555E-03   7.89941009E-03
        4100           4   9.99574113E-05   7.03191431E-03   7.69630726E-03
        4120           4   9.99755503E-05   6.86177704E-03   7.49796210E-03
        4140           5   9.99906915E-05   6.69418368E-03   7.30799418E-03
        4160           4   9.99790282E-05   6.53338525E-03   7.12125283E-03
        4180           5   9.99763652E-05   6.37333747E-03   6.94271596E-03
        4200           7   9.99854674E-05   6.21584058E-03   6.76929485E-03
        4220           3   9.99962358E-05   6.07030885E-03   6.59976760E-03
        4240           2   9.99996046E-05   5.92327910E-03   6.43626507E-03
        4260           1   9.99984404E-05   5.78010315E-03   6.27898239E-03
        4280           4   9.99656113E-05   5.63525921E-03   6.12581987E-03
        4300           4   9.99926633E-05   5.49916085E-03   5.97747834E-03
        4320           3   9.99977565E-05   5.36639336E-03   5.83031448E-03
        4340           4   9.99846598E-05   5.23475371E-03   5.69273531E-03
        4360           3   9.99764234E-05   5.10653295E-03   5.55418432E-03
        4380           4   9.99718613E-05   4.98158950E-03   5.42188343E-03
        4400           4   9.99773183E-05   4.85822279E-03   5.29231876E-03
        4420           3   9.99628755E-05   4.73956717E-03   5.16611896E-03
        4440           1   9.99703188E-05   4.62486222E-03   5.04304841E-03
        4460           4   9.99902622E-05   4.50784434E-03   4.92193224E-03
        4480           1   9.99826298E-05   4.40094853E-03   4.80514392E-03
        4500           4   9.99707772E-05   4.28702403E-03   4.69127018E-03
        4520           4   9.99652475E-05   4.18187259E-03   4.58097272E-03
        4540           3   9.99716649E-05   4.07888927E-03   4.47148643E-03
        4560           5   9.99697149E-05   3.97468358E-03   4.36622417E-03
        4580           4   9.99716794E-05   3.87482182E-03   4.26197005E-03
        4600           2   9.99665936E-05   3.78389750E-03   4.16083587E-03
        4620           5   9.99675394E-05   3.68436659E-03   4.06118156E-03
        4640           3   9.99632757E-05   3.59547674E-03   3.96507047E-03
        4660           2   9.99634940E-05   3.50589748E-03   3.87155055E-03
        4680           1   9.99556869E-05   3.41880694E-03   3.77739919E-03
        4700           3   9.99887561E-05   3.33409850E-03   3.68841668E-03
        4720           2   9.99807453E-05   3.25400382E-03   3.60075198E-03
        4740           2   9.99976983E-05   3.17323906E-03   3.51483258E-03
        4760           3   9.99855620E-05   3.09335999E-03   3.42976907E-03
        4780           2   9.99829572E-05   3.01779807E-03   3.34821176E-03
        4800           3   9.99866534E-05   2.94508878E-03   3.26706562E-03
        4820           3   9.99774566E-05   2.87504168E-03   3.18873534E-03
        4840           2   9.99911717E-05   2.80783372E-03   3.11058317E-03
        4860           2   9.99905023E-05   2.74408050E-03   3.03813070E-03
        4880           1   9.99635449E-05   2.68176245E-03   2.96310568E-03
        4900           1   9.99883850E-05   2.62218900E-03   2.89164530E-03
        4920           2   9.99883632E-05   2.56508240E-03   2.82088132E-03
        4940           1   9.99504337E-05   2.50841398E-03   2.75419652E-03
        4960           3   9.99731565E-05   2.45328993E-03   2.68755853E-03
        4980           2   9.99639815E-05   2.40002596E-03   2.62162439E-03
        5000           2   9.99685508E-05   2.34913011E-03   2.55900947E-03
        5020           1   9.99960321E-05   2.30029086E-03   2.49610306E-03
        5040           1   9.99951153E-05   2.25011678E-03   2.43662274E-03
        5060           1   9.99835174E-05   2.20167637E-03   2.37730099E-03
        5080           2   9.99726035E-05   2.15292629E-03   2.31997529E-03
        5100           1   9.99765907E-05   2.10785354E-03   2.26388033E-03
        5120           3   9.99675976E-05   2.06124829E-03   2.20869714E-03
        5140           1   9.99994736E-05   2.01922632E-03   2.15666159E-03
        5160           1   9.99667536E-05   1.97674753E-03   2.10455502E-03
        5180           2   9.99756303E-05   1.93460530E-03   2.05429411E-03
        5200           2   9.99672775E-05   1.89394958E-03   2.00547557E-03
        5220           2   9.99665717E-05   1.85299478E-03   1.95686379E-03
        5240           1   9.99869590E-05   1.81553210E-03   1.91206357E-03
        5260           1   9.99585609E-05   1.77698745E-03   1.86538033E-03
        5280           1   9.99635959E-05   1.73975970E-03   1.82367652E-03
        5300           1   9.99655385E-05   1.70286722E-03   1.78050937E-03
        5320           1   9.99792610E-05   1.66740338E-03   1.73767773E-03
        5340           1   9.99557742E-05   1.63354748E-03   1.69904798E-03
        5360           1   9.98144969E-05   1.59816619E-03   1.65962719E-03
        5380           1   9.99955446E-05   1.56568747E-03   1.62163971E-03
        5400           1   9.99243348E-05   1.53395743E-03   1.58462522E-03
        5420           1   9.99215335E-05   1.50100328E-03   1.54923147E-03
        5440           1   9.98194519E-05   1.47031969E-03   1.51532225E-03
        5460           1   9.98866817E-05   1.43976463E-03   1.47993769E-03
        5480           1   9.99617405E-05   1.41010457E-03   1.44770276E-03
        5500           1   9.98045580E-05   1.38081296E-03   1.41388492E-03
        5520           1   9.92227942E-05   1.35341776E-03   1.38476992E-03
        5540           1   9.81498233E-05   1.32550264E-03   1.35445688E-03
        5560           1   9.64992578E-05   1.30020129E-03   1.33035693E-03
        5580           1   9.43961204E-05   1.27538154E-03   1.30521716E-03
        5600           1   9.18654841E-05   1.25281373E-03   1.28196459E-03
        5620           1   8.91458185E-05   1.23244536E-03   1.26042869E-03
        5640           1   8.63090609E-05   1.21181388E-03   1.24051154E-03
        5660           1   8.35694009E-05   1.19135168E-03   1.22058135E-03
        5680           1   8.10313868E-05   1.17221638E-03   1.20073918E-03
        5700           1   7.87473473E-05   1.15234591E-03   1.18116266E-03
        5720           1   7.68962564E-05   1.12931023E-03   1.16047589E-03
        5740           1   7.54258945E-05   1.10960787E-03   1.13913591E-03
        5760           1   7.44217541E-05   1.08935731E-03   1.11807114E-03
        5780           1   7.37919254E-05   1.07168767E-03   1.09496398E-03
        5800           1   7.34711648E-05   1.05315284E-03   1.06971676E-03
        5820           1   7.32983317E-05   1.03171286E-03   1.04835664E-03
        5840           1   7.32048065E-05   1.01752148E-03   1.02585100E-03
        5860           1   7.29111343E-05   9.99613199E-04   1.00511184E-03
        5880           1   7.24197380E-05   9.83248348E-04   9.84870363E-04
        5900           1   7.16242284E-05   9.66657361E-04   9.66491352E-04
        5920           1   7.05191778E-05   9.51959519E-04   9.49440815E-04
        5940           1   6.91553068E-05   9.36424709E-04   9.31441551E-04
        5960           1   6.75379415E-05   9.21069528E-04   9.17278288E-04
        5980           1   6.59008147E-05   9.05791705E-04   9.02148080E-04
        6000           1   6.41525185E-05   8.92722688E-04   8.88323877E-04
        6020           1   6.23985397E-05   8.78319959E-04   8.73824116E-04
        6040           1   6.07649927E-05   8.63272871E-04   8.60571221E-04
        6060           1   5.93129298E-05   8.50179931E-04   8.46799754E-04
        6080           1   5.80352753E-05   8.35278188E-04   8.33971368E-04
        6100           1   5.69339900E-05   8.22781352E-04   8.19962879E-04
        6120           1   5.60538465E-05   8.09375546E-04   8.06093565E-04
        6140           1   5.53874743E-05   7.95120606E-04   7.93083978E-04
        6160           1   5.48469106E-05   7.81555485E-04   7.78936024E-04
        6180           1   5.44188006E-05   7.65634351E-04   7.65404606E-04
        6200           1   5.40429355E-05   7.52996013E-04   7.52783380E-04
        6220           1   5.36656407E-05   7.38495961E-04   7.40467745E-04
        6240           1   5.32326558E-05   7.23333156E-04   7.25228339E-04
        6260           1   5.27342090E-05   7.10950291E-04   7.14782043E-04
        6280           1   5.21704424E-05   6.97223702E-04   7.02902209E-04
        6300           1   5.13909981E-05   6.85547246E-04   6.89255015E-04
        6320           1   5.05421922E-05   6.72116410E-04   6.81396690E-04
        6340           1   4.96160392E-05   6.61337690E-04   6.69237867E-04
        6360           1   4.85609780E-05   6.52871327E-04   6.59518293E-04
        6380           1   4.74921217E-05   6.41115941E-04   6.50378817E-04
        6400           1   4.63989527E-05   6.34392491E-04   6.39349397E-04
        6420           1   4.54213987E-05   6.24609645E-04   6.28287555E-04
        6440           1   4.44935285E-05   6.16365753E-04   6.18367165E-04
        6460           1   4.36279515E-05   6.08059810E-04   6.07342634E-04
        6480           1   4.28542226E-05   5.99594088E-04   5.94976067E-04
        6500           1   4.21961049E-05   5.90380980E-04   5.83443965E-04
        6520           1   4.16080147E-05   5.79952903E-04   5.74356061E-04
        6540           1   4.10734247E-05   5.72276418E-04   5.62647998E-04
        6560           1   4.05748215E-05   5.63146314E-04   5.53153979E-04
        6580           1   4.01244761E-05   5.54665108E-04   5.42719499E-04
        6600           1   3.96738178E-05   5.45379356E-04   5.35075495E-04
        6620           1   3.92082620E-05   5.37509331E-04   5.26484160E-04
        6640           1   3.87270666E-05   5.28149889E-04   5.18741144E-04
        6660           1   3.82446706E-05   5.20443078E-04   5.11550636E-04
        6680           1   3.77378710E-05   5.10965823E-04   5.04155119E-04
        6700           1   3.71977367E-05   5.02404000E-04   4.96419205E-04
        6706           1   3.70350026E-05   4.99822083E-04   4.94577806E-04
 Solver: fs        , Convection scheme: uds       
 RE=   1000.00000     , N=          64
 Selected Time scheme:            2
 DT=   6.25000009E-03
 Wall-clock time (s):    87.3843231    
Note: The following floating-point exceptions are signalling: IEEE_UNDERFLOW_FLAG
