 NTRANS, DT=?
          20        1285   9.99858530E-05   2.82051229       1.19417620    
          40         503   9.99982731E-05   1.70799255      0.818127751    
          60         326   9.99874537E-05   1.29141843      0.721475363    
          80         260   9.99846816E-05   1.07557034      0.701764464    
         100         230   9.99513577E-05  0.949041426      0.705352545    
         120         215   9.99929835E-05  0.882465482      0.712352753    
         140         204   9.99008626E-05  0.856127858      0.715007842    
         160         193   9.99853728E-05  0.850796461      0.712611914    
         180         184   9.99264448E-05  0.851585269      0.708303630    
         200         178   9.98682226E-05  0.856018305      0.705751181    
         220         171   9.99958065E-05  0.858557284      0.703947723    
         240         167   9.99409240E-05  0.857509136      0.701605141    
         260         163   9.98649339E-05  0.855398417      0.697896600    
         280         160   9.98693213E-05  0.850180387      0.692750573    
         300         155   9.99163385E-05  0.841872096      0.686390281    
         320         153   9.99357799E-05  0.830920339      0.678832889    
         340         149   9.99339973E-05  0.818647742      0.670397282    
         360         146   9.98747564E-05  0.804343879      0.661379576    
         380         143   9.99892218E-05  0.789583921      0.652045310    
         400         141   9.99440308E-05  0.773685455      0.642361403    
         420         137   9.99657714E-05  0.757444501      0.632185459    
         440         135   9.99412950E-05  0.741372228      0.621846676    
         460         132   9.99278927E-05  0.725467920      0.611348033    
         480         130   9.98886680E-05  0.709170103      0.601104438    
         500         126   9.99422700E-05  0.693114400      0.590832949    
         520         123   9.99706099E-05  0.677564800      0.580321729    
         540         121   9.99471449E-05  0.662227273      0.569761932    
         560         119   9.99864133E-05  0.646880329      0.559819937    
         580         116   9.99869735E-05  0.632437646      0.549507976    
         600         115   9.98953255E-05  0.618008733      0.539358437    
         620         111   9.99916083E-05  0.604088545      0.529550791    
         640         109   9.99490003E-05  0.590360940      0.519664288    
         660         107   9.98792748E-05  0.577142000      0.510218740    
         680         106   9.98616015E-05  0.564195752      0.500768960    
         700         102   9.99664335E-05  0.551549077      0.491595268    
         720         102   9.98583782E-05  0.539059639      0.482660890    
         740          98   9.99582844E-05  0.527065098      0.473767221    
         760          96   9.99114927E-05  0.514891565      0.465278983    
         780          94   9.99758267E-05  0.503320217      0.456891030    
         800          93   9.98827236E-05  0.491804451      0.448908508    
         820          91   9.98613032E-05  0.480516940      0.441014290    
         840          90   9.98867399E-05  0.469430804      0.433315486    
         860          87   9.99120748E-05  0.458377719      0.425802112    
         880          86   9.99820550E-05  0.447747588      0.418209344    
         900          84   9.99585973E-05  0.437278479      0.410894543    
         920          83   9.98667310E-05  0.426861703      0.403539836    
         940          80   9.99196491E-05  0.416809618      0.396267593    
         960          78   9.99608528E-05  0.407044649      0.389036357    
         980          77   9.99374824E-05  0.397248596      0.381690204    
        1000          75   9.99483163E-05  0.387908041      0.374482810    
        1020          73   9.99637923E-05  0.378772616      0.367198020    
        1040          72   9.99582844E-05  0.369790316      0.359798133    
        1060          70   9.99310578E-05  0.360938907      0.352494717    
        1080          68   9.98679025E-05  0.352429569      0.345128298    
        1100          66   9.99596086E-05  0.344121277      0.337688714    
        1120          65   9.99313124E-05  0.335954696      0.330322564    
        1140          63   9.99889307E-05  0.327925533      0.322960317    
        1160          61   9.99364929E-05  0.320163131      0.315620393    
        1180          60   9.99126933E-05  0.312634617      0.308213413    
        1200          59   9.98803516E-05  0.305280358      0.300951421    
        1220          58   9.99239928E-05  0.298041612      0.293747902    
        1240          55   9.99587937E-05  0.290991873      0.286581069    
        1260          55   9.98813630E-05  0.284115434      0.279512554    
        1280          52   9.99397234E-05  0.277461261      0.272504866    
        1300          52   9.98645992E-05  0.270943463      0.265663296    
        1320          50   9.99835465E-05  0.264600217      0.258934170    
        1340          50   9.98482137E-05  0.258351028      0.252337277    
        1360          48   9.99394324E-05  0.252275229      0.245848253    
        1380          47   9.98332398E-05  0.246313974      0.239481583    
        1400          45   9.99692784E-05  0.240504026      0.233293682    
        1420          45   9.99583353E-05  0.234813735      0.227292433    
        1440          43   9.98972610E-05  0.229260907      0.221414715    
        1460          42   9.98381729E-05  0.223780900      0.215686440    
        1480          41   9.99744516E-05  0.218376413      0.210093826    
        1500          41   9.99638505E-05  0.213015601      0.204653814    
        1520          40   9.99506883E-05  0.207735181      0.199331880    
        1540          39   9.98739924E-05  0.202511683      0.194133937    
        1560          38   9.98902105E-05  0.197331890      0.189037934    
        1580          37   9.98359028E-05  0.192208245      0.184089079    
        1600          35   9.99847398E-05  0.187149078      0.179229245    
        1620          36   9.98557007E-05  0.182117864      0.174490675    
        1640          34   9.99930126E-05  0.177145541      0.169799596    
        1660          35   9.99394906E-05  0.172171518      0.165211454    
        1680          32   9.99830227E-05  0.167262882      0.160673067    
        1700          32   9.99926051E-05  0.162381247      0.156220943    
        1720          31   9.98529940E-05  0.157538682      0.151824862    
        1740          30   9.99092881E-05  0.152754828      0.147475719    
        1760          30   9.99297481E-05  0.148022711      0.143180907    
        1780          28   9.99746335E-05  0.143377185      0.138918564    
        1800          29   9.98296091E-05  0.138779625      0.134737670    
        1820          27   9.98375399E-05  0.134273291      0.130596742    
        1840          27   9.98589167E-05  0.129823968      0.126521617    
        1860          25   9.98348623E-05  0.125476405      0.122496471    
        1880          25   9.99043405E-05  0.121212751      0.118536569    
        1900          24   9.98576361E-05  0.117056467      0.114633419    
        1920          22   9.99991462E-05  0.113007419      0.110787690    
        1940          22   9.98889664E-05  0.109031767      0.107037574    
        1960          20   9.99803087E-05  0.105188422      0.103342913    
        1980          21   9.98328760E-05  0.101425402       9.97600034E-02
        2000          21   9.98349569E-05   9.77797434E-02   9.62570310E-02
        2020          19   9.99794502E-05   9.42696109E-02   9.28285867E-02
        2040          19   9.98284959E-05   9.08443779E-02   8.95136222E-02
        2060          18   9.99636177E-05   8.75513256E-02   8.62884745E-02
        2080          16   9.99136901E-05   8.43644962E-02   8.31752047E-02
        2100          17   9.99293552E-05   8.12716782E-02   8.01794901E-02
        2120          17   9.98591931E-05   7.82829821E-02   7.72959739E-02
        2140          16   9.99863987E-05   7.54067674E-02   7.45062083E-02
        2160          16   9.98641335E-05   7.26117566E-02   7.18323886E-02
        2180          15   9.99087424E-05   6.99298307E-02   6.92431554E-02
        2200          14   9.98323230E-05   6.73273280E-02   6.67589605E-02
        2220          14   9.98195464E-05   6.48102909E-02   6.43664151E-02
        2240          13   9.99637850E-05   6.23938516E-02   6.20475560E-02
        2260          13   9.98319010E-05   6.00331165E-02   5.98317608E-02
        2280          13   9.98551113E-05   5.77574298E-02   5.76855913E-02
        2300          11   9.99709519E-05   5.55655248E-02   5.56073263E-02
        2320          12   9.98382238E-05   5.34170531E-02   5.36192283E-02
        2340          10   9.99801850E-05   5.13685457E-02   5.16698807E-02
        2360          11   9.99565600E-05   4.93625477E-02   4.98047881E-02
        2380          10   9.99755357E-05   4.74246442E-02   4.79918867E-02
        2400          10   9.98656251E-05   4.55506891E-02   4.62398715E-02
        2420          10   9.99113181E-05   4.37318757E-02   4.45384309E-02
        2440           9   9.99706972E-05   4.19868417E-02   4.28835116E-02
        2460           9   9.98191681E-05   4.02872525E-02   4.12818380E-02
        2480           9   9.98743490E-05   3.86539623E-02   3.97243537E-02
        2500           9   9.99152035E-05   3.70851420E-02   3.82106304E-02
        2520           9   9.98789110E-05   3.55697386E-02   3.67424488E-02
        2540           7   9.98285032E-05   3.41154300E-02   3.53147537E-02
        2560           7   9.99455879E-05   3.27228382E-02   3.39265764E-02
        2580           7   9.99170879E-05   3.13744396E-02   3.25871035E-02
        2600           8   9.98862743E-05   3.00712753E-02   3.12997028E-02
        2620           6   9.99915210E-05   2.88446862E-02   3.00387498E-02
        2640           6   9.99389886E-05   2.76564192E-02   2.88291685E-02
        2660           7   9.98579198E-05   2.65063532E-02   2.76716314E-02
        2680           7   9.98354953E-05   2.54112836E-02   2.65536942E-02
        2700           5   9.99839758E-05   2.43792553E-02   2.54703425E-02
        2720           6   9.98461474E-05   2.33655665E-02   2.44457815E-02
        2740           6   9.98851756E-05   2.24059690E-02   2.34582871E-02
        2760           4   9.99508629E-05   2.15038266E-02   2.25049332E-02
        2780           5   9.99207768E-05   2.06209570E-02   2.16073655E-02
        2800           5   9.98581963E-05   1.97821576E-02   2.07462534E-02
        2820           5   9.99692056E-05   1.89873688E-02   1.99173260E-02
        2840           5   9.99523691E-05   1.82276964E-02   1.91307459E-02
        2860           3   9.99254698E-05   1.75091866E-02   1.83700249E-02
        2880           5   9.98326504E-05   1.67995356E-02   1.76635534E-02
        2900           5   9.99553158E-05   1.61465947E-02   1.69683024E-02
        2920           3   9.99829790E-05   1.55198546E-02   1.63053498E-02
        2940           4   9.98263931E-05   1.49032027E-02   1.56857651E-02
        2960           3   9.98684336E-05   1.43300323E-02   1.50823835E-02
        2980           3   9.98818723E-05   1.37692504E-02   1.45112090E-02
        3000           3   9.99756594E-05   1.32402210E-02   1.39577249E-02
        3020           3   9.99779368E-05   1.27254128E-02   1.34333270E-02
        3040           4   9.98233299E-05   1.22114597E-02   1.29407225E-02
        3060           3   9.98567193E-05   1.17380079E-02   1.24552762E-02
        3080           4   9.98647010E-05   1.12755001E-02   1.19942268E-02
        3100           3   9.98884861E-05   1.08324438E-02   1.15455296E-02
        3120           3   9.99983968E-05   1.04095088E-02   1.11110276E-02
        3140           3   9.99042531E-05   9.99192055E-03   1.07000070E-02
        3160           3   9.98665200E-05   9.59226117E-03   1.02989059E-02
        3180           2   9.99786134E-05   9.22039151E-03   9.90834646E-03
        3200           3   9.99277690E-05   8.84295162E-03   9.53590684E-03
        3220           1   9.99637195E-05   8.49388447E-03   9.17022582E-03
        3240           3   9.98872420E-05   8.14893469E-03   8.82143341E-03
        3260           3   9.98621399E-05   7.81601109E-03   8.48191511E-03
        3280           3   9.98539326E-05   7.50121195E-03   8.15284904E-03
        3300           2   9.99927579E-05   7.21012987E-03   7.82962423E-03
        3320           3   9.98908654E-05   6.91288151E-03   7.52233807E-03
        3340           1   9.99654876E-05   6.64494885E-03   7.21840002E-03
        3360           1   9.99495605E-05   6.38136175E-03   6.93707867E-03
        3380           2   9.99788681E-05   6.12434652E-03   6.65896060E-03
        3400           2   9.98612231E-05   5.87892812E-03   6.39809621E-03
        3420           2   9.99361800E-05   5.65097667E-03   6.14457717E-03
        3440           3   9.98427859E-05   5.42997848E-03   5.90632064E-03
        3460           1   9.99607219E-05   5.23034623E-03   5.66811254E-03
        3480           2   9.98543328E-05   5.02874423E-03   5.44617651E-03
        3500           2   9.98938922E-05   4.84220870E-03   5.23384335E-03
        3520           1   9.98101168E-05   4.66529001E-03   5.02946088E-03
        3540           1   9.99354015E-05   4.49428055E-03   4.83213365E-03
        3560           1   9.98961332E-05   4.33580764E-03   4.64414014E-03
        3580           1   9.98477044E-05   4.17897524E-03   4.47218353E-03
        3600           1   9.99356998E-05   4.03528428E-03   4.29881737E-03
        3620           1   9.96503295E-05   3.89245921E-03   4.13610088E-03
        3640           1   9.99382828E-05   3.75870336E-03   3.98329599E-03
        3660           1   9.99390104E-05   3.62789747E-03   3.83554399E-03
        3680           1   9.98806208E-05   3.49852373E-03   3.69833363E-03
        3700           1   9.97160023E-05   3.37871700E-03   3.56769841E-03
        3720           1   9.95581431E-05   3.26154009E-03   3.44023923E-03
        3740           1   9.92621062E-05   3.14395363E-03   3.32179596E-03
        3760           1   9.86736850E-05   3.03340494E-03   3.21043259E-03
        3780           1   9.77703894E-05   2.92398664E-03   3.10564646E-03
        3800           1   9.56767035E-05   2.81841960E-03   3.00563360E-03
        3820           1   9.25632630E-05   2.72006518E-03   2.91624456E-03
        3840           1   8.89861985E-05   2.61817337E-03   2.83421064E-03
        3860           1   8.54803875E-05   2.52869679E-03   2.75040511E-03
        3880           1   8.24649323E-05   2.44305423E-03   2.66826781E-03
        3900           1   8.01636124E-05   2.35999725E-03   2.58959038E-03
        3920           1   7.86800374E-05   2.28118594E-03   2.51010689E-03
        3940           1   7.79125912E-05   2.20588804E-03   2.43083923E-03
        3960           1   7.74635046E-05   2.13799626E-03   2.34999135E-03
        3980           1   7.66797966E-05   2.07599392E-03   2.27361452E-03
        4000           1   7.51412881E-05   2.01697461E-03   2.20300863E-03
        4020           1   7.30984975E-05   1.95686286E-03   2.13765982E-03
        4040           1   7.07071231E-05   1.90132100E-03   2.07591965E-03
        4060           1   6.85167906E-05   1.84582744E-03   2.01065652E-03
        4080           1   6.65647312E-05   1.79526675E-03   1.94620003E-03
        4100           1   6.49683716E-05   1.74825755E-03   1.88135542E-03
        4120           1   6.36931800E-05   1.70427724E-03   1.81489123E-03
        4140           1   6.27296613E-05   1.65805127E-03   1.74956920E-03
        4160           1   6.18253180E-05   1.61072204E-03   1.68985501E-03
        4180           1   6.08965347E-05   1.56448153E-03   1.63157436E-03
        4200           1   5.97738108E-05   1.51794706E-03   1.57640863E-03
        4220           1   5.84723566E-05   1.47778261E-03   1.52317411E-03
        4240           1   5.70384000E-05   1.43733621E-03   1.47475477E-03
        4260           1   5.56350678E-05   1.40159659E-03   1.42692355E-03
        4280           1   5.42200214E-05   1.37035374E-03   1.38081808E-03
        4300           1   5.28704877E-05   1.34017761E-03   1.33105216E-03
        4320           1   5.16215405E-05   1.31290860E-03   1.28504634E-03
        4340           1   5.06188517E-05   1.28467428E-03   1.24511903E-03
        4360           1   4.97564906E-05   1.25662389E-03   1.20851293E-03
        4380           1   4.89424165E-05   1.22764707E-03   1.17720442E-03
        4400           1   4.81444768E-05   1.20326632E-03   1.15272938E-03
        4420           1   4.73418550E-05   1.17659196E-03   1.13189814E-03
        4440           1   4.64583027E-05   1.15276466E-03   1.11204933E-03
        4460           1   4.55160844E-05   1.12915039E-03   1.09339727E-03
        4480           1   4.46059639E-05   1.10775838E-03   1.07618386E-03
        4500           1   4.37354101E-05   1.08815276E-03   1.05473434E-03
        4520           1   4.29200809E-05   1.07089034E-03   1.03615609E-03
        4540           1   4.22918165E-05   1.04906620E-03   1.01602077E-03
        4560           1   4.17697374E-05   1.02834543E-03   9.98440897E-04
        4580           1   4.11749534E-05   1.00962771E-03   9.79842036E-04
        4600           1   4.05042410E-05   9.87359788E-04   9.60834790E-04
        4620           1   3.98087977E-05   9.67161031E-04   9.45843582E-04
        4640           1   3.90244277E-05   9.48289526E-04   9.33062402E-04
        4660           1   3.82046455E-05   9.32289113E-04   9.17546218E-04
        4680           1   3.74338124E-05   9.15352022E-04   9.05650260E-04
        4700           1   3.67599423E-05   8.96702113E-04   8.89257411E-04
        4720           1   3.62052051E-05   8.82109453E-04   8.71333992E-04
        4740           1   3.57389727E-05   8.67164927E-04   8.53584614E-04
        4760           1   3.53342548E-05   8.55791208E-04   8.37625994E-04
        4780           1   3.48487265E-05   8.42282432E-04   8.23309412E-04
        4800           1   3.43767533E-05   8.28708871E-04   8.09567922E-04
        4820           1   3.38325372E-05   8.19187553E-04   7.95432599E-04
        4840           1   3.33187600E-05   8.04400013E-04   7.82342511E-04
        4860           1   3.28318602E-05   7.92717561E-04   7.69871171E-04
        4880           1   3.24216599E-05   7.80166418E-04   7.58776034E-04
        4900           1   3.20469808E-05   7.68514874E-04   7.46047765E-04
        4920           1   3.16779842E-05   7.58684881E-04   7.31777982E-04
        4940           1   3.13764867E-05   7.48835097E-04   7.18098949E-04
        4960           1   3.10089199E-05   7.39297306E-04   7.06913765E-04
        4980           1   3.05675239E-05   7.27817067E-04   6.94102142E-04
        5000           1   3.00441170E-05   7.18657335E-04   6.86631829E-04
        5020           1   2.95368882E-05   7.08013366E-04   6.75515330E-04
        5040           1   2.90408570E-05   6.96542265E-04   6.64527004E-04
        5060           1   2.85837705E-05   6.87828287E-04   6.55311509E-04
        5080           1   2.80965469E-05   6.78857090E-04   6.46035012E-04
        5100           1   2.77277377E-05   6.68969413E-04   6.33363437E-04
        5120           1   2.74151535E-05   6.62992301E-04   6.23281347E-04
        5140           1   2.71320532E-05   6.50630856E-04   6.14850956E-04
        5160           1   2.67814794E-05   6.42506173E-04   6.03495340E-04
        5180           1   2.64743358E-05   6.31608884E-04   5.94347075E-04
        5200           1   2.61580935E-05   6.26297551E-04   5.85681875E-04
        5220           1   2.57545926E-05   6.17655809E-04   5.75218175E-04
        5240           1   2.53472790E-05   6.07027090E-04   5.68509335E-04
        5260           1   2.49638651E-05   5.98545361E-04   5.62804460E-04
        5280           1   2.46333002E-05   5.87649934E-04   5.55243634E-04
        5300           1   2.43003524E-05   5.83941001E-04   5.49416698E-04
        5320           1   2.39586298E-05   5.74418926E-04   5.42658556E-04
        5340           1   2.36404521E-05   5.66015893E-04   5.37213869E-04
        5360           1   2.33829196E-05   5.57823107E-04   5.29123354E-04
        5380           1   2.31811100E-05   5.49895398E-04   5.23438270E-04
        5400           1   2.29216057E-05   5.41826244E-04   5.16686530E-04
        5420           1   2.26279917E-05   5.36590349E-04   5.09715406E-04
        5440           1   2.23360912E-05   5.30854275E-04   5.05183532E-04
        5460           1   2.19690592E-05   5.25464187E-04   4.99923131E-04
        5480           1   2.16352237E-05   5.19624562E-04   4.92308522E-04
        5500           1   2.13468884E-05   5.14999323E-04   4.89223748E-04
        5520           1   2.11425031E-05   5.07633900E-04   4.81713971E-04
        5540           1   2.10696453E-05   5.03911520E-04   4.76754387E-04
        5552           1   2.10301805E-05   4.99068294E-04   4.73254797E-04
 Solver: fs        , Convection scheme: quick     
 RE=   1000.00000     , N=          64
 Selected Time scheme:    1    
 DT=   9.99999978E-03
 Wall-clock time (s):    48.5603104    
Note: The following floating-point exceptions are signalling: IEEE_UNDERFLOW_FLAG
