 URFU=?
   20       0.01248       0.01479       0.13146
   40       0.01888       0.01325       0.20377
   60       0.00936       0.00897       0.12195
   80       0.00454       0.00527       0.09058
  100       0.00356       0.00547       0.05833
  120       0.00373       0.00392       0.04528
  140       0.00293       0.00171       0.04003
  160       0.00171       0.00192       0.03042
  180       0.00087       0.00186       0.02264
  200       0.00093       0.00142       0.01476
  220       0.00080       0.00079       0.01228
  240       0.00102       0.00074       0.01101
  260       0.00070       0.00056       0.01015
  280       0.00051       0.00035       0.00955
  300       0.00052       0.00054       0.00810
  320       0.00033       0.00043       0.00757
  340       0.00038       0.00026       0.00596
  360       0.00034       0.00024       0.00506
  380       0.00023       0.00024       0.00456
  400       0.00016       0.00033       0.00359
  420       0.00015       0.00020       0.00299
  440       0.00020       0.00010       0.00235
  460       0.00019       0.00012       0.00227
  480       0.00009       0.00013       0.00209
  500       0.00008       0.00013       0.00178
  520       0.00007       0.00009       0.00163
  540       0.00009       0.00005       0.00137
  560       0.00010       0.00006       0.00107
  580       0.00006       0.00005       0.00101
  600       0.00005       0.00006       0.00085
  620       0.00004       0.00006       0.00080
  640       0.00004       0.00004       0.00071
  660       0.00004       0.00003       0.00060
  680       0.00004       0.00003       0.00048
  700       0.00002       0.00004       0.00045
  720       0.00002       0.00003       0.00042
  740       0.00002       0.00002       0.00030
  760       0.00003       0.00002       0.00029
  780       0.00002       0.00002       0.00028
  800       0.00002       0.00002       0.00023
  820       0.00001       0.00001       0.00024
  840       0.00001       0.00001       0.00021
  860       0.00001       0.00001       0.00016
  880       0.00001       0.00001       0.00015
  900       0.00001       0.00001       0.00012
  920       0.00001       0.00001       0.00012
  934       0.00001       0.00001       0.00010
 Solver: simple    , Convection scheme: uds       
 RE=   1000.00000     , N=          64
 URFU=  0.750000000     , URFP=  0.300000012    
 Wall-clock time (s):    2.61977696    
Note: The following floating-point exceptions are signalling: IEEE_DIVIDE_BY_ZERO IEEE_UNDERFLOW_FLAG
