 NTRANS, N, DT=?
          20        1542   9.99925251E-05   3.16475916       1.41505075    
          40         710   9.99902841E-05   1.94483173       1.08500171    
          60         527   9.99944677E-05   1.51110339       1.05858731    
          80         448   9.99820622E-05   1.32854676       1.07302618    
         100         400   9.99742333E-05   1.28378248       1.07712638    
         120         371   9.99681579E-05   1.28132701       1.06741381    
         140         353   9.99130934E-05   1.28932738       1.06189561    
         160         340   9.99442273E-05   1.28990614       1.05725789    
         180         328   9.99857366E-05   1.28329992       1.04804349    
         200         318   9.99602416E-05   1.26587963       1.03362489    
         220         309   9.99517142E-05   1.23905492       1.01596117    
         240         299   9.99587719E-05   1.20884919      0.995354712    
         260         290   9.99727563E-05   1.17440557      0.973767281    
         280         283   9.99292824E-05   1.13793826      0.950907826    
         300         275   9.99009499E-05   1.10179055      0.927546978    
         320         267   9.99422555E-05   1.06527483      0.903745890    
         340         259   9.99093318E-05   1.02962852      0.880055785    
         360         252   9.98895484E-05  0.994735003      0.856426537    
         380         244   9.99802505E-05  0.960936308      0.833375275    
         400         238   9.99633849E-05  0.928426981      0.810547650    
         420         231   9.99265030E-05  0.897080123      0.788424611    
         440         224   9.99288095E-05  0.867272973      0.766682625    
         460         218   9.99676849E-05  0.838324726      0.745522261    
         480         211   9.99643162E-05  0.810097814      0.725215077    
         500         205   9.99667682E-05  0.782956004      0.705392480    
         520         199   9.98801988E-05  0.756424069      0.686531246    
         540         193   9.99294061E-05  0.730436742      0.668505549    
         560         187   9.99802505E-05  0.705540776      0.651011705    
         580         183   9.98783289E-05  0.680740952      0.633980632    
         600         176   9.99472759E-05  0.657151341      0.617369175    
         620         171   9.99703334E-05  0.633906007      0.600812435    
         640         165   9.99951226E-05  0.611656904      0.584535182    
         660         161   9.99302138E-05  0.589787662      0.568099976    
         680         156   9.98861869E-05  0.569120347      0.551722348    
         700         149   9.99991898E-05  0.548937619      0.535058737    
         720         145   9.99667245E-05  0.529537618      0.518522739    
         740         140   9.98694377E-05  0.510901809      0.501788497    
         760         134   9.98890027E-05  0.492718637      0.485175222    
         780         130   9.99402691E-05  0.475377709      0.468574792    
         800         125   9.99385229E-05  0.458719373      0.452070922    
         820         120   9.98994874E-05  0.442534029      0.435857981    
         840         115   9.99804615E-05  0.426972210      0.419838786    
         860         113   9.98776231E-05  0.412048399      0.404187053    
         880         107   9.99497934E-05  0.397689939      0.388955623    
         900         104   9.99020267E-05  0.383741736      0.374167114    
         920         100   9.99573094E-05  0.370281607      0.359770387    
         940          98   9.99369004E-05  0.357257903      0.345987946    
         960          94   9.99802432E-05  0.344702393      0.332703978    
         980          92   9.98846881E-05  0.332394123      0.319913268    
        1000          88   9.99804397E-05  0.320341885      0.307575881    
        1020          86   9.98517426E-05  0.308459133      0.295707792    
        1040          83   9.98465184E-05  0.296775997      0.284191161    
        1060          81   9.99429394E-05  0.285259008      0.273115247    
        1080          77   9.99567565E-05  0.273930907      0.262358546    
        1100          75   9.98662799E-05  0.262692839      0.251875877    
        1120          72   9.99351687E-05  0.251576543      0.241626874    
        1140          69   9.99808617E-05  0.240597367      0.231609225    
        1160          67   9.98652831E-05  0.229750440      0.221783966    
        1180          64   9.99147305E-05  0.219136417      0.212104872    
        1200          61   9.99234835E-05  0.208756983      0.202589393    
        1220          58   9.99642143E-05  0.198615611      0.193283141    
        1240          56   9.99759795E-05  0.188731790      0.184170678    
        1260          52   9.99988624E-05  0.179195732      0.175239146    
        1280          51   9.98571777E-05  0.169963241      0.166557923    
        1300          48   9.99455224E-05  0.161096945      0.158104435    
        1320          46   9.98899704E-05  0.152582049      0.149939448    
        1340          42   9.99720942E-05  0.144460440      0.142064080    
        1360          41   9.99030744E-05  0.136698142      0.134519100    
        1380          39   9.99968252E-05  0.129319727      0.127328321    
        1400          36   9.99713593E-05  0.122313112      0.120511755    
        1420          35   9.99724143E-05  0.115645945      0.114077993    
        1440          34   9.98963515E-05  0.109305322      0.107988536    
        1460          32   9.99897529E-05  0.103297837      0.102233477    
        1480          31   9.99510667E-05   9.75884497E-02   9.68173966E-02
        1500          29   9.98942778E-05   9.21595544E-02   9.16926935E-02
        1520          27   9.98595569E-05   8.69646072E-02   8.67826566E-02
        1540          27   9.98763790E-05   8.20201784E-02   8.21520016E-02
        1560          26   9.98835094E-05   7.73077831E-02   7.77553916E-02
        1580          24   9.99068288E-05   7.28361458E-02   7.35763013E-02
        1600          22   9.98649630E-05   6.85628876E-02   6.95752352E-02
        1620          21   9.99487820E-05   6.44991398E-02   6.57505989E-02
        1640          20   9.99429394E-05   6.06311224E-02   6.21009842E-02
        1660          19   9.99054464E-05   5.69818914E-02   5.86075597E-02
        1680          19   9.98478863E-05   5.35183363E-02   5.52784428E-02
        1700          16   9.99693075E-05   5.02885878E-02   5.20811230E-02
        1720          16   9.99734184E-05   4.72154692E-02   4.90229093E-02
        1740          16   9.98695687E-05   4.43095081E-02   4.61117812E-02
        1760          15   9.99083059E-05   4.15930673E-02   4.33463901E-02
        1780          13   9.98151227E-05   3.90545987E-02   4.07464653E-02
        1800          14   9.98178512E-05   3.66523266E-02   3.82985994E-02
        1820          13   9.98463365E-05   3.44249271E-02   3.60020064E-02
        1840          13   9.98166361E-05   3.23282927E-02   3.38335820E-02
        1860          10   9.99680342E-05   3.03894132E-02   3.18090729E-02
        1880          11   9.98321630E-05   2.85570249E-02   2.99385823E-02
        1900          10   9.99270269E-05   2.68654078E-02   2.81722061E-02
        1920          10   9.99563272E-05   2.52801497E-02   2.65291743E-02
        1940           9   9.99390832E-05   2.38049962E-02   2.49955747E-02
        1960           8   9.99991535E-05   2.24310905E-02   2.35623680E-02
        1980           7   9.99060721E-05   2.11360287E-02   2.22371221E-02
        2000           8   9.98835603E-05   1.99089106E-02   2.10014768E-02
        2020           7   9.99514159E-05   1.87638216E-02   1.98282879E-02
        2040           6   9.99801268E-05   1.76679380E-02   1.87225211E-02
        2060           8   9.99014737E-05   1.66178215E-02   1.76847577E-02
        2080           7   9.98762625E-05   1.56401731E-02   1.67025942E-02
        2100           7   9.99231779E-05   1.47164641E-02   1.57720391E-02
        2120           5   9.99424228E-05   1.38503090E-02   1.48863355E-02
        2140           4   9.99429249E-05   1.30297430E-02   1.40454005E-02
        2160           6   9.98762407E-05   1.22445151E-02   1.32513121E-02
        2180           5   9.99562544E-05   1.15184989E-02   1.24846213E-02
        2200           4   9.98465475E-05   1.08341351E-02   1.17641576E-02
        2220           4   9.99867552E-05   1.02074156E-02   1.10801375E-02
        2240           4   9.99931508E-05   9.58597381E-03   1.04153696E-02
        2260           4   9.99862532E-05   9.01373941E-03   9.79138911E-03
        2280           3   9.99729018E-05   8.48755240E-03   9.20798257E-03
        2300           4   9.99497061E-05   7.99546577E-03   8.66719056E-03
        2320           4   9.98805044E-05   7.54773617E-03   8.16524681E-03
        2340           3   9.99937547E-05   7.13402545E-03   7.69385695E-03
        2360           2   9.99383046E-05   6.74292631E-03   7.24892784E-03
        2380           4   9.99496915E-05   6.38215709E-03   6.83886185E-03
        2400           3   9.99860422E-05   6.05516136E-03   6.46289671E-03
        2420           3   9.99043114E-05   5.73830213E-03   6.10007532E-03
        2440           3   9.99018011E-05   5.43248001E-03   5.75261191E-03
        2460           2   9.99921103E-05   5.14692441E-03   5.43380063E-03
        2480           3   9.98958785E-05   4.87617403E-03   5.15279546E-03
        2500           3   9.99284166E-05   4.62038070E-03   4.89343284E-03
        2520           2   9.98701798E-05   4.38240822E-03   4.65443125E-03
        2540           2   9.98962569E-05   4.14686557E-03   4.42338176E-03
        2560           2   9.99373879E-05   3.92127596E-03   4.20063967E-03
        2580           2   9.99337135E-05   3.70026636E-03   3.99837270E-03
        2600           1   9.99777694E-05   3.50643625E-03   3.80209344E-03
        2620           1   9.99161130E-05   3.30991088E-03   3.61445546E-03
        2640           2   9.99712647E-05   3.13025224E-03   3.44312796E-03
        2660           2   9.98957403E-05   2.96635740E-03   3.27199139E-03
        2680           1   9.99144031E-05   2.81640701E-03   3.10773472E-03
        2700           1   9.99553158E-05   2.67894706E-03   2.95148510E-03
        2720           1   9.98887990E-05   2.54890486E-03   2.80168699E-03
        2740           2   9.98462201E-05   2.43117288E-03   2.66223238E-03
        2760           1   9.99272015E-05   2.32209684E-03   2.52491166E-03
        2780           1   9.98571049E-05   2.22089817E-03   2.39985553E-03
        2800           1   9.97025199E-05   2.13144952E-03   2.28546769E-03
        2820           1   9.99047988E-05   2.04474432E-03   2.17452645E-03
        2840           1   9.96913877E-05   1.97211793E-03   2.07918254E-03
        2860           1   9.96505405E-05   1.87780801E-03   1.97263435E-03
        2880           1   9.89753244E-05   1.79970264E-03   1.87702989E-03
        2900           1   9.71330956E-05   1.73495314E-03   1.80306169E-03
        2920           1   9.48734596E-05   1.65559899E-03   1.70947216E-03
        2940           1   9.19935774E-05   1.58251473E-03   1.62758282E-03
        2960           1   8.84112669E-05   1.53287139E-03   1.57642411E-03
        2980           1   8.49369244E-05   1.47479901E-03   1.51359441E-03
        3000           1   8.22168658E-05   1.40821422E-03   1.44354545E-03
        3020           1   8.05097443E-05   1.38759310E-03   1.41678425E-03
        3040           1   7.91823113E-05   1.37606368E-03   1.40855205E-03
        3060           1   7.73367428E-05   1.32208923E-03   1.34701969E-03
        3080           1   7.56795198E-05   1.26923132E-03   1.28908234E-03
        3100           1   7.40363394E-05   1.24687748E-03   1.26273243E-03
        3120           1   7.21269971E-05   1.21362437E-03   1.23217830E-03
        3140           1   7.01947865E-05   1.16933277E-03   1.18513324E-03
        3160           1   6.83570543E-05   1.14151568E-03   1.15271285E-03
        3180           1   6.66458145E-05   1.10016891E-03   1.10441423E-03
        3200           1   6.51986702E-05   1.06483931E-03   1.05865591E-03
        3220           1   6.39910722E-05   1.04788644E-03   1.03467796E-03
        3240           1   6.28429261E-05   1.03859452E-03   1.02220662E-03
        3260           1   6.16227480E-05   1.03608216E-03   1.01940811E-03
        3280           1   6.04198503E-05   1.00901595E-03   9.89436870E-04
        3300           1   5.94423691E-05   9.88888554E-04   9.65400424E-04
        3320           1   5.85980306E-05   9.58125456E-04   9.39955004E-04
        3340           1   5.77931351E-05   9.28277499E-04   9.15661862E-04
        3360           1   5.72102363E-05   9.27286921E-04   9.20945255E-04
        3380           1   5.66837080E-05   9.34802869E-04   9.38905810E-04
        3400           1   5.57031562E-05   9.30678740E-04   9.31448594E-04
        3420           1   5.40580004E-05   8.90601019E-04   8.84085486E-04
        3440           1   5.27819720E-05   8.64202739E-04   8.44035065E-04
        3460           1   5.24898860E-05   8.84609355E-04   8.63999885E-04
        3480           1   5.20891517E-05   8.83364584E-04   8.57335632E-04
        3500           1   5.16953260E-05   8.84179375E-04   8.46566458E-04
        3520           1   5.11603139E-05   8.76207487E-04   8.34488426E-04
        3540           1   5.01364557E-05   8.58774118E-04   8.10879690E-04
        3560           1   4.89037084E-05   8.33976315E-04   7.81754730E-04
        3580           1   4.71125059E-05   7.85547774E-04   7.22570170E-04
        3600           1   4.60204647E-05   7.57243484E-04   6.90290122E-04
        3620           1   4.53617868E-05   7.45024532E-04   6.90056884E-04
        3640           1   4.50177686E-05   7.53461500E-04   7.02712568E-04
        3660           1   4.44945326E-05   7.36722897E-04   6.94979273E-04
        3680           1   4.36420050E-05   7.03519559E-04   6.61961851E-04
        3700           1   4.31447697E-05   6.99815806E-04   6.63623097E-04
        3720           1   4.25412400E-05   6.81964040E-04   6.56431657E-04
        3740           1   4.21650075E-05   6.92121044E-04   6.71806338E-04
        3760           1   4.19786847E-05   7.07591535E-04   6.98074291E-04
        3780           1   4.08738742E-05   6.74499606E-04   6.73614617E-04
        3800           1   3.95793759E-05   6.44406769E-04   6.31763018E-04
        3820           1   3.89089801E-05   6.24399749E-04   6.07597409E-04
        3840           1   3.85571839E-05   6.19666651E-04   5.97929407E-04
        3860           1   3.82225480E-05   6.26650057E-04   5.96766651E-04
        3880           1   3.79044068E-05   6.28640701E-04   5.92820579E-04
        3900           1   3.73070288E-05   6.13671669E-04   5.66995761E-04
        3920           1   3.71145688E-05   6.18986960E-04   5.68391464E-04
        3940           1   3.69741647E-05   6.27197558E-04   5.78624778E-04
        3960           1   3.61012208E-05   5.97491511E-04   5.50270663E-04
        3980           1   3.54495969E-05   5.77354687E-04   5.30358462E-04
        4000           1   3.48353351E-05   5.65962866E-04   5.25627576E-04
        4020           1   3.43233551E-05   5.64161222E-04   5.35479572E-04
        4040           1   3.39037542E-05   5.63133275E-04   5.43148082E-04
        4060           1   3.37557649E-05   5.65706752E-04   5.56013489E-04
        4080           1   3.35228069E-05   5.64218266E-04   5.59649663E-04
        4100           1   3.33187782E-05   5.66054252E-04   5.61327324E-04
        4120           1   3.28937895E-05   5.47541538E-04   5.44426730E-04
        4140           1   3.22825690E-05   5.30968595E-04   5.19004185E-04
        4160           1   3.21333609E-05   5.38303633E-04   5.16971806E-04
        4180           1   3.14371900E-05   5.22018760E-04   4.97566187E-04
        4200           1   3.05448993E-05   5.00346127E-04   4.69741935E-04
        4202           1   3.05051726E-05   4.99152346E-04   4.68428130E-04
 Solver: fs        , Convection scheme: quick     
 RE=   1000.00000     , N=          64
 Selected Time scheme:            1
 DT=   1.49999997E-02
 Wall-clock time (s):    61.1055145    
Note: The following floating-point exceptions are signalling: IEEE_UNDERFLOW_FLAG
