 DT=?
          20         234   9.99263284E-05   1.00217688      0.554778755    
          40         102   9.99989497E-05  0.514243126      0.396861881    
          60         104   9.98952746E-05  0.400508732      0.350710362    
          80          97   9.98308606E-05  0.359107226      0.323712677    
         100          77   9.98685573E-05  0.333872736      0.303555071    
         120          86   9.96868912E-05  0.313910663      0.286252022    
         140          90   9.96962626E-05  0.296184838      0.270251751    
         160          85   9.97104507E-05  0.279447109      0.255273968    
         180          84   9.98126925E-05  0.263340980      0.241129532    
         200          80   9.96595627E-05  0.247420937      0.227335542    
         220          76   9.99871918E-05  0.231847331      0.213887870    
         240          72   9.98154428E-05  0.216098920      0.200995132    
         260          69   9.97423413E-05  0.200240150      0.188526616    
         280          64   9.96944145E-05  0.184704959      0.176388800    
         300          58   9.96894378E-05  0.169361025      0.164639041    
         320          52   9.98255855E-05  0.154528230      0.153028831    
         340          46   9.99770346E-05  0.140222654      0.141685888    
         360          36   9.97466122E-05  0.126711026      0.130275279    
         380          26   9.96816525E-05  0.113853417      0.119069837    
         400          16   9.99202675E-05  0.101809859      0.108186610    
         420          11   9.96684539E-05   9.07020643E-02   9.76485908E-02
         440          15   9.95455193E-05   8.04498866E-02   8.75964090E-02
         460          11   9.98457544E-05   7.11835250E-02   7.81547800E-02
         480           5   9.97387833E-05   6.28834441E-02   6.93606064E-02
         500           1   9.99864715E-05   5.54844737E-02   6.12872504E-02
         520           6   9.97203169E-05   4.88426834E-02   5.39935976E-02
         540          16   9.98752657E-05   4.29352894E-02   4.74564619E-02
         560          18   9.98266332E-05   3.77421379E-02   4.16479409E-02
         580          19   9.96317031E-05   3.31626572E-02   3.65258418E-02
         600          13   9.96368326E-05   2.91998927E-02   3.20105255E-02
         620          14   9.99249023E-05   2.56812535E-02   2.80637518E-02
         640          11   9.97005045E-05   2.26052403E-02   2.46115569E-02
         660           9   9.99928016E-05   1.98979639E-02   2.15939414E-02
         680           7   9.96370509E-05   1.75024085E-02   1.89602636E-02
         700           5   9.97265452E-05   1.53967077E-02   1.66531522E-02
         720           1   9.99744370E-05   1.35529079E-02   1.46254841E-02
         740           3   9.96897361E-05   1.18847564E-02   1.28584467E-02
         760           4   9.95913215E-05   1.04228687E-02   1.13026025E-02
         780           4   9.97474926E-05   9.15106200E-03   9.93062556E-03
         800           9   9.96782474E-05   8.00424907E-03   8.73271096E-03
         820           3   9.98945761E-05   7.06105074E-03   7.66274659E-03
         840           1   9.92929708E-05   6.20779535E-03   6.73103007E-03
         860           2   9.96386516E-05   5.45293139E-03   5.91429789E-03
         880           5   9.96709423E-05   4.78167366E-03   5.19946543E-03
         900           4   9.99354088E-05   4.21312079E-03   4.57036169E-03
         920           1   9.98399191E-05   3.72390053E-03   4.01550066E-03
         940           3   9.97949319E-05   3.26894922E-03   3.53621040E-03
         960           3   9.98699470E-05   2.88081449E-03   3.11323348E-03
         980           2   9.99828408E-05   2.54641799E-03   2.74167629E-03
        1000           1   9.92985151E-05   2.24500522E-03   2.41854414E-03
        1020           1   9.94972870E-05   1.98457344E-03   2.13266816E-03
        1040           1   9.97738462E-05   1.75399985E-03   1.88203133E-03
        1060           1   9.85426377E-05   1.54743996E-03   1.66486949E-03
        1080           1   9.64496066E-05   1.36599620E-03   1.47635466E-03
        1100           1   8.66081537E-05   1.20709743E-03   1.32824364E-03
        1120           1   7.32906774E-05   1.08159648E-03   1.20538229E-03
        1140           1   6.43074018E-05   9.75674251E-04   1.08394993E-03
        1160           1   6.13836673E-05   8.75552476E-04   9.58202698E-04
        1180           1   5.87903705E-05   7.89699086E-04   8.49335804E-04
        1200           1   5.28201890E-05   7.21487158E-04   7.63587421E-04
        1220           1   4.58765753E-05   6.57258090E-04   6.91229827E-04
        1240           1   4.11531073E-05   5.93495264E-04   6.22934836E-04
        1260           1   3.84717969E-05   5.32356789E-04   5.59776905E-04
        1280           1   3.60065897E-05   4.75710578E-04   5.03858551E-04
        1282           1   3.57090612E-05   4.70914383E-04   4.98574984E-04
 Solver: fs        , Convection scheme: uds       
 RE=   1000.00000     , N=          32
 Selected Time scheme:            2
 DT=   3.12500000E-02
 Wall-clock time (s):    3.11853600    
Note: The following floating-point exceptions are signalling: IEEE_UNDERFLOW_FLAG
