 (uds/quick), (fs/simple)=?
 MAXIT, RE, N=?
 Enter time scheme (1 = Euler, 2 = Adams-Bashforth), DT:
          20         629   9.99649492E-05   1.45015574      0.769609094    
          40         256   9.99921031E-05  0.800711572      0.495019168    
          60         153   9.98844262E-05  0.543892920      0.376991689    
          80         108   9.98959149E-05  0.406530321      0.304388374    
         100          84   9.98293108E-05  0.320822835      0.253334314    
         120          67   9.99273179E-05  0.262583792      0.214449555    
         140          56   9.98675023E-05  0.220278323      0.183918625    
         160          46   9.98864271E-05  0.188159481      0.159257725    
         180          39   9.98170581E-05  0.162853375      0.139019340    
         200          35   9.97183088E-05  0.142029583      0.122226916    
         220          28   9.99105832E-05  0.124804899      0.107834466    
         240          26   9.98416945E-05  0.110069066       9.56593007E-02
         260          22   9.98882751E-05   9.72615331E-02   8.49926323E-02
         280          19   9.99017793E-05   8.62812623E-02   7.56771937E-02
         300          18   9.96024173E-05   7.66148716E-02   6.75655380E-02
         320          16   9.98943651E-05   6.80511743E-02   6.02766275E-02
         340          14   9.99817930E-05   6.04398735E-02   5.37784919E-02
         360          12   9.99476179E-05   5.36739901E-02   4.79972959E-02
         380          12   9.96418603E-05   4.77002189E-02   4.28568944E-02
         400          10   9.96784511E-05   4.24218327E-02   3.82188559E-02
         420           9   9.96566450E-05   3.77088673E-02   3.40576842E-02
         440           8   9.97294992E-05   3.35019194E-02   3.03341467E-02
         460           8   9.97619718E-05   2.97527127E-02   2.69967131E-02
         480           6   9.97808384E-05   2.64249556E-02   2.40060780E-02
         500           6   9.97927054E-05   2.34465860E-02   2.13414226E-02
         520           4   9.96222007E-05   2.08091903E-02   1.89641751E-02
         540           4   9.96696326E-05   1.84597392E-02   1.68467760E-02
         560           3   9.99899203E-05   1.63785387E-02   1.49535500E-02
         580           3   9.98821270E-05   1.45171601E-02   1.32705579E-02
         600           3   9.95895389E-05   1.28622688E-02   1.17749125E-02
         620           3   9.96521048E-05   1.13992477E-02   1.04424236E-02
         640           2   9.97974130E-05   1.01071410E-02   9.25591309E-03
         660           2   9.99612457E-05   8.95191822E-03   8.20423383E-03
         680           2   9.98467294E-05   7.92505965E-03   7.27099413E-03
         700           2   9.99172989E-05   7.01807393E-03   6.44144230E-03
         720           2   9.97693496E-05   6.21524779E-03   5.70597779E-03
         740           2   9.96039307E-05   5.49602415E-03   5.05745783E-03
         760           1   9.99434124E-05   4.87753237E-03   4.47277864E-03
         780           1   9.90362678E-05   4.31164168E-03   3.96460667E-03
         800           1   9.86115047E-05   3.81609122E-03   3.51070263E-03
         820           1   9.13544936E-05   3.36507079E-03   3.12698609E-03
         840           1   7.73859283E-05   2.97264406E-03   2.79835868E-03
         860           1   6.48281421E-05   2.62490707E-03   2.49783159E-03
         880           1   5.70636184E-05   2.31926795E-03   2.21269322E-03
         900           1   5.21332222E-05   2.06131721E-03   1.94545509E-03
         920           1   4.68488433E-05   1.83922972E-03   1.70885120E-03
         940           1   3.98371631E-05   1.64197141E-03   1.50644255E-03
         960           1   3.32710006E-05   1.46000867E-03   1.33505405E-03
         980           1   2.96354228E-05   1.29039609E-03   1.18861673E-03
        1000           1   2.84421731E-05   1.13467826E-03   1.06401765E-03
 Solver: fs        , Convection scheme: uds       
 RE=   100.000000     , N=          32
 Selected Time scheme:            1
 DT=   9.99999978E-03
 Wall-clock time (s):    2.81487107    
Note: The following floating-point exceptions are signalling: IEEE_UNDERFLOW_FLAG
