 DT=?
          20         428   9.99832846E-05   1.75389612      0.687503755    
          40         242   9.99991462E-05   1.19848824      0.491002738    
          60         145   9.99957556E-05  0.905965447      0.383289933    
          80          96   9.99890763E-05  0.734381914      0.321345299    
         100          70   9.99846379E-05  0.619587183      0.282381207    
         120          54   9.99492477E-05  0.541162968      0.255372465    
         140          44   9.99889671E-05  0.481495202      0.236763567    
         160          37   9.99925542E-05  0.433495164      0.223025098    
         180          34   9.98655305E-05  0.396588862      0.212777093    
         200          31   9.98463802E-05  0.364921689      0.205135643    
         220          28   9.98892647E-05  0.338287562      0.199421242    
         240          25   9.99495387E-05  0.315972835      0.194883317    
         260          24   9.98555188E-05  0.296786785      0.191226289    
         280          22   9.98503529E-05  0.279646575      0.188328043    
         300          22   9.98393007E-05  0.265649527      0.185890436    
         320          21   9.98054529E-05  0.252670199      0.183702663    
         340          18   9.99760450E-05  0.242360741      0.181933120    
         360          18   9.99797703E-05  0.232669815      0.180368468    
         380          17   9.99581098E-05  0.225132629      0.178848505    
         400          17   9.99160402E-05  0.218090743      0.177438363    
         420          17   9.98683390E-05  0.212626860      0.176198632    
         440          17   9.98816249E-05  0.207753658      0.175058454    
         460          15   9.99530603E-05  0.203887627      0.173829377    
         480          16   9.98817195E-05  0.200752974      0.172705069    
         500          15   9.99266995E-05  0.197870120      0.171754926    
         520          15   9.98950418E-05  0.195769474      0.170801699    
         540          14   9.98588075E-05  0.193735927      0.169820845    
         560          14   9.99272524E-05  0.192180932      0.168908939    
         580          14   9.98575415E-05  0.190823644      0.168144882    
         600          14   9.98733158E-05  0.189634070      0.167406067    
         620          12   9.99318072E-05  0.188644409      0.166639164    
         640          14   9.98916221E-05  0.187744543      0.165898100    
         660          14   9.98432224E-05  0.187004745      0.165299833    
         680          14   9.98487667E-05  0.186253861      0.164704651    
         700          13   9.98108444E-05  0.185686037      0.164036185    
         720          13   9.98930991E-05  0.185122162      0.163419634    
         740          13   9.98533651E-05  0.184484258      0.162830710    
         760          11   9.99926560E-05  0.184093058      0.162266776    
         780          11   9.99218610E-05  0.183592260      0.161771566    
         800          11   9.98810065E-05  0.183042347      0.161236942    
         820          12   9.98413452E-05  0.182662472      0.160704955    
         840          11   9.99269323E-05  0.182175964      0.160208538    
         860          12   9.99017357E-05  0.181649789      0.159757733    
         880          12   9.99098047E-05  0.181252509      0.159199655    
         900          11   9.98727046E-05  0.180776834      0.158708721    
         920          12   9.98943869E-05  0.180243045      0.158204451    
         940          12   9.98517717E-05  0.179795444      0.157686293    
         960          10   9.99168042E-05  0.179306671      0.157170266    
         980          11   9.99465919E-05  0.178777739      0.156672016    
        1000          12   9.98304749E-05  0.178287908      0.156140924    
        1020          10   9.99232361E-05  0.177766904      0.155569747    
        1040          10   9.99768527E-05  0.177219465      0.155055940    
        1060          10   9.99198674E-05  0.176749021      0.154550076    
        1080          11   9.99751865E-05  0.176207319      0.154011905    
        1100          11   9.99652111E-05  0.175588176      0.153485999    
        1120          10   9.99768672E-05  0.175065875      0.152951047    
        1140          10   9.99336771E-05  0.174542129      0.152379230    
        1160          11   9.98293690E-05  0.173914939      0.151811466    
        1180          10   9.99696495E-05  0.173291758      0.151257664    
        1200          10   9.98643300E-05  0.172705591      0.150695160    
        1220          11   9.98543255E-05  0.172092408      0.150114104    
        1240          10   9.99668409E-05  0.171434551      0.149511546    
        1260          11   9.99120166E-05  0.170813680      0.148948371    
        1280           9   9.99143231E-05  0.170170382      0.148345947    
        1300          10   9.99306212E-05  0.169474602      0.147771806    
        1320           9   9.99277981E-05  0.168773532      0.147170410    
        1340          10   9.99497497E-05  0.168133751      0.146595746    
        1360           8   9.99524927E-05  0.167451486      0.145972162    
        1380           9   9.98940086E-05  0.166703776      0.145364806    
        1400           9   9.99828771E-05  0.165981621      0.144742623    
        1420           9   9.98597825E-05  0.165275067      0.144145116    
        1440           9   9.99480617E-05  0.164551049      0.143549308    
        1460          10   9.98695978E-05  0.163770795      0.142938897    
        1480           9   9.99154363E-05  0.163032383      0.142313853    
        1500           9   9.99453332E-05  0.162293017      0.141669840    
        1520           9   9.99818003E-05  0.161528483      0.141025290    
        1540           9   9.99580298E-05  0.160724685      0.140388623    
        1560           8   9.98991745E-05  0.159930259      0.139727578    
        1580           8   9.99542099E-05  0.159159541      0.139094487    
        1600           8   9.99257172E-05  0.158366203      0.138444275    
        1620           9   9.99129697E-05  0.157544568      0.137799904    
        1640           8   9.99818440E-05  0.156721860      0.137132853    
        1660           8   9.99590702E-05  0.155918241      0.136460513    
        1680           8   9.99767071E-05  0.155099273      0.135811985    
        1700           8   9.99565673E-05  0.154255122      0.135143131    
        1720           7   9.99449840E-05  0.153373510      0.134481296    
        1740           8   9.98946343E-05  0.152530715      0.133823559    
        1760           8   9.99229815E-05  0.151693240      0.133149996    
        1780           9   9.98687974E-05  0.150835440      0.132482961    
        1800           8   9.98849064E-05  0.149963155      0.131791130    
        1820           8   9.98546238E-05  0.149067208      0.131107867    
        1840           9   9.98981632E-05  0.148188248      0.130423471    
        1860           7   9.98600517E-05  0.147322759      0.129732713    
        1880           9   9.98646574E-05  0.146427944      0.129054263    
        1900           7   9.99869080E-05  0.145520762      0.128354117    
        1920           8   9.99002950E-05  0.144599557      0.127678096    
        1940           8   9.99460462E-05  0.143703848      0.126994804    
        1960           7   9.99426338E-05  0.142806828      0.126291484    
        1980           8   9.98794494E-05  0.141882643      0.125627846    
        2000           9   9.98589676E-05  0.140948489      0.124947675    
        2020           7   9.98771429E-05  0.140008047      0.124256305    
        2040           7   9.99754557E-05  0.139089748      0.123569511    
        2060           8   9.99453696E-05  0.138164803      0.122899562    
        2080           8   9.98829273E-05  0.137224615      0.122220837    
        2100           8   9.99132171E-05  0.136283666      0.121534482    
        2120           7   9.99078620E-05  0.135317087      0.120856225    
        2140           7   9.99386684E-05  0.134371936      0.120184556    
        2160           8   9.98602191E-05  0.133407325      0.119521156    
        2180           7   9.98797186E-05  0.132456720      0.118848167    
        2200           8   9.99656695E-05  0.131491363      0.118164428    
        2220           7   9.98763790E-05  0.130518541      0.117490970    
        2240           7   9.99631084E-05  0.129535109      0.116810761    
        2260           7   9.99977710E-05  0.128562331      0.116144702    
        2280           6   9.98816977E-05  0.127602145      0.115483232    
        2300           7   9.99998156E-05  0.126631096      0.114822507    
        2320           7   9.99404583E-05  0.125648871      0.114165053    
        2340           6   9.98632750E-05  0.124661691      0.113511793    
        2360           6   9.98700489E-05  0.123666689      0.112856783    
        2380           7   9.99716722E-05  0.122684188      0.112204112    
        2400           5   9.99738040E-05  0.121719062      0.111533284    
        2420           5   9.99880576E-05  0.120739877      0.110885836    
        2440           5   9.99593249E-05  0.119758040      0.110248208    
        2460           5   9.99424010E-05  0.118767582      0.109609939    
        2480           7   9.99038020E-05  0.117765978      0.108990006    
        2500           6   9.99535114E-05  0.116785638      0.108344279    
        2520           7   9.98922333E-05  0.115792185      0.107720278    
        2540           7   9.98829346E-05  0.114823319      0.107084446    
        2560           6   9.99266340E-05  0.113859788      0.106427394    
        2580           5   9.98875039E-05  0.112879440      0.105786413    
        2600           5   9.99316908E-05  0.111902274      0.105164789    
        2620           6   9.99687691E-05  0.110918976      0.104541607    
        2640           5   9.99422919E-05  0.109947048      0.103922367    
        2660           7   9.98766845E-05  0.108971566      0.103312604    
        2680           7   9.99265176E-05  0.108008593      0.102682576    
        2700           6   9.99207696E-05  0.107055306      0.102049753    
        2720           6   9.98917167E-05  0.106102929      0.101410255    
        2740           5   9.98932665E-05  0.105145134      0.100773416    
        2760           5   9.99917902E-05  0.104191527      0.100143328    
        2780           5   9.99834665E-05  0.103236184       9.95152742E-02
        2800           4   9.99885015E-05  0.102294721       9.88872126E-02
        2820           5   9.98919932E-05  0.101355068       9.82652307E-02
        2840           6   9.98852411E-05  0.100416623       9.76385549E-02
        2860           6   9.98584655E-05   9.94771421E-02   9.70115811E-02
        2880           5   9.98572068E-05   9.85547900E-02   9.63627473E-02
        2900           6   9.98966061E-05   9.76219177E-02   9.57236215E-02
        2920           5   9.99642070E-05   9.67084244E-02   9.50728878E-02
        2940           4   9.99618787E-05   9.57985073E-02   9.44252536E-02
        2960           4   9.99464683E-05   9.48847979E-02   9.37878340E-02
        2980           4   9.99335316E-05   9.39794779E-02   9.31495428E-02
        3000           5   9.99976910E-05   9.30770338E-02   9.25038308E-02
        3020           4   9.99463300E-05   9.21844244E-02   9.18563530E-02
        3040           4   9.99671975E-05   9.12965834E-02   9.12042707E-02
        3060           4   9.99716431E-05   9.04105604E-02   9.05410126E-02
        3080           5   9.98997566E-05   8.95158127E-02   8.98843929E-02
        3100           4   9.99382173E-05   8.86360556E-02   8.92194584E-02
        3120           5   9.99224358E-05   8.77485722E-02   8.85667205E-02
        3140           4   9.99646072E-05   8.68847892E-02   8.78989100E-02
        3160           4   9.98603500E-05   8.60206783E-02   8.72430503E-02
        3180           5   9.98651376E-05   8.51620436E-02   8.65803286E-02
        3200           3   9.99570766E-05   8.43230262E-02   8.59002396E-02
        3220           5   9.99124532E-05   8.34637582E-02   8.52372348E-02
        3240           5   9.99290496E-05   8.26241970E-02   8.45588446E-02
        3260           5   9.99432159E-05   8.17864314E-02   8.38737711E-02
        3280           4   9.99649637E-05   8.09582993E-02   8.31897110E-02
        3300           4   9.98545947E-05   8.01239684E-02   8.25169683E-02
        3320           5   9.98630712E-05   7.92955607E-02   8.18430185E-02
        3340           4   9.99369149E-05   7.84844384E-02   8.11547041E-02
        3360           4   9.99116019E-05   7.76732415E-02   8.04746374E-02
        3380           4   9.99406548E-05   7.68739507E-02   7.97906294E-02
        3400           4   9.99897456E-05   7.60816559E-02   7.91047886E-02
        3420           3   9.99533731E-05   7.53010064E-02   7.84097761E-02
        3440           3   9.99298281E-05   7.45090321E-02   7.77264759E-02
        3460           4   9.99448093E-05   7.37278759E-02   7.70366341E-02
        3480           4   9.99268159E-05   7.29489326E-02   7.63477087E-02
        3500           2   9.99982440E-05   7.21947625E-02   7.56508559E-02
        3520           3   9.99503318E-05   7.14220256E-02   7.49720335E-02
        3540           5   9.99555195E-05   7.06607625E-02   7.42940754E-02
        3560           3   9.99487820E-05   6.99164942E-02   7.36018568E-02
        3580           3   9.99425683E-05   6.91662729E-02   7.29176477E-02
        3600           3   9.99868644E-05   6.84263334E-02   7.22325072E-02
        3620           3   9.99920230E-05   6.76986352E-02   7.15431198E-02
        3640           5   9.98703035E-05   6.69531673E-02   7.08681494E-02
        3660           4   9.99375770E-05   6.62462264E-02   7.01752305E-02
        3680           3   9.98831019E-05   6.55392185E-02   6.94894940E-02
        3700           5   9.98535106E-05   6.48274869E-02   6.88160136E-02
        3720           4   9.99382391E-05   6.41354769E-02   6.81331605E-02
        3740           3   9.99876720E-05   6.34500012E-02   6.74527436E-02
        3760           4   9.98817777E-05   6.27518594E-02   6.67850450E-02
        3780           2   9.99953991E-05   6.20829128E-02   6.61030039E-02
        3800           4   9.98498144E-05   6.13869578E-02   6.54458553E-02
        3820           3   9.99131807E-05   6.07239120E-02   6.47707805E-02
        3840           3   9.98911855E-05   6.00612201E-02   6.41003773E-02
        3860           2   9.99462500E-05   5.94071075E-02   6.34331703E-02
        3880           3   9.99435069E-05   5.87471649E-02   6.27752393E-02
        3900           4   9.98553514E-05   5.80857992E-02   6.21205717E-02
        3920           4   9.98816977E-05   5.74440323E-02   6.14582822E-02
        3940           3   9.98999822E-05   5.68106994E-02   6.07992113E-02
        3960           3   9.99959593E-05   5.61776012E-02   6.01498224E-02
        3980           4   9.98500036E-05   5.55442311E-02   5.95086403E-02
        4000           3   9.99000549E-05   5.49332313E-02   5.88598922E-02
        4020           3   9.99306139E-05   5.43190464E-02   5.82193881E-02
        4040           2   9.99546683E-05   5.37156574E-02   5.75799271E-02
        4060           2   9.98652176E-05   5.31114377E-02   5.69477491E-02
        4080           4   9.98563337E-05   5.25037646E-02   5.63249588E-02
        4100           2   9.99744079E-05   5.19292653E-02   5.56864329E-02
        4120           3   9.98506221E-05   5.13279513E-02   5.50734997E-02
        4140           2   9.99668337E-05   5.07563949E-02   5.44430539E-02
        4160           2   9.99711774E-05   5.01767024E-02   5.38282096E-02
        4180           2   9.99962067E-05   4.96062674E-02   5.32139167E-02
        4200           3   9.99057811E-05   4.90336493E-02   5.26112281E-02
        4220           3   9.99328331E-05   4.84709255E-02   5.20098172E-02
        4240           1   9.99963813E-05   4.79271561E-02   5.14044501E-02
        4260           1   9.99500771E-05   4.73712683E-02   5.08130454E-02
        4280           1   9.99645417E-05   4.68258783E-02   5.02252653E-02
        4300           3   9.98654941E-05   4.62652743E-02   4.96509671E-02
        4320           2   9.99811527E-05   4.57396694E-02   4.90650833E-02
        4340           2   9.98697433E-05   4.52007428E-02   4.84942272E-02
        4360           2   9.98609685E-05   4.46721800E-02   4.79260720E-02
        4380           3   9.98738033E-05   4.41427827E-02   4.73660715E-02
        4400           2   9.99322365E-05   4.36328426E-02   4.68005762E-02
        4420           1   9.99722470E-05   4.31262329E-02   4.62421365E-02
        4440           2   9.98456453E-05   4.26062122E-02   4.57012504E-02
        4460           2   9.98672258E-05   4.21072245E-02   4.51522619E-02
        4480           2   9.98628238E-05   4.16062176E-02   4.46136482E-02
        4500           1   9.99375625E-05   4.11161929E-02   4.40762639E-02
        4520           2   9.99497352E-05   4.06264178E-02   4.35470156E-02
        4540           2   9.98866963E-05   4.01358269E-02   4.30280417E-02
        4560           2   9.98976393E-05   3.96547280E-02   4.25098911E-02
        4580           3   9.98543910E-05   3.91733348E-02   4.20021787E-02
        4600           3   9.99189360E-05   3.87062058E-02   4.14929129E-02
        4620           1   9.98974720E-05   3.82470377E-02   4.09883037E-02
        4640           1   9.99443801E-05   3.77868786E-02   4.04914543E-02
        4660           2   9.99795520E-05   3.73286158E-02   4.00016159E-02
        4680           3   9.98932519E-05   3.68700698E-02   3.95225883E-02
        4700           3   9.99274853E-05   3.64199542E-02   3.90440561E-02
        4720           2   9.99996482E-05   3.59848291E-02   3.85663584E-02
        4740           2   9.99522017E-05   3.55483145E-02   3.80947590E-02
        4760           1   9.99987169E-05   3.51262391E-02   3.76271270E-02
        4780           1   9.99149270E-05   3.46902683E-02   3.71733792E-02
        4800           2   9.99510885E-05   3.42646763E-02   3.67230922E-02
        4820           2   9.98764735E-05   3.38417925E-02   3.62774879E-02
        4840           2   9.98732430E-05   3.34299952E-02   3.58309820E-02
        4860           3   9.98744727E-05   3.30172181E-02   3.53960879E-02
        4880           2   9.99259064E-05   3.26184779E-02   3.49609405E-02
        4900           2   9.99810800E-05   3.22211832E-02   3.45338248E-02
        4920           1   9.99751428E-05   3.18322480E-02   3.41065526E-02
        4940           2   9.99120020E-05   3.14324610E-02   3.36936153E-02
        4960           2   9.99024996E-05   3.10462099E-02   3.32810432E-02
        4980           3   9.98830874E-05   3.06609385E-02   3.28778327E-02
        5000           2   9.98739051E-05   3.02854441E-02   3.24735641E-02
        5020           1   9.99455442E-05   2.99223196E-02   3.20706330E-02
        5040           2   9.99837575E-05   2.95495838E-02   3.16812731E-02
        5060           1   9.99851472E-05   2.91877557E-02   3.12925391E-02
        5080           1   9.99028416E-05   2.88265795E-02   3.09104696E-02
        5100           1   9.98301766E-05   2.84636952E-02   3.05364802E-02
        5120           2   9.99065960E-05   2.81129237E-02   3.01617514E-02
        5140           2   9.99744807E-05   2.77633201E-02   2.97937486E-02
        5160           2   9.98734467E-05   2.74156611E-02   2.94351224E-02
        5180           2   9.98720570E-05   2.70767938E-02   2.90751643E-02
        5200           1   9.99325785E-05   2.67517939E-02   2.87141260E-02
        5220           1   9.99519470E-05   2.64162682E-02   2.83671767E-02
        5240           1   9.99154217E-05   2.60914154E-02   2.80178227E-02
        5260           1   9.99066033E-05   2.57637873E-02   2.76781358E-02
        5280           1   9.99160693E-05   2.54384838E-02   2.73413993E-02
        5300           2   9.98881296E-05   2.51141638E-02   2.70132627E-02
        5320           1   9.99845288E-05   2.48118453E-02   2.66767610E-02
        5340           3   9.98757896E-05   2.44869813E-02   2.63591483E-02
        5360           1   9.99846525E-05   2.41963007E-02   2.60290876E-02
        5380           2   9.98752730E-05   2.38817576E-02   2.57167853E-02
        5400           2   9.98887917E-05   2.35786382E-02   2.54061278E-02
        5420           1   9.98645774E-05   2.32878570E-02   2.50936206E-02
        5440           1   9.98787000E-05   2.29970757E-02   2.47840825E-02
        5460           1   9.99170807E-05   2.27051880E-02   2.44842283E-02
        5480           1   9.99065160E-05   2.24162340E-02   2.41861381E-02
        5500           1   9.98769319E-05   2.21342221E-02   2.38892678E-02
        5520           2   9.98656760E-05   2.18439456E-02   2.36039162E-02
        5540           1   9.99441545E-05   2.15758625E-02   2.33097300E-02
        5560           1   9.99404874E-05   2.12950800E-02   2.30277069E-02
        5580           2   9.98668402E-05   2.10146438E-02   2.27503162E-02
        5600           1   9.99990953E-05   2.07576547E-02   2.24666297E-02
        5620           1   9.99352851E-05   2.04877499E-02   2.21931040E-02
        5640           2   9.99207914E-05   2.02180333E-02   2.19239779E-02
        5660           1   9.98629912E-05   1.99596584E-02   2.16546357E-02
        5680           1   9.98877003E-05   1.97010674E-02   2.13895217E-02
        5700           2   9.99092736E-05   1.94422286E-02   2.11275667E-02
        5720           1   9.98352043E-05   1.91954896E-02   2.08651498E-02
        5740           1   9.98558753E-05   1.89447198E-02   2.06071157E-02
        5760           1   9.98917458E-05   1.86963268E-02   2.03539580E-02
        5780           1   9.98550022E-05   1.84499789E-02   2.01034341E-02
        5800           1   9.99366675E-05   1.82108395E-02   1.98546853E-02
        5820           2   9.98752585E-05   1.79632604E-02   1.96131766E-02
        5840           1   9.99960757E-05   1.77369285E-02   1.93640217E-02
        5860           1   9.97109237E-05   1.74995493E-02   1.91260818E-02
        5880           1   9.96633680E-05   1.72608569E-02   1.88917294E-02
        5900           1   9.98279866E-05   1.70348957E-02   1.86542068E-02
        5920           1   9.94305956E-05   1.68085564E-02   1.84234250E-02
        5940           1   9.97030220E-05   1.65801775E-02   1.81942582E-02
        5960           1   9.99398180E-05   1.63628049E-02   1.79627314E-02
        5980           1   9.89931214E-05   1.61379427E-02   1.77421235E-02
        6000           1   9.89462860E-05   1.59234013E-02   1.75181460E-02
        6020           1   9.92294081E-05   1.57090016E-02   1.72960032E-02
        6040           1   9.90288463E-05   1.54940188E-02   1.70791987E-02
        6060           1   9.80862169E-05   1.52780004E-02   1.68670192E-02
        6080           1   9.66462467E-05   1.50675178E-02   1.66566446E-02
        6100           1   9.49832684E-05   1.48611590E-02   1.64458491E-02
        6120           1   9.32594994E-05   1.46572050E-02   1.62391756E-02
        6140           1   9.14649572E-05   1.44572183E-02   1.60352848E-02
        6160           1   8.97597783E-05   1.42581277E-02   1.58308949E-02
        6180           1   8.86024209E-05   1.40602021E-02   1.56263057E-02
        6200           1   8.80538573E-05   1.38686802E-02   1.54226022E-02
        6220           1   8.78993305E-05   1.36797503E-02   1.52196232E-02
        6240           1   8.76209815E-05   1.34938629E-02   1.50209898E-02
        6260           1   8.71504089E-05   1.33069586E-02   1.48254149E-02
        6280           1   8.64191388E-05   1.31230727E-02   1.46370530E-02
        6300           1   8.52541198E-05   1.29393423E-02   1.44492676E-02
        6320           1   8.36688778E-05   1.27616422E-02   1.42595824E-02
        6340           1   8.19275810E-05   1.25864586E-02   1.40727377E-02
        6360           1   8.02915965E-05   1.24099813E-02   1.38876587E-02
        6380           1   7.91038037E-05   1.22365002E-02   1.37063488E-02
        6400           1   7.83685246E-05   1.20649124E-02   1.35256546E-02
        6420           1   7.79126276E-05   1.18980985E-02   1.33457100E-02
        6440           1   7.76280140E-05   1.17309121E-02   1.31691825E-02
        6460           1   7.73885331E-05   1.15669994E-02   1.29945921E-02
        6480           1   7.69150065E-05   1.14038782E-02   1.28231682E-02
        6500           1   7.60819821E-05   1.12423794E-02   1.26521634E-02
        6520           1   7.48688326E-05   1.10855503E-02   1.24845002E-02
        6540           1   7.34030182E-05   1.09313615E-02   1.23170326E-02
        6560           1   7.19929667E-05   1.07789896E-02   1.21507943E-02
        6580           1   7.08074731E-05   1.06298681E-02   1.19835008E-02
        6600           1   6.99032171E-05   1.04797725E-02   1.18207540E-02
        6620           1   6.93067341E-05   1.03323283E-02   1.16577456E-02
        6640           1   6.89439403E-05   1.01868445E-02   1.14971697E-02
        6660           1   6.87556312E-05   1.00444946E-02   1.13410503E-02
        6680           1   6.84406841E-05   9.90157761E-03   1.11880274E-02
        6700           1   6.78706274E-05   9.76237375E-03   1.10353380E-02
        6720           1   6.70286536E-05   9.62475594E-03   1.08866058E-02
        6740           1   6.59103316E-05   9.48901568E-03   1.07386522E-02
        6760           1   6.46840926E-05   9.35581885E-03   1.05907433E-02
        6780           1   6.34616299E-05   9.22557246E-03   1.04434751E-02
        6800           1   6.24820314E-05   9.09628719E-03   1.02978898E-02
        6820           1   6.17811311E-05   8.97081755E-03   1.01517690E-02
        6840           1   6.13198354E-05   8.84698611E-03   1.00085633E-02
        6860           1   6.10568095E-05   8.72399379E-03   9.86722950E-03
        6880           1   6.08046321E-05   8.60213023E-03   9.72724985E-03
        6900           1   6.04047382E-05   8.48164875E-03   9.59114451E-03
        6920           1   5.98101069E-05   8.36292282E-03   9.45779495E-03
        6940           1   5.89403935E-05   8.24601203E-03   9.32625122E-03
        6960           1   5.79157750E-05   8.12930055E-03   9.19735152E-03
        6980           1   5.68630712E-05   8.01417697E-03   9.06771328E-03
        7000           1   5.58997344E-05   7.90199079E-03   8.94068368E-03
        7020           1   5.51417288E-05   7.79031077E-03   8.81354790E-03
        7040           1   5.45995354E-05   7.68088130E-03   8.68990179E-03
        7060           1   5.43055794E-05   7.57423323E-03   8.56857747E-03
        7080           1   5.40812071E-05   7.46824360E-03   8.44462588E-03
        7100           1   5.38381973E-05   7.36529566E-03   8.32548458E-03
        7120           1   5.34510182E-05   7.26113329E-03   8.20689276E-03
        7140           1   5.28330092E-05   7.16166850E-03   8.09076428E-03
        7160           1   5.20813701E-05   7.06301909E-03   7.97463953E-03
        7180           1   5.11844737E-05   6.96493872E-03   7.86030386E-03
        7200           1   5.02649818E-05   6.86898315E-03   7.74558773E-03
        7220           1   4.94934866E-05   6.77395565E-03   7.63648609E-03
        7240           1   4.88277692E-05   6.67908508E-03   7.52469385E-03
        7260           1   4.84110278E-05   6.58821128E-03   7.41726393E-03
        7280           1   4.81014140E-05   6.49782876E-03   7.31105311E-03
        7300           1   4.78770417E-05   6.40645530E-03   7.20746536E-03
        7320           1   4.75836605E-05   6.31627068E-03   7.10520521E-03
        7340           1   4.71154381E-05   6.22892706E-03   7.00644217E-03
        7360           1   4.64732366E-05   6.14157179E-03   6.90766890E-03
        7380           1   4.57496972E-05   6.05688291E-03   6.80799689E-03
        7400           1   4.49744657E-05   5.97487204E-03   6.71346346E-03
        7420           1   4.42331111E-05   5.89166442E-03   6.61769509E-03
        7440           1   4.36051814E-05   5.80957672E-03   6.52364595E-03
        7460           1   4.31415974E-05   5.73322596E-03   6.42918469E-03
        7480           1   4.28255444E-05   5.65377949E-03   6.33806176E-03
        7500           1   4.26268889E-05   5.57633955E-03   6.24765316E-03
        7520           1   4.24035461E-05   5.50347054E-03   6.15853490E-03
        7540           1   4.21260847E-05   5.42618381E-03   6.07136684E-03
        7560           1   4.16396397E-05   5.35282865E-03   5.98829333E-03
        7580           1   4.11275723E-05   5.28087327E-03   5.90320257E-03
        7600           1   4.04322818E-05   5.20645035E-03   5.82093280E-03
        7620           1   3.97611293E-05   5.13795624E-03   5.74069656E-03
        7640           1   3.91616522E-05   5.06919902E-03   5.66016510E-03
        7660           1   3.86571191E-05   5.00081293E-03   5.58084343E-03
        7680           1   3.82759135E-05   4.93554352E-03   5.49981184E-03
        7700           1   3.79528683E-05   4.87063406E-03   5.42390300E-03
        7720           1   3.77510078E-05   4.80477652E-03   5.34843281E-03
        7740           1   3.74679075E-05   4.74289991E-03   5.27345622E-03
        7760           1   3.71418064E-05   4.67921374E-03   5.20031853E-03
        7780           1   3.66679851E-05   4.61884821E-03   5.12948772E-03
        7800           1   3.61326638E-05   4.55842447E-03   5.05808275E-03
        7820           1   3.55352531E-05   4.49926732E-03   4.98926453E-03
        7840           1   3.49380789E-05   4.44225129E-03   4.92265681E-03
        7860           1   3.44562359E-05   4.38431650E-03   4.85578738E-03
        7880           1   3.40654660E-05   4.32802970E-03   4.79034986E-03
        7900           1   3.37356578E-05   4.27017361E-03   4.72630328E-03
        7920           1   3.35424957E-05   4.21589287E-03   4.66387765E-03
        7940           1   3.33689241E-05   4.16296255E-03   4.59986972E-03
        7960           1   3.31611118E-05   4.11166297E-03   4.54003038E-03
        7980           1   3.28342903E-05   4.05896408E-03   4.47810674E-03
        8000           1   3.24544089E-05   4.00777627E-03   4.42181528E-03
        8020           1   3.19630635E-05   3.95737309E-03   4.36328212E-03
        8040           1   3.14378558E-05   3.91020393E-03   4.30281088E-03
        8060           1   3.09829884E-05   3.86092463E-03   4.24587866E-03
        8080           1   3.05621506E-05   3.81228048E-03   4.18960536E-03
        8100           1   3.01961281E-05   3.76838748E-03   4.13503498E-03
        8120           1   2.99441344E-05   3.72132612E-03   4.07958450E-03
        8140           1   2.97389543E-05   3.67564755E-03   4.02645441E-03
        8160           1   2.95204190E-05   3.63088935E-03   3.97441396E-03
        8180           1   2.92354744E-05   3.58491438E-03   3.92375840E-03
        8200           1   2.89348973E-05   3.54143279E-03   3.87471938E-03
        8220           1   2.84850757E-05   3.49862617E-03   3.82508896E-03
        8240           1   2.80532913E-05   3.45573109E-03   3.77772632E-03
        8260           1   2.76342744E-05   3.41342064E-03   3.73029546E-03
        8280           1   2.72149555E-05   3.37453117E-03   3.68550979E-03
        8300           1   2.68794247E-05   3.33279837E-03   3.63664096E-03
        8320           1   2.66392162E-05   3.29182413E-03   3.59208789E-03
        8340           1   2.64600894E-05   3.25435912E-03   3.54808429E-03
        8360           1   2.63081220E-05   3.21562868E-03   3.50284111E-03
        8380           1   2.61275090E-05   3.17518786E-03   3.45803169E-03
        8400           1   2.59068092E-05   3.13807768E-03   3.41594894E-03
        8420           1   2.56074563E-05   3.09969275E-03   3.37327225E-03
        8440           1   2.52597911E-05   3.06288409E-03   3.33151314E-03
        8460           1   2.48659289E-05   3.02467961E-03   3.29157431E-03
        8480           1   2.44927705E-05   2.98939832E-03   3.25060263E-03
        8500           1   2.41712423E-05   2.95408187E-03   3.21149849E-03
        8520           1   2.38830926E-05   2.91729299E-03   3.17325816E-03
        8540           1   2.36666165E-05   2.88318051E-03   3.13302455E-03
        8560           1   2.34820545E-05   2.84770085E-03   3.09444428E-03
        8580           1   2.33248193E-05   2.81350361E-03   3.05594620E-03
        8600           1   2.31229697E-05   2.78006773E-03   3.01942322E-03
        8620           1   2.28801891E-05   2.74368306E-03   2.98527698E-03
        8640           1   2.25533004E-05   2.70933541E-03   2.94888322E-03
        8660           1   2.22098097E-05   2.67842901E-03   2.91352184E-03
        8680           1   2.18806636E-05   2.64695054E-03   2.87927175E-03
        8700           1   2.16047520E-05   2.61533842E-03   2.84548150E-03
        8720           1   2.13041913E-05   2.58281967E-03   2.81208241E-03
        8740           1   2.11071201E-05   2.55381269E-03   2.77798553E-03
        8760           1   2.09439204E-05   2.52033188E-03   2.74450472E-03
        8780           1   2.08307174E-05   2.49090395E-03   2.71248282E-03
        8800           1   2.06914410E-05   2.45914818E-03   2.68122833E-03
        8820           1   2.05159831E-05   2.43065506E-03   2.65069073E-03
        8840           1   2.02878728E-05   2.39973189E-03   2.61830119E-03
        8860           1   2.00326431E-05   2.37184647E-03   2.58704647E-03
        8880           1   1.97612262E-05   2.34276149E-03   2.55597476E-03
        8900           1   1.94975601E-05   2.31336104E-03   2.52728933E-03
        8920           1   1.92262196E-05   2.28581158E-03   2.49668839E-03
        8940           1   1.90055616E-05   2.25694128E-03   2.46756803E-03
        8960           1   1.88152553E-05   2.22939230E-03   2.43636733E-03
        8980           1   1.86706930E-05   2.20188103E-03   2.40652962E-03
        9000           1   1.84901746E-05   2.17527407E-03   2.37939693E-03
        9020           1   1.83611355E-05   2.14751996E-03   2.35096877E-03
        9040           1   1.81872965E-05   2.12028017E-03   2.32449919E-03
        9060           1   1.79381859E-05   2.09564622E-03   2.29485705E-03
        9080           1   1.77013953E-05   2.06803065E-03   2.26886268E-03
        9100           1   1.74471261E-05   2.04424211E-03   2.24334584E-03
        9120           1   1.72531218E-05   2.01775343E-03   2.21796590E-03
        9140           1   1.70122912E-05   1.99489202E-03   2.19183741E-03
        9160           1   1.68286715E-05   1.97082409E-03   2.16492801E-03
        9180           1   1.67002308E-05   1.94549619E-03   2.13967194E-03
        9200           1   1.65725905E-05   1.92027446E-03   2.11455533E-03
        9220           1   1.64378416E-05   1.89836649E-03   2.08899681E-03
        9240           1   1.63461737E-05   1.87432172E-03   2.06485298E-03
        9260           1   1.61941280E-05   1.85127591E-03   2.04209285E-03
        9280           1   1.60027303E-05   1.82953023E-03   2.01616832E-03
        9300           1   1.57606210E-05   1.80728559E-03   1.99184311E-03
        9320           1   1.55468842E-05   1.78477541E-03   1.96878915E-03
        9340           1   1.53788169E-05   1.76332798E-03   1.94529467E-03
        9360           1   1.52281564E-05   1.74052722E-03   1.92079658E-03
        9380           1   1.50678734E-05   1.72095059E-03   1.89869106E-03
        9400           1   1.49491934E-05   1.69999083E-03   1.87455548E-03
        9420           1   1.47970040E-05   1.67662592E-03   1.85252458E-03
        9440           1   1.46739803E-05   1.65894348E-03   1.83239987E-03
        9460           1   1.45426966E-05   1.63957977E-03   1.80999388E-03
        9480           1   1.43852048E-05   1.62103144E-03   1.78695971E-03
        9500           1   1.41877244E-05   1.60114083E-03   1.76654814E-03
        9520           1   1.39840395E-05   1.58444734E-03   1.74695894E-03
        9540           1   1.37985526E-05   1.56742916E-03   1.72534154E-03
        9560           1   1.36591761E-05   1.54738256E-03   1.70500251E-03
        9580           1   1.35251921E-05   1.53048744E-03   1.68396998E-03
        9600           1   1.34164093E-05   1.51434308E-03   1.66317029E-03
        9620           1   1.33201502E-05   1.49683701E-03   1.64437597E-03
        9640           1   1.32130972E-05   1.48135959E-03   1.62227976E-03
        9660           1   1.31059433E-05   1.46424130E-03   1.60463527E-03
        9680           1   1.29683121E-05   1.44800323E-03   1.58584199E-03
        9700           1   1.28443335E-05   1.43395737E-03   1.56579562E-03
        9720           1   1.26947034E-05   1.41674851E-03   1.54867966E-03
        9740           1   1.25185961E-05   1.40353211E-03   1.53138430E-03
        9760           1   1.23792306E-05   1.38735306E-03   1.51015352E-03
        9780           1   1.22723650E-05   1.37121510E-03   1.49166049E-03
        9800           1   1.21106877E-05   1.35641533E-03   1.47611450E-03
        9820           1   1.20076711E-05   1.34226377E-03   1.45665242E-03
        9840           1   1.18940789E-05   1.32851291E-03   1.43894309E-03
        9860           1   1.18073795E-05   1.31457939E-03   1.42205181E-03
        9880           1   1.17123463E-05   1.29922689E-03   1.40571548E-03
        9900           1   1.16037263E-05   1.28563389E-03   1.38784049E-03
        9920           1   1.14147742E-05   1.27293135E-03   1.37140485E-03
        9940           1   1.12917714E-05   1.25927629E-03   1.35451416E-03
        9960           1   1.11688241E-05   1.24512077E-03   1.33924745E-03
        9980           1   1.10581859E-05   1.23423757E-03   1.32297503E-03
       10000           1   1.09785742E-05   1.22045423E-03   1.30643020E-03
       10020           1   1.08122822E-05   1.20712805E-03   1.29175198E-03
       10040           1   1.07327942E-05   1.19358860E-03   1.27638818E-03
       10060           1   1.06521384E-05   1.18180027E-03   1.26194651E-03
       10080           1   1.06048265E-05   1.16660353E-03   1.24639738E-03
       10100           1   1.04796873E-05   1.15696248E-03   1.23034953E-03
       10120           1   1.03567727E-05   1.14405574E-03   1.21888635E-03
       10140           1   1.02315880E-05   1.13389944E-03   1.20391976E-03
       10160           1   1.01099477E-05   1.12097617E-03   1.18933385E-03
       10180           1   1.00047801E-05   1.11109833E-03   1.17415457E-03
       10200           1   9.89039381E-06   1.09890744E-03   1.15866074E-03
       10220           1   9.83250902E-06   1.08739175E-03   1.14610733E-03
       10240           1   9.73512488E-06   1.07636908E-03   1.13271561E-03
       10260           1   9.66031894E-06   1.06558774E-03   1.12023961E-03
       10280           1   9.58494184E-06   1.05437392E-03   1.10522308E-03
       10300           1   9.51362199E-06   1.04400527E-03   1.09229481E-03
       10320           1   9.38221729E-06   1.03431661E-03   1.08098111E-03
       10340           1   9.25172571E-06   1.02137402E-03   1.06781162E-03
       10360           1   9.11337520E-06   1.01180235E-03   1.05594087E-03
       10380           1   9.01789281E-06   1.00061810E-03   1.04420795E-03
       10400           1   8.92355638E-06   9.92208719E-04   1.03358366E-03
       10420           1   8.83898974E-06   9.80397221E-04   1.02039590E-03
       10440           1   8.80498737E-06   9.69855464E-04   1.00793887E-03
       10460           1   8.73104000E-06   9.59654688E-04   9.97256488E-04
       10480           1   8.69617452E-06   9.52441595E-04   9.84003884E-04
       10500           1   8.60521504E-06   9.41422186E-04   9.75148869E-04
       10520           1   8.53316305E-06   9.32014897E-04   9.63753380E-04
       10540           1   8.44780607E-06   9.21289786E-04   9.51697177E-04
       10560           1   8.27807708E-06   9.13568249E-04   9.40177473E-04
       10580           1   8.19214983E-06   9.03496344E-04   9.30741662E-04
       10600           1   8.11330028E-06   8.94844416E-04   9.21090366E-04
       10620           1   8.01515489E-06   8.85651971E-04   9.10204893E-04
       10640           1   7.94057087E-06   8.76824022E-04   8.99695500E-04
       10660           1   7.87427780E-06   8.68047704E-04   8.92390148E-04
       10680           1   7.83972609E-06   8.59225809E-04   8.80976033E-04
       10700           1   7.79347647E-06   8.49970500E-04   8.70672462E-04
       10720           1   7.75453009E-06   8.41525034E-04   8.62251210E-04
       10740           1   7.66324138E-06   8.33063736E-04   8.52539379E-04
       10760           1   7.55688052E-06   8.23870418E-04   8.43759626E-04
       10780           1   7.46539081E-06   8.16954998E-04   8.35070969E-04
       10800           1   7.35374533E-06   8.09820078E-04   8.25064140E-04
       10820           1   7.26883627E-06   8.01288697E-04   8.17023858E-04
       10840           1   7.23778976E-06   7.93510873E-04   8.08029552E-04
       10860           1   7.17029206E-06   7.84154516E-04   8.01292714E-04
       10880           1   7.11401572E-06   7.78348767E-04   7.90362479E-04
       10900           1   7.04722652E-06   7.68924423E-04   7.82336283E-04
       10920           1   7.03290698E-06   7.61561678E-04   7.74291693E-04
       10940           1   6.97104269E-06   7.53040484E-04   7.65657052E-04
       10960           1   6.89219905E-06   7.46940845E-04   7.57500529E-04
       10980           1   6.76961417E-06   7.39398878E-04   7.49664614E-04
       11000           1   6.65343396E-06   7.33158842E-04   7.42306991E-04
       11020           1   6.60087335E-06   7.22931698E-04   7.34690984E-04
       11040           1   6.58047293E-06   7.16694631E-04   7.27100007E-04
       11060           1   6.46972194E-06   7.09142885E-04   7.18678173E-04
       11080           1   6.43752901E-06   7.02622521E-04   7.11959263E-04
       11100           1   6.43683143E-06   6.95993658E-04   7.04433536E-04
       11120           1   6.37343601E-06   6.90366607E-04   6.98267308E-04
       11140           1   6.29769238E-06   6.83710328E-04   6.90543849E-04
       11160           1   6.23005462E-06   6.74777722E-04   6.84403756E-04
       11180           1   6.17037358E-06   6.71120943E-04   6.78207085E-04
       11200           1   6.13447128E-06   6.61571219E-04   6.69431174E-04
       11220           1   6.05333889E-06   6.56809541E-04   6.62359642E-04
       11240           1   6.00925523E-06   6.49079215E-04   6.55563024E-04
       11260           1   5.92935476E-06   6.43161591E-04   6.51470909E-04
       11280           1   5.88145303E-06   6.37978141E-04   6.43601641E-04
       11300           1   5.81680024E-06   6.29840477E-04   6.36671088E-04
       11320           1   5.76815501E-06   6.23694388E-04   6.31214818E-04
       11340           1   5.74509386E-06   6.19520666E-04   6.24940847E-04
       11360           1   5.66723565E-06   6.11676835E-04   6.19397906E-04
       11380           1   5.61123170E-06   6.06103335E-04   6.12840580E-04
       11400           1   5.55869565E-06   5.99091523E-04   6.06604386E-04
       11420           1   5.53527343E-06   5.94825367E-04   6.01372856E-04
       11440           1   5.46890442E-06   5.88472700E-04   5.94896439E-04
       11460           1   5.38654240E-06   5.83426969E-04   5.88853378E-04
       11480           1   5.34236369E-06   5.78308478E-04   5.83324116E-04
       11500           1   5.29020008E-06   5.72441029E-04   5.76516672E-04
       11520           1   5.25244241E-06   5.66848030E-04   5.71610348E-04
       11540           1   5.20679805E-06   5.60985529E-04   5.66177652E-04
       11560           1   5.16451701E-06   5.55089209E-04   5.59397391E-04
       11580           1   5.13809164E-06   5.49388351E-04   5.53119753E-04
       11600           1   5.08347421E-06   5.43245289E-04   5.49161807E-04
       11620           1   5.05484468E-06   5.39339264E-04   5.43195521E-04
       11640           1   4.98118743E-06   5.34098188E-04   5.37568878E-04
       11660           1   4.94903361E-06   5.29119628E-04   5.32825245E-04
       11680           1   4.89601462E-06   5.22532035E-04   5.28481265E-04
       11700           1   4.87825946E-06   5.18531189E-04   5.21657174E-04
       11720           1   4.79683331E-06   5.12867700E-04   5.17055392E-04
       11740           1   4.76132800E-06   5.08020050E-04   5.13151463E-04
       11760           1   4.73053387E-06   5.03285439E-04   5.06608281E-04
       11780           1   4.65972334E-06   4.98576497E-04   5.00104215E-04
       11786           1   4.64699951E-06   4.96094697E-04   4.99866961E-04
 Solver: fs        , Convection scheme: uds       
 RE=   1000.00000     , N=          64
 Selected Time scheme:            1
 DT=   3.12500005E-03
 Wall-clock time (s):    25.7260799    
Note: The following floating-point exceptions are signalling: IEEE_UNDERFLOW_FLAG
