 URFU=?
   20       0.01163       0.01537       0.12349
   40       0.01973       0.01370       0.19971
   60       0.01254       0.01008       0.12263
   80       0.00627       0.00610       0.08866
  100       0.00361       0.00596       0.06797
  120       0.00399       0.00452       0.04928
  140       0.00361       0.00195       0.04798
  160       0.00260       0.00192       0.03599
  180       0.00089       0.00212       0.02675
  200       0.00112       0.00180       0.01820
  220       0.00085       0.00106       0.01399
  240       0.00128       0.00074       0.01195
  260       0.00103       0.00090       0.01130
  280       0.00057       0.00048       0.01054
  300       0.00055       0.00053       0.00938
  320       0.00055       0.00059       0.00864
  340       0.00040       0.00042       0.00768
  360       0.00049       0.00032       0.00585
  380       0.00036       0.00028       0.00555
  400       0.00025       0.00032       0.00482
  420       0.00019       0.00037       0.00371
  440       0.00019       0.00019       0.00313
  460       0.00025       0.00011       0.00259
  480       0.00021       0.00016       0.00246
  500       0.00008       0.00015       0.00221
  520       0.00008       0.00014       0.00197
  540       0.00010       0.00010       0.00172
  560       0.00011       0.00007       0.00145
  580       0.00011       0.00008       0.00114
  600       0.00007       0.00006       0.00107
  620       0.00005       0.00006       0.00098
  640       0.00005       0.00007       0.00084
  660       0.00004       0.00005       0.00078
  680       0.00005       0.00003       0.00063
  700       0.00004       0.00003       0.00056
  720       0.00002       0.00003       0.00051
  740       0.00001       0.00004       0.00043
  760       0.00002       0.00002       0.00035
  780       0.00003       0.00001       0.00030
  800       0.00002       0.00002       0.00026
  820       0.00001       0.00001       0.00024
  840       0.00001       0.00001       0.00023
  860       0.00001       0.00001       0.00020
  880       0.00001       0.00001       0.00017
  900       0.00001       0.00001       0.00013
  920       0.00001       0.00001       0.00012
  940       0.00001       0.00001       0.00011
  955       0.00000       0.00001       0.00010
 Solver: simple    , Convection scheme: uds       
 RE=   1000.00000     , N=          64
 URFU=  0.699999988     , URFP=  0.300000012    
 Wall-clock time (s):    2.62294579    
Note: The following floating-point exceptions are signalling: IEEE_DIVIDE_BY_ZERO IEEE_UNDERFLOW_FLAG
