 N, URFU=?
          20           9   2.05933750E-02   1.31839123E-02   5.74288592E-02
          40           9   1.92118343E-02   2.29136441E-02   9.37282071E-02
          60           9   2.58740336E-02   2.99073104E-02  0.112131596    
          80           9   3.08315102E-02   3.26963812E-02  0.128989920    
         100           9   3.60016935E-02   3.28951590E-02  0.156411156    
         120           9   4.08430770E-02   3.26643512E-02  0.173996478    
         140           9   3.75589766E-02   2.88534593E-02  0.178939044    
         160           9   3.81607972E-02   3.24332640E-02  0.145051956    
         180           9   3.70707922E-02   2.74345167E-02  0.135095954    
         200           9   2.91154869E-02   2.19730288E-02  0.138509676    
         220           9   2.56873351E-02   2.08201893E-02  0.109970987    
         240           9   2.31038444E-02   2.46031694E-02   9.27309096E-02
         260           9   1.93550792E-02   2.10722294E-02  0.108444162    
         280           9   1.45768905E-02   2.19067074E-02  0.101421818    
         300           9   2.02095639E-02   2.09319703E-02   9.03726667E-02
         320           9   1.94322076E-02   1.74271427E-02   8.23274925E-02
         340           9   2.21403576E-02   1.63284894E-02   7.70386457E-02
         360           9   2.19197106E-02   1.33547122E-02   6.49921596E-02
         380           9   2.14026701E-02   1.14373108E-02   6.79269731E-02
         400           9   1.79266464E-02   1.43973213E-02   7.25727305E-02
         420           9   1.66796651E-02   1.46835772E-02   6.41245544E-02
         440           9   1.31392963E-02   1.91453211E-02   5.37845194E-02
         460           9   1.06297480E-02   1.88825857E-02   6.81608245E-02
         480           9   1.09545914E-02   1.76162291E-02   5.83705902E-02
         500           9   1.39486492E-02   1.32489707E-02   3.66326310E-02
         520           9   1.35489907E-02   7.87076727E-03   3.57928202E-02
         540           9   1.12743191E-02   6.72790688E-03   3.88357863E-02
         560           9   7.54783023E-03   7.59169878E-03   4.12342921E-02
         580           9   6.21471507E-03   6.40282314E-03   3.79549228E-02
         600           9   7.39829149E-03   7.38921203E-03   3.04984637E-02
         620           9   6.33736234E-03   9.09322686E-03   2.39223000E-02
         640           9   6.99710567E-03   9.86356195E-03   2.06498615E-02
         660           9   8.35675932E-03   9.13991686E-03   2.29638033E-02
         680           9   8.87428597E-03   8.65913555E-03   3.46242078E-02
         700           9   8.78012646E-03   7.63106812E-03   3.65096182E-02
         720           9   8.23845621E-03   6.53334521E-03   2.90377289E-02
         740           9   6.19067252E-03   6.52217353E-03   2.21014936E-02
         760           9   4.10572439E-03   7.27913436E-03   2.02643089E-02
         780           9   3.84744606E-03   6.87041041E-03   1.98119115E-02
         800           9   4.03564190E-03   5.36380615E-03   2.21252050E-02
         820           9   4.93574003E-03   3.32266325E-03   2.22167987E-02
         840           9   4.97260364E-03   4.02266951E-03   1.98054072E-02
         860           9   4.01026756E-03   5.07238507E-03   1.48102781E-02
         880           9   3.44622345E-03   5.68961399E-03   1.19443843E-02
         900           9   3.98657005E-03   5.01413224E-03   1.17415478E-02
         920           9   4.60037263E-03   3.64447385E-03   1.60516184E-02
         940           9   4.17402387E-03   3.10662040E-03   1.93749480E-02
         960           9   3.29445838E-03   3.91195016E-03   1.91044621E-02
         980           9   3.40254558E-03   4.42737807E-03   1.55042792E-02
        1000           9   3.44362250E-03   3.96991847E-03   1.16521306E-02
        1020           9   3.26078478E-03   3.14624375E-03   1.08736819E-02
        1040           9   3.18709738E-03   2.10880348E-03   1.21075492E-02
        1060           9   3.19150300E-03   2.09832238E-03   1.26578612E-02
        1080           9   3.35681112E-03   2.86656059E-03   1.26344953E-02
        1100           9   3.52378679E-03   3.14698857E-03   1.09527335E-02
        1120           9   3.41497082E-03   2.79257772E-03   1.03655932E-02
        1140           9   3.18393460E-03   2.30168039E-03   1.13218725E-02
        1160           9   2.86516896E-03   2.17589736E-03   1.11520598E-02
        1180           9   2.35806685E-03   2.36523570E-03   9.54447128E-03
        1200           9   2.31380435E-03   2.72994838E-03   9.35161486E-03
        1220           9   2.33414723E-03   3.07027018E-03   9.26708058E-03
        1240           9   2.38850387E-03   2.92213913E-03   9.08753555E-03
        1260           9   2.28118524E-03   2.30382569E-03   1.02119138E-02
        1280           9   1.93089515E-03   1.63886580E-03   1.02913994E-02
        1300           9   1.92774343E-03   1.51362049E-03   8.38351902E-03
        1320           9   2.48017767E-03   1.66945928E-03   5.73409256E-03
        1340           9   2.60136463E-03   1.90582161E-03   5.69131877E-03
        1360           9   2.31042388E-03   2.19040504E-03   7.01270765E-03
        1380           9   1.88692659E-03   2.20291479E-03   7.76255270E-03
        1400           9   1.67332904E-03   1.88985700E-03   7.50396680E-03
        1420           9   1.58096245E-03   1.54617010E-03   6.61832001E-03
        1440           9   1.72302464E-03   1.34713913E-03   5.54806553E-03
        1460           9   1.69106270E-03   1.66528963E-03   5.38230082E-03
        1480           9   1.74412969E-03   1.76986260E-03   5.57302870E-03
        1500           9   1.70169806E-03   1.78022846E-03   5.76467300E-03
        1520           9   1.37757091E-03   1.60192489E-03   6.71228766E-03
        1540           9   1.20477891E-03   1.22239464E-03   6.55244896E-03
        1560           9   1.44291820E-03   9.42815270E-04   5.05173020E-03
        1580           9   1.55439682E-03   1.18111179E-03   3.49695049E-03
        1600           9   1.53657573E-03   1.43203815E-03   3.72921699E-03
        1620           9   1.41443231E-03   1.42412796E-03   4.60074935E-03
        1640           9   1.28673611E-03   1.30418548E-03   5.05776936E-03
        1660           9   1.16080092E-03   1.09479821E-03   5.32453461E-03
        1680           9   1.12916727E-03   9.26918699E-04   4.96372348E-03
        1700           9   1.11103314E-03   9.83356265E-04   4.07443289E-03
        1720           9   1.07142795E-03   1.20430347E-03   3.82848969E-03
        1740           9   1.07599190E-03   1.25108869E-03   3.84142483E-03
        1760           9   9.98136471E-04   1.13120966E-03   4.09704773E-03
        1780           9   8.43316084E-04   9.00110404E-04   4.68430808E-03
        1800           9   7.84570875E-04   6.65429223E-04   4.56322078E-03
        1820           9   8.96566489E-04   6.28678012E-04   3.55592882E-03
        1840           9   9.87370382E-04   8.70969787E-04   2.52387114E-03
        1860           9   1.00322929E-03   9.55318625E-04   2.66685407E-03
        1880           9   9.11809446E-04   8.69737938E-04   3.14315432E-03
        1900           9   7.80812523E-04   7.52257067E-04   3.55214835E-03
        1920           9   6.59850077E-04   6.74411247E-04   3.61495023E-03
        1940           9   5.75799902E-04   6.40031998E-04   3.12658073E-03
        1960           9   5.87943767E-04   7.74762477E-04   2.50863377E-03
        1980           9   6.32981304E-04   8.28139600E-04   2.27906741E-03
        2000           9   6.58863690E-04   7.23544392E-04   2.36986065E-03
        2020           9   5.82748675E-04   5.90655953E-04   2.79196235E-03
        2040           9   4.61835763E-04   4.73294785E-04   2.98838830E-03
        2060           9   5.11292892E-04   4.16641939E-04   2.53956346E-03
        2080           9   5.88127295E-04   4.84574353E-04   1.74808572E-03
        2100           9   5.97145583E-04   6.12422125E-04   1.54631643E-03
        2120           9   5.52820391E-04   6.05895882E-04   1.78171392E-03
        2140           9   4.85932658E-04   5.04040450E-04   2.02408386E-03
        2160           9   4.17211151E-04   4.21055272E-04   2.15520128E-03
        2180           9   3.71778529E-04   3.81120277E-04   2.04682490E-03
        2200           9   3.78546101E-04   4.27079707E-04   1.70838367E-03
        2220           9   4.01949597E-04   5.11838065E-04   1.45784952E-03
        2240           9   4.13333240E-04   5.06807002E-04   1.45293179E-03
        2260           9   3.77651886E-04   4.43795463E-04   1.61109364E-03
        2280           9   3.08612915E-04   3.57573677E-04   1.80202466E-03
        2300           9   3.22792970E-04   2.89502525E-04   1.70613255E-03
        2320           9   3.78129916E-04   2.64561240E-04   1.35155302E-03
        2340           9   3.99379933E-04   3.68749839E-04   1.03521056E-03
        2360           9   3.89913213E-04   4.09680360E-04   1.09981583E-03
        2380           9   3.59011785E-04   3.73262155E-04   1.24917948E-03
        2400           9   3.12877644E-04   3.11447424E-04   1.40534854E-03
        2420           9   2.79558881E-04   2.66758521E-04   1.44438201E-03
        2440           9   2.80073291E-04   2.50242330E-04   1.29150948E-03
        2460           9   2.75035651E-04   3.32736614E-04   1.08964310E-03
        2480           9   2.83059460E-04   3.68511974E-04   1.01071992E-03
        2500           9   2.75742263E-04   3.39427614E-04   1.02352793E-03
        2520           9   2.43679824E-04   2.77697836E-04   1.17701467E-03
        2540           9   2.22420262E-04   2.11560560E-04   1.24574534E-03
        2560           9   2.58530956E-04   1.71449821E-04   1.08746975E-03
        2580           9   2.85101880E-04   2.17958936E-04   8.16989108E-04
        2600           9   2.92915764E-04   2.75127473E-04   7.54167384E-04
        2620           9   2.75494531E-04   2.78529769E-04   8.52550787E-04
        2640           9   2.43533839E-04   2.46813055E-04   9.70868859E-04
        2660           9   2.10687824E-04   2.02374518E-04   1.04635360E-03
        2680           9   1.93541899E-04   1.78446615E-04   9.86738713E-04
        2700           9   1.93169733E-04   2.04594238E-04   8.17942549E-04
        2720           9   2.01193732E-04   2.52430968E-04   7.09990738E-04
        2740           9   2.07526158E-04   2.49523466E-04   6.98462478E-04
        2760           9   1.93975487E-04   2.20392161E-04   7.90823600E-04
        2780           9   1.63210207E-04   1.74239147E-04   8.97307473E-04
        2800           9   1.64388461E-04   1.38146774E-04   8.51830409E-04
        2820           9   1.90764229E-04   1.25938008E-04   6.60409045E-04
        2840           9   2.03468444E-04   1.76158428E-04   5.08393685E-04
        2860           9   2.01515431E-04   1.96974259E-04   5.55147999E-04
        2880           9   1.84777513E-04   1.84612349E-04   6.33099931E-04
        2900           9   1.60502314E-04   1.57806790E-04   7.15397531E-04
        2920           9   1.38161238E-04   1.33772861E-04   7.23733625E-04
        2940           9   1.34502436E-04   1.20553450E-04   6.32548996E-04
        2960           9   1.37031384E-04   1.57856120E-04   5.16799628E-04
        2980           9   1.45213722E-04   1.76449685E-04   4.87477781E-04
        3000           9   1.41972720E-04   1.66422309E-04   5.06900193E-04
        3020           9   1.23854494E-04   1.42375109E-04   5.88203664E-04
        3040           9   1.09196357E-04   1.09968845E-04   6.18294638E-04
        3060           9   1.20892495E-04   9.10496310E-05   5.38104563E-04
        3080           9   1.35565366E-04   1.02632250E-04   3.99069802E-04
        3100           9   1.41936092E-04   1.30105851E-04   3.57012381E-04
        3120           9   1.36805975E-04   1.32574321E-04   4.02542239E-04
        3140           9   1.22122219E-04   1.21204546E-04   4.61998774E-04
        3160           9   1.02989092E-04   1.02138241E-04   5.07371326E-04
        3180           9   9.15633791E-05   8.96267884E-05   4.85780154E-04
        3200           9   9.24378910E-05   9.27074434E-05   4.03079815E-04
        3220           9   9.57350567E-05   1.18035641E-04   3.40907689E-04
        3240           9   9.86611558E-05   1.21333236E-04   3.33442877E-04
        3260           9   9.28025620E-05   1.08435728E-04   3.69834248E-04
        3280           9   7.92766950E-05   8.75088153E-05   4.21199918E-04
        3300           9   7.67640959E-05   6.87748543E-05   4.13547445E-04
        3320           9   8.88234135E-05   5.90692907E-05   3.34982993E-04
        3340           9   9.57841621E-05   8.04438750E-05   2.51765683E-04
        3360           9   9.71729241E-05   9.33398987E-05   2.57210777E-04
        3380           9   8.99792649E-05   8.90377050E-05   2.92131968E-04
        3400           9   7.79677284E-05   7.75445078E-05   3.36883997E-04
        3420           9   6.55477561E-05   6.57785204E-05   3.51468771E-04
        3440           9   6.16898033E-05   5.88285911E-05   3.14596051E-04
        3460           9   6.29716451E-05   7.33632914E-05   2.54857441E-04
        3480           9   6.72260867E-05   8.42846566E-05   2.29878002E-04
        3500           9   6.67685308E-05   8.00567577E-05   2.37805129E-04
        3520           9   5.94618650E-05   6.88259606E-05   2.73390819E-04
        3540           9   5.22362352E-05   5.35329273E-05   2.93846562E-04
        3560           9   5.61754823E-05   4.41699085E-05   2.64386239E-04
        3580           9   6.33204399E-05   4.63420802E-05   2.01576811E-04
        3600           9   6.68119173E-05   6.09143972E-05   1.69279650E-04
        3620           9   6.52087110E-05   6.35033139E-05   1.86090634E-04
        3640           9   5.88365729E-05   5.79405714E-05   2.14404499E-04
        3660           9   4.94893102E-05   4.92314903E-05   2.40161549E-04
        3680           9   4.28229760E-05   4.31363405E-05   2.34213469E-04
        3700           9   4.30828331E-05   4.27507839E-05   1.97302317E-04
        3720           9   4.46956037E-05   5.54049402E-05   1.63835852E-04
        3740           9   4.64339209E-05   5.82708199E-05   1.58701310E-04
        3760           9   4.38053139E-05   5.26249678E-05   1.73471417E-04
        3780           9   3.79273224E-05   4.28273270E-05   1.96591980E-04
        3800           9   3.64597872E-05   3.35947989E-05   1.96131121E-04
        3820           9   4.16893963E-05   2.84357302E-05   1.63533870E-04
        3840           9   4.52687455E-05   3.70054659E-05   1.24239101E-04
        3860           9   4.66342062E-05   4.38171955E-05   1.21032856E-04
        3880           9   4.37866256E-05   4.25843464E-05   1.36117364E-04
        3900           9   3.81022910E-05   3.77494471E-05   1.57992821E-04
        3920           9   3.15971556E-05   3.20971230E-05   1.67489969E-04
        3940           9   2.93945177E-05   2.85951737E-05   1.52249137E-04
        3960           9   3.00279935E-05   3.42195635E-05   1.24060491E-04
        3980           9   3.18885177E-05   4.03620143E-05   1.09961446E-04
        4000           9   3.17880476E-05   3.91906397E-05   1.13251488E-04
        4020           9   2.87530565E-05   3.39953367E-05   1.27700856E-04
        4040           9   2.54109673E-05   2.66007264E-05   1.38576506E-04
        4060           9   2.69700431E-05   2.16318513E-05   1.27815321E-04
        4080           9   3.04907462E-05   2.12469786E-05   1.00325327E-04
        4081           9   3.06124566E-05   2.16089993E-05   9.88341999E-05
 Solver: simple    , Convection scheme: uds       
 RE=   1000.00000     , N=         256
 URFU=  0.999899983     , URFP=  0.300000012    
 Wall-clock time (s):    191.858780    
Note: The following floating-point exceptions are signalling: IEEE_DIVIDE_BY_ZERO IEEE_UNDERFLOW_FLAG
