 DT=?
          20         465   9.98540927E-05  0.273854136      0.248073474    
          40         290   9.98209216E-05  0.189152807      0.174935862    
          60         208   9.95988230E-05  0.145485908      0.135872558    
          80         149   9.97752140E-05  0.110637575      0.105709635    
         100         102   9.96242889E-05   8.13531205E-02   8.00314844E-02
         120          84   9.97235766E-05   5.69825321E-02   5.84755801E-02
         140          82   9.95841838E-05   3.81254144E-02   4.09433953E-02
         160          71   9.96896924E-05   2.46961825E-02   2.71660089E-02
         180          53   9.97407988E-05   1.58021748E-02   1.73407961E-02
         200          35   9.95332884E-05   1.01227406E-02   1.08961593E-02
         220          21   9.99436525E-05   6.51720073E-03   6.87026046E-03
         240          12   9.99619660E-05   4.21297457E-03   4.38688695E-03
         260           6   9.96848976E-05   2.73760967E-03   2.83244299E-03
         280           4   9.96702875E-05   1.78038701E-03   1.84172636E-03
         300           2   9.99772092E-05   1.16084423E-03   1.20056607E-03
         320           3   9.99173571E-05   7.53153698E-04   7.82915624E-04
         340           6   9.95745359E-05   4.82752570E-04   5.10668615E-04
         341           1   9.89261607E-05   4.78208589E-04   4.99641756E-04
 Solver: fs        , Convection scheme: uds       
 RE=   1000.00000     , N=          16
 Selected Time scheme:            2
 DT=  0.109375000    
 Wall-clock time (s):   0.737712979    
Note: The following floating-point exceptions are signalling: IEEE_UNDERFLOW_FLAG
