 DT=?
          20         355   9.99298209E-05  0.216643542      0.115499184    
          40         348   9.99520562E-05  0.133970022       9.52173769E-02
          60         279   9.99491749E-05   8.66549611E-02   7.79036134E-02
          80         170   9.98658797E-05   6.92697987E-02   6.29611686E-02
         100         119   9.96738236E-05   6.23257346E-02   5.68436198E-02
         120         100   9.96001254E-05   5.73603511E-02   5.28801940E-02
         140          84   9.99881449E-05   5.31451963E-02   4.94351499E-02
         160          74   9.98320320E-05   4.94917445E-02   4.59703095E-02
         180          68   9.96677409E-05   4.59609777E-02   4.28091958E-02
         200          66   9.99016702E-05   4.25805934E-02   3.99834178E-02
         220          59   9.99172553E-05   3.96559313E-02   3.72507572E-02
         240          54   9.95867085E-05   3.68177220E-02   3.47245783E-02
         260          48   9.96929666E-05   3.40210572E-02   3.23795751E-02
         280          47   9.95319424E-05   3.13436165E-02   3.00834011E-02
         300          49   9.98432224E-05   2.88258083E-02   2.78740898E-02
         320          49   9.99573604E-05   2.64369398E-02   2.57798433E-02
         340          45   9.98920732E-05   2.41709426E-02   2.37837806E-02
         360          37   9.95240043E-05   2.20120326E-02   2.18781698E-02
         380          33   9.95272494E-05   1.99658070E-02   2.00578310E-02
         400          31   9.98953474E-05   1.80258621E-02   1.83232520E-02
         420          29   9.99579570E-05   1.62091535E-02   1.67035498E-02
         440          28   9.99514887E-05   1.45203527E-02   1.51796397E-02
         460          24   9.97015595E-05   1.29664866E-02   1.37361027E-02
         480          20   9.97395546E-05   1.15503017E-02   1.23757152E-02
         500          15   9.99884287E-05   1.02676349E-02   1.10964142E-02
         520          12   9.96340677E-05   9.09719057E-03   9.91418958E-03
         540           7   9.95244263E-05   8.04941170E-03   8.82018358E-03
         560           5   9.99704498E-05   7.10878847E-03   7.82400277E-03
         580           6   9.95979281E-05   6.26468332E-03   6.91600703E-03
         600           7   9.97092357E-05   5.51894773E-03   6.09621312E-03
         620           9   9.99033291E-05   4.85755224E-03   5.36253490E-03
         640           4   9.96861490E-05   4.28605359E-03   4.71063610E-03
         660           3   9.99903423E-05   3.77804693E-03   4.13242355E-03
         680           6   9.95391383E-05   3.32190888E-03   3.62285832E-03
         700           8   9.99129697E-05   2.92603998E-03   3.17434291E-03
         720           3   9.95233713E-05   2.58731470E-03   2.78280792E-03
         740           3   9.98807664E-05   2.28396733E-03   2.44109705E-03
         760           2   9.99755648E-05   2.01727590E-03   2.14324379E-03
         780           4   9.96170565E-05   1.77731970E-03   1.88366242E-03
         800           1   9.98211763E-05   1.57406298E-03   1.65664824E-03
         820           2   9.98174728E-05   1.38888101E-03   1.45960378E-03
         840           3   9.98111427E-05   1.22727570E-03   1.28664495E-03
         860           3   9.96371746E-05   1.08429766E-03   1.13572099E-03
         880           1   9.96976669E-05   9.62288235E-04   1.00253313E-03
         900           1   9.98018513E-05   8.51834135E-04   8.86135851E-04
         920           1   9.94434740E-05   7.53037573E-04   7.84147647E-04
         940           1   9.97831303E-05   6.67872780E-04   6.93584210E-04
         960           1   9.90392873E-05   5.90820564E-04   6.14466378E-04
         980           1   9.72683556E-05   5.21883892E-04   5.44881797E-04
         996           1   8.82877575E-05   4.73494612E-04   4.98912297E-04
 Solver: fs        , Convection scheme: uds       
 RE=   1000.00000     , N=          16
 Selected Time scheme:            2
 DT=   3.12500000E-02
 Wall-clock time (s):   0.463557988    
Note: The following floating-point exceptions are signalling: IEEE_UNDERFLOW_FLAG
