 DT=?
          20        7091   9.99967888E-05   2.73109746       1.14949167    
          40        2845   9.99977201E-05   1.62795901      0.765042722    
          60        1829   9.99998520E-05   1.19185591      0.639765680    
          80        1399   9.99986150E-05  0.949150443      0.587219357    
         100        1118   9.99967597E-05  0.798048735      0.560195565    
         120         869   9.99844560E-05  0.699161410      0.543466806    
         140         746   9.99977565E-05  0.639077723      0.530665696    
         160         658   9.99937765E-05  0.603394389      0.519979775    
         180         586   9.99957556E-05  0.582422972      0.511169314    
         200         530   9.99628537E-05  0.570125580      0.503739178    
         220         483   9.99645126E-05  0.562113523      0.497310102    
         240         449   9.99953481E-05  0.556387722      0.491652131    
         260         423   9.99886397E-05  0.551703930      0.486678779    
         280         407   9.99635377E-05  0.547415376      0.481890947    
         300         393   9.99874173E-05  0.543139398      0.477348536    
         320         374   9.99960102E-05  0.538670421      0.472679287    
         340         364   9.99918702E-05  0.534052730      0.467821389    
         360         353   9.99798503E-05  0.529340148      0.463082641    
         380         342   9.99865297E-05  0.524306774      0.458149463    
         400         333   9.99894910E-05  0.518793106      0.453017354    
         420         321   9.99769982E-05  0.513082743      0.447705656    
         440         316   9.99918338E-05  0.506941617      0.442373723    
         460         307   9.99878830E-05  0.500692666      0.436913460    
         480         297   9.99857075E-05  0.494225919      0.431428909    
         500         295   9.99955882E-05  0.487429410      0.425763905    
         520         288   9.99604526E-05  0.480324507      0.419900209    
         540         285   9.99770054E-05  0.473155260      0.414072663    
         560         282   9.99950789E-05  0.465787411      0.408122241    
         580         278   9.99620825E-05  0.458066493      0.402116627    
         600         273   9.99611220E-05  0.450347871      0.396002591    
         620         271   9.99927215E-05  0.442406207      0.389797091    
         640         259   9.99880722E-05  0.434245527      0.383583009    
         660         256   9.99884578E-05  0.426084965      0.377404332    
         680         254   9.99969343E-05  0.417668134      0.371254653    
         700         245   9.99672266E-05  0.409251451      0.365091145    
         720         236   9.99931945E-05  0.400624663      0.359005094    
         740         228   9.99909244E-05  0.391933531      0.352913707    
         760         222   9.99970507E-05  0.383172780      0.346864164    
         780         210   9.99689364E-05  0.374353647      0.340914905    
         800         207   9.99876138E-05  0.365479320      0.335003316    
         820         203   9.99674667E-05  0.356611639      0.329206407    
         840         198   9.99787007E-05  0.347729534      0.323472261    
         860         193   9.99977565E-05  0.338933557      0.317696899    
         880         189   9.99749391E-05  0.330125898      0.312093168    
         900         182   9.99789336E-05  0.321461946      0.306435049    
         920         173   9.99704498E-05  0.312845975      0.300718427    
         940         167   9.99889089E-05  0.304322481      0.295075595    
         960         168   9.99714321E-05  0.295922875      0.289349854    
         980         161   9.99680851E-05  0.287602156      0.283558369    
        1000         156   9.99826225E-05  0.279449731      0.277775705    
        1020         155   9.99636322E-05  0.271421045      0.271888435    
        1040         154   9.99643671E-05  0.263449848      0.265939206    
        1060         156   9.99603435E-05  0.255674541      0.259975195    
        1080         154   9.99628101E-05  0.248044983      0.253904581    
        1100         148   9.99614349E-05  0.240540683      0.247772694    
        1120         144   9.99752519E-05  0.233166203      0.241641492    
        1140         138   9.99998374E-05  0.226011738      0.235454217    
        1160         132   9.99683034E-05  0.218994915      0.229231685    
        1180         131   9.99586919E-05  0.212113857      0.223058268    
        1200         129   9.99667318E-05  0.205388770      0.216875657    
        1220         128   9.99715630E-05  0.198850259      0.210694104    
        1240         126   9.99800905E-05  0.192514449      0.204549238    
        1260         121   9.99775220E-05  0.186319768      0.198470369    
        1280         113   9.99849726E-05  0.180278063      0.192439556    
        1300         112   9.99926269E-05  0.174371898      0.186460137    
        1320         109   9.99691547E-05  0.168608725      0.180566281    
        1340         102   9.99904587E-05  0.163041100      0.174759537    
        1360          95   9.99891272E-05  0.157624960      0.169037715    
        1380          96   9.99613330E-05  0.152321264      0.163425177    
        1400          94   9.99831100E-05  0.147178441      0.157898843    
        1420          94   9.99943441E-05  0.142156243      0.152517974    
        1440          83   9.99845870E-05  0.137271732      0.147256166    
        1460          80   9.99578915E-05  0.132512316      0.142129928    
        1480          78   9.99641634E-05  0.127890795      0.137132317    
        1500          73   9.99941767E-05  0.123397037      0.132266819    
        1520          76   9.99632757E-05  0.119020052      0.127558291    
        1540          70   9.99933109E-05  0.114783429      0.122992225    
        1560          70   9.99715703E-05  0.110668890      0.118581608    
        1580          66   9.99737240E-05  0.106692471      0.114308648    
        1600          56   9.99871700E-05  0.102854274      0.110173628    
        1620          56   9.99612166E-05   9.91285145E-02  0.106185809    
        1640          56   9.99665572E-05   9.55283940E-02  0.102339096    
        1660          52   9.99891781E-05   9.20557529E-02   9.86247361E-02
        1680          54   9.99564290E-05   8.86893496E-02   9.50540304E-02
        1700          60   9.99741605E-05   8.54345784E-02   9.16188508E-02
        1720          60   9.99716576E-05   8.22993219E-02   8.83065537E-02
        1740          54   9.99982367E-05   7.92828947E-02   8.51113796E-02
        1760          53   9.99673866E-05   7.63536096E-02   8.20387378E-02
        1780          48   9.99804543E-05   7.35278130E-02   7.90755972E-02
        1800          43   9.99991971E-05   7.07982555E-02   7.62173459E-02
        1820          43   9.99851254E-05   6.81471303E-02   7.34667405E-02
        1840          42   9.99986369E-05   6.55860901E-02   7.08132312E-02
        1860          36   9.99671684E-05   6.31099716E-02   6.82461485E-02
        1880          34   9.99834738E-05   6.07074127E-02   6.57703429E-02
        1900          29   9.99867116E-05   5.83859384E-02   6.33801520E-02
        1920          22   9.99859185E-05   5.61388694E-02   6.10633716E-02
        1940          21   9.99867043E-05   5.39524667E-02   5.88301346E-02
        1960          17   9.99754411E-05   5.18421307E-02   5.66676632E-02
        1980          17   9.99818149E-05   4.97924425E-02   5.45737334E-02
        2000          20   9.99927652E-05   4.78006490E-02   5.25515936E-02
        2020          19   9.99718613E-05   4.58840877E-02   5.05854078E-02
        2040          18   9.99930053E-05   4.40326110E-02   4.86809574E-02
        2060          20   9.99812110E-05   4.22400981E-02   4.68352027E-02
        2080          21   9.99794938E-05   4.05125879E-02   4.50482257E-02
        2100          21   9.99887925E-05   3.88482288E-02   4.33119126E-02
        2120          19   9.99763579E-05   3.72477993E-02   4.16312516E-02
        2140          18   9.99833428E-05   3.57089862E-02   3.99997495E-02
        2160          16   9.99658150E-05   3.42291929E-02   3.84198651E-02
        2180          23   9.99950717E-05   3.27975675E-02   3.68944369E-02
        2200          22   9.99763142E-05   3.14335003E-02   3.54147926E-02
        2220          19   9.99948315E-05   3.01302355E-02   3.39821465E-02
        2240          24   9.99848198E-05   2.88682655E-02   3.25994454E-02
        2260          25   9.99771801E-05   2.76661478E-02   3.12630497E-02
        2280          18   9.99887343E-05   2.65227463E-02   2.99707279E-02
        2300          20   9.99738695E-05   2.54164971E-02   2.87264660E-02
        2320          21   9.99670083E-05   2.43588127E-02   2.75307149E-02
        2340          14   9.99903059E-05   2.33538672E-02   2.63729841E-02
        2360          12   9.99784606E-05   2.23877337E-02   2.52635255E-02
        2380          14   9.99757831E-05   2.14597844E-02   2.41968017E-02
        2400          13   9.99826298E-05   2.05730107E-02   2.31738146E-02
        2420          13   9.99832118E-05   1.97225027E-02   2.21903473E-02
        2440          12   9.99831173E-05   1.89113282E-02   2.12490801E-02
        2460          18   9.99861368E-05   1.81299001E-02   2.03519855E-02
        2480          17   9.99778786E-05   1.73868667E-02   1.94920730E-02
        2500           9   9.99870681E-05   1.66876670E-02   1.86673030E-02
        2520          11   9.99912736E-05   1.60095729E-02   1.78848542E-02
        2540          16   9.99641416E-05   1.53578557E-02   1.71386022E-02
        2560          15   9.99938929E-05   1.47484709E-02   1.64259933E-02
        2580          13   9.99990662E-05   1.41664511E-02   1.57473255E-02
        2600          13   9.99792464E-05   1.36126997E-02   1.50993392E-02
        2620          10   9.99607000E-05   1.30876526E-02   1.44849615E-02
        2640           8   9.99647382E-05   1.25894230E-02   1.38980942E-02
        2660           9   9.99664335E-05   1.21078044E-02   1.33442376E-02
        2680          11   9.99848489E-05   1.16510633E-02   1.28166266E-02
        2700          11   9.99818512E-05   1.12191942E-02   1.23165799E-02
        2720           9   9.99754702E-05   1.08071128E-02   1.18367802E-02
        2740          13   9.99799158E-05   1.04088001E-02   1.13829114E-02
        2760           9   9.99886033E-05   1.00343088E-02   1.09496349E-02
        2780           9   9.99597032E-05   9.67102125E-03   1.05369482E-02
        2800           6   9.99967451E-05   9.32468288E-03   1.01420963E-02
        2820          11   9.99983895E-05   8.98041949E-03   9.76894237E-03
        2840           9   9.99734402E-05   8.65875185E-03   9.40984394E-03
        2860           9   9.99794502E-05   8.34315177E-03   9.06721875E-03
        2880           8   9.99899203E-05   8.04101769E-03   8.73907097E-03
        2900          10   9.99739714E-05   7.74664059E-03   8.42533726E-03
        2920          10   9.99913900E-05   7.46383471E-03   8.12521484E-03
        2940           8   9.99787590E-05   7.19003193E-03   7.83480704E-03
        2960           6   9.99803015E-05   6.92759641E-03   7.55582517E-03
        2980           7   9.99760668E-05   6.67189434E-03   7.28842616E-03
        3000           8   9.99688054E-05   6.42472133E-03   7.03042187E-03
        3020           9   9.99972544E-05   6.18474139E-03   6.78178295E-03
        3040           8   9.99771801E-05   5.95765188E-03   6.54165493E-03
        3060           5   9.99701006E-05   5.73717756E-03   6.31042989E-03
        3080           3   9.99990807E-05   5.52773895E-03   6.08613016E-03
        3100           7   9.99718977E-05   5.31507097E-03   5.87191526E-03
        3120           2   9.99903205E-05   5.12364786E-03   5.66207152E-03
        3140           4   9.99685799E-05   4.93267365E-03   5.45970816E-03
        3160           7   9.99974582E-05   4.74779448E-03   5.26532391E-03
        3180           3   9.99744152E-05   4.57831658E-03   5.07690618E-03
        3200           7   9.99703625E-05   4.40865289E-03   4.89520840E-03
        3220           2   9.99928452E-05   4.25787922E-03   4.71908180E-03
        3240           3   9.99991971E-05   4.11152095E-03   4.55010775E-03
        3260           5   9.99639306E-05   3.96900810E-03   4.38516820E-03
        3280           4   9.99931144E-05   3.84134473E-03   4.22679214E-03
        3300           2   9.99944386E-05   3.71596124E-03   4.07331064E-03
        3320           4   9.99783006E-05   3.59528838E-03   3.92609276E-03
        3340           5   9.99641634E-05   3.47967120E-03   3.78571195E-03
        3360           3   9.99800177E-05   3.36769875E-03   3.64745385E-03
        3380           4   9.99808180E-05   3.26018641E-03   3.51607846E-03
        3400           3   9.99947879E-05   3.15680262E-03   3.38990637E-03
        3420           2   9.99673939E-05   3.05588916E-03   3.26748099E-03
        3440           3   9.99769327E-05   2.95945141E-03   3.15291458E-03
        3460           4   9.99818585E-05   2.86511192E-03   3.03888787E-03
        3480           3   9.99976328E-05   2.77665537E-03   2.93142907E-03
        3500           4   9.99646509E-05   2.68825935E-03   2.82701687E-03
        3520           2   9.99982512E-05   2.60698749E-03   2.72961217E-03
        3540           4   9.99868862E-05   2.52235797E-03   2.63323705E-03
        3560           3   9.99844924E-05   2.44558370E-03   2.54265661E-03
        3580           2   9.99817494E-05   2.37000035E-03   2.45503453E-03
        3600           3   9.99643889E-05   2.29500607E-03   2.37155752E-03
        3620           2   9.99650292E-05   2.22393591E-03   2.29176902E-03
        3640           3   9.99572585E-05   2.15578917E-03   2.21560360E-03
        3660           3   9.99789045E-05   2.09029950E-03   2.14226800E-03
        3680           2   9.99776312E-05   2.02513160E-03   2.07188260E-03
        3700           2   9.99890617E-05   1.96335022E-03   2.00300128E-03
        3720           1   9.99744370E-05   1.90282427E-03   1.93925074E-03
        3740           1   9.99497643E-05   1.84486131E-03   1.87639717E-03
        3760           1   9.99927361E-05   1.78938697E-03   1.81727076E-03
        3780           2   9.99709082E-05   1.73451100E-03   1.75960688E-03
        3800           2   9.99826298E-05   1.68057764E-03   1.70400750E-03
        3820           1   9.99626645E-05   1.63088599E-03   1.65004213E-03
        3840           2   9.99979966E-05   1.58008456E-03   1.59974897E-03
        3860           1   9.99642070E-05   1.53231330E-03   1.54878758E-03
        3880           1   9.99930417E-05   1.48718781E-03   1.50185521E-03
        3900           3   9.99851109E-05   1.44028501E-03   1.45641924E-03
        3920           1   9.99709591E-05   1.39643403E-03   1.41292880E-03
        3940           2   9.99893382E-05   1.35397655E-03   1.36939564E-03
        3960           1   9.99220720E-05   1.31366169E-03   1.32785446E-03
        3980           2   9.99695185E-05   1.27343659E-03   1.28562271E-03
        4000           1   9.99570620E-05   1.23538310E-03   1.24731672E-03
        4020           1   9.99949261E-05   1.19837816E-03   1.20945997E-03
        4040           1   9.99512704E-05   1.16162153E-03   1.17264537E-03
        4060           2   9.99697731E-05   1.12644548E-03   1.13834615E-03
        4080           2   9.99788681E-05   1.09360239E-03   1.10389630E-03
        4100           2   9.99820040E-05   1.05977675E-03   1.07064168E-03
        4120           1   9.99945914E-05   1.03087770E-03   1.03911397E-03
        4140           1   9.98959003E-05   9.98506206E-04   1.00722455E-03
        4160           1   9.99084514E-05   9.68666165E-04   9.76132695E-04
        4180           1   9.98157775E-05   9.39869555E-04   9.48950183E-04
        4200           1   9.96845847E-05   9.12661955E-04   9.20796068E-04
        4220           1   9.91463021E-05   8.86077876E-04   8.94651050E-04
        4240           1   9.80542536E-05   8.62149755E-04   8.70300981E-04
        4260           1   9.63041821E-05   8.38896027E-04   8.49544420E-04
        4280           1   9.39789679E-05   8.21814931E-04   8.31320067E-04
        4300           1   9.11309035E-05   8.03946343E-04   8.17399297E-04
        4320           1   8.80086227E-05   7.90225342E-04   8.05249263E-04
        4340           1   8.48289346E-05   7.73418928E-04   7.92591134E-04
        4360           1   8.17721593E-05   7.58858863E-04   7.80296919E-04
        4380           1   7.90548875E-05   7.44414516E-04   7.68262486E-04
        4400           1   7.67945967E-05   7.28220795E-04   7.54538225E-04
        4420           1   7.50919862E-05   7.11047207E-04   7.38516974E-04
        4440           1   7.38508461E-05   6.95126480E-04   7.20796408E-04
        4460           1   7.30454994E-05   6.81764504E-04   7.04481150E-04
        4480           1   7.25651407E-05   6.68519991E-04   6.84038794E-04
        4500           1   7.22231998E-05   6.55594049E-04   6.64832420E-04
        4520           1   7.18167576E-05   6.43684005E-04   6.46216911E-04
        4540           1   7.12644178E-05   6.33771706E-04   6.29073882E-04
        4560           1   7.04104896E-05   6.24309119E-04   6.14236225E-04
        4580           1   6.93231123E-05   6.15002355E-04   5.99078718E-04
        4600           1   6.79592922E-05   6.03033812E-04   5.85572328E-04
        4620           1   6.63420869E-05   5.92647353E-04   5.73240744E-04
        4640           1   6.46508051E-05   5.82008972E-04   5.62828965E-04
        4660           1   6.30500508E-05   5.69962489E-04   5.52453857E-04
        4680           1   6.14848977E-05   5.56939747E-04   5.41419780E-04
        4700           1   6.00798121E-05   5.45559858E-04   5.30781806E-04
        4720           1   5.88295989E-05   5.34986437E-04   5.18702320E-04
        4740           1   5.77658830E-05   5.24740608E-04   5.10362850E-04
        4760           1   5.67524330E-05   5.14448737E-04   4.98902635E-04
        4780           1   5.59110267E-05   5.04788943E-04   4.89718514E-04
        4791           1   5.54576000E-05   4.99375397E-04   4.84051736E-04
 Solver: fs        , Convection scheme: uds       
 RE=   1000.00000     , N=          64
 Selected Time scheme:            2
 DT=   9.37500037E-03
 Wall-clock time (s):    107.397453    
Note: The following floating-point exceptions are signalling: IEEE_UNDERFLOW_FLAG
