 DT=?
          20        8460   9.99996264E-05   2.94605088       1.28214335    
          40        2298   9.99991680E-05   1.74506676      0.893181562    
          60        1181   9.99984914E-05   1.27318168      0.781489730    
          80         992   9.99975018E-05   1.01817346      0.736361504    
         100         822   9.99905897E-05  0.877327085      0.711548924    
         120         753   9.99932672E-05  0.806327641      0.693041682    
         140         679   9.99706390E-05  0.771251559      0.678125262    
         160         620   9.99674812E-05  0.753118157      0.666007638    
         180         582   9.99858603E-05  0.742401600      0.655983448    
         200         558   9.99977419E-05  0.733865976      0.647197366    
         220         544   9.99829572E-05  0.726524055      0.638903141    
         240         534   9.99617478E-05  0.718658924      0.630678177    
         260         528   9.99826443E-05  0.710304856      0.622113585    
         280         519   9.99812182E-05  0.701652944      0.613581657    
         300         507   9.99974291E-05  0.692170501      0.604423106    
         320         501   9.99678959E-05  0.681929231      0.594981253    
         340         493   9.99873591E-05  0.670972705      0.585426450    
         360         481   9.99929471E-05  0.659343004      0.575638056    
         380         467   9.99790573E-05  0.647215068      0.565436184    
         400         457   9.99926051E-05  0.634506702      0.555054724    
         420         445   9.99687472E-05  0.621400476      0.544473648    
         440         433   9.99728800E-05  0.607732832      0.533746123    
         460         418   9.99870681E-05  0.593718052      0.522729158    
         480         408   9.99823387E-05  0.579312742      0.511699736    
         500         398   9.99918338E-05  0.564691603      0.500691533    
         520         385   9.99833355E-05  0.549763978      0.489739746    
         540         374   9.99667609E-05  0.534453154      0.478891075    
         560         363   9.99998520E-05  0.518918514      0.468025327    
         580         348   9.99890763E-05  0.503349662      0.457381964    
         600         334   9.99915865E-05  0.487560749      0.446845949    
         620         325   9.99814511E-05  0.471759617      0.436567426    
         640         315   9.99704280E-05  0.456073225      0.426319271    
         660         310   9.99952754E-05  0.440379292      0.416283727    
         680         299   9.99629483E-05  0.424984008      0.406189471    
         700         293   9.99683252E-05  0.409666091      0.396127433    
         720         278   9.99678450E-05  0.394743800      0.385949701    
         740         268   9.99896511E-05  0.379989564      0.375670820    
         760         261   9.99809854E-05  0.365615010      0.365310550    
         780         251   9.99725962E-05  0.351427525      0.354719639    
         800         242   9.99995609E-05  0.337662846      0.344058573    
         820         230   9.99702606E-05  0.324200541      0.333178997    
         840         216   9.99992772E-05  0.311055332      0.322279423    
         860         200   9.99920521E-05  0.298383147      0.311261624    
         880         196   9.99875920E-05  0.286008984      0.300221890    
         900         189   9.99973709E-05  0.273994625      0.289240539    
         920         175   9.99744007E-05  0.262455285      0.278228432    
         940         164   9.99843978E-05  0.251313478      0.267359942    
         960         153   9.99943222E-05  0.240512043      0.256618947    
         980         152   9.99829135E-05  0.230039701      0.246006474    
        1000         147   9.99625845E-05  0.219953477      0.235614449    
        1020         143   9.99697077E-05  0.210259601      0.225422546    
        1040         137   9.99685435E-05  0.200885326      0.215450138    
        1060         132   9.99668555E-05  0.191850200      0.205747783    
        1080         126   9.99749027E-05  0.183108762      0.196364075    
        1100         121   9.99669792E-05  0.174684823      0.187283903    
        1120         116   9.99674303E-05  0.166575015      0.178513408    
        1140         114   9.99872500E-05  0.158763036      0.170086116    
        1160         106   9.99731565E-05  0.151261985      0.162014097    
        1180         104   9.99848271E-05  0.144062713      0.154294878    
        1200         100   9.99644108E-05  0.137175456      0.146910742    
        1220          95   9.99640470E-05  0.130595997      0.139855757    
        1240          94   9.99889526E-05  0.124303751      0.133136988    
        1260          95   9.99882977E-05  0.118287727      0.126746938    
        1280          89   9.99556141E-05  0.112554699      0.120666124    
        1300          85   9.99906115E-05  0.107081421      0.114885025    
        1320          84   9.99675176E-05  0.101843961      0.109388553    
        1340          81   9.99684562E-05   9.68404859E-02  0.104154974    
        1360          69   9.99650219E-05   9.20653641E-02   9.91669074E-02
        1380          64   9.99663171E-05   8.74831900E-02   9.44198593E-02
        1400          62   9.99705444E-05   8.30932632E-02   8.98889750E-02
        1420          65   9.99590629E-05   7.88742676E-02   8.55707601E-02
        1440          64   9.99895856E-05   7.48362020E-02   8.14424530E-02
        1460          59   9.99690528E-05   7.09711686E-02   7.74887800E-02
        1480          60   9.99716867E-05   6.72627240E-02   7.37099051E-02
        1500          57   9.99962940E-05   6.37160018E-02   7.00826794E-02
        1520          54   9.99922340E-05   6.03244379E-02   6.66071251E-02
        1540          54   9.99746262E-05   5.70850521E-02   6.32722676E-02
        1560          61   9.99949552E-05   5.39837107E-02   6.00778535E-02
        1580          57   9.99865588E-05   5.10475561E-02   5.70029505E-02
        1600          57   9.99949334E-05   4.82500643E-02   5.40573783E-02
        1620          56   9.99669282E-05   4.55953106E-02   5.12353852E-02
        1640          54   9.99962940E-05   4.30887379E-02   4.85276468E-02
        1660          48   9.99580952E-05   4.07178029E-02   4.59364466E-02
        1680          52   9.99909025E-05   3.84674780E-02   4.34611402E-02
        1700          55   9.99637705E-05   3.63426879E-02   4.10948806E-02
        1720          54   9.99859185E-05   3.43394056E-02   3.88420671E-02
        1740          45   9.99781332E-05   3.24549153E-02   3.66925709E-02
        1760          46   9.99756521E-05   3.06697004E-02   3.46533209E-02
        1780          43   9.99767799E-05   2.89870389E-02   3.27159241E-02
        1800          43   9.99766999E-05   2.73961406E-02   3.08818016E-02
        1820          44   9.99954354E-05   2.58968212E-02   2.91507505E-02
        1840          38   9.99923141E-05   2.44905502E-02   2.75133643E-02
        1860          40   9.99708645E-05   2.31567323E-02   2.59717237E-02
        1880          37   9.99875483E-05   2.19101124E-02   2.45208051E-02
        1900          31   9.99691838E-05   2.07422543E-02   2.31597442E-02
        1920          33   9.99684562E-05   1.96406227E-02   2.18835585E-02
        1940          39   9.99716867E-05   1.86089650E-02   2.06865743E-02
        1960          34   9.99902550E-05   1.76532753E-02   1.95664708E-02
        1980          23   9.99660042E-05   1.67641863E-02   1.85166858E-02
        2000          27   9.99762124E-05   1.59178264E-02   1.75403599E-02
        2020          22   9.99633194E-05   1.51331564E-02   1.66232586E-02
        2040          24   9.99790645E-05   1.43912006E-02   1.57689322E-02
        2060          22   9.99660770E-05   1.36970030E-02   1.49666695E-02
        2080          15   9.99964905E-05   1.30461305E-02   1.42146954E-02
        2100          14   9.99867698E-05   1.24218119E-02   1.35119734E-02
        2120          12   9.99709519E-05   1.18259890E-02   1.28495740E-02
        2140          12   9.99970289E-05   1.12585109E-02   1.22254118E-02
        2160          14   9.99765762E-05   1.07122576E-02   1.16416346E-02
        2180          12   9.99796030E-05   1.01970546E-02   1.10883983E-02
        2200          15   9.99801559E-05   9.69835091E-03   1.05642313E-02
        2220           9   9.99960248E-05   9.23318043E-03   1.00642843E-02
        2240           8   9.99868353E-05   8.78246687E-03   9.59169585E-03
        2260           9   9.99998520E-05   8.34928174E-03   9.14192013E-03
        2280          11   9.99800031E-05   7.93455727E-03   8.71537533E-03
        2300          15   9.99722251E-05   7.54001923E-03   8.30715802E-03
        2320          11   9.99764234E-05   7.16976169E-03   7.91533291E-03
        2340          12   9.99807162E-05   6.81666238E-03   7.54206534E-03
        2360           9   9.99771655E-05   6.48404285E-03   7.18567893E-03
        2380          10   9.99751355E-05   6.16525626E-03   6.84614293E-03
        2400           9   9.99968324E-05   5.87293413E-03   6.51957933E-03
        2420           8   9.99802432E-05   5.59950341E-03   6.20677369E-03
        2440           8   9.99913755E-05   5.34777157E-03   5.91152208E-03
        2460           5   9.99863769E-05   5.11317048E-03   5.62765263E-03
        2480           7   9.99957119E-05   4.89142351E-03   5.35731949E-03
        2500           9   9.99631229E-05   4.68308246E-03   5.10106748E-03
        2520           7   9.99846961E-05   4.48251097E-03   4.85696830E-03
        2540           6   9.99825497E-05   4.29404061E-03   4.62587550E-03
        2560           5   9.99969707E-05   4.11386322E-03   4.40554228E-03
        2580           8   9.99956683E-05   3.93906236E-03   4.19630110E-03
        2600           6   9.99682961E-05   3.77271487E-03   3.99773382E-03
        2620           5   9.99797194E-05   3.61806550E-03   3.81037546E-03
        2640           6   9.99918047E-05   3.46617913E-03   3.63175082E-03
        2660           4   9.99582408E-05   3.32386396E-03   3.46459844E-03
        2680           4   9.99758267E-05   3.18697491E-03   3.30656022E-03
        2700           4   9.99676922E-05   3.05529078E-03   3.15697142E-03
        2720           5   9.99975600E-05   2.92949704E-03   3.01582995E-03
        2740           4   9.99851909E-05   2.81138881E-03   2.88170739E-03
        2760           2   9.99921467E-05   2.69650761E-03   2.75591877E-03
        2780           2   9.99998083E-05   2.58610118E-03   2.63541820E-03
        2800           2   9.99828917E-05   2.48321891E-03   2.52519920E-03
        2820           2   9.99962431E-05   2.38105515E-03   2.41798838E-03
        2840           3   9.99841941E-05   2.28538224E-03   2.31669238E-03
        2860           5   9.99812182E-05   2.19225977E-03   2.22135824E-03
        2880           5   9.99932672E-05   2.10232148E-03   2.12969375E-03
        2900           2   9.99907352E-05   2.01741559E-03   2.04012520E-03
        2920           5   9.99723707E-05   1.93597528E-03   1.95829291E-03
        2940           1   9.99826952E-05   1.85940973E-03   1.87690300E-03
        2960           2   9.99770127E-05   1.78486796E-03   1.80252630E-03
        2980           1   9.99456825E-05   1.71085144E-03   1.73107721E-03
        3000           3   9.99671029E-05   1.64287840E-03   1.66219543E-03
        3020           1   9.99912445E-05   1.57928048E-03   1.59437477E-03
        3040           4   9.99773983E-05   1.51494599E-03   1.53147383E-03
        3060           1   9.99739132E-05   1.45418325E-03   1.46975741E-03
        3080           2   9.99995318E-05   1.39782904E-03   1.41185580E-03
        3100           3   9.99913900E-05   1.34257891E-03   1.35518995E-03
        3120           1   9.99706463E-05   1.28917745E-03   1.30202051E-03
        3140           3   9.99946351E-05   1.23887055E-03   1.24987913E-03
        3160           2   9.99900440E-05   1.19023165E-03   1.19994627E-03
        3180           1   9.99638942E-05   1.14292465E-03   1.15193403E-03
        3200           2   9.99688418E-05   1.09881256E-03   1.10695953E-03
        3220           2   9.99918993E-05   1.05550431E-03   1.06285955E-03
        3240           1   9.99424374E-05   1.01617095E-03   1.02013885E-03
        3260           1   9.99950425E-05   9.77054471E-04   9.78416414E-04
        3280           1   9.99824915E-05   9.38916579E-04   9.40410420E-04
        3300           1   9.99190961E-05   9.03233129E-04   9.03409265E-04
        3320           2   9.99665135E-05   8.67954281E-04   8.67266848E-04
        3340           2   9.99766489E-05   8.34974111E-04   8.34128179E-04
        3360           1   9.99473777E-05   8.04021896E-04   8.01082526E-04
        3380           1   9.99854456E-05   7.72915897E-04   7.69834907E-04
        3400           2   9.99589683E-05   7.42660952E-04   7.38242350E-04
        3420           1   9.99566400E-05   7.16548820E-04   7.11719331E-04
        3440           1   9.96591043E-05   6.87844877E-04   6.82687270E-04
        3460           1   9.90015105E-05   6.63412269E-04   6.59881334E-04
        3480           1   9.78981407E-05   6.41757390E-04   6.38152414E-04
        3500           1   9.61767873E-05   6.23607775E-04   6.22378953E-04
        3520           1   9.38828889E-05   6.08463888E-04   6.07311609E-04
        3540           1   9.11366369E-05   5.92576107E-04   5.97484177E-04
        3560           1   8.81489541E-05   5.79865300E-04   5.89646865E-04
        3580           1   8.51428340E-05   5.68913179E-04   5.81702916E-04
        3600           1   8.23479058E-05   5.56390267E-04   5.73474972E-04
        3620           1   7.98874753E-05   5.42098540E-04   5.63748705E-04
        3640           1   7.79228576E-05   5.28388424E-04   5.52718993E-04
        3660           1   7.64214492E-05   5.15299616E-04   5.40698180E-04
        3680           1   7.52214692E-05   5.01962961E-04   5.27205004E-04
        3700           1   7.43078053E-05   4.89538535E-04   5.11466467E-04
        3717           1   7.36490692E-05   4.83181328E-04   4.98387148E-04
 Solver: fs        , Convection scheme: uds       
 RE=   1000.00000     , N=          64
 Selected Time scheme:            2
 DT=   1.25000002E-02
 Wall-clock time (s):    127.491776    
Note: The following floating-point exceptions are signalling: IEEE_UNDERFLOW_FLAG
