 MAXIT,DT,RE=?
          25         281   9.99883414E-05   1.00955379      0.433438241    
          50         119   9.99617478E-05  0.634050369      0.283580959    
          75          61   9.99879921E-05  0.468900979      0.217009485    
         100          37   9.99818658E-05  0.377076596      0.180361688    
         125          25   9.99818149E-05  0.319716603      0.156830445    
         150          19   9.99778567E-05  0.278544515      0.140109882    
         175          16   9.99670810E-05  0.247033834      0.127434865    
         200          13   9.99442855E-05  0.223002940      0.117439590    
         225          10   9.99459153E-05  0.203167751      0.109302275    
         250           9   9.99406984E-05  0.186357975      0.102472782    
         275           8   9.98782489E-05  0.172549874       9.66798067E-02
         300           8   9.98644755E-05  0.160663038       9.16575491E-02
         325           5   9.99836047E-05  0.150231987       8.72990042E-02
         350           5   9.99858967E-05  0.140901133       8.34079832E-02
         375           6   9.99340482E-05  0.132753834       7.99246579E-02
         400           5   9.99459735E-05  0.125553966       7.67974928E-02
         425           5   9.99206022E-05  0.119084984       7.39494264E-02
         450           4   9.99029799E-05  0.113169037       7.13550299E-02
         475           4   9.98949399E-05  0.107685961       6.89656734E-02
         500           3   9.98881369E-05  0.102725416       6.67578876E-02
         525           4   9.98647665E-05   9.82791409E-02   6.47028536E-02
         550           4   9.98772302E-05   9.42049250E-02   6.27883971E-02
         575           3   9.99828771E-05   9.03908983E-02   6.10068925E-02
         600           4   9.98678879E-05   8.67973715E-02   5.93327396E-02
         625           3   9.97880488E-05   8.34129527E-02   5.77582270E-02
         650           2   9.99260519E-05   8.03793296E-02   5.62707298E-02
         675           2   9.99769982E-05   7.75655285E-02   5.48565574E-02
         700           3   9.98597097E-05   7.48965293E-02   5.35102449E-02
         725           2   9.98570540E-05   7.23931566E-02   5.22355437E-02
         750           3   9.98289615E-05   7.00070336E-02   5.10129333E-02
         775           3   9.98725154E-05   6.77646697E-02   4.98484150E-02
         800           1   9.99477343E-05   6.56870902E-02   4.87394966E-02
         825           3   9.99225231E-05   6.37187511E-02   4.76680398E-02
         850           2   9.99904805E-05   6.18669689E-02   4.66447845E-02
         875           2   9.98502219E-05   6.01032451E-02   4.56567258E-02
         900           2   9.98494725E-05   5.84281944E-02   4.47071306E-02
         925           2   9.98131945E-05   5.68372682E-02   4.37915698E-02
         950           1   9.97355819E-05   5.53311445E-02   4.29151282E-02
         975           2   9.98799878E-05   5.38972393E-02   4.20687497E-02
        1000           3   9.98438845E-05   5.25279120E-02   4.12503704E-02
        1025           2   9.98209434E-05   5.12284525E-02   4.04572412E-02
        1050           1   9.97977841E-05   4.99843433E-02   3.96889225E-02
        1075           1   9.97603565E-05   4.87981662E-02   3.89431491E-02
        1100           1   9.97736643E-05   4.76663187E-02   3.82181555E-02
        1125           1   9.98071118E-05   4.65845019E-02   3.75133231E-02
        1150           1   9.98528994E-05   4.55447435E-02   3.68274711E-02
        1175           1   9.98874166E-05   4.45494801E-02   3.61631103E-02
        1200           1   9.98497417E-05   4.35891375E-02   3.55160087E-02
        1225           1   9.99542754E-05   4.26666066E-02   3.48869860E-02
        1250           1   9.98491450E-05   4.17752974E-02   3.42741087E-02
        1275           2   9.98628529E-05   4.09244448E-02   3.36784199E-02
        1300           1   9.99299373E-05   4.01106104E-02   3.30988467E-02
        1325           2   9.98231772E-05   3.93183529E-02   3.25389840E-02
        1350           1   9.98925389E-05   3.85616310E-02   3.19929719E-02
        1375           1   9.95812661E-05   3.78266536E-02   3.14612798E-02
        1400           1   9.98256364E-05   3.71140540E-02   3.09398696E-02
        1425           1   9.95530354E-05   3.64288688E-02   3.04307584E-02
        1450           1   9.95883238E-05   3.57611664E-02   2.99318582E-02
        1475           1   9.95742375E-05   3.51178609E-02   2.94464808E-02
        1500           1   9.93103095E-05   3.44939828E-02   2.89716292E-02
        1525           1   9.89959080E-05   3.38886008E-02   2.85060462E-02
        1550           1   9.89620166E-05   3.33018228E-02   2.80526802E-02
        1575           1   9.73585193E-05   3.27369198E-02   2.76039895E-02
        1600           1   9.75808725E-05   3.21858972E-02   2.71733031E-02
        1625           1   9.59063400E-05   3.16501707E-02   2.67475974E-02
        1650           1   9.26129214E-05   3.11307833E-02   2.63307784E-02
        1675           1   9.06372516E-05   3.06226388E-02   2.59283707E-02
        1700           1   8.87881324E-05   3.01276334E-02   2.55358461E-02
        1725           1   8.63815076E-05   2.96445228E-02   2.51534879E-02
        1750           1   8.49346980E-05   2.91758906E-02   2.47793496E-02
        1775           1   8.34201346E-05   2.87189279E-02   2.44080704E-02
        1800           1   8.13824008E-05   2.82749515E-02   2.40441002E-02
        1825           1   7.98718465E-05   2.78421380E-02   2.36876328E-02
        1850           1   7.91556231E-05   2.74219979E-02   2.33375411E-02
        1875           1   7.83588184E-05   2.70092562E-02   2.29956657E-02
        1900           1   7.66233425E-05   2.66059320E-02   2.26605907E-02
        1925           1   7.48794846E-05   2.62089968E-02   2.23343372E-02
        1950           1   7.34725836E-05   2.58222315E-02   2.20128372E-02
        1975           1   7.19153104E-05   2.54461654E-02   2.16948614E-02
        2000           1   7.04331542E-05   2.50759069E-02   2.13841591E-02
        2025           1   6.91535024E-05   2.47158855E-02   2.10797470E-02
        2050           1   6.78639990E-05   2.43631992E-02   2.07831375E-02
        2075           1   6.65882180E-05   2.40146853E-02   2.04954799E-02
        2100           1   6.56631892E-05   2.36719511E-02   2.02140510E-02
        2125           1   6.50459915E-05   2.33365577E-02   1.99369024E-02
        2150           1   6.41964580E-05   2.30082329E-02   1.96645614E-02
        2175           1   6.30517679E-05   2.26871353E-02   1.93952639E-02
        2200           1   6.18338527E-05   2.23726984E-02   1.91298891E-02
        2225           1   6.06706817E-05   2.20661089E-02   1.88691597E-02
        2250           1   5.93727818E-05   2.17646006E-02   1.86115578E-02
        2275           1   5.83186011E-05   2.14696769E-02   1.83593091E-02
        2300           1   5.73535399E-05   2.11799610E-02   1.81107391E-02
        2325           1   5.64859183E-05   2.08958555E-02   1.78663265E-02
        2350           1   5.55517508E-05   2.06151530E-02   1.76282395E-02
        2375           1   5.49531687E-05   2.03391649E-02   1.73941273E-02
        2400           1   5.43581555E-05   2.00663190E-02   1.71649698E-02
        2425           1   5.36919397E-05   1.97998006E-02   1.69403870E-02
        2450           1   5.28132659E-05   1.95335224E-02   1.67217124E-02
        2475           1   5.18018351E-05   1.92726441E-02   1.65071562E-02
        2500           1   5.08190606E-05   1.90175045E-02   1.62939001E-02
        2525           1   4.99144553E-05   1.87649969E-02   1.60847045E-02
        2550           1   4.91515457E-05   1.85183194E-02   1.58779863E-02
        2575           1   4.83918302E-05   1.82749964E-02   1.56727675E-02
        2600           1   4.76777750E-05   1.80333890E-02   1.54700559E-02
        2625           1   4.70005252E-05   1.77969076E-02   1.52711524E-02
        2650           1   4.65082121E-05   1.75631326E-02   1.50753148E-02
        2675           1   4.61335330E-05   1.73336137E-02   1.48825208E-02
        2700           1   4.55620284E-05   1.71106346E-02   1.46938832E-02
        2725           1   4.47886632E-05   1.68880429E-02   1.45085678E-02
        2750           1   4.39448631E-05   1.66732445E-02   1.43264178E-02
        2775           1   4.32591514E-05   1.64594948E-02   1.41452607E-02
        2800           1   4.26283732E-05   1.62497684E-02   1.39680738E-02
        2825           1   4.19544813E-05   1.60426218E-02   1.37935737E-02
        2850           1   4.12767877E-05   1.58363990E-02   1.36222299E-02
        2875           1   4.07103471E-05   1.56371333E-02   1.34535842E-02
        2900           1   4.03423801E-05   1.54379932E-02   1.32865673E-02
        2925           1   4.00192366E-05   1.52405417E-02   1.31216990E-02
        2950           1   3.95466450E-05   1.50465732E-02   1.29597476E-02
        2975           1   3.90565438E-05   1.48554342E-02   1.27998330E-02
        3000           1   3.84001360E-05   1.46644609E-02   1.26420259E-02
        3025           1   3.78049117E-05   1.44778285E-02   1.24855237E-02
        3050           1   3.72475843E-05   1.42932134E-02   1.23308841E-02
        3075           1   3.66883651E-05   1.41124586E-02   1.21793980E-02
        3100           1   3.61268394E-05   1.39334565E-02   1.20285749E-02
        3125           1   3.56694654E-05   1.37555357E-02   1.18809529E-02
        3150           1   3.52125826E-05   1.35810897E-02   1.17354793E-02
        3175           1   3.48389622E-05   1.34069687E-02   1.15910135E-02
        3200           1   3.46009656E-05   1.32359331E-02   1.14499992E-02
        3225           1   3.41664017E-05   1.30668432E-02   1.13098510E-02
        3250           1   3.37385245E-05   1.29011981E-02   1.11710895E-02
        3275           1   3.32523559E-05   1.27362609E-02   1.10340407E-02
        3300           1   3.27097805E-05   1.25745246E-02   1.08990083E-02
        3325           1   3.22381966E-05   1.24134803E-02   1.07646650E-02
        3350           1   3.18113780E-05   1.22561119E-02   1.06337778E-02
        3375           1   3.12984230E-05   1.20987073E-02   1.05032790E-02
        3400           1   3.08854651E-05   1.19444244E-02   1.03759039E-02
        3425           1   3.06257898E-05   1.17920814E-02   1.02483686E-02
        3450           1   3.02820081E-05   1.16427280E-02   1.01240342E-02
        3475           1   3.00268548E-05   1.14937434E-02   1.00008920E-02
        3500           1   2.96071194E-05   1.13488166E-02   9.87925660E-03
        3525           1   2.92343975E-05   1.12033905E-02   9.75959096E-03
        3550           1   2.88469510E-05   1.10620866E-02   9.64077562E-03
        3575           1   2.84324706E-05   1.09223807E-02   9.52399429E-03
        3600           1   2.79990236E-05   1.07848793E-02   9.40716825E-03
        3625           1   2.75917846E-05   1.06468955E-02   9.29295458E-03
        3650           1   2.71904901E-05   1.05137192E-02   9.17871762E-03
        3675           1   2.68927943E-05   1.03786541E-02   9.06775892E-03
        3700           1   2.66326788E-05   1.02480622E-02   8.95672664E-03
        3725           1   2.63894544E-05   1.01196785E-02   8.84704944E-03
        3750           1   2.60730267E-05   9.99049749E-03   8.73932522E-03
        3775           1   2.57518168E-05   9.86324344E-03   8.63120425E-03
        3800           1   2.54258412E-05   9.73921921E-03   8.52587540E-03
        3825           1   2.50890880E-05   9.61500220E-03   8.42078496E-03
        3850           1   2.46834461E-05   9.49233118E-03   8.31795298E-03
        3875           1   2.43874183E-05   9.37239546E-03   8.21649563E-03
        3900           1   2.40137269E-05   9.25525650E-03   8.11455492E-03
        3925           1   2.36907872E-05   9.13661066E-03   8.01434554E-03
        3950           1   2.34496838E-05   9.02056415E-03   7.91554060E-03
        3975           1   2.31632621E-05   8.90513789E-03   7.81797897E-03
        4000           1   2.30097248E-05   8.79381783E-03   7.72090442E-03
        4025           1   2.26603297E-05   8.68003909E-03   7.62563851E-03
        4050           1   2.24371834E-05   8.57093092E-03   7.53205828E-03
        4075           1   2.21590417E-05   8.46022647E-03   7.43866106E-03
        4100           1   2.18397417E-05   8.35327152E-03   7.34714558E-03
        4125           1   2.14952088E-05   8.24614894E-03   7.25574046E-03
        4150           1   2.11753504E-05   8.14156979E-03   7.16622733E-03
        4175           1   2.09338796E-05   8.03735293E-03   7.07779219E-03
        4200           1   2.06520253E-05   7.93342851E-03   6.99112285E-03
        4225           1   2.04293101E-05   7.83418212E-03   6.90391334E-03
        4250           1   2.02365554E-05   7.73281557E-03   6.81793969E-03
        4275           1   2.00348331E-05   7.63361016E-03   6.73447875E-03
        4300           1   1.97878435E-05   7.53573840E-03   6.65158639E-03
        4325           1   1.94943241E-05   7.43948855E-03   6.56882161E-03
        4350           1   1.92555381E-05   7.34303147E-03   6.48710551E-03
        4375           1   1.90255523E-05   7.24970456E-03   6.40681339E-03
        4400           1   1.87394617E-05   7.15637812E-03   6.32617064E-03
        4425           1   1.84271448E-05   7.06488686E-03   6.24794886E-03
        4450           1   1.81830856E-05   6.97318790E-03   6.17022254E-03
        4475           1   1.79290528E-05   6.88392948E-03   6.09260937E-03
        4500           1   1.78288119E-05   6.79410016E-03   6.01558527E-03
        4525           1   1.76184476E-05   6.70771115E-03   5.94327739E-03
        4550           1   1.73943154E-05   6.62128581E-03   5.86791383E-03
        4575           1   1.71794054E-05   6.53583603E-03   5.79400454E-03
        4600           1   1.70045496E-05   6.44942466E-03   5.72036393E-03
        4625           1   1.67734361E-05   6.36837631E-03   5.64815104E-03
        4650           1   1.65179736E-05   6.28612936E-03   5.57675352E-03
        4675           1   1.62892466E-05   6.20310055E-03   5.50658023E-03
        4700           1   1.61111857E-05   6.12397864E-03   5.43854153E-03
        4725           1   1.58542825E-05   6.04427326E-03   5.36980527E-03
        4750           1   1.56729693E-05   5.96551783E-03   5.30166551E-03
        4775           1   1.54879544E-05   5.88780874E-03   5.23541728E-03
        4800           1   1.52984521E-05   5.81398373E-03   5.16847055E-03
        4825           1   1.51090662E-05   5.73816150E-03   5.10192104E-03
        4850           1   1.50017586E-05   5.66469273E-03   5.03751077E-03
        4875           1   1.47990031E-05   5.58956200E-03   4.97378502E-03
        4900           1   1.45728845E-05   5.51578216E-03   4.91089514E-03
        4925           1   1.43513143E-05   5.44383004E-03   4.85027162E-03
        4950           1   1.41286200E-05   5.37388911E-03   4.78767231E-03
        4975           1   1.39635267E-05   5.30410651E-03   4.72582690E-03
        5000           1   1.37443421E-05   5.23436349E-03   4.66486532E-03
        5025           1   1.36820854E-05   5.16936928E-03   4.60629817E-03
        5050           1   1.34610073E-05   5.10150054E-03   4.54723928E-03
        5075           1   1.33005542E-05   5.03480760E-03   4.48892824E-03
        5100           1   1.31632260E-05   4.96786600E-03   4.43176599E-03
        5125           1   1.29890032E-05   4.90381289E-03   4.37682215E-03
        5150           1   1.28671063E-05   4.84026689E-03   4.31983592E-03
        5175           1   1.26747691E-05   4.77640470E-03   4.26504295E-03
        5200           1   1.24443823E-05   4.71571041E-03   4.20966977E-03
        5225           1   1.22801684E-05   4.65427898E-03   4.15526656E-03
        5250           1   1.21618787E-05   4.59332764E-03   4.10163077E-03
        5275           1   1.20154073E-05   4.53210901E-03   4.04945947E-03
        5300           1   1.18292473E-05   4.47407225E-03   3.99850449E-03
        5325           1   1.16823621E-05   4.41478100E-03   3.94780096E-03
        5350           1   1.15836610E-05   4.35836054E-03   3.89634003E-03
        5375           1   1.14768845E-05   4.30130353E-03   3.84637341E-03
        5400           1   1.13188080E-05   4.24378086E-03   3.79593438E-03
        5425           1   1.11456593E-05   4.18966869E-03   3.74696171E-03
        5450           1   1.10051697E-05   4.13479283E-03   3.69992130E-03
        5475           1   1.08332861E-05   4.08021500E-03   3.65107600E-03
        5500           1   1.06367834E-05   4.02767258E-03   3.60449264E-03
        5525           1   1.05598720E-05   3.97296064E-03   3.55799939E-03
        5550           1   1.03812154E-05   3.92236374E-03   3.51257483E-03
        5575           1   1.03229904E-05   3.87156615E-03   3.46706226E-03
        5600           1   1.01729092E-05   3.82061768E-03   3.42222583E-03
        5625           1   1.00412017E-05   3.77119589E-03   3.37726437E-03
        5650           1   9.97161806E-06   3.71949980E-03   3.33367381E-03
        5675           1   9.84935832E-06   3.67224449E-03   3.29093798E-03
        5700           1   9.69255416E-06   3.62403411E-03   3.24763521E-03
        5725           1   9.54955703E-06   3.57603515E-03   3.20610311E-03
        5750           1   9.37615914E-06   3.53005528E-03   3.16406740E-03
        5775           1   9.33694810E-06   3.48288822E-03   3.12350225E-03
        5800           1   9.14031261E-06   3.43710650E-03   3.08303116E-03
        5825           1   8.99834959E-06   3.39368335E-03   3.04329884E-03
        5850           1   8.94518962E-06   3.34751606E-03   3.00417701E-03
        5875           1   8.86228645E-06   3.30383563E-03   2.96564633E-03
        5900           1   8.71948396E-06   3.26056499E-03   2.92600808E-03
        5925           1   8.63573041E-06   3.21704056E-03   2.88860430E-03
        5950           1   8.48916625E-06   3.17413826E-03   2.85102730E-03
        5975           1   8.43687303E-06   3.13343364E-03   2.81294668E-03
        6000           1   8.25475490E-06   3.09108291E-03   2.77655758E-03
        6025           1   8.16882402E-06   3.05096875E-03   2.73984671E-03
        6050           1   8.03660532E-06   3.01180896E-03   2.70525063E-03
        6075           1   7.97772918E-06   2.97087803E-03   2.66970694E-03
        6100           1   7.82761708E-06   2.93112244E-03   2.63376278E-03
        6125           1   7.76534944E-06   2.89278198E-03   2.59985542E-03
        6150           1   7.68076097E-06   2.85639474E-03   2.56605446E-03
        6175           1   7.64491779E-06   2.81663588E-03   2.53247307E-03
        6200           1   7.53089125E-06   2.78163911E-03   2.49971868E-03
        6225           1   7.33996512E-06   2.74372846E-03   2.46653450E-03
        6250           1   7.29008025E-06   2.70804879E-03   2.43474077E-03
        6275           1   7.21849028E-06   2.67242873E-03   2.40282458E-03
        6300           1   7.09413052E-06   2.63520633E-03   2.37192679E-03
        6325           1   7.01112867E-06   2.60255183E-03   2.34042387E-03
        6350           1   6.85572741E-06   2.56739371E-03   2.30986369E-03
        6375           1   6.80820403E-06   2.53357040E-03   2.27912609E-03
        6400           1   6.76175978E-06   2.49928725E-03   2.24968954E-03
        6425           1   6.70916279E-06   2.46651331E-03   2.21995940E-03
        6450           1   6.55958320E-06   2.43403087E-03   2.19108094E-03
        6475           1   6.51250139E-06   2.40203505E-03   2.16312218E-03
        6500           1   6.37249605E-06   2.36930279E-03   2.13362789E-03
        6525           1   6.30441855E-06   2.33825576E-03   2.10616202E-03
        6550           1   6.22406651E-06   2.30817194E-03   2.07799091E-03
        6575           1   6.13088787E-06   2.27746600E-03   2.05129455E-03
        6600           1   6.07419679E-06   2.24600919E-03   2.02378235E-03
        6625           1   5.98877114E-06   2.21728883E-03   1.99691858E-03
        6650           1   5.92189872E-06   2.18784763E-03   1.97035447E-03
        6675           1   5.82205803E-06   2.15843413E-03   1.94462563E-03
        6700           1   5.79457401E-06   2.13014428E-03   1.91949587E-03
        6725           1   5.73430680E-06   2.10300833E-03   1.89346902E-03
        6750           1   5.66436711E-06   2.07421882E-03   1.86895649E-03
        6775           1   5.52031952E-06   2.04734784E-03   1.84439367E-03
        6800           1   5.49641300E-06   2.01864075E-03   1.82084856E-03
        6825           1   5.38441873E-06   1.99290831E-03   1.79677724E-03
        6850           1   5.34262153E-06   1.96526223E-03   1.77249720E-03
        6875           1   5.22382015E-06   1.93979265E-03   1.74983288E-03
        6900           1   5.18803199E-06   1.91433262E-03   1.72579277E-03
        6925           1   5.14024032E-06   1.88969658E-03   1.70252589E-03
        6950           1   5.16147793E-06   1.86409359E-03   1.68034248E-03
        6975           1   5.02599414E-06   1.83983659E-03   1.65892253E-03
        7000           1   4.93615926E-06   1.81433815E-03   1.63696695E-03
        7025           1   4.91223864E-06   1.79073145E-03   1.61617086E-03
        7050           1   4.83278563E-06   1.76683231E-03   1.59328606E-03
        7075           1   4.81172219E-06   1.74336694E-03   1.57302571E-03
        7100           1   4.65057974E-06   1.72081811E-03   1.55217049E-03
        7125           1   4.60352021E-06   1.69878919E-03   1.53098372E-03
        7150           1   4.56845919E-06   1.67488819E-03   1.51207624E-03
        7175           1   4.54733208E-06   1.65274006E-03   1.49161788E-03
        7200           1   4.48031733E-06   1.63127691E-03   1.47156219E-03
        7225           1   4.51555297E-06   1.60989328E-03   1.45266752E-03
        7250           1   4.33301238E-06   1.58680603E-03   1.43276853E-03
        7275           1   4.37232984E-06   1.56503427E-03   1.41285779E-03
        7300           1   4.20068091E-06   1.54546008E-03   1.39590597E-03
        7325           1   4.18174614E-06   1.52566831E-03   1.37669093E-03
        7350           1   4.17946831E-06   1.50462461E-03   1.35741616E-03
        7375           1   4.11708925E-06   1.48461782E-03   1.33988622E-03
        7400           1   4.01605848E-06   1.46438309E-03   1.32303475E-03
        7425           1   3.93782375E-06   1.44421076E-03   1.30515802E-03
        7450           1   3.90203331E-06   1.42621715E-03   1.28839433E-03
        7475           1   3.91858384E-06   1.40770490E-03   1.27038755E-03
        7500           1   3.93984556E-06   1.38919381E-03   1.25325040E-03
        7525           1   3.85290150E-06   1.36912079E-03   1.23751245E-03
        7550           1   3.78195932E-06   1.35050237E-03   1.22094154E-03
        7575           1   3.59280421E-06   1.33387162E-03   1.20563945E-03
        7600           1   3.57707495E-06   1.31673948E-03   1.18840241E-03
        7625           1   3.59759497E-06   1.29809580E-03   1.17180683E-03
        7650           1   3.63017489E-06   1.28146552E-03   1.15662988E-03
        7675           1   3.51649214E-06   1.26482709E-03   1.14158134E-03
        7700           1   3.46338447E-06   1.24847342E-03   1.12590427E-03
        7725           1   3.38920336E-06   1.23022823E-03   1.11285085E-03
        7750           1   3.39247595E-06   1.21318095E-03   1.09802326E-03
        7775           1   3.37809342E-06   1.19759899E-03   1.08255737E-03
        7800           1   3.37217284E-06   1.18214649E-03   1.06861466E-03
        7825           1   3.26814893E-06   1.16577651E-03   1.05338544E-03
        7850           1   3.19954756E-06   1.15111994E-03   1.03903096E-03
        7875           1   3.11409781E-06   1.13546406E-03   1.02610711E-03
        7900           1   3.16962974E-06   1.11989700E-03   1.01213506E-03
        7925           1   3.11075792E-06   1.10573438E-03   9.98621341E-04
        7950           1   3.10774635E-06   1.08942494E-03   9.85540682E-04
        7975           1   2.99941007E-06   1.07493764E-03   9.73472430E-04
        8000           1   3.00443389E-06   1.06124661E-03   9.59795783E-04
        8025           1   2.94430288E-06   1.04878831E-03   9.46089916E-04
        8050           1   2.97892234E-06   1.03334244E-03   9.34856012E-04
        8075           1   3.00278839E-06   1.01958844E-03   9.22118546E-04
        8100           1   2.81236066E-06   1.00601721E-03   9.08648304E-04
        8125           1   2.79033657E-06   9.91920475E-04   8.97026213E-04
        8150           1   2.72914804E-06   9.78832599E-04   8.85791495E-04
        8175           1   2.76804985E-06   9.65477491E-04   8.73307290E-04
        8200           1   2.69276256E-06   9.52006900E-04   8.63109773E-04
        8225           1   2.61858759E-06   9.42184939E-04   8.49962758E-04
        8250           1   2.64009986E-06   9.27976449E-04   8.38556211E-04
        8275           1   2.67878909E-06   9.15062672E-04   8.26396688E-04
        8300           1   2.59391913E-06   9.02377360E-04   8.17709719E-04
        8325           1   2.58146110E-06   8.91438394E-04   8.05811025E-04
        8350           1   2.62546496E-06   8.79466766E-04   7.95164378E-04
        8375           1   2.48954029E-06   8.67521449E-04   7.84428034E-04
        8400           1   2.49916843E-06   8.56932602E-04   7.75233842E-04
        8425           1   2.40958252E-06   8.45596194E-04   7.64165248E-04
        8450           1   2.31182071E-06   8.32845573E-04   7.53082102E-04
        8475           1   2.40315876E-06   8.23331706E-04   7.43769924E-04
        8500           1   2.39845031E-06   8.11596285E-04   7.33807625E-04
        8525           1   2.44559033E-06   7.99437461E-04   7.24236888E-04
        8550           1   2.27709438E-06   7.89190235E-04   7.14336871E-04
        8575           1   2.23377560E-06   7.80009199E-04   7.04949722E-04
        8600           1   2.30210298E-06   7.69855164E-04   6.95320661E-04
        8625           1   2.32467096E-06   7.57524278E-04   6.85484905E-04
        8650           1   2.22112544E-06   7.48907332E-04   6.77772914E-04
        8675           1   2.15199066E-06   7.38164876E-04   6.67897053E-04
        8700           1   2.05773176E-06   7.27915554E-04   6.59105892E-04
        8725           1   2.06848244E-06   7.18434923E-04   6.50817936E-04
        8750           1   2.14222246E-06   7.10123801E-04   6.40968792E-04
        8775           1   2.10044664E-06   6.99368946E-04   6.33514777E-04
        8800           1   2.05703236E-06   6.90974994E-04   6.24721812E-04
        8825           1   2.02667843E-06   6.80862344E-04   6.16591715E-04
        8850           1   1.97197664E-06   6.71953720E-04   6.08073897E-04
        8875           1   1.98908492E-06   6.61169877E-04   6.00758358E-04
        8900           1   2.03427385E-06   6.54436764E-04   5.92084718E-04
        8925           1   1.89770299E-06   6.45782449E-04   5.83624409E-04
        8950           1   1.92554398E-06   6.37183548E-04   5.76459337E-04
        8975           1   1.88434819E-06   6.28773938E-04   5.68565971E-04
        9000           1   1.87194587E-06   6.19858620E-04   5.60987974E-04
        9025           1   1.78471487E-06   6.11582480E-04   5.54597820E-04
        9050           1   1.92057541E-06   6.05022418E-04   5.46235067E-04
        9075           1   1.88598676E-06   5.94991841E-04   5.39582223E-04
        9100           1   1.80104348E-06   5.87419199E-04   5.31317783E-04
        9125           1   1.73347985E-06   5.79062325E-04   5.24008472E-04
        9150           1   1.75310311E-06   5.71249402E-04   5.19171066E-04
        9175           1   1.73347087E-06   5.63218724E-04   5.10673097E-04
        9200           1   1.81902612E-06   5.56937535E-04   5.03487012E-04
        9225           1   1.68311215E-06   5.50102501E-04   4.97296860E-04
        9250           1   1.68688530E-06   5.43359027E-04   4.89146390E-04
        9275           1   1.64910000E-06   5.34205814E-04   4.83360724E-04
        9300           1   1.70788621E-06   5.27513563E-04   4.77479625E-04
        9325           1   1.68019869E-06   5.19586029E-04   4.71180247E-04
        9350           1   1.62763968E-06   5.12548024E-04   4.65172256E-04
        9375           1   1.56383942E-06   5.06010139E-04   4.57961549E-04
 Wall-clock time (s):    5.88760328    
 RE=   100.000000     , N=          40 , DT=   1.00000005E-03
Note: The following floating-point exceptions are signalling: IEEE_UNDERFLOW_FLAG
