 NTRANS, DT=?
          20        6731   9.99971380E-05   2.56061459       1.05400002    
          40        2772   9.99969197E-05   1.53831947      0.691970050    
          60        1597   9.99969634E-05   1.13036096      0.561175823    
          80        1175   9.99987751E-05  0.904324532      0.500228286    
         100         912   9.99970071E-05  0.758915067      0.469293952    
         120         675   9.99995464E-05  0.658285260      0.451055199    
         140         568   9.99740223E-05  0.587228417      0.438681930    
         160         500   9.99760305E-05  0.537563920      0.429777116    
         180         446   9.99822951E-05  0.504014194      0.422275364    
         200         403   9.99739641E-05  0.482464254      0.415443748    
         220         362   9.99703625E-05  0.468484849      0.409804106    
         240         333   9.99784970E-05  0.459305644      0.404701054    
         260         314   9.99554250E-05  0.452899218      0.400406837    
         280         297   9.99517724E-05  0.448293686      0.396635711    
         300         284   9.99563927E-05  0.444846839      0.392953068    
         320         272   9.99606054E-05  0.441910982      0.389706105    
         340         265   9.99831173E-05  0.439101636      0.386635542    
         360         256   9.99824988E-05  0.436231285      0.383824706    
         380         250   9.99854674E-05  0.433492184      0.380819052    
         400         240   9.99812328E-05  0.430759907      0.377865225    
         420         234   9.99783442E-05  0.427869648      0.374772906    
         440         226   9.99911208E-05  0.424855679      0.371759802    
         460         221   9.99943150E-05  0.421558589      0.368691295    
         480         218   9.99619006E-05  0.418404400      0.365414023    
         500         214   9.99733311E-05  0.414886206      0.362195551    
         520         210   9.99639306E-05  0.411218315      0.358796149    
         540         209   9.99775802E-05  0.407452732      0.355414897    
         560         209   9.99642143E-05  0.403555155      0.352035254    
         580         206   9.99945623E-05  0.399373978      0.348451257    
         600         202   9.99939730E-05  0.395247966      0.344995022    
         620         199   9.99762051E-05  0.390900135      0.341382682    
         640         196   9.99683834E-05  0.386449158      0.337663829    
         660         191   9.99929034E-05  0.381908357      0.333942205    
         680         189   9.99862241E-05  0.377197683      0.330162078    
         700         184   9.99841213E-05  0.372523040      0.326355189    
         720         177   9.99626718E-05  0.367551476      0.322506607    
         740         176   9.99809999E-05  0.362717122      0.318621308    
         760         170   9.99810873E-05  0.357626230      0.314674050    
         780         159   9.99974945E-05  0.352573603      0.310685426    
         800         155   9.99878102E-05  0.347325534      0.306718707    
         820         154   9.99845579E-05  0.342122823      0.302762508    
         840         152   9.99638651E-05  0.336726308      0.298820764    
         860         151   9.99789409E-05  0.331407815      0.294904172    
         880         148   9.99893600E-05  0.325934768      0.290965885    
         900         140   9.99926197E-05  0.320441753      0.287081182    
         920         137   9.99868134E-05  0.314886808      0.283180594    
         940         134   9.99916811E-05  0.309254438      0.279292703    
         960         131   9.99650438E-05  0.303675145      0.275474727    
         980         126   9.99907570E-05  0.297985792      0.271695793    
        1000         124   9.99961849E-05  0.292330950      0.267903149    
        1020         122   9.99679323E-05  0.286667287      0.264194340    
        1040         120   9.99796976E-05  0.280956745      0.260531068    
        1060         121   9.99788463E-05  0.275335312      0.256856591    
        1080         112   9.99717449E-05  0.269698471      0.253171474    
        1100         117   9.99642216E-05  0.264050961      0.249600500    
        1120         113   9.99720069E-05  0.258492738      0.245988384    
        1140         111   9.99879339E-05  0.252975106      0.242325693    
        1160         107   9.99806580E-05  0.247468770      0.238710076    
        1180         107   9.99719050E-05  0.242061168      0.235091940    
        1200         104   9.99701369E-05  0.236698061      0.231417820    
        1220         102   9.99843323E-05  0.231362343      0.227710411    
        1240         102   9.99992553E-05  0.226108313      0.224032164    
        1260          99   9.99738259E-05  0.220944643      0.220299125    
        1280          99   9.99930417E-05  0.215820745      0.216498524    
        1300          98   9.99925032E-05  0.210725218      0.212699324    
        1320          94   9.99945769E-05  0.205752432      0.208879724    
        1340          95   9.99571712E-05  0.200840682      0.205021560    
        1360          97   9.99792173E-05  0.195984855      0.201103121    
        1380          99   9.99843905E-05  0.191200942      0.197199762    
        1400          98   9.99866752E-05  0.186491892      0.193275154    
        1420          94   9.99774056E-05  0.181905583      0.189326465    
        1440          94   9.99995245E-05  0.177389786      0.185345188    
        1460          92   9.99835393E-05  0.172936276      0.181375682    
        1480          88   9.99692202E-05  0.168573722      0.177425295    
        1500          87   9.99846743E-05  0.164276317      0.173472270    
        1520          85   9.99698314E-05  0.160078824      0.169512078    
        1540          85   9.99971016E-05  0.155998096      0.165570289    
        1560          83   9.99783369E-05  0.151987940      0.161663055    
        1580          80   9.99752883E-05  0.148051381      0.157783940    
        1600          76   9.99675831E-05  0.144195229      0.153930470    
        1620          77   9.99644981E-05  0.140405938      0.150105044    
        1640          74   9.99594122E-05  0.136693209      0.146307796    
        1660          76   9.99596887E-05  0.133059576      0.142572448    
        1680          72   9.99712720E-05  0.129527152      0.138875499    
        1700          66   9.99950644E-05  0.126074135      0.135218754    
        1720          60   9.99747499E-05  0.122682191      0.131615251    
        1740          58   9.99946715E-05  0.119362317      0.128056809    
        1760          51   9.99788244E-05  0.116121069      0.124563016    
        1780          46   9.99719414E-05  0.112937197      0.121140525    
        1800          44   9.99705080E-05  0.109815098      0.117786013    
        1820          42   9.99787590E-05  0.106759496      0.114497095    
        1840          36   9.99887416E-05  0.103785038      0.111272380    
        1860          40   9.99644835E-05  0.100861661      0.108121425    
        1880          38   9.99919139E-05   9.80086923E-02  0.105035923    
        1900          38   9.99671538E-05   9.52197537E-02  0.102032460    
        1920          34   9.99797558E-05   9.25034285E-02   9.91009176E-02
        1940          37   9.99857730E-05   8.98389518E-02   9.62533653E-02
        1960          35   9.99759432E-05   8.72509852E-02   9.34754908E-02
        1980          34   9.99589756E-05   8.47291946E-02   9.07699391E-02
        2000          37   9.99572731E-05   8.22670311E-02   8.81400183E-02
        2020          34   9.99941403E-05   7.98793510E-02   8.55750069E-02
        2040          35   9.99925614E-05   7.75528401E-02   8.30848366E-02
        2060          25   9.99797267E-05   7.53030553E-02   8.06590915E-02
        2080          28   9.99775948E-05   7.30935931E-02   7.83155486E-02
        2100          27   9.99987824E-05   7.09531680E-02   7.60366097E-02
        2120          26   9.99670810E-05   6.88699186E-02   7.38261715E-02
        2140          26   9.99966505E-05   6.68446645E-02   7.16807097E-02
        2160          23   9.99736658E-05   6.48764372E-02   6.95984587E-02
        2180          24   9.99796684E-05   6.29590154E-02   6.75808936E-02
        2200          21   9.99845288E-05   6.10968880E-02   6.56197891E-02
        2220          22   9.99947079E-05   5.92770055E-02   6.37190416E-02
        2240          22   9.99693439E-05   5.75078242E-02   6.18723370E-02
        2260          28   9.99954354E-05   5.57741597E-02   6.00845627E-02
        2280          24   9.99970143E-05   5.41011766E-02   5.83381429E-02
        2300          16   9.99832046E-05   5.24793491E-02   5.66407554E-02
        2320          18   9.99770127E-05   5.08820713E-02   5.49972653E-02
        2340          19   9.99801050E-05   4.93244790E-02   5.33986501E-02
        2360          16   9.99965559E-05   4.78166342E-02   5.18395714E-02
        2380          21   9.99999247E-05   4.63323891E-02   5.03324717E-02
        2400          20   9.99917102E-05   4.48934734E-02   4.88575473E-02
        2420          18   9.99853874E-05   4.34930585E-02   4.74217609E-02
        2440          23   9.99603508E-05   4.21157479E-02   4.60291505E-02
        2460          25   9.99618860E-05   4.07813713E-02   4.46684845E-02
        2480          22   9.99919503E-05   3.94877195E-02   4.33396250E-02
        2500          18   9.99613549E-05   3.82285565E-02   4.20445800E-02
        2520          16   9.99658732E-05   3.70017737E-02   4.07820679E-02
        2540          22   9.99748881E-05   3.57943922E-02   3.95553708E-02
        2560          22   9.99904587E-05   3.46279778E-02   3.83568443E-02
        2580          18   9.99974873E-05   3.35031077E-02   3.71843129E-02
        2600          17   9.99594340E-05   3.24023180E-02   3.60426195E-02
        2620          20   9.99660551E-05   3.13303098E-02   3.49303633E-02
        2640          18   9.99768818E-05   3.02987788E-02   3.38407941E-02
        2660          20   9.99760232E-05   2.92895846E-02   3.27836685E-02
        2680          24   9.99799886E-05   2.83097681E-02   3.17542590E-02
        2700          19   9.99731201E-05   2.73721367E-02   3.07437144E-02
        2720          20   9.99696495E-05   2.64570881E-02   2.97645722E-02
        2740          19   9.99604017E-05   2.55734362E-02   2.88072862E-02
        2760          17   9.99722979E-05   2.47229505E-02   2.78741047E-02
        2780          13   9.99741824E-05   2.39027906E-02   2.69660670E-02
        2800          14   9.99872354E-05   2.31017116E-02   2.60843728E-02
        2820          17   9.99980548E-05   2.23265644E-02   2.52266191E-02
        2840          17   9.99842159E-05   2.15800833E-02   2.43917089E-02
        2860          18   9.99635013E-05   2.08569132E-02   2.35818401E-02
        2880          17   9.99630065E-05   2.01593693E-02   2.27957144E-02
        2900          16   9.99725453E-05   1.94899924E-02   2.20302194E-02
        2920          16   9.99806653E-05   1.88395903E-02   2.12879237E-02
        2940          16   9.99816111E-05   1.82116125E-02   2.05711648E-02
        2960          14   9.99773620E-05   1.76078212E-02   1.98725089E-02
        2980          11   9.99766125E-05   1.70259625E-02   1.91975981E-02
        3000          10   9.99856566E-05   1.64610520E-02   1.85483377E-02
        3020          14   9.99813492E-05   1.59102492E-02   1.79179180E-02
        3040          11   9.99861077E-05   1.53875640E-02   1.73068848E-02
        3060          10   9.99911936E-05   1.48806078E-02   1.67177655E-02
        3080          13   9.99680196E-05   1.43868383E-02   1.61499083E-02
        3100          10   9.99692784E-05   1.39175989E-02   1.56016098E-02
        3120          12   9.99668991E-05   1.34597085E-02   1.50725711E-02
        3140          10   9.99781332E-05   1.30235646E-02   1.45650283E-02
        3160          11   9.99847325E-05   1.25994785E-02   1.40731921E-02
        3180           7   9.99818949E-05   1.21987415E-02   1.36022810E-02
        3200           8   9.99637923E-05   1.18052224E-02   1.31478999E-02
        3220           5   9.99536642E-05   1.14329681E-02   1.27110053E-02
        3240           6   9.99854092E-05   1.10725379E-02   1.22919669E-02
        3260          10   9.99823242E-05   1.07224621E-02   1.18883140E-02
        3280           8   9.99762269E-05   1.03926985E-02   1.14999656E-02
        3300           6   9.99900731E-05   1.00746285E-02   1.11269392E-02
        3320           4   9.99900512E-05   9.76955704E-03   1.07685737E-02
        3340           4   9.99756376E-05   9.47432779E-03   1.04258573E-02
        3360           6   9.99718250E-05   9.18795727E-03   1.00983232E-02
        3380           5   9.99956828E-05   8.91335495E-03   9.78116319E-03
        3400           9   9.99608819E-05   8.64643697E-03   9.47595201E-03
        3420           8   9.99944677E-05   8.39461759E-03   9.18379240E-03
        3440           4   9.99788026E-05   8.15313216E-03   8.90150014E-03
        3460           3   9.99726544E-05   7.91395456E-03   8.63183755E-03
        3480           3   9.99823897E-05   7.68680545E-03   8.36893637E-03
        3500           8   9.99962213E-05   7.45910639E-03   8.12091026E-03
        3520           6   9.99712283E-05   7.24421535E-03   7.87847675E-03
        3540           6   9.99878030E-05   7.03326100E-03   7.64602423E-03
        3560           3   9.99949407E-05   6.83303922E-03   7.42252544E-03
        3580           3   9.99996410E-05   6.63420046E-03   7.20436452E-03
        3600           8   9.99681797E-05   6.43495796E-03   6.99718436E-03
        3620           6   9.99738040E-05   6.24769414E-03   6.79514930E-03
        3640           4   9.99685071E-05   6.06728904E-03   6.59804372E-03
        3660           5   9.99729891E-05   5.88616449E-03   6.40896382E-03
        3680           4   9.99654148E-05   5.71447518E-03   6.22639246E-03
        3700           3   9.99753029E-05   5.54726925E-03   6.04908308E-03
        3720           2   9.99821350E-05   5.38518000E-03   5.87743800E-03
        3740           5   9.99725235E-05   5.22111217E-03   5.70917130E-03
        3760           3   9.99756812E-05   5.06851124E-03   5.54908300E-03
        3780           5   9.99785698E-05   4.91673406E-03   5.39168762E-03
        3800           3   9.99828480E-05   4.77119768E-03   5.23620425E-03
        3820           4   9.99954500E-05   4.62818565E-03   5.08768484E-03
        3840           4   9.99817421E-05   4.48969938E-03   4.94312588E-03
        3860           5   9.99887561E-05   4.35424410E-03   4.80156159E-03
        3880           4   9.99792028E-05   4.22684383E-03   4.66564950E-03
        3900           5   9.99923213E-05   4.10001446E-03   4.53378446E-03
        3920           3   9.99807744E-05   3.97837022E-03   4.40278370E-03
        3940           3   9.99717377E-05   3.86041543E-03   4.27811127E-03
        3960           4   9.99916883E-05   3.74574913E-03   4.15495783E-03
        3980           3   9.99919648E-05   3.63759557E-03   4.03573737E-03
        4000           2   9.99750700E-05   3.53273773E-03   3.91929736E-03
        4020           4   9.99700569E-05   3.43045476E-03   3.80754680E-03
        4040           2   9.99845943E-05   3.33841122E-03   3.69628938E-03
        4060           3   9.99918993E-05   3.24701401E-03   3.58908158E-03
        4080           2   9.99962358E-05   3.16080241E-03   3.48565797E-03
        4100           2   9.99650656E-05   3.07669071E-03   3.38435359E-03
        4120           2   9.99868353E-05   2.99805636E-03   3.28638521E-03
        4140           2   9.99724361E-05   2.91975448E-03   3.19133373E-03
        4160           1   9.99797412E-05   2.84344493E-03   3.09811463E-03
        4180           2   9.99967306E-05   2.76914891E-03   3.00822663E-03
        4200           3   9.99918921E-05   2.69787107E-03   2.92186043E-03
        4220           3   9.99922049E-05   2.62810523E-03   2.83694081E-03
        4240           3   9.99948970E-05   2.56126747E-03   2.75561004E-03
        4260           3   9.99919939E-05   2.49516149E-03   2.67666299E-03
        4280           2   9.99982294E-05   2.43297755E-03   2.59933039E-03
        4300           3   9.99872500E-05   2.37018266E-03   2.52612447E-03
        4320           2   9.99869226E-05   2.30952189E-03   2.45256000E-03
        4340           1   9.99977419E-05   2.25203997E-03   2.38298578E-03
        4360           2   9.99627737E-05   2.19520624E-03   2.31610658E-03
        4380           1   9.99657350E-05   2.14006961E-03   2.24971189E-03
        4400           3   9.99635886E-05   2.08606478E-03   2.18613097E-03
        4420           2   9.99988115E-05   2.03455845E-03   2.12517614E-03
        4440           3   9.99754120E-05   1.98266492E-03   2.06547021E-03
        4460           3   9.99743934E-05   1.93329854E-03   2.00941856E-03
        4480           1   9.99616241E-05   1.88646361E-03   1.95385935E-03
        4500           1   9.99819240E-05   1.83923030E-03   1.90076302E-03
        4520           1   9.99809636E-05   1.79262599E-03   1.84909487E-03
        4540           1   9.99852855E-05   1.75111217E-03   1.79834396E-03
        4560           3   9.99742770E-05   1.70514314E-03   1.75171322E-03
        4580           1   9.99670738E-05   1.66429416E-03   1.70520041E-03
        4600           3   9.99706754E-05   1.62266765E-03   1.65965699E-03
        4620           1   9.99610056E-05   1.58310181E-03   1.61493174E-03
        4640           2   9.99710392E-05   1.54521770E-03   1.57368951E-03
        4660           1   9.99986805E-05   1.50509586E-03   1.53213972E-03
        4680           1   9.98866381E-05   1.46843947E-03   1.49430207E-03
        4700           2   9.99769836E-05   1.43360824E-03   1.45575230E-03
        4720           2   9.99623880E-05   1.39661541E-03   1.41825224E-03
        4740           1   9.99508338E-05   1.36341259E-03   1.38227257E-03
        4760           1   9.99304684E-05   1.32944679E-03   1.34830025E-03
        4780           1   9.99247786E-05   1.29955192E-03   1.31446170E-03
        4800           1   9.98865726E-05   1.26684550E-03   1.28111208E-03
        4820           1   9.99139083E-05   1.23421056E-03   1.24993513E-03
        4840           1   9.99932163E-05   1.20435457E-03   1.21769332E-03
        4860           1   9.96088129E-05   1.17473281E-03   1.19040324E-03
        4880           1   9.91545385E-05   1.14773400E-03   1.16017775E-03
        4900           1   9.83824430E-05   1.12018874E-03   1.13418733E-03
        4920           1   9.72172493E-05   1.09418551E-03   1.10804720E-03
        4940           1   9.56143267E-05   1.07053481E-03   1.08657929E-03
        4960           1   9.35307326E-05   1.04891241E-03   1.06488459E-03
        4980           1   9.10646486E-05   1.02831749E-03   1.04530947E-03
        5000           1   8.83862958E-05   1.00695866E-03   1.02821167E-03
        5020           1   8.55998296E-05   9.88533953E-04   1.01124682E-03
        5040           1   8.28554403E-05   9.71631496E-04   9.95441806E-04
        5060           1   8.03192233E-05   9.53034090E-04   9.78403725E-04
        5080           1   7.80393020E-05   9.34588024E-04   9.61454585E-04
        5100           1   7.61988485E-05   9.17387428E-04   9.43280174E-04
        5120           1   7.47474696E-05   8.99083330E-04   9.24207445E-04
        5140           1   7.37125520E-05   8.79187835E-04   9.04683780E-04
        5160           1   7.29919630E-05   8.64987494E-04   8.85485555E-04
        5180           1   7.24567581E-05   8.48361291E-04   8.64337140E-04
        5200           1   7.20281314E-05   8.32469785E-04   8.45143397E-04
        5220           1   7.15785281E-05   8.19035806E-04   8.23916751E-04
        5240           1   7.10029926E-05   8.04043491E-04   8.06099502E-04
        5260           1   7.02404795E-05   7.89990241E-04   7.88229459E-04
        5280           1   6.92641479E-05   7.75691122E-04   7.72434054E-04
        5300           1   6.80275989E-05   7.63272983E-04   7.56052439E-04
        5320           1   6.66261112E-05   7.50553794E-04   7.42265489E-04
        5340           1   6.51177106E-05   7.37391878E-04   7.27957988E-04
        5360           1   6.35215110E-05   7.23987003E-04   7.15066213E-04
        5380           1   6.19313214E-05   7.10644235E-04   7.02119898E-04
        5400           1   6.04241322E-05   6.99609751E-04   6.89549604E-04
        5420           1   5.90092350E-05   6.87803316E-04   6.78477576E-04
        5440           1   5.77541068E-05   6.74358453E-04   6.65486907E-04
        5460           1   5.66888739E-05   6.65272411E-04   6.53767667E-04
        5480           1   5.57570602E-05   6.52174349E-04   6.40823506E-04
        5500           1   5.49140095E-05   6.38515106E-04   6.29928079E-04
        5520           1   5.41750778E-05   6.28805719E-04   6.18428923E-04
        5540           1   5.34685532E-05   6.16559875E-04   6.05750422E-04
        5560           1   5.28425844E-05   6.04914734E-04   5.95072866E-04
        5580           1   5.22005757E-05   5.93406730E-04   5.83275745E-04
        5600           1   5.15565152E-05   5.79924730E-04   5.72824909E-04
        5620           1   5.08496523E-05   5.69353113E-04   5.62372676E-04
        5640           1   5.01244213E-05   5.58447093E-04   5.50396333E-04
        5660           1   4.93413172E-05   5.46226511E-04   5.43439586E-04
        5680           1   4.85370510E-05   5.35069441E-04   5.34012855E-04
        5700           1   4.76640089E-05   5.23880939E-04   5.24215808E-04
        5720           1   4.67783902E-05   5.13826031E-04   5.16517146E-04
        5740           1   4.58590766E-05   5.05685282E-04   5.08139783E-04
        5759           1   4.49961626E-05   4.97313275E-04   4.99523070E-04
 Solver: fs        , Convection scheme: uds       
 RE=   1000.00000     , N=          64
 Selected Time scheme:            2
 DT=   7.49999983E-03
 Wall-clock time (s):    95.1184998    
Note: The following floating-point exceptions are signalling: IEEE_UNDERFLOW_FLAG
