 DT=?
          20        7903   9.99951153E-05   3.12594700       1.41410863    
          40        3342   9.99961630E-05   1.83964300       1.02636325    
          60        1240   9.99955228E-05   1.34096694      0.932843506    
          80        1035   9.99944095E-05   1.09914041      0.891887307    
         100        1101   9.99809345E-05  0.995431960      0.863743603    
         120         954   9.99800832E-05  0.953213930      0.841876507    
         140         764   9.99978365E-05  0.932386756      0.824546695    
         160         646   9.99843905E-05  0.918395638      0.810235918    
         180         589   9.99968106E-05  0.906420410      0.796829700    
         200         582   9.99880940E-05  0.893962979      0.783453047    
         220         609   9.99777403E-05  0.880242944      0.770001411    
         240         639   9.99691474E-05  0.865711808      0.755849421    
         260         658   9.99866679E-05  0.849414945      0.741065264    
         280         660   9.99843687E-05  0.831867218      0.725917757    
         300         655   9.99927652E-05  0.813304305      0.710414886    
         320         648   9.99683107E-05  0.793552518      0.694184303    
         340         633   9.99969998E-05  0.772916973      0.677560329    
         360         615   9.99815675E-05  0.751377225      0.660682917    
         380         601   9.99708063E-05  0.729070902      0.643414855    
         400         587   9.99685290E-05  0.706190705      0.626184583    
         420         561   9.99701588E-05  0.682788968      0.609036326    
         440         542   9.99792246E-05  0.658761501      0.592080832    
         460         521   9.99757322E-05  0.634380877      0.575274467    
         480         506   9.99807598E-05  0.609700203      0.558809936    
         500         496   9.99857730E-05  0.584965587      0.542775154    
         520         468   9.99965487E-05  0.560491443      0.526781380    
         540         440   9.99962867E-05  0.536257625      0.511095643    
         560         422   9.99874683E-05  0.512310505      0.495309412    
         580         401   9.99855692E-05  0.488998055      0.479354560    
         600         385   9.99920812E-05  0.466144651      0.463293344    
         620         368   9.99883778E-05  0.443889171      0.446836084    
         640         347   9.99739714E-05  0.422257394      0.430200964    
         660         332   9.99655749E-05  0.401265115      0.413208783    
         680         315   9.99834738E-05  0.380974114      0.396119952    
         700         300   9.99791591E-05  0.361444116      0.378834158    
         720         283   9.99789045E-05  0.342609555      0.361650705    
         740         268   9.99772528E-05  0.324641943      0.344469190    
         760         252   9.99905315E-05  0.307408273      0.327565134    
         780         241   9.99576732E-05  0.290857881      0.310887605    
         800         221   9.99855110E-05  0.275028020      0.294571161    
         820         209   9.99544500E-05  0.259941965      0.278673738    
         840         194   9.99755575E-05  0.245497197      0.263226449    
         860         181   9.99802796E-05  0.231664255      0.248368397    
         880         173   9.99786789E-05  0.218429849      0.234118119    
         900         172   9.99643162E-05  0.205799490      0.220477328    
         920         159   9.99579934E-05  0.193779692      0.207511172    
         940         150   9.99761687E-05  0.182352617      0.195240468    
         960         141   9.99694894E-05  0.171533167      0.183632270    
         980         129   9.99984477E-05  0.161313713      0.172669783    
        1000         120   9.99601471E-05  0.151651517      0.162359983    
        1020         111   9.99824479E-05  0.142531767      0.152676627    
        1040         105   9.99984404E-05  0.133928135      0.143582523    
        1060          94   9.99702752E-05  0.125800163      0.135042444    
        1080          93   9.99979165E-05  0.118097186      0.127024531    
        1100          87   9.99813929E-05  0.110816583      0.119469918    
        1120          87   9.99661206E-05  0.103905275      0.112355120    
        1140          80   9.99998956E-05   9.73613560E-02  0.105639122    
        1160          76   9.99778931E-05   9.11485404E-02   9.92945209E-02
        1180          70   9.99934418E-05   8.52629393E-02   9.32858810E-02
        1200          68   9.99641125E-05   7.96825066E-02   8.75917077E-02
        1220          66   9.99936383E-05   7.44039193E-02   8.21914002E-02
        1240          61   9.99655094E-05   6.94284216E-02   7.70565122E-02
        1260          53   9.99836266E-05   6.47527874E-02   7.21783340E-02
        1280          52   9.99602489E-05   6.03498444E-02   6.75512329E-02
        1300          49   9.99972908E-05   5.62310554E-02   6.31599203E-02
        1320          44   9.99962649E-05   5.23879826E-02   5.89984544E-02
        1340          38   9.99692493E-05   4.88068387E-02   5.50586618E-02
        1360          39   9.99583135E-05   4.54603881E-02   5.13404682E-02
        1380          37   9.99810072E-05   4.23482060E-02   4.78363186E-02
        1400          36   9.99797558E-05   3.94533388E-02   4.45452519E-02
        1420          37   9.99904805E-05   3.67590152E-02   4.14580107E-02
        1440          41   9.99777621E-05   3.42483707E-02   3.85749973E-02
        1460          41   9.99763142E-05   3.19213159E-02   3.58823687E-02
        1480          39   9.99641197E-05   2.97657158E-02   3.33826430E-02
        1500          34   9.99684926E-05   2.77672689E-02   3.10624223E-02
        1520          32   9.99641270E-05   2.59238817E-02   2.89188046E-02
        1540          30   9.99970871E-05   2.42229924E-02   2.69398037E-02
        1560          23   9.99902986E-05   2.26662215E-02   2.51133442E-02
        1580          18   9.99999393E-05   2.12320127E-02   2.34349295E-02
        1600          16   9.99873955E-05   1.99055150E-02   2.18961854E-02
        1620          22   9.99806434E-05   1.86740924E-02   2.04839893E-02
        1640          24   9.99719559E-05   1.75456218E-02   1.91792715E-02
        1660          25   9.99836775E-05   1.64964125E-02   1.79793052E-02
        1680          17   9.99953918E-05   1.55205149E-02   1.68691333E-02
        1700          11   9.99889307E-05   1.46009121E-02   1.58427320E-02
        1720           6   9.99872573E-05   1.37299895E-02   1.48943691E-02
        1740           9   9.99949407E-05   1.29031381E-02   1.40125277E-02
        1760           9   9.99894110E-05   1.21260043E-02   1.31874299E-02
        1780           8   9.99686163E-05   1.13924826E-02   1.24166720E-02
        1800          11   9.99704862E-05   1.06951632E-02   1.16931861E-02
        1820          14   9.99770200E-05   1.00358631E-02   1.10130692E-02
        1840          15   9.99926197E-05   9.41899698E-03   1.03712128E-02
        1860          14   9.99703334E-05   8.84153508E-03   9.76509880E-03
        1880          13   9.99706826E-05   8.30111094E-03   9.19220503E-03
        1900          12   9.99986732E-05   7.79688079E-03   8.65054503E-03
        1920          11   9.99582262E-05   7.33111892E-03   8.13638698E-03
        1940          14   9.99703261E-05   6.90593477E-03   7.65605085E-03
        1960          16   9.99999756E-05   6.52283384E-03   7.20010884E-03
        1980          10   9.99914701E-05   6.17305934E-03   6.77140290E-03
        2000           9   9.99704425E-05   5.84457535E-03   6.36908179E-03
        2020          13   9.99709082E-05   5.53388521E-03   5.99103188E-03
        2040          10   9.99820622E-05   5.24411350E-03   5.63507387E-03
        2060           8   9.99928234E-05   4.97023575E-03   5.29978145E-03
        2080           5   9.99714684E-05   4.71404754E-03   4.98881331E-03
        2100           8   9.99756157E-05   4.46930993E-03   4.69866581E-03
        2120          10   9.99741387E-05   4.23687045E-03   4.42778086E-03
        2140           4   9.99788317E-05   4.02005669E-03   4.17493982E-03
        2160           9   9.99969852E-05   3.81296617E-03   3.93967284E-03
        2180           3   9.99927579E-05   3.61970346E-03   3.72177293E-03
        2200           5   9.99932599E-05   3.43466667E-03   3.51870200E-03
        2220           4   9.99847471E-05   3.26188654E-03   3.32886307E-03
        2240           6   9.99779659E-05   3.09558935E-03   3.15233623E-03
        2260           7   9.99921467E-05   2.94057070E-03   2.98571214E-03
        2280           4   9.99734475E-05   2.79216841E-03   2.83094286E-03
        2300           7   9.99772601E-05   2.65191589E-03   2.68481951E-03
        2320           3   9.99758486E-05   2.51962477E-03   2.54805340E-03
        2340           5   9.99943950E-05   2.39207153E-03   2.41918513E-03
        2360           3   9.99849653E-05   2.27449439E-03   2.29828525E-03
        2380           3   9.99636613E-05   2.15755054E-03   2.18341383E-03
        2400           5   9.99823169E-05   2.05060863E-03   2.07438017E-03
        2420           6   9.99667100E-05   1.94930518E-03   1.97186461E-03
        2440           2   9.99938929E-05   1.85330561E-03   1.87242136E-03
        2460           3   9.99981130E-05   1.76214450E-03   1.78172090E-03
        2480           3   9.99732147E-05   1.67444535E-03   1.69379881E-03
        2500           3   9.99847107E-05   1.59305986E-03   1.60895928E-03
        2520           1   9.99765980E-05   1.51653425E-03   1.52899325E-03
        2540           3   9.99891927E-05   1.44244614E-03   1.45257916E-03
        2560           3   9.99824842E-05   1.37069356E-03   1.38031959E-03
        2580           3   9.99720287E-05   1.30553276E-03   1.31210906E-03
        2600           2   9.99949843E-05   1.24380481E-03   1.24843291E-03
        2620           3   9.99724871E-05   1.18586211E-03   1.18854444E-03
        2640           3   9.99669792E-05   1.12713547E-03   1.12846633E-03
        2660           1   9.99683834E-05   1.07358734E-03   1.07341597E-03
        2680           1   9.99856420E-05   1.02347520E-03   1.02043420E-03
        2700           2   9.99821932E-05   9.75720119E-04   9.72866372E-04
        2720           1   9.99898839E-05   9.29381233E-04   9.25127591E-04
        2740           1   9.99396216E-05   8.84570647E-04   8.79294123E-04
        2760           1   9.99752083E-05   8.45603296E-04   8.38053646E-04
        2780           2   9.99751283E-05   8.05312884E-04   7.98094261E-04
        2800           2   9.99588810E-05   7.70405692E-04   7.60876574E-04
        2820           1   9.99613912E-05   7.28996296E-04   7.22562370E-04
        2840           1   9.99868207E-05   6.98137446E-04   6.88863976E-04
        2860           1   9.99888507E-05   6.63139101E-04   6.55162905E-04
        2880           1   9.99864278E-05   6.32011506E-04   6.24545151E-04
        2900           1   9.99648764E-05   6.04344590E-04   5.94345387E-04
        2920           1   9.98476826E-05   5.76705905E-04   5.66124450E-04
        2940           1   9.99653057E-05   5.57161344E-04   5.42982307E-04
        2960           1   9.96790186E-05   5.28310076E-04   5.17265406E-04
        2980           1   9.86864616E-05   5.07365447E-04   4.96980210E-04
        2987           1   9.81283010E-05   4.99763177E-04   4.92671563E-04
 Solver: fs        , Convection scheme: uds       
 RE=   1000.00000     , N=          64
 Selected Time scheme:            2
 DT=   1.56250000E-02
 Wall-clock time (s):    142.694870    
Note: The following floating-point exceptions are signalling: IEEE_UNDERFLOW_FLAG
