 DT=?
          20         945   9.99917102E-05   2.41517019      0.989042103    
          40         377   9.99936601E-05   1.47291696      0.644038558    
          60         211   9.99907134E-05   1.08462942      0.511517942    
          80         147   9.99856566E-05  0.868722796      0.446492791    
         100         114   9.99585100E-05  0.731270075      0.410470039    
         120          96   9.99573531E-05  0.632969975      0.390083998    
         140          84   9.99070544E-05  0.560156822      0.376993299    
         160          77   9.98598771E-05  0.506104946      0.367714226    
         180          70   9.99502299E-05  0.465936661      0.361052185    
         200          66   9.99019830E-05  0.436663151      0.355170935    
         220          63   9.99310141E-05  0.415907621      0.350418687    
         240          60   9.98793403E-05  0.401844621      0.345737725    
         260          57   9.98475152E-05  0.391894132      0.341907769    
         280          54   9.99622134E-05  0.384661376      0.338181108    
         300          53   9.99558542E-05  0.379612058      0.335131496    
         320          51   9.99578697E-05  0.375790834      0.332132429    
         340          50   9.98414544E-05  0.372799158      0.329731226    
         360          48   9.99356125E-05  0.370553464      0.327181071    
         380          46   9.99604090E-05  0.368464589      0.324913889    
         400          46   9.99892509E-05  0.366359144      0.322838306    
         420          45   9.98753312E-05  0.364634991      0.320760071    
         440          44   9.99517943E-05  0.362752527      0.318746567    
         460          43   9.99069161E-05  0.360759556      0.316729516    
         480          44   9.98826727E-05  0.358846962      0.314705521    
         500          41   9.99648400E-05  0.356839269      0.312568575    
         520          42   9.98493342E-05  0.354670435      0.310458779    
         540          40   9.99941258E-05  0.352654576      0.308327377    
         560          41   9.99468903E-05  0.350362986      0.306232303    
         580          40   9.98659889E-05  0.348052889      0.303915530    
         600          39   9.99369804E-05  0.345639437      0.301675171    
         620          39   9.98979667E-05  0.343077958      0.299318761    
         640          37   9.99322510E-05  0.340552777      0.296974123    
         660          38   9.98519390E-05  0.337750494      0.294635266    
         680          38   9.98813630E-05  0.335091263      0.292242080    
         700          37   9.99327167E-05  0.332163066      0.289755106    
         720          35   9.99759650E-05  0.329294324      0.287351310    
         740          35   9.98953255E-05  0.326254904      0.284870565    
         760          35   9.99949116E-05  0.323248774      0.282289237    
         780          35   9.99050098E-05  0.320038885      0.279699355    
         800          33   9.99510230E-05  0.316914290      0.277108252    
         820          34   9.99076510E-05  0.313614756      0.274499655    
         840          33   9.99861877E-05  0.310369849      0.271847099    
         860          33   9.98727264E-05  0.306909055      0.269193530    
         880          32   9.99257682E-05  0.303552538      0.266508073    
         900          32   9.98785399E-05  0.300085396      0.263794214    
         920          30   9.98772666E-05  0.296551734      0.261024773    
         940          30   9.99066615E-05  0.293026984      0.258277863    
         960          30   9.99910262E-05  0.289364398      0.255530864    
         980          29   9.99852346E-05  0.285762489      0.252771050    
        1000          28   9.99945842E-05  0.282073617      0.250032037    
        1020          28   9.99680560E-05  0.278330088      0.247311339    
        1040          28   9.98630276E-05  0.274608582      0.244588614    
        1060          27   9.98734904E-05  0.270776749      0.241870925    
        1080          29   9.98664909E-05  0.266958147      0.239195049    
        1100          27   9.99175609E-05  0.263127416      0.236472979    
        1120          27   9.99210679E-05  0.259208947      0.233767614    
        1140          25   9.99995100E-05  0.255346328      0.231095225    
        1160          26   9.99163167E-05  0.251425534      0.228474215    
        1180          26   9.98648466E-05  0.247457013      0.225849763    
        1200          25   9.99307886E-05  0.243544012      0.223222107    
        1220          24   9.98874093E-05  0.239625558      0.220639840    
        1240          23   9.99368494E-05  0.235666171      0.218084008    
        1260          24   9.99248296E-05  0.231724560      0.215540558    
        1280          23   9.99475378E-05  0.227828518      0.212978810    
        1300          24   9.99118129E-05  0.223898336      0.210460991    
        1320          22   9.99002878E-05  0.219997615      0.207964659    
        1340          22   9.99676704E-05  0.216138750      0.205459669    
        1360          22   9.98710893E-05  0.212307885      0.202929080    
        1380          22   9.98654068E-05  0.208472893      0.200405195    
        1400          21   9.99105687E-05  0.204665378      0.197898179    
        1420          21   9.99040785E-05  0.200937346      0.195374757    
        1440          21   9.99115073E-05  0.197203830      0.192828298    
        1460          20   9.98689866E-05  0.193502426      0.190246761    
        1480          19   9.99481563E-05  0.189849302      0.187683657    
        1500          19   9.99148979E-05  0.186233163      0.185113385    
        1520          19   9.99816621E-05  0.182671458      0.182508096    
        1540          20   9.99043259E-05  0.179109961      0.179865137    
        1560          19   9.98645337E-05  0.175574899      0.177227437    
        1580          17   9.99624390E-05  0.172127217      0.174568266    
        1600          17   9.99772019E-05  0.168712676      0.171896741    
        1620          17   9.99382028E-05  0.165335059      0.169194013    
        1640          16   9.99127078E-05  0.161986753      0.166466147    
        1660          17   9.98696778E-05  0.158669472      0.163760930    
        1680          17   9.99334152E-05  0.155412227      0.161030948    
        1700          17   9.99190161E-05  0.152218252      0.158297494    
        1720          16   9.99107142E-05  0.149073109      0.155537024    
        1740          15   9.99318872E-05  0.145972952      0.152765796    
        1760          14   9.99684271E-05  0.142910555      0.150015816    
        1780          14   9.99755139E-05  0.139889240      0.147278592    
        1800          14   9.98777541E-05  0.136905789      0.144536361    
        1820          13   9.99414406E-05  0.133988991      0.141785547    
        1840          14   9.99743570E-05  0.131133780      0.139042720    
        1860          13   9.99746990E-05  0.128335759      0.136320665    
        1880          13   9.98663236E-05  0.125566363      0.133619770    
        1900          14   9.98684773E-05  0.122840405      0.130937099    
        1920          12   9.99679905E-05  0.120179236      0.128255203    
        1940          12   9.98979958E-05  0.117539756      0.125600830    
        1960          12   9.99758850E-05  0.114945844      0.122958183    
        1980          13   9.99264594E-05  0.112394601      0.120350674    
        2000          12   9.99313052E-05  0.109907925      0.117768496    
        2020          11   9.99253243E-05  0.107470959      0.115206972    
        2040          10   9.99331824E-05  0.105074137      0.112675391    
        2060          11   9.98550022E-05  0.102704130      0.110177577    
        2080          12   9.98600226E-05  0.100380413      0.107704781    
        2100          11   9.99727563E-05   9.81124565E-02  0.105253324    
        2120          10   9.99026670E-05   9.58750844E-02  0.102849744    
        2140          10   9.99012263E-05   9.36708823E-02  0.100491501    
        2160          10   9.99563708E-05   9.15084034E-02   9.81640294E-02
        2180           9   9.99171680E-05   8.93839300E-02   9.58776325E-02
        2200           9   9.99344411E-05   8.72980654E-02   9.36327428E-02
        2220           9   9.99179683E-05   8.52513909E-02   9.14223939E-02
        2240           8   9.99817639E-05   8.32526460E-02   8.92445445E-02
        2260           8   9.99806070E-05   8.12815949E-02   8.71152282E-02
        2280           9   9.99252443E-05   7.93422982E-02   8.50391686E-02
        2300           8   9.99578260E-05   7.74549320E-02   8.29994529E-02
        2320           9   9.98945761E-05   7.55882710E-02   8.10102448E-02
        2340           7   9.99199328E-05   7.37792253E-02   7.90553391E-02
        2360           7   9.99763142E-05   7.20041394E-02   7.71456584E-02
        2380           7   9.99462209E-05   7.02634454E-02   7.52808377E-02
        2400           8   9.98782343E-05   6.85486421E-02   7.34632239E-02
        2420           7   9.99619078E-05   6.68940619E-02   7.16756210E-02
        2440           8   9.99781114E-05   6.52649552E-02   6.99341446E-02
        2460           8   9.99606636E-05   6.36725947E-02   6.82347491E-02
        2480           7   9.99320036E-05   6.21193424E-02   6.65750057E-02
        2500           7   9.99217591E-05   6.06017634E-02   6.49551675E-02
        2520           7   9.98665855E-05   5.91121949E-02   6.33784309E-02
        2540           7   9.99813565E-05   5.76684996E-02   6.18355498E-02
        2560           6   9.99112453E-05   5.62527627E-02   6.03345633E-02
        2580           5   9.99704425E-05   5.48740551E-02   5.88671602E-02
        2600           7   9.98799514E-05   5.35086691E-02   5.74487932E-02
        2620           6   9.99682670E-05   5.21912090E-02   5.60518503E-02
        2640           6   9.99141557E-05   5.08970022E-02   5.46946675E-02
        2660           5   9.99671465E-05   4.96366620E-02   5.33665866E-02
        2680           5   9.99444746E-05   4.84008789E-02   5.20764776E-02
        2700           5   9.98671385E-05   4.71870713E-02   5.08156978E-02
        2720           5   9.99165786E-05   4.60092910E-02   4.95817587E-02
        2740           5   9.99986150E-05   4.48506176E-02   4.83821779E-02
        2760           5   9.99347321E-05   4.37160209E-02   4.72097509E-02
        2780           6   9.99299155E-05   4.26022746E-02   4.60659750E-02
        2800           4   9.99075273E-05   4.15208191E-02   4.49447259E-02
        2820           4   9.99578115E-05   4.04608510E-02   4.38489951E-02
        2840           5   9.98852847E-05   3.94129604E-02   4.27859947E-02
        2860           5   9.98997712E-05   3.83955687E-02   4.17420603E-02
        2880           5   9.99294280E-05   3.73989455E-02   4.07194532E-02
        2900           5   9.99261829E-05   3.64238992E-02   3.97199057E-02
        2920           5   9.99480544E-05   3.54693979E-02   3.87430787E-02
        2940           4   9.99137264E-05   3.45364809E-02   3.77874337E-02
        2960           5   9.98768301E-05   3.36136408E-02   3.68556753E-02
        2980           3   9.99927652E-05   3.27354819E-02   3.59332860E-02
        3000           4   9.99921249E-05   3.18541080E-02   3.50387618E-02
        3020           4   9.98795877E-05   3.09944078E-02   3.41628417E-02
        3040           4   9.98984542E-05   3.01584341E-02   3.33008952E-02
        3060           4   9.99796830E-05   2.93422490E-02   3.24599594E-02
        3080           4   9.99176627E-05   2.85399128E-02   3.16373371E-02
        3100           3   9.99978947E-05   2.77674720E-02   3.08261439E-02
        3120           2   9.99822078E-05   2.70095803E-02   3.00339554E-02
        3140           3   9.99693148E-05   2.62644775E-02   2.92615779E-02
        3160           4   9.99075783E-05   2.55283155E-02   2.85058897E-02
        3180           3   9.99157492E-05   2.48280652E-02   2.77594775E-02
        3200           3   9.99919212E-05   2.41412017E-02   2.70310491E-02
        3220           4   9.99146359E-05   2.34635081E-02   2.63207369E-02
        3240           3   9.99417898E-05   2.28132084E-02   2.56227106E-02
        3260           2   9.99897456E-05   2.21881289E-02   2.49370169E-02
        3280           2   9.98888063E-05   2.15619933E-02   2.42715888E-02
        3300           3   9.99862168E-05   2.09622551E-02   2.36170050E-02
        3320           3   9.99567492E-05   2.03744303E-02   2.29781270E-02
        3340           2   9.99874464E-05   1.98114831E-02   2.23518051E-02
        3360           3   9.99218682E-05   1.92522500E-02   2.17435751E-02
        3380           2   9.98784817E-05   1.87145006E-02   2.11452302E-02
        3400           3   9.98777759E-05   1.81922261E-02   2.05618124E-02
        3420           2   9.99981421E-05   1.76911019E-02   1.99900437E-02
        3440           2   9.99619733E-05   1.71931963E-02   1.94357261E-02
        3460           3   9.99141266E-05   1.67074837E-02   1.88931786E-02
        3480           3   9.99935510E-05   1.62484795E-02   1.83620676E-02
        3500           3   9.99142794E-05   1.57913640E-02   1.78491138E-02
        3520           3   9.99743643E-05   1.53535539E-02   1.73447784E-02
        3540           2   9.99769982E-05   1.49311563E-02   1.68521460E-02
        3560           3   9.98900287E-05   1.45111848E-02   1.63795538E-02
        3580           2   9.99172480E-05   1.41112311E-02   1.59130525E-02
        3600           3   9.99109616E-05   1.37156025E-02   1.54636335E-02
        3620           2   9.99585391E-05   1.33398613E-02   1.50228394E-02
        3640           2   9.99254480E-05   1.29687553E-02   1.45958206E-02
        3660           2   9.98871328E-05   1.26086501E-02   1.41801452E-02
        3680           2   9.99082331E-05   1.22610452E-02   1.37788784E-02
        3700           1   9.99895055E-05   1.19334990E-02   1.33842938E-02
        3720           2   9.99835975E-05   1.16006155E-02   1.30062243E-02
        3740           1   9.99926924E-05   1.12854345E-02   1.26362452E-02
        3760           3   9.98921460E-05   1.09679643E-02   1.22815343E-02
        3780           3   9.98821051E-05   1.06714703E-02   1.19352276E-02
        3800           1   9.99660697E-05   1.03926947E-02   1.15970038E-02
        3820           1   9.99088224E-05   1.01090334E-02   1.12753715E-02
        3840           2   9.98895557E-05   9.83457733E-03   1.09606367E-02
        3860           2   9.99588592E-05   9.57434531E-03   1.06565207E-02
        3880           1   9.99617405E-05   9.32489615E-03   1.03596719E-02
        3900           2   9.99781114E-05   9.07817110E-03   1.00753102E-02
        3920           1   9.99638141E-05   8.84369202E-03   9.79879312E-03
        3940           1   9.99767581E-05   8.61780718E-03   9.53080691E-03
        3960           1   9.99191834E-05   8.39537196E-03   9.27301124E-03
        3980           2   9.98935284E-05   8.17477796E-03   9.02492926E-03
        4000           1   9.99381664E-05   7.97132030E-03   8.78295209E-03
        4020           1   9.98981923E-05   7.76968803E-03   8.54866020E-03
        4040           2   9.99332769E-05   7.57136755E-03   8.32351577E-03
        4060           2   9.99161493E-05   7.38368928E-03   8.10642540E-03
        4080           1   9.98292890E-05   7.20190629E-03   7.89471623E-03
        4100           1   9.98328833E-05   7.02513289E-03   7.69001944E-03
        4120           1   9.97720781E-05   6.85662823E-03   7.49332597E-03
        4140           1   9.97010502E-05   6.68621482E-03   7.30234850E-03
        4160           1   9.98897231E-05   6.52753050E-03   7.11558992E-03
        4180           1   9.97231036E-05   6.36916142E-03   6.93489052E-03
        4200           1   9.92076311E-05   6.20912015E-03   6.76505966E-03
        4220           1   9.86461455E-05   6.05931506E-03   6.59829378E-03
        4240           1   9.80013647E-05   5.91181125E-03   6.43571978E-03
        4260           1   9.65949512E-05   5.76506369E-03   6.28080498E-03
        4280           1   9.42458137E-05   5.62176667E-03   6.13204623E-03
        4300           1   9.12749892E-05   5.48288273E-03   5.99008333E-03
        4320           1   8.82021050E-05   5.35185076E-03   5.84791787E-03
        4340           1   8.53086385E-05   5.22329891E-03   5.71136549E-03
        4360           1   8.28035409E-05   5.10042394E-03   5.57703152E-03
        4380           1   8.08680488E-05   4.97688213E-03   5.44403214E-03
        4400           1   7.96146123E-05   4.85760020E-03   5.31090284E-03
        4420           1   7.89058322E-05   4.74092318E-03   5.18109137E-03
        4440           1   7.83011565E-05   4.62553324E-03   5.05542057E-03
        4460           1   7.74247601E-05   4.51263273E-03   4.93511837E-03
        4480           1   7.59711402E-05   4.40462865E-03   4.82054567E-03
        4500           1   7.40302858E-05   4.29774076E-03   4.71063051E-03
        4520           1   7.17536823E-05   4.19494743E-03   4.60605184E-03
        4540           1   6.93513502E-05   4.09501465E-03   4.50105965E-03
        4560           1   6.71825619E-05   3.99933849E-03   4.39680880E-03
        4580           1   6.54853284E-05   3.90082365E-03   4.29772073E-03
        4600           1   6.43284438E-05   3.80739314E-03   4.19687340E-03
        4620           1   6.36321129E-05   3.71546508E-03   4.10008710E-03
        4640           1   6.30748764E-05   3.62266717E-03   4.00422560E-03
        4660           1   6.24566892E-05   3.53290373E-03   3.91095597E-03
        4680           1   6.15285899E-05   3.44685558E-03   3.82062164E-03
        4700           1   6.02423897E-05   3.36500234E-03   3.73210688E-03
        4720           1   5.86263996E-05   3.28540942E-03   3.64650600E-03
        4740           1   5.67871466E-05   3.21380096E-03   3.56146973E-03
        4760           1   5.50157420E-05   3.14366631E-03   3.47611937E-03
        4780           1   5.35198815E-05   3.07540130E-03   3.39356414E-03
        4800           1   5.24203242E-05   3.01131280E-03   3.31169437E-03
        4820           1   5.16348628E-05   2.94389133E-03   3.23035009E-03
        4840           1   5.11234139E-05   2.87937419E-03   3.15409922E-03
        4860           1   5.06136385E-05   2.81785615E-03   3.07882205E-03
        4880           1   4.99714479E-05   2.75701843E-03   3.00967949E-03
        4900           1   4.91089195E-05   2.69845268E-03   2.94175046E-03
        4920           1   4.79964910E-05   2.64235353E-03   2.87565682E-03
        4940           1   4.66879937E-05   2.58854683E-03   2.81266100E-03
        4960           1   4.53475877E-05   2.53581605E-03   2.74763466E-03
        4980           1   4.41127668E-05   2.48459703E-03   2.68274662E-03
        5000           1   4.31254703E-05   2.43435660E-03   2.61844439E-03
        5020           1   4.24228201E-05   2.38533621E-03   2.55625462E-03
        5040           1   4.18784657E-05   2.33785482E-03   2.49536312E-03
        5060           1   4.14090428E-05   2.29035388E-03   2.43370305E-03
        5080           1   4.09439162E-05   2.24391185E-03   2.37442157E-03
        5100           1   4.03003360E-05   2.19798228E-03   2.31861160E-03
        5120           1   3.94561393E-05   2.15512281E-03   2.26614391E-03
        5140           1   3.84421801E-05   2.11210735E-03   2.21535470E-03
        5160           1   3.73667681E-05   2.07244093E-03   2.16613756E-03
        5180           1   3.62948958E-05   2.03045993E-03   2.11694697E-03
        5200           1   3.54011063E-05   1.99052831E-03   2.07007932E-03
        5220           1   3.46770103E-05   1.95032172E-03   2.02208362E-03
        5240           1   3.42096864E-05   1.91007298E-03   1.97740435E-03
        5260           1   3.38425525E-05   1.87279377E-03   1.93358527E-03
        5280           1   3.34722026E-05   1.83616485E-03   1.89172430E-03
        5300           1   3.30525399E-05   1.79897272E-03   1.85113808E-03
        5320           1   3.24891698E-05   1.76292867E-03   1.81074382E-03
        5340           1   3.17963932E-05   1.73026661E-03   1.77316042E-03
        5360           1   3.10252071E-05   1.69900118E-03   1.73356081E-03
        5380           1   3.02413137E-05   1.66610640E-03   1.69802352E-03
        5400           1   2.95271675E-05   1.63693307E-03   1.66188041E-03
        5420           1   2.88772262E-05   1.60556845E-03   1.62583031E-03
        5440           1   2.84240268E-05   1.57234981E-03   1.59077917E-03
        5460           1   2.80341301E-05   1.54265400E-03   1.55736704E-03
        5480           1   2.76965657E-05   1.51338894E-03   1.52650883E-03
        5500           1   2.73184705E-05   1.48131803E-03   1.49507704E-03
        5520           1   2.68505446E-05   1.45176577E-03   1.46650244E-03
        5540           1   2.62437825E-05   1.42438395E-03   1.43803610E-03
        5560           1   2.56115418E-05   1.39786408E-03   1.41001958E-03
        5580           1   2.49321365E-05   1.37086643E-03   1.38318131E-03
        5600           1   2.43097093E-05   1.34612410E-03   1.35671312E-03
        5620           1   2.37203785E-05   1.32165290E-03   1.33056333E-03
        5640           1   2.33135543E-05   1.29796250E-03   1.30355486E-03
        5660           1   2.29888919E-05   1.27467909E-03   1.27800088E-03
        5680           1   2.27242563E-05   1.24885549E-03   1.25387742E-03
        5700           1   2.24516898E-05   1.22686021E-03   1.23011076E-03
        5720           1   2.21374466E-05   1.20315305E-03   1.20505516E-03
        5740           1   2.17659654E-05   1.18213135E-03   1.18356093E-03
        5760           1   2.13276253E-05   1.15955935E-03   1.16249803E-03
        5780           1   2.08087076E-05   1.13807188E-03   1.14053651E-03
        5800           1   2.03425843E-05   1.11618917E-03   1.12154114E-03
        5820           1   1.99051810E-05   1.09641964E-03   1.10183004E-03
        5840           1   1.95568537E-05   1.07419409E-03   1.08046550E-03
        5860           1   1.92544430E-05   1.05481280E-03   1.06019247E-03
        5880           1   1.90152641E-05   1.03331509E-03   1.04177394E-03
        5900           1   1.87791120E-05   1.01545628E-03   1.02155400E-03
        5920           1   1.84630335E-05   9.95408511E-04   1.00168341E-03
        5940           1   1.81270043E-05   9.76883224E-04   9.82437283E-04
        5960           1   1.77069414E-05   9.60220350E-04   9.64361243E-04
        5980           1   1.72885811E-05   9.40775615E-04   9.46752436E-04
        6000           1   1.68461884E-05   9.24685912E-04   9.28816851E-04
        6020           1   1.64742087E-05   9.09258612E-04   9.12027026E-04
        6040           1   1.61508506E-05   8.94940691E-04   8.93823279E-04
        6060           1   1.58801377E-05   8.78519262E-04   8.77153419E-04
        6080           1   1.56803635E-05   8.61149980E-04   8.60114873E-04
        6100           1   1.54557165E-05   8.45684786E-04   8.44685244E-04
        6120           1   1.52898647E-05   8.30201432E-04   8.29902187E-04
        6140           1   1.50416317E-05   8.15466396E-04   8.15388048E-04
        6160           1   1.47885639E-05   7.98645080E-04   8.00795737E-04
        6180           1   1.44631113E-05   7.84929493E-04   7.87125377E-04
        6200           1   1.41801720E-05   7.71377352E-04   7.73533131E-04
        6220           1   1.39303720E-05   7.55899469E-04   7.57490634E-04
        6240           1   1.36816188E-05   7.43531447E-04   7.45037454E-04
        6260           1   1.34359507E-05   7.29097403E-04   7.30036991E-04
        6280           1   1.32427713E-05   7.16089620E-04   7.17029441E-04
        6300           1   1.30381468E-05   7.03647616E-04   7.03277357E-04
        6320           1   1.28661904E-05   6.91382214E-04   6.89577893E-04
        6340           1   1.26307832E-05   6.77736592E-04   6.76039374E-04
        6360           1   1.23724303E-05   6.67899847E-04   6.64494117E-04
        6380           1   1.21069597E-05   6.54238625E-04   6.50616072E-04
        6400           1   1.18584485E-05   6.43925974E-04   6.40641141E-04
        6420           1   1.16056908E-05   6.33029209E-04   6.28868933E-04
        6440           1   1.13471779E-05   6.21618354E-04   6.17707090E-04
        6460           1   1.11603404E-05   6.10479619E-04   6.05740410E-04
        6480           1   1.09841285E-05   6.00105908E-04   5.95226360E-04
        6500           1   1.08262548E-05   5.87853254E-04   5.84563822E-04
        6520           1   1.07072156E-05   5.77948405E-04   5.73518861E-04
        6540           1   1.05600075E-05   5.66774106E-04   5.63013426E-04
        6560           1   1.04228993E-05   5.55625185E-04   5.52718935E-04
        6580           1   1.02286313E-05   5.49483695E-04   5.43774571E-04
        6600           1   1.00197067E-05   5.36599895E-04   5.34492952E-04
        6620           1   9.82764050E-06   5.29766199E-04   5.24537289E-04
        6640           1   9.63238654E-06   5.18119778E-04   5.14237792E-04
        6660           1   9.46207638E-06   5.09038509E-04   5.05627075E-04
        6680           1   9.29956332E-06   5.00853756E-04   4.96481429E-04
        6682           1   9.27788733E-06   4.99700429E-04   4.95381129E-04
 Solver: fs        , Convection scheme: uds       
 RE=   1000.00000     , N=          64
 Selected Time scheme:            1
 DT=   6.25000009E-03
 Wall-clock time (s):    29.4673786    
Note: The following floating-point exceptions are signalling: IEEE_UNDERFLOW_FLAG
