 DT=?
          20        1635   9.99989061E-05   3.23817563       1.51045561    
          40         755   9.99858894E-05   1.89314771       1.13751543    
          60         519   9.99853000E-05   1.38792419       1.04806733    
          80         414   9.99962504E-05   1.17780685       1.00432956    
         100         363   9.99582408E-05   1.10384107      0.972647071    
         120         335   9.99911717E-05   1.07349288      0.950142980    
         140         318   9.99640324E-05   1.05590630      0.931496263    
         160         304   9.99493641E-05   1.04015958      0.914514840    
         180         292   9.99758631E-05   1.02308774      0.896904111    
         200         281   9.99341646E-05   1.00502181      0.878776312    
         220         271   9.99708427E-05  0.984269679      0.859465003    
         240         262   9.99654294E-05  0.961329103      0.839478731    
         260         253   9.99005424E-05  0.936875522      0.818893731    
         280         243   9.99641707E-05  0.910729647      0.797349751    
         300         235   9.99307958E-05  0.882975936      0.775241613    
         320         226   9.99355834E-05  0.854342163      0.752628922    
         340         218   9.99858967E-05  0.824550390      0.729778290    
         360         210   9.99717377E-05  0.793820262      0.707080364    
         380         202   9.99123658E-05  0.762232959      0.684573650    
         400         194   9.99918557E-05  0.729955554      0.662214756    
         420         187   9.99356416E-05  0.697283387      0.640383065    
         440         178   9.99514959E-05  0.664813876      0.619381905    
         460         172   9.99053009E-05  0.632334352      0.598385811    
         480         163   9.99522454E-05  0.600510955      0.577402234    
         500         156   9.98787727E-05  0.569428086      0.556571603    
         520         148   9.99572876E-05  0.538979352      0.535233617    
         540         141   9.98845135E-05  0.509477556      0.513378620    
         560         133   9.99592594E-05  0.481097043      0.491491497    
         580         127   9.99551776E-05  0.453486174      0.468886942    
         600         120   9.99850963E-05  0.427155763      0.446144402    
         620         114   9.99118929E-05  0.401744694      0.423254520    
         640         107   9.98586693E-05  0.377780676      0.400676459    
         660         101   9.99387266E-05  0.354816765      0.378172874    
         680          96   9.98586038E-05  0.332868874      0.356022388    
         700          90   9.99132681E-05  0.312317401      0.334790111    
         720          84   9.98964388E-05  0.292518169      0.313824177    
         740          78   9.99723561E-05  0.273701161      0.293580770    
         760          75   9.99935801E-05  0.256012380      0.274622887    
         780          71   9.99130716E-05  0.239614084      0.256841481    
         800          66   9.99606564E-05  0.223438576      0.239406511    
         820          63   9.98577889E-05  0.208137721      0.222990066    
         840          60   9.98476316E-05  0.193902433      0.207720086    
         860          56   9.99737895E-05  0.180561736      0.193426415    
         880          52   9.99826079E-05  0.168514758      0.180608034    
         900          49   9.99649928E-05  0.157242224      0.168672815    
         920          48   9.98705000E-05  0.146347359      0.157258824    
         940          45   9.99466938E-05  0.135608286      0.146036297    
         960          42   9.99612748E-05  0.126218975      0.136350811    
         980          39   9.99560507E-05  0.118048795      0.127873242    
        1000          38   9.99448675E-05  0.108596377      0.118196137    
        1020          34   9.99504846E-05  0.100767247      0.110192180    
        1040          33   9.99849726E-05   9.34590921E-02  0.102754459    
        1060          31   9.99792319E-05   8.63934904E-02   9.55299810E-02
        1080          28   9.99722470E-05   8.02933276E-02   8.92174914E-02
        1100          28   9.99490221E-05   7.40757138E-02   8.27133432E-02
        1120          26   9.99131516E-05   6.77828863E-02   7.61058852E-02
        1140          23   9.99367257E-05   6.30002171E-02   7.08788037E-02
        1160          22   9.99574404E-05   5.75278141E-02   6.49522170E-02
        1180          21   9.99833646E-05   5.28945327E-02   5.98319396E-02
        1200          20   9.99784315E-05   4.95194122E-02   5.59920967E-02
        1220          19   9.99293188E-05   4.67514805E-02   5.27120233E-02
        1240          16   9.99482581E-05   4.38712314E-02   4.92925346E-02
        1260          15   9.99425683E-05   4.01528403E-02   4.50472645E-02
        1280          15   9.99899858E-05   3.75389606E-02   4.19563316E-02
        1300          14   9.99736294E-05   3.35024782E-02   3.74584012E-02
        1320          13   9.99278127E-05   3.13070342E-02   3.48524526E-02
        1340          12   9.99998883E-05   2.82383263E-02   3.14462297E-02
        1360          11   9.99013864E-05   2.85692010E-02   3.14071327E-02
        1380          11   9.99666954E-05   2.42212024E-02   2.67358217E-02
        1400          10   9.99537224E-05   2.30576918E-02   2.53080726E-02
        1420          10   9.98890682E-05   2.14288905E-02   2.34459173E-02
        1440           9   9.99931726E-05   2.00544968E-02   2.18483265E-02
        1460          10   9.98812538E-05   1.91688593E-02   2.08187550E-02
        1480           8   9.99989061E-05   1.95977893E-02   2.11092290E-02
        1500           7   9.99183394E-05   1.83026474E-02   1.96589697E-02
        1520           6   9.98919641E-05   1.49526363E-02   1.62257645E-02
        1540           7   9.99561526E-05   1.39652099E-02   1.52120255E-02
        1560           6   9.99681070E-05   1.36458063E-02   1.48565155E-02
        1580           5   9.99917465E-05   1.37115838E-02   1.48871187E-02
        1600           5   9.98033647E-05   1.39015820E-02   1.50246453E-02
        1620           6   9.99367112E-05   1.11241331E-02   1.21808322E-02
        1640           4   9.98568939E-05   1.07664289E-02   1.18168266E-02
        1660           5   9.95305818E-05   1.02089578E-02   1.11890482E-02
        1680           4   9.84888829E-05   1.03172986E-02   1.12519506E-02
        1700           4   9.99359327E-05   9.89559852E-03   1.07427603E-02
        1720           4   9.79099641E-05   1.05412845E-02   1.12871202E-02
        1740           3   9.97514289E-05   1.18991099E-02   1.24924276E-02
        1760           2   9.97345633E-05   9.14797280E-03   9.63753741E-03
        1780           3   9.80003679E-05   8.76593869E-03   9.17487964E-03
        1800           3   9.80848563E-05   9.43912938E-03   9.75412782E-03
        1820           4   9.94663787E-05   1.17751053E-02   1.20211467E-02
        1840           2   9.22694016E-05   8.25578161E-03   8.34346190E-03
        1860           5   9.82045312E-05   1.69429276E-02   1.70665197E-02
        1880           2   9.95294540E-05   1.63266640E-02   1.60825513E-02
        1900           2   9.72301204E-05   1.60416570E-02   1.58777870E-02
        1920           3   9.94802176E-05   8.20103288E-03   8.23645014E-03
        1940           3   9.24848064E-05   1.03492001E-02   1.02610718E-02
        1960           1   8.99001243E-05   6.31710934E-03   5.73370652E-03
        1980           3   9.85683509E-05   5.94026549E-03   5.79895917E-03
        2000           4   9.42199258E-05   1.54743399E-02   1.55724166E-02
        2020           3   7.94486550E-05   2.06997320E-02   2.06340961E-02
        2040           2   8.21936555E-05   1.13950446E-02   1.04289837E-02
        2060           2   9.11353054E-05   1.38202338E-02   1.36710722E-02
        2080           3   9.46503278E-05   1.22029549E-02   1.20409708E-02
        2100           3   9.69635876E-05   1.62708983E-02   1.60890594E-02
        2120           1   9.93589201E-05   1.04389265E-02   9.33719706E-03
        2140           3   8.26400719E-05   1.53099392E-02   1.50902187E-02
        2160           4   9.72388661E-05   3.33558396E-02   3.32997590E-02
        2180           1   6.91847235E-05   4.67912992E-03   4.29741619E-03
        2200           1   9.19507002E-05   6.69403654E-03   6.04860112E-03
        2220           2   9.82652709E-05   7.92283565E-03   7.57568143E-03
        2240           2   9.28283553E-05   7.71511300E-03   7.45757762E-03
        2260           3   8.67755953E-05   1.99894719E-02   2.00450867E-02
        2280           1   8.38667183E-05   1.25097623E-02   1.18220970E-02
        2300           1   8.40309804E-05   8.91175680E-03   7.41460174E-03
        2320           4   9.20672683E-05   3.19213420E-02   3.20025831E-02
        2340           5   8.71781449E-05   5.42528853E-02   5.38661145E-02
        2360           1   7.41441618E-05   1.05480421E-02   9.52039752E-03
        2380           1   8.49573844E-05   9.00157541E-03   7.38066481E-03
        2400           2   9.57726297E-05   1.46421613E-02   1.41514372E-02
        2420           3   8.81122469E-05   1.55276442E-02   1.55322542E-02
        2440           1   9.94965449E-05   1.06749907E-02   1.00218318E-02
        2460           1   8.87371643E-05   1.06617706E-02   9.13467631E-03
        2480           2   9.14154080E-05   1.35968151E-02   1.30705032E-02
        2500           2   9.08953807E-05   1.62876025E-02   1.57973580E-02
        2520           4   8.71788725E-05   3.81987132E-02   3.82861830E-02
        2540           1   7.72073690E-05   1.05016986E-02   9.09142010E-03
        2560           1   8.94672557E-05   1.05122598E-02   9.68479179E-03
        2580           2   9.37868099E-05   1.64777450E-02   1.57609507E-02
        2600           3   9.14065749E-05   3.12867947E-02   3.09701972E-02
        2620           1   6.49860740E-05   6.08159881E-03   5.23673277E-03
        2640           1   5.19750683E-05   4.18872945E-03   3.39533668E-03
        2660           3   8.58880667E-05   2.30206549E-02   2.27570273E-02
        2680           3   7.84135045E-05   1.88556146E-02   1.82813406E-02
        2700           2   8.57682753E-05   1.77648477E-02   1.71035975E-02
        2720           2   8.43162416E-05   1.75854005E-02   1.70359910E-02
        2740           1   7.91525817E-05   1.05432412E-02   8.82422179E-03
        2760           2   8.51873119E-05   1.43464487E-02   1.37112718E-02
        2780           3   9.41132384E-05   3.37645784E-02   3.35353538E-02
        2800           2   7.95012529E-05   2.23002769E-02   2.18374692E-02
        2820           1   8.29943383E-05   1.02893766E-02   8.43196083E-03
        2840           2   8.18712288E-05   1.51920673E-02   1.45359505E-02
        2860           4   8.07095348E-05   4.32075784E-02   4.32371013E-02
        2880           3   8.81521555E-05   3.78304943E-02   3.76670286E-02
        2900           1   8.54545942E-05   1.26917306E-02   1.11886496E-02
        2920           1   7.36215734E-05   8.60157982E-03   7.02436781E-03
        2940           4   9.69176763E-05   4.98439148E-02   4.97057624E-02
        2960           2   7.55952133E-05   1.81570388E-02   1.76750030E-02
        2980           2   7.38606905E-05   1.73982605E-02   1.67100821E-02
        3000           1   4.60734373E-05   5.80527820E-03   4.87245619E-03
        3020           2   8.01043425E-05   1.44410953E-02   1.38785169E-02
        3040           2   8.84380061E-05   1.98925920E-02   1.90056972E-02
        3060           3   8.63262685E-05   2.78057847E-02   2.76961252E-02
        3080           1   9.79940814E-05   1.53333712E-02   1.44903483E-02
        3100           1   8.76834238E-05   9.79950558E-03   7.70140113E-03
        3120           2   8.85908521E-05   1.23675633E-02   1.12960860E-02
        3140           3   8.57946143E-05   3.18366922E-02   3.13710049E-02
        3160           1   9.96363233E-05   1.37338145E-02   1.20626595E-02
        3180           1   4.30355285E-05   5.12098800E-03   4.06192802E-03
        3200           3   7.93176878E-05   2.33076476E-02   2.30573975E-02
        3220           4   9.15569617E-05   4.78355102E-02   4.76147197E-02
        3240           2   8.40860666E-05   2.31241100E-02   2.26857699E-02
        3260           1   5.75224112E-05   7.04004196E-03   5.83162438E-03
        3280           2   7.82111019E-05   1.71533469E-02   1.65422224E-02
        3300           2   7.28104060E-05   1.26711605E-02   1.12631135E-02
        3320           3   9.73713177E-05   2.98060924E-02   2.94723753E-02
        3340           3   9.72685957E-05   3.85770500E-02   3.85475904E-02
        3360           1   8.48862474E-05   1.26946419E-02   1.08795268E-02
        3380           1   3.91060894E-05   3.45125189E-03   2.90366053E-03
        3400           3   9.08589573E-05   3.26512940E-02   3.23709138E-02
        3420           5   7.09713058E-05   5.74327521E-02   5.76373152E-02
        3440           1   7.93838917E-05   1.54365245E-02   1.43603589E-02
        3460           1   7.82590796E-05   8.29326455E-03   6.67193905E-03
        3480           3   8.09535704E-05   2.34605148E-02   2.32066978E-02
        3500           3   9.64948631E-05   4.15734276E-02   4.15882841E-02
        3520           1   8.51131335E-05   1.04129585E-02   8.34549125E-03
        3540           1   6.17710539E-05   8.51410627E-03   6.98936591E-03
        3560           2   8.77596030E-05   1.52546763E-02   1.42412502E-02
        3580           6   7.51738407E-05   9.26862210E-02   9.27115902E-02
        3600           3   9.65439103E-05   4.29453477E-02   4.27760854E-02
        3620           1   8.15353560E-05   1.01228748E-02   8.25656392E-03
        3640           1   9.06660134E-05   1.27543425E-02   1.11314878E-02
        3660           4   8.57866398E-05   4.54270653E-02   4.53083552E-02
        3680           4   8.49516364E-05   5.59067950E-02   5.58323637E-02
        3700           1   3.94947238E-05   6.80944463E-03   5.87570667E-03
        3720           2   7.61785268E-05   1.23177581E-02   1.09763183E-02
        3740           2   9.81361009E-05   2.62676105E-02   2.57834010E-02
        3760           3   8.76505219E-05   3.36503945E-02   3.33765708E-02
        3780           1   5.18210582E-05   7.54654314E-03   6.57992065E-03
        3800           1   4.68952639E-05   6.22078683E-03   4.98433551E-03
        3820           4   7.60889234E-05   3.86033654E-02   3.83326039E-02
        3840           5   8.99278675E-05   8.78603235E-02   8.78235996E-02
        3860           1   7.48776729E-05   1.16670877E-02   1.04877781E-02
        3880           1   7.48875173E-05   1.12102302E-02   9.46087018E-03
        3900           1   8.92532480E-05   1.22350799E-02   1.03807813E-02
        3920           2   8.12414000E-05   1.66397095E-02   1.58027075E-02
        3940           4   7.11044704E-05   4.22956124E-02   4.21986915E-02
        3960           1   8.71493903E-05   1.12202801E-02   9.71734338E-03
        3980           1   6.64981271E-05   8.93626362E-03   7.46121258E-03
        4000           1   9.14570992E-05   1.35724600E-02   1.21209715E-02
        4020           2   6.75148622E-05   1.63228605E-02   1.56532135E-02
        4040           3   6.77569114E-05   2.32968293E-02   2.26090923E-02
        4060           2   9.86789091E-05   2.66820844E-02   2.62424834E-02
        4080           2   6.95841663E-05   1.55421682E-02   1.48514323E-02
        4100           1   4.21756995E-05   5.52770263E-03   4.61589079E-03
        4120           2   6.48826899E-05   1.34016592E-02   1.21330535E-02
        4140           4   7.91570346E-05   4.84105684E-02   4.82729450E-02
        4160           3   7.25351492E-05   2.89975293E-02   2.88371556E-02
        4180           1   2.79475098E-05   3.49313393E-03   2.98726792E-03
        4200           2   6.58969802E-05   1.06624253E-02   9.06784553E-03
        4220           2   9.94766306E-05   2.23197676E-02   2.15009116E-02
        4240           2   6.45629043E-05   1.26659516E-02   1.14934724E-02
        4260           1   8.23214505E-05   1.07232835E-02   8.73846095E-03
        4280           2   9.21583996E-05   2.12961622E-02   2.05619074E-02
        4300           4   6.80599696E-05   4.26846072E-02   4.26345095E-02
        4320           2   9.69993489E-05   2.83789132E-02   2.79962197E-02
        4340           1   8.96935526E-05   1.32047320E-02   1.07194949E-02
        4360           2   6.45756445E-05   1.44092105E-02   1.29932938E-02
        4380           3   8.73997415E-05   3.05328052E-02   3.01926397E-02
        4400           3   8.09516059E-05   3.48191895E-02   3.45770456E-02
        4420           1   6.63274113E-05   7.91705959E-03   6.50142506E-03
        4440           1   4.53875982E-05   4.68272204E-03   3.81096173E-03
        4460           5   7.97507018E-05   6.77616000E-02   6.77054450E-02
        4480           6   8.44313108E-05  0.121458106      0.121526353    
        4500           1   6.77328717E-05   1.30279651E-02   1.22001888E-02
        4520           1   6.97083888E-05   8.50082282E-03   6.68466417E-03
        4540           2   8.06011958E-05   1.64841451E-02   1.57247633E-02
        4560           3   7.42278498E-05   2.91355085E-02   2.88034473E-02
        4580           2   7.90367340E-05   2.54425947E-02   2.49042027E-02
        4600           1   9.27220390E-05   1.16812512E-02   9.23680142E-03
        4620           2   6.63964456E-05   1.38755525E-02   1.20379319E-02
        4640           2   8.46986804E-05   2.05384754E-02   1.98480953E-02
        4660           1   7.64489669E-05   1.53339151E-02   1.40921837E-02
        4680           1   4.42891396E-05   5.02987579E-03   4.00461722E-03
        4700           2   9.28475492E-05   2.15145722E-02   2.05620397E-02
        4720           3   8.17385444E-05   3.14241126E-02   3.11043989E-02
        4740           3   8.25826428E-05   4.01039049E-02   3.98965962E-02
        4760           1   3.20541621E-05   4.70892666E-03   4.13880730E-03
        4780           2   7.96881213E-05   1.92367062E-02   1.84486657E-02
        4800           1   8.60613363E-05   1.19087528E-02   9.32875648E-03
        4820           3   8.14138111E-05   2.87990533E-02   2.83931829E-02
        4840           2   8.22936927E-05   2.22672950E-02   2.15726160E-02
        4860           2   8.89129296E-05   1.96670666E-02   1.89285409E-02
        4880           2   9.34536074E-05   2.48980317E-02   2.40770727E-02
        4900           1   4.37574054E-05   6.37757685E-03   5.32487687E-03
        4920           2   9.42601764E-05   2.09660642E-02   1.99931078E-02
        4940           1   8.95247067E-05   1.39857959E-02   1.24489255E-02
        4960           3   8.91812379E-05   3.58935483E-02   3.55042107E-02
        4980           1   6.04519009E-05   7.50772282E-03   6.22881670E-03
        5000           1   4.98110458E-05   5.95130678E-03   4.85749170E-03
        5020           2   7.85197917E-05   1.43941808E-02   1.34097245E-02
        5040           4   6.89651133E-05   4.13930565E-02   4.14068140E-02
        5060           5   8.02416180E-05   8.06397125E-02   8.06960836E-02
        5080           1   8.06802054E-05   1.49052655E-02   1.35877021E-02
        5100           1   1.39483027E-05   1.58322765E-03   1.29281310E-03
        5120           2   7.55185320E-05   1.65154915E-02   1.55823845E-02
        5140           3   8.67522031E-05   3.40959504E-02   3.37870717E-02
        5160           3   6.66323758E-05   2.87903547E-02   2.85755657E-02
        5180           2   6.55274416E-05   1.46942586E-02   1.38029037E-02
        5200           1   4.68782127E-05   7.35263480E-03   6.00946136E-03
        5220           3   7.27338265E-05   2.70214006E-02   2.66734343E-02
        5240           1   8.88365903E-05   1.62736084E-02   1.48602286E-02
        5260           3   8.88899085E-05   3.91966403E-02   3.89190391E-02
        5280           1   4.76269706E-05   7.57089211E-03   6.43892447E-03
        5300           2   6.71092639E-05   1.37480460E-02   1.29142357E-02
        5320           1   3.92879956E-05   5.02119493E-03   4.17585298E-03
        5340           4   8.28932971E-05   5.10964543E-02   5.09483218E-02
        5360           2   7.48760576E-05   2.25493647E-02   2.19458286E-02
        5380           2   6.62636885E-05   1.69056393E-02   1.61700118E-02
        5400           1   4.05850442E-05   5.71282115E-03   4.76086838E-03
        5420           3   9.57207376E-05   3.71832624E-02   3.68149243E-02
        5440           2   6.41512161E-05   1.83580667E-02   1.76464338E-02
        5460           2   7.51047337E-05   1.31895412E-02   1.20713040E-02
        5480           1   8.92536627E-05   1.24323564E-02   1.05545502E-02
        5500           2   8.18598346E-05   1.84144825E-02   1.75465494E-02
        5520           2   9.03376058E-05   2.44296417E-02   2.35643014E-02
        5540           1   4.71237727E-05   7.64976349E-03   6.32352429E-03
        5560           2   6.47505512E-05   1.45847294E-02   1.36798397E-02
        5580           3   9.53846393E-05   3.86323594E-02   3.81557718E-02
        5600           4   8.36936961E-05   5.35834879E-02   5.34592606E-02
        5620           1   8.56085899E-05   1.45163974E-02   1.26503194E-02
        5640           2   9.33317860E-05   2.29660198E-02   2.20388751E-02
        5660           1   7.25642749E-05   1.23279924E-02   1.06645394E-02
        5680           2   7.08373118E-05   1.29475258E-02   1.09389229E-02
        5700           2   8.34504608E-05   2.10700296E-02   2.01621354E-02
        5720           1   5.26289732E-05   6.49276562E-03   5.22214267E-03
        5740           2   9.61498081E-05   2.44407505E-02   2.34296527E-02
        5760           3   9.50057292E-05   3.50274034E-02   3.47401127E-02
        5780           2   6.84576808E-05   2.13520508E-02   2.08913311E-02
        5800           1   3.59720761E-05   5.25922095E-03   4.21584304E-03
        5820           1   5.79604748E-05   6.82284264E-03   5.48525527E-03
        5840           3   9.14848351E-05   3.80318798E-02   3.76622751E-02
        5860           3   6.90438246E-05   3.00440490E-02   2.95696743E-02
        5880           1   9.96677700E-05   1.47607420E-02   1.19887721E-02
        5900           2   7.66090088E-05   1.35356309E-02   1.24171143E-02
        5920           2   6.48312780E-05   1.74245127E-02   1.67955961E-02
        5940           3   7.15978676E-05   2.35316791E-02   2.29349192E-02
        5960           4   9.37807490E-05   6.16595894E-02   6.15624785E-02
        5980           1   9.63758503E-05   1.80488639E-02   1.71308424E-02
        6000           1   3.23165987E-05   4.48085740E-03   3.70097812E-03
        6020           2   8.00102280E-05   1.74145624E-02   1.66578125E-02
        6040           1   6.59672951E-05   1.17456391E-02   1.01794712E-02
        6060           2   7.66531375E-05   1.62956286E-02   1.55010661E-02
        6080           2   6.76718701E-05   1.45767089E-02   1.37232449E-02
        6100           2   8.70698859E-05   2.09724847E-02   2.02763621E-02
        6120           3   8.33917002E-05   3.64232622E-02   3.60820964E-02
        6140           1   1.83124503E-05   3.04615451E-03   2.75233900E-03
        6160           2   7.45760626E-05   1.73432454E-02   1.64639801E-02
        6180           2   7.37910159E-05   1.58742368E-02   1.50282737E-02
        6200           2   7.81325361E-05   2.14571543E-02   2.06868444E-02
        6220           1   9.44587591E-05   1.38323531E-02   1.23026576E-02
        6240           2   8.80303414E-05   2.29818001E-02   2.21690331E-02
        6260           1   7.08349107E-05   1.33495266E-02   1.14115169E-02
        6280           2   7.13678164E-05   1.28354505E-02   1.14925168E-02
        6300           5   7.12664478E-05   6.43451512E-02   6.43490702E-02
        6320           4   9.79812830E-05   6.47076517E-02   6.46202266E-02
        6340           1   8.06160460E-05   1.76342912E-02   1.63267553E-02
        6360           1   3.43974752E-05   3.95547599E-03   3.22604319E-03
        6380           3   8.36379768E-05   3.36968042E-02   3.33489925E-02
        6400           1   7.95486121E-05   1.09488461E-02   9.19054635E-03
        6420           2   7.19723321E-05   1.53122023E-02   1.43047813E-02
        6440           2   9.21766477E-05   1.99448094E-02   1.90712027E-02
        6460           2   8.87375281E-05   2.43511032E-02   2.35254541E-02
        6480           2   6.97581490E-05   1.76504720E-02   1.69593897E-02
        6500           2   6.45144755E-05   1.34253763E-02   1.24411937E-02
        6520           2   7.26682265E-05   1.67921800E-02   1.59787051E-02
        6540           2   9.94679140E-05   2.78620198E-02   2.73405500E-02
        6560           1   9.99157201E-05   1.50877079E-02   1.38041573E-02
        6580           1   4.19505232E-05   6.55110879E-03   5.14330529E-03
        6600           4   7.96853128E-05   4.42602485E-02   4.41172980E-02
        6620           2   8.11399368E-05   2.48674136E-02   2.42071860E-02
        6640           2   7.55705769E-05   2.09065378E-02   2.00837031E-02
        6660           1   3.15198267E-05   4.68918961E-03   3.66017455E-03
        6680           1   5.97586841E-05   7.00709829E-03   5.34872245E-03
        6700           4   9.54974676E-05   5.83081767E-02   5.81869334E-02
        6720           2   9.52136033E-05   2.86179446E-02   2.79499162E-02
        6740           1   6.65414482E-05   1.28509235E-02   1.13785602E-02
        6760           1   9.09138253E-05   1.36122257E-02   1.11437244E-02
        6780           2   7.19188101E-05   1.19831823E-02   1.00352280E-02
        6800           4   7.02281541E-05   4.31168713E-02   4.28072512E-02
        6820           2   7.96600070E-05   1.79273374E-02   1.72464289E-02
        6840           2   9.09095834E-05   2.16021743E-02   2.06955858E-02
        6860           3   7.98804031E-05   3.28115746E-02   3.25218812E-02
        6880           2   9.71695699E-05   2.87051462E-02   2.82658767E-02
        6900           1   4.71162348E-05   8.02802853E-03   6.70792535E-03
        6920           3   6.89459121E-05   2.67702490E-02   2.63348445E-02
        6940           3   8.74887046E-05   3.60930003E-02   3.57452929E-02
        6960           1   8.04170413E-05   1.63457543E-02   1.49789527E-02
        6980           1   9.14544653E-05   1.39360903E-02   1.20365294E-02
        7000           3   6.61076192E-05   2.62901578E-02   2.59644315E-02
        7020           2   6.64935869E-05   1.86858699E-02   1.79820359E-02
        7040           2   6.73326358E-05   1.46547146E-02   1.31207025E-02
        7060           2   9.95608571E-05   2.85360068E-02   2.80814096E-02
        7080           1   7.86796591E-05   1.33113870E-02   1.18436385E-02
        7100           1   6.27920381E-05   9.69839655E-03   7.75094889E-03
        7120           2   6.40136859E-05   1.54727800E-02   1.48782162E-02
        7140           5   7.80583796E-05   6.92529678E-02   6.92350343E-02
        7160           5   7.90359190E-05   8.27771872E-02   8.28184113E-02
        7180           1   8.62904490E-05   1.75675415E-02   1.62051953E-02
        7200           2   6.32359151E-05   1.55778434E-02   1.46824997E-02
        7220           2   6.31252842E-05   1.41518861E-02   1.31589323E-02
        7240           3   7.49307219E-05   3.10309473E-02   3.07391416E-02
        7260           1   9.76459269E-05   1.67971067E-02   1.58141088E-02
        7280           2   6.73330869E-05   1.54002290E-02   1.44412071E-02
        7300           1   3.10535979E-05   3.89622780E-03   3.16792913E-03
        7320           2   7.10037930E-05   1.20888064E-02   1.03728520E-02
        7340           5   7.83267678E-05   7.45053440E-02   7.44327977E-02
        7360           2   9.56478543E-05   2.51113847E-02   2.41250955E-02
        7380           2   9.54446004E-05   2.54417565E-02   2.46506073E-02
        7400           1   8.93959805E-05   1.47455633E-02   1.26834027E-02
        7420           1   7.81104536E-05   1.31709985E-02   1.12248762E-02
        7440           2   9.13678014E-05   2.10929215E-02   2.01067738E-02
        7460           1   3.46410197E-05   6.21991465E-03   5.35896141E-03
        7480           1   9.97823372E-05   1.63190309E-02   1.51548674E-02
        7500           2   8.92825483E-05   1.67236943E-02   1.57635380E-02
        7520           2   6.23897795E-05   1.77051350E-02   1.70703232E-02
        7540           2   8.17437685E-05   1.96767524E-02   1.87547635E-02
        7560           1   8.34981402E-05   1.04970224E-02   8.57392326E-03
        7580           2   8.28915654E-05   2.10212618E-02   2.02881284E-02
        7600           2   8.14898667E-05   2.49879062E-02   2.44291537E-02
        7620           1   9.79401375E-05   1.75307784E-02   1.64832920E-02
        7640           1   5.23230810E-05   7.01362127E-03   5.55293635E-03
        7660           2   8.34581151E-05   2.02826466E-02   1.95289068E-02
        7680           5   7.13234040E-05   6.90132007E-02   6.89587444E-02
        7700           3   9.96695017E-05   4.25055288E-02   4.23120782E-02
        7720           1   7.54374341E-05   1.43510122E-02   1.26613732E-02
        7740           1   6.73075701E-05   9.15120728E-03   7.20087439E-03
        7760           1   9.61019687E-05   1.20213591E-02   9.64689068E-03
        7780           4   6.72748793E-05   3.99954617E-02   3.97473574E-02
        7800           4   7.08551452E-05   4.63536717E-02   4.62771207E-02
        7820           1   6.14364180E-05   1.02725690E-02   9.02125333E-03
        7840           2   6.74080293E-05   1.74684785E-02   1.67922229E-02
        7860           2   7.04974591E-05   1.31710209E-02   1.21994531E-02
        7880           2   7.92761857E-05   2.33652182E-02   2.26473659E-02
        7900           2   7.89217884E-05   1.72725450E-02   1.62914991E-02
        7920           2   6.66960623E-05   1.66292470E-02   1.58766918E-02
        7940           2   8.99889856E-05   2.13376712E-02   2.03886796E-02
        7960           1   7.41401454E-05   9.65575594E-03   8.07606149E-03
        7980           3   7.88223697E-05   2.69198827E-02   2.65689250E-02
        8000           1   9.42940169E-05   1.21638030E-02   1.04337865E-02
        8020           3   9.42737388E-05   4.23627272E-02   4.20484468E-02
        8040           2   6.89716981E-05   1.96669772E-02   1.89811550E-02
        8060           2   9.65968648E-05   2.67722923E-02   2.62500830E-02
        8080           2   6.72234382E-05   1.59127042E-02   1.49834305E-02
        8100           2   6.33293384E-05   1.17822122E-02   1.00241313E-02
        8120           2   6.95386407E-05   1.51871610E-02   1.44098103E-02
        8140           2   9.83867212E-05   2.59513296E-02   2.53861807E-02
        8160           3   8.57538689E-05   3.78724895E-02   3.75767462E-02
        8180           2   6.82558893E-05   1.78007502E-02   1.71185322E-02
        8200           2   6.59879443E-05   1.40897436E-02   1.20294858E-02
        8220           1   7.72111962E-05   1.00813406E-02   8.12844001E-03
        8240           3   9.19698650E-05   3.45400944E-02   3.41611244E-02
        8260           3   9.70721158E-05   4.10098061E-02   4.07806188E-02
        8280           1   6.56302291E-05   9.33981873E-03   7.52056530E-03
        8300           2   8.00350826E-05   1.82691608E-02   1.73298828E-02
        8320           2   9.07489884E-05   2.67468691E-02   2.60217786E-02
        8340           3   7.46794758E-05   3.16226780E-02   3.13283168E-02
        8360           1   6.58967620E-05   1.03561850E-02   8.46778695E-03
        8380           1   8.22467773E-05   1.40558211E-02   1.22719575E-02
        8400           1   9.90583503E-05   1.41568799E-02   1.23837059E-02
        8420           2   9.11417956E-05   2.71251984E-02   2.63609607E-02
        8440           3   9.74856011E-05   4.36364152E-02   4.34537716E-02
        8460           1   3.97234035E-05   5.74771781E-03   5.02739754E-03
        8480           2   7.82565185E-05   2.01940872E-02   1.93422008E-02
        8500           2   7.22205878E-05   1.49068516E-02   1.40813394E-02
        8520           3   8.74430334E-05   3.41127366E-02   3.37531641E-02
        8540           2   6.96884817E-05   2.10575182E-02   2.03844421E-02
        8560           1   8.51394434E-05   1.03711160E-02   8.12670588E-03
        8580           1   4.55033623E-05   6.35270867E-03   5.37065184E-03
        8600           5   7.32055923E-05   6.75057992E-02   6.74915090E-02
        8620           1   6.41915030E-05   1.11622009E-02   1.00245215E-02
        8640           1   5.48712633E-05   8.10931250E-03   6.49755262E-03
        8660           3   9.16194986E-05   3.48398760E-02   3.45553495E-02
        8680           4   9.83193167E-05   6.65875971E-02   6.65664971E-02
        8700           1   5.72102108E-05   1.02612693E-02   8.92502815E-03
        8720           2   7.72773128E-05   1.86242927E-02   1.77745372E-02
        8740           1   7.96641689E-05   1.18878614E-02   9.89230629E-03
        8760           3   9.28883164E-05   4.25156467E-02   4.22055349E-02
        8780           1   8.64010435E-05   1.45601183E-02   1.25580104E-02
        8800           1   8.88364521E-05   1.43089136E-02   1.24358032E-02
        8820           2   7.43912969E-05   1.84642877E-02   1.77167431E-02
        8840           2   8.84481269E-05   2.05900539E-02   1.96922384E-02
        8860           1   9.32663970E-05   1.55214444E-02   1.43086184E-02
        8880           2   8.30779754E-05   2.10192222E-02   2.01770850E-02
        8900           1   9.56019212E-05   1.34898946E-02   1.12522896E-02
        8920           3   8.00356356E-05   3.04175988E-02   3.00787762E-02
        8940           1   8.73041572E-05   1.44676082E-02   1.25347888E-02
        8960           2   6.74147450E-05   1.71353109E-02   1.64464712E-02
        8980           1   7.50073377E-05   9.35666449E-03   7.59677542E-03
        9000           3   8.38335982E-05   3.39949839E-02   3.36555056E-02
        9020           3   8.32684382E-05   3.13933976E-02   3.10547911E-02
        9040           1   7.82833158E-05   1.36120701E-02   1.23716556E-02
        9060           2   6.43763778E-05   1.47345969E-02   1.32976174E-02
        9080           2   9.01389576E-05   2.01542489E-02   1.92644708E-02
        9100           2   9.40217142E-05   2.33740695E-02   2.25898270E-02
        9120           2   9.24177948E-05   2.63839792E-02   2.56532338E-02
        9140           1   8.64666945E-05   1.11865615E-02   9.17531177E-03
        9160           3   6.87520951E-05   2.89199315E-02   2.86622159E-02
        9180           2   9.03359760E-05   2.49360092E-02   2.40428802E-02
        9200           2   7.20945900E-05   1.95041262E-02   1.87542886E-02
        9220           3   7.22930999E-05   2.56955884E-02   2.52957661E-02
        9240           2   8.48743948E-05   2.31061485E-02   2.22456753E-02
        9260           2   7.85889642E-05   1.39244851E-02   1.25980489E-02
        9280           1   5.56511113E-05   9.44577064E-03   7.75630679E-03
        9300           2   8.14546511E-05   1.78724118E-02   1.71127245E-02
        9320           1   7.89767219E-05   1.58839673E-02   1.46042667E-02
        9340           4   7.18132360E-05   4.64683771E-02   4.63838875E-02
        9360           1   6.61059821E-05   1.33642508E-02   1.18764779E-02
        9380           1   4.56421949E-05   5.69946133E-03   4.63569490E-03
        9400           3   8.46185139E-05   3.38276662E-02   3.35145295E-02
        9420           4   8.47403135E-05   5.58702499E-02   5.57806306E-02
        9440           2   6.54609030E-05   1.97860636E-02   1.91647355E-02
        9460           1   6.80669764E-05   8.18691403E-03   6.55945484E-03
        9480           3   7.49993778E-05   2.50622649E-02   2.46709380E-02
        9500           4   6.86424391E-05   4.54185531E-02   4.52740230E-02
        9520           2   9.16154531E-05   2.32773814E-02   2.22968124E-02
        9540           1   5.44431314E-05   7.59056583E-03   6.27051434E-03
        9560           1   7.76065717E-05   1.42960912E-02   1.28879976E-02
        9580           4   7.75410008E-05   4.85187173E-02   4.84159440E-02
        9600           1   5.27951997E-05   1.02762850E-02   9.21769626E-03
        9620           2   6.55215263E-05   1.60584208E-02   1.53510068E-02
        9640           2   7.24530182E-05   1.54868150E-02   1.43706826E-02
        9660           3   9.96028393E-05   4.43452224E-02   4.41416055E-02
        9680           1   3.94719391E-05   5.25085349E-03   4.38398495E-03
        9700           2   6.46556218E-05   1.09832669E-02   9.32461489E-03
        9720           3   8.07151664E-05   2.59553995E-02   2.57015098E-02
        9740           3   9.25656495E-05   4.29980755E-02   4.27981615E-02
        9760           2   6.76919663E-05   1.45640997E-02   1.34475250E-02
        9780           1   6.18962731E-05   9.09414049E-03   7.00232293E-03
        9800           2   7.65894147E-05   1.85529813E-02   1.76957175E-02
        9820           1   9.13620170E-05   1.54054873E-02   1.38570983E-02
        9840           3   8.59709471E-05   3.61509025E-02   3.58254090E-02
        9860           2   6.85090927E-05   1.91589408E-02   1.84675828E-02
        9880           1   6.50675283E-05   7.95525126E-03   6.53076917E-03
        9900           2   9.69820831E-05   2.62555201E-02   2.57429592E-02
        9920           3   7.75875960E-05   2.98048817E-02   2.94788554E-02
        9940           1   9.08067886E-05   1.45833623E-02   1.25353709E-02
        9960           1   8.61544395E-05   1.09040178E-02   8.36244132E-03
        9980           2   9.73564456E-05   2.25451663E-02   2.18081586E-02
       10000           3   7.58930255E-05   3.24600860E-02   3.21753323E-02
       10020           3   6.85136547E-05   2.98715588E-02   2.96002608E-02
       10040           1   6.08362388E-05   8.23561847E-03   6.73997076E-03
       10060           1   4.80676099E-05   6.18640613E-03   4.90802433E-03
       10080           2   7.82462230E-05   1.73303038E-02   1.65292807E-02
       10100           6   7.61207339E-05  0.107351497      0.107432015    
       10120           4   6.98687363E-05   5.09938784E-02   5.09496778E-02
       10140           1   7.51559928E-05   1.26548605E-02   1.06085949E-02
       10160           1   7.70012994E-05   8.37266073E-03   6.66240696E-03
       10180           4   7.20008684E-05   4.53379154E-02   4.52178940E-02
       10200           3   7.96611421E-05   3.03350352E-02   3.00204605E-02
       10220           1   9.27102155E-05   1.59890801E-02   1.40505321E-02
       10240           2   7.26951912E-05   1.85206495E-02   1.77415311E-02
       10260           1   2.10926082E-05   2.69292248E-03   2.23025400E-03
       10280           3   9.30761598E-05   3.49518284E-02   3.44271585E-02
       10300           5   6.97919822E-05   6.54209405E-02   6.54063895E-02
       10320           3   7.38479066E-05   2.90634688E-02   2.87621077E-02
       10340           1   7.27556908E-05   1.29285250E-02   1.09862480E-02
       10360           1   4.23843121E-05   6.17794320E-03   4.89039253E-03
       10380           1   8.56140687E-05   1.46068605E-02   1.29063213E-02
       10400           3   7.12252076E-05   2.25108545E-02   2.20502801E-02
       10420           4   8.68084317E-05   5.76449744E-02   5.75462319E-02
       10440           1   9.43440391E-05   1.50639936E-02   1.31424805E-02
       10460           1   5.96361133E-05   7.51953712E-03   6.14964729E-03
       10480           3   7.36915681E-05   2.45257467E-02   2.41245236E-02
       10500           3   7.67222664E-05   3.39763984E-02   3.36785354E-02
       10520           1   3.69515292E-05   6.78150821E-03   5.78336045E-03
       10540           1   4.30073851E-05   5.06618805E-03   4.01734607E-03
       10560           4   6.97268624E-05   4.01388705E-02   4.00228277E-02
       10580           1   9.47299850E-05   1.24899279E-02   1.03217205E-02
       10600           2   6.86583080E-05   1.41293472E-02   1.32516185E-02
       10620           2   7.50019244E-05   1.62703488E-02   1.54373227E-02
       10640           3   9.91316701E-05   3.84431332E-02   3.80296037E-02
       10660           1   8.80755761E-05   1.34904599E-02   1.13502387E-02
       10680           2   8.34754755E-05   2.11709570E-02   2.03066710E-02
       10700           1   3.15696598E-05   4.88471612E-03   4.17493191E-03
       10720           2   6.62286257E-05   1.65103301E-02   1.58102624E-02
       10740           2   9.73534334E-05   2.44913530E-02   2.34215073E-02
       10760           1   7.48374005E-05   1.19500589E-02   9.86657292E-03
       10780           1   9.84644066E-05   1.69353113E-02   1.58406775E-02
       10800           1   3.83601073E-05   4.30560764E-03   3.36041348E-03
       10820           2   7.72562780E-05   1.87631454E-02   1.80064403E-02
       10840           4   9.96777526E-05   6.39679581E-02   6.38385564E-02
       10860           2   7.72056810E-05   1.87376365E-02   1.79855451E-02
       10880           2   7.00163218E-05   1.67135075E-02   1.53952017E-02
       10900           1   7.17370567E-05   1.12714907E-02   9.09499079E-03
       10920           2   8.02773502E-05   1.83893181E-02   1.75074749E-02
       10940           3   7.86111050E-05   3.31140906E-02   3.28042842E-02
       10960           1   5.31916594E-05   9.55652539E-03   8.39000382E-03
       10980           2   8.72642704E-05   2.15674285E-02   2.06485596E-02
       11000           3   7.06399587E-05   2.44691689E-02   2.37080827E-02
       11020           1   7.69086182E-05   1.04389358E-02   8.81026685E-03
       11040           1   8.55283361E-05   1.22117968E-02   1.01285325E-02
       11060           1   8.01980132E-05   1.40321376E-02   1.22381002E-02
       11080           1   7.16463983E-05   9.15047899E-03   7.54440669E-03
       11100           3   7.36007787E-05   2.94324104E-02   2.89431810E-02
       11120           1   8.64750036E-05   1.41461287E-02   1.25623001E-02
       11140           3   6.98090735E-05   2.91348398E-02   2.88587082E-02
       11160           1   9.14186312E-05   1.43445469E-02   1.19405147E-02
       11180           2   9.99793119E-05   2.82612611E-02   2.77722795E-02
       11200           2   8.65257316E-05   1.86528563E-02   1.76452436E-02
       11220           2   7.52187043E-05   2.04823166E-02   1.97422169E-02
       11240           2   9.29591915E-05   2.10605040E-02   2.02683434E-02
       11260           1   8.34132661E-05   1.62133407E-02   1.47805661E-02
       11280           2   6.75873089E-05   1.72575563E-02   1.65685453E-02
       11300           1   9.87097155E-05   1.41518628E-02   1.16921263E-02
       11320           3   6.66488486E-05   2.40725931E-02   2.35026423E-02
       11340           3   7.42625125E-05   3.38341706E-02   3.35610509E-02
       11360           1   4.27792838E-05   6.54221792E-03   5.45700639E-03
       11380           2   7.48501625E-05   1.73721910E-02   1.64560564E-02
       11400           3   9.38251032E-05   4.14167829E-02   4.11615446E-02
       11420           3   7.27417573E-05   2.98254527E-02   2.95330156E-02
       11440           1   3.95364295E-05   6.26982469E-03   5.33951167E-03
       11460           2   6.40303915E-05   1.26955518E-02   1.07801380E-02
       11480           2   7.37216178E-05   1.73713341E-02   1.65865179E-02
       11500           3   8.20279820E-05   3.39989811E-02   3.36572863E-02
       11520           1   6.38965867E-05   1.22421077E-02   1.07326172E-02
       11540           1   7.75570152E-05   8.88464227E-03   6.89648464E-03
       11560           3   7.80010887E-05   3.03062461E-02   2.99952421E-02
       11580           4   8.57739215E-05   5.63920289E-02   5.61722927E-02
       11600           1   8.50727665E-05   1.37366001E-02   1.14554940E-02
       11620           2   6.28564230E-05   1.20196566E-02   9.99091659E-03
       11640           2   7.25041173E-05   1.43713439E-02   1.27739012E-02
       11660           3   8.85961927E-05   3.72377671E-02   3.69035229E-02
       11680           2   9.91449488E-05   2.67503764E-02   2.58326232E-02
       11700           2   6.26505644E-05   1.51188718E-02   1.42512154E-02
       11720           1   9.25500935E-05   1.64630692E-02   1.48369037E-02
       11740           3   6.97259675E-05   2.45035626E-02   2.37561222E-02
       11760           2   6.69233123E-05   1.85593236E-02   1.78648829E-02
       11780           2   8.18382105E-05   2.11212300E-02   2.02840082E-02
       11800           2   9.85165825E-05   2.52259579E-02   2.42420174E-02
       11820           3   6.83209801E-05   2.83723380E-02   2.80580819E-02
       11840           1   8.17446198E-05   1.65556725E-02   1.51397604E-02
       11860           1   8.09448102E-05   1.03251636E-02   8.30002036E-03
       11880           4   6.99491866E-05   4.39270884E-02   4.38007191E-02
       11900           2   7.83194628E-05   2.18006968E-02   2.10159551E-02
       11920           1   5.67940879E-05   8.04750063E-03   6.36069477E-03
       11940           2   7.25757636E-05   1.73958354E-02   1.64310671E-02
       11960           4   7.76933157E-05   4.29528914E-02   4.27916758E-02
       11980           1   5.14236126E-05   9.17704403E-03   8.29398260E-03
       12000           2   7.56369991E-05   1.62471533E-02   1.53866103E-02
       12020           1   9.35765856E-05   1.43125718E-02   1.26811489E-02
       12040           4   7.09382366E-05   3.98395732E-02   3.97097766E-02
       12060           1   5.64885340E-05   9.52416938E-03   8.14949535E-03
       12080           2   8.03125004E-05   2.07893178E-02   1.99320801E-02
       12100           1   9.66681255E-05   1.51224118E-02   1.36739668E-02
       12120           2   9.89470791E-05   2.31638364E-02   2.21417621E-02
       12140           3   9.31768736E-05   3.94577831E-02   3.90884802E-02
       12160           2   9.65308209E-05   2.33452674E-02   2.23611109E-02
       12180           1   9.86173254E-05   1.61909815E-02   1.44195389E-02
       12200           2   7.64607976E-05   1.91472583E-02   1.83692165E-02
       12220           2   7.04336562E-05   1.89481527E-02   1.82407126E-02
       12240           1   9.61899495E-05   1.59367248E-02   1.41762281E-02
       12260           3   6.62958046E-05   2.62498260E-02   2.56602839E-02
       12280           2   6.49069698E-05   1.64944008E-02   1.52126476E-02
       12300           2   7.84839503E-05   2.23036110E-02   2.14660242E-02
       12320           1   8.82376626E-05   1.30168833E-02   1.04441997E-02
       12340           1   9.44159037E-05   1.47650791E-02   1.27814375E-02
       12360           2   7.97581306E-05   2.35483013E-02   2.28630267E-02
       12380           3   9.41170001E-05   3.88719030E-02   3.84820066E-02
       12400           1   6.97406140E-05   1.27359554E-02   1.09513979E-02
       12420           1   9.82291676E-05   1.37493471E-02   1.09381797E-02
       12440           3   7.20746611E-05   2.37473920E-02   2.33054254E-02
       12460           2   7.49249157E-05   1.77673101E-02   1.69719607E-02
       12480           3   8.72791279E-05   3.80070060E-02   3.76582295E-02
       12500           1   8.66847695E-05   1.12520084E-02   9.03988723E-03
       12520           1   4.09727618E-05   4.88678645E-03   3.91066819E-03
       12540           2   7.29401945E-05   1.68940034E-02   1.62914339E-02
       12560           4   8.35997780E-05   5.28561473E-02   5.27121089E-02
       12580           1   8.65823240E-05   1.32709583E-02   1.15168467E-02
       12600           2   6.80668963E-05   1.78040043E-02   1.70993581E-02
       12620           3   7.07302897E-05   2.40830388E-02   2.33898889E-02
       12640           2   8.52669982E-05   1.93554424E-02   1.84468254E-02
       12660           2   6.81367019E-05   1.49879800E-02   1.40515696E-02
       12680           2   9.03268956E-05   2.73164324E-02   2.66381279E-02
       12700           2   9.69277316E-05   2.55759172E-02   2.49863453E-02
       12720           2   8.85211484E-05   2.02766247E-02   1.94049552E-02
       12740           2   8.47740666E-05   2.27580201E-02   2.18766965E-02
       12760           2   6.89519729E-05   1.65499356E-02   1.57447886E-02
       12780           1   6.88313012E-05   9.20847990E-03   7.31575582E-03
       12800           4   9.17834113E-05   5.67604080E-02   5.66495992E-02
       12820           3   7.08133739E-05   3.39719914E-02   3.36884856E-02
       12840           1   8.37795160E-05   1.29315313E-02   1.08484365E-02
       12860           2   6.88061700E-05   1.21824946E-02   1.11486837E-02
       12880           2   7.63382050E-05   1.68813467E-02   1.60479024E-02
       12900           2   8.18691988E-05   2.26177573E-02   2.18837410E-02
       12920           2   6.40475628E-05   1.81463603E-02   1.75162405E-02
       12940           3   6.56892953E-05   2.47221291E-02   2.40032636E-02
       12960           2   6.79082004E-05   1.85848456E-02   1.78841911E-02
       12980           1   9.24508204E-05   1.14693232E-02   9.27326269E-03
       13000           2   9.90131302E-05   2.23229602E-02   2.15140656E-02
       13020           2   8.54845421E-05   2.01169923E-02   1.91239826E-02
       13040           1   6.28110429E-05   8.82468373E-03   6.83798175E-03
       13060           3   8.33945960E-05   3.02236024E-02   2.98567377E-02
       13080           1   7.20955213E-05   1.09824482E-02   9.64845158E-03
       13100           1   9.90759581E-05   1.33532044E-02   1.17119607E-02
       13120           2   6.52240851E-05   1.63386948E-02   1.56755261E-02
       13140           4   6.78144934E-05   4.31316644E-02   4.30144966E-02
       13160           1   6.47678316E-05   8.54098052E-03   7.07112625E-03
       13180           2   6.83753169E-05   1.56253055E-02   1.47541491E-02
       13200           3   7.34986097E-05   2.41245963E-02   2.34653112E-02
       13220           4   7.59771719E-05   5.27351350E-02   5.26644252E-02
       13240           1   6.96620336E-05   1.36795454E-02   1.20334718E-02
       13260           1   4.75438101E-05   5.04510384E-03   4.06847801E-03
       13280           3   9.19735467E-05   3.51293832E-02   3.48604284E-02
       13300           2   9.45668580E-05   2.92291753E-02   2.87893303E-02
       13320           1   8.41887741E-05   1.34412237E-02   1.09871738E-02
       13340           2   7.65435543E-05   1.56184696E-02   1.44668892E-02
       13360           4   8.51901423E-05   4.82801050E-02   4.82366830E-02
       13380           3   7.06175051E-05   3.49131599E-02   3.46959978E-02
       13400           1   5.71882811E-05   9.05663613E-03   7.48253847E-03
       13420           1   9.80408004E-05   1.44143235E-02   1.20278578E-02
       13440           5   6.83060280E-05   6.28275126E-02   6.27604797E-02
       13460           1   4.68439539E-05   8.89853761E-03   8.15142691E-03
       13480           1   2.54743863E-05   2.82832142E-03   2.29473878E-03
       13500           3   7.16796349E-05   2.41049603E-02   2.35321727E-02
       13520           5   9.40407699E-05   9.23032910E-02   9.23328847E-02
       13540           3   6.96608477E-05   3.30559090E-02   3.28058377E-02
       13560           1   6.16954858E-05   7.87437614E-03   6.38755271E-03
       13580           3   6.81142701E-05   2.22469680E-02   2.15444006E-02
       13600           3   6.88785949E-05   2.21622922E-02   2.15749349E-02
       13620           3   7.35368376E-05   3.43155265E-02   3.40648778E-02
       13640           2   7.65280420E-05   1.94344074E-02   1.86302923E-02
       13660           1   2.11760253E-05   2.86833872E-03   2.45043146E-03
       13680           1   9.57714801E-05   1.35997208E-02   1.19714877E-02
       13700           3   8.95056437E-05   3.58983204E-02   3.55418473E-02
       13720           2   8.64551694E-05   2.49210503E-02   2.41224673E-02
       13740           1   7.09481610E-05   8.55858997E-03   6.98960898E-03
       13760           2   8.03900839E-05   1.82048157E-02   1.73641071E-02
       13780           1   9.71437985E-05   1.59364529E-02   1.48997027E-02
       13800           1   9.92890418E-05   1.76963210E-02   1.66756567E-02
       13820           2   6.40356739E-05   1.15675787E-02   9.88267548E-03
       13840           2   6.64663821E-05   1.39097665E-02   1.30992532E-02
       13860           2   9.48152447E-05   2.42841914E-02   2.35619023E-02
       13880           3   7.82554416E-05   3.49334180E-02   3.45444269E-02
       13900           2   9.77345771E-05   2.63217166E-02   2.57563256E-02
       13920           1   7.16545474E-05   1.27439378E-02   1.10834856E-02
       13940           3   7.33016495E-05   2.85096187E-02   2.81874724E-02
       13960           2   8.53862002E-05   1.67887527E-02   1.56347826E-02
       13980           3   9.83813079E-05   4.45046425E-02   4.43355367E-02
       14000           2   6.40588114E-05   1.41177978E-02   1.31588653E-02
       14020           1   7.37593509E-05   9.29027330E-03   7.36108609E-03
       14040           2   9.13436670E-05   2.18520053E-02   2.08700225E-02
       14060           2   9.56721997E-05   2.20335014E-02   2.12706644E-02
       14080           2   7.84529620E-05   1.71779878E-02   1.64067820E-02
       14100           3   7.57170928E-05   3.18240076E-02   3.15368958E-02
       14120           2   6.42324594E-05   1.81153752E-02   1.74657032E-02
       14140           1   9.08018046E-05   1.13183977E-02   9.21153370E-03
       14160           3   8.77138154E-05   3.58750075E-02   3.55276912E-02
       14180           2   7.19778036E-05   1.88588426E-02   1.82114039E-02
       14200           1   9.69520988E-05   1.43682957E-02   1.24166580E-02
       14220           2   6.51611626E-05   1.39501244E-02   1.28677245E-02
       14240           3   9.69976754E-05   4.05431874E-02   4.01939861E-02
       14260           4   8.16411775E-05   5.56646101E-02   5.55876680E-02
       14280           1   7.49948886E-05   1.45924361E-02   1.29203927E-02
       14300           1   9.50834510E-05   1.35569694E-02   1.13799786E-02
       14320           2   8.35245301E-05   2.04561874E-02   1.95556376E-02
       14340           3   7.76633678E-05   2.53722556E-02   2.49517597E-02
       14360           2   7.38527378E-05   1.43064568E-02   1.33737065E-02
       14380           2   7.25720020E-05   1.46621224E-02   1.36922188E-02
       14400           2   8.17412292E-05   2.25742776E-02   2.19070427E-02
       14420           1   8.87586066E-05   1.33422613E-02   1.12642329E-02
       14440           1   8.90024967E-05   1.43087637E-02   1.26446933E-02
       14460           3   6.81251258E-05   2.67146714E-02   2.63633952E-02
       14480           1   7.90356062E-05   1.64277069E-02   1.50728831E-02
       14500           2   7.82471907E-05   1.89792477E-02   1.81655753E-02
       14520           3   7.43452474E-05   3.18278223E-02   3.15526426E-02
       14540           2   7.86834207E-05   2.15894580E-02   2.07973253E-02
       14560           1   6.18576742E-05   8.40901863E-03   6.87246956E-03
       14580           1   9.93952272E-05   1.41052250E-02   1.16152875E-02
       14600           2   8.16553511E-05   2.30445694E-02   2.22023539E-02
       14620           2   6.52231538E-05   1.68550797E-02   1.61663499E-02
       14640           2   9.56498698E-05   2.44907588E-02   2.35108156E-02
       14660           2   7.65646691E-05   2.01483611E-02   1.94144119E-02
       14680           2   9.66155130E-05   2.54009385E-02   2.44537927E-02
       14700           2   7.18235533E-05   1.93523522E-02   1.86588615E-02
       14720           1   8.28891643E-05   1.26272151E-02   1.05149122E-02
       14740           2   7.42266275E-05   1.51873324E-02   1.39760086E-02
       14760           1   8.85320114E-05   1.08932815E-02   8.56556557E-03
       14780           2   7.09748419E-05   1.81892961E-02   1.72490049E-02
       14800           2   8.05046220E-05   1.62741765E-02   1.55516025E-02
       14820           2   7.60499242E-05   1.74542870E-02   1.66302621E-02
       14840           1   5.83272995E-05   9.77388024E-03   8.26138351E-03
       14860           2   6.54668111E-05   1.56066865E-02   1.49266161E-02
       14880           3   6.72206370E-05   2.35076174E-02   2.30412874E-02
       14900           3   8.06272001E-05   3.71879935E-02   3.69013660E-02
       14920           1   9.15798082E-05   1.56175345E-02   1.44073162E-02
       14940           1   8.79432046E-05   1.28796389E-02   1.07461270E-02
       14960           2   6.85698033E-05   1.78549271E-02   1.70961861E-02
       14980           3   7.13639456E-05   3.00195031E-02   2.97459327E-02
       15000           1   4.31027147E-05   7.31036766E-03   6.21667830E-03
       15020           2   7.89387486E-05   1.72331445E-02   1.63672157E-02
       15040           1   5.12668012E-05   1.00563960E-02   8.83558579E-03
       15060           2   9.75336443E-05   2.23227832E-02   2.12613568E-02
       15080           4   7.89223923E-05   4.49556410E-02   4.48446497E-02
       15100           4   6.73783652E-05   4.67837751E-02   4.67261188E-02
       15120           1   5.34104365E-05   8.94036237E-03   7.48808775E-03
       15140           1   7.28054729E-05   1.25910453E-02   1.10175926E-02
       15160           3   8.11436184E-05   2.62675043E-02   2.59022042E-02
       15180           3   8.84778347E-05   3.41868103E-02   3.38402689E-02
       15200           2   8.14931263E-05   1.79780070E-02   1.71401985E-02
       15220           1   6.51617665E-05   1.08987428E-02   9.15311184E-03
       15240           1   5.85691887E-05   6.48262585E-03   5.17903874E-03
       15260           3   7.81669733E-05   3.01576480E-02   2.98530404E-02
       15280           5   8.09604244E-05   7.58725330E-02   7.58945644E-02
       15300           2   7.59880641E-05   2.38064006E-02   2.31874995E-02
       15320           2   6.48597925E-05   1.43524380E-02   1.22385547E-02
       15340           2   9.21320607E-05   2.53214948E-02   2.45471243E-02
       15360           3   8.25495445E-05   3.31339426E-02   3.28072011E-02
       15380           2   7.44769350E-05   2.02541873E-02   1.95327476E-02
       15400           1   7.82554125E-05   1.27159283E-02   1.07745053E-02
       15420           2   9.78524913E-05   2.42894180E-02   2.32589766E-02
       15440           1   7.88036195E-05   1.05169322E-02   8.51207972E-03
       15460           1   9.01103122E-05   1.32063823E-02   1.11551397E-02
       15480           2   8.15115418E-05   2.10827589E-02   2.02870388E-02
       15500           2   8.93434117E-05   2.38499008E-02   2.29828581E-02
       15520           2   9.73894712E-05   2.58303359E-02   2.48847492E-02
       15540           2   8.33923550E-05   1.90713257E-02   1.82421133E-02
       15560           2   9.87442545E-05   2.60532759E-02   2.50920076E-02
       15580           1   8.64495887E-05   1.33406082E-02   1.08840801E-02
       15600           3   6.61768427E-05   2.38086637E-02   2.30443962E-02
       15620           3   7.01051249E-05   2.66211964E-02   2.63469331E-02
       15640           4   8.39872228E-05   5.36595508E-02   5.35651259E-02
       15660           2   6.18459599E-05   1.51999146E-02   1.40216947E-02
       15680           1   8.77836064E-05   1.44880954E-02   1.23831695E-02
       15700           1   5.07553086E-05   6.36434788E-03   5.18733356E-03
       15720           3   7.38214294E-05   2.61481591E-02   2.58782711E-02
       15740           5   7.39202806E-05   7.19444603E-02   7.19410479E-02
       15760           1   8.64345129E-05   1.22196022E-02   1.05798962E-02
       15780           1   4.62413045E-05   5.83578832E-03   4.75226343E-03
       15800           4   7.85314187E-05   4.40172143E-02   4.39047292E-02
       15820           4   9.92185596E-05   6.74554482E-02   6.73690960E-02
       15840           1   9.07404610E-05   1.33936265E-02   1.09055005E-02
       15860           2   6.77729113E-05   1.65890940E-02   1.58425402E-02
       15880           2   8.67504714E-05   2.56034471E-02   2.48927325E-02
       15900           1   6.44891043E-05   1.05634592E-02   8.58738273E-03
       15920           2   8.56768311E-05   1.59856342E-02   1.51064927E-02
       15940           6   7.18158699E-05  0.101576559      0.101646483    
       15960           3   8.60942091E-05   4.05202731E-02   4.02860641E-02
       15980           1   4.72313623E-05   7.70788267E-03   6.60169870E-03
       16000           2   6.87278080E-05   1.24380291E-02   1.11572733E-02
       16020           3   7.76289235E-05   2.40218826E-02   2.36660372E-02
       16040           2   8.80677981E-05   1.89676043E-02   1.83602534E-02
       16060           2   8.23308001E-05   2.35423967E-02   2.28600409E-02
       16080           1   5.02160037E-05   6.19089883E-03   5.00162318E-03
       16100           1   8.77158600E-05   1.02886660E-02   8.04892275E-03
       16120           5   8.04836745E-05   7.51896054E-02   7.51822069E-02
       16140           1   7.88214093E-05   1.48242926E-02   1.37149226E-02
       16160           1   4.60192896E-05   6.62464090E-03   5.45012206E-03
       16180           1   9.48101224E-05   1.48471957E-02   1.37911551E-02
       16200           1   6.12565418E-05   1.02804434E-02   8.54386762E-03
       16220           1   5.46578958E-05   6.70180423E-03   5.38074598E-03
       16240           4   6.89278677E-05   4.36713584E-02   4.36041169E-02
       16260           5   7.21943652E-05   7.03597739E-02   7.03765452E-02
       16280           2   6.19818966E-05   1.97204016E-02   1.92052517E-02
       16300           2   6.69117871E-05   1.47557929E-02   1.38718914E-02
       16320           3   7.59287068E-05   2.91475300E-02   2.88187433E-02
       16340           5   7.28290761E-05   7.23016635E-02   7.23220110E-02
       16360           2   6.66070409E-05   2.00132076E-02   1.94032528E-02
       16380           1   3.24631874E-05   4.99139819E-03   4.11639828E-03
       16400           2   9.71851332E-05   2.22311243E-02   2.12154165E-02
       16420           3   7.60000257E-05   2.85037272E-02   2.81367619E-02
       16440           1   6.48869027E-05   8.99520796E-03   7.69162551E-03
       16460           1   9.54617426E-05   1.68008786E-02   1.57867242E-02
       16480           1   8.66570626E-05   1.41673461E-02   1.29387137E-02
       16500           2   9.33162955E-05   2.24400982E-02   2.14699581E-02
       16520           1   9.17199359E-05   1.12015521E-02   9.08550620E-03
       16540           1   8.49674543E-05   1.12489071E-02   8.64136592E-03
       16560           3   8.12678772E-05   3.27401981E-02   3.24055515E-02
       16580           5   6.98886433E-05   6.29309118E-02   6.28640801E-02
       16600           3   9.31995455E-05   4.43449803E-02   4.42102440E-02
       16620           1   3.36203339E-05   5.72525430E-03   4.92034107E-03
       16640           1   7.54185021E-05   8.79189745E-03   7.01704156E-03
       16660           5   9.37753866E-05   8.88695717E-02   8.88763964E-02
       16680           3   9.52448972E-05   4.60177064E-02   4.58837524E-02
       16700           1   6.19330822E-05   9.44869593E-03   7.86793046E-03
       16720           2   6.78728538E-05   1.40905483E-02   1.29846139E-02
       16740           1   9.64754145E-05   1.39821628E-02   1.26729514E-02
       16760           1   8.92376993E-05   1.71024855E-02   1.56365745E-02
       16780           2   8.38442647E-05   2.44865064E-02   2.38024853E-02
       16800           2   9.87178501E-05   2.38130502E-02   2.28514206E-02
       16820           2   6.33948148E-05   1.60644129E-02   1.48593206E-02
       16840           2   7.27405568E-05   1.74922235E-02   1.66834034E-02
       16860           2   7.89654878E-05   1.60564482E-02   1.50406230E-02
       16880           3   7.55148358E-05   3.40911523E-02   3.37656364E-02
       16900           1   4.91952414E-05   7.13116489E-03   5.77431498E-03
       16920           3   6.80912635E-05   2.74718702E-02   2.71956772E-02
       16940           1   9.09587470E-05   1.62486862E-02   1.52939102E-02
       16960           1   5.14179374E-05   6.10277988E-03   4.82794689E-03
       16980           2   9.15930577E-05   2.67581418E-02   2.60542929E-02
       17000           2   6.36170298E-05   1.34582501E-02   1.25955492E-02
       17020           2   8.05959280E-05   1.91357285E-02   1.82700288E-02
       17040           1   3.49642069E-05   5.77687286E-03   4.92629316E-03
       17060           1   8.54450409E-05   1.38132889E-02   1.25645436E-02
       17080           4   7.62822747E-05   4.30441163E-02   4.28856462E-02
       17100           1   7.66392041E-05   1.27179688E-02   1.13364477E-02
       17120           2   8.00693670E-05   1.80982593E-02   1.72608644E-02
       17140           2   8.58716521E-05   2.22125631E-02   2.13558543E-02
       17160           3   6.65289845E-05   2.77267061E-02   2.74641830E-02
       17180           2   7.71806590E-05   1.39620956E-02   1.28286909E-02
       17200           2   6.69639994E-05   1.72903296E-02   1.65914036E-02
       17220           1   9.40383470E-05   1.27310157E-02   1.12841651E-02
       17240           2   6.39883292E-05   1.74201913E-02   1.66662969E-02
       17260           2   7.10947497E-05   1.65264737E-02   1.55649791E-02
       17280           2   8.46694893E-05   2.39301957E-02   2.30783634E-02
       17300           1   8.16569882E-05   1.45605812E-02   1.29814819E-02
       17320           2   8.19102570E-05   1.96188949E-02   1.87577009E-02
       17340           4   7.76395027E-05   5.03330156E-02   5.02474867E-02
       17360           2   7.95829910E-05   2.27884054E-02   2.20666789E-02
       17380           1   5.09112433E-05   8.46147072E-03   6.91609550E-03
       17400           2   8.93428078E-05   2.12431550E-02   2.02654991E-02
       17420           2   6.33305244E-05   1.33261811E-02   1.16977859E-02
       17440           3   7.87373283E-05   3.07372920E-02   3.03767323E-02
       17460           1   2.50258963E-05   4.17791028E-03   3.71581153E-03
       17480           1   8.60455475E-05   1.14831850E-02   9.07983072E-03
       17500           4   9.77168020E-05   6.04086556E-02   6.02432154E-02
       17520           2   6.35726174E-05   1.27204778E-02   1.15830563E-02
       17540           2   7.65405712E-05   1.97685212E-02   1.89948976E-02
       17560           1   8.89914299E-05   1.44906864E-02   1.23529965E-02
       17580           3   6.91564492E-05   2.68597081E-02   2.65181512E-02
       17600           2   9.51278344E-05   2.24787667E-02   2.14893017E-02
       17620           2   6.47644047E-05   1.48293246E-02   1.31487641E-02
       17640           1   9.57016600E-05   1.26874121E-02   9.95859131E-03
       17660           3   9.05538618E-05   3.44174020E-02   3.41016576E-02
       17680           4   7.41545664E-05   4.95111458E-02   4.94292825E-02
       17700           1   4.42494238E-05   6.40924089E-03   5.55819320E-03
       17720           2   8.21143913E-05   1.42513942E-02   1.29407747E-02
       17740           3   6.59620855E-05   2.77668498E-02   2.75161676E-02
       17760           3   7.40694813E-05   3.28755751E-02   3.25911418E-02
       17780           1   8.89918228E-05   1.32712107E-02   1.08484365E-02
       17800           1   4.45278274E-05   6.87819812E-03   5.60599007E-03
       17820           3   7.28448213E-05   2.29008589E-02   2.21207216E-02
       17840           3   7.74570799E-05   3.04319002E-02   3.01009677E-02
       17860           2   6.53702155E-05   1.56707391E-02   1.46086439E-02
       17880           2   6.54175528E-05   1.66308749E-02   1.58164501E-02
       17900           2   7.49019237E-05   1.96721181E-02   1.87508091E-02
       17920           1   7.09926317E-05   1.10987835E-02   9.21580661E-03
       17940           2   7.51738262E-05   1.22682583E-02   1.10481540E-02
       17960           4   7.20110984E-05   4.36491519E-02   4.34909835E-02
       17980           4   8.53886304E-05   5.55949472E-02   5.55023700E-02
       18000           1   7.20288153E-05   1.32265976E-02   1.14110867E-02
       18020           2   6.53280222E-05   1.62256025E-02   1.55563951E-02
       18040           4   7.70182451E-05   4.93712127E-02   4.92834747E-02
       18060           3   8.71729862E-05   4.22417931E-02   4.19826880E-02
       18080           2   7.08075240E-05   1.35079147E-02   1.25110839E-02
       18100           2   9.56320873E-05   2.47102417E-02   2.37745643E-02
       18120           2   8.98253056E-05   2.44321562E-02   2.35395506E-02
       18140           1   7.39189127E-05   1.19251031E-02   1.00434991E-02
       18160           2   9.10157250E-05   2.01927833E-02   1.92299932E-02
       18180           4   7.10577733E-05   4.18224931E-02   4.17149141E-02
       18200           3   7.58150854E-05   3.28105167E-02   3.25308815E-02
       18220           1   8.71049779E-05   1.14043728E-02   9.54848062E-03
       18240           3   7.98058391E-05   3.33436318E-02   3.30478773E-02
       18260           3   9.54549178E-05   4.12861332E-02   4.09317240E-02
       18280           2   7.45475845E-05   2.04059593E-02   1.96560249E-02
       18300           1   8.75741171E-05   1.05599165E-02   8.72301497E-03
       18320           4   7.74464279E-05   5.00236303E-02   4.99339439E-02
       18340           2   7.20759199E-05   2.22748034E-02   2.17291862E-02
       18360           3   6.55578042E-05   2.43349262E-02   2.36355253E-02
       18380           4   6.78369106E-05   4.38424982E-02   4.37556505E-02
       18400           3   7.09452725E-05   3.20672356E-02   3.18127312E-02
       18420           1   9.83542996E-05   1.49877798E-02   1.30277760E-02
       18440           1   7.22811674E-05   1.09529123E-02   8.98266397E-03
       18460           4   7.16526920E-05   4.44422029E-02   4.43323553E-02
       18480           2   7.11561224E-05   2.04904173E-02   1.98309626E-02
       18500           1   8.82082095E-05   1.22705325E-02   1.03024114E-02
       18520           2   6.81503807E-05   1.74945109E-02   1.68285817E-02
       18540           3   6.65399857E-05   2.48479526E-02   2.41778195E-02
       18560           3   8.40083594E-05   3.61723229E-02   3.58574241E-02
       18580           1   9.47451554E-05   1.58014484E-02   1.41152851E-02
       18600           2   6.53897951E-05   1.13391643E-02   9.80575569E-03
       18620           3   8.17689579E-05   3.44816372E-02   3.41793671E-02
       18640           2   8.20633650E-05   2.39168070E-02   2.31871083E-02
       18660           2   6.58630743E-05   1.60941612E-02   1.47910025E-02
       18680           1   8.66405462E-05   1.37953162E-02   1.20102223E-02
       18700           1   8.87522328E-05   1.32191535E-02   1.17618125E-02
       18720           2   8.53549427E-05   2.03363616E-02   1.96241457E-02
       18740           2   7.25070204E-05   2.33959164E-02   2.28958037E-02
       18760           1   6.17403348E-05   1.02652358E-02   8.37873109E-03
       18780           1   8.86395719E-05   1.45897232E-02   1.33101549E-02
       18800           3   7.15804345E-05   2.37052999E-02   2.30229385E-02
       18820           4   7.69603066E-05   4.82937545E-02   4.81904149E-02
       18840           2   8.33702943E-05   1.70219056E-02   1.62047148E-02
       18860           2   7.75385852E-05   2.03510039E-02   1.95626505E-02
       18880           1   7.54704815E-05   9.42589901E-03   7.52778724E-03
       18900           2   9.58448945E-05   2.28335187E-02   2.18402781E-02
       18920           4   8.66982882E-05   5.52773625E-02   5.51757328E-02
       18940           2   9.74931172E-05   3.07025071E-02   3.03105824E-02
       18960           1   2.47173375E-05   3.35778063E-03   2.91980221E-03
       18980           3   7.27829902E-05   2.95364875E-02   2.92031839E-02
       19000           4   9.74725262E-05   6.11870848E-02   6.10728189E-02
       19020           1   8.56843108E-05   1.71481073E-02   1.63656101E-02
       19040           1   9.08270449E-05   1.49829527E-02   1.30727831E-02
       19060           3   7.29503663E-05   2.91972049E-02   2.88749374E-02
       19080           1   9.91259149E-05   1.39071215E-02   1.21412035E-02
       19100           1   9.92777568E-05   1.67417713E-02   1.56675931E-02
       19120           2   8.60124710E-05   1.91023406E-02   1.81662105E-02
       19140           1   8.02753857E-05   1.26643013E-02   1.11570656E-02
       19160           3   9.10989329E-05   3.97559181E-02   3.93966548E-02
       19180           1   3.05511821E-05   4.67095384E-03   4.09045722E-03
       19200           1   7.97922112E-05   1.01142703E-02   8.12853500E-03
       19220           4   7.08585867E-05   4.19771597E-02   4.17309441E-02
       19240           3   7.41120748E-05   3.43037397E-02   3.40605229E-02
       19260           1   5.44050199E-05   1.02167577E-02   8.69655050E-03
       19280           1   2.72803554E-05   4.16735653E-03   3.30297090E-03
       19300           3   6.75555202E-05   2.17734221E-02   2.11357307E-02
       19320           5   8.48334894E-05   8.44019577E-02   8.44298825E-02
       19340           2   8.20786663E-05   2.69100145E-02   2.63035484E-02
       19360           1   8.53387028E-05   1.30966529E-02   1.07543338E-02
       19380           2   8.54077225E-05   1.96230672E-02   1.88484509E-02
       19400           2   8.26401229E-05   2.68431008E-02   2.62309760E-02
       19420           3   7.44370700E-05   3.02846394E-02   2.99919508E-02
       19440           1   9.29539092E-05   1.43646915E-02   1.19430954E-02
       19460           1   8.05467280E-05   1.51400613E-02   1.36266723E-02
       19480           3   6.93834736E-05   2.62222309E-02   2.58535258E-02
       19500           1   8.12003418E-05   1.17160743E-02   1.00810304E-02
       19520           1   9.24611668E-05   1.27200019E-02   1.12063829E-02
       19540           4   7.60673283E-05   4.75972183E-02   4.75160852E-02
       19560           4   8.43482703E-05   5.70332557E-02   5.69519512E-02
       19580           1   9.94979055E-05   1.80924647E-02   1.71015002E-02
       19600           1   6.68748617E-05   9.35067981E-03   7.46124703E-03
       19620           2   6.40313083E-05   1.27958357E-02   1.17960908E-02
       19640           3   7.27126244E-05   3.08534838E-02   3.05476822E-02
       19660           1   4.75235283E-05   8.04608688E-03   7.09708128E-03
       19680           3   7.03599217E-05   2.51462460E-02   2.47451384E-02
       19700           3   8.26437026E-05   3.43832523E-02   3.40742022E-02
       19720           2   7.56055379E-05   2.16854680E-02   2.09740177E-02
       19740           2   6.57662240E-05   1.73620377E-02   1.66812502E-02
       19760           1   4.16509210E-05   5.89540508E-03   4.90215793E-03
       19780           3   6.92399408E-05   2.70774774E-02   2.64591649E-02
       19800           3   8.72357996E-05   3.70953381E-02   3.67547721E-02
       19820           1   8.80967273E-05   1.46524310E-02   1.23364832E-02
       19840           3   6.98634540E-05   2.69071832E-02   2.65646838E-02
       19860           4   6.90324669E-05   4.35924940E-02   4.35043573E-02
       19880           3   9.20949824E-05   4.13109958E-02   4.09790128E-02
       19900           2   6.63882965E-05   1.83639172E-02   1.77121758E-02
       19920           1   7.94298976E-05   1.17650274E-02   9.50657018E-03
       19940           2   7.91623825E-05   2.09011994E-02   2.01126970E-02
       19960           4   8.66195987E-05   5.57752550E-02   5.56775071E-02
       19980           3   7.70103361E-05   3.54367569E-02   3.51670757E-02
       20000           1   4.94587730E-05   8.16872437E-03   6.82601798E-03
       20020           2   7.86199525E-05   1.60785373E-02   1.52325863E-02
       20040           3   8.95728081E-05   3.83451842E-02   3.79894227E-02
       20060           2   6.78042343E-05   1.29582472E-02   1.15085766E-02
       20080           1   6.19906641E-05   1.22423954E-02   1.07831750E-02
       20100           2   6.69414731E-05   1.17718745E-02   9.79587622E-03
       20120           1   8.61494991E-05   1.42013496E-02   1.26765743E-02
       20140           3   9.05861671E-05   3.77165489E-02   3.73562686E-02
       20160           2   8.89513758E-05   2.35923287E-02   2.27186661E-02
       20180           1   5.09646306E-05   8.97245016E-03   7.57154729E-03
       20200           3   7.10228924E-05   2.71129645E-02   2.67549548E-02
       20220           2   8.10753118E-05   2.16835570E-02   2.09022798E-02
       20240           2   9.68677487E-05   2.82506812E-02   2.78007407E-02
       20260           1   7.52016931E-05   1.18497424E-02   9.35358182E-03
       20280           2   7.54489447E-05   1.56614129E-02   1.47445677E-02
       20300           2   9.73873393E-05   2.86652744E-02   2.81257629E-02
       20320           3   8.05522286E-05   3.01523674E-02   2.97868606E-02
       20340           3   6.51264781E-05   2.66203359E-02   2.63081528E-02
       20360           1   5.12071092E-05   9.58247017E-03   8.06486607E-03
       20380           1   7.21406104E-05   9.79920197E-03   7.75070768E-03
       20400           2   6.69006986E-05   1.45722935E-02   1.32120792E-02
       20420           3   7.65674631E-05   3.27419974E-02   3.24606448E-02
       20440           2   8.46129988E-05   2.32853293E-02   2.24247575E-02
       20460           1   6.88552900E-05   9.10610985E-03   7.26442877E-03
       20480           2   9.09947994E-05   2.54671536E-02   2.46763006E-02
       20500           1   7.70619954E-05   9.22724232E-03   7.53281498E-03
       20520           3   7.13232876E-05   2.79520229E-02   2.76324321E-02
       20540           4   6.98326330E-05   4.39429805E-02   4.38534543E-02
       20560           2   8.91402451E-05   2.48289742E-02   2.40228605E-02
       20580           2   7.04599443E-05   1.69071238E-02   1.55581106E-02
       20600           1   7.00843666E-05   1.16451001E-02   9.56294499E-03
       20620           3   8.33030645E-05   3.32535952E-02   3.29289027E-02
       20640           2   8.63720197E-05   2.42210478E-02   2.34210491E-02
       20660           2   7.12253095E-05   1.83914341E-02   1.76866204E-02
       20680           2   8.39590502E-05   2.18442287E-02   2.10098960E-02
       20700           3   6.99215598E-05   2.80562975E-02   2.74651386E-02
       20720           2   9.92735950E-05   2.60409508E-02   2.50668451E-02
       20740           2   9.33134288E-05   2.48249192E-02   2.39247121E-02
       20760           1   3.62786159E-05   5.56705333E-03   4.65563592E-03
       20780           2   8.97845530E-05   1.95016954E-02   1.86870787E-02
       20800           1   9.58418241E-05   1.68564022E-02   1.60514489E-02
       20820           2   9.32078547E-05   2.44852081E-02   2.35457197E-02
       20840           1   9.12356918E-05   1.42763145E-02   1.21389078E-02
       20860           3   8.18476401E-05   3.31068300E-02   3.27950045E-02
       20880           3   8.71377197E-05   3.80082093E-02   3.76811326E-02
       20900           1   9.14005941E-05   1.19536994E-02   9.96948965E-03
       20920           3   6.78420038E-05   2.34225430E-02   2.27473304E-02
       20940           3   9.58738456E-05   4.07072268E-02   4.03486453E-02
       20960           2   7.54298380E-05   2.12072954E-02   2.04887278E-02
       20980           2   8.92439421E-05   2.30196193E-02   2.21305527E-02
       21000           2   9.82876445E-05   2.58221067E-02   2.48282813E-02
       21020           2   7.23460980E-05   1.67991221E-02   1.58432331E-02
       21040           2   9.85367515E-05   2.77250316E-02   2.69432031E-02
       21060           2   7.36924121E-05   2.02201046E-02   1.94725357E-02
       21080           2   7.89541809E-05   1.84019729E-02   1.74679831E-02
       21100           3   7.46969308E-05   3.17299627E-02   3.14217098E-02
       21120           2   8.98702565E-05   2.02604756E-02   1.93292797E-02
       21140           2   9.92288187E-05   2.62961742E-02   2.54852213E-02
       21160           3   6.72552269E-05   2.83427183E-02   2.80381981E-02
       21180           2   7.25812279E-05   1.97244566E-02   1.90205313E-02
       21200           2   9.26982684E-05   2.38484014E-02   2.29074322E-02
       21220           1   5.78300314E-05   9.18785390E-03   7.68093299E-03
       21240           3   8.12407234E-05   3.22791561E-02   3.19638066E-02
       21260           4   8.14039959E-05   5.40477112E-02   5.39660789E-02
       21280           2   9.47946683E-05   2.86566056E-02   2.82575469E-02
       21300           1   7.62544514E-05   1.43585866E-02   1.28519908E-02
       21320           1   6.23938759E-05   8.08523316E-03   6.54508546E-03
       21340           1   8.51330042E-05   1.52223129E-02   1.35425655E-02
       21360           1   4.48690771E-05   6.88744383E-03   5.61608374E-03
       21380           1   8.49606004E-05   1.26079004E-02   9.88813397E-03
       21400           1   2.32984894E-05   3.06643615E-03   2.42706155E-03
       21420           1   9.99802360E-05   1.40888384E-02   1.09985406E-02
       21440           2   7.00150413E-05   1.71824284E-02   1.64181832E-02
       21460           2   9.31205868E-05   2.47170962E-02   2.37740017E-02
       21480           1   9.66412408E-05   1.44540081E-02   1.19273625E-02
       21500           2   6.59318830E-05   1.69906095E-02   1.63069926E-02
       21520           2   6.68591383E-05   1.63084771E-02   1.49842575E-02
       21540           1   4.80350900E-05   7.59023335E-03   6.18042611E-03
       21560           2   6.56580378E-05   1.45493355E-02   1.29630733E-02
       21580           1   8.73415847E-05   1.42247370E-02   1.28416736E-02
       21600           1   7.13243207E-05   1.11751920E-02   8.95946473E-03
       21620           2   6.46796252E-05   1.36632659E-02   1.15864798E-02
       21640           3   6.91863534E-05   2.91605946E-02   2.88861468E-02
       21660           2   6.36592813E-05   1.77242048E-02   1.70820039E-02
       21680           1   5.66125855E-05   8.72682128E-03   7.07945507E-03
       21700           2   9.74218419E-05   2.39619911E-02   2.29769722E-02
       21720           1   7.88493053E-05   1.34201804E-02   1.15415417E-02
       21740           2   7.00713063E-05   1.27264215E-02   1.14569506E-02
       21760           2   6.48348505E-05   1.40775908E-02   1.29693625E-02
       21780           1   6.66677224E-05   1.02511812E-02   8.22555646E-03
       21800           1   5.27046432E-05   7.74950488E-03   6.24364475E-03
       21820           1   9.98503820E-05   1.45801986E-02   1.15332678E-02
       21840           1   9.17842117E-05   1.38681941E-02   1.10546090E-02
       21860           1   8.91325035E-05   1.37420353E-02   1.22420434E-02
       21880           3   7.03259138E-05   2.56996434E-02   2.52799280E-02
       21900           2   9.36363358E-05   2.33838614E-02   2.24084128E-02
       21920           1   8.60799992E-05   1.39895193E-02   1.16446689E-02
       21940           2   8.37050611E-05   2.09876280E-02   2.01643109E-02
       21960           3   7.25008722E-05   3.09456345E-02   3.06811128E-02
       21980           2   8.24723902E-05   2.24880502E-02   2.16730125E-02
       22000           2   6.61095983E-05   1.25323124E-02   1.08782724E-02
       22020           3   7.39922907E-05   3.11788227E-02   3.09014469E-02
       22040           2   8.61776352E-05   2.42443271E-02   2.34463103E-02
       22060           1   9.33381016E-05   1.39396470E-02   1.13159548E-02
       22080           1   6.33463642E-05   1.05293505E-02   8.60256702E-03
       22100           1   9.09541268E-05   1.54095711E-02   1.36288730E-02
       22120           1   9.41471153E-05   1.36808855E-02   1.14874188E-02
       22140           1   8.18361877E-05   1.39292162E-02   1.18944524E-02
       22160           1   9.99368349E-05   1.49650434E-02   1.34333577E-02
       22180           1   4.46120903E-05   7.10746692E-03   5.77346375E-03
       22200           2   7.97555331E-05   1.58575196E-02   1.47963585E-02
       22220           1   6.02955297E-05   1.04421517E-02   8.63038935E-03
       22240           1   3.80467900E-05   5.67606930E-03   4.51100385E-03
       22260           1   3.00727806E-05   4.30630473E-03   3.45351873E-03
       22280           1   6.04681009E-05   9.18763597E-03   7.26945652E-03
       22300           1   5.57897692E-05   8.07952788E-03   6.41430216E-03
       22320           1   2.37936038E-05   3.79364518E-03   3.09900800E-03
       22340           1   3.12910597E-05   4.47558146E-03   3.57377622E-03
       22360           1   4.15880058E-05   6.30148407E-03   5.02064358E-03
       22380           1   3.25995970E-05   4.92451666E-03   3.95005196E-03
       22400           1   8.66958726E-05   1.19036147E-02   9.33287852E-03
       22420           1   4.38287061E-05   7.35637825E-03   5.96426241E-03
       22440           1   2.81731154E-05   3.89106083E-03   3.10240034E-03
       22460           1   4.78269794E-05   6.67701568E-03   5.29454090E-03
       22480           2   6.75306510E-05   1.33235585E-02   1.20128747E-02
       22500           1   2.66841089E-05   4.95880749E-03   4.10757307E-03
       22520           1   3.01469317E-05   4.30266326E-03   3.36907757E-03
       22540           1   4.90782659E-05   6.81297574E-03   5.39172674E-03
       22560           1   9.10552189E-05   1.38693573E-02   1.09414570E-02
       22580           1   3.32446471E-05   5.54992165E-03   4.47819941E-03
       22600           1   9.93841604E-06   1.42341445E-03   1.11147354E-03
       22620           1   8.05482705E-06   1.16243027E-03   9.31372168E-04
       22640           1   9.56865097E-06   1.24905526E-03   9.89913824E-04
       22660           1   3.08607778E-05   4.29699477E-03   3.35650472E-03
       22680           1   2.29339148E-05   3.53056262E-03   2.83633173E-03
       22700           1   2.90910139E-05   4.31643333E-03   3.42184212E-03
       22720           1   2.69187167E-05   4.03940026E-03   3.21465125E-03
       22740           1   1.61468161E-05   2.46547186E-03   1.98234944E-03
       22760           1   1.75962923E-05   2.41172523E-03   1.91519968E-03
       22780           1   4.71801068E-05   6.27668574E-03   4.95695323E-03
       22800           1   4.68375656E-05   7.33716879E-03   5.87071758E-03
       22820           1   3.26050213E-05   4.80985409E-03   3.84388794E-03
       22840           1   3.11756776E-05   4.66138590E-03   3.67405429E-03
       22860           1   1.72077816E-05   2.45657749E-03   1.93051039E-03
       22880           1   5.41222544E-05   7.58967688E-03   5.95480902E-03
       22900           1   4.25825929E-05   6.63782796E-03   5.31035475E-03
       22920           1   2.71214049E-05   4.43391642E-03   3.56992800E-03
       22940           1   1.77374732E-05   2.60393228E-03   2.08453974E-03
       22960           1   2.58172277E-05   3.61981476E-03   2.85762432E-03
       22980           1   9.35393564E-06   1.51784567E-03   1.22672878E-03
       23000           1   2.64500832E-05   3.75856273E-03   2.92668398E-03
       23020           1   1.89458005E-05   2.62054102E-03   2.10807822E-03
       23040           1   1.43833931E-05   2.04556948E-03   1.68121886E-03
       23060           1   4.35365982E-05   6.07036287E-03   4.77738492E-03
       23080           1   3.25223446E-05   5.33966348E-03   4.27324651E-03
       23100           1   1.13816841E-05   1.41040457E-03   1.14988466E-03
       23120           1   2.65604249E-05   3.79498722E-03   3.01046879E-03
       23140           1   2.04566513E-05   3.24650086E-03   2.59510102E-03
       23160           1   3.14809331E-05   4.14039753E-03   3.23092123E-03
       23180           1   3.55328011E-05   5.34368446E-03   4.25143866E-03
       23200           1   2.65147446E-05   3.92895378E-03   3.14853736E-03
       23220           1   4.34677568E-05   6.49607228E-03   5.13341092E-03
       23240           1   3.71491733E-05   5.48606459E-03   4.37240163E-03
       23260           1   3.51710623E-05   5.40912570E-03   4.31348989E-03
       23280           1   3.29055983E-05   4.97962395E-03   3.95620940E-03
       23300           1   3.96258620E-05   5.78443706E-03   4.57085064E-03
       23320           1   2.83879017E-05   4.13461635E-03   3.30240373E-03
       23340           1   1.04287637E-05   1.40500616E-03   1.16595323E-03
       23360           1   5.34058290E-06   6.81589125E-04   5.59654785E-04
       23380           1   1.52184966E-05   2.08260957E-03   1.61526876E-03
       23400           1   1.26425930E-05   2.10813666E-03   1.68861821E-03
       23411           1   3.92705715E-06   4.92890715E-04   3.96534044E-04
 Solver: fs        , Convection scheme: uds       
 RE=   1000.00000     , N=          64
 Selected Time scheme:            1
 DT=   1.79687496E-02
 Wall-clock time (s):    78.2011642    
Note: The following floating-point exceptions are signalling: IEEE_UNDERFLOW_FLAG
