 DT=?
          20        1328   9.99987096E-05   2.85417438       1.22690964    
          40         513   9.99948388E-05   1.69488192      0.830158889    
          60         321   9.99812983E-05   1.23522067      0.708750904    
          80         240   9.99674521E-05  0.982722998      0.660563946    
         100         202   9.99954864E-05  0.833420992      0.635288239    
         120         181   9.99318945E-05  0.746118128      0.618080437    
         140         167   9.98823962E-05  0.698783994      0.604171634    
         160         155   9.98721735E-05  0.674054384      0.592738152    
         180         146   9.99445474E-05  0.659928322      0.583505154    
         200         140   9.99750628E-05  0.651235998      0.575636625    
         220         133   9.99761687E-05  0.644805908      0.568647265    
         240         130   9.99050390E-05  0.638848066      0.562289298    
         260         126   9.99316399E-05  0.632832110      0.556094170    
         280         123   9.99107360E-05  0.626795888      0.549855053    
         300         119   9.99071635E-05  0.620515227      0.543233216    
         320         116   9.99572731E-05  0.613757491      0.536707759    
         340         114   9.98740215E-05  0.606515527      0.529716134    
         360         110   9.99448384E-05  0.598797381      0.522520781    
         380         108   9.98844625E-05  0.590500951      0.515260220    
         400         106   9.99156036E-05  0.581818581      0.507744014    
         420         103   9.99261611E-05  0.572716415      0.500257552    
         440         101   9.98919495E-05  0.563354135      0.492377967    
         460          98   9.99923068E-05  0.553642750      0.484420598    
         480          96   9.98961768E-05  0.543598235      0.476307601    
         500          94   9.98850373E-05  0.533132970      0.468121797    
         520          91   9.99854383E-05  0.522452950      0.459727317    
         540          91   9.98943724E-05  0.511610866      0.451282948    
         560          88   9.99034673E-05  0.500469923      0.442845225    
         580          86   9.99008917E-05  0.489064723      0.434460163    
         600          82   9.99915719E-05  0.477640361      0.426062137    
         620          81   9.99579497E-05  0.465890795      0.417801976    
         640          79   9.99566182E-05  0.453968614      0.409482718    
         660          78   9.99516924E-05  0.442056030      0.401341558    
         680          75   9.98854375E-05  0.429949403      0.393293798    
         700          73   9.99737094E-05  0.417925060      0.385329813    
         720          72   9.98940013E-05  0.405808777      0.377527505    
         740          69   9.99358963E-05  0.393847853      0.369685620    
         760          68   9.99071199E-05  0.381889343      0.362059504    
         780          65   9.99604454E-05  0.370129347      0.354290634    
         800          64   9.99059703E-05  0.358413965      0.346606731    
         820          62   9.98990872E-05  0.346982509      0.338839918    
         840          59   9.99474651E-05  0.335649401      0.330949306    
         860          58   9.98712421E-05  0.324563205      0.323074311    
         880          56   9.99900731E-05  0.313671023      0.314999402    
         900          54   9.99578187E-05  0.302919418      0.306902111    
         920          53   9.99867625E-05  0.292475969      0.298698664    
         940          50   9.99891490E-05  0.282219380      0.290351182    
         960          48   9.99518161E-05  0.272161245      0.282012135    
         980          46   9.99479525E-05  0.262432963      0.273592591    
        1000          47   9.98544201E-05  0.252901316      0.265140861    
        1020          44   9.99361146E-05  0.243639797      0.256729543    
        1040          43   9.99030381E-05  0.234617427      0.248308256    
        1060          40   9.98916948E-05  0.225948453      0.239913464    
        1080          39   9.98930191E-05  0.217497155      0.231629148    
        1100          39   9.99088661E-05  0.209271535      0.223433211    
        1120          38   9.98637115E-05  0.201274619      0.215313837    
        1140          35   9.99448021E-05  0.193544924      0.207339630    
        1160          33   9.99588810E-05  0.186084569      0.199503765    
        1180          32   9.98994437E-05  0.178828627      0.191820949    
        1200          32   9.99243930E-05  0.171798289      0.184292108    
        1220          30   9.99779586E-05  0.164988160      0.176968858    
        1240          29   9.99800686E-05  0.158365250      0.169857875    
        1260          28   9.99529802E-05  0.151961312      0.162954226    
        1280          27   9.98501346E-05  0.145767882      0.156252623    
        1300          26   9.98838295E-05  0.139773279      0.149781451    
        1320          24   9.99677723E-05  0.133988455      0.143549144    
        1340          24   9.99080949E-05  0.128397867      0.137556717    
        1360          23   9.99500189E-05  0.123024859      0.131789863    
        1380          23   9.99162949E-05  0.117845796      0.126247421    
        1400          22   9.99266995E-05  0.112877607      0.120926432    
        1420          20   9.98993419E-05  0.108109094      0.115822740    
        1440          20   9.99248878E-05  0.103518397      0.110939741    
        1460          19   9.98929099E-05   9.91090834E-02  0.106268905    
        1480          19   9.99801341E-05   9.48783383E-02  0.101799920    
        1500          19   9.99062540E-05   9.08085853E-02   9.75235477E-02
        1520          17   9.98995529E-05   8.69085714E-02   9.34241936E-02
        1540          17   9.99298718E-05   8.31467360E-02   8.95028859E-02
        1560          16   9.99795448E-05   7.95348585E-02   8.57410505E-02
        1580          16   9.99592594E-05   7.60469362E-02   8.21399242E-02
        1600          16   9.99458207E-05   7.26941079E-02   7.86809400E-02
        1620          16   9.98957694E-05   6.94580227E-02   7.53613263E-02
        1640          13   9.99985205E-05   6.63629621E-02   7.21627995E-02
        1660          13   9.98710748E-05   6.33495450E-02   6.91001341E-02
        1680          12   9.99435215E-05   6.04670644E-02   6.61465675E-02
        1700          13   9.99489494E-05   5.76791912E-02   6.33039698E-02
        1720          11   9.99596523E-05   5.50084189E-02   6.05629832E-02
        1740          12   9.99356198E-05   5.24258651E-02   5.79260886E-02
        1760          10   9.99722470E-05   4.99672741E-02   5.53732850E-02
        1780           9   9.99675322E-05   4.75988016E-02   5.29173128E-02
        1800          11   9.98805699E-05   4.53115031E-02   5.05527258E-02
        1820          10   9.99451877E-05   4.31433991E-02   4.82656546E-02
        1840           9   9.99682743E-05   4.10716049E-02   4.60617505E-02
        1860           8   9.99150870E-05   3.90894711E-02   4.39420268E-02
        1880           7   9.99894473E-05   3.72072011E-02   4.18957695E-02
        1900           7   9.99478070E-05   3.54040600E-02   3.99312638E-02
        1920           7   9.99367912E-05   3.36900055E-02   3.80416811E-02
        1940           8   9.99754557E-05   3.20574790E-02   3.62271443E-02
        1960           7   9.99372787E-05   3.05097923E-02   3.44840027E-02
        1980           7   9.98700707E-05   2.90282555E-02   3.28177288E-02
        2000           8   9.98900796E-05   2.76245512E-02   3.12217716E-02
        2020           6   9.99950280E-05   2.63017155E-02   2.96909418E-02
        2040           7   9.99039985E-05   2.50292514E-02   2.82345004E-02
        2060           5   9.99995245E-05   2.38308590E-02   2.68430542E-02
        2080           6   9.99062613E-05   2.26822123E-02   2.55215671E-02
        2100           7   9.98865362E-05   2.15916820E-02   2.42650099E-02
        2120           5   9.99480471E-05   2.05690544E-02   2.30686720E-02
        2140           5   9.99612166E-05   1.95922740E-02   2.19356772E-02
        2160           6   9.99133990E-05   1.86626185E-02   2.08633114E-02
        2180           4   9.99029726E-05   1.77946165E-02   1.98470727E-02
        2200           4   9.98907126E-05   1.69670600E-02   1.88891981E-02
        2220           4   9.98785035E-05   1.61904544E-02   1.79818310E-02
        2240           3   9.99509139E-05   1.54613499E-02   1.71252098E-02
        2260           3   9.99989279E-05   1.47714037E-02   1.63165778E-02
        2280           3   9.99456315E-05   1.41138630E-02   1.55576142E-02
        2300           4   9.99865224E-05   1.34955533E-02   1.48401121E-02
        2320           4   9.99359618E-05   1.29104946E-02   1.41664147E-02
        2340           3   9.99475305E-05   1.23643382E-02   1.35272620E-02
        2360           3   9.99618933E-05   1.18391439E-02   1.29242381E-02
        2380           4   9.98891264E-05   1.13334572E-02   1.23582250E-02
        2400           3   9.99544500E-05   1.08624771E-02   1.18181910E-02
        2420           2   9.99823314E-05   1.04067447E-02   1.13076149E-02
        2440           2   9.99379336E-05   9.96604189E-03   1.08250706E-02
        2460           3   9.99587719E-05   9.54258163E-03   1.03682289E-02
        2480           2   9.99940530E-05   9.14199743E-03   9.93434899E-03
        2500           1   9.99860276E-05   8.75795633E-03   9.51605104E-03
        2520           2   9.99028998E-05   8.38128757E-03   9.12230089E-03
        2540           1   9.99965996E-05   8.02552700E-03   8.74502677E-03
        2560           2   9.99992117E-05   7.67891249E-03   8.38430133E-03
        2580           2   9.99380281E-05   7.34795351E-03   8.04008450E-03
        2600           1   9.99668773E-05   7.03291828E-03   7.70922657E-03
        2620           2   9.99283366E-05   6.72640186E-03   7.39344303E-03
        2640           2   9.99615368E-05   6.43559685E-03   7.08993804E-03
        2660           2   9.99047916E-05   6.15384616E-03   6.79707900E-03
        2680           2   9.99086333E-05   5.89000154E-03   6.51547126E-03
        2700           2   9.99136173E-05   5.63508226E-03   6.24461286E-03
        2720           2   9.98892792E-05   5.39109809E-03   5.98642509E-03
        2740           2   9.99290205E-05   5.16396388E-03   5.73679293E-03
        2760           2   9.99512049E-05   4.95260395E-03   5.49669843E-03
        2780           1   9.98622490E-05   4.75224061E-03   5.26688201E-03
        2800           2   9.99220574E-05   4.56537120E-03   5.04515320E-03
        2820           2   9.99065669E-05   4.39092843E-03   4.83552041E-03
        2840           1   9.99608601E-05   4.22703940E-03   4.63022757E-03
        2860           1   9.98911783E-05   4.06809151E-03   4.43648919E-03
        2880           1   9.98612813E-05   3.91376950E-03   4.25057858E-03
        2900           1   9.98280957E-05   3.76934279E-03   4.07148898E-03
        2920           1   9.98760952E-05   3.62864044E-03   3.90053983E-03
        2940           1   9.98248142E-05   3.49330902E-03   3.73899029E-03
        2960           1   9.98701653E-05   3.36645357E-03   3.58348014E-03
        2980           1   9.93028298E-05   3.24314344E-03   3.43702640E-03
        3000           1   9.92018322E-05   3.12531972E-03   3.29573872E-03
        3020           1   9.86327796E-05   3.01158009E-03   3.16167250E-03
        3040           1   9.65628496E-05   2.90488591E-03   3.03962943E-03
        3060           1   9.29208254E-05   2.80815223E-03   2.92960368E-03
        3080           1   8.83362663E-05   2.72082491E-03   2.83040479E-03
        3100           1   8.35915853E-05   2.63880752E-03   2.73787160E-03
        3120           1   7.93287763E-05   2.55990075E-03   2.64866278E-03
        3140           1   7.60877883E-05   2.47682584E-03   2.55874754E-03
        3160           1   7.41183394E-05   2.39607599E-03   2.46671471E-03
        3180           1   7.32225817E-05   2.32078927E-03   2.37199361E-03
        3200           1   7.28082960E-05   2.24933610E-03   2.27791001E-03
        3220           1   7.20246608E-05   2.18122499E-03   2.19424232E-03
        3240           1   7.04466511E-05   2.11823964E-03   2.11843452E-03
        3260           1   6.79942168E-05   2.05765618E-03   2.05190619E-03
        3280           1   6.49844151E-05   1.99814886E-03   1.99169689E-03
        3300           1   6.18964696E-05   1.93959801E-03   1.93336501E-03
        3320           1   5.91333774E-05   1.88358885E-03   1.87878858E-03
        3340           1   5.68823452E-05   1.82586303E-03   1.82197057E-03
        3360           1   5.53035097E-05   1.77105539E-03   1.76852907E-03
        3380           1   5.42644702E-05   1.71352120E-03   1.71391794E-03
        3400           1   5.35343352E-05   1.65628071E-03   1.66192767E-03
        3420           1   5.27859302E-05   1.60134560E-03   1.61043648E-03
        3440           1   5.17472763E-05   1.54833077E-03   1.56395906E-03
        3460           1   5.03289302E-05   1.50007824E-03   1.51862612E-03
        3480           1   4.85639830E-05   1.45759829E-03   1.47754094E-03
        3500           1   4.66652891E-05   1.42008357E-03   1.43611152E-03
        3520           1   4.47971070E-05   1.38369412E-03   1.39420992E-03
        3540           1   4.32068482E-05   1.34885288E-03   1.35045266E-03
        3560           1   4.19097159E-05   1.31339801E-03   1.30754441E-03
        3580           1   4.09028653E-05   1.27729645E-03   1.26420904E-03
        3600           1   4.00510871E-05   1.23996672E-03   1.22473564E-03
        3620           1   3.92559850E-05   1.20449741E-03   1.19131280E-03
        3640           1   3.84100531E-05   1.17030379E-03   1.15843909E-03
        3660           1   3.74940391E-05   1.13708747E-03   1.12780859E-03
        3680           1   3.64509324E-05   1.10500073E-03   1.09847577E-03
        3700           1   3.53123942E-05   1.07343832E-03   1.07025902E-03
        3720           1   3.41882369E-05   1.04344054E-03   1.04066229E-03
        3740           1   3.31733427E-05   1.01433787E-03   1.01094891E-03
        3760           1   3.22812812E-05   9.88090993E-04   9.81961144E-04
        3780           1   3.15332509E-05   9.60740726E-04   9.52308765E-04
        3800           1   3.08742783E-05   9.33416013E-04   9.24483640E-04
        3820           1   3.02085118E-05   9.06535948E-04   8.95930803E-04
        3840           1   2.95114605E-05   8.81089596E-04   8.71039403E-04
        3860           1   2.86794457E-05   8.57414328E-04   8.46608018E-04
        3880           1   2.77393028E-05   8.32452846E-04   8.23565060E-04
        3900           1   2.67976939E-05   8.09832825E-04   8.02497787E-04
        3920           1   2.58542350E-05   7.88128411E-04   7.80730625E-04
        3940           1   2.50250432E-05   7.65744015E-04   7.59218354E-04
        3960           1   2.43065042E-05   7.44993507E-04   7.37404509E-04
        3980           1   2.37363165E-05   7.25412043E-04   7.17596035E-04
        4000           1   2.32256207E-05   7.08679552E-04   6.97318814E-04
        4020           1   2.27242035E-05   6.88792381E-04   6.76916679E-04
        4040           1   2.22295857E-05   6.70621579E-04   6.59931276E-04
        4060           1   2.16670924E-05   6.53609051E-04   6.44268002E-04
        4080           1   2.10996586E-05   6.35428354E-04   6.27206231E-04
        4100           1   2.05840806E-05   6.18875027E-04   6.09733106E-04
        4120           1   2.00538288E-05   6.02391665E-04   5.95130026E-04
        4140           1   1.95719531E-05   5.86019247E-04   5.78396372E-04
        4160           1   1.90997453E-05   5.72139281E-04   5.63054346E-04
        4180           1   1.86943726E-05   5.56619256E-04   5.47962438E-04
        4200           1   1.82957665E-05   5.44158625E-04   5.35292143E-04
        4220           1   1.78571408E-05   5.26348304E-04   5.21798036E-04
        4240           1   1.73606695E-05   5.13404259E-04   5.09283913E-04
        4259           1   1.68469069E-05   4.99435584E-04   4.95914195E-04
 Solver: fs        , Convection scheme: uds       
 RE=   1000.00000     , N=          64
 Selected Time scheme:            1
 DT=   1.09374998E-02
 Wall-clock time (s):    38.9097710    
Note: The following floating-point exceptions are signalling: IEEE_UNDERFLOW_FLAG
