 DT=?
          20        1404   9.99970653E-05   2.96223736       1.29254544    
          40         564   9.99840559E-05   1.74417341      0.894482791    
          60         363   9.99831609E-05   1.27033353      0.781508565    
          80         277   9.99807089E-05   1.01533270      0.736732960    
         100         237   9.99565091E-05  0.875440001      0.711691082    
         120         213   9.99136319E-05  0.805201352      0.692835212    
         140         197   9.99237891E-05  0.770694375      0.677782893    
         160         184   9.99998883E-05  0.752897143      0.665733099    
         180         176   9.99109761E-05  0.742362320      0.655860126    
         200         169   9.99979457E-05  0.733891368      0.647175252    
         220         163   9.99970725E-05  0.726572037      0.638948560    
         240         158   9.99854092E-05  0.718709111      0.630767941    
         260         153   9.99030963E-05  0.710325837      0.622217417    
         280         150   9.98970354E-05  0.701673806      0.613716960    
         300         145   9.98915712E-05  0.692192078      0.604539514    
         320         142   9.99151744E-05  0.681961298      0.595089078    
         340         138   9.99120093E-05  0.671005368      0.585533261    
         360         134   9.98856922E-05  0.659372389      0.575731039    
         380         131   9.99114854E-05  0.647251487      0.565544844    
         400         126   9.99643526E-05  0.634548426      0.555129230    
         420         124   9.98922551E-05  0.621429920      0.544576645    
         440         120   9.98857067E-05  0.607768774      0.533843040    
         460         117   9.99616968E-05  0.593754530      0.522833049    
         480         114   9.98914184E-05  0.579346359      0.511805236    
         500         110   9.99809054E-05  0.564739883      0.500787258    
         520         107   9.99637559E-05  0.549805403      0.489835024    
         540         105   9.99088588E-05  0.534493566      0.478994817    
         560         101   9.99059630E-05  0.518958926      0.468129128    
         580          99   9.99089971E-05  0.503378689      0.457502574    
         600          97   9.99167096E-05  0.487583578      0.446976840    
         620          93   9.98794276E-05  0.471795261      0.436688066    
         640          90   9.99010299E-05  0.456107348      0.426439792    
         660          88   9.98655305E-05  0.440415472      0.416395783    
         680          85   9.98909891E-05  0.425027639      0.406297475    
         700          81   9.99892873E-05  0.409732223      0.396211892    
         720          79   9.99186232E-05  0.394789994      0.386057645    
         740          76   9.99959011E-05  0.380042970      0.375773609    
         760          73   9.99987096E-05  0.365676522      0.365403950    
         780          70   9.99995900E-05  0.351499468      0.354810447    
         800          69   9.98855030E-05  0.337714761      0.344165653    
         820          66   9.99298645E-05  0.324254632      0.333284646    
         840          64   9.99513286E-05  0.311099708      0.322393179    
         860          60   9.99509502E-05  0.298424780      0.311372995    
         880          59   9.99960102E-05  0.286052763      0.300337970    
         900          56   9.98615360E-05  0.274048567      0.289349556    
         920          55   9.98973046E-05  0.262493581      0.278346717    
         940          51   9.99809927E-05  0.251359165      0.267473668    
         960          50   9.98580581E-05  0.240546495      0.256744266    
         980          48   9.98473479E-05  0.230086446      0.246120587    
        1000          46   9.99336698E-05  0.220000297      0.235725775    
        1020          44   9.99073163E-05  0.210311726      0.225525409    
        1040          41   9.99370022E-05  0.200945348      0.215546831    
        1060          40   9.99137264E-05  0.191902220      0.205844253    
        1080          38   9.99209951E-05  0.183161601      0.196458369    
        1100          36   9.99286276E-05  0.174739838      0.187373713    
        1120          34   9.99842887E-05  0.166634873      0.178591907    
        1140          34   9.98756586E-05  0.158809021      0.170173272    
        1160          32   9.99945987E-05  0.151310921      0.162092358    
        1180          30   9.99912445E-05  0.144115567      0.154366195    
        1200          30   9.99130643E-05  0.137217313      0.146982551    
        1220          28   9.99579570E-05  0.130635068      0.139924482    
        1240          27   9.98963296E-05  0.124340937      0.133202597    
        1260          27   9.99619224E-05  0.118326455      0.126803249    
        1280          25   9.98774121E-05  0.112584576      0.120721251    
        1300          24   9.99755066E-05  0.107113078      0.114934251    
        1320          23   9.99632175E-05  0.101876505      0.109431058    
        1340          22   9.98744654E-05   9.68660936E-02  0.104196578    
        1360          21   9.99534168E-05   9.20776352E-02   9.92101729E-02
        1380          21   9.99035765E-05   8.74841511E-02   9.44635123E-02
        1400          21   9.99143085E-05   8.30908716E-02   8.99319276E-02
        1420          19   9.98941250E-05   7.88825527E-02   8.56061429E-02
        1440          17   9.99996628E-05   7.48590007E-02   8.14664438E-02
        1460          17   9.99035547E-05   7.09815472E-02   7.75189549E-02
        1480          17   9.99797703E-05   6.72788918E-02   7.37340748E-02
        1500          15   9.99836702E-05   6.37354180E-02   7.01042786E-02
        1520          14   9.99340846E-05   6.03448823E-02   6.66270182E-02
        1540          15   9.99373951E-05   5.70984147E-02   6.32936507E-02
        1560          14   9.99714830E-05   5.40126190E-02   6.00922629E-02
        1580          14   9.99383119E-05   5.10707162E-02   5.70212305E-02
        1600          14   9.98877003E-05   4.82718199E-02   5.40760048E-02
        1620          11   9.99256736E-05   4.56305519E-02   5.12465313E-02
        1640          11   9.99543845E-05   4.31196727E-02   4.85424176E-02
        1660          10   9.99926851E-05   4.07468490E-02   4.59501781E-02
        1680          11   9.99304175E-05   3.84956710E-02   4.34757918E-02
        1700          10   9.98876712E-05   3.63724492E-02   4.11106981E-02
        1720          10   9.99003823E-05   3.43644209E-02   3.88559066E-02
        1740          10   9.98925534E-05   3.24735641E-02   3.67090702E-02
        1760           9   9.99986514E-05   3.06915920E-02   3.46656926E-02
        1780           9   9.99015465E-05   2.90061105E-02   3.27301845E-02
        1800           8   9.99132972E-05   2.74161045E-02   3.08950171E-02
        1820           8   9.99052572E-05   2.59146616E-02   2.91600656E-02
        1840           8   9.99003969E-05   2.45017838E-02   2.75236089E-02
        1860           7   9.99080221E-05   2.31729262E-02   2.59805862E-02
        1880           7   9.99446711E-05   2.19223984E-02   2.45277695E-02
        1900           6   9.98899995E-05   2.07497217E-02   2.31640320E-02
        1920           7   9.99840195E-05   1.96498297E-02   2.18843706E-02
        1940           5   9.99812037E-05   1.86255500E-02   2.06870344E-02
        1960           5   9.99736803E-05   1.76654365E-02   1.95629224E-02
        1980           4   9.99825934E-05   1.67664569E-02   1.85136702E-02
        2000           5   9.99315016E-05   1.59161463E-02   1.75338015E-02
        2020           4   9.99682015E-05   1.51308328E-02   1.66173112E-02
        2040           5   9.99017211E-05   1.43855531E-02   1.57612432E-02
        2060           4   9.99911208E-05   1.36968568E-02   1.49570741E-02
        2080           5   9.99225886E-05   1.30270021E-02   1.42065864E-02
        2100           3   9.99708063E-05   1.24116065E-02   1.34988865E-02
        2120           4   9.98929318E-05   1.18103931E-02   1.28389457E-02
        2140           2   9.99766999E-05   1.12503190E-02   1.22130699E-02
        2160           3   9.99645927E-05   1.07054533E-02   1.16275521E-02
        2180           2   9.99977055E-05   1.01913447E-02   1.10731544E-02
        2200           3   9.99402764E-05   9.69188008E-03   1.05500249E-02
        2220           2   9.99578624E-05   9.22567397E-03   1.00508509E-02
        2240           3   9.99722906E-05   8.77274480E-03   9.57888830E-03
        2260           4   9.98889300E-05   8.33444763E-03   9.13042482E-03
        2280           2   9.99086769E-05   7.93057494E-03   8.70127883E-03
        2300           4   9.99116091E-05   7.53200985E-03   8.29583406E-03
        2320           4   9.99234180E-05   7.16059981E-03   7.90577009E-03
        2340           3   9.99009499E-05   6.80689421E-03   7.53445597E-03
        2360           2   9.99182812E-05   6.47996366E-03   7.17589399E-03
        2380           2   9.99119584E-05   6.16239524E-03   6.83768885E-03
        2400           3   9.98864052E-05   5.85861597E-03   6.51333015E-03
        2420           2   9.99844415E-05   5.59222884E-03   6.20163698E-03
        2440           2   9.99857002E-05   5.33625577E-03   5.90568269E-03
        2460           2   9.99844415E-05   5.10048121E-03   5.62215783E-03
        2480           2   9.98995456E-05   4.87731257E-03   5.35455858E-03
        2500           1   9.99755066E-05   4.67029586E-03   5.09734312E-03
        2520           2   9.99362092E-05   4.47077490E-03   4.85420367E-03
        2540           1   9.98982287E-05   4.28130012E-03   4.62195091E-03
        2560           1   9.98808464E-05   4.09813784E-03   4.40155715E-03
        2580           2   9.99697586E-05   3.92606575E-03   4.19312064E-03
        2600           1   9.99547992E-05   3.76309361E-03   3.99377011E-03
        2620           1   9.99099793E-05   3.60496738E-03   3.80542688E-03
        2640           2   9.99030235E-05   3.45277111E-03   3.62828560E-03
        2660           1   9.99998811E-05   3.31279263E-03   3.45911016E-03
        2680           1   9.97303869E-05   3.17449332E-03   3.30193387E-03
        2700           1   9.97889729E-05   3.04472144E-03   3.15053109E-03
        2720           1   9.97285315E-05   2.91886320E-03   3.00916145E-03
        2740           1   9.98724354E-05   2.79757986E-03   2.87407241E-03
        2760           1   9.85929364E-05   2.68618250E-03   2.75182864E-03
        2780           1   9.69543034E-05   2.58019287E-03   2.63769296E-03
        2800           1   9.41120088E-05   2.48436350E-03   2.53654644E-03
        2820           1   9.01591193E-05   2.39490531E-03   2.44798558E-03
        2840           1   8.55420876E-05   2.31275987E-03   2.36870721E-03
        2860           1   8.10169076E-05   2.23549968E-03   2.29284097E-03
        2880           1   7.72793210E-05   2.16224929E-03   2.21620593E-03
        2900           1   7.45904326E-05   2.08791345E-03   2.13756994E-03
        2920           1   7.28752275E-05   2.01792596E-03   2.05706386E-03
        2940           1   7.17882795E-05   1.95152138E-03   1.97671144E-03
        2960           1   7.07530926E-05   1.88797351E-03   1.89868652E-03
        2980           1   6.92767499E-05   1.82937470E-03   1.82612217E-03
        3000           1   6.71735179E-05   1.77103234E-03   1.76289689E-03
        3020           1   6.45431137E-05   1.71647058E-03   1.70650939E-03
        3040           1   6.16276884E-05   1.66407996E-03   1.65400642E-03
        3060           1   5.89263545E-05   1.61386444E-03   1.60166400E-03
        3080           1   5.66306480E-05   1.56161317E-03   1.55383931E-03
        3100           1   5.48289281E-05   1.51171000E-03   1.50483637E-03
        3120           1   5.34408719E-05   1.46062451E-03   1.45502377E-03
        3140           1   5.23509370E-05   1.41072494E-03   1.40817091E-03
        3160           1   5.12996994E-05   1.36295368E-03   1.36129523E-03
        3180           1   5.01759750E-05   1.31571933E-03   1.31810829E-03
        3200           1   4.87860743E-05   1.26960874E-03   1.27655966E-03
        3220           1   4.72490719E-05   1.23046734E-03   1.23755424E-03
        3240           1   4.55557019E-05   1.19298953E-03   1.20260892E-03
        3260           1   4.38796014E-05   1.15961360E-03   1.16452668E-03
        3280           1   4.22941230E-05   1.12769869E-03   1.12674281E-03
        3300           1   4.09490531E-05   1.09574606E-03   1.08772435E-03
        3320           1   3.97378026E-05   1.06372335E-03   1.05022418E-03
        3340           1   3.86092433E-05   1.03337702E-03   1.01580087E-03
        3360           1   3.75904056E-05   1.00425212E-03   9.83499223E-04
        3380           1   3.66063141E-05   9.73585877E-04   9.54434741E-04
        3400           1   3.56391974E-05   9.43167193E-04   9.28705791E-04
        3420           1   3.46654488E-05   9.16697492E-04   9.01308027E-04
        3440           1   3.37265083E-05   8.87958857E-04   8.76299920E-04
        3460           1   3.28077767E-05   8.62831715E-04   8.48781201E-04
        3480           1   3.18754719E-05   8.36028601E-04   8.25314550E-04
        3500           1   3.10304749E-05   8.12202983E-04   7.99935078E-04
        3520           1   3.01564196E-05   7.86321471E-04   7.75979017E-04
        3540           1   2.93439916E-05   7.65073346E-04   7.51713233E-04
        3560           1   2.85684873E-05   7.40558200E-04   7.31779845E-04
        3580           1   2.77850322E-05   7.19189411E-04   7.11645698E-04
        3600           1   2.69541160E-05   6.98023126E-04   6.89675973E-04
        3620           1   2.61043806E-05   6.76633790E-04   6.70710811E-04
        3640           1   2.52490026E-05   6.57051394E-04   6.51282724E-04
        3660           1   2.43976865E-05   6.35911012E-04   6.33169548E-04
        3680           1   2.35844891E-05   6.18205289E-04   6.14537683E-04
        3700           1   2.28480621E-05   6.00079715E-04   5.97220205E-04
        3720           1   2.21890205E-05   5.83245535E-04   5.78685431E-04
        3740           1   2.15949858E-05   5.67404553E-04   5.63111971E-04
        3760           1   2.10393991E-05   5.52665326E-04   5.45400777E-04
        3780           1   2.05161596E-05   5.39810106E-04   5.29410434E-04
        3800           1   2.00103605E-05   5.24319359E-04   5.13700070E-04
        3820           1   1.94831737E-05   5.10649174E-04   5.00122900E-04
        3836           1   1.91065046E-05   4.98796580E-04   4.89892031E-04
 Solver: fs        , Convection scheme: uds       
 RE=   1000.00000     , N=          64
 Selected Time scheme:            1
 DT=   1.25000002E-02
 Wall-clock time (s):    41.3430748    
Note: The following floating-point exceptions are signalling: IEEE_UNDERFLOW_FLAG
