 DT=?
          20         184   9.99853874E-05  0.566058457      0.244636685    
          40         142   9.99606491E-05  0.415105700      0.188842013    
          60         110   9.99795448E-05  0.310587287      0.156052575    
          80          86   9.99414842E-05  0.244453445      0.135832682    
         100          64   9.99476615E-05  0.195755586      0.122535676    
         120          58   9.99147014E-05  0.163649336      0.112413555    
         140          36   9.99187323E-05  0.142310798      0.104438491    
         160          29   9.98702890E-05  0.126510069       9.88075957E-02
         180          27   9.97530587E-05  0.116620183       9.53651592E-02
         200          25   9.96142553E-05  0.108549491       9.22100618E-02
         220          24   9.98499891E-05  0.103195220       8.95040780E-02
         240          21   9.95770897E-05   9.88227352E-02   8.74307826E-02
         260          19   9.94965667E-05   9.58717167E-02   8.55306610E-02
         280          22   9.94408401E-05   9.30133983E-02   8.37568864E-02
         300          22   9.95970040E-05   9.10693929E-02   8.21383521E-02
         320          18   9.97930765E-05   8.89571011E-02   8.06924552E-02
         340          16   9.97464813E-05   8.73129591E-02   7.92660639E-02
         360          14   9.97375319E-05   8.57805461E-02   7.79263601E-02
         380          11   9.96266244E-05   8.43527988E-02   7.66503066E-02
         400          12   9.95926457E-05   8.30129087E-02   7.55556524E-02
         420           8   9.99316544E-05   8.17609727E-02   7.43786693E-02
         440           9   9.95970331E-05   8.05935338E-02   7.32526481E-02
         460           9   9.96058152E-05   7.94126540E-02   7.22574070E-02
         480           8   9.97432580E-05   7.82027245E-02   7.12281242E-02
         500           8   9.95313021E-05   7.71577656E-02   7.01371953E-02
         520           7   9.99270269E-05   7.60804191E-02   6.91745952E-02
         540           7   9.96491581E-05   7.49336332E-02   6.82104379E-02
         560           7   9.97399184E-05   7.38321543E-02   6.72471300E-02
         580           8   9.96404851E-05   7.28351995E-02   6.63454235E-02
         600           8   9.97122042E-05   7.18038455E-02   6.54454529E-02
         620           9   9.96190065E-05   7.06959590E-02   6.45290986E-02
         640          11   9.97737588E-05   6.96521103E-02   6.35871217E-02
         660          13   9.95302325E-05   6.86695352E-02   6.27332255E-02
         680          10   9.95349110E-05   6.76982105E-02   6.18486293E-02
         700          12   9.95332230E-05   6.66664019E-02   6.09893054E-02
         720           7   9.95602750E-05   6.56704009E-02   6.00672513E-02
         740           9   9.98557516E-05   6.47100806E-02   5.91968037E-02
         760           8   9.96654999E-05   6.37397990E-02   5.83308153E-02
         780           9   9.96169620E-05   6.27297089E-02   5.74967265E-02
         800           8   9.98483156E-05   6.17108978E-02   5.66548333E-02
         820           5   9.97795069E-05   6.07458651E-02   5.57914451E-02
         840           4   9.96334420E-05   5.97893596E-02   5.49458303E-02
         860           8   9.98014875E-05   5.88128641E-02   5.41471504E-02
         880          11   9.96946110E-05   5.78192510E-02   5.33524826E-02
         900          12   9.95992159E-05   5.68074137E-02   5.25648780E-02
         920           9   9.99325057E-05   5.58359623E-02   5.17399013E-02
         940          10   9.97502939E-05   5.48637249E-02   5.09418696E-02
         960           7   9.97305688E-05   5.39066121E-02   5.01300208E-02
         980           7   9.95462615E-05   5.29211462E-02   4.93514389E-02
        1000           5   9.96140952E-05   5.19411042E-02   4.85559776E-02
        1020           2   9.99595504E-05   5.09637780E-02   4.77619059E-02
        1040           1   9.95570881E-05   4.99825552E-02   4.69993055E-02
        1060           3   9.96577073E-05   4.90060337E-02   4.62388992E-02
        1080           3   9.95232986E-05   4.80379649E-02   4.54793088E-02
        1100           2   9.95203081E-05   4.70842421E-02   4.47199643E-02
        1120           9   9.99606200E-05   4.60757054E-02   4.40238677E-02
        1140           7   9.97064781E-05   4.51113693E-02   4.32815552E-02
        1160           4   9.99127660E-05   4.41578776E-02   4.25337851E-02
        1180           1   9.96345771E-05   4.32201438E-02   4.17952165E-02
        1200           3   9.96746894E-05   4.22738008E-02   4.10738848E-02
        1220           7   9.95730006E-05   4.13189903E-02   4.03688662E-02
        1240           6   9.95697410E-05   4.03939635E-02   3.96334454E-02
        1260           2   9.96542949E-05   3.94968055E-02   3.88861746E-02
        1280           7   9.95219016E-05   3.85456085E-02   3.82079482E-02
        1300           3   9.96967356E-05   3.76612544E-02   3.74770127E-02
        1320           3   9.98100877E-05   3.67579088E-02   3.67681645E-02
        1340           2   9.97988463E-05   3.58783081E-02   3.60653251E-02
        1360           3   9.97651659E-05   3.50050256E-02   3.53635959E-02
        1380           4   9.97276293E-05   3.41358744E-02   3.46579365E-02
        1400           7   9.98443065E-05   3.32642272E-02   3.39683294E-02
        1420           6   9.99102340E-05   3.24345455E-02   3.32551226E-02
        1440           5   9.95786104E-05   3.16078849E-02   3.25414613E-02
        1460           3   9.99967087E-05   3.08084134E-02   3.18168364E-02
        1480           2   9.98500109E-05   3.00032981E-02   3.11151892E-02
        1500           4   9.98683972E-05   2.91895438E-02   3.04378532E-02
        1520           6   9.96195813E-05   2.83881724E-02   2.97597274E-02
        1540           4   9.99700060E-05   2.76278611E-02   2.90674623E-02
        1560           4   9.94967850E-05   2.68596970E-02   2.83953622E-02
        1580           2   9.94908187E-05   2.61246152E-02   2.77126543E-02
        1600           4   9.99615440E-05   2.53845304E-02   2.70453598E-02
        1620           4   9.95253940E-05   2.46648118E-02   2.63835825E-02
        1640           1   9.99867552E-05   2.39922218E-02   2.57084817E-02
        1660           3   9.97675015E-05   2.32873783E-02   2.50665285E-02
        1680           2   9.99259282E-05   2.26348899E-02   2.44124364E-02
        1700           4   9.99267795E-05   2.19601002E-02   2.37788111E-02
        1720           3   9.95971204E-05   2.13202648E-02   2.31442600E-02
        1740           2   9.95321461E-05   2.07010005E-02   2.25150250E-02
        1760           3   9.98811302E-05   2.00784635E-02   2.19057947E-02
        1780           3   9.98558462E-05   1.94801912E-02   2.13027801E-02
        1800           1   9.95746013E-05   1.89038590E-02   2.07058769E-02
        1820           3   9.98309406E-05   1.83238368E-02   2.01285481E-02
        1840           4   9.96543386E-05   1.77572276E-02   1.95599627E-02
        1860           1   9.99474869E-05   1.72407571E-02   1.89866200E-02
        1880           3   9.97203460E-05   1.66985057E-02   1.84397548E-02
        1900           2   9.98606993E-05   1.61926001E-02   1.78956911E-02
        1920           1   9.97752795E-05   1.57002676E-02   1.73623189E-02
        1940           2   9.96379240E-05   1.52088478E-02   1.68456696E-02
        1960           2   9.97790557E-05   1.47416443E-02   1.63366720E-02
        1980           2   9.99732001E-05   1.42899388E-02   1.58384163E-02
        2000           1   9.98072719E-05   1.38513846E-02   1.53509071E-02
        2020           2   9.95786540E-05   1.34132095E-02   1.48809720E-02
        2040           2   9.98286996E-05   1.30001688E-02   1.44180823E-02
        2060           1   9.96330200E-05   1.26005141E-02   1.39656924E-02
        2080           2   9.97051975E-05   1.22004189E-02   1.35283340E-02
        2100           2   9.95382579E-05   1.18140262E-02   1.31018367E-02
        2120           1   9.97057650E-05   1.14541426E-02   1.26834558E-02
        2140           1   9.98219039E-05   1.10956728E-02   1.22802239E-02
        2160           1   9.92781643E-05   1.07501782E-02   1.18887359E-02
        2180           2   9.99588810E-05   1.04050124E-02   1.15105677E-02
        2200           2   9.96056770E-05   1.00733871E-02   1.11433966E-02
        2220           1   9.99342374E-05   9.76867415E-03   1.07824542E-02
        2240           1   9.95964219E-05   9.45199374E-03   1.04373842E-02
        2260           2   9.98417017E-05   9.14887898E-03   1.01030041E-02
        2280           2   9.97657698E-05   8.85979086E-03   9.77790356E-03
        2300           1   9.95629016E-05   8.58576223E-03   9.46095958E-03
        2320           1   9.90963308E-05   8.31372477E-03   9.15604830E-03
        2340           1   9.95154696E-05   8.05456005E-03   8.85859132E-03
        2360           1   9.86902378E-05   7.80030433E-03   8.57322104E-03
        2380           1   9.67795568E-05   7.54705770E-03   8.29980522E-03
        2400           1   9.52441696E-05   7.31448689E-03   8.03001411E-03
        2420           1   9.46627551E-05   7.08222063E-03   7.77121773E-03
        2440           1   9.22484105E-05   6.85615372E-03   7.52093084E-03
        2460           1   8.90787633E-05   6.64225081E-03   7.27983192E-03
        2480           1   8.52535450E-05   6.43239031E-03   7.04815518E-03
        2500           1   8.27497861E-05   6.23258529E-03   6.81812363E-03
        2520           1   8.15807725E-05   6.03856193E-03   6.59658015E-03
        2540           1   8.00866255E-05   5.84807247E-03   6.38584932E-03
        2560           1   7.73897336E-05   5.66542428E-03   6.18175464E-03
        2580           1   7.42824923E-05   5.48758637E-03   5.98535035E-03
        2600           1   7.19326927E-05   5.31573128E-03   5.79402968E-03
        2620           1   7.05558923E-05   5.14892302E-03   5.60819777E-03
        2640           1   6.92314643E-05   4.98688128E-03   5.42791700E-03
        2660           1   6.71636590E-05   4.83017694E-03   5.25612012E-03
        2680           1   6.45938562E-05   4.67972271E-03   5.08928858E-03
        2700           1   6.24622553E-05   4.53370204E-03   4.92551457E-03
        2720           1   6.09590752E-05   4.39114589E-03   4.76861093E-03
        2740           1   5.97365761E-05   4.25219303E-03   4.61827544E-03
        2760           1   5.81299319E-05   4.11853055E-03   4.47301334E-03
        2780           1   5.60827502E-05   3.98879312E-03   4.33206325E-03
        2800           1   5.41202535E-05   3.86444759E-03   4.19370783E-03
        2820           1   5.26592848E-05   3.74396844E-03   4.06089053E-03
        2840           1   5.14898602E-05   3.62533750E-03   3.93135194E-03
        2860           1   5.02023868E-05   3.51076759E-03   3.80782364E-03
        2880           1   4.85559358E-05   3.39850318E-03   3.68853286E-03
        2900           1   4.68647158E-05   3.29121528E-03   3.57251195E-03
        2920           1   4.54875117E-05   3.18657607E-03   3.45997419E-03
        2940           1   4.43896715E-05   3.08600464E-03   3.35063832E-03
        2960           1   4.33242167E-05   2.98879435E-03   3.24467896E-03
        2980           1   4.20219258E-05   2.89447908E-03   3.14268284E-03
        3000           1   4.05848186E-05   2.80311913E-03   3.04358685E-03
        3020           1   3.93234586E-05   2.71478761E-03   2.94746622E-03
        3040           1   3.83138358E-05   2.62816716E-03   2.85477331E-03
        3060           1   3.73685762E-05   2.54388107E-03   2.76428065E-03
        3080           1   3.62439059E-05   2.46354355E-03   2.67738360E-03
        3100           1   3.51068993E-05   2.38579698E-03   2.59279273E-03
        3120           1   3.39695362E-05   2.30994727E-03   2.51105614E-03
        3140           1   3.30970688E-05   2.23731785E-03   2.43164203E-03
        3160           1   3.22480373E-05   2.16624094E-03   2.35446333E-03
        3180           1   3.13240780E-05   2.09711795E-03   2.27999082E-03
        3200           1   3.03571724E-05   2.03204248E-03   2.20826687E-03
        3220           1   2.93847515E-05   1.96686294E-03   2.13880860E-03
        3240           1   2.85435362E-05   1.90504082E-03   2.07062229E-03
        3260           1   2.78076313E-05   1.84500474E-03   2.00546673E-03
        3280           1   2.70379969E-05   1.78731803E-03   1.94181234E-03
        3300           1   2.61943824E-05   1.73001632E-03   1.88106019E-03
        3320           1   2.53955623E-05   1.67602557E-03   1.82129128E-03
        3340           1   2.46627624E-05   1.62294647E-03   1.76401448E-03
        3360           1   2.40525242E-05   1.57193397E-03   1.70853944E-03
        3380           1   2.33758219E-05   1.52341893E-03   1.65414077E-03
        3400           1   2.26793927E-05   1.47473894E-03   1.60231953E-03
        3420           1   2.19846006E-05   1.42879190E-03   1.55153894E-03
        3440           1   2.13484655E-05   1.38482021E-03   1.50362519E-03
        3460           1   2.07430658E-05   1.34088215E-03   1.45576207E-03
        3480           1   2.01722596E-05   1.29935914E-03   1.40951003E-03
        3500           1   1.95768880E-05   1.25900260E-03   1.36550935E-03
        3520           1   1.90017327E-05   1.22025609E-03   1.32252648E-03
        3540           1   1.84467026E-05   1.18281716E-03   1.28117681E-03
        3560           1   1.79466042E-05   1.14573888E-03   1.24086696E-03
        3580           1   1.74418965E-05   1.10975152E-03   1.20213209E-03
        3600           1   1.69396662E-05   1.07563706E-03   1.16480340E-03
        3620           1   1.64308258E-05   1.04369468E-03   1.12788822E-03
        3640           1   1.59550909E-05   1.01114938E-03   1.09265698E-03
        3660           1   1.54784648E-05   9.79844015E-04   1.05820678E-03
        3680           1   1.50623528E-05   9.49586742E-04   1.02541619E-03
        3700           1   1.46074999E-05   9.20124468E-04   9.93505819E-04
        3720           1   1.41571618E-05   8.91875476E-04   9.63310245E-04
        3740           1   1.37502657E-05   8.64978181E-04   9.33381729E-04
        3760           1   1.33847152E-05   8.38448643E-04   9.04836808E-04
        3780           1   1.30265089E-05   8.12770682E-04   8.76126229E-04
        3800           1   1.26364757E-05   7.88043195E-04   8.49078817E-04
        3820           1   1.22665979E-05   7.63981021E-04   8.22880713E-04
        3840           1   1.19039096E-05   7.40470714E-04   7.97508459E-04
        3860           1   1.15768698E-05   7.18298252E-04   7.72991916E-04
        3880           1   1.12327889E-05   6.95772062E-04   7.50010717E-04
        3900           1   1.08989288E-05   6.76043623E-04   7.26682832E-04
        3920           1   1.06209745E-05   6.54703472E-04   7.04300124E-04
        3940           1   1.02971244E-05   6.35550823E-04   6.82841986E-04
        3960           1   9.99915210E-06   6.16634265E-04   6.62515231E-04
        3980           1   9.73443912E-06   5.97910257E-04   6.41939114E-04
        4000           1   9.40842983E-06   5.79127169E-04   6.23349566E-04
        4020           1   9.17792113E-06   5.62236062E-04   6.03944063E-04
        4040           1   8.91658783E-06   5.45424002E-04   5.85345901E-04
        4060           1   8.67229119E-06   5.29303099E-04   5.67628245E-04
        4080           1   8.41723704E-06   5.12997503E-04   5.50528406E-04
        4100           1   8.17304044E-06   4.97909146E-04   5.33560989E-04
        4120           1   7.97082612E-06   4.82686446E-04   5.17717795E-04
        4140           1   7.68959944E-06   4.68719081E-04   5.01704169E-04
        4143           1   7.64488141E-06   4.66018711E-04   4.99638962E-04
 Solver: fs        , Convection scheme: uds       
 RE=   1000.00000     , N=          32
 Selected Time scheme:            2
 DT=   7.81250000E-03
 Wall-clock time (s):    2.15271497    
Note: The following floating-point exceptions are signalling: IEEE_UNDERFLOW_FLAG
