 DT=?
          20        1234   9.99930562E-05   2.74111032       1.15800095    
          40         465   9.99964541E-05   1.63034189      0.768049479    
          60         283   9.99828771E-05   1.19459081      0.639552474    
          80         207   9.99664771E-05  0.951144695      0.585628152    
         100         170   9.99781187E-05  0.799269199      0.558533788    
         120         150   9.99475742E-05  0.699840426      0.542063177    
         140         136   9.99610274E-05  0.639208078      0.529527664    
         160         126   9.99726035E-05  0.603336036      0.519090474    
         180         119   9.98808537E-05  0.582253635      0.510485291    
         200         112   9.99452022E-05  0.569934368      0.503198743    
         220         107   9.99691038E-05  0.561976075      0.496892363    
         240         104   9.99626573E-05  0.556285143      0.491331995    
         260         101   9.98994074E-05  0.551634848      0.486433357    
         280          98   9.99506228E-05  0.547370672      0.481686890    
         300          95   9.99075637E-05  0.543110132      0.477163672    
         320          93   9.99155673E-05  0.538645744      0.472555995    
         340          91   9.99660551E-05  0.534043789      0.467712849    
         360          89   9.99593321E-05  0.529343307      0.462986231    
         380          86   9.99882395E-05  0.524307013      0.458068073    
         400          86   9.98955802E-05  0.518795252      0.452966601    
         420          83   9.99988697E-05  0.513094127      0.447662443    
         440          81   9.99410695E-05  0.506950855      0.442331105    
         460          80   9.99036492E-05  0.500707626      0.436891943    
         480          78   9.99396871E-05  0.494232863      0.431416899    
         500          77   9.99022304E-05  0.487442225      0.425748587    
         520          75   9.99359618E-05  0.480337679      0.419892937    
         540          74   9.98712057E-05  0.473177552      0.414058387    
         560          71   9.98924515E-05  0.465812802      0.408098221    
         580          70   9.98916730E-05  0.458094925      0.402092427    
         600          69   9.98947871E-05  0.450380981      0.395983577    
         620          67   9.99500553E-05  0.442445695      0.389767677    
         640          67   9.98746691E-05  0.434273630      0.383579105    
         660          65   9.98939722E-05  0.426118851      0.377395213    
         680          64   9.98666146E-05  0.417705506      0.371242970    
         700          61   9.99381737E-05  0.409297436      0.365074813    
         720          61   9.99751792E-05  0.400661975      0.359008372    
         740          59   9.99966796E-05  0.391972631      0.352918893    
         760          58   9.98913747E-05  0.383200884      0.346880853    
         780          56   9.99337790E-05  0.374379277      0.340940356    
         800          57   9.98756368E-05  0.365495741      0.335040301    
         820          55   9.99059412E-05  0.356635690      0.329236746    
         840          53   9.98824326E-05  0.347755015      0.323500335    
         860          52   9.99344702E-05  0.338963151      0.317725003    
         880          50   9.99225958E-05  0.330156505      0.312120914    
         900          49   9.99735057E-05  0.321495056      0.306467026    
         920          47   9.99762851E-05  0.312874883      0.300753415    
         940          47   9.98651158E-05  0.304339737      0.295124233    
         960          45   9.99878393E-05  0.295961767      0.289382696    
         980          44   9.99725453E-05  0.287632853      0.283598483    
        1000          44   9.99311887E-05  0.279472053      0.277822852    
        1020          41   9.99751792E-05  0.271468341      0.271920294    
        1040          42   9.98557734E-05  0.263486773      0.265982151    
        1060          40   9.99045005E-05  0.255724847      0.260005236    
        1080          38   9.98528849E-05  0.248107895      0.253927588    
        1100          38   9.99014519E-05  0.240591183      0.247806251    
        1120          36   9.98657270E-05  0.233222142      0.241670534    
        1140          35   9.99893091E-05  0.226073369      0.235481575    
        1160          34   9.99413387E-05  0.219051465      0.229265451    
        1180          33   9.99491895E-05  0.212174550      0.223088726    
        1200          32   9.99051408E-05  0.205445603      0.216908947    
        1220          31   9.98839023E-05  0.198913321      0.210721418    
        1240          31   9.98895266E-05  0.192577615      0.204580337    
        1260          29   9.99209515E-05  0.186382741      0.198498547    
        1280          29   9.99146796E-05  0.180328101      0.192477003    
        1300          28   9.99195618E-05  0.174427494      0.186496317    
        1320          26   9.98550895E-05  0.168669298      0.180596471    
        1340          26   9.99296390E-05  0.163094491      0.174796760    
        1360          25   9.99641561E-05  0.157669872      0.169079959    
        1380          24   9.98771065E-05  0.152372643      0.163459539    
        1400          23   9.98796750E-05  0.147231251      0.157934412    
        1420          23   9.99062031E-05  0.142207026      0.152552217    
        1440          22   9.99432596E-05  0.137314558      0.147296369    
        1460          22   9.99552794E-05  0.132550344      0.142172039    
        1480          20   9.99674521E-05  0.127931997      0.137170300    
        1500          19   9.99831827E-05  0.123437017      0.132302672    
        1520          19   9.99077529E-05  0.119062491      0.127594098    
        1540          19   9.98933101E-05  0.114814281      0.123033524    
        1560          18   9.98611649E-05  0.110702038      0.118618861    
        1580          17   9.99811527E-05  0.106730297      0.114339687    
        1600          16   9.99678668E-05  0.102878742      0.110209793    
        1620          15   9.99423428E-05   9.91530940E-02  0.106219225    
        1640          15   9.99913391E-05   9.55559909E-02  0.102367587    
        1660          15   9.99374170E-05   9.20730233E-02   9.86586511E-02
        1680          16   9.99102922E-05   8.87040272E-02   9.50862542E-02
        1700          15   9.99129115E-05   8.54614824E-02   9.16428193E-02
        1720          14   9.99260665E-05   8.23322386E-02   8.83259550E-02
        1740          14   9.99289841E-05   7.93033391E-02   8.51337612E-02
        1760          12   9.99699041E-05   7.63820931E-02   8.20542648E-02
        1780          13   9.98827090E-05   7.35451505E-02   7.90945962E-02
        1800          12   9.99951735E-05   7.08110854E-02   7.62358531E-02
        1820          12   9.98798714E-05   6.81564286E-02   7.34864175E-02
        1840          12   9.99062468E-05   6.55931309E-02   7.08310530E-02
        1860          10   9.99616459E-05   6.31181896E-02   6.82643801E-02
        1880          11   9.99431504E-05   6.07061274E-02   6.57913908E-02
        1900          10   9.99678377E-05   5.83827421E-02   6.33978695E-02
        1920          10   9.99130425E-05   5.61180227E-02   6.10911250E-02
        1940          10   9.99240729E-05   5.39296269E-02   5.88571653E-02
        1960          10   9.99466938E-05   5.18184640E-02   5.66916578E-02
        1980          10   9.99451440E-05   4.97693494E-02   5.45972697E-02
        2000          10   9.99047261E-05   4.77808639E-02   5.25715239E-02
        2020           9   9.99676922E-05   4.58713211E-02   5.06043248E-02
        2040           8   9.98981413E-05   4.40173447E-02   4.86994460E-02
        2060           8   9.98978721E-05   4.22311127E-02   4.68538404E-02
        2080           7   9.99663243E-05   4.05101627E-02   4.50600944E-02
        2100           9   9.99402910E-05   3.88379022E-02   4.33286987E-02
        2120           8   9.99135518E-05   3.72380130E-02   4.16473635E-02
        2140           8   9.98746546E-05   3.56952921E-02   4.00169492E-02
        2160           6   9.99969270E-05   3.42267826E-02   3.84336524E-02
        2180           7   9.99729673E-05   3.27987894E-02   3.69050950E-02
        2200           7   9.99368713E-05   3.14349309E-02   3.54252197E-02
        2220           6   9.99311014E-05   3.01322527E-02   3.39915529E-02
        2240           5   9.99892291E-05   2.88794003E-02   3.26078869E-02
        2260           6   9.99043696E-05   2.76721306E-02   3.12737972E-02
        2280           6   9.99678377E-05   2.65233852E-02   2.99818758E-02
        2300           6   9.98984324E-05   2.54170038E-02   2.87391338E-02
        2320           4   9.99226177E-05   2.43674833E-02   2.75364425E-02
        2340           6   9.99402691E-05   2.33516842E-02   2.63822973E-02
        2360           5   9.98928153E-05   2.23823152E-02   2.52738763E-02
        2380           4   9.99518816E-05   2.14599408E-02   2.42054202E-02
        2400           5   9.99377444E-05   2.05687601E-02   2.31825896E-02
        2420           4   9.99499753E-05   1.97222736E-02   2.21992154E-02
        2440           5   9.99291369E-05   1.89057998E-02   2.12590620E-02
        2460           4   9.99231634E-05   1.81333218E-02   2.03570854E-02
        2480           4   9.99245531E-05   1.73903443E-02   1.94968656E-02
        2500           4   9.99671174E-05   1.66824311E-02   1.86738223E-02
        2520           3   9.99497424E-05   1.60090178E-02   1.78863034E-02
        2540           3   9.99674667E-05   1.53648583E-02   1.71393678E-02
        2560           4   9.99568874E-05   1.47489123E-02   1.64256785E-02
        2580           3   9.99355252E-05   1.41653968E-02   1.57464277E-02
        2600           3   9.99008262E-05   1.36104338E-02   1.50997443E-02
        2620           2   9.99885669E-05   1.30871050E-02   1.44813703E-02
        2640           2   9.99307376E-05   1.25827212E-02   1.38974814E-02
        2660           3   9.98989417E-05   1.20992949E-02   1.33418078E-02
        2680           2   9.99433250E-05   1.16488840E-02   1.28113525E-02
        2700           2   9.99117110E-05   1.12113981E-02   1.23099638E-02
        2720           1   9.99921540E-05   1.08054196E-02   1.18295969E-02
        2740           2   9.98736505E-05   1.04009584E-02   1.13750659E-02
        2760           2   9.99115146E-05   1.00255143E-02   1.09412130E-02
        2780           1   9.99660915E-05   9.66827199E-03   1.05272820E-02
        2800           1   9.99800031E-05   9.31649841E-03   1.01340683E-02
        2820           2   9.99684125E-05   8.97501409E-03   9.75646172E-03
        2840           2   9.98873147E-05   8.64987727E-03   9.40193050E-03
        2860           1   9.99372423E-05   8.34013987E-03   9.05659702E-03
        2880           1   9.99627882E-05   8.03772453E-03   8.72821361E-03
        2900           2   9.99749391E-05   7.74442218E-03   8.41473322E-03
        2920           2   9.98843680E-05   7.45703559E-03   8.11465923E-03
        2940           2   9.99403928E-05   7.18717370E-03   7.82367121E-03
        2960           2   9.99236072E-05   6.92216586E-03   7.54548656E-03
        2980           2   9.99164622E-05   6.66424725E-03   7.27805169E-03
        3000           1   9.99634503E-05   6.42360281E-03   7.01936707E-03
        3020           1   9.99589320E-05   6.18463103E-03   6.77179080E-03
        3040           2   9.99664553E-05   5.95290959E-03   6.53335126E-03
        3060           2   9.99093099E-05   5.72697259E-03   6.30304078E-03
        3080           1   9.98877149E-05   5.52067719E-03   6.07872661E-03
        3100           2   9.99545446E-05   5.31226303E-03   5.86289214E-03
        3120           2   9.99405165E-05   5.11424150E-03   5.65513223E-03
        3140           1   9.97964380E-05   4.92466101E-03   5.45434142E-03
        3160           1   9.99119802E-05   4.74473508E-03   5.26059372E-03
        3180           1   9.99940676E-05   4.57230117E-03   5.07104257E-03
        3200           1   9.99114418E-05   4.40287264E-03   4.88864118E-03
        3220           1   9.98169344E-05   4.24752571E-03   4.71441820E-03
        3240           1   9.97517636E-05   4.10083169E-03   4.54571750E-03
        3260           1   9.99257754E-05   3.96321202E-03   4.38128505E-03
        3280           1   9.95120790E-05   3.83249740E-03   4.22351621E-03
        3300           1   9.99541953E-05   3.70651111E-03   4.07137116E-03
        3320           1   9.80487239E-05   3.58625920E-03   3.92803736E-03
        3340           1   9.53878480E-05   3.47409071E-03   3.79591668E-03
        3360           1   9.23691332E-05   3.37080075E-03   3.66648706E-03
        3380           1   8.89650328E-05   3.27341538E-03   3.54589475E-03
        3400           1   8.53966994E-05   3.17814481E-03   3.42940260E-03
        3420           1   8.20535934E-05   3.08343093E-03   3.31552303E-03
        3440           1   7.94118314E-05   2.99500534E-03   3.20134358E-03
        3460           1   7.77258028E-05   2.90689385E-03   3.08757275E-03
        3480           1   7.65408913E-05   2.82490067E-03   2.97747110E-03
        3500           1   7.53629647E-05   2.74703605E-03   2.87180091E-03
        3520           1   7.39367897E-05   2.66920356E-03   2.77423649E-03
        3540           1   7.21530159E-05   2.59719533E-03   2.68349983E-03
        3560           1   7.00293240E-05   2.52779806E-03   2.59350636E-03
        3580           1   6.76033887E-05   2.46112957E-03   2.51089316E-03
        3600           1   6.50504808E-05   2.39415513E-03   2.43412191E-03
        3620           1   6.26108158E-05   2.32834276E-03   2.36348854E-03
        3640           1   6.06057220E-05   2.26301327E-03   2.29122234E-03
        3660           1   5.90674499E-05   2.19845376E-03   2.22412171E-03
        3680           1   5.78776526E-05   2.13245256E-03   2.15716730E-03
        3700           1   5.68608375E-05   2.06991052E-03   2.09300010E-03
        3720           1   5.58410175E-05   2.00882601E-03   2.03289930E-03
        3740           1   5.46606025E-05   1.95131614E-03   1.97614264E-03
        3760           1   5.32295562E-05   1.89851457E-03   1.92250137E-03
        3780           1   5.15765205E-05   1.84878148E-03   1.86852319E-03
        3800           1   4.98013505E-05   1.80064433E-03   1.81877427E-03
        3820           1   4.81131283E-05   1.75668870E-03   1.76797586E-03
        3840           1   4.65920348E-05   1.71303039E-03   1.71653635E-03
        3860           1   4.53468638E-05   1.66944996E-03   1.66996254E-03
        3880           1   4.43528334E-05   1.62669702E-03   1.62091770E-03
        3900           1   4.34835092E-05   1.58382102E-03   1.57676532E-03
        3920           1   4.26383012E-05   1.54057366E-03   1.53605733E-03
        3940           1   4.17616284E-05   1.49898871E-03   1.49676006E-03
        3960           1   4.07672014E-05   1.45990972E-03   1.46112312E-03
        3980           1   3.96605174E-05   1.42219348E-03   1.42349058E-03
        4000           1   3.84738742E-05   1.38444302E-03   1.39080011E-03
        4020           1   3.73408438E-05   1.34898897E-03   1.35564781E-03
        4040           1   3.63056970E-05   1.31467055E-03   1.32163183E-03
        4060           1   3.53906144E-05   1.28147297E-03   1.28721155E-03
        4080           1   3.46470151E-05   1.24804035E-03   1.25215214E-03
        4100           1   3.39331855E-05   1.21565792E-03   1.21711195E-03
        4120           1   3.32344534E-05   1.18610368E-03   1.18474965E-03
        4140           1   3.24675129E-05   1.15415873E-03   1.15150178E-03
        4160           1   3.16477490E-05   1.12482510E-03   1.12157152E-03
        4180           1   3.07525661E-05   1.09595747E-03   1.09285524E-03
        4200           1   2.97989336E-05   1.06877286E-03   1.06442696E-03
        4220           1   2.89002128E-05   1.04208593E-03   1.03650091E-03
        4240           1   2.80461663E-05   1.01680018E-03   1.01135613E-03
        4260           1   2.73167825E-05   9.90282744E-04   9.84880142E-04
        4280           1   2.66866191E-05   9.65933548E-04   9.58920631E-04
        4300           1   2.61205496E-05   9.39431367E-04   9.35530174E-04
        4320           1   2.55675950E-05   9.18882433E-04   9.13009921E-04
        4340           1   2.50384819E-05   8.93808727E-04   8.90865864E-04
        4360           1   2.45019619E-05   8.71508149E-04   8.68747476E-04
        4380           1   2.39322180E-05   8.50869052E-04   8.45424365E-04
        4400           1   2.33577703E-05   8.31551210E-04   8.25293129E-04
        4420           1   2.28124172E-05   8.11268052E-04   8.06264172E-04
        4440           1   2.22647031E-05   7.93958548E-04   7.85554468E-04
        4460           1   2.17968063E-05   7.73989479E-04   7.64043420E-04
        4480           1   2.13306885E-05   7.55601330E-04   7.45254627E-04
        4500           1   2.08995316E-05   7.37615861E-04   7.26313330E-04
        4520           1   2.04453736E-05   7.17714545E-04   7.10729626E-04
        4540           1   1.99593142E-05   7.00349454E-04   6.92640606E-04
        4560           1   1.94363620E-05   6.84188330E-04   6.76594675E-04
        4580           1   1.88608428E-05   6.64428226E-04   6.59882848E-04
        4600           1   1.83126613E-05   6.48108718E-04   6.45238149E-04
        4620           1   1.77567708E-05   6.33221120E-04   6.28641574E-04
        4640           1   1.72778928E-05   6.15733792E-04   6.13480806E-04
        4660           1   1.68688293E-05   6.00672851E-04   5.97581151E-04
        4680           1   1.64682806E-05   5.89055242E-04   5.81557630E-04
        4700           1   1.61468688E-05   5.75397687E-04   5.66680159E-04
        4720           1   1.58052262E-05   5.62617090E-04   5.53395425E-04
        4740           1   1.54856680E-05   5.48556563E-04   5.38778026E-04
        4760           1   1.51377490E-05   5.38793218E-04   5.26504358E-04
        4780           1   1.47834762E-05   5.24095260E-04   5.14620857E-04
        4800           1   1.44451506E-05   5.11203718E-04   5.01569302E-04
        4819           1   1.41088494E-05   4.99548391E-04   4.89710015E-04
 Solver: fs        , Convection scheme: uds       
 RE=   1000.00000     , N=          64
 Selected Time scheme:            1
 DT=   9.37500037E-03
 Wall-clock time (s):    36.0877991    
Note: The following floating-point exceptions are signalling: IEEE_UNDERFLOW_FLAG
