 NTRANS, N, DT=?
          20         430   9.99769691E-05   3.12321496       1.41165495    
          40         185   9.99897020E-05   1.83043480       1.00429726    
          60         163   9.99734839E-05   1.32963550      0.900274575    
          80         143   9.99758267E-05   1.08304358      0.857574046    
         100         141   9.99737385E-05  0.968698382      0.830299497    
         120         152   9.99282274E-05  0.920811296      0.809812546    
         140         166   9.99640470E-05  0.898349881      0.794191301    
         160         181   9.99365147E-05  0.885303855      0.780773163    
         180         187   9.99593904E-05  0.873882830      0.769147396    
         200         189   9.99280310E-05  0.862762749      0.757272243    
         220         189   9.99007316E-05  0.850969970      0.745026588    
         240         192   9.99322510E-05  0.837979496      0.732325077    
         260         189   9.99274780E-05  0.823573232      0.719013572    
         280         184   9.98835094E-05  0.808178067      0.705345273    
         300         183   9.99960321E-05  0.791509748      0.691244185    
         320         175   9.98989563E-05  0.773845077      0.676451623    
         340         170   9.98961550E-05  0.755296469      0.661375523    
         360         164   9.99619442E-05  0.735949993      0.646003604    
         380         160   9.99793119E-05  0.716046453      0.630297184    
         400         154   9.99898039E-05  0.695390999      0.614346385    
         420         146   9.98869946E-05  0.674179554      0.598455966    
         440         141   9.99234398E-05  0.652567983      0.582675934    
         460         134   9.99615440E-05  0.630441785      0.567055702    
         480         125   9.98806572E-05  0.608006656      0.551553369    
         500         122   9.98807591E-05  0.585267186      0.536391258    
         520         117   9.98866817E-05  0.562498331      0.521596193    
         540         110   9.99898912E-05  0.539955974      0.506836295    
         560         109   9.99466210E-05  0.517508030      0.492449224    
         580         104   9.99431431E-05  0.495427549      0.477874815    
         600         102   9.98777323E-05  0.473841548      0.463286221    
         620          95   9.99411568E-05  0.452675879      0.448469222    
         640          89   9.98806936E-05  0.432092130      0.433378577    
         660          84   9.98853357E-05  0.411933154      0.418122292    
         680          85   9.99595068E-05  0.392373174      0.402553231    
         700          85   9.98550240E-05  0.373350620      0.386892647    
         720          82   9.99694676E-05  0.355118752      0.371004969    
         740          83   9.99198965E-05  0.337432295      0.355174303    
         760          75   9.99912736E-05  0.320458412      0.339293182    
         780          76   9.98663600E-05  0.304228097      0.323591173    
         800          68   9.99063559E-05  0.288651705      0.308076978    
         820          64   9.99537369E-05  0.273637831      0.292801797    
         840          63   9.98787291E-05  0.259281069      0.277925551    
         860          60   9.99003096E-05  0.245553941      0.263394892    
         880          54   9.98769829E-05  0.232420012      0.249271706    
         900          50   9.99530894E-05  0.219791830      0.235697404    
         920          48   9.99339754E-05  0.207702652      0.222662389    
         940          46   9.99420954E-05  0.196150720      0.210165069    
         960          43   9.98888063E-05  0.185121328      0.198289901    
         980          42   9.98663163E-05  0.174616039      0.187017411    
        1000          45   9.99466720E-05  0.164622962      0.176348016    
        1020          43   9.98832111E-05  0.155183449      0.166235566    
        1040          39   9.98573450E-05  0.146257117      0.156689614    
        1060          36   9.98734613E-05  0.137805834      0.147701308    
        1080          37   9.98763935E-05  0.129790112      0.139259249    
        1100          39   9.99608819E-05  0.122200876      0.131307617    
        1120          37   9.98862670E-05  0.115020625      0.123806544    
        1140          41   9.99284748E-05  0.108176753      0.116749898    
        1160          34   9.99555559E-05  0.101751521      0.110051073    
        1180          31   9.99267577E-05   9.56172496E-02  0.103732631    
        1200          27   9.99954646E-05   8.97992924E-02   9.77460593E-02
        1220          29   9.99103504E-05   8.42259899E-02   9.20917168E-02
        1240          26   9.99315816E-05   7.89703205E-02   8.67062137E-02
        1260          25   9.99142794E-05   7.39707723E-02   8.15926567E-02
        1280          27   9.98821342E-05   6.92195445E-02   7.67340511E-02
        1300          26   9.99325493E-05   6.47507682E-02   7.21046105E-02
        1320          24   9.98761752E-05   6.05446324E-02   6.76979348E-02
        1340          23   9.98873002E-05   5.65807261E-02   6.35053739E-02
        1360          19   9.99189579E-05   5.28851897E-02   5.95149510E-02
        1380          23   9.99779659E-05   4.93840575E-02   5.57393469E-02
        1400          21   9.99869080E-05   4.61402908E-02   5.21522164E-02
        1420          17   9.99665135E-05   4.31174748E-02   4.87554893E-02
        1440          18   9.98822943E-05   4.02727053E-02   4.55572121E-02
        1460          14   9.99571348E-05   3.76427844E-02   4.25379127E-02
        1480           8   9.98888063E-05   3.51941213E-02   3.96999009E-02
        1500           9   9.99134791E-05   3.28844413E-02   3.70429419E-02
        1520           9   9.99515760E-05   3.07375211E-02   3.45596634E-02
        1540          10   9.99293698E-05   2.87325643E-02   3.22429091E-02
        1560           8   9.99000840E-05   2.68805344E-02   3.00889593E-02
        1580           7   9.99197655E-05   2.51599308E-02   2.80858111E-02
        1600           3   9.99179465E-05   2.35839598E-02   2.62323376E-02
        1620           4   9.99683252E-05   2.21087970E-02   2.45190710E-02
        1640           3   9.99454060E-05   2.07550190E-02   2.29339357E-02
        1660           9   9.99870463E-05   1.94735639E-02   2.14816406E-02
        1680          12   9.99001568E-05   1.83029566E-02   2.01408509E-02
        1700          12   9.99011099E-05   1.72286369E-02   1.88995153E-02
        1720           5   9.99874173E-05   1.62618235E-02   1.77452266E-02
        1740           7   9.99735275E-05   1.53186312E-02   1.66886542E-02
        1760           4   9.99666590E-05   1.44512579E-02   1.57002807E-02
        1780           3   9.98797768E-05   1.36234993E-02   1.47893419E-02
        1800           9   9.99301992E-05   1.28179779E-02   1.39477514E-02
        1820           7   9.99850090E-05   1.20845102E-02   1.31513551E-02
        1840           3   9.99293625E-05   1.13967778E-02   1.24042435E-02
        1860           2   9.99806944E-05   1.07394541E-02   1.17070377E-02
        1880           3   9.99780750E-05   1.01028504E-02   1.10507542E-02
        1900           4   9.98980031E-05   9.50139202E-03   1.04326624E-02
        1920           1   9.99934346E-05   8.95741116E-03   9.84640513E-03
        1940           6   9.99057156E-05   8.40559881E-03   9.29808803E-03
        1960           3   9.98757678E-05   7.92168453E-03   8.77148751E-03
        1980           2   9.99922413E-05   7.46479537E-03   8.27499200E-03
        2000           2   9.99707045E-05   7.03113992E-03   7.80547224E-03
        2020           3   9.99681724E-05   6.63648825E-03   7.36205466E-03
        2040           3   9.99931362E-05   6.27871603E-03   6.94084214E-03
        2060           2   9.99050317E-05   5.95214963E-03   6.54475903E-03
        2080           3   9.99440817E-05   5.64482249E-03   6.16994081E-03
        2100           3   9.99384647E-05   5.35800261E-03   5.81772579E-03
        2120           2   9.99585318E-05   5.08854771E-03   5.48484549E-03
        2140           2   9.99242984E-05   4.83113155E-03   5.17245615E-03
        2160           2   9.99886761E-05   4.58799116E-03   4.87810513E-03
        2180           2   9.99004551E-05   4.35714703E-03   4.60376777E-03
        2200           1   9.99846307E-05   4.14262759E-03   4.34620772E-03
        2220           3   9.98953255E-05   3.93299572E-03   4.10703197E-03
        2240           1   9.99928598E-05   3.74275539E-03   3.88301886E-03
        2260           2   9.99695112E-05   3.55618959E-03   3.67269013E-03
        2280           2   9.99395270E-05   3.38027067E-03   3.47679737E-03
        2300           2   9.99024705E-05   3.21388990E-03   3.29436315E-03
        2320           2   9.98781470E-05   3.05833854E-03   3.12284310E-03
        2340           1   9.99601252E-05   2.91182706E-03   2.96133291E-03
        2360           1   9.98739342E-05   2.76795775E-03   2.81060999E-03
        2380           1   9.99181430E-05   2.63563124E-03   2.67048855E-03
        2400           1   9.98438481E-05   2.50484003E-03   2.53753015E-03
        2420           1   9.95883020E-05   2.38493853E-03   2.41313037E-03
        2440           1   9.99275289E-05   2.26956606E-03   2.29449640E-03
        2460           1   9.94641232E-05   2.15891469E-03   2.18332279E-03
        2480           1   9.69742978E-05   2.05930695E-03   2.08996329E-03
        2500           1   9.23393018E-05   1.97858643E-03   2.01743958E-03
        2520           1   8.64954200E-05   1.91111618E-03   1.95731246E-03
        2540           1   8.06713069E-05   1.84568414E-03   1.90252683E-03
        2560           1   7.59893010E-05   1.77867245E-03   1.84337725E-03
        2580           1   7.30564934E-05   1.71055691E-03   1.77524018E-03
        2600           1   7.17414659E-05   1.64432346E-03   1.69721956E-03
        2620           1   7.13061236E-05   1.58782012E-03   1.61709159E-03
        2640           1   7.06770588E-05   1.53787807E-03   1.54235330E-03
        2660           1   6.91093664E-05   1.49095070E-03   1.47757668E-03
        2680           1   6.65686312E-05   1.44491496E-03   1.42213178E-03
        2700           1   6.34584867E-05   1.39684428E-03   1.37289171E-03
        2720           1   6.03971748E-05   1.34921027E-03   1.32693315E-03
        2740           1   5.78030813E-05   1.30354799E-03   1.28368742E-03
        2760           1   5.57358908E-05   1.26087724E-03   1.23861327E-03
        2780           1   5.41575719E-05   1.21969113E-03   1.19627733E-03
        2800           1   5.28084165E-05   1.18010386E-03   1.15240982E-03
        2820           1   5.14952408E-05   1.13774103E-03   1.11027039E-03
        2840           1   5.01110408E-05   1.09316851E-03   1.06835773E-03
        2860           1   4.86351346E-05   1.04997354E-03   1.03580824E-03
        2880           1   4.71380408E-05   1.00799813E-03   1.00185408E-03
        2900           1   4.55311529E-05   9.70525201E-04   9.74314869E-04
        2920           1   4.40300282E-05   9.35619115E-04   9.43817955E-04
        2940           1   4.25215476E-05   9.03947279E-04   9.13347001E-04
        2960           1   4.11083238E-05   8.78287712E-04   8.79924337E-04
        2980           1   3.96743890E-05   8.50771787E-04   8.48454132E-04
        3000           1   3.82453436E-05   8.26707459E-04   8.16268206E-04
        3020           1   3.67779066E-05   8.03085510E-04   7.87714729E-04
        3040           1   3.54822914E-05   7.79717113E-04   7.62181997E-04
        3060           1   3.43607535E-05   7.55219371E-04   7.37617898E-04
        3080           1   3.34823126E-05   7.32477638E-04   7.17406394E-04
        3100           1   3.27421330E-05   7.10329274E-04   6.94516115E-04
        3120           1   3.20105974E-05   6.86696381E-04   6.70985843E-04
        3140           1   3.12132906E-05   6.65763975E-04   6.50186092E-04
        3160           1   3.03127563E-05   6.45059219E-04   6.30272436E-04
        3180           1   2.93184221E-05   6.25907036E-04   6.12465374E-04
        3200           1   2.83766803E-05   6.06988557E-04   5.95608726E-04
        3220           1   2.74675531E-05   5.86917391E-04   5.80488122E-04
        3240           1   2.66574534E-05   5.67595707E-04   5.62190369E-04
        3260           1   2.59078643E-05   5.47297532E-04   5.47610107E-04
        3280           1   2.51593301E-05   5.31951315E-04   5.31803351E-04
        3300           1   2.43877130E-05   5.12819504E-04   5.16293861E-04
        3320           1   2.35790176E-05   4.98027541E-04   5.01710689E-04
        3321           1   2.35290245E-05   4.94263135E-04   4.99412010E-04
 Solver: fs        , Convection scheme: uds       
 RE=   1000.00000     , N=          64
 Selected Time scheme:            2
 DT=   1.49999997E-02
 Wall-clock time (s):    43.5916100    
Note: The following floating-point exceptions are signalling: IEEE_UNDERFLOW_FLAG
