 DT=?
          20        1679   9.99996482E-05   1.75409114      0.694027305    
          40         467   9.99970143E-05   1.20042980      0.492796570    
          60         170   9.99997865E-05  0.907282054      0.385092050    
          80          46   9.99981930E-05  0.735593736      0.322279006    
         100          16   9.99980184E-05  0.620607972      0.282732934    
         120          37   9.99966214E-05  0.541818976      0.255702585    
         140          71   9.99873519E-05  0.481970280      0.236752585    
         160          70   9.99846088E-05  0.433795005      0.223061055    
         180          71   9.99762997E-05  0.396844029      0.212762222    
         200          67   9.99956537E-05  0.365149200      0.205068678    
         220          67   9.99569747E-05  0.338428229      0.199409530    
         240          64   9.99784388E-05  0.316082269      0.194861576    
         260          65   9.99570766E-05  0.296898305      0.191163018    
         280          63   9.99553376E-05  0.279742599      0.188344255    
         300          58   9.99894401E-05  0.265710324      0.185838059    
         320          57   9.99502226E-05  0.252774805      0.183678076    
         340          55   9.99620970E-05  0.242418170      0.181912169    
         360          55   9.99965268E-05  0.232726827      0.180354372    
         380          53   9.99975891E-05  0.225168422      0.178858012    
         400          48   9.99970434E-05  0.218126208      0.177405134    
         420          43   9.99562326E-05  0.212689355      0.176175222    
         440          45   9.99589756E-05  0.207788095      0.175020695    
         460          49   9.99493204E-05  0.203919947      0.173825562    
         480          46   9.99800977E-05  0.200762048      0.172690317    
         500          42   9.99973636E-05  0.197896063      0.171738148    
         520          41   9.99631156E-05  0.195804730      0.170762867    
         540          40   9.99666445E-05  0.193754598      0.169797108    
         560          43   9.99945114E-05  0.192189381      0.168912888    
         580          39   9.99979893E-05  0.190831885      0.168120071    
         600          40   9.99707700E-05  0.189655066      0.167380258    
         620          41   9.99545082E-05  0.188663051      0.166633576    
         640          43   9.99563490E-05  0.187753990      0.165889606    
         660          41   9.99972690E-05  0.187013924      0.165287137    
         680          40   9.99806798E-05  0.186264396      0.164682850    
         700          43   9.99755139E-05  0.185698628      0.164020121    
         720          38   9.99922195E-05  0.185135394      0.163401693    
         740          39   9.99845361E-05  0.184494749      0.162817255    
         760          40   9.99754338E-05  0.184103236      0.162285060    
         780          40   9.99982585E-05  0.183598042      0.161782309    
         800          41   9.99625336E-05  0.183046401      0.161249325    
         820          43   9.99896656E-05  0.182676017      0.160699531    
         840          40   9.99514232E-05  0.182192311      0.160213202    
         860          35   9.99630647E-05  0.181663901      0.159743965    
         880          41   9.99999684E-05  0.181257024      0.159210280    
         900          39   9.99941622E-05  0.180783272      0.158713549    
         920          38   9.99680124E-05  0.180258334      0.158197701    
         940          38   9.99948243E-05  0.179811299      0.157675683    
         960          41   9.99744516E-05  0.179311737      0.157191262    
         980          44   9.99991971E-05  0.178779751      0.156698301    
        1000          43   9.99897093E-05  0.178298354      0.156144217    
        1020          44   9.99578187E-05  0.177774474      0.155595526    
        1040          40   9.99507029E-05  0.177227229      0.155077443    
        1060          40   9.99940312E-05  0.176755622      0.154563159    
        1080          39   9.99547992E-05  0.176212206      0.154025450    
        1100          42   9.99714102E-05  0.175593376      0.153508291    
        1120          38   9.99550030E-05  0.175075725      0.152971074    
        1140          42   9.99733093E-05  0.174546063      0.152405635    
        1160          44   9.99725162E-05  0.173917934      0.151828170    
        1180          46   9.99826734E-05  0.173292994      0.151287004    
        1200          45   9.99964395E-05  0.172709420      0.150723264    
        1220          48   9.99968179E-05  0.172098607      0.150135785    
        1240          46   9.99564727E-05  0.171433583      0.149546370    
        1260          41   9.99901240E-05  0.170817077      0.148961067    
        1280          42   9.99725307E-05  0.170168743      0.148377880    
        1300          43   9.99530021E-05  0.169478849      0.147790268    
        1320          46   9.99756448E-05  0.168772310      0.147211477    
        1340          44   9.99702897E-05  0.168136716      0.146622330    
        1360          44   9.99948606E-05  0.167446315      0.146014363    
        1380          39   9.99714466E-05  0.166703656      0.145389155    
        1400          45   9.99630574E-05  0.165978312      0.144781336    
        1420          45   9.99605400E-05  0.165273070      0.144177482    
        1440          46   9.99945987E-05  0.164546266      0.143590242    
        1460          39   9.99999538E-05  0.163774997      0.142948806    
        1480          35   9.99679105E-05  0.163035855      0.142327800    
        1500          28   9.99901604E-05  0.162305832      0.141670614    
        1520          25   9.99831536E-05  0.161544830      0.141017795    
        1540          24   9.99694385E-05  0.160740599      0.140373409    
        1560          25   9.99565964E-05  0.159941003      0.139723927    
        1580          28   9.99709227E-05  0.159166738      0.139100656    
        1600          25   9.99745243E-05  0.158379048      0.138440371    
        1620          27   9.99960466E-05  0.157558784      0.137793258    
        1640          24   9.99754557E-05  0.156734839      0.137127012    
        1660          23   9.99689000E-05  0.155927792      0.136457279    
        1680          23   9.99595213E-05  0.155110732      0.135808185    
        1700          33   9.99983167E-05  0.154259309      0.135152698    
        1720          30   9.99575786E-05  0.153376415      0.134497523    
        1740          30   9.99891126E-05  0.152537525      0.133829787    
        1760          22   9.99685726E-05  0.151707932      0.133143425    
        1780          26   9.99887998E-05  0.150853366      0.132469758    
        1800          22   9.99827462E-05  0.149977788      0.131784439    
        1820          20   9.99811091E-05  0.149084732      0.131092414    
        1840          20   9.99547556E-05  0.148209333      0.130404964    
        1860          20   9.99993135E-05  0.147337362      0.129718795    
        1880          20   9.99927943E-05  0.146450356      0.129031464    
        1900          18   9.99679105E-05  0.145534992      0.128347561    
        1920          21   9.99637487E-05  0.144617200      0.127665758    
        1940          19   9.99830663E-05  0.143724889      0.126977086    
        1960          20   9.99656913E-05  0.142815173      0.126289248    
        1980          24   9.99838376E-05  0.141898558      0.125617579    
        2000          26   9.99782060E-05  0.140963420      0.124936014    
        2020          28   9.99814874E-05  0.140012369      0.124259613    
        2040          27   9.99840850E-05  0.139092162      0.123578489    
        2060          27   9.99603581E-05  0.138170019      0.122902893    
        2080          26   9.99674448E-05  0.137236133      0.122214511    
        2100          28   9.99904660E-05  0.136288360      0.121536404    
        2120          25   9.99857657E-05  0.135322243      0.120858416    
        2140          20   9.99699041E-05  0.134380534      0.120181851    
        2160          24   9.99893309E-05  0.133419335      0.119513631    
        2180          20   9.99940748E-05  0.132471189      0.118836291    
        2200          20   9.99969634E-05  0.131505817      0.118154280    
        2220          17   9.99863041E-05  0.130534381      0.117479242    
        2240          17   9.99668046E-05  0.129549801      0.116798893    
        2260          21   9.99881959E-05  0.128571838      0.116140291    
        2280          21   9.99951881E-05  0.127609000      0.115478717    
        2300          22   9.99808544E-05  0.126639023      0.114820428    
        2320          25   9.99823460E-05  0.125653118      0.114168122    
        2340          24   9.99804179E-05  0.124665394      0.113513164    
        2360          30   9.99694676E-05  0.123658679      0.112870894    
        2380          27   9.99932599E-05  0.122684188      0.112208597    
        2400          31   9.99895492E-05  0.121700458      0.111559287    
        2420          36   9.99982731E-05  0.120713912      0.110917807    
        2440          31   9.99622498E-05  0.119739033      0.110272311    
        2460          34   9.99895346E-05  0.118744105      0.109637298    
        2480          31   9.99782133E-05  0.117757261      0.109000430    
        2500          36   9.99676922E-05  0.116759606      0.108375363    
        2520          30   9.99984622E-05  0.115791708      0.107724138    
        2540          30   9.99922122E-05  0.114822537      0.107086979    
        2560          30   9.99911645E-05  0.113843687      0.106443793    
        2580          35   9.99799813E-05  0.112854734      0.105814852    
        2600          26   9.99694385E-05  0.111889347      0.105177365    
        2620          28   9.99645781E-05  0.110904329      0.104559749    
        2640          23   9.99593249E-05  0.109939583      0.103932001    
        2660          18   9.99610565E-05  0.108986117      0.103299730    
        2680          23   9.99627882E-05  0.108012088      0.102679610    
        2700          23   9.99630356E-05  0.107055478      0.102049276    
        2720          23   9.99957847E-05  0.106099457      0.101412930    
        2740          23   9.99555486E-05  0.105137214      0.100778945    
        2760          24   9.99804834E-05  0.104180083      0.100154363    
        2780          20   9.99899130E-05  0.103228725       9.95214880E-02
        2800          21   9.99811891E-05  0.102281891       9.88972709E-02
        2820          21   9.99716576E-05  0.101348169       9.82716754E-02
        2840          17   9.99785698E-05  0.100424677       9.76291671E-02
        2860          16   9.99830081E-05   9.94923189E-02   9.69945118E-02
        2880          22   9.99605472E-05   9.85523239E-02   9.63636637E-02
        2900          24   9.99940312E-05   9.76225957E-02   9.57230702E-02
        2920          18   9.99656259E-05   9.67071131E-02   9.50703099E-02
        2940          14   9.99788681E-05   9.57950130E-02   9.44249406E-02
        2960          17   9.99829208E-05   9.48760659E-02   9.37920436E-02
        2980          16   9.99949771E-05   9.39730257E-02   9.31495056E-02
        3000          19   9.99817566E-05   9.30680037E-02   9.25085098E-02
        3020          21   9.99787444E-05   9.21733305E-02   9.18636099E-02
        3040          21   9.99811818E-05   9.12823454E-02   9.12115350E-02
        3060          24   9.99956901E-05   9.03880075E-02   9.05532762E-02
        3080          26   9.99731274E-05   8.94984007E-02   8.98921341E-02
        3100          23   9.99798867E-05   8.86186808E-02   8.92303586E-02
        3120          20   9.99617114E-05   8.77416283E-02   8.85681659E-02
        3140          21   9.99631447E-05   8.68692473E-02   8.79064277E-02
        3160          20   9.99599870E-05   8.60111266E-02   8.72445256E-02
        3180          23   9.99831609E-05   8.51502120E-02   8.65818858E-02
        3200          24   9.99690747E-05   8.42976421E-02   8.59135389E-02
        3220          23   9.99851036E-05   8.34547728E-02   8.52384344E-02
        3240          22   9.99804179E-05   8.26134458E-02   8.45595226E-02
        3260          20   9.99963886E-05   8.17759186E-02   8.38748068E-02
        3280          16   9.99835975E-05   8.09501931E-02   8.31891447E-02
        3300          17   9.99999174E-05   8.01196918E-02   8.25132579E-02
        3320          20   9.99555486E-05   7.92902410E-02   8.18394050E-02
        3340          17   9.99867261E-05   7.84777254E-02   8.11531618E-02
        3360          15   9.99544500E-05   7.76669905E-02   8.04717913E-02
        3380          13   9.99868935E-05   7.68712536E-02   7.97856823E-02
        3400          13   9.99930489E-05   7.60764480E-02   7.91009739E-02
        3420          13   9.99857366E-05   7.52865598E-02   7.84115568E-02
        3440          12   9.99949043E-05   7.45040029E-02   7.77209401E-02
        3460          13   9.99581389E-05   7.37249926E-02   7.70302489E-02
        3480          15   9.99985277E-05   7.29459599E-02   7.63430521E-02
        3500          12   9.99781550E-05   7.21790045E-02   7.56528303E-02
        3520          12   9.99628464E-05   7.14157447E-02   7.49693811E-02
        3540          12   9.99556287E-05   7.06568584E-02   7.42848739E-02
        3560          13   9.99769545E-05   6.99062049E-02   7.36011863E-02
        3580          13   9.99647091E-05   6.91589713E-02   7.29158372E-02
        3600          18   9.99767508E-05   6.84101954E-02   7.22343177E-02
        3620          17   9.99921103E-05   6.76774755E-02   7.15489909E-02
        3640          13   9.99812110E-05   6.69568405E-02   7.08564222E-02
        3660          13   9.99548938E-05   6.62424788E-02   7.01709241E-02
        3680          20   9.99925905E-05   6.55235723E-02   6.94929287E-02
        3700          14   9.99747863E-05   6.48278818E-02   6.88057095E-02
        3720          11   9.99995973E-05   6.41360283E-02   6.81232288E-02
        3740          10   9.99862532E-05   6.34422973E-02   6.74469993E-02
        3760          10   9.99945551E-05   6.27561212E-02   6.67725503E-02
        3780          17   9.99779513E-05   6.20622672E-02   6.61086068E-02
        3800          18   9.99969416E-05   6.13818914E-02   6.54404685E-02
        3820          12   9.99924305E-05   6.07191809E-02   6.47660941E-02
        3840           8   9.99887998E-05   6.00611418E-02   6.40933961E-02
        3860           9   9.99678814E-05   5.93959615E-02   6.34303614E-02
        3880          10   9.99895565E-05   5.87390140E-02   6.27693906E-02
        3900          12   9.99917756E-05   5.80882058E-02   6.21080659E-02
        3920          13   9.99688564E-05   5.74399605E-02   6.14514016E-02
        3940          11   9.99621843E-05   5.68036437E-02   6.07949831E-02
        3960          11   9.99942495E-05   5.61698303E-02   6.01430014E-02
        3980          11   9.99591794E-05   5.55426665E-02   5.94994985E-02
        4000          11   9.99573967E-05   5.49239516E-02   5.88582829E-02
        4020           8   9.99649783E-05   5.43150455E-02   5.82141764E-02
        4040          12   9.99669137E-05   5.37043810E-02   5.75799309E-02
        4060           9   9.99761614E-05   5.31070456E-02   5.69424033E-02
        4080          11   9.99960030E-05   5.25045097E-02   5.63123971E-02
        4100           9   9.99665353E-05   5.19161150E-02   5.56844510E-02
        4120          10   9.99661788E-05   5.13266176E-02   5.50625175E-02
        4140          14   9.99792755E-05   5.07375821E-02   5.44453524E-02
        4160          10   9.99864205E-05   5.01662567E-02   5.38266189E-02
        4180           5   9.99607510E-05   4.96011302E-02   5.32077923E-02
        4200           7   9.99568292E-05   4.90342155E-02   5.26016839E-02
        4220          11   9.99958138E-05   4.84659374E-02   5.20025715E-02
        4240           9   9.99778349E-05   4.79107797E-02   5.14041446E-02
        4260          10   9.99580807E-05   4.73585278E-02   5.08114398E-02
        4280          10   9.99929180E-05   4.68093827E-02   5.02232946E-02
        4300           7   9.99812182E-05   4.62697819E-02   4.96383570E-02
        4320           8   9.99678014E-05   4.57294993E-02   4.90618497E-02
        4340           6   9.99721087E-05   4.51972894E-02   4.84862439E-02
        4360           8   9.99901240E-05   4.46660072E-02   4.79178689E-02
        4380           8   9.99732219E-05   4.41430509E-02   4.73551638E-02
        4400          10   9.99596450E-05   4.36215699E-02   4.67991568E-02
        4420          10   9.99673357E-05   4.31076214E-02   4.62439768E-02
        4440          12   9.99707554E-05   4.25980650E-02   4.56964374E-02
        4460           6   9.99951590E-05   4.21025753E-02   4.51448113E-02
        4480           7   9.99560289E-05   4.16024402E-02   4.46049236E-02
        4500           8   9.99537951E-05   4.11059856E-02   4.40743901E-02
        4520          11   9.99707627E-05   4.06117812E-02   4.35471795E-02
        4540           9   9.99997428E-05   4.01315317E-02   4.30200994E-02
        4560          10   9.99903787E-05   3.96464616E-02   4.25070114E-02
        4580          12   9.99638723E-05   3.91698033E-02   4.19957228E-02
        4600           9   9.99586846E-05   3.87023091E-02   4.14864570E-02
        4620           7   9.99523181E-05   3.82372066E-02   4.09847274E-02
        4640           8   9.99950862E-05   3.77755985E-02   4.04891782E-02
        4660           7   9.99919648E-05   3.73205543E-02   3.99971418E-02
        4680           7   9.99836193E-05   3.68679613E-02   3.95147465E-02
        4700           5   9.99631957E-05   3.64238545E-02   3.90334651E-02
        4720           8   9.99671174E-05   3.59776989E-02   3.85631211E-02
        4740           5   9.99991898E-05   3.55471969E-02   3.80899012E-02
        4760           8   9.99972617E-05   3.51098217E-02   3.76278833E-02
        4780           6   9.99663098E-05   3.46841142E-02   3.71703692E-02
        4800           6   9.99955373E-05   3.42625976E-02   3.67170237E-02
        4820           6   9.99763361E-05   3.38422284E-02   3.62675413E-02
        4840           7   9.99607146E-05   3.34263667E-02   3.58257741E-02
        4860           6   9.99896874E-05   3.30212340E-02   3.53870057E-02
        4880           7   9.99875920E-05   3.26164775E-02   3.49548347E-02
        4900           7   9.99922049E-05   3.22157592E-02   3.45282927E-02
        4920           7   9.99615222E-05   3.18194069E-02   3.41068543E-02
        4940           5   9.99759723E-05   3.14333439E-02   3.36878970E-02
        4960           9   9.99744079E-05   3.10423840E-02   3.32787111E-02
        4980           8   9.99836921E-05   3.06606665E-02   3.28712761E-02
        5000           4   9.99842014E-05   3.02893911E-02   3.24653983E-02
        5020           8   9.99567492E-05   2.99106482E-02   3.20710130E-02
        5040           9   9.99670956E-05   2.95380894E-02   3.16804200E-02
        5060           5   9.99825206E-05   2.91816089E-02   3.12895328E-02
        5080           5   9.99743643E-05   2.88200639E-02   3.09082624E-02
        5100           6   9.99615368E-05   2.84636002E-02   3.05320434E-02
        5120           6   9.99881231E-05   2.81121433E-02   3.01587339E-02
        5140           3   9.99727999E-05   2.77659800E-02   2.97879111E-02
        5160           6   9.99962431E-05   2.74175815E-02   2.94282306E-02
        5180           8   9.99611730E-05   2.70751156E-02   2.90716067E-02
        5200           6   9.99726544E-05   2.67423335E-02   2.87148021E-02
        5220           4   9.99637487E-05   2.64146980E-02   2.83626653E-02
        5240           4   9.99931362E-05   2.60864608E-02   2.80151460E-02
        5260           3   9.99727636E-05   2.57646497E-02   2.76744049E-02
        5280           5   9.99704425E-05   2.54372749E-02   2.73402836E-02
        5300           5   9.99553667E-05   2.51194872E-02   2.70055644E-02
        5320           6   9.99928452E-05   2.48053148E-02   2.66761128E-02
        5340           3   9.99562835E-05   2.44974419E-02   2.63518095E-02
        5360           4   9.99918848E-05   2.41897404E-02   2.60294881E-02
        5380           5   9.99891199E-05   2.38838103E-02   2.57127304E-02
        5400           7   9.99718104E-05   2.35798731E-02   2.54045427E-02
        5420           6   9.99983386E-05   2.32861694E-02   2.50924565E-02
        5440           8   9.99627737E-05   2.29867510E-02   2.47900914E-02
        5460           8   9.99673284E-05   2.26959847E-02   2.44872775E-02
        5480           6   9.99608092E-05   2.24130210E-02   2.41870005E-02
        5500           4   9.99810291E-05   2.21306551E-02   2.38894336E-02
        5520           6   9.99680706E-05   2.18448751E-02   2.35987902E-02
        5540           5   9.99810800E-05   2.15685740E-02   2.33098399E-02
        5560           5   9.99724361E-05   2.12934166E-02   2.30262168E-02
        5580           4   9.99804397E-05   2.10224129E-02   2.27437075E-02
        5600           5   9.99969270E-05   2.07514632E-02   2.24675369E-02
        5620           3   9.99621116E-05   2.04879027E-02   2.21908819E-02
        5640           7   9.99957483E-05   2.02182606E-02   2.19218135E-02
        5660           6   9.99778931E-05   1.99590027E-02   2.16523614E-02
        5680           4   9.99848126E-05   1.97026376E-02   2.13864166E-02
        5700           5   9.99718104E-05   1.94462705E-02   2.11251527E-02
        5720           4   9.99707627E-05   1.91929396E-02   2.08638962E-02
        5740           5   9.99846961E-05   1.89429838E-02   2.06068102E-02
        5760           4   9.99725089E-05   1.86961833E-02   2.03530826E-02
        5780           5   9.99827826E-05   1.84487645E-02   2.01039650E-02
        5800           3   9.99726908E-05   1.82111114E-02   1.98536906E-02
        5820           6   9.99662152E-05   1.79672427E-02   1.96116399E-02
        5840           3   9.99953772E-05   1.77343432E-02   1.93649195E-02
        5860           3   9.99877302E-05   1.74984783E-02   1.91231016E-02
        5880           5   9.99843542E-05   1.72627252E-02   1.88892707E-02
        5900           5   9.99728363E-05   1.70317423E-02   1.86528917E-02
        5920           5   9.99752010E-05   1.68053415E-02   1.84212737E-02
        5940           3   9.99943004E-05   1.65844448E-02   1.81901325E-02
        5960           2   9.99692929E-05   1.63632873E-02   1.79635007E-02
        5980           4   9.99904078E-05   1.61408614E-02   1.77390259E-02
        6000           5   9.99897893E-05   1.59226824E-02   1.75159536E-02
        6020           3   9.99765980E-05   1.57089178E-02   1.72953214E-02
        6040           3   9.99659678E-05   1.54956989E-02   1.70775000E-02
        6060           4   9.99788972E-05   1.52840586E-02   1.68612935E-02
        6080           6   9.99851327E-05   1.50738358E-02   1.66490674E-02
        6100           4   9.99924378E-05   1.48730585E-02   1.64357331E-02
        6120           5   9.99892218E-05   1.46678155E-02   1.62275340E-02
        6140           4   9.99936892E-05   1.44683253E-02   1.60182305E-02
        6160           6   9.99631375E-05   1.42655559E-02   1.58155765E-02
        6180           1   9.99917029E-05   1.40782874E-02   1.56100821E-02
        6200           4   9.99650074E-05   1.38784153E-02   1.54116442E-02
        6220           3   9.99818803E-05   1.36897434E-02   1.52116027E-02
        6240           4   9.99735421E-05   1.34981712E-02   1.50167607E-02
        6260           2   9.99867261E-05   1.33145144E-02   1.48204677E-02
        6280           2   9.99610711E-05   1.31293535E-02   1.46274222E-02
        6300           3   9.99598851E-05   1.29442960E-02   1.44384913E-02
        6320           3   9.99755066E-05   1.27679305E-02   1.42505988E-02
        6340           3   9.99633339E-05   1.25897704E-02   1.40622072E-02
        6360           3   9.99752810E-05   1.24143520E-02   1.38776721E-02
        6380           3   9.99807235E-05   1.22419568E-02   1.36940023E-02
        6400           5   9.99663243E-05   1.20649943E-02   1.35153383E-02
        6420           5   9.99681652E-05   1.18970973E-02   1.33361584E-02
        6440           4   9.99937256E-05   1.17356265E-02   1.31564057E-02
        6460           2   9.99987678E-05   1.15714343E-02   1.29823443E-02
        6480           3   9.99927433E-05   1.14091411E-02   1.28102666E-02
        6500           2   9.99809708E-05   1.12481378E-02   1.26370462E-02
        6520           1   9.99846525E-05   1.10924244E-02   1.24682840E-02
        6540           3   9.99754338E-05   1.09350597E-02   1.22999549E-02
        6560           3   9.99920740E-05   1.07820220E-02   1.21350968E-02
        6580           3   9.99577242E-05   1.06313638E-02   1.19707426E-02
        6600           4   9.99706608E-05   1.04816137E-02   1.18088173E-02
        6620           3   9.99701733E-05   1.03338538E-02   1.16474368E-02
        6640           4   9.99914992E-05   1.01882778E-02   1.14883119E-02
        6660           1   9.99949043E-05   1.00498348E-02   1.13305775E-02
        6680           1   9.99936237E-05   9.90662444E-03   1.11748697E-02
        6700           1   9.99740223E-05   9.76695772E-03   1.10213812E-02
        6720           1   9.99808908E-05   9.63066705E-03   1.08690150E-02
        6740           2   9.99818585E-05   9.49506927E-03   1.07202185E-02
        6760           3   9.99564581E-05   9.35912225E-03   1.05730630E-02
        6780           1   9.99889526E-05   9.23067797E-03   1.04247266E-02
        6800           2   9.99565818E-05   9.09857079E-03   1.02799349E-02
        6820           1   9.99800322E-05   8.97202641E-03   1.01366024E-02
        6840           2   9.99946933E-05   8.84423126E-03   9.99587588E-03
        6860           3   9.99809199E-05   8.72053020E-03   9.85741802E-03
        6880           3   9.99701879E-05   8.59596767E-03   9.71792638E-03
        6900           3   9.99891126E-05   8.47662147E-03   9.58198681E-03
        6920           3   9.99887488E-05   8.35676305E-03   9.44773294E-03
        6940           3   9.99906188E-05   8.23905692E-03   9.31542460E-03
        6960           1   9.99634285E-05   8.12661182E-03   9.18251276E-03
        6980           1   9.99680342E-05   8.01134016E-03   9.05400235E-03
        7000           1   9.99366239E-05   7.89968483E-03   8.92492384E-03
        7020           4   9.99766999E-05   7.78677035E-03   8.79965536E-03
        7040           4   9.99806798E-05   7.67881982E-03   8.67511891E-03
        7060           2   9.99730546E-05   7.57271145E-03   8.55079573E-03
        7080           2   9.99645999E-05   7.46613462E-03   8.42937361E-03
        7100           4   9.99808835E-05   7.36055104E-03   8.31022486E-03
        7120           2   9.99843542E-05   7.25825084E-03   8.19030404E-03
        7140           2   9.99954573E-05   7.15741375E-03   8.07324052E-03
        7160           2   9.99890544E-05   7.05822930E-03   7.95867294E-03
        7180           3   9.99675758E-05   6.95921341E-03   7.84631819E-03
        7200           1   9.99873009E-05   6.86338916E-03   7.73233874E-03
        7220           2   9.99874683E-05   6.76722312E-03   7.62211438E-03
        7240           1   9.99886906E-05   6.67334581E-03   7.51398783E-03
        7260           1   9.99990516E-05   6.58092275E-03   7.40661053E-03
        7280           2   9.99794211E-05   6.48836140E-03   7.30100181E-03
        7300           1   9.99880504E-05   6.39972417E-03   7.19485758E-03
        7320           2   9.99900367E-05   6.30873162E-03   7.09358277E-03
        7340           2   9.99725016E-05   6.22074259E-03   6.99164905E-03
        7360           1   9.99977347E-05   6.13613892E-03   6.89215446E-03
        7380           1   9.99966869E-05   6.05187332E-03   6.79322612E-03
        7400           1   9.99591066E-05   5.96767152E-03   6.69675414E-03
        7420           2   9.99646363E-05   5.88438846E-03   6.60099741E-03
        7440           2   9.99792392E-05   5.80337504E-03   6.50777249E-03
        7460           2   9.99638942E-05   5.72369667E-03   6.41444698E-03
        7480           2   9.99711847E-05   5.64638898E-03   6.32167608E-03
        7500           1   9.99722033E-05   5.56819048E-03   6.23061508E-03
        7520           3   9.99585827E-05   5.49006509E-03   6.14397693E-03
        7540           3   9.99673139E-05   5.41493762E-03   6.05827710E-03
        7560           1   9.99372569E-05   5.34253847E-03   5.97100100E-03
        7580           3   9.99812764E-05   5.26726292E-03   5.88632934E-03
        7600           3   9.99773911E-05   5.19657601E-03   5.80441160E-03
        7620           2   9.99792755E-05   5.12660202E-03   5.72298886E-03
        7640           1   9.99688782E-05   5.05881244E-03   5.64073911E-03
        7660           3   9.99677504E-05   4.98933252E-03   5.56384353E-03
        7680           2   9.99881886E-05   4.92385030E-03   5.48532000E-03
        7700           1   9.99708864E-05   4.85730171E-03   5.40772313E-03
        7720           1   9.99643744E-05   4.79217386E-03   5.33228414E-03
        7740           1   9.99282711E-05   4.72877966E-03   5.25923399E-03
        7760           2   9.99833574E-05   4.66619758E-03   5.18598128E-03
        7780           2   9.99909171E-05   4.60409978E-03   5.11459168E-03
        7800           1   9.99922777E-05   4.54521738E-03   5.04253665E-03
        7820           2   9.99764452E-05   4.48398525E-03   4.97167371E-03
        7840           1   9.99647527E-05   4.42581950E-03   4.90389951E-03
        7860           1   9.99980839E-05   4.36906703E-03   4.83648758E-03
        7880           1   9.99683471E-05   4.31145122E-03   4.77104401E-03
        7900           1   9.99390177E-05   4.25654277E-03   4.70615039E-03
        7920           2   9.99631156E-05   4.20068204E-03   4.64139925E-03
        7940           1   9.99634940E-05   4.14768467E-03   4.57876641E-03
        7960           1   9.98467076E-05   4.09391196E-03   4.51767351E-03
        7980           1   9.99811818E-05   4.04266641E-03   4.45636222E-03
        8000           1   9.99743497E-05   3.99079779E-03   4.39764932E-03
        8020           1   9.99912663E-05   3.94132454E-03   4.33700951E-03
        8040           1   9.99974291E-05   3.89143126E-03   4.28142771E-03
        8060           1   9.99733093E-05   3.84092098E-03   4.22442984E-03
        8080           1   9.99920230E-05   3.79288336E-03   4.16698353E-03
        8100           1   9.99704425E-05   3.74519313E-03   4.11391724E-03
        8120           1   9.99635959E-05   3.69852269E-03   4.05899854E-03
        8140           1   9.99921540E-05   3.65330046E-03   4.00750944E-03
        8160           1   9.99989352E-05   3.60866287E-03   3.95503454E-03
        8180           1   9.99544354E-05   3.56436754E-03   3.90143367E-03
        8200           1   9.99267577E-05   3.52010550E-03   3.85212293E-03
        8220           1   9.98783507E-05   3.47415498E-03   3.80175747E-03
        8240           1   9.99613476E-05   3.43322637E-03   3.75292264E-03
        8260           1   9.98954638E-05   3.39205703E-03   3.70356697E-03
        8280           1   9.99411204E-05   3.34856985E-03   3.65900341E-03
        8300           1   9.98869582E-05   3.30965361E-03   3.61095928E-03
        8320           1   9.98408650E-05   3.26699927E-03   3.56417126E-03
        8340           1   9.96702220E-05   3.22916615E-03   3.51987593E-03
        8360           1   9.96672243E-05   3.18988529E-03   3.47561296E-03
        8380           1   9.96720701E-05   3.15068639E-03   3.43125872E-03
        8400           1   9.94835282E-05   3.11245443E-03   3.38830100E-03
        8420           1   9.90592671E-05   3.07151303E-03   3.34530300E-03
        8440           1   9.82783022E-05   3.03265918E-03   3.30449804E-03
        8460           1   9.71409900E-05   2.99516832E-03   3.26559856E-03
        8480           1   9.57740704E-05   2.95888819E-03   3.22676450E-03
        8500           1   9.42035331E-05   2.92030117E-03   3.18893814E-03
        8520           1   9.24656706E-05   2.88434443E-03   3.15120677E-03
        8540           1   9.07464491E-05   2.85133696E-03   3.11241113E-03
        8560           1   8.90448209E-05   2.81667570E-03   3.07539292E-03
        8580           1   8.73892131E-05   2.78333342E-03   3.03807645E-03
        8600           1   8.58466956E-05   2.74986494E-03   3.00307106E-03
        8620           1   8.44382812E-05   2.71690125E-03   2.96637998E-03
        8640           1   8.31789730E-05   2.68364605E-03   2.93142092E-03
        8660           1   8.22102738E-05   2.65007326E-03   2.89496337E-03
        8680           1   8.15320454E-05   2.62039481E-03   2.85934401E-03
        8700           1   8.11053833E-05   2.58730864E-03   2.82485690E-03
        8720           1   8.09026023E-05   2.55660433E-03   2.79108412E-03
        8740           1   8.08443147E-05   2.52512796E-03   2.75463634E-03
        8760           1   8.07881443E-05   2.49360409E-03   2.72059790E-03
        8780           1   8.05492600E-05   2.46480037E-03   2.68773804E-03
        8800           1   8.02142749E-05   2.43431469E-03   2.65565747E-03
        8820           1   7.96980239E-05   2.40476569E-03   2.62284954E-03
        8840           1   7.89017868E-05   2.37632194E-03   2.59311288E-03
        8860           1   7.79693582E-05   2.34659575E-03   2.56377552E-03
        8880           1   7.68461468E-05   2.31835945E-03   2.53422162E-03
        8900           1   7.55104120E-05   2.28974177E-03   2.50701047E-03
        8920           1   7.41720287E-05   2.26114504E-03   2.47574854E-03
        8940           1   7.27570005E-05   2.23605800E-03   2.44859653E-03
        8960           1   7.13544796E-05   2.20962986E-03   2.41939281E-03
        8980           1   7.00796154E-05   2.18185806E-03   2.39219866E-03
        9000           1   6.89001099E-05   2.15747580E-03   2.36315676E-03
        9020           1   6.79258883E-05   2.13098805E-03   2.33486854E-03
        9040           1   6.71946182E-05   2.10383371E-03   2.30836705E-03
        9060           1   6.66663691E-05   2.07838416E-03   2.28255079E-03
        9080           1   6.63191749E-05   2.05371855E-03   2.25518784E-03
        9100           1   6.61478480E-05   2.02854699E-03   2.22729705E-03
        9120           1   6.59783400E-05   2.00324389E-03   2.20298744E-03
        9140           1   6.58006247E-05   1.97645323E-03   2.17636512E-03
        9160           1   6.56549455E-05   1.95193209E-03   2.15181476E-03
        9180           1   6.53663883E-05   1.92683574E-03   2.12633470E-03
        9200           1   6.49778522E-05   1.90399517E-03   2.10136129E-03
        9220           1   6.43955136E-05   1.88216695E-03   2.07882281E-03
        9240           1   6.37283811E-05   1.85758481E-03   2.05345033E-03
        9260           1   6.29041751E-05   1.83486065E-03   2.03014445E-03
        9280           1   6.19490384E-05   1.81245501E-03   2.00496521E-03
        9300           1   6.09641065E-05   1.79093180E-03   1.98264024E-03
        9320           1   5.98583683E-05   1.76895189E-03   1.95868989E-03
        9340           1   5.87773902E-05   1.74897967E-03   1.93807110E-03
        9360           1   5.77079518E-05   1.73001550E-03   1.91430456E-03
        9380           1   5.67742609E-05   1.70896947E-03   1.89186691E-03
        9400           1   5.59898217E-05   1.69063488E-03   1.86791399E-03
        9420           1   5.53550817E-05   1.67126255E-03   1.84371264E-03
        9440           1   5.48249518E-05   1.65094831E-03   1.82218442E-03
        9460           1   5.44907671E-05   1.63145340E-03   1.80002581E-03
        9480           1   5.42555317E-05   1.61285675E-03   1.77718780E-03
        9500           1   5.40862202E-05   1.59405242E-03   1.75432116E-03
        9520           1   5.38963541E-05   1.57500210E-03   1.73367211E-03
        9540           1   5.37470805E-05   1.55556086E-03   1.71339116E-03
        9560           1   5.35796535E-05   1.53782568E-03   1.69504317E-03
        9580           1   5.32440863E-05   1.51942379E-03   1.67573767E-03
        9600           1   5.28579258E-05   1.50244264E-03   1.65686826E-03
        9620           1   5.23275521E-05   1.48638594E-03   1.63889444E-03
        9640           1   5.16770742E-05   1.47080189E-03   1.62039627E-03
        9660           1   5.09921738E-05   1.45488477E-03   1.60107622E-03
        9680           1   5.02091352E-05   1.43842597E-03   1.58296875E-03
        9700           1   4.94479209E-05   1.42480584E-03   1.56609900E-03
        9720           1   4.85455312E-05   1.40790630E-03   1.54787768E-03
        9740           1   4.77475405E-05   1.39375171E-03   1.52978848E-03
        9760           1   4.70879895E-05   1.37910643E-03   1.51005958E-03
        9780           1   4.64624682E-05   1.36535452E-03   1.49346190E-03
        9800           1   4.59031580E-05   1.35035394E-03   1.47517479E-03
        9820           1   4.54707588E-05   1.33691123E-03   1.45670713E-03
        9840           1   4.51456945E-05   1.32195745E-03   1.43863494E-03
        9860           1   4.49028121E-05   1.30980054E-03   1.42130535E-03
        9880           1   4.47164712E-05   1.29564351E-03   1.40330335E-03
        9900           1   4.45619989E-05   1.28295016E-03   1.38575246E-03
        9920           1   4.43892823E-05   1.26834086E-03   1.36960065E-03
        9940           1   4.42320234E-05   1.25696999E-03   1.35193975E-03
        9960           1   4.39802388E-05   1.24306825E-03   1.33632706E-03
        9980           1   4.36587907E-05   1.22968247E-03   1.32058875E-03
       10000           1   4.32869601E-05   1.21763686E-03   1.30422204E-03
       10020           1   4.28126987E-05   1.20578823E-03   1.28965732E-03
       10040           1   4.22172889E-05   1.19352958E-03   1.27525686E-03
       10060           1   4.15516442E-05   1.18146546E-03   1.26111519E-03
       10080           1   4.09160530E-05   1.16919284E-03   1.24479341E-03
       10100           1   4.02438163E-05   1.15790777E-03   1.23230019E-03
       10120           1   3.95880452E-05   1.14575576E-03   1.21661730E-03
       10140           1   3.89548659E-05   1.13326788E-03   1.20426819E-03
       10160           1   3.84374071E-05   1.12205627E-03   1.19094586E-03
       10180           1   3.79664089E-05   1.11128530E-03   1.17572432E-03
       10200           1   3.76039643E-05   1.10162806E-03   1.16203574E-03
       10220           1   3.72958457E-05   1.08954322E-03   1.14808884E-03
       10240           1   3.71231654E-05   1.07740157E-03   1.13334286E-03
       10260           1   3.69342124E-05   1.06718740E-03   1.12174195E-03
       10280           1   3.68213914E-05   1.05373899E-03   1.10819947E-03
       10300           1   3.67397151E-05   1.04269909E-03   1.09502289E-03
       10320           1   3.65832348E-05   1.03250786E-03   1.08352106E-03
       10340           1   3.64143743E-05   1.02317543E-03   1.07091106E-03
       10360           1   3.61482307E-05   1.01305055E-03   1.05935929E-03
       10380           1   3.58733851E-05   1.00311730E-03   1.04714150E-03
       10400           1   3.55042794E-05   9.92368674E-04   1.03540567E-03
       10420           1   3.51010058E-05   9.82892932E-04   1.02269452E-03
       10440           1   3.45814769E-05   9.73620394E-04   1.01266091E-03
       10460           1   3.41168852E-05   9.63605766E-04   1.00059435E-03
       10480           1   3.36201301E-05   9.54910356E-04   9.90403118E-04
       10500           1   3.31374722E-05   9.45455802E-04   9.78940399E-04
       10520           1   3.26358895E-05   9.36257769E-04   9.67367727E-04
       10540           1   3.21818989E-05   9.28058580E-04   9.56508971E-04
       10560           1   3.18491766E-05   9.17088648E-04   9.44263593E-04
       10580           1   3.15260695E-05   9.09472525E-04   9.35234188E-04
       10600           1   3.12785887E-05   9.01840976E-04   9.23633052E-04
       10620           1   3.11139265E-05   8.91182979E-04   9.12890770E-04
       10640           1   3.09419265E-05   8.81008920E-04   9.03787150E-04
       10660           1   3.07898372E-05   8.72671197E-04   8.94062920E-04
       10680           1   3.06532384E-05   8.64299189E-04   8.82310036E-04
       10700           1   3.05659414E-05   8.56024155E-04   8.71291675E-04
       10720           1   3.04025143E-05   8.46563082E-04   8.63046327E-04
       10740           1   3.01281380E-05   8.38476175E-04   8.54702143E-04
       10760           1   2.98217728E-05   8.30197125E-04   8.46700452E-04
       10780           1   2.94736292E-05   8.21254333E-04   8.38412845E-04
       10800           1   2.91160777E-05   8.13345076E-04   8.29173485E-04
       10820           1   2.87682706E-05   8.05298158E-04   8.21015041E-04
       10840           1   2.83223817E-05   7.97754095E-04   8.11780337E-04
       10860           1   2.78753614E-05   7.89614511E-04   8.03247851E-04
       10880           1   2.74860959E-05   7.83940661E-04   7.96649605E-04
       10900           1   2.71048120E-05   7.74084474E-04   7.87965604E-04
       10920           1   2.68053464E-05   7.67367485E-04   7.80692731E-04
       10940           1   2.65151939E-05   7.61419302E-04   7.71081541E-04
       10960           1   2.62614794E-05   7.52958120E-04   7.63697899E-04
       10980           1   2.60156139E-05   7.47547892E-04   7.54757144E-04
       11000           1   2.58316541E-05   7.38973496E-04   7.46710575E-04
       11020           1   2.57314332E-05   7.30896427E-04   7.40183401E-04
       11040           1   2.55992491E-05   7.25097023E-04   7.31056498E-04
       11060           1   2.55204959E-05   7.18740805E-04   7.23994337E-04
       11080           1   2.54046026E-05   7.12542795E-04   7.15573900E-04
       11100           1   2.52751997E-05   7.06015853E-04   7.09178334E-04
       11120           1   2.50429439E-05   6.97619165E-04   7.01343815E-04
       11140           1   2.48723481E-05   6.92365516E-04   6.95874216E-04
       11160           1   2.46461022E-05   6.84198458E-04   6.90047396E-04
       11180           1   2.44553357E-05   6.78856042E-04   6.82985294E-04
       11200           1   2.40998579E-05   6.71703892E-04   6.75806368E-04
       11220           1   2.37735439E-05   6.64784864E-04   6.70099515E-04
       11240           1   2.34850922E-05   6.58742152E-04   6.63349580E-04
       11260           1   2.31913637E-05   6.52514282E-04   6.58100005E-04
       11280           1   2.28504196E-05   6.46328088E-04   6.50094938E-04
       11300           1   2.25658732E-05   6.40561862E-04   6.44457643E-04
       11320           1   2.23198695E-05   6.33689633E-04   6.39878213E-04
       11340           1   2.21313458E-05   6.26724912E-04   6.34041033E-04
       11360           1   2.19585618E-05   6.21440704E-04   6.26458088E-04
       11380           1   2.17465440E-05   6.13989134E-04   6.21768821E-04
       11400           1   2.15919154E-05   6.10182644E-04   6.13651413E-04
       11420           1   2.15063010E-05   6.03894005E-04   6.08408824E-04
       11440           1   2.14352349E-05   5.98917773E-04   6.03447726E-04
       11460           1   2.13179301E-05   5.92473429E-04   5.94980607E-04
       11480           1   2.12279210E-05   5.87766757E-04   5.92202763E-04
       11500           1   2.10995149E-05   5.82127017E-04   5.84758993E-04
       11520           1   2.09423088E-05   5.75461658E-04   5.81570959E-04
       11540           1   2.06982986E-05   5.70129603E-04   5.74558566E-04
       11560           1   2.04048465E-05   5.65093593E-04   5.69529773E-04
       11580           1   2.01413550E-05   5.59789944E-04   5.63493290E-04
       11600           1   1.98132439E-05   5.55651495E-04   5.57633641E-04
       11620           1   1.96289620E-05   5.48793352E-04   5.53403806E-04
       11640           1   1.94735294E-05   5.44256007E-04   5.46986936E-04
       11660           1   1.91348481E-05   5.42437308E-04   5.40508481E-04
       11680           1   1.88676204E-05   5.34348364E-04   5.35625557E-04
       11700           1   1.86401321E-05   5.30834193E-04   5.30585123E-04
       11720           1   1.84670898E-05   5.27107157E-04   5.26486780E-04
       11740           1   1.82989534E-05   5.21066831E-04   5.21503040E-04
       11760           1   1.81567502E-05   5.15293272E-04   5.18074259E-04
       11780           1   1.81125033E-05   5.10429149E-04   5.10541315E-04
       11800           1   1.80255356E-05   5.06694138E-04   5.07714518E-04
       11820           1   1.79158542E-05   4.99567832E-04   5.02174255E-04
       11825           1   1.79341059E-05   4.99544782E-04   4.99330228E-04
 Solver: fs        , Convection scheme: uds       
 RE=   1000.00000     , N=          64
 Selected Time scheme:            2
 DT=   3.12500005E-03
 Wall-clock time (s):    60.1599655    
Note: The following floating-point exceptions are signalling: IEEE_UNDERFLOW_FLAG
