 NTRANS, N, DT=?
          20         122   9.99831827E-05   2.80859256       1.20587969    
          40         135   9.99903641E-05   1.66568899      0.796619058    
          60          77   9.99735712E-05   1.21560383      0.666160583    
          80          42   9.99664262E-05  0.968396544      0.614017069    
         100          62   9.99600161E-05  0.813063145      0.587728977    
         120          80   9.99583572E-05  0.718383670      0.571674943    
         140          87   9.99554904E-05  0.661246240      0.559120178    
         160          93   9.99054100E-05  0.630297244      0.548536539    
         180         102   9.99166296E-05  0.612637758      0.539492369    
         200         103   9.99396143E-05  0.601862073      0.531919956    
         220         108   9.98857868E-05  0.594917655      0.525640607    
         240         104   9.99843032E-05  0.589528084      0.519806981    
         260         101   9.99458425E-05  0.584650993      0.514386058    
         280          98   9.98891264E-05  0.579730034      0.509283781    
         300          98   9.98986143E-05  0.574612260      0.504090071    
         320          95   9.99321346E-05  0.569299936      0.498584956    
         340          92   9.99735203E-05  0.563892841      0.493177533    
         360          88   9.98916657E-05  0.558115780      0.487436175    
         380          84   9.98817559E-05  0.551863074      0.481559783    
         400          85   9.99697004E-05  0.545263648      0.475585431    
         420          85   9.99203621E-05  0.538293481      0.469559759    
         440          82   9.98731412E-05  0.530909896      0.463220507    
         460          88   9.98861869E-05  0.523246050      0.457043469    
         480          86   9.99226249E-05  0.515447497      0.450437188    
         500          85   9.99368203E-05  0.507339478      0.443799466    
         520          80   9.98978867E-05  0.498970807      0.436972767    
         540          75   9.99648037E-05  0.490247071      0.430157453    
         560          71   9.99081749E-05  0.481567234      0.423233300    
         580          72   9.99149488E-05  0.472516626      0.416169733    
         600          76   9.99334879E-05  0.463215351      0.409170300    
         620          74   9.99572221E-05  0.453920007      0.402131081    
         640          73   9.99809345E-05  0.444363117      0.395139277    
         660          74   9.99108015E-05  0.434670001      0.388156384    
         680          76   9.99359690E-05  0.424866498      0.381295383    
         700          75   9.98635078E-05  0.414875925      0.374342680    
         720          72   9.99494805E-05  0.404946506      0.367517203    
         740          66   9.99036565E-05  0.394843489      0.360753685    
         760          68   9.99701952E-05  0.384797692      0.354086250    
         780          65   9.99744443E-05  0.374655575      0.347550780    
         800          64   9.99220210E-05  0.364647657      0.340989649    
         820          60   9.99888653E-05  0.354611248      0.334530711    
         840          59   9.99486438E-05  0.344705313      0.328128010    
         860          60   9.99467084E-05  0.334888220      0.321646988    
         880          54   9.99567783E-05  0.325195938      0.315197736    
         900          52   9.98974647E-05  0.315654159      0.308670402    
         920          52   9.98866599E-05  0.306174338      0.302100241    
         940          48   9.99068725E-05  0.296941876      0.295494854    
         960          46   9.99628246E-05  0.287839383      0.288751394    
         980          36   9.99578187E-05  0.278875202      0.281932294    
        1000          34   9.98586329E-05  0.270102561      0.275113165    
        1020          29   9.98785181E-05  0.261494279      0.268138349    
        1040          37   9.98944670E-05  0.252949625      0.261235029    
        1060          36   9.98902688E-05  0.244685933      0.254235923    
        1080          37   9.98659671E-05  0.236618042      0.247175202    
        1100          34   9.99122058E-05  0.228739053      0.240116075    
        1120          28   9.98788746E-05  0.221071780      0.233065322    
        1140          26   9.99256736E-05  0.213578671      0.226025477    
        1160          20   9.98876640E-05  0.206377938      0.218996033    
        1180          23   9.98772230E-05  0.199279249      0.212098032    
        1200          23   9.99331969E-05  0.192383260      0.205242485    
        1220          21   9.99580589E-05  0.185678303      0.198435366    
        1240          17   9.98702890E-05  0.179154560      0.191731870    
        1260          20   9.99899639E-05  0.172820464      0.185163409    
        1280          19   9.99443801E-05  0.166684926      0.178685918    
        1300          17   9.99896947E-05  0.160719335      0.172314852    
        1320          22   9.99955955E-05  0.154886812      0.166109890    
        1340          21   9.98682881E-05  0.149233639      0.160050809    
        1360          18   9.98817122E-05  0.143753350      0.154135376    
        1380          14   9.99457188E-05  0.138446748      0.148375243    
        1400          11   9.99292897E-05  0.133291245      0.142774954    
        1420          11   9.98971154E-05  0.128269598      0.137364864    
        1440          12   9.98825635E-05  0.123396292      0.132141888    
        1460          13   9.98725009E-05  0.118684709      0.127098083    
        1480          11   9.99306503E-05  0.114150278      0.122211136    
        1500          12   9.98790129E-05  0.109755255      0.117515221    
        1520          11   9.98605465E-05  0.105521679      0.112979949    
        1540          16   9.99078402E-05  0.101411469      0.108636335    
        1560          12   9.99412223E-05   9.74990129E-02  0.104424201    
        1580           7   9.99265321E-05   9.37374011E-02  0.100375667    
        1600           8   9.99262775E-05   9.00698602E-02   9.65108499E-02
        1620           5   9.98991891E-05   8.65648091E-02   9.27839950E-02
        1640           2   9.99007170E-05   8.31862539E-02   8.92038420E-02
        1660           5   9.98800751E-05   7.98885971E-02   8.57844129E-02
        1680           4   9.98962132E-05   7.67324939E-02   8.24804753E-02
        1700           4   9.99239346E-05   7.36799091E-02   7.93049783E-02
        1720          11   9.99569093E-05   7.06904605E-02   7.62770250E-02
        1740          11   9.98847900E-05   6.78389668E-02   7.33388960E-02
        1760          11   9.99402691E-05   6.50900528E-02   7.05103427E-02
        1780          14   9.99647382E-05   6.24110959E-02   6.77863136E-02
        1800          15   9.98899341E-05   5.98292165E-02   6.51622489E-02
        1820          15   9.99025724E-05   5.73417619E-02   6.26235008E-02
        1840          11   9.99536860E-05   5.49662262E-02   6.01582602E-02
        1860           8   9.99062177E-05   5.26645929E-02   5.77834435E-02
        1880           6   9.98893011E-05   5.04363254E-02   5.54890931E-02
        1900           7   9.99224285E-05   4.82700914E-02   5.32766469E-02
        1920           6   9.99432887E-05   4.61930484E-02   5.11325337E-02
        1940           8   9.98934411E-05   4.41760533E-02   4.90666702E-02
        1960           6   9.99289041E-05   4.22579795E-02   4.70561050E-02
        1980          10   9.99580079E-05   4.03820723E-02   4.51250970E-02
        2000          13   9.98832984E-05   3.85868512E-02   4.32561077E-02
        2020          10   9.99154945E-05   3.68971303E-02   4.14358377E-02
        2040           6   9.98932665E-05   3.52836773E-02   3.96774597E-02
        2060          10   9.99910771E-05   3.37020122E-02   3.79892252E-02
        2080           9   9.98972100E-05   3.22088487E-02   3.63547280E-02
        2100           7   9.99434051E-05   3.07902060E-02   3.47757004E-02
        2120           7   9.99478652E-05   2.94264518E-02   3.32549773E-02
        2140           8   9.99141339E-05   2.81143002E-02   3.17951664E-02
        2160           9   9.99324911E-05   2.68658958E-02   3.03858668E-02
        2180           9   9.99894401E-05   2.56785806E-02   2.90358365E-02
        2200           6   9.98996475E-05   2.45516095E-02   2.77350172E-02
        2220           4   9.98947799E-05   2.34746728E-02   2.64871083E-02
        2240           4   9.99291733E-05   2.24381071E-02   2.52946019E-02
        2260           7   9.98766045E-05   2.14386117E-02   2.41571330E-02
        2280           4   9.99474287E-05   2.05079075E-02   2.30634753E-02
        2300           6   9.99572367E-05   1.96023937E-02   2.20248513E-02
        2320           2   9.98642645E-05   1.87598877E-02   2.10270975E-02
        2340           6   9.99655094E-05   1.79317351E-02   2.00846475E-02
        2360           1   9.99309341E-05   1.71709321E-02   1.91808362E-02
        2380           7   9.99128897E-05   1.64126549E-02   1.83306467E-02
        2400           2   9.98913602E-05   1.57304388E-02   1.75130814E-02
        2420           1   9.98395917E-05   1.50704458E-02   1.67412348E-02
        2440           3   9.99989934E-05   1.44364787E-02   1.60091314E-02
        2460           4   9.98837058E-05   1.38336914E-02   1.53164910E-02
        2480           4   9.99217373E-05   1.32719344E-02   1.46578262E-02
        2500           4   9.99081894E-05   1.27343452E-02   1.40346838E-02
        2520           1   9.99531403E-05   1.22379214E-02   1.34419929E-02
        2540           1   9.97345996E-05   1.17495907E-02   1.28845926E-02
        2560           2   9.98772230E-05   1.12888180E-02   1.23522179E-02
        2580           5   9.99769982E-05   1.08401589E-02   1.18517997E-02
        2600           3   9.99502809E-05   1.04292268E-02   1.13710212E-02
        2620           5   9.98839314E-05   1.00143272E-02   1.09202126E-02
        2640           2   9.99626864E-05   9.64386202E-03   1.04813464E-02
        2660           2   9.99849435E-05   9.27413069E-03   1.00683281E-02
        2680           3   9.99908298E-05   8.91068950E-03   9.68201645E-03
        2700           3   9.99211770E-05   8.56223051E-03   9.30912700E-03
        2720           3   9.99014010E-05   8.22900049E-03   8.95231310E-03
        2740           1   9.99409967E-05   7.91980233E-03   8.60620849E-03
        2760           2   9.99229887E-05   7.60289142E-03   8.28328636E-03
        2780           1   9.99577751E-05   7.31022842E-03   7.96916895E-03
        2800           3   9.99659460E-05   7.01621082E-03   7.66865769E-03
        2820           3   9.99589538E-05   6.73650112E-03   7.38067320E-03
        2840           2   9.99524054E-05   6.47603814E-03   7.10099144E-03
        2860           2   9.99864787E-05   6.22112025E-03   6.83223875E-03
        2880           2   9.99688782E-05   5.97669464E-03   6.57496834E-03
        2900           3   9.98775286E-05   5.72927529E-03   6.32935250E-03
        2920           2   9.99516342E-05   5.50800143E-03   6.08746568E-03
        2940           2   9.99350159E-05   5.28771663E-03   5.85773448E-03
        2960           1   9.99345066E-05   5.08770626E-03   5.63329225E-03
        2980           1   9.98089090E-05   4.88643721E-03   5.41996164E-03
        3000           1   9.98746182E-05   4.69581177E-03   5.21337241E-03
        3020           1   9.98567120E-05   4.51785186E-03   5.01474505E-03
        3040           1   9.99052500E-05   4.35228925E-03   4.82272869E-03
        3060           1   9.99225304E-05   4.19782894E-03   4.63567767E-03
        3080           1   9.98140458E-05   4.04801639E-03   4.45855362E-03
        3100           1   9.99417680E-05   3.90827842E-03   4.28595673E-03
        3120           1   9.98815885E-05   3.77504714E-03   4.12073033E-03
        3140           1   9.99763433E-05   3.64357862E-03   3.96299129E-03
        3160           1   9.94606889E-05   3.51964496E-03   3.81124672E-03
        3180           1   9.93882131E-05   3.39941471E-03   3.66694853E-03
        3200           1   9.83406353E-05   3.28372605E-03   3.52837541E-03
        3220           1   9.57993470E-05   3.17727542E-03   3.40051809E-03
        3240           1   9.19367230E-05   3.07917921E-03   3.28357099E-03
        3260           1   8.74526813E-05   2.98904069E-03   3.17460927E-03
        3280           1   8.30408680E-05   2.90264655E-03   3.07076913E-03
        3300           1   7.92122519E-05   2.81587243E-03   2.97032041E-03
        3320           1   7.64479773E-05   2.73027411E-03   2.86688795E-03
        3340           1   7.49028550E-05   2.64722737E-03   2.76184315E-03
        3360           1   7.42566699E-05   2.56989710E-03   2.65708962E-03
        3380           1   7.38117669E-05   2.49328790E-03   2.55675963E-03
        3400           1   7.29044550E-05   2.42135813E-03   2.46551912E-03
        3420           1   7.11799657E-05   2.35773413E-03   2.38305167E-03
        3440           1   6.86895946E-05   2.29265774E-03   2.30762130E-03
        3460           1   6.57127093E-05   2.22935108E-03   2.24055978E-03
        3480           1   6.27365516E-05   2.16685771E-03   2.17343564E-03
        3500           1   6.00197782E-05   2.10438436E-03   2.11024866E-03
        3520           1   5.79448460E-05   2.04435317E-03   2.05051992E-03
        3540           1   5.64997063E-05   1.98513572E-03   1.99001073E-03
        3560           1   5.56185842E-05   1.92100217E-03   1.93095556E-03
        3580           1   5.49254910E-05   1.86044944E-03   1.87336991E-03
        3600           1   5.41693844E-05   1.80221954E-03   1.81923655E-03
        3620           1   5.30669095E-05   1.74729549E-03   1.76657899E-03
        3640           1   5.15644715E-05   1.69832446E-03   1.71766209E-03
        3660           1   4.97447945E-05   1.65244320E-03   1.67256559E-03
        3680           1   4.77988360E-05   1.61270960E-03   1.62735116E-03
        3700           1   4.59420153E-05   1.57210999E-03   1.58160285E-03
        3720           1   4.44063589E-05   1.53439178E-03   1.53489900E-03
        3740           1   4.32313609E-05   1.49423059E-03   1.48818467E-03
        3760           1   4.22994199E-05   1.45159347E-03   1.44429889E-03
        3780           1   4.15794784E-05   1.41399889E-03   1.40314340E-03
        3800           1   4.08460692E-05   1.37357065E-03   1.36517466E-03
        3820           1   4.00195859E-05   1.33773754E-03   1.32797915E-03
        3840           1   3.90621826E-05   1.29752280E-03   1.29797205E-03
        3860           1   3.78993864E-05   1.26406341E-03   1.26472698E-03
        3880           1   3.67151661E-05   1.22957618E-03   1.23292848E-03
        3900           1   3.55407501E-05   1.19622983E-03   1.20223861E-03
        3920           1   3.44873188E-05   1.16341899E-03   1.16934604E-03
        3940           1   3.36088451E-05   1.13493158E-03   1.13601098E-03
        3960           1   3.28863498E-05   1.10449514E-03   1.10384135E-03
        3980           1   3.22610176E-05   1.07765535E-03   1.07299886E-03
        4000           1   3.15920515E-05   1.04695617E-03   1.04317081E-03
        4020           1   3.08881499E-05   1.01885083E-03   1.01281167E-03
        4040           1   3.00721713E-05   9.92532354E-04   9.84794344E-04
        4060           1   2.91607721E-05   9.65492451E-04   9.57662822E-04
        4080           1   2.82068468E-05   9.40121477E-04   9.32699826E-04
        4100           1   2.72601901E-05   9.15608951E-04   9.08921065E-04
        4120           1   2.64352566E-05   8.92342767E-04   8.84124427E-04
        4140           1   2.57280299E-05   8.70568503E-04   8.61165987E-04
        4160           1   2.51435267E-05   8.48502386E-04   8.38585373E-04
        4180           1   2.46497129E-05   8.25969328E-04   8.16865184E-04
        4200           1   2.41298949E-05   8.04430572E-04   7.95989356E-04
        4220           1   2.36024680E-05   7.83495721E-04   7.75550143E-04
        4240           1   2.30776004E-05   7.63476244E-04   7.56962167E-04
        4260           1   2.25213207E-05   7.44000426E-04   7.38471979E-04
        4280           1   2.19819085E-05   7.27130915E-04   7.19782431E-04
        4300           1   2.14532411E-05   7.07554165E-04   6.99893455E-04
        4320           1   2.09365899E-05   6.89079519E-04   6.82788203E-04
        4340           1   2.04581629E-05   6.74500421E-04   6.65492029E-04
        4360           1   2.00313752E-05   6.57805591E-04   6.48000103E-04
        4380           1   1.95828943E-05   6.41021994E-04   6.31245843E-04
        4400           1   1.91340641E-05   6.24145614E-04   6.17080193E-04
        4420           1   1.86270172E-05   6.08007540E-04   5.99542458E-04
        4440           1   1.81045452E-05   5.92327560E-04   5.86910057E-04
        4460           1   1.75494879E-05   5.75843733E-04   5.73206344E-04
        4480           1   1.69718496E-05   5.61265973E-04   5.60315966E-04
        4500           1   1.64684807E-05   5.47407020E-04   5.45771210E-04
        4520           1   1.60252475E-05   5.33153769E-04   5.30898978E-04
        4540           1   1.56206224E-05   5.19101042E-04   5.16737520E-04
        4560           1   1.53120527E-05   5.08524594E-04   5.02932467E-04
        4576           1   1.50688838E-05   4.99183778E-04   4.90579463E-04
 Solver: fs        , Convection scheme: uds       
 RE=   1000.00000     , N=          64
 Selected Time scheme:            2
 DT=   9.99999978E-03
 Wall-clock time (s):    36.3175049    
Note: The following floating-point exceptions are signalling: IEEE_UNDERFLOW_FLAG
