 NTRANS, DT=?
          20        1393   9.99965850E-05   2.22175932      0.904859483    
          40         145   9.99851763E-05   1.38979793      0.594479561    
          60          98   9.99883487E-05   1.02855730      0.464005560    
          80          60   9.99957192E-05  0.828758121      0.396298796    
         100          85   9.99964905E-05  0.695659757      0.357183129    
         120          92   9.99913318E-05  0.604289055      0.332617044    
         140         122   9.99880649E-05  0.534453869      0.317483336    
         160         131   9.99962285E-05  0.481737524      0.306968421    
         180         135   9.99752810E-05  0.438987732      0.299756318    
         200         135   9.99946205E-05  0.404847711      0.293962657    
         220         135   9.99894837E-05  0.378553510      0.289636821    
         240         133   9.99787444E-05  0.358203620      0.285821021    
         260         134   9.99911936E-05  0.342031747      0.282423556    
         280         132   9.99882395E-05  0.329937518      0.279437691    
         300         130   9.99960612E-05  0.321390599      0.276466966    
         320         126   9.99587282E-05  0.314716458      0.274039298    
         340         119   9.99997719E-05  0.309623152      0.271530777    
         360         118   9.99876211E-05  0.305957317      0.269407928    
         380         120   9.99722688E-05  0.302941889      0.267531157    
         400         122   9.99964905E-05  0.300548315      0.265612543    
         420         123   9.99903350E-05  0.298636496      0.264109462    
         440         118   9.99631229E-05  0.297086179      0.262420595    
         460         125   9.99595140E-05  0.295491338      0.260916978    
         480         121   9.99829135E-05  0.294402480      0.259529769    
         500         120   9.99474214E-05  0.292999268      0.258203536    
         520         116   9.99627518E-05  0.291983634      0.256822526    
         540         114   9.99541371E-05  0.290631682      0.255621970    
         560         111   9.99925833E-05  0.289539576      0.254271656    
         580         108   9.99910480E-05  0.288240433      0.252968431    
         600         105   9.99597178E-05  0.287006378      0.251661152    
         620         107   9.99748299E-05  0.285707563      0.250324577    
         640         104   9.99773038E-05  0.284354657      0.248928353    
         660         103   9.99838594E-05  0.283074260      0.247621357    
         680         102   9.99694312E-05  0.281655163      0.246257991    
         700          97   9.99967160E-05  0.280220658      0.244887650    
         720         101   9.99572367E-05  0.278782576      0.243406415    
         740         101   9.99998374E-05  0.277184814      0.241989389    
         760         103   9.99850381E-05  0.275655717      0.240513965    
         780          98   9.99708864E-05  0.273996562      0.239010409    
         800          95   9.99905824E-05  0.272366822      0.237509802    
         820          93   9.99846234E-05  0.270562559      0.235994175    
         840          86   9.99784970E-05  0.268904924      0.234482825    
         860          86   9.99701442E-05  0.267066896      0.232908189    
         880          83   9.99642434E-05  0.265217781      0.231328979    
         900          85   9.99773401E-05  0.263373584      0.229805887    
         920          79   9.99707845E-05  0.261411458      0.228206292    
         940          79   9.99756157E-05  0.259526670      0.226578414    
         960          77   9.99667755E-05  0.257519990      0.224915937    
         980          72   9.99968834E-05  0.255486280      0.223259151    
        1000          72   9.99734111E-05  0.253479838      0.221603468    
        1020          71   9.99670810E-05  0.251359522      0.219923943    
        1040          69   9.99879339E-05  0.249295264      0.218210846    
        1060          67   9.99629337E-05  0.247173563      0.216523170    
        1080          68   9.99993063E-05  0.244932100      0.214834794    
        1100          64   9.99887998E-05  0.242801026      0.213112995    
        1120          67   9.99682452E-05  0.240594581      0.211391002    
        1140          71   9.99627300E-05  0.238310874      0.209637135    
        1160          67   9.99728290E-05  0.236075222      0.207861513    
        1180          69   9.99617623E-05  0.233789876      0.206108719    
        1200          68   9.99688273E-05  0.231441006      0.204353765    
        1220          65   9.99799231E-05  0.229144871      0.202588916    
        1240          65   9.99619078E-05  0.226799265      0.200842023    
        1260          67   9.99605181E-05  0.224381059      0.199094385    
        1280          73   9.99922777E-05  0.222013667      0.197370991    
        1300          73   9.99863842E-05  0.219628021      0.195619106    
        1320          70   9.99698605E-05  0.217182368      0.193873972    
        1340          68   9.99841795E-05  0.214746967      0.192157820    
        1360          67   9.99934855E-05  0.212297454      0.190433383    
        1380          65   9.99725598E-05  0.209819704      0.188693628    
        1400          60   9.99827462E-05  0.207321391      0.186951116    
        1420          59   9.99808835E-05  0.204837441      0.185249686    
        1440          60   9.99814438E-05  0.202352956      0.183556557    
        1460          58   9.99730473E-05  0.199837714      0.181874543    
        1480          62   9.99943950E-05  0.197286874      0.180206418    
        1500          60   9.99735275E-05  0.194787472      0.178523198    
        1520          60   9.99631884E-05  0.192280069      0.176868007    
        1540          61   9.99649274E-05  0.189745903      0.175237373    
        1560          62   9.99903350E-05  0.187203884      0.173617035    
        1580          61   9.99927361E-05  0.184703186      0.171984166    
        1600          56   9.99685217E-05  0.182214320      0.170333549    
        1620          58   9.99701297E-05  0.179702118      0.168716133    
        1640          59   9.99764306E-05  0.177184895      0.167125329    
        1660          62   9.99914919E-05  0.174702778      0.165541008    
        1680          61   9.99820040E-05  0.172233418      0.163933024    
        1700          58   9.99825861E-05  0.169793651      0.162302136    
        1720          60   9.99948388E-05  0.167335764      0.160687640    
        1740          55   9.99567128E-05  0.164890572      0.159080178    
        1760          53   9.99917756E-05  0.162487879      0.157473072    
        1780          51   9.99862968E-05  0.160105795      0.155849770    
        1800          46   9.99926124E-05  0.157731414      0.154205784    
        1820          40   9.99958284E-05  0.155369684      0.152544618    
        1840          34   9.99697004E-05  0.153021291      0.150900468    
        1860          29   9.99941258E-05  0.150706694      0.149255320    
        1880          32   9.99768527E-05  0.148397982      0.147609472    
        1900          25   9.99992917E-05  0.146128342      0.145932779    
        1920          26   9.99593685E-05  0.143853948      0.144239530    
        1940          21   9.99758486E-05  0.141598299      0.142539993    
        1960          19   9.99724289E-05  0.139351875      0.140847892    
        1980          21   9.99980912E-05  0.137149692      0.139158234    
        2000          14   9.99808180E-05  0.134977683      0.137434587    
        2020          18   9.99840922E-05  0.132804468      0.135716379    
        2040          23   9.99582626E-05  0.130641878      0.133977741    
        2060          27   9.99993936E-05  0.128510132      0.132247537    
        2080          25   9.99719196E-05  0.126402453      0.130506679    
        2100          22   9.99896292E-05  0.124324076      0.128757372    
        2120          22   9.99848708E-05  0.122276194      0.127008483    
        2140          27   9.99655531E-05  0.120242126      0.125253722    
        2160          28   9.99620534E-05  0.118240155      0.123488002    
        2180          30   9.99875047E-05  0.116252385      0.121723875    
        2200          31   9.99902768E-05  0.114291377      0.119967565    
        2220          27   9.99822078E-05  0.112363234      0.118212789    
        2240          17   9.99664117E-05  0.110464633      0.116447218    
        2260          21   9.99824479E-05  0.108568706      0.114696719    
        2280          24   9.99832919E-05  0.106704839      0.112940364    
        2300          19   9.99847689E-05  0.104893550      0.111179106    
        2320          23   9.99696567E-05  0.103089884      0.109445192    
        2340          18   9.99752447E-05  0.101320647      0.107706927    
        2360          16   9.99614567E-05   9.95696113E-02  0.105978742    
        2380          20   9.99678668E-05   9.78253707E-02  0.104271352    
        2400          19   9.99570766E-05   9.61191654E-02  0.102561384    
        2420          19   9.99625699E-05   9.44305211E-02  0.100860596    
        2440          18   9.99755648E-05   9.27666649E-02   9.91631299E-02
        2460          18   9.99624826E-05   9.11189765E-02   9.74837020E-02
        2480          22   9.99632030E-05   8.94913897E-02   9.58247185E-02
        2500          18   9.99948825E-05   8.79084691E-02   9.41721871E-02
        2520          12   9.99659460E-05   8.63513723E-02   9.25258398E-02
        2540          14   9.99601689E-05   8.48055556E-02   9.09044594E-02
        2560          16   9.99768017E-05   8.32791477E-02   8.92971680E-02
        2580          15   9.99913391E-05   8.17753896E-02   8.77016783E-02
        2600           9   9.99983458E-05   8.03006962E-02   8.61141682E-02
        2620           8   9.99717813E-05   7.88427591E-02   8.45459551E-02
        2640          13   9.99973054E-05   7.73995221E-02   8.30052942E-02
        2660          19   9.99695258E-05   7.59693682E-02   8.14886615E-02
        2680          17   9.99873446E-05   7.45680779E-02   7.99848884E-02
        2700          18   9.99792173E-05   7.31834844E-02   7.85019025E-02
        2720          23   9.99755648E-05   7.18112886E-02   7.70392343E-02
        2740          20   9.99991244E-05   7.04774037E-02   7.55934417E-02
        2760          13   9.99937110E-05   6.91653267E-02   7.41596594E-02
        2780          15   9.99660115E-05   6.78606927E-02   7.27568865E-02
        2800          18   9.99938056E-05   6.65754154E-02   7.13735297E-02
        2820          13   9.99564654E-05   6.53184503E-02   7.00050145E-02
        2840          21   9.99685944E-05   6.40642568E-02   6.86700717E-02
        2860          22   9.99797921E-05   6.28376976E-02   6.73535615E-02
        2880          15   9.99773838E-05   6.16436675E-02   6.60547614E-02
        2900          12   9.99905533E-05   6.04613721E-02   6.47785291E-02
        2920          11   9.99651675E-05   5.92957437E-02   6.35287762E-02
        2940           9   9.99521653E-05   5.81531674E-02   6.22979924E-02
        2960          12   9.99649201E-05   5.70244193E-02   6.10920750E-02
        2980          12   9.99549447E-05   5.59165888E-02   5.99074811E-02
        3000          16   9.99753247E-05   5.48259094E-02   5.87455630E-02
        3020          17   9.99923141E-05   5.37594110E-02   5.76043278E-02
        3040          17   9.99822587E-05   5.27106449E-02   5.64808473E-02
        3060          16   9.99788826E-05   5.16826585E-02   5.53800464E-02
        3080          17   9.99646290E-05   5.06714880E-02   5.43029942E-02
        3100          15   9.99743352E-05   4.96804155E-02   5.32413498E-02
        3120          17   9.99761905E-05   4.87038381E-02   5.22054695E-02
        3140          17   9.99745680E-05   4.77474034E-02   5.11876605E-02
        3160          16   9.99666736E-05   4.68099564E-02   5.01892455E-02
        3180          16   9.99578042E-05   4.58877534E-02   4.92130406E-02
        3200          16   9.99594049E-05   4.49833870E-02   4.82553020E-02
        3220          15   9.99737968E-05   4.40967754E-02   4.73149456E-02
        3240          15   9.99544573E-05   4.32225466E-02   4.63951901E-02
        3260          17   9.99798867E-05   4.23672386E-02   4.54949103E-02
        3280          16   9.99989570E-05   4.15298678E-02   4.46109138E-02
        3300          16   9.99745171E-05   4.07013372E-02   4.37460802E-02
        3320          14   9.99620024E-05   3.98936979E-02   4.28940877E-02
        3340          17   9.99881013E-05   3.90946567E-02   4.20636348E-02
        3360          18   9.99724725E-05   3.83088253E-02   4.12479788E-02
        3380          13   9.99855401E-05   3.75484191E-02   4.04415801E-02
        3400          10   9.99576587E-05   3.67953889E-02   3.96557227E-02
        3420          12   9.99990953E-05   3.60514820E-02   3.88868861E-02
        3440           9   9.99706244E-05   3.53249200E-02   3.81278060E-02
        3460          10   9.99643671E-05   3.46088447E-02   3.73868309E-02
        3480          11   9.99879412E-05   3.39007676E-02   3.66612449E-02
        3500          12   9.99891781E-05   3.32098529E-02   3.59456316E-02
        3520          12   9.99868207E-05   3.25258896E-02   3.52466144E-02
        3540          11   9.99790209E-05   3.18577662E-02   3.45565863E-02
        3560          12   9.99884651E-05   3.11970767E-02   3.38834189E-02
        3580          11   9.99933181E-05   3.05513833E-02   3.32181640E-02
        3600          10   9.99809927E-05   2.99172904E-02   3.25646959E-02
        3620          13   9.99664480E-05   2.92860661E-02   3.19274664E-02
        3640           8   9.99885087E-05   2.86794025E-02   3.12944725E-02
        3660          13   9.99943950E-05   2.80671176E-02   3.06814145E-02
        3680          14   9.99619660E-05   2.74682771E-02   3.00745107E-02
        3700          11   9.99814583E-05   2.68923864E-02   2.94740722E-02
        3720          12   9.99871772E-05   2.63171513E-02   2.88888756E-02
        3740          10   9.99687472E-05   2.57544033E-02   2.83106696E-02
        3760          11   9.99979893E-05   2.52002999E-02   2.77431235E-02
        3780           9   9.99941476E-05   2.46591531E-02   2.71828342E-02
        3800          12   9.99677941E-05   2.41190437E-02   2.66367663E-02
        3820           9   9.99765034E-05   2.35991608E-02   2.60963719E-02
        3840           9   9.99879849E-05   2.30853371E-02   2.55648103E-02
        3860          10   9.99714248E-05   2.25770045E-02   2.50434149E-02
        3880           9   9.99950717E-05   2.20847931E-02   2.45282967E-02
        3900           8   9.99687327E-05   2.15989333E-02   2.40240246E-02
        3920          11   9.99846088E-05   2.11185161E-02   2.35291272E-02
        3940          11   9.99976037E-05   2.06490848E-02   2.30407286E-02
        3960           8   9.99935000E-05   2.01991871E-02   2.25573983E-02
        3980           7   9.99596959E-05   1.97488572E-02   2.20862925E-02
        4000           7   9.99830809E-05   1.93108432E-02   2.16191877E-02
        4020          10   9.99658878E-05   1.88750625E-02   2.11646166E-02
        4040          12   9.99964614E-05   1.84498057E-02   2.07159817E-02
        4060           8   9.99795811E-05   1.80436112E-02   2.02743206E-02
        4080           8   9.99731492E-05   1.76417530E-02   1.98396295E-02
        4100           9   9.99734548E-05   1.72438100E-02   1.94149967E-02
        4120           8   9.99866606E-05   1.68606769E-02   1.89950634E-02
        4140           6   9.99937984E-05   1.64862610E-02   1.85818020E-02
        4160           8   9.99719196E-05   1.61133278E-02   1.81791708E-02
        4180           6   9.99916083E-05   1.57552436E-02   1.77795403E-02
        4200           6   9.99642070E-05   1.54010551E-02   1.73892882E-02
        4220           6   9.99814001E-05   1.50569705E-02   1.70065053E-02
        4240           6   9.99776166E-05   1.47211170E-02   1.66295301E-02
        4260           9   9.99619588E-05   1.43866232E-02   1.62626579E-02
        4280           6   9.99882759E-05   1.40667818E-02   1.59007516E-02
        4300           7   9.99949407E-05   1.37531376E-02   1.55463032E-02
        4320           4   9.99828044E-05   1.34480987E-02   1.51957907E-02
        4340           6   9.99703261E-05   1.31462356E-02   1.48564689E-02
        4360           5   9.99956465E-05   1.28524862E-02   1.45213632E-02
        4380           7   9.99638651E-05   1.25628356E-02   1.41938692E-02
        4400           6   9.99663971E-05   1.22841503E-02   1.38732418E-02
        4420           5   9.99606636E-05   1.20099643E-02   1.35583049E-02
        4440           7   9.99678741E-05   1.17428051E-02   1.32519845E-02
        4460           5   9.99623808E-05   1.14808269E-02   1.29495943E-02
        4480           4   9.99701660E-05   1.12273768E-02   1.26543380E-02
        4500           4   9.99786644E-05   1.09767579E-02   1.23663684E-02
        4520           3   9.99624972E-05   1.07344436E-02   1.20858597E-02
        4540           6   9.99817930E-05   1.04930652E-02   1.18119717E-02
        4560           6   9.99647091E-05   1.02583328E-02   1.15417056E-02
        4580           4   9.99720141E-05   1.00331819E-02   1.12795290E-02
        4600           5   9.99738331E-05   9.81312990E-03   1.10219931E-02
        4620           4   9.99970071E-05   9.59675293E-03   1.07697444E-02
        4640           4   9.99748881E-05   9.38568171E-03   1.05251512E-02
        4660           4   9.99586700E-05   9.17856675E-03   1.02840355E-02
        4680           5   9.99938347E-05   8.97788629E-03   1.00529930E-02
        4700           4   9.99773401E-05   8.78107361E-03   9.82483756E-03
        4720           1   9.99479380E-05   8.59305542E-03   9.60262958E-03
        4740           3   9.99663534E-05   8.40368494E-03   9.38606448E-03
        4760           5   9.99773547E-05   8.22148658E-03   9.17649735E-03
        4780           5   9.99940457E-05   8.04439653E-03   8.96964129E-03
        4800           2   9.99821204E-05   7.87458755E-03   8.77151545E-03
        4820           3   9.99924741E-05   7.70557066E-03   8.57429020E-03
        4840           4   9.99694821E-05   7.54284719E-03   8.38454440E-03
        4860           4   9.99843105E-05   7.38195190E-03   8.19909852E-03
        4880           3   9.99859694E-05   7.22930953E-03   8.01804848E-03
        4900           5   9.99726253E-05   7.07455212E-03   7.84361642E-03
        4920           3   9.99883196E-05   6.93202810E-03   7.67111918E-03
        4940           3   9.99769036E-05   6.78840047E-03   7.50430208E-03
        4960           3   9.99617114E-05   6.64921943E-03   7.34188920E-03
        4980           3   9.99747717E-05   6.51472714E-03   7.18352990E-03
        5000           6   9.99600743E-05   6.37785951E-03   7.03219185E-03
        5020           4   9.99652839E-05   6.25089323E-03   6.88119559E-03
        5040           3   9.99649128E-05   6.12634979E-03   6.73577748E-03
        5060           3   9.99630138E-05   6.00385014E-03   6.59389049E-03
        5080           2   9.99900731E-05   5.88643644E-03   6.45605149E-03
        5100           3   9.99866679E-05   5.76890353E-03   6.32109540E-03
        5120           1   9.99844051E-05   5.65665914E-03   6.18903013E-03
        5140           4   9.99640033E-05   5.54235280E-03   6.06297562E-03
        5160           1   9.99969925E-05   5.43811126E-03   5.93699748E-03
        5180           1   9.99757394E-05   5.33150649E-03   5.81725081E-03
        5200           4   9.99624535E-05   5.22449100E-03   5.70088206E-03
        5220           4   9.99626354E-05   5.12223877E-03   5.58501575E-03
        5240           3   9.99851763E-05   5.02403220E-03   5.47173107E-03
        5260           1   9.99824333E-05   4.92831180E-03   5.36157843E-03
        5280           3   9.99735057E-05   4.83011408E-03   5.25511988E-03
        5300           3   9.99878757E-05   4.73762956E-03   5.15067531E-03
        5320           3   9.99887707E-05   4.64472082E-03   5.04894694E-03
        5340           1   9.99992699E-05   4.55612084E-03   4.94852755E-03
        5360           3   9.99720287E-05   4.46513575E-03   4.85462463E-03
        5380           3   9.99908370E-05   4.37809806E-03   4.75943321E-03
        5400           2   9.99932745E-05   4.29401780E-03   4.66579571E-03
        5420           3   9.99828044E-05   4.20773355E-03   4.57572285E-03
        5440           1   9.99846525E-05   4.12725797E-03   4.48765140E-03
        5460           1   9.99722906E-05   4.04617656E-03   4.40213177E-03
        5480           3   9.99646800E-05   3.96314915E-03   4.31522261E-03
        5500           2   9.99997137E-05   3.88856977E-03   4.23396612E-03
        5520           1   9.99285403E-05   3.81142413E-03   4.15393524E-03
        5540           2   9.99899639E-05   3.73719516E-03   4.07358166E-03
        5560           3   9.99668046E-05   3.66150122E-03   3.99665302E-03
        5580           1   9.99878248E-05   3.59087205E-03   3.92007409E-03
        5600           1   9.99751355E-05   3.52091296E-03   3.84495617E-03
        5620           1   9.99643744E-05   3.44988983E-03   3.77097982E-03
        5640           2   9.99966433E-05   3.38151725E-03   3.69852292E-03
        5660           1   9.99948243E-05   3.31468717E-03   3.62900319E-03
        5680           1   9.99427939E-05   3.24598188E-03   3.55981220E-03
        5700           1   9.99677723E-05   3.18489899E-03   3.49278608E-03
        5720           1   9.99874828E-05   3.12002981E-03   3.42638651E-03
        5740           2   9.99714903E-05   3.05673643E-03   3.36252968E-03
        5760           1   9.99727345E-05   2.99778488E-03   3.29794385E-03
        5780           2   9.99908807E-05   2.93533830E-03   3.23412730E-03
        5800           1   9.99902331E-05   2.87789502E-03   3.17316689E-03
        5820           1   9.99625554E-05   2.81942403E-03   3.11208423E-03
        5840           1   9.99718322E-05   2.76636053E-03   3.05150962E-03
        5860           2   9.99650074E-05   2.70822970E-03   2.99500767E-03
        5880           2   9.99614858E-05   2.65376060E-03   2.93714041E-03
        5900           1   9.99602416E-05   2.60303589E-03   2.88060145E-03
        5920           1   9.99759359E-05   2.55159428E-03   2.82464898E-03
        5940           1   9.99069161E-05   2.49943836E-03   2.77160690E-03
        5960           3   9.99699987E-05   2.45117862E-03   2.71902583E-03
        5980           1   9.98850810E-05   2.40450888E-03   2.66459677E-03
        6000           1   9.99883559E-05   2.35598185E-03   2.61359266E-03
        6020           1   9.99660915E-05   2.31172005E-03   2.56427587E-03
        6040           1   9.99395270E-05   2.26953486E-03   2.51331157E-03
        6060           1   9.99012045E-05   2.22496875E-03   2.46708305E-03
        6080           1   9.99937984E-05   2.18660897E-03   2.41905055E-03
        6100           1   9.99822514E-05   2.14704778E-03   2.37074099E-03
        6120           1   9.99270997E-05   2.10740953E-03   2.32551410E-03
        6140           2   9.99857002E-05   2.07189284E-03   2.28070375E-03
        6160           1   9.99195036E-05   2.03442783E-03   2.23534182E-03
        6180           2   9.99645054E-05   1.99807622E-03   2.19329004E-03
        6200           1   9.99468975E-05   1.96353300E-03   2.14952929E-03
        6220           1   9.99653857E-05   1.92989828E-03   2.10834737E-03
        6240           1   9.99404656E-05   1.89742330E-03   2.06781202E-03
        6260           1   9.99611584E-05   1.86475751E-03   2.02567782E-03
        6280           1   9.97562820E-05   1.83178473E-03   1.98807125E-03
        6300           1   9.96388335E-05   1.80144759E-03   1.94806571E-03
        6320           1   9.94886723E-05   1.76863465E-03   1.91174401E-03
        6340           1   9.91558409E-05   1.73895713E-03   1.87470426E-03
        6360           1   9.84181606E-05   1.70735584E-03   1.84148399E-03
        6380           1   9.73475544E-05   1.68099662E-03   1.80748478E-03
        6400           1   9.58080782E-05   1.65366859E-03   1.77453691E-03
        6420           1   9.39185338E-05   1.62562542E-03   1.74290326E-03
        6440           1   9.17691214E-05   1.60288834E-03   1.71116239E-03
        6460           1   8.94627883E-05   1.57691003E-03   1.68329850E-03
        6480           1   8.71589364E-05   1.55498553E-03   1.65394263E-03
        6500           1   8.48265045E-05   1.53088092E-03   1.62624160E-03
        6520           1   8.27294789E-05   1.50616409E-03   1.59868691E-03
        6540           1   8.08164332E-05   1.48493575E-03   1.56992488E-03
        6560           1   7.92328647E-05   1.46221591E-03   1.54230196E-03
        6580           1   7.78921531E-05   1.43881130E-03   1.51468301E-03
        6600           1   7.69494509E-05   1.41762965E-03   1.48818002E-03
        6620           1   7.63058342E-05   1.39442785E-03   1.45839551E-03
        6640           1   7.59459072E-05   1.37306016E-03   1.42944639E-03
        6660           1   7.56767331E-05   1.35136431E-03   1.40292791E-03
        6680           1   7.54516004E-05   1.33029360E-03   1.37635472E-03
        6700           1   7.52367341E-05   1.30897982E-03   1.34950248E-03
        6720           1   7.48077655E-05   1.29369379E-03   1.32522802E-03
        6740           1   7.41113254E-05   1.27381366E-03   1.30120863E-03
        6760           1   7.31783148E-05   1.25664915E-03   1.27893582E-03
        6780           1   7.20450698E-05   1.23897102E-03   1.25807466E-03
        6800           1   7.06665087E-05   1.22082408E-03   1.23651046E-03
        6820           1   6.91214300E-05   1.20261323E-03   1.21774164E-03
        6840           1   6.74693656E-05   1.18592964E-03   1.19807699E-03
        6860           1   6.58414938E-05   1.16881274E-03   1.18174008E-03
        6880           1   6.42397135E-05   1.15156581E-03   1.16299710E-03
        6900           1   6.27779882E-05   1.13530213E-03   1.14557380E-03
        6920           1   6.14694873E-05   1.12032471E-03   1.12801150E-03
        6940           1   6.03290173E-05   1.10191584E-03   1.11095887E-03
        6960           1   5.93754266E-05   1.08600454E-03   1.09327561E-03
        6980           1   5.86370079E-05   1.06973841E-03   1.07804232E-03
        7000           1   5.81057320E-05   1.05133653E-03   1.06000912E-03
        7020           1   5.77057544E-05   1.03691360E-03   1.04401121E-03
        7040           1   5.74132828E-05   1.02132442E-03   1.02601864E-03
        7060           1   5.71159799E-05   1.00213871E-03   1.01026346E-03
        7080           1   5.68219475E-05   9.85212275E-04   9.96617135E-04
        7100           1   5.64751244E-05   9.69557441E-04   9.81325167E-04
        7120           1   5.59637847E-05   9.54010640E-04   9.65262239E-04
        7140           1   5.53026402E-05   9.40042024E-04   9.52932984E-04
        7160           1   5.45178445E-05   9.27465502E-04   9.39480844E-04
        7180           1   5.35453655E-05   9.14501783E-04   9.23841610E-04
        7200           1   5.25307805E-05   9.01660183E-04   9.12721443E-04
        7220           1   5.14673011E-05   8.89928895E-04   9.00225015E-04
        7240           1   5.03455631E-05   8.77969200E-04   8.86997848E-04
        7260           1   4.92612198E-05   8.65839829E-04   8.76007311E-04
        7280           1   4.82008509E-05   8.54809361E-04   8.60911387E-04
        7300           1   4.72802458E-05   8.43747635E-04   8.49722011E-04
        7320           1   4.64659788E-05   8.33188882E-04   8.36646883E-04
        7340           1   4.58000941E-05   8.23313370E-04   8.22306494E-04
        7360           1   4.52133609E-05   8.12840532E-04   8.08664598E-04
        7380           1   4.47111561E-05   7.99530302E-04   7.97083019E-04
        7400           1   4.43721001E-05   7.88563222E-04   7.85431068E-04
        7420           1   4.40548247E-05   7.76817556E-04   7.73060776E-04
        7440           1   4.37232702E-05   7.66267593E-04   7.62487238E-04
        7460           1   4.34149842E-05   7.54587934E-04   7.52141874E-04
        7480           1   4.30208638E-05   7.43435987E-04   7.40771939E-04
        7500           1   4.26603729E-05   7.31427572E-04   7.32421351E-04
        7520           1   4.21684599E-05   7.23113772E-04   7.21672492E-04
        7540           1   4.15887880E-05   7.10517867E-04   7.11734116E-04
        7560           1   4.09952554E-05   7.00611330E-04   7.03566184E-04
        7580           1   4.03103404E-05   6.92557544E-04   6.95052673E-04
        7600           1   3.95517418E-05   6.82080747E-04   6.86941319E-04
        7620           1   3.88282569E-05   6.72064547E-04   6.76711614E-04
        7640           1   3.80961283E-05   6.61980594E-04   6.69656612E-04
        7660           1   3.74434676E-05   6.53489318E-04   6.58051344E-04
        7680           1   3.67990033E-05   6.45683263E-04   6.49801921E-04
        7700           1   3.62350620E-05   6.36761077E-04   6.39785081E-04
        7720           1   3.57658209E-05   6.28405251E-04   6.31714647E-04
        7740           1   3.53630821E-05   6.17145677E-04   6.22047461E-04
        7760           1   3.50345581E-05   6.10205927E-04   6.13415439E-04
        7780           1   3.47589557E-05   6.04238303E-04   6.04137429E-04
        7800           1   3.44453401E-05   5.94046200E-04   5.96144120E-04
        7820           1   3.41375926E-05   5.86181006E-04   5.84647991E-04
        7840           1   3.38645914E-05   5.79509360E-04   5.77100029E-04
        7860           1   3.34495780E-05   5.69793745E-04   5.67975745E-04
        7880           1   3.31143056E-05   5.62545436E-04   5.59050532E-04
        7900           1   3.27515045E-05   5.54366386E-04   5.52452286E-04
        7920           1   3.22217420E-05   5.45847812E-04   5.44428243E-04
        7940           1   3.16847509E-05   5.38104563E-04   5.36573934E-04
        7960           1   3.11286822E-05   5.33130253E-04   5.29524928E-04
        7980           1   3.05073736E-05   5.25524782E-04   5.21381095E-04
        8000           1   2.99541935E-05   5.18206740E-04   5.17035136E-04
        8020           1   2.94268539E-05   5.09959122E-04   5.07204444E-04
        8040           1   2.89029922E-05   5.02987532E-04   5.01616218E-04
        8051           1   2.86402392E-05   4.99967835E-04   4.97057103E-04
 Solver: fs        , Convection scheme: uds       
 RE=   1000.00000     , N=          64
 Selected Time scheme:            2
 DT=   4.99999989E-03
 Wall-clock time (s):    77.0355530    
Note: The following floating-point exceptions are signalling: IEEE_UNDERFLOW_FLAG
