 DT=?
          20        3131   9.99986223E-05   7.37360954       2.90374303    
          40         584   9.99947661E-05   4.72609520       1.93851495    
          60         192   9.99992699E-05   3.64839792       1.56687438    
          80         104   9.99962795E-05   3.01771855       1.36212444    
         100         104   9.99929616E-05   2.59748769       1.23664927    
         120         154   9.99774202E-05   2.29086566       1.15645027    
         140         155   9.99881377E-05   2.05710363       1.10426068    
         160         150   9.99884141E-05   1.87436223       1.07035589    
         180         147   9.99669137E-05   1.72673762       1.04848480    
         200         144   9.99596450E-05   1.60511780       1.03464580    
         220         139   9.99531185E-05   1.50538039       1.02581394    
         240         136   9.99830663E-05   1.42314100       1.02009034    
         260         133   9.99491676E-05   1.35546660       1.01645637    
         280         129   9.99865370E-05   1.30088186       1.01370323    
         300         125   9.99809636E-05   1.25767732       1.01111639    
         320         122   9.99598778E-05   1.22424364       1.00857294    
         340         114   9.99965778E-05   1.19917357       1.00580442    
         360         113   9.99812182E-05   1.18076110       1.00273526    
         380         112   9.99884141E-05   1.16743529      0.999299467    
         400         107   9.99616968E-05   1.15773058      0.995920062    
         420         106   9.99544282E-05   1.15076339      0.992324471    
         440         106   9.99552503E-05   1.14575410      0.988775253    
         460         102   9.99570839E-05   1.14219689      0.985295594    
         480          96   9.99936383E-05   1.13969970      0.981768727    
         500          91   9.99916811E-05   1.13792324      0.978683233    
         520          93   9.99597396E-05   1.13660002      0.976045370    
         540          97   9.99820768E-05   1.13550997      0.973608136    
         560          97   9.99882468E-05   1.13453841      0.971322894    
         580          94   9.99594195E-05   1.13356400      0.969013095    
         600          91   9.99820622E-05   1.13244557      0.966778040    
         620          92   9.99516706E-05   1.13108969      0.964531004    
         640          94   9.99737458E-05   1.12947083      0.962262332    
         660          94   9.99578915E-05   1.12761319      0.959736764    
         680          90   9.99981348E-05   1.12552071      0.957099319    
         700          88   9.99553013E-05   1.12324858      0.954361200    
         720          86   9.99661061E-05   1.12074935      0.951473594    
         740          84   9.99766344E-05   1.11799264      0.948401093    
         760          92   9.99798722E-05   1.11493492      0.945353031    
         780          88   9.99809636E-05   1.11163604      0.942000389    
         800          85   9.99773401E-05   1.10803199      0.938650846    
         820          85   9.99635813E-05   1.10418212      0.935066640    
         840          85   9.99812619E-05   1.10017049      0.931425989    
         860          78   9.99870172E-05   1.09588337      0.927626252    
         880          77   9.99599142E-05   1.09133244      0.923807442    
         900          79   9.99852564E-05   1.08646119      0.919827878    
         920          78   9.99629992E-05   1.08146155      0.915821612    
         940          84   9.99794356E-05   1.07629395      0.911772370    
         960          83   9.99991971E-05   1.07096088      0.907545388    
         980          79   9.99982585E-05   1.06537294      0.903240800    
        1000          78   9.99772165E-05   1.05964136      0.898857474    
        1020          76   9.99871991E-05   1.05384195      0.894370317    
        1040          74   9.99864642E-05   1.04784274      0.889847994    
        1060          72   9.99687109E-05   1.04166722      0.885249615    
        1080          75   9.99779149E-05   1.03538990      0.880649745    
        1100          78   9.99964032E-05   1.02903509      0.875962615    
        1120          76   9.99887852E-05   1.02246499      0.871120512    
        1140          78   9.99654949E-05   1.01585889      0.866351247    
        1160          80   9.99787226E-05   1.00916421      0.861477733    
        1180          78   9.99690674E-05   1.00228107      0.856503725    
        1200          70   9.99943368E-05  0.995463848      0.851447344    
        1220          65   9.99820622E-05  0.988476276      0.846326947    
        1240          64   9.99971962E-05  0.981363058      0.841254890    
        1260          56   9.99680706E-05  0.974258780      0.836085260    
        1280          56   9.99956683E-05  0.966992855      0.830917001    
        1300          53   9.99913245E-05  0.959721804      0.825705409    
        1320          47   9.99882905E-05  0.952334762      0.820435882    
        1340          41   9.99749609E-05  0.944891334      0.815141320    
        1360          39   9.99833865E-05  0.937426329      0.809878886    
        1380          39   9.99987897E-05  0.929806352      0.804618239    
        1400          40   9.99818367E-05  0.922233522      0.799337029    
        1420          46   9.99971380E-05  0.914470375      0.794105589    
        1440          42   9.99820404E-05  0.906836212      0.788769305    
        1460          35   9.99723852E-05  0.899117827      0.783417940    
        1480          31   9.99845288E-05  0.891351163      0.778103292    
        1500          27   9.99808472E-05  0.883498549      0.772788346    
        1520          30   9.99652475E-05  0.875623226      0.767556429    
        1540          29   9.99852709E-05  0.867687225      0.762292027    
        1560          27   9.99880940E-05  0.859785497      0.757017851    
        1580          22   9.99995318E-05  0.851810515      0.751776695    
        1600          18   9.99771873E-05  0.843849897      0.746503651    
        1620          18   9.99932381E-05  0.835789084      0.741304874    
        1640          19   9.99954864E-05  0.827767849      0.736143708    
        1660          16   9.99878685E-05  0.819691896      0.730909586    
        1680           8   9.99686090E-05  0.811699629      0.725744486    
        1700          11   9.99895929E-05  0.803550482      0.720611930    
        1720           6   9.99905897E-05  0.795524836      0.715490401    
        1740          10   9.99922559E-05  0.787402332      0.710462928    
        1760           9   9.99980475E-05  0.779328287      0.705359519    
        1780          13   9.99728363E-05  0.771237254      0.700376272    
        1800          16   9.99593030E-05  0.763127685      0.695352435    
        1820          17   9.99652621E-05  0.755111396      0.690387249    
        1840          24   9.99721669E-05  0.747021556      0.685464263    
        1860          24   9.99676777E-05  0.739030659      0.680482149    
        1880          27   9.99699987E-05  0.731050313      0.675594926    
        1900          24   9.99877302E-05  0.723121524      0.670616090    
        1920          27   9.99840559E-05  0.715228677      0.665763378    
        1940          26   9.99698386E-05  0.707375705      0.660873055    
        1960          20   9.99933472E-05  0.699605227      0.655928135    
        1980          22   9.99944677E-05  0.691832721      0.651115358    
        2000          24   9.99944823E-05  0.684093475      0.646239281    
        2020          25   9.99781187E-05  0.676431835      0.641410291    
        2040          22   9.99823460E-05  0.668862820      0.636534035    
        2060          22   9.99959739E-05  0.661294103      0.631662846    
        2080          25   9.99811018E-05  0.653788805      0.626836240    
        2100          21   9.99944896E-05  0.646407843      0.621936500    
        2120          24   9.99696495E-05  0.638993800      0.617066920    
        2140          29   9.99953190E-05  0.631653190      0.612210929    
        2160          30   9.99713520E-05  0.624406219      0.607295275    
        2180          31   9.99924741E-05  0.617202342      0.602381229    
        2200          26   9.99734402E-05  0.610134006      0.597418189    
        2220          25   9.99834447E-05  0.603100896      0.592432737    
        2240          22   9.99648546E-05  0.596129596      0.587446392    
        2260          26   9.99771582E-05  0.589156747      0.582471609    
        2280          27   9.99742551E-05  0.582301438      0.577448070    
        2300          27   9.99714248E-05  0.575514138      0.572408915    
        2320          32   9.99800322E-05  0.568746090      0.567391515    
        2340          28   9.99768963E-05  0.562116027      0.562265635    
        2360          23   9.99774420E-05  0.555574059      0.557167172    
        2380          24   9.99764889E-05  0.549043715      0.552062273    
        2400          23   9.99794138E-05  0.542583585      0.546926498    
        2420          28   9.99859039E-05  0.536157608      0.541827738    
        2440          22   9.99694021E-05  0.529896736      0.536665261    
        2460          22   9.99787007E-05  0.523630381      0.531499565    
        2480          23   9.99967378E-05  0.517442226      0.526345611    
        2500          21   9.99758995E-05  0.511337757      0.521173835    
        2520          22   9.99944241E-05  0.505298853      0.516007960    
        2540          16   9.99632466E-05  0.499356687      0.510790229    
        2560          19   9.99870172E-05  0.493414670      0.505630493    
        2580          20   9.99792319E-05  0.487553447      0.500467062    
        2600          24   9.99680778E-05  0.481750429      0.495290339    
        2620          25   9.99871336E-05  0.476031721      0.490128905    
        2640          19   9.99673939E-05  0.470414132      0.484930336    
        2660          14   9.99905460E-05  0.464845538      0.479731202    
        2680          18   9.99775366E-05  0.459282607      0.474592626    
        2700          22   9.99576441E-05  0.453795046      0.469473898    
        2720          21   9.99770709E-05  0.448399454      0.464339614    
        2740          23   9.99822878E-05  0.443033308      0.459218204    
        2760          14   9.99859622E-05  0.437785208      0.454029471    
        2780          10   9.99756739E-05  0.432566971      0.448906451    
        2800           7   9.99929543E-05  0.427404493      0.443792880    
        2820           6   9.99759504E-05  0.422276467      0.438696861    
        2840           6   9.99913173E-05  0.417193383      0.433617890    
        2860           5   9.99824915E-05  0.412165284      0.428550810    
        2880           7   9.99833501E-05  0.407160670      0.423522741    
        2900           8   9.99594486E-05  0.402209133      0.418513149    
        2920          14   9.99976182E-05  0.397285134      0.413523316    
        2940          16   9.99714612E-05  0.392433167      0.408558905    
        2960          11   9.99929252E-05  0.387668788      0.403581351    
        2980           5   9.99818803E-05  0.382955074      0.398610920    
        3000           5   9.99890253E-05  0.378242344      0.393709302    
        3020           8   9.99652693E-05  0.373546273      0.388862401    
        3040          11   9.99976546E-05  0.368901402      0.384043187    
        3060          17   9.99969634E-05  0.364275247      0.379268348    
        3080          19   9.99738695E-05  0.359721899      0.374510467    
        3100          20   9.99975164E-05  0.355225384      0.369766235    
        3120          17   9.99776385E-05  0.350789636      0.365041256    
        3140          11   9.99648546E-05  0.346403569      0.360350013    
        3160          13   9.99709082E-05  0.342008144      0.355749339    
        3180          13   9.99657932E-05  0.337663949      0.351174235    
        3200          17   9.99620897E-05  0.333342552      0.346647322    
        3220          20   9.99763797E-05  0.329066783      0.342159182    
        3240          15   9.99996555E-05  0.324881971      0.337676048    
        3260          13   9.99985496E-05  0.320714951      0.333258569    
        3280           7   9.99667245E-05  0.316611141      0.328866780    
        3300          11   9.99783151E-05  0.312491089      0.324571341    
        3320          16   9.99992844E-05  0.308412522      0.320315570    
        3340          14   9.99827535E-05  0.304410070      0.316075832    
        3360          12   9.99603944E-05  0.300454289      0.311883897    
        3380          13   9.99712429E-05  0.296524942      0.307753295    
        3400           8   9.99752738E-05  0.292665154      0.303649932    
        3420          14   9.99672266E-05  0.288770556      0.299656838    
        3440          14   9.99814656E-05  0.284964859      0.295671523    
        3460          15   9.99821277E-05  0.281190336      0.291736662    
        3480          17   9.99725453E-05  0.277452767      0.287855357    
        3500          14   9.99667463E-05  0.273788750      0.283992797    
        3520          20   9.99739859E-05  0.270103276      0.280230641    
        3540          19   9.99822005E-05  0.266499460      0.276483357    
        3560          11   9.99956683E-05  0.262983382      0.272748679    
        3580          11   9.99592012E-05  0.259445846      0.269112855    
        3600          13   9.99570111E-05  0.255931139      0.265533835    
        3620          15   9.99840777E-05  0.252469242      0.261993110    
        3640          12   9.99765616E-05  0.249067962      0.258474678    
        3660          10   9.99900440E-05  0.245699450      0.255001783    
        3680          11   9.99817348E-05  0.242338583      0.251600027    
        3700          12   9.99646873E-05  0.239012852      0.248240858    
        3720          19   9.99890472E-05  0.235686868      0.244948730    
        3740          21   9.99630429E-05  0.232419074      0.241688341    
        3760          22   9.99853582E-05  0.229195803      0.238465562    
        3780          18   9.99873228E-05  0.226042181      0.235257417    
        3800          15   9.99802869E-05  0.222908735      0.232096404    
        3820          19   9.99649274E-05  0.219759062      0.229013979    
        3840          21   9.99691329E-05  0.216652364      0.225956544    
        3860          21   9.99925178E-05  0.213593647      0.222923592    
        3880          15   9.99873737E-05  0.210593849      0.219907776    
        3900          16   9.99649565E-05  0.207579002      0.216961890    
        3920          13   9.99716576E-05  0.204625621      0.214029625    
        3940          13   9.99988042E-05  0.201680198      0.211142972    
        3960          15   9.99743133E-05  0.198740110      0.208312824    
        3980          15   9.99928161E-05  0.195849881      0.205495775    
        4000          15   9.99740441E-05  0.192979246      0.202720076    
        4020          16   9.99761032E-05  0.190125316      0.199979663    
        4040          13   9.99976255E-05  0.187333435      0.197249547    
        4060          19   9.99598633E-05  0.184495762      0.194596365    
        4080          17   9.99701515E-05  0.181742132      0.191933095    
        4100          14   9.99963813E-05  0.179023877      0.189296409    
        4120          11   9.99810800E-05  0.176329896      0.186690435    
        4140           8   9.99637268E-05  0.173653245      0.184111819    
        4160          13   9.99976983E-05  0.170952663      0.181593239    
        4180          12   9.99852637E-05  0.168317780      0.179074377    
        4200          14   9.99857584E-05  0.165688932      0.176594406    
        4220          14   9.99794647E-05  0.163092956      0.174128324    
        4240           9   9.99838157E-05  0.160563633      0.171666726    
        4260           8   9.99694021E-05  0.158028543      0.169250920    
        4280           4   9.99703261E-05  0.155536175      0.166837633    
        4300           7   9.99903205E-05  0.153028443      0.164477304    
        4320           8   9.99671174E-05  0.150555596      0.162130862    
        4340          11   9.99741460E-05  0.148092628      0.159818500    
        4360           7   9.99650438E-05  0.145706564      0.157490030    
        4380           7   9.99629410E-05  0.143319026      0.155205488    
        4400           8   9.99840267E-05  0.140955552      0.152940854    
        4420           6   9.99544718E-05  0.138628870      0.150687218    
        4440           6   9.99960248E-05  0.136329591      0.148453891    
        4460          11   9.99648182E-05  0.134015068      0.146263316    
        4480          13   9.99915646E-05  0.131754443      0.144079790    
        4500          10   9.99593613E-05  0.129547432      0.141900465    
        4520          10   9.99682889E-05  0.127353027      0.139749080    
        4540          10   9.99803960E-05  0.125187635      0.137616381    
        4560          12   9.99765543E-05  0.123040132      0.135510370    
        4580          12   9.99594267E-05  0.120934859      0.133414805    
        4600          11   9.99946642E-05  0.118867002      0.131328210    
        4620           6   9.99695185E-05  0.116846710      0.129261449    
        4640           6   9.99732729E-05  0.114834845      0.127218187    
        4660           7   9.99639087E-05  0.112836041      0.125203475    
        4680           9   9.99996628E-05  0.110870495      0.123204939    
        4700          10   9.99881668E-05  0.108939223      0.121225283    
        4720           8   9.99659023E-05  0.107052542      0.119255908    
        4740           9   9.99895638E-05  0.105181359      0.117312662    
        4760           6   9.99663825E-05  0.103363544      0.115380242    
        4780           7   9.99822805E-05  0.101551540      0.113474645    
        4800          11   9.99725598E-05   9.97520164E-02  0.111596920    
        4820           6   9.99899275E-05   9.80351567E-02  0.109719090    
        4840          10   9.99734548E-05   9.62942317E-02  0.107879236    
        4860           7   9.99893309E-05   9.46198255E-02  0.106047116    
        4880           7   9.99818731E-05   9.29579586E-02  0.104241468    
        4900           9   9.99843542E-05   9.13143829E-02  0.102459766    
        4920           8   9.99724361E-05   8.97155851E-02  0.100691617    
        4940           7   9.99622353E-05   8.81372765E-02   9.89453569E-02
        4960           5   9.99793483E-05   8.65964070E-02   9.72175151E-02
        4980           8   9.99982149E-05   8.50576982E-02   9.55188200E-02
        5000           8   9.99932963E-05   8.35570395E-02   9.38396379E-02
        5020          10   9.99839904E-05   8.20705071E-02   9.21838507E-02
        5040           5   9.99811018E-05   8.06435868E-02   9.05380547E-02
        5060           5   9.99595068E-05   7.92125165E-02   8.89229774E-02
        5080           8   9.99778204E-05   7.77982995E-02   8.73369575E-02
        5100           4   9.99759795E-05   7.64322430E-02   8.57601613E-02
        5120           6   9.99562617E-05   7.50631317E-02   8.42198581E-02
        5140           6   9.99761760E-05   7.37264007E-02   8.26928765E-02
        5160           6   9.99743861E-05   7.24112689E-02   8.11945200E-02
        5180           4   9.99922922E-05   7.11340681E-02   7.97163695E-02
        5200           5   9.99779077E-05   6.98569715E-02   7.82597288E-02
        5220           7   9.99659824E-05   6.85961545E-02   7.68362731E-02
        5240           8   9.99908225E-05   6.73674271E-02   7.54272789E-02
        5260           8   9.99983749E-05   6.61658868E-02   7.40461349E-02
        5280           7   9.99934782E-05   6.49869144E-02   7.26906434E-02
        5300           7   9.99738404E-05   6.38198927E-02   7.13571832E-02
        5320           7   9.99673211E-05   6.26771003E-02   7.00500682E-02
        5340           4   9.99634794E-05   6.15665726E-02   6.87612370E-02
        5360           7   9.99867771E-05   6.04560338E-02   6.75071701E-02
        5380           5   9.99912154E-05   5.93859330E-02   6.62708655E-02
        5400           6   9.99802505E-05   5.83210029E-02   6.50648996E-02
        5420           8   9.99751719E-05   5.72697930E-02   6.38792440E-02
        5440           6   9.99959448E-05   5.62637523E-02   6.27147481E-02
        5460           6   9.99977929E-05   5.52613400E-02   6.15747385E-02
        5480           5   9.99905460E-05   5.42877726E-02   6.04597218E-02
        5500           5   9.99676995E-05   5.33254743E-02   5.93647808E-02
        5520           5   9.99910626E-05   5.23873568E-02   5.82943149E-02
        5540           5   9.99693148E-05   5.14680855E-02   5.72504923E-02
        5560           3   9.99992044E-05   5.05793802E-02   5.62176220E-02
        5580           7   9.99894328E-05   4.96824384E-02   5.52187040E-02
        5600           5   9.99791082E-05   4.88245264E-02   5.42357937E-02
        5620           3   9.99826225E-05   4.79925796E-02   5.32677844E-02
        5640           4   9.99972326E-05   4.71668988E-02   5.23248762E-02
        5660           4   9.99562108E-05   4.63558696E-02   5.14039174E-02
        5680           4   9.99752301E-05   4.55684252E-02   5.04992902E-02
        5700           5   9.99649928E-05   4.47941385E-02   4.96194586E-02
        5720           6   9.99770127E-05   4.40380126E-02   4.87542003E-02
        5740           5   9.99658369E-05   4.33025584E-02   4.79035489E-02
        5760           4   9.99848999E-05   4.25897837E-02   4.70734350E-02
        5780           4   9.99640542E-05   4.18796241E-02   4.62626554E-02
        5800           4   9.99877011E-05   4.11919840E-02   4.54620309E-02
        5820           4   9.99960175E-05   4.05156240E-02   4.46864329E-02
        5840           4   9.99885233E-05   3.98558192E-02   4.39225584E-02
        5860           4   9.99889817E-05   3.92044559E-02   4.31796685E-02
        5880           5   9.99981203E-05   3.85644697E-02   4.24513258E-02
        5900           4   9.99899348E-05   3.79411504E-02   4.17348966E-02
        5920           3   9.99893164E-05   3.73330601E-02   4.10389788E-02
        5940           3   9.99886906E-05   3.67340595E-02   4.03529480E-02
        5960           4   9.99708136E-05   3.61378416E-02   3.96897122E-02
        5980           3   9.99909098E-05   3.55681777E-02   3.90307680E-02
        6000           4   9.99582626E-05   3.49914879E-02   3.83970179E-02
        6020           5   9.99797849E-05   3.44300494E-02   3.77733670E-02
        6040           3   9.99724871E-05   3.38883474E-02   3.71526107E-02
        6060           3   9.99713156E-05   3.33474427E-02   3.65590751E-02
        6080           4   9.99919139E-05   3.28134522E-02   3.59700024E-02
        6100           4   9.99873082E-05   3.22944969E-02   3.53966728E-02
        6120           4   9.99833355E-05   3.17764692E-02   3.48360874E-02
        6140           4   9.99703843E-05   3.12745944E-02   3.42812203E-02
        6160           4   9.99624463E-05   3.07713188E-02   3.37433368E-02
        6180           3   9.99589247E-05   3.02838497E-02   3.32131498E-02
        6200           3   9.99718177E-05   2.98020821E-02   3.26922424E-02
        6220           3   9.99825497E-05   2.93283518E-02   3.21878120E-02
        6240           4   9.99809417E-05   2.88507901E-02   3.16910297E-02
        6260           2   9.99989716E-05   2.84013115E-02   3.11996825E-02
        6280           4   9.99717740E-05   2.79287882E-02   3.07258554E-02
        6300           3   9.99985132E-05   2.74866614E-02   3.02555040E-02
        6320           3   9.99985568E-05   2.70389225E-02   2.97965799E-02
        6340           2   9.99663025E-05   2.66027823E-02   2.93429848E-02
        6360           3   9.99633121E-05   2.61630192E-02   2.88977586E-02
        6380           2   9.99796830E-05   2.57413387E-02   2.84613892E-02
        6400           3   9.99825352E-05   2.53171250E-02   2.80334689E-02
        6420           3   9.99716358E-05   2.49024797E-02   2.76115220E-02
        6440           4   9.99761833E-05   2.44865939E-02   2.71950830E-02
        6460           3   9.99789554E-05   2.40877010E-02   2.67798323E-02
        6480           3   9.99740951E-05   2.36890092E-02   2.63755713E-02
        6500           2   9.99966433E-05   2.33066827E-02   2.59725116E-02
        6520           2   9.99754993E-05   2.29144040E-02   2.55812798E-02
        6540           3   9.99744807E-05   2.25291401E-02   2.51938198E-02
        6560           3   9.99902986E-05   2.21525244E-02   2.48089638E-02
        6580           3   9.99951008E-05   2.17876956E-02   2.44306754E-02
        6600           3   9.99714102E-05   2.14178786E-02   2.40582861E-02
        6620           2   9.99500335E-05   2.10597813E-02   2.36859620E-02
        6640           2   9.99985277E-05   2.07094476E-02   2.33216528E-02
        6660           2   9.99375261E-05   2.03657690E-02   2.29597632E-02
        6680           2   9.99736876E-05   2.00221650E-02   2.26032007E-02
        6700           2   9.99498588E-05   1.96804963E-02   2.22550873E-02
        6720           2   9.99863842E-05   1.93574019E-02   2.19035596E-02
        6740           2   9.99722324E-05   1.90316886E-02   2.15623509E-02
        6760           3   9.99654440E-05   1.87087804E-02   2.12268308E-02
        6780           2   9.99599506E-05   1.83973070E-02   2.08893660E-02
        6800           3   9.99514959E-05   1.80852599E-02   2.05578580E-02
        6820           2   9.99860495E-05   1.77926682E-02   2.02270150E-02
        6840           2   9.99556796E-05   1.74920969E-02   1.99074298E-02
        6860           2   9.99764961E-05   1.72038861E-02   1.95885729E-02
        6880           3   9.99580298E-05   1.69126503E-02   1.92745347E-02
        6900           3   9.99532422E-05   1.66362319E-02   1.89633761E-02
        6920           1   9.99884651E-05   1.63736232E-02   1.86505243E-02
        6940           1   9.99889307E-05   1.61070041E-02   1.83474161E-02
        6960           2   9.99964395E-05   1.58505440E-02   1.80472769E-02
        6980           1   9.99999611E-05   1.55923227E-02   1.77506693E-02
        7000           2   9.99892800E-05   1.53400814E-02   1.74600817E-02
        7020           2   9.99854383E-05   1.50934439E-02   1.71736907E-02
        7040           2   9.99897456E-05   1.48549089E-02   1.68941766E-02
        7060           2   9.99775439E-05   1.46206822E-02   1.66128390E-02
        7080           2   9.99749536E-05   1.43922372E-02   1.63366068E-02
        7100           2   9.99696713E-05   1.41690103E-02   1.60643104E-02
        7120           1   9.99873955E-05   1.39542371E-02   1.57956854E-02
        7140           2   9.99544282E-05   1.37418220E-02   1.55327721E-02
        7160           1   9.99879412E-05   1.35307116E-02   1.52739706E-02
        7180           2   9.99780823E-05   1.33297313E-02   1.50172403E-02
        7200           2   9.99636322E-05   1.31275952E-02   1.47670284E-02
        7220           1   9.99709009E-05   1.29335029E-02   1.45178763E-02
        7240           1   9.99705881E-05   1.27434190E-02   1.42769050E-02
        7260           1   9.99960102E-05   1.25589184E-02   1.40387798E-02
        7280           1   9.99584881E-05   1.23732593E-02   1.38012059E-02
        7300           1   9.99762051E-05   1.21891443E-02   1.35709159E-02
        7320           1   9.99769545E-05   1.20164519E-02   1.33449621E-02
        7340           2   9.99510448E-05   1.18396962E-02   1.31213330E-02
        7360           2   9.99781187E-05   1.16668809E-02   1.29046347E-02
        7380           2   9.99584736E-05   1.14988880E-02   1.26876244E-02
        7400           1   9.99889526E-05   1.13367718E-02   1.24770487E-02
        7420           1   9.99892945E-05   1.11758681E-02   1.22697512E-02
        7440           2   9.99450203E-05   1.10162981E-02   1.20701054E-02
        7460           1   9.99727126E-05   1.08656008E-02   1.18712494E-02
        7480           2   9.99637487E-05   1.07125361E-02   1.16782114E-02
        7500           1   9.99832992E-05   1.05677182E-02   1.14821214E-02
        7520           2   9.99431795E-05   1.04228742E-02   1.13000413E-02
        7540           1   9.99992699E-05   1.02837598E-02   1.11183403E-02
        7560           1   9.99935437E-05   1.01449098E-02   1.09406859E-02
        7580           1   9.99984113E-05   1.00092180E-02   1.07623292E-02
        7600           2   9.99710537E-05   9.88095347E-03   1.05987238E-02
        7620           2   9.99490512E-05   9.75053012E-03   1.04305055E-02
        7640           1   9.99412732E-05   9.62759554E-03   1.02691613E-02
        7660           1   9.99641925E-05   9.50988755E-03   1.01085966E-02
        7680           1   9.99897165E-05   9.39445198E-03   9.95256752E-03
        7700           1   9.99688928E-05   9.28100850E-03   9.80238616E-03
        7720           1   9.99639451E-05   9.16658621E-03   9.65311006E-03
        7740           1   9.99818585E-05   9.05652065E-03   9.50887986E-03
        7760           2   9.99507029E-05   8.94651655E-03   9.37122758E-03
        7780           1   9.99477270E-05   8.84161796E-03   9.23134107E-03
        7800           1   9.99329277E-05   8.73486232E-03   9.09698009E-03
        7820           1   9.99521362E-05   8.62888899E-03   8.96328501E-03
        7840           1   9.99513868E-05   8.52929987E-03   8.83670151E-03
        7860           1   9.99582189E-05   8.42552818E-03   8.71350151E-03
        7880           1   9.99416807E-05   8.32799543E-03   8.58831592E-03
        7900           1   9.99534604E-05   8.22457206E-03   8.47147312E-03
        7920           1   9.99362237E-05   8.12993757E-03   8.35385546E-03
        7940           1   9.98681207E-05   8.03033728E-03   8.23878311E-03
        7960           1   9.99941112E-05   7.93732516E-03   8.12601112E-03
        7980           1   9.97004900E-05   7.84289092E-03   8.02139193E-03
        8000           1   9.94736984E-05   7.74885807E-03   7.91703910E-03
        8020           1   9.92309579E-05   7.65567506E-03   7.81491864E-03
        8040           1   9.88261963E-05   7.56585551E-03   7.71567924E-03
        8060           1   9.82337224E-05   7.47625483E-03   7.62352627E-03
        8080           1   9.73823626E-05   7.38663971E-03   7.53245270E-03
        8100           1   9.63144121E-05   7.29743438E-03   7.44005758E-03
        8120           1   9.49804526E-05   7.21300300E-03   7.35659618E-03
        8140           1   9.34803029E-05   7.12974090E-03   7.27889361E-03
        8160           1   9.18742298E-05   7.05027301E-03   7.19917845E-03
        8180           1   9.01990861E-05   6.97095599E-03   7.12487008E-03
        8200           1   8.85286063E-05   6.89383876E-03   7.04646436E-03
        8220           1   8.69310388E-05   6.81914575E-03   6.97496487E-03
        8240           1   8.54244499E-05   6.73919916E-03   6.90067140E-03
        8260           1   8.40721477E-05   6.66299462E-03   6.82672439E-03
        8280           1   8.28979901E-05   6.59296662E-03   6.74870145E-03
        8300           1   8.19371853E-05   6.51223259E-03   6.67344593E-03
        8320           1   8.11847858E-05   6.43768953E-03   6.59770472E-03
        8340           1   8.06308017E-05   6.36300305E-03   6.52337912E-03
        8360           1   8.02423529E-05   6.28940621E-03   6.44376641E-03
        8380           1   7.99820336E-05   6.21790811E-03   6.36679586E-03
        8400           1   7.97556640E-05   6.14323001E-03   6.29306957E-03
        8420           1   7.95199230E-05   6.07444439E-03   6.21839520E-03
        8440           1   7.92230276E-05   6.00696821E-03   6.14670105E-03
        8460           1   7.88048710E-05   5.94122522E-03   6.07196288E-03
        8480           1   7.82351417E-05   5.87370107E-03   6.00612490E-03
        8500           1   7.75542285E-05   5.80787240E-03   5.94021101E-03
        8520           1   7.67004676E-05   5.74748311E-03   5.87962102E-03
        8540           1   7.57012240E-05   5.68556506E-03   5.81895746E-03
        8560           1   7.45928992E-05   5.62400371E-03   5.76069718E-03
        8580           1   7.34481000E-05   5.56417601E-03   5.70069440E-03
        8600           1   7.22662080E-05   5.50728384E-03   5.64570259E-03
        8620           1   7.11103203E-05   5.44886058E-03   5.58618596E-03
        8640           1   6.99962839E-05   5.39366994E-03   5.52705489E-03
        8660           1   6.89507360E-05   5.33263572E-03   5.46970405E-03
        8680           1   6.80138255E-05   5.27809281E-03   5.41208219E-03
        8700           1   6.72191818E-05   5.22479927E-03   5.35338745E-03
        8720           1   6.65484331E-05   5.16486261E-03   5.29851718E-03
        8740           1   6.59822690E-05   5.11061819E-03   5.24000125E-03
        8760           1   6.55440017E-05   5.05169388E-03   5.18184947E-03
        8780           1   6.52027738E-05   4.99779545E-03   5.12313470E-03
        8800           1   6.49339490E-05   4.94306488E-03   5.06405300E-03
        8820           1   6.46837361E-05   4.88472171E-03   5.00655640E-03
        8840           1   6.44163229E-05   4.83261142E-03   4.95009357E-03
        8860           1   6.41044899E-05   4.77893883E-03   4.89343889E-03
        8880           1   6.37406192E-05   4.72825719E-03   4.83966619E-03
        8900           1   6.33150630E-05   4.67687706E-03   4.78496309E-03
        8920           1   6.27661648E-05   4.62820660E-03   4.73321322E-03
        8940           1   6.21366198E-05   4.58065420E-03   4.68143728E-03
        8960           1   6.14433156E-05   4.53597261E-03   4.62754676E-03
        8980           1   6.06654030E-05   4.49563563E-03   4.58121393E-03
        9000           1   5.98587358E-05   4.45393845E-03   4.53066733E-03
        9020           1   5.89956326E-05   4.41225059E-03   4.48071118E-03
        9040           1   5.81502827E-05   4.37621959E-03   4.43117926E-03
        9060           1   5.73314537E-05   4.33773361E-03   4.37934371E-03
        9080           1   5.65748960E-05   4.29962715E-03   4.32797801E-03
        9100           1   5.58787797E-05   4.26207157E-03   4.27673478E-03
        9120           1   5.52569109E-05   4.22300491E-03   4.22800053E-03
        9140           1   5.47191012E-05   4.18340927E-03   4.17593261E-03
        9160           1   5.42896050E-05   4.14407393E-03   4.12673689E-03
        9180           1   5.39019711E-05   4.10676980E-03   4.07430343E-03
        9200           1   5.35579529E-05   4.06518253E-03   4.02700342E-03
        9220           1   5.32656777E-05   4.02791612E-03   3.98106314E-03
        9240           1   5.30105535E-05   3.98514420E-03   3.93499527E-03
        9260           1   5.27165903E-05   3.94974183E-03   3.88880051E-03
        9280           1   5.24302050E-05   3.91065329E-03   3.85020277E-03
        9300           1   5.21000729E-05   3.87514173E-03   3.80827812E-03
        9320           1   5.17198569E-05   3.83478659E-03   3.76807922E-03
        9340           1   5.12680708E-05   3.79593484E-03   3.73048126E-03
        9360           1   5.07788936E-05   3.75695853E-03   3.69446538E-03
        9380           1   5.02413604E-05   3.72053985E-03   3.65921203E-03
        9400           1   4.96756365E-05   3.68141918E-03   3.62389069E-03
        9420           1   4.90750972E-05   3.64712579E-03   3.58958100E-03
        9440           1   4.84539305E-05   3.61396815E-03   3.55523732E-03
        9460           1   4.78472793E-05   3.57683562E-03   3.51986499E-03
        9480           1   4.72879619E-05   3.54169030E-03   3.48721608E-03
        9500           1   4.67579230E-05   3.50950612E-03   3.45375203E-03
        9520           1   4.62839234E-05   3.47576127E-03   3.41779087E-03
        9540           1   4.58517934E-05   3.44314333E-03   3.38380504E-03
        9560           1   4.54770270E-05   3.40915052E-03   3.35316919E-03
        9580           1   4.51530941E-05   3.38064972E-03   3.31779826E-03
        9600           1   4.48789979E-05   3.34431021E-03   3.28345341E-03
        9620           1   4.46037848E-05   3.31483339E-03   3.25216074E-03
        9640           1   4.43583194E-05   3.28301615E-03   3.21835303E-03
        9660           1   4.41279117E-05   3.25181591E-03   3.18384939E-03
        9680           1   4.38516108E-05   3.22111184E-03   3.15088546E-03
        9700           1   4.35698930E-05   3.19339894E-03   3.12007591E-03
        9720           1   4.32524175E-05   3.16335168E-03   3.08719766E-03
        9740           1   4.29153624E-05   3.13249137E-03   3.05888848E-03
        9760           1   4.25230173E-05   3.10358265E-03   3.02974950E-03
        9780           1   4.20997385E-05   3.07440734E-03   3.00305872E-03
        9800           1   4.16297189E-05   3.04794684E-03   2.97329575E-03
        9820           1   4.11351612E-05   3.02040088E-03   2.94742826E-03
        9840           1   4.06159415E-05   2.99229799E-03   2.92182411E-03
        9860           1   4.01410944E-05   2.96487915E-03   2.89353938E-03
        9880           1   3.96735413E-05   2.94024311E-03   2.87258439E-03
        9900           1   3.92073634E-05   2.91454769E-03   2.84460350E-03
        9920           1   3.87894506E-05   2.88845785E-03   2.81864940E-03
        9940           1   3.84028099E-05   2.86437315E-03   2.79479357E-03
        9960           1   3.80342462E-05   2.83686211E-03   2.77210376E-03
        9980           1   3.77178476E-05   2.81389942E-03   2.74271332E-03
       10000           1   3.74364972E-05   2.78968038E-03   2.71816575E-03
       10020           1   3.71693350E-05   2.76143313E-03   2.69504543E-03
       10040           1   3.69029622E-05   2.73858896E-03   2.66830414E-03
       10060           1   3.66631830E-05   2.71404581E-03   2.64396751E-03
       10080           1   3.64287771E-05   2.69157090E-03   2.62157922E-03
       10100           1   3.61817802E-05   2.66600563E-03   2.60098069E-03
       10120           1   3.59398400E-05   2.63996166E-03   2.57920590E-03
       10140           1   3.56475975E-05   2.61912844E-03   2.55919620E-03
       10160           1   3.53621581E-05   2.59327865E-03   2.53559719E-03
       10180           1   3.50308619E-05   2.56830268E-03   2.51562241E-03
       10200           1   3.47431996E-05   2.54360167E-03   2.49561644E-03
       10220           1   3.44450600E-05   2.52205203E-03   2.47462024E-03
       10240           1   3.41096857E-05   2.50072102E-03   2.45412393E-03
       10260           1   3.37758465E-05   2.47973180E-03   2.43172934E-03
       10280           1   3.34579963E-05   2.46052188E-03   2.40959832E-03
       10300           1   3.31439442E-05   2.44176085E-03   2.39118375E-03
       10320           1   3.28413080E-05   2.42306828E-03   2.36935634E-03
       10340           1   3.25597612E-05   2.40446976E-03   2.35059345E-03
       10360           1   3.23109089E-05   2.38324958E-03   2.32488057E-03
       10380           1   3.20587860E-05   2.36464385E-03   2.30689114E-03
       10400           1   3.18108250E-05   2.34438991E-03   2.28723884E-03
       10420           1   3.15903417E-05   2.32587755E-03   2.26927828E-03
       10440           1   3.13745222E-05   2.30568857E-03   2.25098152E-03
       10460           1   3.11555486E-05   2.28497246E-03   2.22815457E-03
       10480           1   3.09330826E-05   2.26612925E-03   2.20971135E-03
       10500           1   3.07164119E-05   2.24823761E-03   2.19326210E-03
       10520           1   3.04890800E-05   2.22529890E-03   2.17372319E-03
       10540           1   3.02304052E-05   2.20589130E-03   2.15967442E-03
       10560           1   2.99588046E-05   2.18646415E-03   2.14129104E-03
       10580           1   2.96959879E-05   2.16372497E-03   2.12676590E-03
       10600           1   2.93934172E-05   2.14522611E-03   2.10859114E-03
       10620           1   2.90989719E-05   2.12851446E-03   2.09121313E-03
       10640           1   2.87810981E-05   2.10763165E-03   2.07743095E-03
       10660           1   2.84815051E-05   2.09053955E-03   2.06094817E-03
       10680           1   2.81955236E-05   2.06888653E-03   2.04627053E-03
       10700           1   2.79106389E-05   2.05558934E-03   2.02871975E-03
       10720           1   2.76585051E-05   2.03795731E-03   2.01273197E-03
       10740           1   2.74102658E-05   2.02003797E-03   1.99458865E-03
       10760           1   2.71925110E-05   2.00722553E-03   1.97811704E-03
       10780           1   2.69961256E-05   1.99133786E-03   1.96005241E-03
       10800           1   2.67921514E-05   1.97620504E-03   1.94260303E-03
       10820           1   2.66225907E-05   1.96037674E-03   1.92625530E-03
       10840           1   2.64520058E-05   1.94820610E-03   1.90647761E-03
       10860           1   2.62760041E-05   1.92870561E-03   1.89167412E-03
       10880           1   2.61284895E-05   1.91171886E-03   1.87439437E-03
       10900           1   2.59467615E-05   1.89670140E-03   1.86073175E-03
       10920           1   2.57758857E-05   1.88379455E-03   1.84265734E-03
       10940           1   2.55884806E-05   1.86858699E-03   1.82519609E-03
       10960           1   2.54111237E-05   1.85377500E-03   1.81152124E-03
       10980           1   2.51957972E-05   1.83747162E-03   1.79631030E-03
       11000           1   2.49609566E-05   1.82273274E-03   1.78386655E-03
       11020           1   2.47539083E-05   1.80605147E-03   1.76885573E-03
       11040           1   2.45086048E-05   1.79396267E-03   1.75366551E-03
       11060           1   2.43053546E-05   1.77852565E-03   1.73879380E-03
       11080           1   2.40775262E-05   1.76483917E-03   1.72369403E-03
       11100           1   2.38741031E-05   1.74793159E-03   1.71152910E-03
       11120           1   2.36785236E-05   1.73486397E-03   1.69639464E-03
       11140           1   2.34990239E-05   1.71959598E-03   1.68030604E-03
       11160           1   2.33338651E-05   1.70615956E-03   1.66786625E-03
       11180           1   2.31787508E-05   1.68897281E-03   1.65596465E-03
       11200           1   2.30429687E-05   1.67472230E-03   1.63916044E-03
       11220           1   2.29338239E-05   1.65943848E-03   1.62977807E-03
       11240           1   2.27634282E-05   1.64861372E-03   1.61571102E-03
       11260           1   2.26401553E-05   1.63560407E-03   1.60276098E-03
       11280           1   2.24994619E-05   1.62093784E-03   1.59124157E-03
       11300           1   2.23388379E-05   1.60833576E-03   1.57788000E-03
       11320           1   2.21612172E-05   1.59217045E-03   1.56166242E-03
       11340           1   2.19874019E-05   1.57944357E-03   1.55273173E-03
       11360           1   2.18030655E-05   1.56522321E-03   1.54022803E-03
       11380           1   2.15825930E-05   1.55667053E-03   1.52615516E-03
       11400           1   2.13727490E-05   1.54077506E-03   1.51485205E-03
       11420           1   2.11540682E-05   1.53207278E-03   1.50332926E-03
       11440           1   2.09651844E-05   1.51767849E-03   1.49198447E-03
       11460           1   2.07568701E-05   1.50528178E-03   1.47652789E-03
       11480           1   2.05397955E-05   1.49563153E-03   1.46408472E-03
       11500           1   2.03535383E-05   1.48148730E-03   1.45208719E-03
       11520           1   2.01821549E-05   1.47343299E-03   1.43960619E-03
       11540           1   2.00271334E-05   1.46142952E-03   1.42958015E-03
       11560           1   1.98660309E-05   1.45215041E-03   1.41455291E-03
       11580           1   1.97368900E-05   1.44290971E-03   1.40530895E-03
       11600           1   1.96065121E-05   1.42811541E-03   1.38876855E-03
       11620           1   1.95015855E-05   1.41989766E-03   1.37569837E-03
       11640           1   1.94115055E-05   1.40926382E-03   1.36487535E-03
       11660           1   1.93142005E-05   1.39693613E-03   1.35336991E-03
       11680           1   1.92216339E-05   1.38749729E-03   1.33961579E-03
       11700           1   1.90909814E-05   1.37678918E-03   1.32692140E-03
       11720           1   1.89335660E-05   1.36582926E-03   1.32096198E-03
       11740           1   1.88198319E-05   1.35206571E-03   1.30880543E-03
       11760           1   1.86791713E-05   1.34222349E-03   1.30046508E-03
       11780           1   1.85391218E-05   1.33030559E-03   1.28650630E-03
       11800           1   1.83973116E-05   1.31506403E-03   1.28134387E-03
       11820           1   1.82061704E-05   1.30592962E-03   1.27182854E-03
       11840           1   1.80476836E-05   1.29552558E-03   1.26120332E-03
       11860           1   1.78526043E-05   1.28254865E-03   1.25342677E-03
       11880           1   1.76837821E-05   1.27458479E-03   1.24461262E-03
       11900           1   1.75337082E-05   1.26335677E-03   1.23770768E-03
       11920           1   1.73918324E-05   1.25017203E-03   1.22499419E-03
       11940           1   1.72601267E-05   1.24262064E-03   1.21663127E-03
       11960           1   1.71293213E-05   1.22837466E-03   1.20364130E-03
       11980           1   1.70222902E-05   1.22145889E-03   1.19716360E-03
       12000           1   1.69153645E-05   1.21064717E-03   1.18964282E-03
       12020           1   1.67969047E-05   1.20103115E-03   1.17830653E-03
       12040           1   1.67235448E-05   1.19487289E-03   1.17149763E-03
       12060           1   1.66011141E-05   1.18793291E-03   1.16077566E-03
       12080           1   1.65375877E-05   1.17665238E-03   1.14955625E-03
       12100           1   1.64417816E-05   1.16555172E-03   1.13987410E-03
       12120           1   1.63605037E-05   1.15756667E-03   1.13169907E-03
       12140           1   1.62306151E-05   1.15184649E-03   1.12052809E-03
       12160           1   1.61093612E-05   1.14079460E-03   1.11408788E-03
       12180           1   1.59580559E-05   1.13047694E-03   1.10412145E-03
       12200           1   1.58160947E-05   1.12300133E-03   1.09441055E-03
       12220           1   1.56618407E-05   1.11632352E-03   1.08337298E-03
       12240           1   1.55043108E-05   1.10452727E-03   1.07877597E-03
       12260           1   1.53453075E-05   1.09725236E-03   1.06885971E-03
       12280           1   1.51827608E-05   1.08916417E-03   1.06275850E-03
       12300           1   1.50188544E-05   1.08259730E-03   1.05461571E-03
       12320           1   1.48577510E-05   1.07340142E-03   1.04252051E-03
       12340           1   1.46914863E-05   1.06352335E-03   1.03724212E-03
       12360           1   1.45736949E-05   1.05809385E-03   1.02944335E-03
       12380           1   1.44978076E-05   1.04939879E-03   1.02262374E-03
       12400           1   1.44178830E-05   1.04176276E-03   1.01628620E-03
       12420           1   1.43431816E-05   1.03531289E-03   1.00592722E-03
       12440           1   1.42541730E-05   1.02466426E-03   9.97770461E-04
       12460           1   1.41996743E-05   1.01733382E-03   9.90107656E-04
       12480           1   1.41458140E-05   1.00923493E-03   9.80845420E-04
       12500           1   1.41015498E-05   1.00104860E-03   9.72205598E-04
       12520           1   1.40414859E-05   9.95534007E-04   9.62288002E-04
       12540           1   1.39671447E-05   9.87393782E-04   9.58098506E-04
       12560           1   1.38777277E-05   9.78616881E-04   9.52716800E-04
       12580           1   1.37970137E-05   9.70612571E-04   9.43702878E-04
       12600           1   1.36784302E-05   9.61799989E-04   9.36180470E-04
       12620           1   1.35523496E-05   9.55016818E-04   9.31772578E-04
       12640           1   1.34249130E-05   9.46470886E-04   9.25817410E-04
       12660           1   1.33192298E-05   9.41676728E-04   9.16742079E-04
       12680           1   1.31805673E-05   9.30093171E-04   9.09888709E-04
       12700           1   1.30650187E-05   9.24252672E-04   9.05801542E-04
       12720           1   1.29258633E-05   9.14190372E-04   8.97865102E-04
       12740           1   1.28274460E-05   9.12923890E-04   8.92249926E-04
       12760           1   1.27045068E-05   9.05904628E-04   8.86586728E-04
       12780           1   1.25951510E-05   8.96974292E-04   8.78642022E-04
       12800           1   1.25124088E-05   8.90270807E-04   8.72073753E-04
       12820           1   1.24285125E-05   8.83524481E-04   8.63150810E-04
       12840           1   1.23591535E-05   8.78967403E-04   8.57519219E-04
       12860           1   1.22833053E-05   8.70493648E-04   8.47426243E-04
       12880           1   1.22199217E-05   8.62470421E-04   8.44305789E-04
       12900           1   1.21655530E-05   8.54946033E-04   8.37007305E-04
       12920           1   1.20991826E-05   8.48815078E-04   8.31627578E-04
       12940           1   1.20114946E-05   8.44144612E-04   8.25309951E-04
       12960           1   1.19131864E-05   8.39541899E-04   8.15712439E-04
       12980           1   1.18600647E-05   8.30862846E-04   8.13232968E-04
       13000           1   1.17561804E-05   8.25589173E-04   8.09268560E-04
       13020           1   1.16761530E-05   8.18408385E-04   8.00287293E-04
       13040           1   1.15297289E-05   8.13380466E-04   7.94920663E-04
       13060           1   1.14370559E-05   8.06912547E-04   7.88248144E-04
       13080           1   1.13132965E-05   8.01196788E-04   7.83538213E-04
       13100           1   1.12183225E-05   7.96428940E-04   7.76662200E-04
       13120           1   1.11183645E-05   7.90594844E-04   7.69765582E-04
       13140           1   1.10219880E-05   7.84873439E-04   7.65310717E-04
       13160           1   1.09490766E-05   7.77356094E-04   7.60388677E-04
       13180           1   1.08612203E-05   7.70239159E-04   7.53472035E-04
       13200           1   1.08000204E-05   7.65918754E-04   7.46416510E-04
       13220           1   1.07779306E-05   7.62508484E-04   7.42036966E-04
       13240           1   1.07090009E-05   7.56229914E-04   7.35324225E-04
       13260           1   1.06809439E-05   7.51265150E-04   7.29637686E-04
       13280           1   1.06095167E-05   7.43504788E-04   7.23082747E-04
       13300           1   1.05920190E-05   7.40623567E-04   7.17265357E-04
       13320           1   1.05651407E-05   7.32625253E-04   7.11041444E-04
       13340           1   1.05065137E-05   7.26143015E-04   7.07159401E-04
       13360           1   1.04237333E-05   7.20569340E-04   7.02452089E-04
       13380           1   1.03934108E-05   7.17481074E-04   6.98452408E-04
       13400           1   1.03082893E-05   7.09314074E-04   6.91365567E-04
       13420           1   1.02072900E-05   7.03041209E-04   6.86524494E-04
       13440           1   1.01716596E-05   7.00125645E-04   6.84853643E-04
       13460           1   1.00672414E-05   6.94328337E-04   6.78209355E-04
       13480           1   9.97281040E-06   6.88581320E-04   6.71606220E-04
       13500           1   9.87492513E-06   6.84368133E-04   6.67477318E-04
       13520           1   9.79330071E-06   6.78063254E-04   6.65127707E-04
       13540           1   9.71285590E-06   6.71228219E-04   6.60112652E-04
       13560           1   9.64930223E-06   6.65711181E-04   6.52919989E-04
       13580           1   9.57540851E-06   6.61582104E-04   6.47705630E-04
       13600           1   9.51835864E-06   6.58436154E-04   6.45879714E-04
       13620           1   9.44438762E-06   6.51829643E-04   6.39738864E-04
       13640           1   9.35613389E-06   6.47154287E-04   6.31139032E-04
       13660           1   9.29760063E-06   6.41742838E-04   6.28026901E-04
       13680           1   9.21836454E-06   6.35280507E-04   6.24104985E-04
       13700           1   9.17149100E-06   6.32916985E-04   6.16483158E-04
       13720           1   9.09551090E-06   6.31896371E-04   6.14419929E-04
       13740           1   9.02571719E-06   6.25627814E-04   6.06956717E-04
       13760           1   8.96466099E-06   6.20835286E-04   6.03148714E-04
       13780           1   8.89889452E-06   6.14548044E-04   6.00322906E-04
       13800           1   8.86081671E-06   6.12067233E-04   5.94322395E-04
       13820           1   8.80765219E-06   6.07775466E-04   5.88777126E-04
       13840           1   8.76195645E-06   6.01190375E-04   5.85864123E-04
       13860           1   8.67792278E-06   5.97643899E-04   5.78914187E-04
       13880           1   8.60221189E-06   5.95302030E-04   5.74295409E-04
       13900           1   8.57651048E-06   5.88209892E-04   5.71260112E-04
       13920           1   8.50704510E-06   5.84827387E-04   5.67290408E-04
       13940           1   8.42300960E-06   5.78823616E-04   5.62508591E-04
       13960           1   8.36421532E-06   5.74613456E-04   5.59343491E-04
       13980           1   8.31982652E-06   5.71557903E-04   5.51751698E-04
       14000           1   8.26855285E-06   5.67690586E-04   5.51333360E-04
       14020           1   8.20733112E-06   5.64736314E-04   5.46200026E-04
       14040           1   8.15367639E-06   5.61785884E-04   5.43222006E-04
       14060           1   8.13731276E-06   5.56446030E-04   5.36628475E-04
       14080           1   8.08686036E-06   5.51804900E-04   5.34799125E-04
       14100           1   8.07155902E-06   5.47197007E-04   5.27399359E-04
       14120           1   8.02348222E-06   5.41109650E-04   5.27060940E-04
       14140           1   8.01706301E-06   5.37845364E-04   5.22918126E-04
       14160           1   7.95353208E-06   5.34476363E-04   5.20398316E-04
       14180           1   7.90273498E-06   5.27195050E-04   5.15305204E-04
       14200           1   7.86148757E-06   5.24426752E-04   5.09722740E-04
       14220           1   7.81007020E-06   5.20140980E-04   5.10664890E-04
       14240           1   7.76694378E-06   5.15766442E-04   5.04063035E-04
       14260           1   7.71446958E-06   5.09704172E-04   5.04055934E-04
       14280           1   7.65136610E-06   5.06497687E-04   4.96507681E-04
       14300           1   7.55732572E-06   5.04051568E-04   4.93959116E-04
       14320           1   7.51042626E-06   5.00857015E-04   4.89817758E-04
       14323           1   7.50518757E-06   4.99931513E-04   4.92186577E-04
 Solver: fs        , Convection scheme: uds       
 RE=   1000.00000     , N=         128
 Selected Time scheme:            2
 DT=   3.90625000E-03
 Wall-clock time (s):    344.363647    
Note: The following floating-point exceptions are signalling: IEEE_UNDERFLOW_FLAG
