 MAXIT, RE=?
 Enter scheme (uds / quick)
 solver (fs / simple):
 Enter time scheme (1 = Euler, 2 = Adams-Bashforth), DT:
          25           0   9.99603362E-05   1.31520033      0.592804670    
          50           0   9.97403331E-05  0.760591269      0.359258652    
          75           0   9.98421965E-05  0.560855508      0.275388598    
         100           0   9.97082825E-05  0.461774588      0.224568456    
         125           0   9.99274052E-05  0.374282032      0.193294510    
         150           0   9.99718832E-05  0.314304590      0.180336729    
         175           0   9.99749245E-05  0.264736980      0.179331496    
         200           0   9.99457261E-05  0.278590560      0.137162790    
         225           0   9.99331169E-05  0.207818747      0.135130942    
         250           0   9.99970653E-05  0.215482503      0.139267698    
         275           0   9.99941476E-05  0.225176170      0.124080330    
         300           0   9.99472177E-05  0.204571441      0.129888520    
         325           0   9.99751283E-05  0.169277325      0.139419049    
         350           0   9.99991244E-05  0.140960246      0.129944384    
         375           0   9.99694603E-05  0.134560764      0.106735885    
         400           0   9.99552576E-05  0.126107916       9.98199359E-02
         425           0   9.99454205E-05  0.120221198      0.105011016    
         450           0   9.99670883E-05  0.135280147       9.73377004E-02
         475           0   9.99824042E-05  0.141683266       8.49929154E-02
         500           0   9.99875410E-05  0.129789442       9.78318006E-02
         525           0   9.99662007E-05  0.104642406      0.108852342    
         550           0   9.99795593E-05   9.43700075E-02   9.93657112E-02
         575           0   9.99848780E-05   9.91800874E-02   7.69798383E-02
         600           0   9.99714975E-05   9.11334679E-02   7.67901987E-02
         625           0   9.99701078E-05   8.20259154E-02   8.43061730E-02
         650           0   9.99525073E-05   9.88139063E-02   7.57537633E-02
         675           0   9.99582990E-05  0.106052659       6.33329526E-02
         700           0   9.99571275E-05   9.54187065E-02   8.01112652E-02
         725           0   9.99768890E-05   7.39104152E-02   8.98709148E-02
         750           0   9.99442927E-05   7.46748522E-02   7.92857260E-02
         775           0   9.99647673E-05   8.20188001E-02   5.80573194E-02
         800           0   9.99821495E-05   7.22546130E-02   6.41217455E-02
         825           0   9.99792755E-05   6.17068894E-02   7.22553208E-02
         850           0   9.99874464E-05   7.98349082E-02   6.16040491E-02
         875           0   9.99432668E-05   8.64839032E-02   4.91860881E-02
         900           0   9.99850454E-05   7.51073882E-02   6.85516447E-02
         925           0   9.99811891E-05   5.57650849E-02   7.69076720E-02
         950           0   9.99522817E-05   6.40909523E-02   6.46652505E-02
         975           0   9.99575423E-05   7.15134889E-02   4.49259281E-02
        1000           0   9.99772092E-05   5.95088452E-02   5.70957623E-02
 Solver: fs        
 Wall-clock time (s):    40.5096855    
 N=          40 URFP=  0.300000012     NSWPP=       10000 SORMAX=   9.99999975E-05
 Selected scheme: quick                0 Selected time scheme:            2
 RE=   100.000000     , N=          40 , DT=   1.00000005E-03
 Reached steady state at IT =           1   TIME =   1.00000005E-03
Note: The following floating-point exceptions are signalling: IEEE_UNDERFLOW_FLAG
