 DT=?
          20         384   9.99384720E-05  0.305730879      0.275705040    
          40         353   9.99375770E-05  0.209801838      0.195241258    
          60         244   9.95898517E-05  0.148528636      0.141663939    
          80         152   9.98642718E-05   9.98961329E-02   9.87783149E-02
         100         117   9.98778996E-05   6.19794205E-02   6.49073869E-02
         120         101   9.98536416E-05   3.59415226E-02   3.92989740E-02
         140          68   9.95878436E-05   2.02405471E-02   2.21278425E-02
         160          39   9.97222669E-05   1.14089679E-02   1.21394582E-02
         180          15   9.97993920E-05   6.47901837E-03   6.74421899E-03
         200           5   9.99908953E-05   3.70612903E-03   3.82079417E-03
         220           5   9.99782351E-05   2.12273281E-03   2.19037547E-03
         240           2   9.99557742E-05   1.21990568E-03   1.26035779E-03
         260           3   9.96172166E-05   6.96441683E-04   7.24957325E-04
         274           3   9.97604220E-05   4.70571220E-04   4.91417013E-04
 Solver: fs        , Convection scheme: uds       
 RE=   1000.00000     , N=          16
 Selected Time scheme:            2
 DT=  0.140625000    
 Wall-clock time (s):   0.738730013    
Note: The following floating-point exceptions are signalling: IEEE_UNDERFLOW_FLAG
