 DT=?
          20         352   9.99572221E-05   1.00708532      0.706179261    
          40         512   9.99995682E-05  0.625826895      0.557600260    
          60         368   9.99070326E-05  0.540670514      0.499498010    
          80         334   9.97853713E-05  0.491116017      0.452882290    
         100         303   9.99880358E-05  0.447192580      0.411992073    
         120         276   9.99887270E-05  0.406333059      0.374712199    
         140         252   9.97438110E-05  0.365640581      0.339710176    
         160         225   9.98761025E-05  0.325022906      0.306755960    
         180         200   9.96896269E-05  0.285046101      0.275542438    
         200         174   9.96169765E-05  0.246646240      0.245548427    
         220         153   9.97901807E-05  0.210571855      0.216274887    
         240         131   9.95628579E-05  0.177450284      0.187405601    
         260         117   9.97932220E-05  0.147724986      0.159789145    
         280         105   9.98820396E-05  0.121886946      0.134034649    
         300          99   9.98148971E-05   9.98374149E-02  0.110972047    
         320          88   9.97394018E-05   8.16026852E-02   9.08376947E-02
         340          78   9.96188464E-05   6.65289164E-02   7.38345906E-02
         360          68   9.98356118E-05   5.41307889E-02   5.98510206E-02
         380          59   9.98034084E-05   4.40762825E-02   4.84643690E-02
         400          52   9.98022006E-05   3.58897336E-02   3.92810740E-02
         420          45   9.97326133E-05   2.92168986E-02   3.18806097E-02
         440          38   9.97550305E-05   2.37560049E-02   2.58995332E-02
         460          32   9.98581527E-05   1.92860011E-02   2.10549701E-02
         480          21   9.99064141E-05   1.56891774E-02   1.70960110E-02
         500          20   9.97197421E-05   1.27174174E-02   1.38911195E-02
         520          14   9.98367686E-05   1.03449561E-02   1.12792375E-02
         540          13   9.96406452E-05   8.40566121E-03   9.16154869E-03
         560          10   9.97706302E-05   6.85442798E-03   7.44719477E-03
         580          10   9.99610638E-05   5.58215426E-03   6.06127689E-03
         600           3   9.97941170E-05   4.58579510E-03   4.93622944E-03
         620           2   9.98944888E-05   3.75569635E-03   4.02832683E-03
         640           1   9.93245048E-05   3.07463971E-03   3.29589425E-03
         660           1   9.92698479E-05   2.51820637E-03   2.70308927E-03
         680           2   9.96417293E-05   2.06408883E-03   2.21724715E-03
         700           3   9.98080941E-05   1.68951496E-03   1.81977334E-03
         720           1   9.95559094E-05   1.39154028E-03   1.49457029E-03
         740           1   9.98092437E-05   1.14367926E-03   1.22934720E-03
         760           1   9.89762921E-05   9.36928322E-04   1.01433787E-03
         780           1   9.41509352E-05   7.73641863E-04   8.51095829E-04
         800           1   8.08679397E-05   6.65331376E-04   7.51151762E-04
         820           1   6.68100765E-05   5.84245427E-04   6.71513495E-04
         840           1   5.97453400E-05   5.13558392E-04   5.80554362E-04
         857           1   5.68262112E-05   4.68988350E-04   4.99938324E-04
 Solver: fs        , Convection scheme: uds       
 RE=   1000.00000     , N=          32
 Selected Time scheme:            2
 DT=   5.00000007E-02
 Wall-clock time (s):    3.76020408    
Note: The following floating-point exceptions are signalling: IEEE_UNDERFLOW_FLAG
