 DT=?
          20        3323   9.99940312E-05   5.79873991       2.17854834    
          40         894   9.99980548E-05   3.67231321       1.42610157    
          60         504   9.99965341E-05   2.82582068       1.12982047    
          80         348   9.99991462E-05   2.35218430      0.963832736    
         100         262   9.99985859E-05   2.04116344      0.856259167    
         120         211   9.99971380E-05   1.81557751      0.779815018    
         140         155   9.99873591E-05   1.64151275      0.723197103    
         160         125   9.99744152E-05   1.50294781      0.679507613    
         180         107   9.99712429E-05   1.38952780      0.645016849    
         200          93   9.99773692E-05   1.29458880      0.617689073    
         220          81   9.99711992E-05   1.21243453      0.595619321    
         240          72   9.99998374E-05   1.14277232      0.577988207    
         260          65   9.99490730E-05   1.08148718      0.563557804    
         280          62   9.99479525E-05   1.02651739      0.552029729    
         300          61   9.99842814E-05  0.978990376      0.542705655    
         320          57   9.99730619E-05  0.935635090      0.535008550    
         340          51   9.99781987E-05  0.896619022      0.529009879    
         360          49   9.99692420E-05  0.862167716      0.524092078    
         380          42   9.99810072E-05  0.830147982      0.520069838    
         400          40   9.99515978E-05  0.801553905      0.517104089    
         420          43   9.99567201E-05  0.775649548      0.514564633    
         440          40   9.99999538E-05  0.751720726      0.512528837    
         460          43   9.99786571E-05  0.730219722      0.511095583    
         480          42   9.99483018E-05  0.710831046      0.509877205    
         500          35   9.99544936E-05  0.692989945      0.508669257    
         520          38   9.99733966E-05  0.677034736      0.507891238    
         540          41   9.99751137E-05  0.662768006      0.507289350    
         560          36   9.99982658E-05  0.649777889      0.506499171    
         580          35   9.99880576E-05  0.638313293      0.505784392    
         600          33   9.99760523E-05  0.628311515      0.505201519    
         620          31   9.99812910E-05  0.619171381      0.504603624    
         640          31   9.99553376E-05  0.611585438      0.503888905    
         660          30   9.99597396E-05  0.604886830      0.503239512    
         680          23   9.99604235E-05  0.599126577      0.502427936    
         700          25   9.99695330E-05  0.594227493      0.501652658    
         720          28   9.99732583E-05  0.589933813      0.500985980    
         740          27   9.99476179E-05  0.586452365      0.500124574    
         760          29   9.99745898E-05  0.583272576      0.499228776    
         780          26   9.99935073E-05  0.580700815      0.498386741    
         800          25   9.99868862E-05  0.578446507      0.497540921    
         820          29   9.99706899E-05  0.576502621      0.496648848    
         840          33   9.99613039E-05  0.574958920      0.495816946    
         860          35   9.99468975E-05  0.573572874      0.494983763    
         880          39   9.99673211E-05  0.572454631      0.494121224    
         900          38   9.99921831E-05  0.571447611      0.493243486    
         920          38   9.99572949E-05  0.570679307      0.492381036    
         940          39   9.99901531E-05  0.570002556      0.491535038    
         960          37   9.99882250E-05  0.569432855      0.490622401    
         980          37   9.99540789E-05  0.568933964      0.489890009    
        1000          39   9.99613621E-05  0.568525553      0.489138126    
        1020          37   9.99718759E-05  0.568223178      0.488397151    
        1040          36   9.99603653E-05  0.567889094      0.487730652    
        1060          35   9.99560943E-05  0.567671299      0.487105340    
        1080          32   9.99467302E-05  0.567340612      0.486428082    
        1100          30   9.99481563E-05  0.567175508      0.485829234    
        1120          32   9.99676267E-05  0.566845000      0.485288382    
        1140          34   9.99875410E-05  0.566687822      0.484720200    
        1160          31   9.99499243E-05  0.566369534      0.484112740    
        1180          32   9.99966651E-05  0.566178083      0.483544886    
        1200          30   9.99620097E-05  0.565817356      0.482998490    
        1220          33   9.99587501E-05  0.565527380      0.482454151    
        1240          31   9.99701369E-05  0.565129519      0.481886804    
        1260          28   9.99734257E-05  0.564817309      0.481276035    
        1280          29   9.99972326E-05  0.564344823      0.480702758    
        1300          23   9.99517433E-05  0.563964009      0.480016381    
        1320          22   9.99765543E-05  0.563430607      0.479364693    
        1340          26   9.99562326E-05  0.562934041      0.478788048    
        1360          28   9.99959593E-05  0.562364697      0.478138030    
        1380          25   9.99961776E-05  0.561800480      0.477442145    
        1400          25   9.99982731E-05  0.561238587      0.476745993    
        1420          22   9.99518525E-05  0.560609579      0.476016641    
        1440          23   9.99841068E-05  0.559996843      0.475297272    
        1460          21   9.99587137E-05  0.559277594      0.474517435    
        1480          25   9.99765762E-05  0.558610320      0.473793834    
        1500          25   9.99559197E-05  0.557819247      0.473028868    
        1520          26   9.99499680E-05  0.557106674      0.472245455    
        1540          29   9.99664990E-05  0.556275725      0.471451491    
        1560          24   9.99640615E-05  0.555456340      0.470568001    
        1580          26   9.99577096E-05  0.554587483      0.469770670    
        1600          25   9.99679542E-05  0.553654075      0.468928307    
        1620          21   9.99650802E-05  0.552764058      0.467994779    
        1640          14   9.99779077E-05  0.551765800      0.467023790    
        1660          15   9.99629920E-05  0.550812066      0.466128528    
        1680          12   9.99834374E-05  0.549778461      0.465182334    
        1700          14   9.99598997E-05  0.548697233      0.464303017    
        1720          21   9.99534022E-05  0.547595620      0.463428736    
        1740          21   9.99943441E-05  0.546428144      0.462487668    
        1760          19   9.99888216E-05  0.545331836      0.461507380    
        1780          13   9.99574113E-05  0.544155478      0.460457563    
        1800          13   9.99854237E-05  0.542935431      0.459445536    
        1820          11   9.99878030E-05  0.541742861      0.458427459    
        1840          10   9.99873228E-05  0.540454924      0.457422018    
        1860          14   9.99945696E-05  0.539184749      0.456441820    
        1880          14   9.99813128E-05  0.537860751      0.455421358    
        1900           9   9.99702534E-05  0.536537230      0.454327404    
        1920          14   9.99685362E-05  0.535207748      0.453319192    
        1940          15   9.99943004E-05  0.533806920      0.452264369    
        1960          12   9.99868353E-05  0.532418728      0.451171905    
        1980          15   9.99698241E-05  0.531002760      0.450103074    
        2000           9   9.99859112E-05  0.529567957      0.448955864    
        2020          12   9.99650729E-05  0.528132439      0.447882801    
        2040          10   9.99920812E-05  0.526672781      0.446733028    
        2060           9   9.99844706E-05  0.525140762      0.445621252    
        2080           8   9.99866315E-05  0.523685932      0.444468617    
        2100           5   9.99898402E-05  0.522171319      0.443306804    
        2120           6   9.99749973E-05  0.520604014      0.442169011    
        2140           7   9.99800541E-05  0.519058585      0.441021264    
        2160          12   9.99699041E-05  0.517448902      0.439921349    
        2180          12   9.99987678E-05  0.515856266      0.438745797    
        2200           6   9.99636395E-05  0.514314234      0.437510133    
        2220           5   9.99664044E-05  0.512685478      0.436290175    
        2240           4   9.99925833E-05  0.511047840      0.435078859    
        2260           6   9.99913536E-05  0.509409010      0.433907062    
        2280           5   9.99771291E-05  0.507740855      0.432699084    
        2300           6   9.99883341E-05  0.506060600      0.431497455    
        2320           9   9.99672848E-05  0.504386306      0.430299401    
        2340          14   9.99810509E-05  0.502655983      0.429104179    
        2360          12   9.99979311E-05  0.500938773      0.427851021    
        2380          16   9.99722834E-05  0.499209017      0.426659733    
        2400          20   9.99593030E-05  0.497464627      0.425441295    
        2420          22   9.99856857E-05  0.495691717      0.424190432    
        2440          27   9.99847834E-05  0.493930578      0.422970206    
        2460          19   9.99897384E-05  0.492210090      0.421635032    
        2480          18   9.99700715E-05  0.490416825      0.420365065    
        2500          18   9.99611148E-05  0.488636971      0.419094354    
        2520          14   9.99916592E-05  0.486871243      0.417778194    
        2540          18   9.99879194E-05  0.485028088      0.416535705    
        2560          18   9.99892654E-05  0.483219594      0.415238976    
        2580          21   9.99711265E-05  0.481393784      0.413969576    
        2600          23   9.99620970E-05  0.479546666      0.412700385    
        2620          23   9.99711556E-05  0.477670163      0.411396623    
        2640          20   9.99967378E-05  0.475857973      0.410057515    
        2660          13   9.99690965E-05  0.474043787      0.408692986    
        2680          16   9.99834301E-05  0.472147018      0.407403827    
        2700          11   9.99640179E-05  0.470302552      0.406058699    
        2720           9   9.99960757E-05  0.468456686      0.404721946    
        2740           5   9.99682743E-05  0.466587067      0.403384626    
        2760           5   9.99979675E-05  0.464673609      0.402061224    
        2780           9   9.99731128E-05  0.462763101      0.400782526    
        2800           5   9.99789918E-05  0.460887611      0.399426997    
        2820           6   9.99726690E-05  0.458957225      0.398114264    
        2840          11   9.99815238E-05  0.456995726      0.396842062    
        2860          15   9.99661934E-05  0.455064595      0.395549536    
        2880          14   9.99735930E-05  0.453151375      0.394216686    
        2900          14   9.99675540E-05  0.451199800      0.392893165    
        2920          17   9.99926124E-05  0.449251235      0.391594350    
        2940          15   9.99975236E-05  0.447331965      0.390256405    
        2960          13   9.99655749E-05  0.445386380      0.388925165    
        2980           9   9.99753247E-05  0.443432510      0.387568295    
        3000           8   9.99714466E-05  0.441482097      0.386242777    
        3020          11   9.99625117E-05  0.439502984      0.384958476    
        3040          16   9.99915210E-05  0.437506258      0.383681685    
        3060          13   9.99622134E-05  0.435527503      0.382350206    
        3080          12   9.99976837E-05  0.433564842      0.381022722    
        3100           9   9.99973490E-05  0.431608617      0.379683673    
        3120          11   9.99793701E-05  0.429612070      0.378389060    
        3140          12   9.99977419E-05  0.427601218      0.377095550    
        3160           9   9.99606345E-05  0.425622642      0.375784576    
        3180           8   9.99654876E-05  0.423641622      0.374468863    
        3200          10   9.99848562E-05  0.421629846      0.373162419    
        3220          10   9.99843614E-05  0.419606090      0.371865630    
        3240          11   9.99612384E-05  0.417587250      0.370581925    
        3260          17   9.99779077E-05  0.415552288      0.369340450    
        3280          16   9.99690747E-05  0.413555771      0.368031025    
        3300          15   9.99728654E-05  0.411539376      0.366715491    
        3320          14   9.99964250E-05  0.409523606      0.365410388    
        3340           9   9.99975600E-05  0.407542706      0.364101350    
        3360          11   9.99937620E-05  0.405521482      0.362836689    
        3380          13   9.99774857E-05  0.403477699      0.361577213    
        3400           7   9.99939439E-05  0.401495785      0.360232621    
        3420           7   9.99669355E-05  0.399471790      0.358962804    
        3440          10   9.99689291E-05  0.397437602      0.357724220    
        3460           8   9.99651675E-05  0.395438284      0.356439829    
        3480          13   9.99843251E-05  0.393379718      0.355206013    
        3500          16   9.99825061E-05  0.391324997      0.353953779    
        3520          18   9.99879703E-05  0.389294714      0.352706373    
        3540          15   9.99941913E-05  0.387311906      0.351431310    
        3560          16   9.99729673E-05  0.385289341      0.350184768    
        3580          12   9.99835393E-05  0.383297503      0.348897785    
        3600          13   9.99795593E-05  0.381272823      0.347633183    
        3620          16   9.99728945E-05  0.379243225      0.346415997    
        3640          11   9.99980111E-05  0.377287328      0.345134825    
        3660          11   9.99597833E-05  0.375271291      0.343901157    
        3680          11   9.99780968E-05  0.373261929      0.342657506    
        3700          11   9.99618205E-05  0.371252328      0.341406107    
        3720          11   9.99991244E-05  0.369272649      0.340163112    
        3740           8   9.99723416E-05  0.367304295      0.338919193    
        3760           5   9.99925905E-05  0.365339011      0.337666810    
        3780           8   9.99673357E-05  0.363327682      0.336449564    
        3800           8   9.99844706E-05  0.361340553      0.335217327    
        3820           7   9.99902331E-05  0.359378934      0.333989024    
        3840           4   9.99876793E-05  0.357437909      0.332754165    
        3860           6   9.99897966E-05  0.355459929      0.331552356    
        3880           6   9.99630429E-05  0.353491157      0.330332816    
        3900           9   9.99612166E-05  0.351506829      0.329127103    
        3920          13   9.99850454E-05  0.349535376      0.327936143    
        3940           9   9.99782205E-05  0.347626865      0.326700717    
        3960           6   9.99811164E-05  0.345719635      0.325463325    
        3980           9   9.99704498E-05  0.343760192      0.324272156    
        4000          11   9.99793701E-05  0.341818005      0.323059827    
        4020           8   9.99750482E-05  0.339924127      0.321823627    
        4040           6   9.99861004E-05  0.338038981      0.320600480    
        4060           7   9.99661715E-05  0.336122781      0.319407016    
        4080          16   9.99930926E-05  0.334165245      0.318248451    
        4100          19   9.99775948E-05  0.332252413      0.317043304    
        4120          15   9.99991025E-05  0.330393970      0.315801114    
        4140          11   9.99859767E-05  0.328543752      0.314566404    
        4160          11   9.99662370E-05  0.326683640      0.313356608    
        4180          14   9.99618205E-05  0.324801236      0.312165380    
        4200          12   9.99697513E-05  0.322970629      0.310925066    
        4220          15   9.99773038E-05  0.321100563      0.309718162    
        4240          18   9.99691983E-05  0.319240689      0.308516860    
        4260          17   9.99614349E-05  0.317407757      0.307296872    
        4280          16   9.99979457E-05  0.315604836      0.306064099    
        4300          14   9.99794065E-05  0.313805908      0.304823399    
        4320          15   9.99700424E-05  0.311992854      0.303592473    
        4340          15   9.99879994E-05  0.310198218      0.302367121    
        4360           9   9.99976037E-05  0.308443934      0.301094830    
        4380           5   9.99634358E-05  0.306689143      0.299843162    
        4400          10   9.99643817E-05  0.304880053      0.298644453    
        4420           6   9.99941913E-05  0.303148806      0.297372311    
        4440           8   9.99656622E-05  0.301382333      0.296134472    
        4460           7   9.99991462E-05  0.299643695      0.294884145    
        4480           7   9.99632393E-05  0.297890157      0.293653429    
        4500          11   9.99783297E-05  0.296122164      0.292422950    
        4520          13   9.99858166E-05  0.294384569      0.291182548    
        4540          16   9.99853219E-05  0.292655259      0.289941907    
        4560          16   9.99672557E-05  0.290939152      0.288684368    
        4580          13   9.99662079E-05  0.289259106      0.287411571    
        4600          13   9.99689073E-05  0.287567258      0.286150366    
        4620          11   9.99787007E-05  0.285900205      0.284880191    
        4640          14   9.99638141E-05  0.284199834      0.283635378    
        4660          13   9.99651165E-05  0.282533437      0.282353014    
        4680           8   9.99681579E-05  0.280912280      0.281049728    
        4700          12   9.99812328E-05  0.279242814      0.279803485    
        4720          12   9.99892873E-05  0.277605027      0.278534383    
        4740          12   9.99631156E-05  0.275967270      0.277262300    
        4760          14   9.99965414E-05  0.274329454      0.275985897    
        4780          13   9.99915283E-05  0.272717804      0.274703056    
        4800          14   9.99618933E-05  0.271095574      0.273431838    
        4820          10   9.99650947E-05  0.269523829      0.272124857    
        4840          10   9.99655967E-05  0.267929852      0.270841837    
        4860           9   9.99798649E-05  0.266362607      0.269554883    
        4880           6   9.99947442E-05  0.264813125      0.268254578    
        4900           7   9.99864424E-05  0.263237268      0.266972154    
        4920           6   9.99732292E-05  0.261677295      0.265673518    
        4940           6   9.99699696E-05  0.260126740      0.264381468    
        4960           8   9.99599870E-05  0.258576185      0.263107181    
        4980          11   9.99893091E-05  0.257025301      0.261833489    
        5000           9   9.99753975E-05  0.255509317      0.260535240    
        5020           8   9.99752301E-05  0.254006863      0.259233445    
        5040           5   9.99714539E-05  0.252523273      0.257928103    
        5060          10   9.99604526E-05  0.250990063      0.256656706    
        5080          12   9.99686017E-05  0.249491557      0.255373865    
        5100          12   9.99672266E-05  0.248007745      0.254082263    
        5120          10   9.99660842E-05  0.246543542      0.252776414    
        5140           8   9.99627664E-05  0.245087296      0.251474977    
        5160           7   9.99906115E-05  0.243644223      0.250171840    
        5180          11   9.99618933E-05  0.242165789      0.248900265    
        5200           8   9.99653130E-05  0.240747675      0.247580871    
        5220           9   9.99736731E-05  0.239309654      0.246293440    
        5240           8   9.99628392E-05  0.237890676      0.244996876    
        5260           6   9.99987096E-05  0.236494482      0.243693158    
        5280           7   9.99869299E-05  0.235077024      0.242407575    
        5300           6   9.99736367E-05  0.233677119      0.241110399    
        5320           8   9.99866606E-05  0.232266217      0.239832953    
        5340           8   9.99933254E-05  0.230886862      0.238537356    
        5360           9   9.99755503E-05  0.229496196      0.237256050    
        5380           7   9.99670665E-05  0.228144541      0.235957175    
        5400           9   9.99671829E-05  0.226771876      0.234684169    
        5420           9   9.99647746E-05  0.225418001      0.233401343    
        5440          11   9.99883632E-05  0.224059567      0.232132807    
        5460           9   9.99684416E-05  0.222728461      0.230840653    
        5480           7   9.99691547E-05  0.221404240      0.229543895    
        5500           5   9.99677795E-05  0.220083922      0.228250936    
        5520           6   9.99840267E-05  0.218764320      0.226967975    
        5540          10   9.99887561E-05  0.217423663      0.225717649    
        5560           8   9.99840559E-05  0.216132164      0.224429801    
        5580           8   9.99971016E-05  0.214834034      0.223158240    
        5600           8   9.99984550E-05  0.213543773      0.221886173    
        5620           9   9.99628173E-05  0.212247699      0.220618784    
        5640           7   9.99580661E-05  0.210982069      0.219335362    
        5660           7   9.99696713E-05  0.209709466      0.218064755    
        5680           7   9.99958284E-05  0.208442479      0.216790244    
        5700           8   9.99588519E-05  0.207176149      0.215534300    
        5720          10   9.99877520E-05  0.205913618      0.214277759    
        5740          10   9.99782496E-05  0.204665512      0.213010818    
        5760          12   9.99613185E-05  0.203403458      0.211772159    
        5780          10   9.99821495E-05  0.202179834      0.210501835    
        5800           9   9.99893600E-05  0.200955436      0.209239721    
        5820           9   9.99682961E-05  0.199728057      0.207989633    
        5840           6   9.99933909E-05  0.198527202      0.206719518    
        5860           6   9.99660188E-05  0.197313398      0.205472380    
        5880           6   9.99575423E-05  0.196103394      0.204231694    
        5900           8   9.99648182E-05  0.194895670      0.203004628    
        5920           8   9.99843614E-05  0.193698972      0.201765016    
        5940           8   9.99922850E-05  0.192514881      0.200531155    
        5960           7   9.99958356E-05  0.191330254      0.199299186    
        5980           8   9.99999247E-05  0.190146312      0.198071256    
        6000           7   9.99999174E-05  0.188980848      0.196840167    
        6020           6   9.99666227E-05  0.187809795      0.195622414    
        6040           8   9.99637414E-05  0.186630651      0.194416329    
        6060           8   9.99755503E-05  0.185475573      0.193206474    
        6080           5   9.99633194E-05  0.184337497      0.191980869    
        6100           5   9.99989425E-05  0.183196247      0.190774411    
        6120           5   9.99759286E-05  0.182046950      0.189579204    
        6140           7   9.99718395E-05  0.180895746      0.188396662    
        6160           5   9.99855984E-05  0.179777250      0.187194735    
        6180           7   9.99908152E-05  0.178640276      0.186015710    
        6200           6   9.99958720E-05  0.177522302      0.184830621    
        6220           7   9.99990007E-05  0.176400825      0.183655679    
        6240           5   9.99920449E-05  0.175298393      0.182473376    
        6260           7   9.99826298E-05  0.174183756      0.181310996    
        6280           6   9.99896074E-05  0.173084036      0.180147931    
        6300           4   9.99610929E-05  0.171994597      0.178983495    
        6320           7   9.99662589E-05  0.170894518      0.177844033    
        6340           8   9.99566910E-05  0.169794515      0.176706165    
        6360           8   9.99772310E-05  0.168717697      0.175560340    
        6380           5   9.99842377E-05  0.167655110      0.174405277    
        6400           7   9.99794574E-05  0.166572392      0.173284128    
        6420           7   9.99729600E-05  0.165506512      0.172153935    
        6440           8   9.99756812E-05  0.164438933      0.171037838    
        6460           3   9.99980548E-05  0.163411871      0.169894338    
        6480           5   9.99936528E-05  0.162349761      0.168796003    
        6500           6   9.99790063E-05  0.161293149      0.167701334    
        6520           4   9.99528856E-05  0.160257757      0.166589588    
        6540           5   9.99661788E-05  0.159224480      0.165498406    
        6560           7   9.99940676E-05  0.158180669      0.164420232    
        6580           6   9.99870972E-05  0.157165125      0.163330272    
        6600           6   9.99938711E-05  0.156140983      0.162256956    
        6620           5   9.99558906E-05  0.155129358      0.161181375    
        6640           8   9.99691110E-05  0.154100180      0.160131186    
        6660           6   9.99624608E-05  0.153105319      0.159063861    
        6680           6   9.99644108E-05  0.152109399      0.158006907    
        6700           7   9.99818294E-05  0.151109591      0.156959072    
        6720           7   9.99847180E-05  0.150118604      0.155917972    
        6740           4   9.99888362E-05  0.149154276      0.154868826    
        6760           4   9.99531912E-05  0.148168743      0.153839707    
        6780           5   9.99963231E-05  0.147197634      0.152820393    
        6800           6   9.99888871E-05  0.146221727      0.151807219    
        6820           4   9.99917102E-05  0.145261705      0.150789246    
        6840           5   9.99838667E-05  0.144299433      0.149790317    
        6860           6   9.99641343E-05  0.143339232      0.148795947    
        6880           4   9.99904005E-05  0.142401516      0.147789598    
        6900           5   9.99753029E-05  0.141452000      0.146809340    
        6920           5   9.99559270E-05  0.140510678      0.145829946    
        6940           6   9.99599506E-05  0.139573410      0.144863114    
        6960           3   9.99845288E-05  0.138663679      0.143875316    
        6980           5   9.99746262E-05  0.137731254      0.142917976    
        7000           3   9.99646145E-05  0.136820167      0.141955987    
        7020           4   9.99951808E-05  0.135902092      0.141004145    
        7040           3   9.99985423E-05  0.134997353      0.140057385    
        7060           5   9.99687036E-05  0.134085417      0.139129803    
        7080           4   9.99742842E-05  0.133185983      0.138193995    
        7100           4   9.99645417E-05  0.132289737      0.137270197    
        7120           4   9.99794793E-05  0.131403014      0.136346310    
        7140           5   9.99765907E-05  0.130517557      0.135437816    
        7160           6   9.99646800E-05  0.129627004      0.134534433    
        7180           4   9.99579497E-05  0.128759682      0.133628041    
        7200           6   9.99684416E-05  0.127877638      0.132740378    
        7220           5   9.99569893E-05  0.127018437      0.131844699    
        7240           3   9.99865297E-05  0.126173094      0.130944848    
        7260           6   9.99786571E-05  0.125294462      0.130083844    
        7280           5   9.99804106E-05  0.124444626      0.129212901    
        7300           5   9.99965341E-05  0.123600937      0.128338307    
        7320           6   9.99584736E-05  0.122746527      0.127487242    
        7340           5   9.99765762E-05  0.121914245      0.126627028    
        7360           5   9.99900294E-05  0.121080212      0.125772893    
        7380           4   9.99686526E-05  0.120257437      0.124927662    
        7400           3   9.99637996E-05  0.119431324      0.124088801    
        7420           3   9.99907643E-05  0.118614607      0.123248100    
        7440           5   9.99988988E-05  0.117784917      0.122428440    
        7460           4   9.99992189E-05  0.116979122      0.121604256    
        7480           5   9.99633630E-05  0.116159216      0.120796241    
        7500           4   9.99790209E-05  0.115360491      0.119981490    
        7520           5   9.99585391E-05  0.114549875      0.119183727    
        7540           4   9.99670374E-05  0.113760196      0.118378304    
        7560           4   9.99915865E-05  0.112971075      0.117582835    
        7580           4   9.99657932E-05  0.112176351      0.116794921    
        7600           4   9.99928088E-05  0.111394234      0.116008602    
        7620           4   9.99734766E-05  0.110610634      0.115230799    
        7640           5   9.99689000E-05  0.109824128      0.114462294    
        7660           3   9.99727781E-05  0.109062731      0.113685340    
        7680           5   9.99956828E-05  0.108284272      0.112924010    
        7700           2   9.99891345E-05  0.107529439      0.112157956    
        7720           3   9.99634867E-05  0.106758095      0.111407489    
        7740           3   9.99666518E-05  0.105998054      0.110656522    
        7760           4   9.99586191E-05  0.105239578      0.109915689    
        7780           5   9.99590848E-05  0.104479380      0.109179385    
        7800           4   9.99722761E-05  0.103737570      0.108441174    
        7820           5   9.99576441E-05  0.102981791      0.107716091    
        7840           4   9.99873082E-05  0.102252349      0.106978700    
        7860           3   9.99788826E-05  0.101517610      0.106254518    
        7880           4   9.99515396E-05  0.100769371      0.105543293    
        7900           4   9.99937765E-05  0.100044675      0.104827866    
        7920           4   9.99923068E-05   9.93189141E-02  0.104116425    
        7940           3   9.99928816E-05   9.86016765E-02  0.103406414    
        7960           4   9.99807889E-05   9.78679508E-02  0.102713116    
        7980           4   9.99907134E-05   9.71488506E-02  0.102017842    
        8000           3   9.99573822E-05   9.64368060E-02  0.101320237    
        8020           3   9.99628974E-05   9.57266837E-02  0.100630336    
        8040           4   9.99593685E-05   9.50110927E-02   9.99541357E-02
        8060           4   9.99561016E-05   9.43059474E-02   9.92702022E-02
        8080           3   9.99658441E-05   9.36138406E-02   9.85887125E-02
        8100           3   9.99762560E-05   9.29174349E-02   9.79137272E-02
        8120           4   9.99968324E-05   9.22202542E-02   9.72469673E-02
        8140           4   9.99682743E-05   9.15163383E-02   9.65890661E-02
        8160           3   9.99950789E-05   9.08413082E-02   9.59164500E-02
        8180           3   9.99611948E-05   9.01493505E-02   9.52673182E-02
        8200           4   9.99906770E-05   8.94676521E-02   9.46106985E-02
        8220           4   9.99643016E-05   8.87813270E-02   9.39653665E-02
        8240           3   9.99588228E-05   8.81082565E-02   9.33159664E-02
        8260           4   9.99935437E-05   8.74312147E-02   9.26728547E-02
        8280           4   9.99531039E-05   8.67511630E-02   9.20400918E-02
        8300           3   9.99951662E-05   8.61029699E-02   9.13943797E-02
        8320           4   9.99927288E-05   8.54288787E-02   9.07640681E-02
        8340           3   9.99736803E-05   8.47702920E-02   9.01327953E-02
        8360           4   9.99720578E-05   8.41097385E-02   8.95075798E-02
        8380           3   9.99648983E-05   8.34562257E-02   8.88785720E-02
        8400           3   9.99822150E-05   8.28064084E-02   8.82602930E-02
        8420           4   9.99600888E-05   8.21495131E-02   8.76452029E-02
        8440           3   9.99491676E-05   8.15041959E-02   8.70275423E-02
        8460           3   9.99670810E-05   8.08679983E-02   8.64080638E-02
        8480           3   9.99584445E-05   8.02223682E-02   8.58082548E-02
        8500           2   9.99932308E-05   7.95995668E-02   8.51970762E-02
        8520           3   9.99810291E-05   7.89587051E-02   8.45975354E-02
        8540           3   9.99621407E-05   7.83291683E-02   8.39963108E-02
        8560           2   9.99958065E-05   7.77118877E-02   8.33943263E-02
        8580           3   9.99506083E-05   7.70780966E-02   8.28079581E-02
        8600           2   9.99997137E-05   7.64680803E-02   8.22077841E-02
        8620           4   9.99620388E-05   7.58305788E-02   8.16314593E-02
        8640           3   9.99733165E-05   7.52299652E-02   8.10364783E-02
        8660           3   9.99537006E-05   7.46134296E-02   8.04617479E-02
        8680           3   9.99893527E-05   7.40078390E-02   7.98750147E-02
        8700           3   9.99634140E-05   7.34069049E-02   7.92969391E-02
        8720           3   9.99789991E-05   7.28064999E-02   7.87208900E-02
        8740           3   9.99835975E-05   7.22103864E-02   7.81476796E-02
        8760           3   9.99594849E-05   7.16105402E-02   7.75816143E-02
        8780           4   9.99549593E-05   7.10104257E-02   7.70185068E-02
        8800           4   9.99574913E-05   7.04210252E-02   7.64515623E-02
        8820           2   9.99957847E-05   6.98536783E-02   7.58782700E-02
        8840           2   9.99893527E-05   6.92740977E-02   7.53167346E-02
        8860           3   9.99864933E-05   6.86912760E-02   7.47644082E-02
        8880           2   9.99868425E-05   6.81205317E-02   7.42044523E-02
        8900           2   9.99714466E-05   6.75499216E-02   7.36528113E-02
        8920           3   9.99442054E-05   6.69749752E-02   7.31059015E-02
        8940           3   9.99673211E-05   6.64099306E-02   7.25567564E-02
        8960           2   9.99949843E-05   6.58572912E-02   7.20044300E-02
        8980           3   9.99488329E-05   6.52943775E-02   7.14669228E-02
        9000           2   9.99940166E-05   6.47516027E-02   7.09199309E-02
        9020           2   9.99754920E-05   6.41956553E-02   7.03839138E-02
        9040           3   9.99989134E-05   6.36506677E-02   6.98471963E-02
        9060           3   9.99712211E-05   6.31066933E-02   6.93142638E-02
        9080           2   9.99721742E-05   6.25730380E-02   6.87806606E-02
        9100           3   9.99570548E-05   6.20235689E-02   6.82550743E-02
        9120           2   9.99719705E-05   6.14983141E-02   6.77230284E-02
        9140           3   9.99568874E-05   6.09636754E-02   6.72027990E-02
        9160           2   9.99827753E-05   6.04503416E-02   6.66754469E-02
        9180           3   9.99596014E-05   5.99268451E-02   6.61599338E-02
        9200           3   9.99632975E-05   5.94076701E-02   6.56435862E-02
        9220           2   9.99847543E-05   5.89041747E-02   6.51229769E-02
        9240           3   9.99874246E-05   5.83873093E-02   6.46115094E-02
        9260           2   9.99643089E-05   5.78827932E-02   6.41023591E-02
        9280           2   9.99942640E-05   5.73864579E-02   6.35874495E-02
        9300           3   9.99799158E-05   5.68789206E-02   6.30881116E-02
        9320           3   9.99504700E-05   5.63885309E-02   6.25832528E-02
        9340           2   9.99653785E-05   5.59048653E-02   6.20793626E-02
        9360           3   9.99480180E-05   5.54070212E-02   6.15858287E-02
        9380           2   9.99993426E-05   5.49366474E-02   6.10828511E-02
        9400           2   9.99628028E-05   5.44502139E-02   6.05895333E-02
        9420           2   9.99695621E-05   5.39738424E-02   6.00994304E-02
        9440           2   9.99557888E-05   5.35011813E-02   5.96112162E-02
        9460           2   9.99852200E-05   5.30367643E-02   5.91206923E-02
        9480           3   9.99486729E-05   5.25657125E-02   5.86393327E-02
        9500           2   9.99730910E-05   5.21164015E-02   5.81501573E-02
        9520           2   9.99563417E-05   5.16547821E-02   5.76756373E-02
        9540           2   9.99506228E-05   5.12031093E-02   5.71972951E-02
        9560           3   9.99630211E-05   5.07511571E-02   5.67231663E-02
        9580           2   9.99684635E-05   5.03063314E-02   5.62493131E-02
        9600           2   9.99602416E-05   4.98675629E-02   5.57763688E-02
        9620           2   9.99534313E-05   4.94283102E-02   5.53123765E-02
        9640           2   9.99510521E-05   4.89889607E-02   5.48470318E-02
        9660           2   9.99404510E-05   4.85625118E-02   5.43877259E-02
        9680           2   9.99841868E-05   4.81421500E-02   5.39197326E-02
        9700           1   9.99933836E-05   4.77147475E-02   5.34634553E-02
        9720           2   9.99625117E-05   4.72889990E-02   5.30122966E-02
        9740           2   9.99384356E-05   4.68699224E-02   5.25594801E-02
        9760           3   9.99543918E-05   4.64550927E-02   5.21113351E-02
        9780           2   9.99378462E-05   4.60491925E-02   5.16635403E-02
        9800           2   9.99257900E-05   4.56456281E-02   5.12143411E-02
        9820           2   9.99355252E-05   4.52387109E-02   5.07739186E-02
        9840           3   9.99546610E-05   4.48355377E-02   5.03373146E-02
        9860           3   9.99501135E-05   4.44412269E-02   4.98950034E-02
        9880           1   9.99980039E-05   4.40600365E-02   4.94585186E-02
        9900           2   9.99420809E-05   4.36579399E-02   4.90309931E-02
        9920           2   9.99693730E-05   4.32746783E-02   4.85970527E-02
        9940           2   9.99649346E-05   4.28948253E-02   4.81727906E-02
        9960           2   9.99333497E-05   4.25144099E-02   4.77530882E-02
        9980           2   9.99527765E-05   4.21453752E-02   4.73271422E-02
       10000           2   9.99438489E-05   4.17646319E-02   4.69111651E-02
       10020           2   9.99849290E-05   4.13965359E-02   4.64936420E-02
       10040           2   9.99388649E-05   4.10268754E-02   4.60834987E-02
       10060           1   9.99928816E-05   4.06690910E-02   4.56703231E-02
       10080           2   9.99653275E-05   4.03002463E-02   4.52650674E-02
       10100           2   9.99517579E-05   3.99433449E-02   4.48605157E-02
       10120           2   9.99357799E-05   3.95875946E-02   4.44570482E-02
       10140           2   9.99880722E-05   3.92382666E-02   4.40555885E-02
       10160           1   9.99870754E-05   3.88938263E-02   4.36582565E-02
       10180           2   9.99553013E-05   3.85393538E-02   4.32704538E-02
       10200           2   9.99284384E-05   3.81930843E-02   4.28802632E-02
       10220           2   9.99955955E-05   3.78615633E-02   4.24897186E-02
       10240           2   9.99471304E-05   3.75178978E-02   4.21020091E-02
       10260           2   9.99570038E-05   3.71835306E-02   4.17193063E-02
       10280           2   9.99576878E-05   3.68479267E-02   4.13425267E-02
       10300           1   9.99996701E-05   3.65281627E-02   4.09663469E-02
       10320           2   9.99377080E-05   3.61972339E-02   4.05934714E-02
       10340           2   9.99785480E-05   3.58738676E-02   4.02233228E-02
       10360           2   9.99724798E-05   3.55553403E-02   3.98541987E-02
       10380           2   9.99392942E-05   3.52308899E-02   3.94915901E-02
       10400           1   9.99902113E-05   3.49200293E-02   3.91268283E-02
       10420           2   9.99605181E-05   3.46043892E-02   3.87701280E-02
       10440           2   9.99649637E-05   3.42946686E-02   3.84132825E-02
       10460           1   9.99999320E-05   3.39918956E-02   3.80578898E-02
       10480           2   9.99472832E-05   3.36746685E-02   3.77151556E-02
       10500           1   9.99963449E-05   3.33868489E-02   3.73631492E-02
       10520           1   9.99738186E-05   3.30799259E-02   3.70180123E-02
       10540           1   9.99621770E-05   3.27827930E-02   3.66815291E-02
       10560           2   9.99447948E-05   3.24841477E-02   3.63436714E-02
       10580           2   9.99374024E-05   3.21901664E-02   3.60124670E-02
       10600           2   9.99703188E-05   3.19049023E-02   3.56779769E-02
       10620           2   9.99478434E-05   3.16178799E-02   3.53490449E-02
       10640           1   9.99974291E-05   3.13406438E-02   3.50237340E-02
       10660           2   9.99509502E-05   3.10513303E-02   3.46997678E-02
       10680           1   9.99738768E-05   3.07743289E-02   3.43813635E-02
       10700           1   9.99999902E-05   3.05012111E-02   3.40670794E-02
       10720           2   9.99464028E-05   3.02231517E-02   3.37557644E-02
       10740           1   9.99680342E-05   2.99552511E-02   3.34427394E-02
       10760           1   9.99800104E-05   2.96870191E-02   3.31359282E-02
       10780           2   9.99390395E-05   2.94187963E-02   3.28335688E-02
       10800           1   9.99584809E-05   2.91567985E-02   3.25308666E-02
       10820           1   9.99632248E-05   2.88965721E-02   3.22297178E-02
       10840           1   9.99690528E-05   2.86379457E-02   3.19413878E-02
       10860           2   9.99469703E-05   2.83787213E-02   3.16478759E-02
       10880           2   9.99345575E-05   2.81222444E-02   3.13620083E-02
       10900           1   9.99993645E-05   2.78840959E-02   3.10730636E-02
       10920           1   9.99953409E-05   2.76315883E-02   3.07875965E-02
       10940           1   9.99952972E-05   2.73875464E-02   3.05058714E-02
       10960           2   9.99549156E-05   2.71333884E-02   3.02334167E-02
       10980           1   9.99762924E-05   2.68983617E-02   2.99565289E-02
       11000           1   9.99878612E-05   2.66647115E-02   2.96823159E-02
       11020           1   9.99788244E-05   2.64298599E-02   2.94158570E-02
       11040           2   9.99567928E-05   2.61882991E-02   2.91509479E-02
       11060           1   9.99308977E-05   2.59539373E-02   2.88891755E-02
       11080           1   9.99429467E-05   2.57289931E-02   2.86274645E-02
       11100           2   9.99479234E-05   2.55000070E-02   2.83731222E-02
       11120           1   9.99687327E-05   2.52829529E-02   2.81152651E-02
       11140           1   9.99284457E-05   2.50601843E-02   2.78611109E-02
       11160           1   9.99764015E-05   2.48382781E-02   2.76145376E-02
       11180           2   9.99381446E-05   2.46244296E-02   2.73681488E-02
       11200           1   9.98982723E-05   2.44142935E-02   2.71168519E-02
       11220           2   9.99450713E-05   2.41971090E-02   2.68811043E-02
       11240           1   9.99681506E-05   2.39913482E-02   2.66384874E-02
       11260           1   9.99094045E-05   2.37814169E-02   2.64001172E-02
       11280           1   9.99613694E-05   2.35754102E-02   2.61662714E-02
       11300           1   9.99848126E-05   2.33786367E-02   2.59317216E-02
       11320           1   9.99265030E-05   2.31793001E-02   2.57070810E-02
       11340           1   9.99987751E-05   2.29844078E-02   2.54773237E-02
       11360           1   9.99242475E-05   2.27799639E-02   2.52526756E-02
       11380           1   9.99605472E-05   2.25968100E-02   2.50283275E-02
       11400           2   9.99578333E-05   2.23925970E-02   2.48126201E-02
       11420           1   9.99583935E-05   2.22118944E-02   2.45925412E-02
       11440           1   9.99408367E-05   2.20204983E-02   2.43777856E-02
       11460           1   9.99536351E-05   2.18409710E-02   2.41663344E-02
       11480           1   9.99884214E-05   2.16590017E-02   2.39511337E-02
       11500           1   9.99996410E-05   2.14761477E-02   2.37406623E-02
       11520           1   9.99552212E-05   2.12980527E-02   2.35357061E-02
       11540           1   9.99320182E-05   2.11182013E-02   2.33332757E-02
       11560           1   9.99166659E-05   2.09366996E-02   2.31329277E-02
       11580           1   9.99427430E-05   2.07674615E-02   2.29331646E-02
       11600           1   9.99653566E-05   2.05909796E-02   2.27389727E-02
       11620           1   9.98689502E-05   2.04273015E-02   2.25415342E-02
       11640           1   9.99263357E-05   2.02561915E-02   2.23468784E-02
       11660           1   9.98877877E-05   2.00872310E-02   2.21575499E-02
       11680           1   9.99240947E-05   1.99259482E-02   2.19667628E-02
       11700           1   9.98132964E-05   1.97627302E-02   2.17804480E-02
       11720           1   9.99170588E-05   1.96037944E-02   2.15958040E-02
       11740           1   9.97143725E-05   1.94369871E-02   2.14133337E-02
       11760           1   9.95367227E-05   1.92826558E-02   2.12326404E-02
       11780           1   9.94789298E-05   1.91219766E-02   2.10510492E-02
       11800           1   9.94048532E-05   1.89685002E-02   2.08742898E-02
       11820           1   9.92453788E-05   1.88160315E-02   2.06997432E-02
       11840           1   9.89200780E-05   1.86583102E-02   2.05277838E-02
       11860           1   9.84454236E-05   1.85074322E-02   2.03589685E-02
       11880           1   9.77675736E-05   1.83553398E-02   2.01890580E-02
       11900           1   9.69164175E-05   1.82024874E-02   2.00243369E-02
       11920           1   9.59825702E-05   1.80538464E-02   1.98637359E-02
       11940           1   9.49787282E-05   1.79087259E-02   1.96978729E-02
       11960           1   9.39176680E-05   1.77635849E-02   1.95369013E-02
       11980           1   9.28732188E-05   1.76207833E-02   1.93766858E-02
       12000           1   9.18429796E-05   1.74798649E-02   1.92169081E-02
       12020           1   9.08461880E-05   1.73386447E-02   1.90654621E-02
       12040           1   8.98993167E-05   1.72001626E-02   1.89102851E-02
       12060           1   8.89916846E-05   1.70634687E-02   1.87552273E-02
       12080           1   8.81692758E-05   1.69279650E-02   1.86021775E-02
       12100           1   8.74544567E-05   1.67931020E-02   1.84566304E-02
       12120           1   8.68687275E-05   1.66569091E-02   1.83026660E-02
       12140           1   8.64165922E-05   1.65258460E-02   1.81571841E-02
       12160           1   8.61047010E-05   1.63912140E-02   1.80097017E-02
       12180           1   8.58868661E-05   1.62616149E-02   1.78596303E-02
       12200           1   8.57181003E-05   1.61324106E-02   1.77152455E-02
       12220           1   8.55664330E-05   1.60047449E-02   1.75736714E-02
       12240           1   8.53900638E-05   1.58808865E-02   1.74285769E-02
       12260           1   8.51175064E-05   1.57548301E-02   1.72907077E-02
       12280           1   8.47576448E-05   1.56275686E-02   1.71557683E-02
       12300           1   8.42589652E-05   1.55062424E-02   1.70193538E-02
       12320           1   8.36738691E-05   1.53844384E-02   1.68849155E-02
       12340           1   8.29670898E-05   1.52576054E-02   1.67547613E-02
       12360           1   8.21990543E-05   1.51340310E-02   1.66285131E-02
       12380           1   8.13488077E-05   1.50157800E-02   1.65018942E-02
       12400           1   8.04663796E-05   1.48974210E-02   1.63720548E-02
       12420           1   7.95234155E-05   1.47787808E-02   1.62492488E-02
       12440           1   7.86070887E-05   1.46610998E-02   1.61243174E-02
       12460           1   7.77134846E-05   1.45448241E-02   1.59987118E-02
       12480           1   7.68985774E-05   1.44276330E-02   1.58756226E-02
       12500           1   7.61751216E-05   1.43098896E-02   1.57549307E-02
       12520           1   7.55934016E-05   1.41983582E-02   1.56364776E-02
       12540           1   7.51471380E-05   1.40837003E-02   1.55145610E-02
       12560           1   7.47847589E-05   1.39709041E-02   1.53960055E-02
       12580           1   7.45143698E-05   1.38562759E-02   1.52790947E-02
       12600           1   7.43113924E-05   1.37425335E-02   1.51664456E-02
       12620           1   7.41422482E-05   1.36360312E-02   1.50517933E-02
       12640           1   7.39783281E-05   1.35212066E-02   1.49320234E-02
       12660           1   7.37989030E-05   1.34118106E-02   1.48223182E-02
       12680           1   7.35535577E-05   1.33025357E-02   1.47107085E-02
       12700           1   7.32494154E-05   1.31928595E-02   1.46023398E-02
       12720           1   7.28776577E-05   1.30833909E-02   1.44906128E-02
       12740           1   7.24437778E-05   1.29786506E-02   1.43837007E-02
       12760           1   7.19128147E-05   1.28715010E-02   1.42766638E-02
       12780           1   7.12863330E-05   1.27652232E-02   1.41716683E-02
       12800           1   7.05915008E-05   1.26660857E-02   1.40642542E-02
       12820           1   6.98490767E-05   1.25570297E-02   1.39564928E-02
       12840           1   6.90856250E-05   1.24607496E-02   1.38552720E-02
       12860           1   6.82866958E-05   1.23555735E-02   1.37469461E-02
       12880           1   6.75371048E-05   1.22559629E-02   1.36433942E-02
       12900           1   6.68561042E-05   1.21613164E-02   1.35378223E-02
       12920           1   6.62738094E-05   1.20606562E-02   1.34382751E-02
       12940           1   6.57590499E-05   1.19635044E-02   1.33335041E-02
       12960           1   6.53340467E-05   1.18667819E-02   1.32282935E-02
       12980           1   6.50021684E-05   1.17675774E-02   1.31253377E-02
       13000           1   6.47105917E-05   1.16673708E-02   1.30244223E-02
       13020           1   6.45129112E-05   1.15776686E-02   1.29253129E-02
       13040           1   6.43225503E-05   1.14774583E-02   1.28263161E-02
       13060           1   6.41948645E-05   1.13781244E-02   1.27272177E-02
       13080           1   6.40369544E-05   1.12826945E-02   1.26328301E-02
       13100           1   6.38370548E-05   1.11889411E-02   1.25373015E-02
       13120           1   6.36275363E-05   1.10928863E-02   1.24449255E-02
       13140           1   6.33264135E-05   1.10009341E-02   1.23526566E-02
       13160           1   6.29855422E-05   1.09087201E-02   1.22626415E-02
       13180           1   6.25503308E-05   1.08170342E-02   1.21703213E-02
       13200           1   6.20362189E-05   1.07242260E-02   1.20814526E-02
       13220           1   6.14661112E-05   1.06345452E-02   1.19912624E-02
       13240           1   6.08481459E-05   1.05467821E-02   1.19013106E-02
       13260           1   6.02074106E-05   1.04567343E-02   1.18084587E-02
       13280           1   5.95650563E-05   1.03694396E-02   1.17198583E-02
       13300           1   5.89309820E-05   1.02833137E-02   1.16310166E-02
       13320           1   5.83679866E-05   1.02001084E-02   1.15416925E-02
       13340           1   5.78530380E-05   1.01166796E-02   1.14540886E-02
       13360           1   5.73982870E-05   1.00331334E-02   1.13629671E-02
       13380           1   5.69909607E-05   9.95276868E-03   1.12703750E-02
       13400           1   5.66700146E-05   9.87127516E-03   1.11819124E-02
       13420           1   5.64137954E-05   9.78811923E-03   1.10907750E-02
       13440           1   5.62345085E-05   9.71012283E-03   1.10049183E-02
       13460           1   5.60717199E-05   9.63012315E-03   1.09142531E-02
       13480           1   5.59401560E-05   9.55226459E-03   1.08262002E-02
       13500           1   5.58109132E-05   9.47451498E-03   1.07411984E-02
       13520           1   5.56847917E-05   9.39435605E-03   1.06552802E-02
       13540           1   5.54837643E-05   9.31447465E-03   1.05719734E-02
       13560           1   5.52556739E-05   9.23634879E-03   1.04866819E-02
       13580           1   5.49396027E-05   9.15901642E-03   1.04065379E-02
       13600           1   5.45645198E-05   9.08189546E-03   1.03266910E-02
       13620           1   5.41616464E-05   9.00871307E-03   1.02447756E-02
       13640           1   5.36780535E-05   8.93304404E-03   1.01614865E-02
       13660           1   5.31519072E-05   8.86105374E-03   1.00843823E-02
       13680           1   5.26215299E-05   8.78790393E-03   1.00068357E-02
       13700           1   5.21048714E-05   8.71728547E-03   9.92527883E-03
       13720           1   5.15923821E-05   8.64332169E-03   9.84315015E-03
       13740           1   5.10813697E-05   8.57089180E-03   9.76924505E-03
       13760           1   5.06105607E-05   8.49994272E-03   9.68943816E-03
       13780           1   5.01858194E-05   8.43141042E-03   9.61181428E-03
       13800           1   4.98302070E-05   8.36348254E-03   9.53317247E-03
       13820           1   4.95431159E-05   8.29529110E-03   9.45634488E-03
       13840           1   4.93067055E-05   8.22842494E-03   9.37804580E-03
       13860           1   4.91373539E-05   8.16311128E-03   9.30298865E-03
       13880           1   4.90007769E-05   8.09594430E-03   9.22831800E-03
       13900           1   4.88893129E-05   8.03111680E-03   9.15143732E-03
       13920           1   4.87914549E-05   7.96526950E-03   9.07861907E-03
       13940           1   4.86678400E-05   7.90485367E-03   9.00445040E-03
       13960           1   4.85042146E-05   7.84182921E-03   8.93318467E-03
       13980           1   4.83320073E-05   7.78142037E-03   8.85760225E-03
       14000           1   4.80927629E-05   7.72160292E-03   8.78790300E-03
       14020           1   4.78123038E-05   7.66211841E-03   8.71578231E-03
       14040           1   4.74657754E-05   7.60623068E-03   8.64508934E-03
       14060           1   4.71069907E-05   7.54721556E-03   8.57397448E-03
       14080           1   4.67164500E-05   7.49141071E-03   8.50551762E-03
       14100           1   4.62735079E-05   7.43652368E-03   8.43485165E-03
       14120           1   4.58331742E-05   7.38142105E-03   8.36206134E-03
       14140           1   4.53951179E-05   7.32488465E-03   8.29190761E-03
       14160           1   4.49668369E-05   7.27024442E-03   8.22392758E-03
       14180           1   4.45747464E-05   7.22028594E-03   8.15272424E-03
       14200           1   4.41889424E-05   7.16553349E-03   8.08519498E-03
       14220           1   4.38704265E-05   7.11253751E-03   8.01749807E-03
       14240           1   4.36111004E-05   7.06243701E-03   7.94889219E-03
       14260           1   4.34184258E-05   7.00754486E-03   7.88403675E-03
       14280           1   4.32308552E-05   6.95722410E-03   7.81568326E-03
       14300           1   4.30870132E-05   6.90313568E-03   7.74852419E-03
       14320           1   4.29502870E-05   6.85470551E-03   7.68696936E-03
       14340           1   4.28306921E-05   6.80563739E-03   7.62058794E-03
       14360           1   4.27052037E-05   6.75039645E-03   7.55920168E-03
       14380           1   4.25684411E-05   6.70503266E-03   7.49684824E-03
       14400           1   4.23935126E-05   6.65440504E-03   7.43454136E-03
       14420           1   4.22012599E-05   6.60524471E-03   7.37282541E-03
       14440           1   4.19599382E-05   6.55801455E-03   7.31146010E-03
       14460           1   4.16622388E-05   6.51089940E-03   7.25465966E-03
       14480           1   4.13687194E-05   6.46320824E-03   7.19373859E-03
       14500           1   4.10431931E-05   6.41904306E-03   7.13552907E-03
       14520           1   4.06597719E-05   6.37237122E-03   7.07963016E-03
       14540           1   4.02611076E-05   6.32515876E-03   7.01861130E-03
       14560           1   3.98638695E-05   6.28436403E-03   6.96153007E-03
       14580           1   3.95010793E-05   6.23973832E-03   6.90423278E-03
       14600           1   3.91725189E-05   6.19533239E-03   6.84671523E-03
       14620           1   3.88605040E-05   6.15383917E-03   6.79118186E-03
       14640           1   3.85857165E-05   6.11419883E-03   6.73566433E-03
       14660           1   3.83307088E-05   6.06846856E-03   6.67507807E-03
       14680           1   3.81401660E-05   6.02566404E-03   6.62320806E-03
       14700           1   3.79839657E-05   5.98406466E-03   6.56414591E-03
       14720           1   3.78668265E-05   5.94428321E-03   6.51251897E-03
       14740           1   3.77550241E-05   5.90308988E-03   6.45524776E-03
       14760           1   3.76269236E-05   5.86515199E-03   6.40273560E-03
       14780           1   3.75353629E-05   5.82109811E-03   6.35211729E-03
       14800           1   3.74293522E-05   5.78344008E-03   6.29840605E-03
       14820           1   3.72817813E-05   5.74326841E-03   6.24941336E-03
       14840           1   3.71395436E-05   5.70587255E-03   6.20088400E-03
       14860           1   3.69508671E-05   5.66660659E-03   6.14808267E-03
       14880           1   3.67587345E-05   5.63186128E-03   6.10154169E-03
       14900           1   3.65107771E-05   5.59292035E-03   6.05261046E-03
       14920           1   3.62237952E-05   5.55370608E-03   6.00542873E-03
       14940           1   3.59293299E-05   5.52016310E-03   5.96024934E-03
       14960           1   3.56104392E-05   5.47929015E-03   5.90868993E-03
       14980           1   3.52772040E-05   5.44516370E-03   5.85965440E-03
       15000           1   3.49474976E-05   5.40816318E-03   5.81683684E-03
       15020           1   3.46508423E-05   5.37196966E-03   5.77124115E-03
       15040           1   3.43616121E-05   5.33617148E-03   5.72743407E-03
       15060           1   3.41242267E-05   5.30421827E-03   5.68224117E-03
       15080           1   3.39207909E-05   5.26971510E-03   5.63552370E-03
       15100           1   3.37297824E-05   5.23547316E-03   5.59479371E-03
       15120           1   3.35627738E-05   5.20344079E-03   5.55053819E-03
       15140           1   3.34543947E-05   5.17548202E-03   5.50312502E-03
       15160           1   3.33395546E-05   5.13887405E-03   5.46445558E-03
       15180           1   3.32253621E-05   5.10768639E-03   5.42234490E-03
       15200           1   3.31382871E-05   5.07627428E-03   5.38153155E-03
       15220           1   3.30089824E-05   5.05023403E-03   5.33872098E-03
       15240           1   3.28825627E-05   5.01577556E-03   5.29907551E-03
       15260           1   3.27581874E-05   4.98836488E-03   5.25758881E-03
       15280           1   3.25816218E-05   4.96069528E-03   5.21775894E-03
       15300           1   3.23952700E-05   4.93250415E-03   5.18010231E-03
       15320           1   3.21821863E-05   4.90342826E-03   5.14183613E-03
       15340           1   3.19315877E-05   4.88081947E-03   5.10299252E-03
       15360           1   3.16827973E-05   4.84851701E-03   5.06319618E-03
       15380           1   3.13948331E-05   4.82039293E-03   5.03160246E-03
       15400           1   3.11083495E-05   4.79537342E-03   4.99349507E-03
       15420           1   3.08172785E-05   4.76473197E-03   4.95510455E-03
       15440           1   3.05446301E-05   4.73834248E-03   4.92389267E-03
       15460           1   3.02738299E-05   4.71314136E-03   4.88765119E-03
       15480           1   3.00585707E-05   4.69079381E-03   4.85306932E-03
       15500           1   2.98765972E-05   4.66208300E-03   4.81854938E-03
       15520           1   2.97277747E-05   4.63287160E-03   4.78143850E-03
       15540           1   2.95712780E-05   4.60580643E-03   4.75358963E-03
       15560           1   2.94520578E-05   4.58125211E-03   4.71780682E-03
       15580           1   2.93640514E-05   4.55033407E-03   4.68658702E-03
       15600           1   2.92797504E-05   4.52788547E-03   4.65675723E-03
       15620           1   2.91995075E-05   4.49958304E-03   4.62399703E-03
       15640           1   2.91032266E-05   4.47215000E-03   4.59512463E-03
       15660           1   2.90327062E-05   4.44705226E-03   4.56608878E-03
       15680           1   2.89177806E-05   4.42323368E-03   4.53675538E-03
       15700           1   2.88026331E-05   4.40057274E-03   4.50494653E-03
       15720           1   2.86287650E-05   4.36966820E-03   4.47828928E-03
       15740           1   2.84788857E-05   4.34647547E-03   4.44730651E-03
       15760           1   2.82993951E-05   4.32231277E-03   4.41981712E-03
       15780           1   2.80733548E-05   4.29858826E-03   4.39237664E-03
       15800           1   2.78351035E-05   4.27286373E-03   4.36492497E-03
       15820           1   2.76073752E-05   4.24895203E-03   4.33880650E-03
       15840           1   2.73675323E-05   4.22615511E-03   4.31046076E-03
       15860           1   2.71418303E-05   4.20180801E-03   4.28232364E-03
       15880           1   2.69320572E-05   4.18031029E-03   4.25695023E-03
       15900           1   2.67450232E-05   4.15470079E-03   4.22889367E-03
       15920           1   2.65499912E-05   4.13124496E-03   4.20194818E-03
       15940           1   2.64050595E-05   4.10809088E-03   4.17641597E-03
       15960           1   2.62943613E-05   4.08576336E-03   4.14867699E-03
       15980           1   2.61804907E-05   4.06529335E-03   4.12162067E-03
       16000           1   2.60821616E-05   4.03828872E-03   4.09563025E-03
       16020           1   2.60273300E-05   4.01662663E-03   4.07064613E-03
       16040           1   2.59444805E-05   3.99301061E-03   4.04430320E-03
       16060           1   2.58480886E-05   3.97584680E-03   4.02537826E-03
       16080           1   2.57660085E-05   3.94865777E-03   3.99790471E-03
       16100           1   2.56451585E-05   3.92499939E-03   3.97484330E-03
       16120           1   2.55229243E-05   3.90259642E-03   3.94941540E-03
       16140           1   2.53746930E-05   3.87871615E-03   3.92999221E-03
       16160           1   2.52228547E-05   3.85627942E-03   3.90504370E-03
       16180           1   2.50321482E-05   3.83729581E-03   3.88348312E-03
       16200           1   2.48523484E-05   3.81312240E-03   3.86138842E-03
       16220           1   2.46552190E-05   3.79225495E-03   3.83833703E-03
       16240           1   2.44803177E-05   3.77153931E-03   3.81947588E-03
       16260           1   2.42607202E-05   3.74855334E-03   3.79757117E-03
       16280           1   2.40833760E-05   3.72559344E-03   3.77681269E-03
       16300           1   2.38655939E-05   3.70390736E-03   3.75349890E-03
       16320           1   2.37053191E-05   3.68313142E-03   3.73417139E-03
       16340           1   2.35579973E-05   3.65960645E-03   3.71260406E-03
       16360           1   2.34187028E-05   3.64277326E-03   3.69276037E-03
       16380           1   2.33134688E-05   3.61704896E-03   3.67271760E-03
       16400           1   2.32055918E-05   3.59688094E-03   3.65147623E-03
       16420           1   2.31361846E-05   3.57439276E-03   3.63129447E-03
       16440           1   2.30581627E-05   3.55704501E-03   3.61106265E-03
       16460           1   2.30041078E-05   3.53587046E-03   3.59222689E-03
       16480           1   2.29392972E-05   3.51494853E-03   3.57298204E-03
       16500           1   2.28842164E-05   3.49004287E-03   3.55024426E-03
       16520           1   2.27761648E-05   3.47295380E-03   3.53128230E-03
       16540           1   2.27067776E-05   3.45101487E-03   3.51042277E-03
       16560           1   2.25914955E-05   3.43500916E-03   3.49113136E-03
       16580           1   2.24753603E-05   3.41097824E-03   3.47417290E-03
       16600           1   2.23463903E-05   3.39334062E-03   3.45395273E-03
       16620           1   2.21834161E-05   3.37322848E-03   3.43499333E-03
       16640           1   2.20386046E-05   3.35236778E-03   3.41749727E-03
       16660           1   2.18496789E-05   3.33075598E-03   3.39674973E-03
       16680           1   2.16916524E-05   3.31681524E-03   3.37718590E-03
       16700           1   2.15846376E-05   3.29681439E-03   3.35709704E-03
       16720           1   2.13948715E-05   3.27776372E-03   3.33901355E-03
       16740           1   2.12354171E-05   3.25959641E-03   3.31807043E-03
       16760           1   2.10886956E-05   3.23919207E-03   3.30216833E-03
       16780           1   2.09703103E-05   3.22008110E-03   3.28264059E-03
       16800           1   2.08820129E-05   3.20204487E-03   3.26610054E-03
       16820           1   2.07875746E-05   3.18393903E-03   3.25015490E-03
       16840           1   2.07159810E-05   3.16212489E-03   3.22681060E-03
       16860           1   2.06515051E-05   3.14089796E-03   3.20969848E-03
       16880           1   2.05763063E-05   3.12635349E-03   3.19267716E-03
       16900           1   2.05080178E-05   3.10893334E-03   3.17249564E-03
       16920           1   2.04291064E-05   3.08865705E-03   3.15301097E-03
       16940           1   2.03748477E-05   3.07036564E-03   3.13702039E-03
       16960           1   2.03213094E-05   3.05171381E-03   3.12339864E-03
       16980           1   2.02058582E-05   3.03244754E-03   3.10606300E-03
       17000           1   2.00850118E-05   3.01692262E-03   3.08469078E-03
       17020           1   1.99406113E-05   2.99758371E-03   3.07316217E-03
       17040           1   1.98212383E-05   2.97915470E-03   3.05221812E-03
       17060           1   1.96768633E-05   2.96551129E-03   3.03818961E-03
       17080           1   1.95367193E-05   2.94893025E-03   3.02028749E-03
       17100           1   1.93989854E-05   2.92899809E-03   3.00279399E-03
       17120           1   1.92134121E-05   2.91468506E-03   2.98379664E-03
       17140           1   1.90948340E-05   2.89565884E-03   2.96739070E-03
       17160           1   1.89773273E-05   2.88215373E-03   2.95067322E-03
       17180           1   1.88544509E-05   2.86658248E-03   2.93451664E-03
       17200           1   1.87639926E-05   2.84847291E-03   2.91717728E-03
       17220           1   1.86841335E-05   2.83451471E-03   2.89876480E-03
       17240           1   1.85949375E-05   2.82048248E-03   2.88025429E-03
       17260           1   1.85441040E-05   2.80243251E-03   2.86898995E-03
       17280           1   1.84635464E-05   2.78912368E-03   2.85029644E-03
       17300           1   1.84097735E-05   2.77247489E-03   2.83225416E-03
       17320           1   1.83555858E-05   2.75864080E-03   2.81441677E-03
       17340           1   1.82752483E-05   2.74153566E-03   2.80247931E-03
       17360           1   1.82409203E-05   2.72825873E-03   2.78237369E-03
       17380           1   1.81790601E-05   2.71135964E-03   2.76776752E-03
       17400           1   1.81291234E-05   2.69563310E-03   2.75438302E-03
       17420           1   1.80577626E-05   2.68279179E-03   2.73536588E-03
       17440           1   1.79332092E-05   2.66889925E-03   2.71664909E-03
       17460           1   1.78425798E-05   2.65221950E-03   2.70446902E-03
       17480           1   1.77175134E-05   2.63886363E-03   2.69003562E-03
       17500           1   1.75778732E-05   2.62402906E-03   2.67226319E-03
       17520           1   1.74910456E-05   2.60587945E-03   2.65764841E-03
       17540           1   1.73477401E-05   2.58962740E-03   2.64229928E-03
       17560           1   1.72138461E-05   2.58190278E-03   2.62552709E-03
       17580           1   1.71066476E-05   2.56606750E-03   2.61052605E-03
       17600           1   1.69973991E-05   2.55257264E-03   2.59497482E-03
       17620           1   1.69359537E-05   2.53981748E-03   2.57844082E-03
       17640           1   1.68454408E-05   2.52657873E-03   2.56443210E-03
       17660           1   1.67756625E-05   2.51275278E-03   2.54989066E-03
       17680           1   1.66921509E-05   2.49576452E-03   2.53298669E-03
       17700           1   1.66185109E-05   2.48604198E-03   2.51857331E-03
       17720           1   1.65458277E-05   2.46999832E-03   2.50210869E-03
       17740           1   1.65208185E-05   2.46069371E-03   2.48625991E-03
       17760           1   1.64612302E-05   2.44803634E-03   2.47511687E-03
       17780           1   1.64161247E-05   2.43486813E-03   2.45647761E-03
       17800           1   1.63801706E-05   2.42011249E-03   2.44502304E-03
       17820           1   1.63358400E-05   2.40806094E-03   2.42909393E-03
       17840           1   1.62313208E-05   2.39483872E-03   2.41199089E-03
       17860           1   1.61836233E-05   2.39018607E-03   2.39771744E-03
       17880           1   1.60704039E-05   2.37261178E-03   2.38386076E-03
       17900           1   1.59374613E-05   2.36047711E-03   2.36956100E-03
       17920           1   1.58428393E-05   2.35074828E-03   2.35546427E-03
       17940           1   1.56800870E-05   2.33524223E-03   2.33934028E-03
       17960           1   1.55769085E-05   2.32455693E-03   2.32873927E-03
       17980           1   1.54838581E-05   2.30959477E-03   2.31160270E-03
       18000           1   1.53900019E-05   2.29949015E-03   2.29710015E-03
       18020           1   1.53400706E-05   2.28935480E-03   2.28562998E-03
       18040           1   1.52227349E-05   2.27316702E-03   2.27341708E-03
       18060           1   1.51486056E-05   2.26499024E-03   2.25984212E-03
       18080           1   1.50915766E-05   2.25146115E-03   2.24806764E-03
       18100           1   1.50403584E-05   2.23798212E-03   2.23735510E-03
       18120           1   1.49861617E-05   2.22623115E-03   2.22189864E-03
       18140           1   1.49451089E-05   2.21241824E-03   2.20847735E-03
       18160           1   1.48887193E-05   2.20593717E-03   2.19673011E-03
       18180           1   1.48397739E-05   2.19252286E-03   2.18800106E-03
       18200           1   1.48270874E-05   2.18104362E-03   2.17106892E-03
       18220           1   1.47955079E-05   2.16736877E-03   2.15985440E-03
       18240           1   1.47531055E-05   2.15546088E-03   2.14597047E-03
       18260           1   1.46959210E-05   2.14640726E-03   2.13370612E-03
       18280           1   1.46152106E-05   2.13243649E-03   2.12100917E-03
       18300           1   1.45191598E-05   2.12437520E-03   2.10767239E-03
       18320           1   1.44229916E-05   2.11052573E-03   2.09903112E-03
       18340           1   1.43317757E-05   2.10106978E-03   2.08652602E-03
       18360           1   1.42282388E-05   2.08970322E-03   2.07201391E-03
       18380           1   1.41495912E-05   2.08033551E-03   2.06125877E-03
       18400           1   1.40280717E-05   2.06971238E-03   2.04772921E-03
       18420           1   1.39688555E-05   2.05849600E-03   2.03902530E-03
       18440           1   1.39098620E-05   2.05030804E-03   2.02434650E-03
       18460           1   1.38378327E-05   2.03878526E-03   2.01444584E-03
       18480           1   1.37606103E-05   2.02578679E-03   2.00256100E-03
       18500           1   1.36939752E-05   2.01737275E-03   1.99194299E-03
       18520           1   1.36454664E-05   2.00685835E-03   1.98021578E-03
       18540           1   1.35607397E-05   1.99978123E-03   1.97053701E-03
       18560           1   1.35356750E-05   1.98813714E-03   1.95850828E-03
       18580           1   1.35083628E-05   1.97505532E-03   1.94672821E-03
       18600           1   1.34810825E-05   1.96409179E-03   1.93629472E-03
       18620           1   1.34691736E-05   1.95482234E-03   1.92661444E-03
       18640           1   1.33776439E-05   1.94546219E-03   1.91310816E-03
       18660           1   1.33344038E-05   1.93607307E-03   1.90587994E-03
       18680           1   1.32765981E-05   1.92852609E-03   1.89556845E-03
       18700           1   1.32158766E-05   1.91633357E-03   1.88399816E-03
       18720           1   1.31686529E-05   1.90766482E-03   1.87351229E-03
       18740           1   1.30784947E-05   1.89452793E-03   1.86702039E-03
       18760           1   1.29798109E-05   1.88591203E-03   1.85379188E-03
       18780           1   1.29215996E-05   1.87448773E-03   1.84584432E-03
       18800           1   1.28370993E-05   1.86665845E-03   1.83404086E-03
       18820           1   1.27554422E-05   1.85461971E-03   1.82729226E-03
       18840           1   1.26579980E-05   1.84520544E-03   1.81894132E-03
       18860           1   1.25883453E-05   1.83742435E-03   1.80653192E-03
       18880           1   1.25040833E-05   1.82801753E-03   1.79819774E-03
       18900           1   1.24539629E-05   1.81740953E-03   1.78950373E-03
       18920           1   1.24226199E-05   1.80918688E-03   1.77836488E-03
       18940           1   1.23732498E-05   1.80158974E-03   1.76698901E-03
       18960           1   1.23564150E-05   1.79186848E-03   1.75819872E-03
       18980           1   1.23229920E-05   1.78419345E-03   1.75253709E-03
       19000           1   1.22585561E-05   1.76976074E-03   1.73982244E-03
       19020           1   1.22410402E-05   1.76404254E-03   1.73190236E-03
       19040           1   1.21975454E-05   1.75803306E-03   1.72184827E-03
       19060           1   1.21445046E-05   1.74377207E-03   1.71336939E-03
       19080           1   1.21073026E-05   1.73907250E-03   1.70341076E-03
       19100           1   1.20960167E-05   1.72511756E-03   1.69699918E-03
       19120           1   1.20216264E-05   1.72003906E-03   1.68742321E-03
       19140           1   1.19648512E-05   1.71167729E-03   1.67672092E-03
       19160           1   1.18858725E-05   1.70552777E-03   1.66982901E-03
       19180           1   1.17871996E-05   1.69459416E-03   1.66410208E-03
       19200           1   1.17461459E-05   1.68841192E-03   1.65706722E-03
       19220           1   1.16663696E-05   1.67874573E-03   1.64655061E-03
       19240           1   1.15968051E-05   1.66636065E-03   1.63802516E-03
       19260           1   1.15247294E-05   1.66325399E-03   1.62843952E-03
       19280           1   1.14620043E-05   1.65241410E-03   1.62057183E-03
       19300           1   1.14014965E-05   1.64423755E-03   1.61189237E-03
       19320           1   1.13344149E-05   1.63666368E-03   1.60431827E-03
       19340           1   1.13077067E-05   1.62908691E-03   1.59463170E-03
       19360           1   1.12511289E-05   1.62012898E-03   1.59042922E-03
       19380           1   1.12191456E-05   1.61169935E-03   1.58253242E-03
       19400           1   1.11613754E-05   1.60150579E-03   1.57552841E-03
       19420           1   1.11345571E-05   1.59706105E-03   1.56475208E-03
       19440           1   1.10986020E-05   1.58965017E-03   1.55784516E-03
       19460           1   1.10761503E-05   1.58073928E-03   1.55261089E-03
       19480           1   1.10554383E-05   1.57173420E-03   1.54317450E-03
       19500           1   1.10076980E-05   1.56520377E-03   1.53313146E-03
       19520           1   1.09645816E-05   1.55542721E-03   1.52793119E-03
       19540           1   1.08969316E-05   1.55327015E-03   1.52077770E-03
       19560           1   1.08644390E-05   1.54565321E-03   1.51100394E-03
       19580           1   1.08212189E-05   1.53405522E-03   1.50395383E-03
       19600           1   1.07860933E-05   1.53208897E-03   1.49757217E-03
       19620           1   1.06843772E-05   1.52059970E-03   1.48815115E-03
       19640           1   1.06342341E-05   1.51472329E-03   1.48102152E-03
       19660           1   1.05708805E-05   1.50660740E-03   1.47529889E-03
       19680           1   1.05154941E-05   1.49853085E-03   1.47052784E-03
       19700           1   1.04641513E-05   1.49132672E-03   1.45957363E-03
       19720           1   1.03894408E-05   1.48410653E-03   1.45629689E-03
       19740           1   1.03720668E-05   1.47906598E-03   1.44912140E-03
       19760           1   1.03052143E-05   1.47209701E-03   1.44241774E-03
       19780           1   1.02686117E-05   1.46636064E-03   1.43457216E-03
       19800           1   1.02416598E-05   1.45816058E-03   1.42653985E-03
       19820           1   1.02258891E-05   1.45071431E-03   1.41978962E-03
       19840           1   1.01714677E-05   1.44294417E-03   1.41183496E-03
       19860           1   1.01231253E-05   1.43432862E-03   1.40674238E-03
       19880           1   1.01415408E-05   1.42904476E-03   1.39849959E-03
       19900           1   1.00801526E-05   1.42276182E-03   1.39312982E-03
       19920           1   1.00576817E-05   1.41405221E-03   1.38758810E-03
       19940           1   9.99990334E-06   1.40910898E-03   1.37884438E-03
       19960           1   9.94819402E-06   1.40081730E-03   1.37344759E-03
       19980           1   9.90409990E-06   1.39233237E-03   1.36794522E-03
       20000           1   9.86957275E-06   1.38951431E-03   1.36090966E-03
       20020           1   9.78320531E-06   1.38096185E-03   1.35592150E-03
       20040           1   9.73237729E-06   1.37695868E-03   1.34929433E-03
       20060           1   9.65579056E-06   1.36868109E-03   1.34432863E-03
       20080           1   9.60888065E-06   1.36505812E-03   1.33779296E-03
       20100           1   9.57103930E-06   1.35744363E-03   1.32874353E-03
       20120           1   9.55149244E-06   1.35302858E-03   1.32312172E-03
       20140           1   9.49646255E-06   1.34159904E-03   1.31506030E-03
       20160           1   9.43323994E-06   1.33776839E-03   1.31100975E-03
       20180           1   9.39873280E-06   1.33311586E-03   1.30204752E-03
       20200           1   9.35424669E-06   1.32477679E-03   1.29611057E-03
       20220           1   9.31671093E-06   1.31811819E-03   1.29174674E-03
       20240           1   9.31672639E-06   1.31263270E-03   1.28555309E-03
       20260           1   9.29318321E-06   1.30565232E-03   1.28003419E-03
       20280           1   9.26736629E-06   1.30125775E-03   1.27537316E-03
       20300           1   9.22251093E-06   1.29429868E-03   1.26702711E-03
       20320           1   9.20455386E-06   1.28601538E-03   1.26318913E-03
       20340           1   9.13162694E-06   1.28067960E-03   1.25612982E-03
       20360           1   9.10634208E-06   1.27464475E-03   1.25037064E-03
       20380           1   9.06600962E-06   1.27195194E-03   1.24793197E-03
       20400           1   9.08263337E-06   1.26592873E-03   1.24114216E-03
       20420           1   9.01086423E-06   1.25797663E-03   1.23382197E-03
       20440           1   8.98757207E-06   1.25307834E-03   1.22667139E-03
       20460           1   8.93497872E-06   1.24794687E-03   1.22129568E-03
       20480           1   8.90491265E-06   1.23733038E-03   1.21728890E-03
       20500           1   8.85465943E-06   1.23214186E-03   1.20880699E-03
       20520           1   8.82736640E-06   1.23162975E-03   1.20649650E-03
       20540           1   8.77816819E-06   1.22141140E-03   1.19550666E-03
       20560           1   8.72322926E-06   1.21617550E-03   1.19256333E-03
       20580           1   8.70599524E-06   1.21176348E-03   1.18817075E-03
       20600           1   8.66443861E-06   1.20410440E-03   1.18402066E-03
       20620           1   8.62033357E-06   1.20131776E-03   1.17778010E-03
       20640           1   8.59035481E-06   1.19594578E-03   1.17542094E-03
       20660           1   8.56609768E-06   1.18838693E-03   1.16939947E-03
       20680           1   8.55245162E-06   1.18465000E-03   1.16368511E-03
       20700           1   8.51047116E-06   1.17521011E-03   1.16043747E-03
       20720           1   8.48125273E-06   1.17464992E-03   1.15560787E-03
       20740           1   8.43028738E-06   1.16813276E-03   1.14794064E-03
       20760           1   8.40250505E-06   1.16302283E-03   1.14193500E-03
       20780           1   8.37698917E-06   1.15620368E-03   1.13607117E-03
       20800           1   8.34673847E-06   1.14906917E-03   1.13180547E-03
       20820           1   8.29009241E-06   1.14650861E-03   1.12717738E-03
       20840           1   8.24782001E-06   1.13994023E-03   1.12320646E-03
       20860           1   8.21791946E-06   1.13385892E-03   1.11564016E-03
       20880           1   8.19249271E-06   1.13189651E-03   1.11081626E-03
       20900           1   8.13909719E-06   1.12182694E-03   1.10465230E-03
       20920           1   8.09814810E-06   1.11853750E-03   1.09969196E-03
       20940           1   8.07556353E-06   1.11358438E-03   1.09513022E-03
       20960           1   8.02482282E-06   1.10609899E-03   1.08851539E-03
       20980           1   7.99589634E-06   1.10376277E-03   1.08626683E-03
       21000           1   7.94252355E-06   1.09856180E-03   1.07702974E-03
       21020           1   7.95109281E-06   1.09441322E-03   1.07602263E-03
       21040           1   7.86362489E-06   1.08887593E-03   1.07224705E-03
       21060           1   7.89609749E-06   1.08366553E-03   1.06451195E-03
       21080           1   7.87155659E-06   1.07674813E-03   1.06112310E-03
       21100           1   7.87129829E-06   1.07434951E-03   1.05537206E-03
       21120           1   7.81235758E-06   1.07178243E-03   1.05029729E-03
       21140           1   7.76478373E-06   1.06615725E-03   1.04162213E-03
       21160           1   7.75236549E-06   1.05921389E-03   1.03999767E-03
       21180           1   7.69467351E-06   1.05624855E-03   1.03630160E-03
       21200           1   7.70703264E-06   1.04572973E-03   1.03132450E-03
       21220           1   7.65242112E-06   1.04239595E-03   1.02540175E-03
       21240           1   7.64610013E-06   1.03878288E-03   1.02324842E-03
       21260           1   7.62364834E-06   1.03547901E-03   1.01786666E-03
       21280           1   7.59210934E-06   1.03143731E-03   1.01220363E-03
       21300           1   7.55480369E-06   1.02609303E-03   1.00811955E-03
       21320           1   7.54795383E-06   1.02135341E-03   1.00221229E-03
       21340           1   7.48037883E-06   1.01489155E-03   1.00037560E-03
       21360           1   7.42963448E-06   1.01248780E-03   9.93859489E-04
       21380           1   7.42503880E-06   1.00654888E-03   9.88756539E-04
       21400           1   7.39926736E-06   1.00172253E-03   9.85482475E-04
       21420           1   7.37047094E-06   9.97080235E-04   9.82570346E-04
       21440           1   7.34823425E-06   9.93916299E-04   9.75569768E-04
       21460           1   7.33859224E-06   9.86082829E-04   9.72486741E-04
       21480           1   7.33285970E-06   9.84372571E-04   9.67839442E-04
       21500           1   7.30529928E-06   9.78843309E-04   9.63077589E-04
       21520           1   7.24871097E-06   9.73178307E-04   9.56675969E-04
       21540           1   7.21403012E-06   9.70820896E-04   9.55511932E-04
       21560           1   7.19316358E-06   9.67022090E-04   9.48189292E-04
       21580           1   7.15413944E-06   9.61363665E-04   9.43265506E-04
       21600           1   7.15008855E-06   9.58002114E-04   9.38175770E-04
       21620           1   7.13432246E-06   9.51618073E-04   9.31773626E-04
       21640           1   7.12084329E-06   9.48456989E-04   9.29805276E-04
       21660           1   7.06742912E-06   9.45118431E-04   9.24930559E-04
       21680           1   7.01732370E-06   9.36407945E-04   9.23715357E-04
       21700           1   6.97396536E-06   9.33579809E-04   9.17633879E-04
       21720           1   6.92450431E-06   9.29865637E-04   9.11847397E-04
       21740           1   6.90247498E-06   9.29165166E-04   9.09361290E-04
       21760           1   6.86129852E-06   9.23045853E-04   9.03606706E-04
       21780           1   6.84015185E-06   9.18932608E-04   9.01757274E-04
       21800           1   6.85171972E-06   9.13121388E-04   8.95257690E-04
       21820           1   6.79795812E-06   9.07904585E-04   8.91984440E-04
       21840           1   6.78435208E-06   9.08111106E-04   8.88296345E-04
       21860           1   6.74304101E-06   9.03835753E-04   8.84210807E-04
       21880           1   6.71829775E-06   8.97912483E-04   8.77390208E-04
       21900           1   6.73383556E-06   8.93404824E-04   8.75780592E-04
       21920           1   6.70856480E-06   8.87853035E-04   8.71131138E-04
       21940           1   6.68806933E-06   8.83022964E-04   8.68613773E-04
       21960           1   6.67732820E-06   8.80944135E-04   8.64071189E-04
       21980           1   6.65565403E-06   8.76345672E-04   8.58510961E-04
       22000           1   6.63166065E-06   8.74235469E-04   8.54483573E-04
       22020           1   6.58335421E-06   8.67938506E-04   8.52473895E-04
       22040           1   6.55639906E-06   8.65252048E-04   8.44628317E-04
       22060           1   6.54104542E-06   8.63150170E-04   8.43484246E-04
       22080           1   6.52402423E-06   8.57536041E-04   8.40496039E-04
       22100           1   6.49668937E-06   8.57626204E-04   8.33122933E-04
       22120           1   6.47715024E-06   8.52364523E-04   8.32005637E-04
       22140           1   6.43836165E-06   8.45949806E-04   8.30560690E-04
       22160           1   6.43790054E-06   8.44518654E-04   8.25139810E-04
       22180           1   6.40645476E-06   8.39941553E-04   8.17883643E-04
       22200           1   6.38992015E-06   8.36208637E-04   8.16834159E-04
       22220           1   6.37895664E-06   8.31073907E-04   8.14464525E-04
       22240           1   6.33486025E-06   8.27285927E-04   8.08628218E-04
       22260           1   6.34503385E-06   8.22978676E-04   8.04077485E-04
       22280           1   6.34464232E-06   8.20359273E-04   8.05254269E-04
       22300           1   6.32581305E-06   8.14510975E-04   7.98715511E-04
       22320           1   6.29245687E-06   8.11842154E-04   7.94544816E-04
       22340           1   6.24458335E-06   8.09995690E-04   7.90816732E-04
       22360           1   6.23244568E-06   8.02632771E-04   7.86720426E-04
       22380           1   6.18436206E-06   7.99156958E-04   7.83503521E-04
       22400           1   6.18392141E-06   7.95033353E-04   7.81549315E-04
       22420           1   6.18828381E-06   7.94063148E-04   7.78598012E-04
       22440           1   6.14248802E-06   7.90381571E-04   7.73644191E-04
       22460           1   6.15533054E-06   7.88423175E-04   7.69861217E-04
       22480           1   6.09341123E-06   7.82320159E-04   7.67600257E-04
       22500           1   6.06421509E-06   7.78356742E-04   7.60320283E-04
       22520           1   6.01229704E-06   7.78260117E-04   7.60236464E-04
       22540           1   6.00911471E-06   7.74848333E-04   7.53008586E-04
       22560           1   5.96772406E-06   7.68857077E-04   7.52999738E-04
       22580           1   5.97987855E-06   7.64583587E-04   7.48964434E-04
       22600           1   5.94746780E-06   7.65561941E-04   7.45311670E-04
       22620           1   5.90433274E-06   7.58928421E-04   7.40428921E-04
       22640           1   5.91220714E-06   7.52606837E-04   7.36969640E-04
       22660           1   5.90621721E-06   7.54388631E-04   7.35103153E-04
       22680           1   5.89724777E-06   7.50223640E-04   7.32500048E-04
       22700           1   5.87011846E-06   7.47308950E-04   7.29103805E-04
       22720           1   5.85519956E-06   7.41040218E-04   7.24691839E-04
       22740           1   5.85288626E-06   7.40856631E-04   7.21880409E-04
       22760           1   5.78278741E-06   7.35940004E-04   7.16639392E-04
       22780           1   5.76321645E-06   7.30775122E-04   7.17972347E-04
       22800           1   5.77899209E-06   7.28703279E-04   7.10560125E-04
       22820           1   5.75910872E-06   7.23919889E-04   7.09191081E-04
       22840           1   5.72799445E-06   7.20766664E-04   7.06738036E-04
       22860           1   5.72377621E-06   7.19503558E-04   7.02195859E-04
       22880           1   5.68435053E-06   7.14852009E-04   6.98750664E-04
       22900           1   5.68129599E-06   7.15130300E-04   6.92897302E-04
       22920           1   5.63479307E-06   7.10969616E-04   6.91727793E-04
       22940           1   5.61487286E-06   7.06204679E-04   6.89033535E-04
       22960           1   5.60546596E-06   7.02920544E-04   6.85899286E-04
       22980           1   5.59748560E-06   6.99529133E-04   6.84040540E-04
       23000           1   5.58943702E-06   6.97867421E-04   6.77929609E-04
       23020           1   5.57388057E-06   6.93659706E-04   6.77816803E-04
       23040           1   5.56164150E-06   6.91477326E-04   6.77012722E-04
       23060           1   5.55864381E-06   6.88235566E-04   6.70779264E-04
       23080           1   5.55434053E-06   6.83305785E-04   6.67650020E-04
       23100           1   5.50174855E-06   6.84149039E-04   6.62977749E-04
       23120           1   5.48058460E-06   6.79084100E-04   6.62393053E-04
       23140           1   5.45841658E-06   6.74956769E-04   6.59298385E-04
       23160           1   5.45429657E-06   6.71731133E-04   6.58533536E-04
       23180           1   5.47027321E-06   6.70457433E-04   6.54713018E-04
       23200           1   5.48430899E-06   6.66197506E-04   6.52026036E-04
       23220           1   5.44354771E-06   6.62486185E-04   6.49381254E-04
       23240           1   5.38636823E-06   6.60230056E-04   6.44407060E-04
       23260           1   5.36675543E-06   6.58148027E-04   6.41089748E-04
       23280           1   5.36688685E-06   6.54938689E-04   6.37859921E-04
       23300           1   5.31931164E-06   6.52305433E-04   6.35906821E-04
       23320           1   5.32128797E-06   6.53329946E-04   6.33121468E-04
       23340           1   5.24051211E-06   6.45902415E-04   6.28241396E-04
       23360           1   5.25288760E-06   6.44589076E-04   6.30118069E-04
       23380           1   5.24452253E-06   6.42553205E-04   6.26047375E-04
       23400           1   5.22208620E-06   6.41355815E-04   6.23623433E-04
       23420           1   5.20612230E-06   6.35647331E-04   6.21455780E-04
       23440           1   5.19157356E-06   6.34127122E-04   6.18590333E-04
       23460           1   5.18487377E-06   6.27556059E-04   6.15244382E-04
       23480           1   5.17463741E-06   6.26622466E-04   6.10281946E-04
       23500           1   5.16954378E-06   6.23009400E-04   6.08036877E-04
       23520           1   5.16785076E-06   6.20683248E-04   6.08550734E-04
       23540           1   5.12681208E-06   6.17553655E-04   6.03772176E-04
       23560           1   5.10744167E-06   6.16927457E-04   6.01554348E-04
       23580           1   5.09454640E-06   6.13392505E-04   5.99734543E-04
       23600           1   5.09128176E-06   6.13161421E-04   5.92393102E-04
       23620           1   5.08070843E-06   6.10856572E-04   5.92996774E-04
       23640           1   5.09151278E-06   6.04451983E-04   5.91174525E-04
       23660           1   5.06132938E-06   6.02111511E-04   5.91040880E-04
       23680           1   5.05244589E-06   5.97478764E-04   5.87959483E-04
       23700           1   5.01448267E-06   5.98430575E-04   5.83046931E-04
       23720           1   4.97839528E-06   5.94100798E-04   5.79401210E-04
       23740           1   4.98653981E-06   5.91796823E-04   5.76874532E-04
       23760           1   4.96635494E-06   5.88347029E-04   5.77529252E-04
       23780           1   4.99540693E-06   5.84425812E-04   5.73143712E-04
       23800           1   4.94908409E-06   5.83658344E-04   5.72074612E-04
       23820           1   4.93981179E-06   5.81343018E-04   5.67310373E-04
       23840           1   4.89789318E-06   5.79823973E-04   5.64809656E-04
       23860           1   4.89083914E-06   5.78889798E-04   5.63889742E-04
       23880           1   4.85955070E-06   5.73537545E-04   5.58494881E-04
       23900           1   4.84873135E-06   5.69908007E-04   5.55835781E-04
       23920           1   4.83896292E-06   5.70207776E-04   5.56673796E-04
       23940           1   4.85355622E-06   5.65333583E-04   5.51838370E-04
       23960           1   4.83472149E-06   5.62417030E-04   5.52738202E-04
       23980           1   4.84460224E-06   5.58693777E-04   5.46037336E-04
       24000           1   4.79324490E-06   5.58892614E-04   5.48224780E-04
       24020           1   4.77792446E-06   5.54324710E-04   5.44471084E-04
       24040           1   4.79058372E-06   5.53408987E-04   5.43171715E-04
       24060           1   4.77435970E-06   5.50604193E-04   5.39541477E-04
       24080           1   4.75561728E-06   5.49883931E-04   5.36929350E-04
       24100           1   4.71151407E-06   5.45506657E-04   5.33781655E-04
       24120           1   4.69552970E-06   5.44121373E-04   5.32464881E-04
       24140           1   4.67843847E-06   5.43831615E-04   5.31450321E-04
       24160           1   4.67531254E-06   5.38012537E-04   5.24441770E-04
       24180           1   4.67175778E-06   5.38853754E-04   5.25337236E-04
       24200           1   4.64254936E-06   5.33732120E-04   5.22704562E-04
       24220           1   4.61676245E-06   5.31936588E-04   5.24082163E-04
       24240           1   4.60850060E-06   5.28507051E-04   5.19519846E-04
       24260           1   4.56815860E-06   5.29459794E-04   5.14780928E-04
       24280           1   4.58990371E-06   5.25048992E-04   5.13952924E-04
       24300           1   4.57587157E-06   5.25808311E-04   5.12021361E-04
       24320           1   4.55918689E-06   5.23337745E-04   5.05157164E-04
       24340           1   4.55487088E-06   5.22437564E-04   5.07191930E-04
       24360           1   4.54511382E-06   5.19560359E-04   5.06249431E-04
       24380           1   4.52827862E-06   5.15715627E-04   5.01604402E-04
       24400           1   4.56733642E-06   5.15167369E-04   5.02729847E-04
       24420           1   4.56214048E-06   5.08974539E-04   4.96733002E-04
       24440           1   4.54910378E-06   5.11364487E-04   4.96428751E-04
       24460           1   4.51065262E-06   5.08927566E-04   4.94722335E-04
       24480           1   4.49851404E-06   5.06213517E-04   4.92434599E-04
       24500           1   4.46379772E-06   5.03971067E-04   4.91795130E-04
       24502           1   4.48569472E-06   4.99448390E-04   4.91271610E-04
 Solver: fs        , Convection scheme: uds       
 RE=   1000.00000     , N=         128
 Selected Time scheme:            2
 DT=   1.95312500E-03
 Wall-clock time (s):    296.970123    
Note: The following floating-point exceptions are signalling: IEEE_UNDERFLOW_FLAG
