 URFU=?
   20       0.01204       0.01645       0.11506
   40       0.02048       0.01717       0.17695
   60       0.01761       0.01218       0.13924
   80       0.00813       0.00826       0.08266
  100       0.00467       0.00571       0.08202
  120       0.00442       0.00653       0.05679
  140       0.00508       0.00475       0.04479
  160       0.00456       0.00184       0.04436
  180       0.00324       0.00284       0.03773
  200       0.00142       0.00289       0.02938
  220       0.00144       0.00238       0.01925
  240       0.00109       0.00149       0.01585
  260       0.00172       0.00093       0.01322
  280       0.00158       0.00138       0.01189
  300       0.00085       0.00087       0.01242
  320       0.00061       0.00066       0.01080
  340       0.00087       0.00089       0.00944
  360       0.00058       0.00066       0.00978
  380       0.00067       0.00048       0.00803
  400       0.00071       0.00052       0.00634
  420       0.00046       0.00040       0.00682
  440       0.00038       0.00049       0.00570
  460       0.00033       0.00049       0.00433
  480       0.00025       0.00025       0.00404
  500       0.00039       0.00020       0.00320
  520       0.00035       0.00027       0.00298
  540       0.00014       0.00020       0.00311
  560       0.00014       0.00023       0.00247
  580       0.00017       0.00020       0.00225
  600       0.00015       0.00011       0.00215
  620       0.00020       0.00013       0.00167
  640       0.00015       0.00012       0.00143
  660       0.00008       0.00009       0.00148
  680       0.00009       0.00012       0.00119
  700       0.00007       0.00010       0.00110
  720       0.00007       0.00005       0.00103
  740       0.00010       0.00006       0.00079
  760       0.00007       0.00005       0.00077
  780       0.00004       0.00005       0.00076
  800       0.00004       0.00006       0.00059
  820       0.00003       0.00004       0.00053
  840       0.00004       0.00002       0.00047
  860       0.00005       0.00003       0.00036
  880       0.00003       0.00003       0.00037
  900       0.00001       0.00002       0.00035
  920       0.00002       0.00003       0.00029
  940       0.00002       0.00002       0.00028
  960       0.00002       0.00001       0.00024
  980       0.00002       0.00002       0.00018
 1000       0.00001       0.00001       0.00019
 1020       0.00001       0.00001       0.00017
 1040       0.00001       0.00002       0.00014
 1060       0.00001       0.00001       0.00013
 1080       0.00001       0.00001       0.00011
 1087       0.00001       0.00001       0.00010
 Solver: simple    , Convection scheme: uds       
 RE=   1000.00000     , N=          64
 URFU=  0.600000024     , URFP=  0.300000012    
 Wall-clock time (s):    3.20934916    
Note: The following floating-point exceptions are signalling: IEEE_DIVIDE_BY_ZERO IEEE_UNDERFLOW_FLAG
