 DT=?
          20        1536   9.99873300E-05   3.13191462       1.41855896    
          40         672   9.99873155E-05   1.83858037       1.02859092    
          60         449   9.99878903E-05   1.33626282      0.932511032    
          80         355   9.99731928E-05   1.09566557      0.890487909    
         100         308   9.99296171E-05  0.993216515      0.862154245    
         120         280   9.99944677E-05  0.951657891      0.840494752    
         140         263   9.99676704E-05  0.931555986      0.823745847    
         160         250   9.99812255E-05  0.918136716      0.809911132    
         180         240   9.99920449E-05  0.906554461      0.797077775    
         200         231   9.99272670E-05  0.894032121      0.784021616    
         220         223   9.99572585E-05  0.880377054      0.770607710    
         240         217   9.99311524E-05  0.865821242      0.756431103    
         260         210   9.99319454E-05  0.849536180      0.741565943    
         280         203   9.99221666E-05  0.831944585      0.726329565    
         300         197   9.99513795E-05  0.813368618      0.710790992    
         320         191   9.99565164E-05  0.793630838      0.694491029    
         340         185   9.99252297E-05  0.772999942      0.677860618    
         360         178   9.99803597E-05  0.751467109      0.660966277    
         380         172   9.99716140E-05  0.729162455      0.643659234    
         400         167   9.99935583E-05  0.706296802      0.626423597    
         420         162   9.99437907E-05  0.682874560      0.609288275    
         440         156   9.99467156E-05  0.658850074      0.592328072    
         460         152   9.98902324E-05  0.634459376      0.575533152    
         480         146   9.98974865E-05  0.609791636      0.559041679    
         500         140   9.99772019E-05  0.585079610      0.542978048    
         520         134   9.99355252E-05  0.560589075      0.526994765    
         540         130   9.99031399E-05  0.536325216      0.511334777    
         560         124   9.99835538E-05  0.512393475      0.495532960    
         580         120   9.99015756E-05  0.489063561      0.479593575    
         600         115   9.99314798E-05  0.466215998      0.463520139    
         620         110   9.98792311E-05  0.443965882      0.447057426    
         640         105   9.99459880E-05  0.422334075      0.430423975    
         660          99   9.99640615E-05  0.401359409      0.413417250    
         680          94   9.99675758E-05  0.381070375      0.396323800    
         700          90   9.99048571E-05  0.361539334      0.379040331    
         720          86   9.99493932E-05  0.342703819      0.361855209    
         740          81   9.98822070E-05  0.324740589      0.344670296    
         760          76   9.99739786E-05  0.307514936      0.327753127    
         780          73   9.99522745E-05  0.290969402      0.311071455    
         800          70   9.99495824E-05  0.275114596      0.294769317    
         820          65   9.99521289E-05  0.260035783      0.278860062    
         840          63   9.99528129E-05  0.245586142      0.263403863    
         860          59   9.99460099E-05  0.231741741      0.248544857    
         880          57   9.98664764E-05  0.218501478      0.234292895    
         900          54   9.99293043E-05  0.205885142      0.220629275    
         920          50   9.98586984E-05  0.193854004      0.207664117    
         940          49   9.98656687E-05  0.182410643      0.195387155    
         960          47   9.98824762E-05  0.171580553      0.183773383    
         980          44   9.99418698E-05  0.161348015      0.172805905    
        1000          42   9.98834003E-05  0.151674017      0.162488475    
        1020          39   9.99022304E-05  0.142554447      0.152794182    
        1040          38   9.99401746E-05  0.133933917      0.143701017    
        1060          35   9.99961776E-05  0.125804812      0.135147959    
        1080          34   9.99509430E-05  0.118100360      0.127118409    
        1100          31   9.99824697E-05  0.110818356      0.119555503    
        1120          31   9.98885807E-05  0.103902519      0.112436906    
        1140          28   9.99668118E-05   9.73618701E-02  0.105710998    
        1160          27   9.98793475E-05   9.11421552E-02   9.93622765E-02
        1180          25   9.99890617E-05   8.52648690E-02   9.33458582E-02
        1200          25   9.99307813E-05   7.96764493E-02   8.76516178E-02
        1220          22   9.99439144E-05   7.44107142E-02   8.22409019E-02
        1240          23   9.99883705E-05   6.94268644E-02   7.71076903E-02
        1260          20   9.99534532E-05   6.47499859E-02   7.22275376E-02
        1280          19   9.99191834E-05   6.03502616E-02   6.75982013E-02
        1300          19   9.98757241E-05   5.62259480E-02   6.32067397E-02
        1320          18   9.99842450E-05   5.23841977E-02   5.90399653E-02
        1340          16   9.99764452E-05   4.88020554E-02   5.50998412E-02
        1360          16   9.99853655E-05   4.54569533E-02   5.13798706E-02
        1380          15   9.99538461E-05   4.23436463E-02   4.78748754E-02
        1400          14   9.98928081E-05   3.94505262E-02   4.45783921E-02
        1420          13   9.99029362E-05   3.67629044E-02   4.14883196E-02
        1440          11   9.99561380E-05   3.42615657E-02   3.85995246E-02
        1460          12   9.99392942E-05   3.19310389E-02   3.59073095E-02
        1480          11   9.99168478E-05   2.97715496E-02   3.34046558E-02
        1500          10   9.99751574E-05   2.77759898E-02   3.10795475E-02
        1520          10   9.99125550E-05   2.59222165E-02   2.89320108E-02
        1540           9   9.99597542E-05   2.42212322E-02   2.69490145E-02
        1560           9   9.99561744E-05   2.26479694E-02   2.51238178E-02
        1580           8   9.99836484E-05   2.12118141E-02   2.34426353E-02
        1600           8   9.99869735E-05   1.98831242E-02   2.18976792E-02
        1620           6   9.99965341E-05   1.86680891E-02   2.04740372E-02
        1640           7   9.99340627E-05   1.75323449E-02   1.91718731E-02
        1660           8   9.98987234E-05   1.64750796E-02   1.79708749E-02
        1680           7   9.99768163E-05   1.54968910E-02   1.68609098E-02
        1700           5   9.99530894E-05   1.45768011E-02   1.58338025E-02
        1720           7   9.99032345E-05   1.36966370E-02   1.48866875E-02
        1740           4   9.99779659E-05   1.28868651E-02   1.39983473E-02
        1760           5   9.99947661E-05   1.21054100E-02   1.31756691E-02
        1780           4   9.99167969E-05   1.13719041E-02   1.24036279E-02
        1800           3   9.99633485E-05   1.06834648E-02   1.16785569E-02
        1820           3   9.99138574E-05   1.00296931E-02   1.09987976E-02
        1840           4   9.99713302E-05   9.41425003E-03   1.03577357E-02
        1860           4   9.99801559E-05   8.83415900E-03   9.75267682E-03
        1880           3   9.99450422E-05   8.29722360E-03   9.18058865E-03
        1900           3   9.99333133E-05   7.78778922E-03   8.64227116E-03
        1920           3   9.99209224E-05   7.31966645E-03   8.13111663E-03
        1940           2   9.99627009E-05   6.89592026E-03   7.64981844E-03
        1960           2   9.99817421E-05   6.51268661E-03   7.19601335E-03
        1980           3   9.99211697E-05   6.15595747E-03   6.76803663E-03
        2000           2   9.99452095E-05   5.82843414E-03   6.36335276E-03
        2020           3   9.99357144E-05   5.51849278E-03   5.98459831E-03
        2040           1   9.99746844E-05   5.22869593E-03   5.62974298E-03
        2060           2   9.99086042E-05   4.95582726E-03   5.29678725E-03
        2080           3   9.99065451E-05   4.69398033E-03   4.98432433E-03
        2100           1   9.99339827E-05   4.45159106E-03   4.69284877E-03
        2120           1   9.99297190E-05   4.22175135E-03   4.42084949E-03
        2140           1   9.99314871E-05   4.00287705E-03   4.16727457E-03
        2160           1   9.99429540E-05   3.79884546E-03   3.93174356E-03
        2180           1   9.99968543E-05   3.60455713E-03   3.71142500E-03
        2200           1   9.99701078E-05   3.41836736E-03   3.50683625E-03
        2220           1   9.99439944E-05   3.24555812E-03   3.31643131E-03
        2240           2   9.99506083E-05   3.08002182E-03   3.13688372E-03
        2260           1   9.98767500E-05   2.92407279E-03   2.97163823E-03
        2280           2   9.99132753E-05   2.77596409E-03   2.81611714E-03
        2300           1   9.98854011E-05   2.63670948E-03   2.66834605E-03
        2320           1   9.99378972E-05   2.50386656E-03   2.53238529E-03
        2340           1   9.98670803E-05   2.37840554E-03   2.40409561E-03
        2360           1   9.97014286E-05   2.25884025E-03   2.28257058E-03
        2380           1   9.92868590E-05   2.14424822E-03   2.17054761E-03
        2400           1   9.70098336E-05   2.04390893E-03   2.07381672E-03
        2420           1   9.36375582E-05   1.95522234E-03   1.99114508E-03
        2440           1   8.91536620E-05   1.87892606E-03   1.92027399E-03
        2460           1   8.42297886E-05   1.80782145E-03   1.85882964E-03
        2480           1   7.96401146E-05   1.73949869E-03   1.79758004E-03
        2500           1   7.60212642E-05   1.67463114E-03   1.73241273E-03
        2520           1   7.36209331E-05   1.61376782E-03   1.66240276E-03
        2540           1   7.20981188E-05   1.55737204E-03   1.58956565E-03
        2560           1   7.08090010E-05   1.50569901E-03   1.51928386E-03
        2580           1   6.92459143E-05   1.45620736E-03   1.45410479E-03
        2600           1   6.71692324E-05   1.40870991E-03   1.39361480E-03
        2620           1   6.46775152E-05   1.36451342E-03   1.34103186E-03
        2640           1   6.20109786E-05   1.31891435E-03   1.29318039E-03
        2660           1   5.94835765E-05   1.27427233E-03   1.24824489E-03
        2680           1   5.72217868E-05   1.23040320E-03   1.20629650E-03
        2700           1   5.53284262E-05   1.19111186E-03   1.16193295E-03
        2720           1   5.36647931E-05   1.14833436E-03   1.11950596E-03
        2740           1   5.21588918E-05   1.10786944E-03   1.08019297E-03
        2760           1   5.06372089E-05   1.06752012E-03   1.04072364E-03
        2780           1   4.91233914E-05   1.02511700E-03   1.00452511E-03
        2800           1   4.76092246E-05   9.86261293E-04   9.72873007E-04
        2820           1   4.61196287E-05   9.47371416E-04   9.42637096E-04
        2840           1   4.46739396E-05   9.12269752E-04   9.13107651E-04
        2860           1   4.32077140E-05   8.77093116E-04   8.84976995E-04
        2880           1   4.17233787E-05   8.50706187E-04   8.55784339E-04
        2900           1   4.02205733E-05   8.22906382E-04   8.23076873E-04
        2920           1   3.87450600E-05   7.98928202E-04   7.93815125E-04
        2940           1   3.72869799E-05   7.74887623E-04   7.64801516E-04
        2960           1   3.58988436E-05   7.52944907E-04   7.39184150E-04
        2980           1   3.47561727E-05   7.31820764E-04   7.14602880E-04
        3000           1   3.37831661E-05   7.09815416E-04   6.91106019E-04
        3020           1   3.29321192E-05   6.86881656E-04   6.67947228E-04
        3040           1   3.21791922E-05   6.65562111E-04   6.47457142E-04
        3060           1   3.13507553E-05   6.45745546E-04   6.28143898E-04
        3080           1   3.04993064E-05   6.25587825E-04   6.08307659E-04
        3100           1   2.95135087E-05   6.05313282E-04   5.91358112E-04
        3120           1   2.85577280E-05   5.85163943E-04   5.73702680E-04
        3140           1   2.76292521E-05   5.68355608E-04   5.59159846E-04
        3160           1   2.67924443E-05   5.49891847E-04   5.44379232E-04
        3180           1   2.60197667E-05   5.30565856E-04   5.26896503E-04
        3200           1   2.52792888E-05   5.14475687E-04   5.14459156E-04
        3218           1   2.45824267E-05   4.97743837E-04   4.98966605E-04
 Solver: fs        , Convection scheme: uds       
 RE=   1000.00000     , N=          64
 Selected Time scheme:            1
 DT=   1.56250000E-02
 Wall-clock time (s):    46.7244949    
Note: The following floating-point exceptions are signalling: IEEE_UNDERFLOW_FLAG
