 DT=?
          20        6868   9.99970871E-05   2.59375978       1.07116055    
          40        2754   9.99983968E-05   1.55161703      0.704507232    
          60        1628   9.99975382E-05   1.13889825      0.574054480    
          80        1200   9.99937474E-05  0.912996411      0.514125526    
         100         939   9.99977783E-05  0.766352415      0.484082192    
         120         702   9.99822078E-05  0.664837122      0.466262400    
         140         594   9.99748154E-05  0.594131291      0.454144746    
         160         524   9.99921758E-05  0.546012700      0.444840491    
         180         465   9.99891417E-05  0.514959931      0.437250793    
         200         421   9.99863114E-05  0.495471328      0.430397630    
         220         385   9.99649565E-05  0.483034849      0.424357444    
         240         356   9.99875556E-05  0.474824786      0.419395536    
         260         331   9.99900149E-05  0.469075561      0.414808661    
         280         316   9.99631156E-05  0.464826792      0.410899907    
         300         307   9.99883196E-05  0.461317956      0.407209128    
         320         298   9.99945623E-05  0.458155960      0.403941184    
         340         288   9.99580952E-05  0.455231428      0.400787771    
         360         277   9.99934564E-05  0.452440083      0.397529453    
         380         271   9.99637123E-05  0.449360281      0.394293189    
         400         263   9.99995173E-05  0.446206003      0.391026855    
         420         258   9.99834374E-05  0.442929208      0.387697607    
         440         251   9.99660770E-05  0.439416260      0.384371161    
         460         247   9.99794865E-05  0.435998052      0.380852878    
         480         239   9.99622644E-05  0.432184994      0.377334088    
         500         234   9.99863114E-05  0.428209782      0.373648643    
         520         224   9.99756521E-05  0.424083441      0.369946003    
         540         224   9.99645999E-05  0.419871628      0.366277337    
         560         224   9.99948898E-05  0.415317357      0.362394571    
         580         224   9.99570329E-05  0.410757333      0.358640075    
         600         219   9.99659751E-05  0.406067193      0.354679435    
         620         216   9.99838667E-05  0.401110977      0.350640684    
         640         212   9.99870681E-05  0.396226794      0.346579820    
         660         205   9.99878393E-05  0.391105026      0.342449099    
         680         201   9.99657350E-05  0.385938436      0.338284910    
         700         197   9.99833719E-05  0.380580515      0.334136337    
         720         191   9.99744589E-05  0.375195771      0.329873174    
         740         182   9.99912299E-05  0.369684130      0.325545877    
         760         177   9.99718104E-05  0.364077091      0.321249008    
         780         172   9.99929398E-05  0.358429015      0.316938281    
         800         170   9.99691911E-05  0.352661431      0.312658459    
         820         176   9.99808544E-05  0.346827537      0.308422238    
         840         167   9.99614567E-05  0.340969533      0.304129004    
         860         166   9.99618496E-05  0.334979653      0.299923450    
         880         160   9.99707336E-05  0.328975886      0.295682371    
         900         159   9.99844851E-05  0.322851479      0.291461706    
         920         151   9.99723488E-05  0.316810846      0.287303746    
         940         148   9.99820913E-05  0.310635895      0.283203900    
         960         142   9.99640761E-05  0.304498166      0.279084027    
         980         140   9.99955810E-05  0.298351824      0.275057137    
        1000         133   9.99907861E-05  0.292167753      0.271073222    
        1020         130   9.99931653E-05  0.286078513      0.267072320    
        1040         120   9.99683762E-05  0.279955566      0.263093978    
        1060         120   9.99978802E-05  0.273855984      0.259208947    
        1080         120   9.99675467E-05  0.267838925      0.255286723    
        1100         108   9.99692857E-05  0.261870623      0.251299351    
        1120         106   9.99787153E-05  0.255902320      0.247387305    
        1140         102   9.99998520E-05  0.250076979      0.243438229    
        1160         100   9.99615659E-05  0.244260684      0.239425942    
        1180         101   9.99812401E-05  0.238497332      0.235424578    
        1200          99   9.99809563E-05  0.232844412      0.231408179    
        1220          93   9.99790063E-05  0.227275237      0.227324799    
        1240          93   9.99627882E-05  0.221736684      0.223188192    
        1260          90   9.99751137E-05  0.216274738      0.219054163    
        1280          87   9.99794065E-05  0.210934207      0.214882270    
        1300          85   9.99790282E-05  0.205656216      0.210650116    
        1320          83   9.99725526E-05  0.200454205      0.206398025    
        1340          84   9.99956828E-05  0.195312664      0.202151835    
        1360          85   9.99802869E-05  0.190306351      0.197878197    
        1380          81   9.99794138E-05  0.185399413      0.193559676    
        1400          79   9.99732001E-05  0.180558324      0.189247832    
        1420          78   9.99753320E-05  0.175812468      0.184966519    
        1440          74   9.99746117E-05  0.171153873      0.180670902    
        1460          77   9.99834301E-05  0.166591361      0.176384494    
        1480          73   9.99943441E-05  0.162175715      0.172101378    
        1500          70   9.99831973E-05  0.157831997      0.167865679    
        1520          72   9.99537006E-05  0.153560922      0.163669199    
        1540          71   9.99549011E-05  0.149391010      0.159492597    
        1560          74   9.99561817E-05  0.145292655      0.155348629    
        1580          76   9.99613840E-05  0.141275495      0.151254341    
        1600          72   9.99644253E-05  0.137376726      0.147214308    
        1620          72   9.99959302E-05  0.133570313      0.143220142    
        1640          71   9.99696204E-05  0.129841954      0.139279038    
        1660          75   9.99523108E-05  0.126180932      0.135398582    
        1680          72   9.99780823E-05  0.122622713      0.131569013    
        1700          62   9.99877302E-05  0.119139925      0.127813250    
        1720          56   9.99826152E-05  0.115725651      0.124142811    
        1740          53   9.99885087E-05  0.112382926      0.120544590    
        1760          50   9.99791373E-05  0.109122142      0.117023468    
        1780          48   9.99880431E-05  0.105935507      0.113574371    
        1800          45   9.99991898E-05  0.102824248      0.110205315    
        1820          42   9.99928889E-05   9.97842774E-02  0.106924355    
        1840          39   9.99680051E-05   9.68193188E-02  0.103731908    
        1860          36   9.99733820E-05   9.39297304E-02  0.100620188    
        1880          31   9.99948606E-05   9.11185518E-02   9.75953192E-02
        1900          32   9.99923577E-05   8.83746222E-02   9.46552753E-02
        1920          31   9.99780532E-05   8.57077241E-02   9.17994827E-02
        1940          33   9.99660551E-05   8.31088647E-02   8.90251920E-02
        1960          30   9.99838157E-05   8.05963650E-02   8.63247812E-02
        1980          33   9.99630429E-05   7.81406239E-02   8.37123170E-02
        2000          38   9.99671174E-05   7.57504553E-02   8.11792985E-02
        2020          38   9.99597833E-05   7.34398589E-02   7.87216797E-02
        2040          39   9.99984841E-05   7.11897314E-02   7.63413161E-02
        2060          34   9.99837284E-05   6.90139011E-02   7.40295723E-02
        2080          28   9.99608819E-05   6.69024214E-02   7.17894062E-02
        2100          29   9.99676267E-05   6.48405030E-02   6.96213841E-02
        2120          30   9.99623808E-05   6.28344268E-02   6.75237477E-02
        2140          25   9.99996846E-05   6.08917549E-02   6.54814318E-02
        2160          28   9.99660842E-05   5.89902289E-02   6.35094121E-02
        2180          27   9.99875192E-05   5.71470112E-02   6.15918860E-02
        2200          25   9.99707263E-05   5.53547405E-02   5.97311221E-02
        2220          25   9.99743716E-05   5.36089242E-02   5.79279996E-02
        2240          25   9.99926779E-05   5.19092903E-02   5.61717078E-02
        2260          23   9.99719778E-05   5.02545163E-02   5.44689484E-02
        2280          20   9.99730837E-05   4.86454368E-02   5.28121516E-02
        2300          18   9.99724653E-05   4.70767580E-02   5.12034297E-02
        2320          22   9.99884651E-05   4.55400720E-02   4.96425331E-02
        2340          27   9.99978074E-05   4.40440550E-02   4.81245965E-02
        2360          25   9.99936310E-05   4.25970443E-02   4.66419458E-02
        2380          19   9.99757976E-05   4.11949083E-02   4.51962613E-02
        2400          23   9.99889380E-05   3.98143455E-02   4.37948257E-02
        2420          24   9.99750773E-05   3.84774692E-02   4.24288027E-02
        2440          24   9.99880795E-05   3.71808633E-02   4.10970971E-02
        2460          27   9.99719778E-05   3.59153599E-02   3.97998989E-02
        2480          20   9.99815675E-05   3.47028896E-02   3.85311432E-02
        2500          16   9.99821350E-05   3.35222483E-02   3.72948200E-02
        2520          15   9.99907497E-05   3.23703811E-02   3.60945277E-02
        2540          17   9.99620825E-05   3.12529393E-02   3.49238589E-02
        2560          17   9.99977128E-05   3.01737674E-02   3.37837450E-02
        2580          16   9.99702243E-05   2.91266441E-02   3.26722004E-02
        2600          18   9.99724143E-05   2.81137805E-02   3.15927528E-02
        2620          14   9.99676631E-05   2.71422565E-02   3.05375587E-02
        2640          14   9.99898111E-05   2.62000468E-02   2.95145363E-02
        2660          11   9.99706972E-05   2.52909530E-02   2.85165999E-02
        2680          11   9.99707554E-05   2.44105253E-02   2.75476929E-02
        2700          10   9.99951299E-05   2.35622972E-02   2.66037174E-02
        2720          15   9.99706390E-05   2.27368344E-02   2.56909318E-02
        2740          17   9.99738404E-05   2.19432563E-02   2.48038024E-02
        2760          16   9.99883996E-05   2.11822279E-02   2.39433516E-02
        2780          13   9.99897384E-05   2.04483047E-02   2.31075492E-02
        2800          16   9.99620170E-05   1.97356809E-02   2.22993772E-02
        2820          12   9.99648546E-05   1.90540254E-02   2.15164535E-02
        2840          14   9.99694967E-05   1.83929596E-02   2.07581446E-02
        2860          12   9.99645126E-05   1.77576244E-02   2.00245362E-02
        2880           9   9.99992990E-05   1.71478111E-02   1.93150099E-02
        2900           7   9.99914046E-05   1.65567342E-02   1.86318178E-02
        2920          10   9.99741460E-05   1.59841403E-02   1.79717373E-02
        2940           9   9.99910990E-05   1.54361771E-02   1.73355788E-02
        2960          10   9.99786207E-05   1.49050951E-02   1.67224612E-02
        2980          12   9.99804324E-05   1.43932011E-02   1.61331929E-02
        3000          12   9.99941840E-05   1.39033766E-02   1.55643923E-02
        3020          15   9.99864060E-05   1.34300105E-02   1.50175160E-02
        3040           9   9.99667463E-05   1.29827503E-02   1.44922417E-02
        3060          13   9.99712502E-05   1.25441663E-02   1.39861479E-02
        3080          10   9.99986078E-05   1.21306544E-02   1.34995449E-02
        3100          12   9.99830445E-05   1.17267203E-02   1.30365705E-02
        3120           9   9.99747426E-05   1.13472836E-02   1.25878640E-02
        3140           8   9.99953991E-05   1.09819192E-02   1.21596726E-02
        3160           6   9.99930926E-05   1.06286481E-02   1.17489742E-02
        3180           4   9.99758777E-05   1.02925915E-02   1.13533102E-02
        3200           7   9.99682816E-05   9.96508356E-03   1.09760305E-02
        3220           7   9.99906115E-05   9.65366233E-03   1.06145535E-02
        3240           7   9.99828408E-05   9.35326237E-03   1.02672102E-02
        3260           3   9.99720796E-05   9.06879362E-03   9.93191265E-03
        3280           8   9.99692857E-05   8.78623966E-03   9.61408112E-03
        3300           6   9.99878102E-05   8.52026418E-03   9.30753909E-03
        3320           8   9.99719559E-05   8.26037955E-03   9.01353359E-03
        3340           8   9.99758631E-05   8.00960045E-03   8.72948673E-03
        3360           6   9.99679323E-05   7.77127454E-03   8.45774543E-03
        3380           7   9.99990807E-05   7.53440149E-03   8.19563121E-03
        3400           5   9.99901240E-05   7.30832247E-03   7.94230960E-03
        3420           6   9.99962067E-05   7.08559761E-03   7.69996317E-03
        3440           5   9.99860422E-05   6.87080948E-03   7.46669061E-03
        3460           5   9.99939657E-05   6.66334946E-03   7.24093663E-03
        3480           3   9.99979238E-05   6.46322779E-03   7.02384254E-03
        3500           3   9.99725889E-05   6.26441929E-03   6.81432569E-03
        3520           8   9.99635304E-05   6.06743339E-03   6.61220122E-03
        3540           3   9.99948970E-05   5.88658825E-03   6.41311146E-03
        3560           6   9.99766853E-05   5.70199732E-03   6.22512400E-03
        3580           3   9.99848053E-05   5.52925607E-03   6.03919756E-03
        3600           3   9.99937547E-05   5.35981543E-03   5.86019363E-03
        3620           5   9.99669210E-05   5.19067422E-03   5.68863237E-03
        3640           3   9.99897529E-05   5.03293006E-03   5.51823946E-03
        3660           2   9.99771073E-05   4.87662200E-03   5.35581913E-03
        3680           3   9.99777913E-05   4.72665858E-03   5.19796833E-03
        3700           3   9.99771073E-05   4.57777642E-03   5.04249195E-03
        3720           2   9.99855110E-05   4.43672901E-03   4.89558745E-03
        3740           4   9.99736803E-05   4.29642014E-03   4.74921195E-03
        3760           4   9.99860349E-05   4.16393625E-03   4.60870657E-03
        3780           1   9.99821132E-05   4.03836183E-03   4.47040563E-03
        3800           3   9.99802287E-05   3.91236553E-03   4.33677714E-03
        3820           4   9.99753684E-05   3.79099580E-03   4.20776336E-03
        3840           3   9.99805561E-05   3.67792021E-03   4.08118125E-03
        3860           2   9.99913827E-05   3.57255689E-03   3.95757984E-03
        3880           1   9.99729964E-05   3.46824783E-03   3.83932353E-03
        3900           4   9.99758850E-05   3.36816814E-03   3.72294826E-03
        3920           2   9.99762415E-05   3.27629969E-03   3.61209502E-03
        3940           3   9.99863623E-05   3.18546593E-03   3.50326439E-03
        3960           2   9.99699841E-05   3.09822033E-03   3.39689688E-03
        3980           5   9.99690892E-05   3.01394938E-03   3.29475012E-03
        4000           4   9.99800832E-05   2.93306843E-03   3.19374935E-03
        4020           1   9.99824842E-05   2.85549508E-03   3.09879309E-03
        4040           3   9.99750555E-05   2.77771428E-03   3.00511788E-03
        4060           2   9.99814947E-05   2.70416331E-03   2.91572069E-03
        4080           1   9.99677723E-05   2.63163727E-03   2.82747019E-03
        4100           3   9.99634940E-05   2.56104837E-03   2.74279807E-03
        4120           4   9.99658441E-05   2.49294308E-03   2.66147195E-03
        4140           1   9.99928307E-05   2.42942479E-03   2.58058240E-03
        4160           3   9.99701879E-05   2.36515352E-03   2.50403071E-03
        4180           1   9.99994227E-05   2.30500987E-03   2.42929533E-03
        4200           2   9.99663025E-05   2.24063685E-03   2.35925592E-03
        4220           2   9.99785625E-05   2.18457729E-03   2.28933990E-03
        4240           2   9.99812983E-05   2.12660199E-03   2.22351495E-03
        4260           1   9.99809490E-05   2.07162625E-03   2.15883227E-03
        4280           1   9.99949916E-05   2.01817718E-03   2.09554378E-03
        4300           3   9.99763724E-05   1.96479633E-03   2.03573494E-03
        4320           3   9.99683543E-05   1.91330654E-03   1.97799155E-03
        4340           2   9.99864642E-05   1.86512037E-03   1.92246633E-03
        4360           1   9.99839904E-05   1.81780499E-03   1.86864240E-03
        4380           1   9.99553231E-05   1.77002850E-03   1.81660010E-03
        4400           2   9.99768527E-05   1.72478729E-03   1.76677282E-03
        4420           1   9.99994954E-05   1.68161793E-03   1.71750551E-03
        4440           1   9.99563126E-05   1.63630373E-03   1.67125487E-03
        4460           1   9.99388431E-05   1.59593194E-03   1.62563170E-03
        4480           1   9.99912299E-05   1.55495608E-03   1.58045965E-03
        4500           1   9.99700569E-05   1.51600409E-03   1.54045923E-03
        4520           2   9.99743861E-05   1.47635525E-03   1.49888708E-03
        4540           1   9.99508411E-05   1.43893133E-03   1.45948608E-03
        4560           1   9.99377371E-05   1.40101463E-03   1.42002921E-03
        4580           1   9.99633849E-05   1.36505568E-03   1.38358749E-03
        4600           1   9.99834811E-05   1.33181759E-03   1.34720071E-03
        4620           1   9.99202675E-05   1.29856146E-03   1.31321989E-03
        4640           1   9.98865435E-05   1.26500917E-03   1.27915968E-03
        4660           1   9.98983305E-05   1.23254163E-03   1.24614092E-03
        4680           1   9.96831368E-05   1.20175653E-03   1.21373753E-03
        4700           1   9.94901202E-05   1.17264083E-03   1.18421065E-03
        4720           1   9.96725721E-05   1.14225305E-03   1.15517422E-03
        4740           1   9.98618925E-05   1.11096934E-03   1.12456176E-03
        4760           1   9.96757226E-05   1.08312140E-03   1.09451462E-03
        4780           1   9.89876062E-05   1.05821108E-03   1.06978056E-03
        4800           1   9.76074443E-05   1.03149924E-03   1.04421692E-03
        4820           1   9.56600779E-05   1.00764004E-03   1.02393026E-03
        4840           1   9.30725946E-05   9.89170745E-04   1.00586470E-03
        4860           1   9.01131280E-05   9.70900641E-04   9.88848391E-04
        4880           1   8.69139913E-05   9.52560687E-04   9.74401133E-04
        4900           1   8.37440748E-05   9.36987752E-04   9.60848352E-04
        4920           1   8.07966790E-05   9.18483245E-04   9.45137872E-04
        4940           1   7.81573399E-05   9.01430787E-04   9.29422386E-04
        4960           1   7.59495160E-05   8.84104054E-04   9.12716787E-04
        4980           1   7.42998745E-05   8.64878704E-04   8.95392150E-04
        5000           1   7.32142871E-05   8.46970477E-04   8.76982231E-04
        5020           1   7.25466234E-05   8.31301208E-04   8.54340440E-04
        5040           1   7.22106051E-05   8.13920575E-04   8.35631799E-04
        5060           1   7.20739481E-05   7.98354216E-04   8.12771788E-04
        5080           1   7.19338568E-05   7.85052718E-04   7.92234030E-04
        5100           1   7.16025243E-05   7.71774736E-04   7.74422602E-04
        5120           1   7.09968153E-05   7.59354501E-04   7.56033813E-04
        5140           1   7.00923119E-05   7.47349695E-04   7.38837465E-04
        5160           1   6.88405416E-05   7.34553149E-04   7.24077167E-04
        5180           1   6.73259492E-05   7.22067372E-04   7.09381769E-04
        5200           1   6.56549746E-05   7.08935666E-04   6.95580093E-04
        5220           1   6.39069403E-05   6.96210016E-04   6.82888611E-04
        5240           1   6.21996078E-05   6.84133440E-04   6.71775837E-04
        5260           1   6.06041467E-05   6.70649053E-04   6.59484009E-04
        5280           1   5.91606404E-05   6.59322890E-04   6.47748588E-04
        5300           1   5.78771360E-05   6.46814529E-04   6.36154669E-04
        5320           1   5.67403331E-05   6.36879471E-04   6.24400680E-04
        5340           1   5.57813546E-05   6.24872046E-04   6.12767704E-04
        5360           1   5.49613032E-05   6.14223594E-04   6.00948930E-04
        5380           1   5.42217822E-05   6.02803018E-04   5.90946584E-04
        5400           1   5.35507570E-05   5.92995028E-04   5.77570463E-04
        5420           1   5.28874880E-05   5.79832005E-04   5.67197043E-04
        5440           1   5.22166265E-05   5.68517135E-04   5.56328974E-04
        5460           1   5.15207685E-05   5.55763720E-04   5.45479998E-04
        5480           1   5.08076919E-05   5.45008807E-04   5.35156170E-04
        5500           1   5.00702990E-05   5.33552375E-04   5.26302611E-04
        5520           1   4.92719118E-05   5.20346628E-04   5.15986583E-04
        5540           1   4.84339180E-05   5.10938233E-04   5.08608297E-04
        5560           1   4.75657580E-05   4.99339891E-04   4.99336398E-04
        5560           1   4.75657580E-05   4.99339891E-04   4.99336398E-04
 Solver: fs        , Convection scheme: uds       
 RE=   1000.00000     , N=          64
 Selected Time scheme:            2
 DT=   7.81250000E-03
 Wall-clock time (s):    97.2893295    
Note: The following floating-point exceptions are signalling: IEEE_UNDERFLOW_FLAG
