 DT=?
          20         566   9.99168769E-05  0.266988516      0.240745962    
          40         264   9.98069445E-05  0.174713835      0.159947559    
          60         198   9.99745025E-05  0.139383569      0.128938735    
          80         148   9.98218820E-05  0.111293897      0.104558848    
         100         112   9.98644900E-05   8.70526806E-02   8.38212967E-02
         120          69   9.95684823E-05   6.64377064E-02   6.57098591E-02
         140          57   9.96820600E-05   4.88465913E-02   5.01032844E-02
         160          59   9.95617665E-05   3.47120985E-02   3.70680951E-02
         180          54   9.96140516E-05   2.40577292E-02   2.63483785E-02
         200          39   9.97500247E-05   1.64622515E-02   1.81264523E-02
         220          24   9.97401148E-05   1.12384334E-02   1.22390585E-02
         240          16   9.95915252E-05   7.68745225E-03   8.21659714E-03
         260          11   9.96769450E-05   5.27376495E-03   5.54911373E-03
         280           7   9.95709997E-05   3.63040366E-03   3.78218060E-03
         300           5   9.99252079E-05   2.50962144E-03   2.59991013E-03
         320           1   9.96168601E-05   1.73989148E-03   1.79685641E-03
         340           4   9.95601877E-05   1.20051485E-03   1.24640856E-03
         360           1   9.97810348E-05   8.33822298E-04   8.63505877E-04
         380           3   9.96252857E-05   5.73300349E-04   5.99875464E-04
         390           3   9.96169838E-05   4.77009686E-04   4.99443966E-04
 Solver: fs        , Convection scheme: uds       
 RE=   1000.00000     , N=          16
 Selected Time scheme:            2
 DT=   9.37500000E-02
 Wall-clock time (s):   0.722252965    
Note: The following floating-point exceptions are signalling: IEEE_UNDERFLOW_FLAG
