 DT=?
          20         164   9.99882395E-05   1.10078275      0.444925696    
          40          93   9.99810582E-05  0.871571481      0.333603173    
          60          41   9.99951881E-05  0.705510497      0.286107689    
          80          45   9.99836266E-05  0.600579619      0.243400037    
         100          29   9.99556796E-05  0.512067556      0.214114085    
         120          23   9.99726617E-05  0.451209277      0.185515478    
         140          31   9.99673066E-05  0.402496248      0.178022429    
         160           8   9.99283584E-05  0.366360217      0.161211088    
         180          21   9.99412878E-05  0.334961265      0.144279152    
         200          23   9.99130934E-05  0.309765488      0.142330512    
         220          41   9.99627227E-05  0.285993963      0.136948973    
         240           7   9.97731549E-05  0.270411402      0.127800420    
         260          23   9.99237964E-05  0.256525427      0.118748061    
         280          12   9.98938340E-05  0.239898115      0.116979949    
         300          15   9.98962787E-05  0.225507036      0.118697658    
         320          10   9.98183750E-05  0.215542495      0.110163026    
         340           4   9.99003605E-05  0.208246037      0.108490728    
         360          12   9.99693511E-05  0.200827494      0.105587631    
         380           9   9.99329277E-05  0.188662305      0.103581838    
         400          13   9.98867108E-05  0.181094348      0.103745662    
         420          10   9.98489486E-05  0.175058156      0.103468381    
         440           5   9.96306553E-05  0.169228688       9.81526896E-02
         460           8   9.99353651E-05  0.163983479       9.81981903E-02
         480           8   9.98405449E-05  0.159187242       9.80880186E-02
         500          15   9.99095355E-05  0.152034521       9.67055559E-02
         520           5   9.99967815E-05  0.146825835       9.55589414E-02
         540           6   9.97193783E-05  0.143455416       9.51731801E-02
         560          11   9.98527321E-05  0.140399486       9.50163081E-02
         580           7   9.98477335E-05  0.137303576       9.30754691E-02
         600           6   9.97850148E-05  0.133364692       9.21802893E-02
         620           6   9.98892356E-05  0.129862726       9.20539051E-02
         640           6   9.97940806E-05  0.126160264       9.25270617E-02
         660           5   9.99097319E-05  0.122755475       9.21056792E-02
         680           5   9.99632975E-05  0.120350793       9.12888423E-02
         700           5   9.98232936E-05  0.118625782       9.02278796E-02
         720           5   9.99939730E-05  0.116720051       8.99333581E-02
         740           5   9.97143288E-05  0.114972256       8.94479752E-02
         760           6   9.97874013E-05  0.112943277       8.95257145E-02
         780           6   9.98352189E-05  0.110962167       8.90230611E-02
         800           4   9.99188269E-05  0.108900189       8.86516422E-02
         820           5   9.98745600E-05  0.107036874       8.85066614E-02
         840           4   9.98704563E-05  0.105632581       8.83669630E-02
         860           5   9.98030810E-05  0.104777507       8.81939828E-02
         880           5   9.97737443E-05  0.104038276       8.76303315E-02
         900           3   9.99701224E-05  0.103169307       8.69216546E-02
         920           4   9.98549585E-05  0.102384523       8.62783566E-02
         940           4   9.99009135E-05  0.101498976       8.62315595E-02
         960           5   9.98141113E-05  0.100435913       8.64686221E-02
         980           4   9.98804535E-05   9.93831977E-02   8.64460170E-02
        1000           5   9.98568576E-05   9.84612331E-02   8.62252563E-02
        1020           4   9.99158510E-05   9.78812799E-02   8.57876614E-02
        1040           3   9.99811891E-05   9.76720601E-02   8.52994174E-02
        1060           4   9.98609175E-05   9.74584371E-02   8.50088671E-02
        1080           4   9.98208561E-05   9.71016362E-02   8.47803280E-02
        1100           3   9.99820768E-05   9.66337323E-02   8.44524354E-02
        1120           4   9.99911135E-05   9.61466730E-02   8.42496306E-02
        1140           5   9.99112599E-05   9.57908779E-02   8.41557160E-02
        1160           4   9.98547912E-05   9.54494253E-02   8.41066390E-02
        1180           4   9.98664982E-05   9.50823799E-02   8.40032920E-02
        1200           4   9.98326868E-05   9.46688280E-02   8.38576406E-02
        1220           3   9.98056494E-05   9.42962989E-02   8.36252123E-02
        1240           4   9.98029573E-05   9.40369740E-02   8.33803341E-02
        1260           4   9.99802432E-05   9.39032808E-02   8.31130892E-02
        1280           3   9.99663753E-05   9.38870683E-02   8.27994868E-02
        1300           2   9.99590484E-05   9.38810557E-02   8.25079158E-02
        1320           3   9.98766263E-05   9.37601849E-02   8.23162571E-02
        1340           5   9.98157484E-05   9.34901908E-02   8.22740197E-02
        1360           4   9.98950491E-05   9.31486189E-02   8.22972432E-02
        1380           2   9.99844051E-05   9.28133652E-02   8.23411718E-02
        1400           3   9.99728145E-05   9.25593451E-02   8.23085383E-02
        1420           3   9.98729520E-05   9.24287066E-02   8.21288601E-02
        1440           2   9.99197000E-05   9.24002454E-02   8.17999765E-02
        1460           4   9.98264659E-05   9.23971161E-02   8.14532563E-02
        1480           2   9.99974873E-05   9.23583806E-02   8.11207220E-02
        1500           3   9.99277763E-05   9.22957361E-02   8.09338093E-02
        1520           2   9.98243777E-05   9.21462923E-02   8.08678120E-02
        1540           3   9.98700198E-05   9.19351503E-02   8.08775127E-02
        1560           3   9.98286487E-05   9.17030722E-02   8.09123665E-02
        1580           4   9.98727410E-05   9.15104374E-02   8.08773115E-02
        1600           3   9.99009135E-05   9.13904831E-02   8.07689205E-02
        1620           3   9.98058968E-05   9.13396403E-02   8.06125849E-02
        1640           3   9.98205796E-05   9.12962258E-02   8.04037452E-02
        1660           3   9.99975309E-05   9.12312791E-02   8.01994279E-02
        1680           2   9.98943797E-05   9.11098570E-02   8.00159350E-02
        1700           3   9.98537653E-05   9.09450427E-02   7.98505992E-02
        1720           3   9.99377589E-05   9.07985270E-02   7.96962827E-02
        1740           3   9.98765099E-05   9.06674638E-02   7.95646459E-02
        1760           3   9.99026088E-05   9.05688405E-02   7.94822425E-02
        1780           3   9.98378309E-05   9.04847458E-02   7.94070214E-02
        1800           3   9.99871409E-05   9.03806090E-02   7.93393850E-02
        1820           4   9.99656986E-05   9.02362615E-02   7.92670548E-02
        1840           4   9.98433825E-05   9.00993645E-02   7.91723058E-02
        1860           3   9.98968681E-05   8.99579376E-02   7.90379345E-02
        1880           3   9.98826144E-05   8.98211524E-02   7.88923502E-02
        1900           2   9.99350959E-05   8.97009298E-02   7.87226707E-02
        1920           3   9.99274271E-05   8.96004215E-02   7.85489157E-02
        1940           3   9.99633412E-05   8.94978568E-02   7.83467889E-02
        1960           4   9.98831238E-05   8.94031897E-02   7.81699121E-02
        1980           3   9.99564581E-05   8.92962068E-02   7.80031681E-02
        2000           3   9.99461263E-05   8.91627148E-02   7.79028833E-02
        2020           3   9.99680196E-05   8.90110433E-02   7.78352916E-02
        2040           3   9.99129188E-05   8.88348967E-02   7.77999163E-02
        2060           2   9.98790056E-05   8.86511654E-02   7.77460784E-02
        2080           3   9.98927208E-05   8.85112360E-02   7.76489154E-02
        2100           3   9.98852556E-05   8.84057507E-02   7.74953067E-02
        2120           3   9.99397816E-05   8.83192271E-02   7.73103461E-02
        2140           2   9.98918622E-05   8.82379413E-02   7.70965368E-02
        2160           2   9.99618715E-05   8.81390646E-02   7.68946111E-02
        2180           2   9.98532487E-05   8.80002975E-02   7.67312124E-02
        2200           3   9.99603508E-05   8.78274515E-02   7.65848309E-02
        2220           2   9.99141121E-05   8.76544863E-02   7.64742792E-02
        2240           2   9.98779506E-05   8.74815434E-02   7.63916150E-02
        2260           3   9.98898686E-05   8.73234048E-02   7.63095990E-02
        2280           2   9.99968179E-05   8.71799365E-02   7.62062073E-02
        2300           3   9.99601398E-05   8.70368630E-02   7.60954618E-02
        2320           3   9.99139666E-05   8.69081765E-02   7.59538710E-02
        2340           2   9.99948534E-05   8.67798552E-02   7.57814720E-02
        2360           3   9.98813775E-05   8.66541192E-02   7.56266415E-02
        2380           2   9.99570329E-05   8.65279585E-02   7.54341483E-02
        2400           3   9.98374089E-05   8.63669887E-02   7.52959624E-02
        2420           2   9.98856922E-05   8.62012431E-02   7.51227438E-02
        2440           2   9.99070107E-05   8.60190317E-02   7.49662519E-02
        2460           2   9.98639080E-05   8.58258307E-02   7.48351291E-02
        2480           3   9.99517360E-05   8.56572464E-02   7.46929348E-02
        2500           4   9.98519463E-05   8.55065659E-02   7.45718554E-02
        2520           2   9.99623226E-05   8.53740945E-02   7.44186863E-02
        2540           3   9.98640171E-05   8.52252245E-02   7.43019879E-02
        2560           3   9.98942996E-05   8.50724354E-02   7.41639584E-02
        2580           2   9.99161057E-05   8.49064365E-02   7.40200207E-02
        2600           2   9.99804397E-05   8.47219676E-02   7.38891587E-02
        2620           3   9.99097392E-05   8.45232680E-02   7.37564862E-02
        2640           3   9.98545293E-05   8.43487531E-02   7.36027956E-02
        2660           2   9.98768010E-05   8.41927677E-02   7.34275877E-02
        2680           2   9.98831238E-05   8.40354264E-02   7.32586235E-02
        2700           2   9.98443575E-05   8.38774666E-02   7.30832145E-02
        2720           3   9.99969780E-05   8.37136433E-02   7.29042813E-02
        2740           2   9.99871409E-05   8.35382864E-02   7.27330297E-02
        2760           2   9.99792028E-05   8.33472535E-02   7.25981072E-02
        2780           3   9.98822943E-05   8.31528604E-02   7.24726915E-02
        2800           3   9.99673721E-05   8.29591975E-02   7.23501667E-02
        2820           3   9.98572577E-05   8.27696770E-02   7.22339377E-02
        2840           2   9.99081531E-05   8.25837255E-02   7.20996335E-02
        2860           3   9.99325930E-05   8.24040025E-02   7.19600171E-02
        2880           2   9.98530959E-05   8.22349414E-02   7.18003437E-02
        2900           2   9.99124532E-05   8.20605606E-02   7.16250464E-02
        2920           3   9.98905598E-05   8.18784088E-02   7.14445710E-02
        2940           2   9.99572003E-05   8.17029476E-02   7.12550506E-02
        2960           3   9.98679316E-05   8.15196931E-02   7.10878000E-02
        2980           2   9.99564145E-05   8.13342407E-02   7.09083825E-02
        3000           3   9.98742107E-05   8.11232850E-02   7.07785636E-02
        3020           3   9.98556206E-05   8.09209049E-02   7.06334710E-02
        3040           2   9.99348995E-05   8.07226300E-02   7.04756826E-02
        3060           2   9.99904587E-05   8.05179402E-02   7.03326315E-02
        3080           2   9.98693868E-05   8.03175122E-02   7.01921061E-02
        3100           2   9.98939577E-05   8.01252350E-02   7.00313970E-02
        3120           3   9.99175900E-05   7.99435154E-02   6.98644370E-02
        3140           2   9.99943732E-05   7.97642842E-02   6.96980506E-02
        3160           3   9.98667456E-05   7.95706138E-02   6.95462599E-02
        3180           2   9.99623226E-05   7.93809593E-02   6.93619326E-02
        3200           3   9.99106851E-05   7.91678429E-02   6.92052692E-02
        3220           2   9.98908217E-05   7.89604858E-02   6.90358207E-02
        3240           2   9.99822587E-05   7.87460431E-02   6.88594580E-02
        3260           2   9.98785326E-05   7.85248131E-02   6.86957613E-02
        3280           3   9.98806572E-05   7.83213526E-02   6.85342178E-02
        3300           2   9.99168406E-05   7.81281963E-02   6.83545917E-02
        3320           1   9.99952463E-05   7.79403374E-02   6.81757107E-02
        3340           1   9.98860851E-05   7.77425393E-02   6.80218339E-02
        3360           1   9.99600743E-05   7.75440633E-02   6.78641945E-02
        3380           1   9.99816839E-05   7.73376077E-02   6.77084699E-02
        3400           2   9.99836193E-05   7.71170631E-02   6.75559118E-02
        3420           1   9.99757613E-05   7.68945739E-02   6.73992336E-02
        3440           1   9.99672920E-05   7.66633078E-02   6.72398508E-02
        3460           3   9.98620962E-05   7.64359459E-02   6.70914203E-02
        3480           3   9.99749536E-05   7.62331039E-02   6.69101402E-02
        3500           2   9.99462936E-05   7.60308281E-02   6.67260438E-02
        3520           2   9.98673786E-05   7.58225173E-02   6.65507317E-02
        3540           2   9.99286640E-05   7.56218061E-02   6.63600564E-02
        3560           3   9.98791729E-05   7.54052848E-02   6.61900043E-02
        3580           2   9.98673277E-05   7.51900971E-02   6.60175830E-02
        3600           2   9.99434997E-05   7.49699250E-02   6.58432320E-02
        3620           1   9.99395634E-05   7.47399926E-02   6.56761155E-02
        3640           1   9.99729455E-05   7.45184720E-02   6.55191764E-02
        3660           1   9.99853000E-05   7.42968768E-02   6.53633401E-02
        3680           2   9.99281619E-05   7.40721077E-02   6.52047843E-02
        3700           1   9.99908516E-05   7.38574564E-02   6.50317222E-02
        3720           3   9.99356707E-05   7.36372024E-02   6.48710281E-02
        3740           3   9.99195981E-05   7.34182894E-02   6.46977648E-02
        3760           1   9.98909600E-05   7.32053667E-02   6.45059869E-02
        3780           2   9.98689793E-05   7.29749054E-02   6.43333644E-02
        3800           2   9.98947362E-05   7.27480426E-02   6.41494989E-02
        3820           2   9.99527911E-05   7.25170448E-02   6.39718175E-02
        3840           3   9.99253025E-05   7.22769722E-02   6.38067499E-02
        3860           2   9.98721589E-05   7.20501840E-02   6.36341050E-02
        3880           2   9.98941468E-05   7.18250424E-02   6.34635463E-02
        3900           3   9.98778414E-05   7.15935826E-02   6.33053705E-02
        3920           1   9.99160839E-05   7.13774860E-02   6.31211996E-02
        3940           2   9.99226104E-05   7.11565167E-02   6.29537925E-02
        3960           2   9.99756812E-05   7.09327310E-02   6.27900138E-02
        3980           1   9.99245676E-05   7.07100630E-02   6.26140982E-02
        4000           1   9.99718104E-05   7.04812482E-02   6.24396130E-02
        4020           1   9.98471151E-05   7.02342317E-02   6.22848161E-02
        4040           2   9.98863470E-05   6.99921250E-02   6.21200502E-02
        4060           1   9.99784097E-05   6.97620884E-02   6.19432367E-02
        4080           2   9.98698742E-05   6.95199370E-02   6.17798194E-02
        4100           2   9.99609038E-05   6.92900643E-02   6.16038963E-02
        4120           1   9.99688928E-05   6.90591037E-02   6.14248849E-02
        4140           2   9.98905380E-05   6.88193664E-02   6.12575337E-02
        4160           2   9.98774995E-05   6.85907975E-02   6.10785745E-02
        4180           2   9.99039767E-05   6.83633387E-02   6.09023832E-02
        4200           2   9.99682525E-05   6.81285486E-02   6.07296489E-02
        4220           2   9.99870244E-05   6.78910688E-02   6.05607145E-02
        4240           1   9.99889235E-05   6.76591247E-02   6.03845455E-02
        4260           3   9.99207987E-05   6.74097016E-02   6.02412149E-02
        4280           1   9.98838586E-05   6.71763122E-02   6.00760169E-02
        4300           1   9.99758558E-05   6.69397265E-02   5.99106438E-02
        4320           2   9.98845935E-05   6.66867644E-02   5.97584806E-02
        4340           3   9.98934847E-05   6.64433762E-02   5.95965460E-02
        4360           3   9.98540345E-05   6.61997348E-02   5.94310649E-02
        4380           2   9.98786709E-05   6.59666881E-02   5.92492595E-02
        4400           3   9.98558316E-05   6.57165572E-02   5.90809919E-02
        4420           2   9.98942705E-05   6.54762909E-02   5.89025766E-02
        4440           2   9.98914329E-05   6.52399659E-02   5.87255992E-02
        4460           2   9.99285039E-05   6.49973452E-02   5.85488789E-02
        4480           2   9.99310505E-05   6.47510514E-02   5.83761819E-02
        4500           2   9.99731637E-05   6.45063594E-02   5.82103729E-02
        4520           2   9.98662363E-05   6.42618537E-02   5.80483638E-02
        4540           2   9.98907199E-05   6.40178919E-02   5.78914993E-02
        4560           1   9.99320109E-05   6.37881309E-02   5.77192418E-02
        4580           2   9.98603209E-05   6.35454059E-02   5.75634614E-02
        4600           3   9.98751202E-05   6.32961616E-02   5.74103147E-02
        4620           1   9.99500116E-05   6.30645752E-02   5.72307520E-02
        4640           2   9.98602918E-05   6.28114715E-02   5.70792556E-02
        4660           1   9.99893382E-05   6.25777617E-02   5.69002703E-02
        4680           2   9.99593613E-05   6.23240173E-02   5.67419678E-02
        4700           1   9.99979311E-05   6.20784983E-02   5.65706529E-02
        4720           3   9.98660398E-05   6.18069991E-02   5.64252250E-02
        4740           1   9.99070689E-05   6.15746453E-02   5.62447608E-02
        4760           1   9.99573094E-05   6.13287315E-02   5.60773686E-02
        4780           2   9.99124386E-05   6.10734113E-02   5.59241101E-02
        4800           1   9.99807235E-05   6.08401000E-02   5.57457954E-02
        4820           2   9.99189360E-05   6.05820753E-02   5.55959046E-02
        4840           2   9.98903342E-05   6.03381060E-02   5.54362759E-02
        4860           1   9.99098556E-05   6.01088181E-02   5.52639663E-02
        4880           1   9.98232208E-05   5.98636232E-02   5.51109314E-02
        4900           1   9.99683834E-05   5.96248358E-02   5.49443178E-02
        4920           2   9.99027106E-05   5.93726747E-02   5.47940396E-02
        4940           2   9.99276672E-05   5.91291673E-02   5.46351187E-02
        4960           2   9.99261756E-05   5.88811301E-02   5.44804633E-02
        4980           1   9.98446558E-05   5.86277582E-02   5.43264188E-02
        5000           2   9.98649339E-05   5.83726391E-02   5.41734174E-02
        5020           1   9.99363692E-05   5.81310727E-02   5.40085174E-02
        5040           2   9.98886244E-05   5.78756966E-02   5.38558103E-02
        5060           2   9.99435288E-05   5.76371253E-02   5.36910146E-02
        5080           2   9.99755212E-05   5.73963039E-02   5.35261817E-02
        5100           2   9.99656550E-05   5.71549721E-02   5.33619039E-02
        5120           1   9.99056574E-05   5.69110848E-02   5.31963110E-02
        5140           1   9.98837058E-05   5.66661432E-02   5.30346893E-02
        5160           2   9.99248223E-05   5.64235970E-02   5.28773293E-02
        5180           2   9.98994074E-05   5.61767034E-02   5.27267903E-02
        5200           1   9.98148971E-05   5.59399650E-02   5.25636487E-02
        5220           1   9.99903059E-05   5.57015166E-02   5.24038188E-02
        5240           2   9.99220210E-05   5.54499514E-02   5.22594824E-02
        5260           1   9.98648829E-05   5.52086718E-02   5.21048829E-02
        5280           1   9.99453769E-05   5.49687110E-02   5.19515872E-02
        5300           1   9.99466574E-05   5.47246225E-02   5.17969728E-02
        5320           1   9.98989781E-05   5.44804968E-02   5.16459085E-02
        5340           2   9.99057520E-05   5.42349592E-02   5.14921434E-02
        5360           1   9.99542171E-05   5.39987460E-02   5.13272658E-02
        5380           1   9.98181131E-05   5.37495352E-02   5.11750169E-02
        5400           1   9.98774121E-05   5.35137244E-02   5.10122478E-02
        5420           1   9.99089316E-05   5.32766283E-02   5.08515947E-02
        5440           2   9.99367840E-05   5.30360527E-02   5.06889373E-02
        5460           1   9.98442774E-05   5.27922362E-02   5.05330004E-02
        5480           2   9.98806281E-05   5.25490306E-02   5.03776446E-02
        5500           1   9.99593758E-05   5.23221083E-02   5.02120554E-02
        5520           2   9.99566910E-05   5.20782210E-02   5.00611588E-02
        5540           1   9.99552503E-05   5.18461317E-02   4.98989038E-02
        5560           1   9.98471296E-05   5.16013689E-02   4.97514047E-02
        5580           1   9.99221011E-05   5.13700694E-02   4.95924838E-02
        5600           1   9.99755212E-05   5.11399694E-02   4.94338498E-02
        5620           1   9.99807526E-05   5.09084687E-02   4.92749624E-02
        5640           1   9.98497562E-05   5.06754071E-02   4.91202436E-02
        5660           2   9.99339463E-05   5.04385754E-02   4.89652157E-02
        5680           1   9.99964686E-05   5.02137616E-02   4.87994812E-02
        5700           1   9.98025353E-05   4.99718413E-02   4.86481898E-02
        5720           1   9.99996118E-05   4.97399196E-02   4.84856032E-02
        5740           2   9.98804244E-05   4.94938754E-02   4.83352654E-02
        5760           2   9.99011463E-05   4.92605940E-02   4.81733456E-02
        5780           2   9.99461699E-05   4.90261465E-02   4.80122790E-02
        5800           1   9.99993063E-05   4.88062352E-02   4.78401631E-02
        5820           1   9.99540280E-05   4.85721491E-02   4.76814471E-02
        5840           1   9.99440599E-05   4.83365804E-02   4.75257672E-02
        5860           1   9.98015457E-05   4.81016152E-02   4.73693274E-02
        5880           1   9.99488766E-05   4.78821509E-02   4.72055264E-02
        5900           1   9.99341355E-05   4.76620123E-02   4.70397174E-02
        5920           2   9.98984760E-05   4.74270508E-02   4.68891710E-02
        5940           2   9.99318072E-05   4.72061634E-02   4.67279963E-02
        5960           1   9.98362302E-05   4.69804592E-02   4.65671644E-02
        5980           2   9.98741816E-05   4.67537679E-02   4.64095175E-02
        6000           1   9.99950207E-05   4.65406887E-02   4.62377183E-02
        6020           1   9.99616968E-05   4.63101715E-02   4.60810103E-02
        6040           2   9.99211479E-05   4.60782759E-02   4.59241942E-02
        6060           1   9.99056938E-05   4.58629429E-02   4.57596071E-02
        6080           1   9.99858603E-05   4.56405543E-02   4.55923453E-02
        6100           1   9.98083706E-05   4.54183258E-02   4.54246216E-02
        6120           1   9.99901458E-05   4.51955460E-02   4.52562571E-02
        6140           1   9.98879768E-05   4.49721962E-02   4.50893827E-02
        6160           1   9.99530967E-05   4.47467640E-02   4.49260585E-02
        6180           1   9.97453826E-05   4.45203073E-02   4.47645485E-02
        6200           2   9.98995602E-05   4.42950241E-02   4.46055867E-02
        6220           1   9.99014956E-05   4.40827198E-02   4.44355048E-02
        6240           1   9.99228796E-05   4.38680537E-02   4.42679077E-02
        6260           1   9.97853858E-05   4.36401516E-02   4.41114679E-02
        6280           1   9.98647229E-05   4.34259623E-02   4.39460054E-02
        6300           1   9.97720927E-05   4.32124957E-02   4.37804274E-02
        6320           1   9.98322794E-05   4.30013277E-02   4.36176807E-02
        6340           1   9.99954209E-05   4.27994393E-02   4.34425324E-02
        6360           1   9.98918767E-05   4.25833873E-02   4.32793275E-02
        6380           1   9.97993848E-05   4.23662439E-02   4.31151800E-02
        6400           2   9.98811811E-05   4.21470664E-02   4.29515094E-02
        6420           1   9.97500028E-05   4.19410951E-02   4.27780636E-02
        6440           1   9.97473180E-05   4.17324305E-02   4.26051244E-02
        6460           1   9.98909527E-05   4.15241197E-02   4.24326919E-02
        6480           1   9.98056348E-05   4.13106382E-02   4.22609001E-02
        6500           1   9.98651376E-05   4.10980023E-02   4.20910083E-02
        6520           1   9.98076430E-05   4.08834480E-02   4.19226252E-02
        6540           2   9.99331460E-05   4.06674594E-02   4.17564102E-02
        6560           1   9.96638119E-05   4.04669568E-02   4.15812619E-02
        6580           1   9.95340306E-05   4.02524546E-02   4.14170809E-02
        6600           1   9.98857358E-05   4.00510244E-02   4.12462391E-02
        6620           1   9.98386677E-05   3.98471057E-02   4.10755984E-02
        6640           1   9.96172384E-05   3.96329314E-02   4.09155898E-02
        6660           1   9.97645839E-05   3.94290872E-02   4.07452248E-02
        6680           1   9.95137962E-05   3.92291658E-02   4.05746698E-02
        6700           1   9.97362149E-05   3.90253142E-02   4.04065289E-02
        6720           1   9.99251570E-05   3.88357118E-02   4.02290151E-02
        6740           1   9.93969370E-05   3.86338346E-02   4.00599390E-02
        6760           1   9.93615249E-05   3.84308323E-02   3.98926325E-02
        6780           1   9.93714420E-05   3.82391065E-02   3.97163965E-02
        6800           1   9.92081332E-05   3.80332805E-02   3.95496525E-02
        6820           1   9.87628227E-05   3.78414579E-02   3.93732265E-02
        6840           1   9.94925285E-05   3.76440175E-02   3.91971245E-02
        6860           1   9.87609965E-05   3.74365784E-02   3.90316732E-02
        6880           1   9.73203933E-05   3.72431315E-02   3.88580523E-02
        6900           1   9.73421411E-05   3.70459668E-02   3.86850610E-02
        6920           1   9.80297118E-05   3.68527882E-02   3.85088548E-02
        6940           1   9.82503334E-05   3.66600491E-02   3.83330882E-02
        6960           1   9.76705414E-05   3.64626758E-02   3.81636992E-02
        6980           1   9.68405075E-05   3.62637565E-02   3.79952043E-02
        7000           1   9.62181657E-05   3.60696539E-02   3.78247499E-02
        7020           1   9.56825024E-05   3.58806178E-02   3.76554616E-02
        7040           1   9.50660324E-05   3.56961824E-02   3.74858230E-02
        7060           1   9.43784689E-05   3.55075859E-02   3.73188034E-02
        7080           1   9.36224387E-05   3.53149325E-02   3.71510983E-02
        7100           1   9.29447051E-05   3.51259559E-02   3.69822644E-02
        7120           1   9.24401756E-05   3.49450670E-02   3.68058830E-02
        7140           1   9.21449537E-05   3.47652361E-02   3.66324484E-02
        7160           1   9.20004313E-05   3.45815159E-02   3.64613533E-02
        7180           1   9.19551530E-05   3.43908295E-02   3.62933539E-02
        7200           1   9.16905556E-05   3.42033133E-02   3.61214429E-02
        7220           1   9.11438838E-05   3.40220816E-02   3.59473638E-02
        7240           1   9.04532353E-05   3.38413566E-02   3.57737392E-02
        7260           1   8.96204074E-05   3.36603336E-02   3.55984457E-02
        7280           1   8.87357673E-05   3.34771872E-02   3.54277492E-02
        7300           1   8.80447624E-05   3.32928896E-02   3.52564827E-02
        7320           1   8.75588739E-05   3.31138223E-02   3.50844041E-02
        7340           1   8.72644086E-05   3.29366401E-02   3.49097699E-02
        7360           1   8.70548174E-05   3.27598937E-02   3.47348154E-02
        7380           1   8.68828211E-05   3.25835571E-02   3.45673412E-02
        7400           1   8.66790506E-05   3.24055366E-02   3.43999267E-02
        7420           1   8.62069355E-05   3.22269872E-02   3.42335962E-02
        7440           1   8.55114413E-05   3.20528783E-02   3.40690985E-02
        7460           1   8.47241972E-05   3.18816677E-02   3.39011922E-02
        7480           1   8.40778084E-05   3.17100212E-02   3.37333977E-02
        7500           1   8.35239553E-05   3.15397009E-02   3.35653611E-02
        7520           1   8.30608406E-05   3.13699841E-02   3.33977416E-02
        7540           1   8.26535907E-05   3.12004574E-02   3.32304463E-02
        7560           1   8.21944268E-05   3.10328938E-02   3.30623016E-02
        7580           1   8.18979097E-05   3.08657102E-02   3.28934640E-02
        7600           1   8.17551918E-05   3.06962673E-02   3.27251069E-02
        7620           1   8.15775056E-05   3.05290185E-02   3.25564519E-02
        7640           1   8.12631552E-05   3.03608179E-02   3.23876143E-02
        7660           1   8.07133983E-05   3.01936772E-02   3.22200283E-02
        7680           1   7.99586560E-05   3.00267600E-02   3.20536569E-02
        7700           1   7.91279963E-05   2.98594441E-02   3.18874344E-02
        7720           1   7.84934164E-05   2.96938270E-02   3.17180082E-02
        7740           1   7.80589107E-05   2.95300931E-02   3.15493345E-02
        7760           1   7.78079047E-05   2.93643828E-02   3.13837156E-02
        7780           1   7.75652079E-05   2.91992016E-02   3.12185660E-02
        7800           1   7.72734493E-05   2.90358439E-02   3.10536865E-02
        7820           1   7.68972095E-05   2.88734250E-02   3.08908112E-02
        7840           1   7.65372242E-05   2.87139826E-02   3.07281483E-02
        7860           1   7.61022748E-05   2.85526346E-02   3.05678137E-02
        7880           1   7.55893052E-05   2.83921435E-02   3.04070655E-02
        7900           1   7.49813407E-05   2.82348562E-02   3.02453954E-02
        7920           1   7.43884739E-05   2.80791260E-02   3.00857015E-02
        7940           1   7.38304516E-05   2.79235709E-02   2.99239550E-02
        7960           1   7.34413261E-05   2.77702417E-02   2.97626238E-02
        7980           1   7.31600958E-05   2.76176874E-02   2.96014845E-02
        8000           1   7.29564636E-05   2.74628345E-02   2.94409227E-02
        8020           1   7.27394508E-05   2.73097567E-02   2.92810556E-02
        8040           1   7.24553174E-05   2.71569062E-02   2.91188639E-02
        8060           1   7.20978205E-05   2.70055216E-02   2.89576296E-02
        8080           1   7.16815121E-05   2.68543940E-02   2.87966467E-02
        8100           1   7.11920147E-05   2.67028585E-02   2.86356360E-02
        8120           1   7.06155188E-05   2.65532229E-02   2.84772962E-02
        8140           1   7.00255987E-05   2.63992772E-02   2.83181239E-02
        8160           1   6.95126655E-05   2.62511484E-02   2.81582791E-02
        8180           1   6.91345704E-05   2.61013899E-02   2.79987641E-02
        8200           1   6.88386426E-05   2.59526316E-02   2.78442260E-02
        8220           1   6.86005587E-05   2.58028358E-02   2.76886299E-02
        8240           1   6.84102270E-05   2.56562959E-02   2.75344942E-02
        8260           1   6.80815065E-05   2.55100224E-02   2.73821652E-02
        8280           1   6.76551717E-05   2.53639277E-02   2.72295196E-02
        8300           1   6.71799935E-05   2.52206679E-02   2.70776991E-02
        8320           1   6.66564301E-05   2.50770822E-02   2.69265305E-02
        8340           1   6.62060338E-05   2.49346383E-02   2.67743301E-02
        8360           1   6.57618875E-05   2.47956142E-02   2.66209207E-02
        8380           1   6.53607131E-05   2.46545430E-02   2.64707599E-02
        8400           1   6.50559377E-05   2.45139766E-02   2.63179690E-02
        8420           1   6.48152345E-05   2.43759472E-02   2.61666756E-02
        8440           1   6.46169210E-05   2.42365282E-02   2.60152239E-02
        8460           1   6.44260290E-05   2.40965113E-02   2.58626528E-02
        8480           1   6.41414299E-05   2.39581931E-02   2.57113148E-02
        8500           1   6.37720659E-05   2.38202624E-02   2.55640838E-02
        8520           1   6.33425952E-05   2.36792956E-02   2.54125781E-02
        8540           1   6.28423441E-05   2.35416181E-02   2.52653528E-02
        8560           1   6.23795713E-05   2.34052185E-02   2.51169056E-02
        8580           1   6.19181374E-05   2.32677311E-02   2.49686372E-02
        8600           1   6.15157624E-05   2.31292378E-02   2.48230100E-02
        8620           1   6.11930227E-05   2.29944102E-02   2.46800724E-02
        8640           1   6.09928902E-05   2.28584707E-02   2.45351419E-02
        8660           1   6.07316215E-05   2.27226894E-02   2.43930668E-02
        8680           1   6.05209425E-05   2.25906596E-02   2.42514201E-02
        8700           1   6.01895590E-05   2.24586837E-02   2.41115820E-02
        8720           1   5.97773214E-05   2.23271046E-02   2.39713248E-02
        8740           1   5.93223631E-05   2.21957918E-02   2.38317735E-02
        8760           1   5.89258452E-05   2.20657326E-02   2.36933883E-02
        8780           1   5.85372181E-05   2.19386425E-02   2.35534012E-02
        8800           1   5.82010616E-05   2.18109414E-02   2.34147068E-02
        8820           1   5.79505504E-05   2.16840822E-02   2.32742019E-02
        8840           1   5.77042447E-05   2.15573106E-02   2.31366940E-02
        8860           1   5.74677651E-05   2.14301031E-02   2.29974557E-02
        8880           1   5.73099096E-05   2.13028193E-02   2.28588860E-02
        8900           1   5.71135533E-05   2.11786497E-02   2.27209665E-02
        8920           1   5.67902571E-05   2.10515223E-02   2.25855857E-02
        8940           1   5.64252696E-05   2.09249966E-02   2.24469565E-02
        8960           1   5.60471708E-05   2.07997020E-02   2.23129317E-02
        8980           1   5.55966290E-05   2.06749421E-02   2.21762322E-02
        9000           1   5.51974117E-05   2.05504652E-02   2.20425911E-02
        9020           1   5.48547468E-05   2.04268601E-02   2.19071619E-02
        9040           1   5.45415023E-05   2.03040726E-02   2.17752736E-02
        9060           1   5.43190254E-05   2.01807041E-02   2.16461718E-02
        9080           1   5.40792280E-05   2.00603679E-02   2.15160269E-02
        9100           1   5.38789354E-05   1.99397691E-02   2.13890970E-02
        9120           1   5.36306470E-05   1.98199376E-02   2.12605689E-02
        9140           1   5.33299790E-05   1.97003540E-02   2.11361125E-02
        9160           1   5.29969875E-05   1.95835028E-02   2.10104324E-02
        9180           1   5.26180447E-05   1.94662679E-02   2.08848827E-02
        9200           1   5.22709634E-05   1.93488002E-02   2.07602903E-02
        9220           1   5.19999958E-05   1.92319397E-02   2.06355024E-02
        9240           1   5.17461558E-05   1.91191565E-02   2.05099713E-02
        9260           1   5.15201682E-05   1.90050378E-02   2.03842167E-02
        9280           1   5.13843843E-05   1.88883506E-02   2.02588998E-02
        9300           1   5.11766048E-05   1.87768377E-02   2.01347321E-02
        9320           1   5.09568345E-05   1.86625980E-02   2.00129729E-02
        9340           1   5.07505829E-05   1.85508262E-02   1.98886674E-02
        9360           1   5.04829986E-05   1.84364635E-02   1.97666008E-02
        9380           1   5.01218783E-05   1.83235649E-02   1.96441878E-02
        9400           1   4.97715373E-05   1.82112493E-02   1.95231717E-02
        9420           1   4.93927400E-05   1.80963427E-02   1.94051322E-02
        9440           1   4.90771417E-05   1.79881118E-02   1.92857664E-02
        9460           1   4.88281585E-05   1.78757031E-02   1.91687699E-02
        9480           1   4.85789424E-05   1.77649911E-02   1.90520082E-02
        9500           1   4.83748299E-05   1.76571310E-02   1.89360417E-02
        9520           1   4.82056494E-05   1.75509062E-02   1.88235212E-02
        9540           1   4.79890950E-05   1.74416918E-02   1.87102370E-02
        9560           1   4.77281792E-05   1.73349380E-02   1.85989160E-02
        9580           1   4.74950903E-05   1.72327161E-02   1.84860919E-02
        9600           1   4.71856183E-05   1.71266161E-02   1.83740575E-02
        9620           1   4.69080114E-05   1.70223508E-02   1.82638410E-02
        9640           1   4.66562633E-05   1.69195738E-02   1.81503836E-02
        9660           1   4.64274308E-05   1.68192200E-02   1.80388521E-02
        9680           1   4.61830496E-05   1.67160630E-02   1.79278348E-02
        9700           1   4.60619849E-05   1.66156702E-02   1.78183503E-02
        9720           1   4.59243311E-05   1.65131949E-02   1.77067146E-02
        9740           1   4.57556816E-05   1.64116062E-02   1.75966211E-02
        9760           1   4.55452064E-05   1.63102895E-02   1.74880922E-02
        9780           1   4.52811655E-05   1.62093695E-02   1.73802543E-02
        9800           1   4.49929030E-05   1.61096659E-02   1.72719657E-02
        9820           1   4.47468810E-05   1.60083082E-02   1.71657018E-02
        9840           1   4.44222424E-05   1.59100555E-02   1.70587152E-02
        9860           1   4.40724507E-05   1.58094503E-02   1.69549994E-02
        9880           1   4.37824383E-05   1.57114901E-02   1.68504696E-02
        9900           1   4.35850452E-05   1.56143056E-02   1.67470742E-02
        9920           1   4.34474532E-05   1.55171882E-02   1.66448615E-02
        9940           1   4.32887718E-05   1.54216727E-02   1.65445916E-02
        9960           1   4.30910331E-05   1.53270662E-02   1.64442286E-02
        9980           1   4.28624262E-05   1.52318235E-02   1.63468178E-02
       10000           1   4.26518382E-05   1.51388319E-02   1.62469056E-02
       10020           1   4.24193313E-05   1.50478045E-02   1.61487348E-02
       10040           1   4.22226840E-05   1.49552347E-02   1.60511341E-02
       10060           1   4.20020915E-05   1.48640294E-02   1.59528069E-02
       10080           1   4.17423689E-05   1.47737078E-02   1.58551149E-02
       10100           1   4.15372851E-05   1.46841481E-02   1.57586727E-02
       10120           1   4.14270180E-05   1.45925852E-02   1.56605914E-02
       10140           1   4.13035523E-05   1.45033952E-02   1.55621599E-02
       10160           1   4.11150249E-05   1.44132590E-02   1.54670374E-02
       10180           1   4.09118402E-05   1.43247405E-02   1.53714577E-02
       10200           1   4.06758954E-05   1.42334066E-02   1.52751030E-02
       10220           1   4.04510392E-05   1.41450521E-02   1.51798315E-02
       10240           1   4.01930884E-05   1.40567124E-02   1.50851179E-02
       10260           1   3.99102137E-05   1.39689445E-02   1.49928741E-02
       10280           1   3.96314899E-05   1.38807027E-02   1.49028096E-02
       10300           1   3.94094932E-05   1.37935299E-02   1.48111992E-02
       10320           1   3.91729300E-05   1.37047935E-02   1.47205787E-02
       10340           1   3.90116547E-05   1.36200851E-02   1.46311801E-02
       10360           1   3.88708213E-05   1.35365035E-02   1.45416399E-02
       10380           1   3.86793072E-05   1.34520642E-02   1.44565450E-02
       10400           1   3.85548301E-05   1.33686187E-02   1.43681020E-02
       10420           1   3.83491679E-05   1.32873608E-02   1.42828114E-02
       10440           1   3.81080499E-05   1.32034449E-02   1.41950119E-02
       10460           1   3.78718069E-05   1.31221674E-02   1.41098564E-02
       10480           1   3.76887328E-05   1.30416397E-02   1.40232071E-02
       10500           1   3.74745578E-05   1.29627585E-02   1.39395418E-02
       10520           1   3.73173025E-05   1.28829740E-02   1.38524212E-02
       10540           1   3.71731003E-05   1.28028886E-02   1.37670562E-02
       10560           1   3.70314920E-05   1.27228554E-02   1.36806788E-02
       10580           1   3.69130903E-05   1.26436064E-02   1.35973133E-02
       10600           1   3.67119719E-05   1.25626000E-02   1.35124251E-02
       10620           1   3.65022461E-05   1.24853775E-02   1.34289712E-02
       10640           1   3.63118488E-05   1.24049457E-02   1.33442124E-02
       10660           1   3.60626618E-05   1.23251295E-02   1.32632181E-02
       10680           1   3.58115649E-05   1.22474935E-02   1.31811853E-02
       10700           1   3.55857846E-05   1.21688237E-02   1.31029021E-02
       10720           1   3.53026844E-05   1.20911067E-02   1.30214849E-02
       10740           1   3.51256385E-05   1.20145855E-02   1.29437977E-02
       10760           1   3.49796683E-05   1.19382199E-02   1.28650414E-02
       10780           1   3.48502836E-05   1.18635558E-02   1.27871139E-02
       10800           1   3.47052373E-05   1.17898723E-02   1.27107743E-02
       10820           1   3.45150293E-05   1.17149614E-02   1.26347570E-02
       10840           1   3.43532301E-05   1.16424896E-02   1.25573948E-02
       10860           1   3.41482482E-05   1.15701733E-02   1.24807796E-02
       10880           1   3.40095066E-05   1.14978002E-02   1.24068856E-02
       10900           1   3.37812817E-05   1.14262318E-02   1.23303719E-02
       10920           1   3.35266159E-05   1.13532497E-02   1.22561688E-02
       10940           1   3.34126707E-05   1.12826908E-02   1.21811461E-02
       10960           1   3.32794261E-05   1.12130642E-02   1.21050384E-02
       10980           1   3.31716583E-05   1.11398734E-02   1.20311053E-02
       11000           1   3.30356561E-05   1.10691376E-02   1.19555825E-02
       11020           1   3.28822352E-05   1.09999757E-02   1.18815778E-02
       11040           1   3.26918889E-05   1.09275961E-02   1.18076457E-02
       11060           1   3.25072397E-05   1.08570531E-02   1.17349373E-02
       11080           1   3.22645064E-05   1.07879145E-02   1.16620651E-02
       11100           1   3.20832587E-05   1.07177291E-02   1.15900878E-02
       11120           1   3.18480816E-05   1.06476629E-02   1.15194609E-02
       11140           1   3.16293917E-05   1.05788056E-02   1.14487400E-02
       11160           1   3.14306999E-05   1.05100106E-02   1.13793388E-02
       11180           1   3.12999073E-05   1.04412213E-02   1.13099841E-02
       11200           1   3.11426229E-05   1.03746029E-02   1.12420917E-02
       11220           1   3.09951211E-05   1.03082480E-02   1.11736869E-02
       11240           1   3.08766830E-05   1.02415103E-02   1.11066625E-02
       11260           1   3.07089031E-05   1.01760468E-02   1.10397683E-02
       11280           1   3.05371323E-05   1.01111028E-02   1.09719150E-02
       11300           1   3.03696252E-05   1.00461645E-02   1.09053263E-02
       11320           1   3.01899872E-05   9.98407044E-03   1.08383344E-02
       11340           1   3.00166776E-05   9.91866365E-03   1.07733561E-02
       11360           1   2.99339335E-05   9.85576771E-03   1.07054627E-02
       11380           1   2.97169972E-05   9.79365222E-03   1.06400726E-02
       11400           1   2.95860646E-05   9.72948223E-03   1.05729336E-02
       11420           1   2.94831443E-05   9.66439396E-03   1.05058001E-02
       11440           1   2.93473513E-05   9.60314926E-03   1.04400851E-02
       11460           1   2.92321838E-05   9.53995995E-03   1.03740487E-02
       11480           1   2.90125809E-05   9.47694387E-03   1.03108278E-02
       11500           1   2.88113079E-05   9.41313244E-03   1.02454526E-02
       11520           1   2.86483428E-05   9.35007911E-03   1.01825446E-02
       11540           1   2.84401376E-05   9.28764977E-03   1.01195388E-02
       11560           1   2.82881429E-05   9.22473893E-03   1.00590689E-02
       11580           1   2.80767545E-05   9.16504022E-03   9.99472849E-03
       11600           1   2.79020314E-05   9.10368934E-03   9.93518159E-03
       11620           1   2.77896997E-05   9.04371496E-03   9.87454690E-03
       11640           1   2.76800838E-05   8.98150355E-03   9.81456228E-03
       11660           1   2.75093644E-05   8.92316271E-03   9.75475553E-03
       11680           1   2.73767437E-05   8.86586960E-03   9.69353132E-03
       11700           1   2.71983754E-05   8.80673435E-03   9.63524915E-03
       11720           1   2.70591972E-05   8.75088666E-03   9.57544334E-03
       11740           1   2.69540506E-05   8.69272090E-03   9.51502286E-03
       11760           1   2.67716823E-05   8.63735471E-03   9.45671927E-03
       11780           1   2.66337720E-05   8.58066045E-03   9.39758494E-03
       11800           1   2.65297294E-05   8.52316990E-03   9.33666807E-03
       11820           1   2.63749262E-05   8.46593361E-03   9.27763339E-03
       11840           1   2.62506819E-05   8.41145590E-03   9.21841059E-03
       11860           1   2.61509958E-05   8.35410599E-03   9.16095823E-03
       11880           1   2.59959597E-05   8.29762872E-03   9.10288841E-03
       11900           1   2.58178752E-05   8.24050792E-03   9.04470030E-03
       11920           1   2.56964431E-05   8.18319805E-03   8.98788963E-03
       11940           1   2.54953575E-05   8.12823884E-03   8.93228594E-03
       11960           1   2.52831105E-05   8.07321444E-03   8.87513533E-03
       11980           1   2.51233287E-05   8.01673718E-03   8.81980732E-03
       12000           1   2.49790337E-05   7.96213467E-03   8.76469631E-03
       12020           1   2.48399192E-05   7.90693425E-03   8.71094689E-03
       12040           1   2.47146800E-05   7.85343070E-03   8.65600817E-03
       12060           1   2.46044037E-05   7.80061539E-03   8.60165805E-03
       12080           1   2.44575240E-05   7.74888229E-03   8.54798127E-03
       12100           1   2.43679624E-05   7.69825885E-03   8.49394314E-03
       12120           1   2.42084916E-05   7.64409453E-03   8.44315533E-03
       12140           1   2.40644058E-05   7.59339659E-03   8.38883687E-03
       12160           1   2.38914417E-05   7.54232425E-03   8.33602995E-03
       12180           1   2.37831955E-05   7.49087892E-03   8.28169100E-03
       12200           1   2.36921169E-05   7.44139822E-03   8.22930876E-03
       12220           1   2.35949901E-05   7.39077572E-03   8.17582291E-03
       12240           1   2.34366853E-05   7.34169222E-03   8.12290981E-03
       12260           1   2.33468381E-05   7.29063991E-03   8.06947052E-03
       12280           1   2.32105285E-05   7.24037597E-03   8.01606476E-03
       12300           1   2.30821606E-05   7.19072204E-03   7.96474982E-03
       12320           1   2.29319376E-05   7.13858008E-03   7.91388378E-03
       12340           1   2.27847886E-05   7.09006609E-03   7.86182750E-03
       12360           1   2.26118864E-05   7.04135280E-03   7.81088974E-03
       12380           1   2.24538308E-05   6.99158572E-03   7.76082790E-03
       12400           1   2.23374445E-05   6.94261305E-03   7.70960934E-03
       12420           1   2.21494047E-05   6.89399382E-03   7.66154239E-03
       12440           1   2.20531092E-05   6.84462581E-03   7.61313364E-03
       12460           1   2.19660942E-05   6.79623289E-03   7.56434351E-03
       12480           1   2.18245095E-05   6.75058318E-03   7.51541508E-03
       12500           1   2.17127126E-05   6.70462614E-03   7.46831717E-03
       12520           1   2.15935270E-05   6.65916922E-03   7.42132356E-03
       12540           1   2.14739830E-05   6.61316281E-03   7.37213483E-03
       12560           1   2.13381390E-05   6.56673452E-03   7.32707931E-03
       12580           1   2.12372051E-05   6.52423967E-03   7.27641117E-03
       12600           1   2.11177139E-05   6.47889636E-03   7.22873583E-03
       12620           1   2.10254839E-05   6.43538171E-03   7.18068099E-03
       12640           1   2.09595473E-05   6.38886634E-03   7.13274488E-03
       12660           1   2.08505280E-05   6.34725578E-03   7.08474312E-03
       12680           1   2.07264020E-05   6.30075252E-03   7.03849643E-03
       12700           1   2.05824163E-05   6.25642808E-03   6.98995171E-03
       12720           1   2.04555090E-05   6.21318351E-03   6.94359280E-03
       12740           1   2.03358832E-05   6.16869843E-03   6.89901737E-03
       12760           1   2.01982966E-05   6.12585992E-03   6.85320096E-03
       12780           1   2.00562336E-05   6.08204398E-03   6.80552842E-03
       12800           1   1.99073293E-05   6.03992771E-03   6.76273555E-03
       12820           1   1.97918653E-05   5.99597394E-03   6.71725441E-03
       12840           1   1.96543479E-05   5.95264509E-03   6.67279027E-03
       12860           1   1.96108831E-05   5.90919517E-03   6.62868889E-03
       12880           1   1.94786044E-05   5.86998882E-03   6.58615353E-03
       12900           1   1.93290525E-05   5.82798151E-03   6.54220721E-03
       12920           1   1.92185034E-05   5.78864664E-03   6.50083181E-03
       12940           1   1.91134695E-05   5.74784912E-03   6.45623403E-03
       12960           1   1.90002556E-05   5.71012404E-03   6.41387608E-03
       12980           1   1.89384864E-05   5.66785969E-03   6.37066597E-03
       13000           1   1.88850845E-05   5.62916789E-03   6.32732781E-03
       13020           1   1.87687474E-05   5.58998249E-03   6.28528278E-03
       13040           1   1.86539055E-05   5.55108394E-03   6.24372577E-03
       13060           1   1.86144152E-05   5.51281683E-03   6.19887887E-03
       13080           1   1.84984674E-05   5.47531340E-03   6.15626806E-03
       13100           1   1.84022701E-05   5.43427560E-03   6.11329637E-03
       13120           1   1.82601107E-05   5.39643876E-03   6.07242715E-03
       13140           1   1.80790375E-05   5.35831181E-03   6.02791831E-03
       13160           1   1.79742656E-05   5.31905051E-03   5.99099183E-03
       13180           1   1.78621776E-05   5.28362766E-03   5.94942831E-03
       13200           1   1.77872371E-05   5.24549652E-03   5.90552855E-03
       13220           1   1.76780759E-05   5.20659517E-03   5.86741744E-03
       13240           1   1.75824662E-05   5.17085474E-03   5.82669908E-03
       13260           1   1.74548277E-05   5.13265654E-03   5.78784524E-03
       13280           1   1.73350654E-05   5.09796105E-03   5.74864680E-03
       13300           1   1.72473156E-05   5.06310072E-03   5.70956990E-03
       13320           1   1.71790743E-05   5.02709392E-03   5.67347091E-03
       13340           1   1.70546700E-05   4.98964265E-03   5.63392788E-03
       13360           1   1.69455398E-05   4.95525077E-03   5.59587777E-03
       13380           1   1.68558799E-05   4.92151361E-03   5.55795711E-03
       13400           1   1.68047209E-05   4.88720834E-03   5.51900221E-03
       13420           1   1.67298640E-05   4.85223159E-03   5.48019726E-03
       13440           1   1.66930458E-05   4.82056569E-03   5.44183236E-03
       13460           1   1.65915517E-05   4.78646252E-03   5.40544232E-03
       13480           1   1.64830908E-05   4.75354772E-03   5.36523061E-03
       13500           1   1.64244302E-05   4.71896213E-03   5.32915024E-03
       13520           1   1.63117129E-05   4.68577165E-03   5.28981723E-03
       13540           1   1.61758253E-05   4.65337560E-03   5.25411824E-03
       13560           1   1.60941654E-05   4.62009199E-03   5.21583343E-03
       13580           1   1.59834835E-05   4.58866637E-03   5.17890742E-03
       13600           1   1.58480489E-05   4.55351453E-03   5.14359958E-03
       13620           1   1.57856211E-05   4.52306261E-03   5.10736229E-03
       13640           1   1.56596543E-05   4.48978413E-03   5.07280836E-03
       13660           1   1.55654197E-05   4.45854804E-03   5.03792893E-03
       13680           1   1.55071957E-05   4.42662556E-03   5.00279618E-03
       13700           1   1.54254558E-05   4.39487770E-03   4.96620918E-03
       13720           1   1.52957946E-05   4.36481927E-03   4.93437378E-03
       13740           1   1.52218299E-05   4.33503557E-03   4.90001217E-03
       13760           1   1.51592130E-05   4.30428470E-03   4.86436440E-03
       13780           1   1.50912156E-05   4.27318458E-03   4.83129779E-03
       13800           1   1.50100850E-05   4.24505491E-03   4.79685329E-03
       13820           1   1.49276439E-05   4.21450660E-03   4.76221880E-03
       13840           1   1.48648023E-05   4.18534782E-03   4.72946092E-03
       13860           1   1.47721039E-05   4.15615505E-03   4.69660573E-03
       13880           1   1.47339542E-05   4.12645284E-03   4.66344878E-03
       13900           1   1.46662351E-05   4.09845449E-03   4.62854933E-03
       13920           1   1.45827198E-05   4.07030340E-03   4.59696492E-03
       13940           1   1.44921423E-05   4.03994368E-03   4.56488924E-03
       13960           1   1.44211526E-05   4.01186757E-03   4.53094905E-03
       13980           1   1.42989547E-05   3.98302637E-03   4.49913414E-03
       14000           1   1.41894543E-05   3.95483244E-03   4.46442375E-03
       14020           1   1.40672437E-05   3.92735004E-03   4.43520723E-03
       14040           1   1.40119519E-05   3.89930536E-03   4.40084934E-03
       14060           1   1.38875703E-05   3.87269328E-03   4.37251106E-03
       14080           1   1.38240148E-05   3.84523696E-03   4.34005586E-03
       14100           1   1.37433271E-05   3.81794339E-03   4.30822233E-03
       14120           1   1.36926928E-05   3.79260140E-03   4.27845120E-03
       14140           1   1.36297667E-05   3.76518141E-03   4.24906332E-03
       14160           1   1.35471801E-05   3.73842660E-03   4.22011688E-03
       14180           1   1.34602215E-05   3.71381734E-03   4.19079093E-03
       14200           1   1.33718340E-05   3.68700456E-03   4.16056765E-03
       14220           1   1.33302301E-05   3.66076594E-03   4.13097301E-03
       14240           1   1.32673313E-05   3.63596203E-03   4.10383567E-03
       14260           1   1.32308387E-05   3.61049618E-03   4.07270575E-03
       14280           1   1.31447496E-05   3.58446618E-03   4.04364942E-03
       14300           1   1.30938133E-05   3.56119894E-03   4.01394814E-03
       14320           1   1.30528624E-05   3.53601715E-03   3.98414163E-03
       14340           1   1.29982036E-05   3.51068331E-03   3.95487575E-03
       14360           1   1.29160890E-05   3.48748337E-03   3.92696727E-03
       14380           1   1.28133634E-05   3.46019538E-03   3.89809883E-03
       14400           1   1.26575251E-05   3.43699777E-03   3.86997196E-03
       14420           1   1.25714123E-05   3.41492030E-03   3.84194031E-03
       14440           1   1.25288971E-05   3.39180254E-03   3.81321204E-03
       14460           1   1.24237231E-05   3.36623378E-03   3.78753943E-03
       14480           1   1.23497393E-05   3.34176421E-03   3.76157998E-03
       14500           1   1.22861775E-05   3.31729162E-03   3.73407640E-03
       14520           1   1.22490928E-05   3.29544535E-03   3.70676816E-03
       14540           1   1.21826615E-05   3.27386474E-03   3.68066574E-03
       14560           1   1.21339926E-05   3.24929785E-03   3.65552655E-03
       14580           1   1.20489158E-05   3.22820595E-03   3.62937548E-03
       14600           1   1.19669930E-05   3.20326723E-03   3.60533758E-03
       14620           1   1.18695580E-05   3.18326219E-03   3.57935950E-03
       14640           1   1.17730733E-05   3.16032348E-03   3.55480658E-03
       14660           1   1.17473037E-05   3.13995336E-03   3.52759822E-03
       14680           1   1.17441996E-05   3.11756833E-03   3.50304553E-03
       14700           1   1.17321706E-05   3.09792045E-03   3.47714336E-03
       14720           1   1.16796054E-05   3.07600806E-03   3.45279789E-03
       14740           1   1.16151987E-05   3.05477134E-03   3.42675485E-03
       14760           1   1.15278126E-05   3.03311460E-03   3.40311695E-03
       14780           1   1.15094690E-05   3.01311212E-03   3.37536074E-03
       14800           1   1.14090581E-05   2.99192546E-03   3.35254241E-03
       14820           1   1.12716807E-05   2.97090225E-03   3.32836458E-03
       14840           1   1.11492873E-05   2.94829346E-03   3.30573181E-03
       14860           1   1.10699666E-05   2.92940531E-03   3.28205293E-03
       14880           1   1.10198498E-05   2.90949061E-03   3.25750071E-03
       14900           1   1.09784387E-05   2.89089163E-03   3.23434453E-03
       14920           1   1.09433850E-05   2.86937691E-03   3.21132690E-03
       14940           1   1.08738823E-05   2.84954673E-03   3.19086784E-03
       14960           1   1.08539243E-05   2.82935542E-03   3.16683529E-03
       14980           1   1.07912219E-05   2.81008054E-03   3.14516923E-03
       15000           1   1.06965599E-05   2.79234839E-03   3.12306150E-03
       15020           1   1.06237449E-05   2.77322438E-03   3.10255261E-03
       15040           1   1.05285426E-05   2.75276368E-03   3.08020273E-03
       15060           1   1.05174568E-05   2.73534423E-03   3.05895042E-03
       15080           1   1.04578048E-05   2.71662837E-03   3.03765084E-03
       15100           1   1.03931188E-05   2.69953744E-03   3.01564299E-03
       15120           1   1.03587472E-05   2.67967163E-03   2.99416203E-03
       15140           1   1.03857892E-05   2.66138650E-03   2.97227199E-03
       15160           1   1.03304001E-05   2.64421408E-03   2.94947950E-03
       15180           1   1.02697159E-05   2.62621534E-03   2.93100718E-03
       15200           1   1.02570002E-05   2.60972092E-03   2.90998840E-03
       15220           1   1.01241731E-05   2.59065605E-03   2.88843899E-03
       15240           1   1.00681291E-05   2.57482682E-03   2.86700367E-03
       15260           1   9.95187565E-06   2.55717593E-03   2.84836884E-03
       15280           1   9.88024021E-06   2.53777159E-03   2.82723503E-03
       15300           1   9.79936976E-06   2.52182921E-03   2.80726748E-03
       15320           1   9.71436657E-06   2.50324956E-03   2.78780540E-03
       15340           1   9.66240168E-06   2.48653605E-03   2.76792888E-03
       15360           1   9.63618459E-06   2.47211405E-03   2.75100069E-03
       15380           1   9.65538129E-06   2.45369622E-03   2.73110438E-03
       15400           1   9.57755583E-06   2.43846606E-03   2.71206489E-03
       15420           1   9.51843231E-06   2.42369622E-03   2.69420957E-03
       15440           1   9.48418074E-06   2.40557198E-03   2.67649326E-03
       15460           1   9.41568851E-06   2.39087222E-03   2.65920069E-03
       15480           1   9.34488980E-06   2.37509701E-03   2.63976352E-03
       15500           1   9.32853254E-06   2.36058584E-03   2.61987280E-03
       15520           1   9.26109260E-06   2.34443834E-03   2.60359654E-03
       15540           1   9.20638286E-06   2.32826592E-03   2.58491677E-03
       15560           1   9.18587557E-06   2.31377222E-03   2.56677461E-03
       15580           1   9.16809586E-06   2.29881285E-03   2.54780799E-03
       15600           1   9.16210411E-06   2.28468794E-03   2.53056805E-03
       15620           1   9.11097959E-06   2.26905243E-03   2.51424452E-03
       15640           1   9.02719057E-06   2.25408957E-03   2.49471096E-03
       15660           1   8.91353830E-06   2.23972346E-03   2.47830222E-03
       15680           1   8.87065653E-06   2.22347770E-03   2.46332493E-03
       15700           1   8.77156981E-06   2.21011229E-03   2.44598230E-03
       15720           1   8.70356234E-06   2.19600159E-03   2.42892141E-03
       15740           1   8.62340585E-06   2.18121009E-03   2.41220137E-03
       15760           1   8.60910859E-06   2.16796668E-03   2.39441963E-03
       15780           1   8.59014381E-06   2.15227739E-03   2.37879343E-03
       15800           1   8.56243696E-06   2.13816529E-03   2.36340519E-03
       15820           1   8.52467929E-06   2.12635449E-03   2.34750123E-03
       15840           1   8.46283365E-06   2.11191364E-03   2.33379891E-03
       15860           1   8.43273028E-06   2.09945091E-03   2.31710682E-03
       15880           1   8.40260418E-06   2.08595837E-03   2.30294722E-03
       15900           1   8.33138711E-06   2.07171170E-03   2.28635594E-03
       15920           1   8.28867269E-06   2.05777958E-03   2.27168715E-03
       15940           1   8.24672770E-06   2.04474176E-03   2.25677830E-03
       15960           1   8.17013733E-06   2.03257590E-03   2.24316749E-03
       15980           1   8.19018442E-06   2.02190783E-03   2.22624815E-03
       16000           1   8.15458407E-06   2.00984534E-03   2.21048784E-03
       16020           1   8.12960297E-06   1.99693884E-03   2.19591218E-03
       16040           1   8.10441361E-06   1.98395154E-03   2.18096888E-03
       16060           1   8.05309901E-06   1.97033631E-03   2.16767099E-03
       16080           1   7.97385655E-06   1.95859931E-03   2.15070043E-03
       16100           1   7.89512706E-06   1.94490282E-03   2.13642535E-03
       16120           1   7.78445610E-06   1.93442171E-03   2.12181313E-03
       16140           1   7.74504497E-06   1.92325341E-03   2.10871571E-03
       16160           1   7.71883151E-06   1.91029534E-03   2.09448417E-03
       16180           1   7.62786567E-06   1.89858093E-03   2.08058511E-03
       16200           1   7.61895444E-06   1.88616756E-03   2.06902483E-03
       16220           1   7.58851138E-06   1.87410286E-03   2.05651484E-03
       16240           1   7.60097601E-06   1.86424237E-03   2.04266445E-03
       16260           1   7.56516920E-06   1.85083901E-03   2.03014864E-03
       16280           1   7.52077085E-06   1.83963124E-03   2.01757136E-03
       16300           1   7.47849936E-06   1.82947458E-03   2.00310932E-03
       16320           1   7.42304383E-06   1.81758066E-03   1.99130946E-03
       16340           1   7.36993388E-06   1.80666684E-03   1.97890075E-03
       16360           1   7.33512661E-06   1.79677270E-03   1.96589739E-03
       16380           1   7.32953094E-06   1.78551674E-03   1.95254607E-03
       16400           1   7.24796064E-06   1.77387218E-03   1.93853804E-03
       16420           1   7.25454720E-06   1.76524813E-03   1.92706787E-03
       16440           1   7.27741553E-06   1.75436179E-03   1.91432529E-03
       16460           1   7.19300897E-06   1.74082397E-03   1.90145080E-03
       16480           1   7.12313522E-06   1.73117383E-03   1.88926293E-03
       16500           1   7.05764387E-06   1.72157306E-03   1.87749846E-03
       16520           1   6.99008797E-06   1.71017286E-03   1.86479406E-03
       16540           1   6.94695427E-06   1.69923715E-03   1.85465580E-03
       16560           1   6.90553406E-06   1.68955594E-03   1.84235035E-03
       16580           1   6.84154020E-06   1.67762744E-03   1.83138729E-03
       16600           1   6.82653263E-06   1.66975812E-03   1.81825261E-03
       16620           1   6.81179608E-06   1.66097260E-03   1.80769723E-03
       16640           1   6.79112418E-06   1.64630078E-03   1.79665431E-03
       16660           1   6.79809000E-06   1.63999107E-03   1.78590498E-03
       16680           1   6.74943021E-06   1.62824080E-03   1.77573680E-03
       16700           1   6.67014501E-06   1.61704794E-03   1.76513114E-03
       16720           1   6.63378069E-06   1.60847104E-03   1.75212335E-03
       16740           1   6.58589579E-06   1.59923686E-03   1.74252107E-03
       16760           1   6.60424757E-06   1.59060769E-03   1.73084147E-03
       16780           1   6.56387556E-06   1.57923088E-03   1.72021368E-03
       16800           1   6.52813105E-06   1.57085154E-03   1.71115389E-03
       16820           1   6.46407989E-06   1.56061747E-03   1.69885415E-03
       16840           1   6.48663990E-06   1.55303674E-03   1.68619934E-03
       16860           1   6.45438377E-06   1.54322130E-03   1.67758518E-03
       16880           1   6.42490431E-06   1.53375207E-03   1.66687311E-03
       16900           1   6.39773816E-06   1.52576319E-03   1.65510259E-03
       16920           1   6.27219561E-06   1.51664100E-03   1.64734118E-03
       16940           1   6.27847203E-06   1.50558795E-03   1.63658313E-03
       16960           1   6.24658242E-06   1.49615842E-03   1.62571971E-03
       16980           1   6.15865974E-06   1.48741237E-03   1.61466806E-03
       17000           1   6.13045904E-06   1.47683173E-03   1.60511350E-03
       17020           1   6.12488338E-06   1.46865530E-03   1.59688538E-03
       17040           1   6.06456160E-06   1.45850610E-03   1.58591522E-03
       17060           1   6.02603313E-06   1.45097519E-03   1.57627894E-03
       17080           1   6.02169348E-06   1.44159677E-03   1.56831334E-03
       17100           1   5.96802147E-06   1.43278623E-03   1.55945809E-03
       17120           1   5.95061283E-06   1.42350479E-03   1.54923485E-03
       17140           1   5.98032739E-06   1.41778961E-03   1.54129241E-03
       17160           1   5.95140591E-06   1.40774692E-03   1.53038208E-03
       17180           1   5.86621172E-06   1.39863067E-03   1.52249611E-03
       17200           1   5.86026135E-06   1.38983398E-03   1.51234306E-03
       17220           1   5.80989490E-06   1.38332718E-03   1.50358467E-03
       17240           1   5.81145741E-06   1.37419149E-03   1.49377284E-03
       17260           1   5.80465621E-06   1.36564812E-03   1.48570701E-03
       17280           1   5.73629859E-06   1.35650125E-03   1.47565152E-03
       17300           1   5.66826202E-06   1.34778791E-03   1.46942050E-03
       17320           1   5.70234351E-06   1.34111731E-03   1.45909842E-03
       17340           1   5.69352778E-06   1.33228512E-03   1.44765934E-03
       17360           1   5.64498623E-06   1.32441323E-03   1.43980805E-03
       17380           1   5.56452233E-06   1.31497439E-03   1.43101951E-03
       17400           1   5.49994729E-06   1.30564149E-03   1.42446591E-03
       17420           1   5.43893293E-06   1.29838148E-03   1.41220691E-03
       17440           1   5.46474485E-06   1.29195873E-03   1.40529755E-03
       17460           1   5.43785336E-06   1.28381955E-03   1.39705394E-03
       17480           1   5.41436202E-06   1.27509562E-03   1.38871965E-03
       17500           1   5.40336077E-06   1.26707670E-03   1.38105091E-03
       17520           1   5.36254902E-06   1.25741714E-03   1.37268624E-03
       17540           1   5.34822902E-06   1.24996528E-03   1.36605499E-03
       17560           1   5.31948626E-06   1.24416419E-03   1.35558413E-03
       17580           1   5.28164310E-06   1.23594922E-03   1.34818000E-03
       17600           1   5.24904908E-06   1.22814986E-03   1.34063535E-03
       17620           1   5.23505514E-06   1.21993688E-03   1.33199536E-03
       17640           1   5.18671277E-06   1.21378386E-03   1.32434734E-03
       17660           1   5.18758543E-06   1.20779464E-03   1.31478359E-03
       17680           1   5.17418948E-06   1.20234292E-03   1.30980718E-03
       17700           1   5.17514854E-06   1.19312631E-03   1.30071503E-03
       17720           1   5.13560826E-06   1.18418480E-03   1.29342219E-03
       17740           1   5.11439566E-06   1.17765006E-03   1.28335401E-03
       17760           1   5.05704475E-06   1.16894499E-03   1.27691473E-03
       17780           1   5.01327122E-06   1.16207369E-03   1.26894040E-03
       17800           1   5.01779778E-06   1.15624187E-03   1.26168423E-03
       17820           1   4.99342786E-06   1.14675995E-03   1.25428603E-03
       17840           1   4.94314781E-06   1.13862683E-03   1.24700821E-03
       17860           1   4.88479373E-06   1.13191095E-03   1.23975030E-03
       17880           1   4.82508858E-06   1.12460705E-03   1.23213907E-03
       17900           1   4.84847033E-06   1.11922959E-03   1.22429244E-03
       17920           1   4.82250289E-06   1.11167156E-03   1.21827575E-03
       17940           1   4.81527150E-06   1.10549049E-03   1.21267873E-03
       17960           1   4.78530910E-06   1.10053027E-03   1.20504911E-03
       17980           1   4.79254641E-06   1.09157630E-03   1.19634729E-03
       18000           1   4.76897139E-06   1.08405598E-03   1.19054585E-03
       18020           1   4.74787112E-06   1.08021148E-03   1.18240458E-03
       18040           1   4.75506113E-06   1.07141561E-03   1.17422559E-03
       18060           1   4.73178716E-06   1.06508448E-03   1.16859504E-03
       18080           1   4.68636154E-06   1.06051250E-03   1.16147753E-03
       18100           1   4.62772641E-06   1.05254247E-03   1.15295034E-03
       18120           1   4.57409442E-06   1.04455429E-03   1.14586100E-03
       18140           1   4.58368959E-06   1.04059954E-03   1.14053034E-03
       18160           1   4.55108784E-06   1.03231391E-03   1.13382435E-03
       18180           1   4.55591135E-06   1.02511304E-03   1.12731196E-03
       18200           1   4.50675134E-06   1.02043233E-03   1.12035661E-03
       18220           1   4.48742321E-06   1.01232878E-03   1.11318787E-03
       18240           1   4.53072062E-06   1.00680185E-03   1.10763637E-03
       18260           1   4.45794012E-06   9.99816577E-04   1.09848205E-03
       18280           1   4.43632916E-06   9.94037488E-04   1.09310052E-03
       18300           1   4.39018777E-06   9.87286447E-04   1.08661246E-03
       18320           1   4.33454215E-06   9.80435871E-04   1.08046446E-03
       18340           1   4.35693710E-06   9.78353550E-04   1.07378257E-03
       18360           1   4.33630976E-06   9.69723857E-04   1.06797297E-03
       18380           1   4.27864506E-06   9.64006875E-04   1.06239086E-03
       18400           1   4.26177621E-06   9.57168755E-04   1.05659000E-03
       18420           1   4.30423825E-06   9.52553470E-04   1.04984571E-03
       18440           1   4.30361979E-06   9.46266286E-04   1.04401191E-03
       18460           1   4.26088900E-06   9.39368270E-04   1.03717064E-03
       18480           1   4.23610300E-06   9.33500472E-04   1.02947361E-03
       18500           1   4.20962215E-06   9.28213180E-04   1.02523202E-03
       18520           1   4.19030948E-06   9.22711915E-04   1.01886841E-03
       18540           1   4.21043660E-06   9.15963843E-04   1.01228245E-03
       18560           1   4.17599495E-06   9.14377160E-04   1.00609055E-03
       18580           1   4.12728605E-06   9.06723319E-04   1.00033754E-03
       18600           1   4.10662233E-06   9.00113315E-04   9.92218149E-04
       18620           1   4.08773940E-06   8.95592442E-04   9.86118801E-04
       18640           1   4.08729738E-06   8.90426454E-04   9.79916775E-04
       18660           1   4.04056664E-06   8.82258697E-04   9.75170638E-04
       18680           1   4.02257683E-06   8.77634331E-04   9.69963497E-04
       18700           1   3.96705491E-06   8.72052100E-04   9.64142790E-04
       18720           1   3.97463009E-06   8.67007941E-04   9.56704607E-04
       18740           1   3.94095969E-06   8.60985601E-04   9.53270821E-04
       18760           1   3.91662070E-06   8.55677819E-04   9.48637840E-04
       18780           1   3.89205570E-06   8.48263327E-04   9.41409729E-04
       18800           1   3.89801698E-06   8.44442286E-04   9.37992008E-04
       18820           1   3.87499222E-06   8.40004941E-04   9.29849979E-04
       18840           1   3.84893883E-06   8.36645951E-04   9.23847954E-04
       18860           1   3.86450301E-06   8.31928512E-04   9.19719459E-04
       18880           1   3.88027911E-06   8.25951807E-04   9.12930234E-04
       18900           1   3.86757984E-06   8.19186447E-04   9.05923371E-04
       18920           1   3.81004406E-06   8.16880143E-04   9.01808788E-04
       18940           1   3.81241375E-06   8.10764846E-04   8.96391110E-04
       18960           1   3.70859379E-06   8.07462609E-04   8.92208132E-04
       18980           1   3.72509362E-06   7.99762143E-04   8.86011287E-04
       19000           1   3.71753254E-06   7.97179237E-04   8.80950422E-04
       19020           1   3.69411191E-06   7.91348924E-04   8.75215977E-04
       19040           1   3.66764766E-06   7.88037258E-04   8.70332180E-04
       19060           1   3.70635712E-06   7.83092401E-04   8.64968053E-04
       19080           1   3.65838446E-06   7.77668261E-04   8.57677485E-04
       19100           1   3.64500534E-06   7.74928543E-04   8.54025071E-04
       19120           1   3.64041398E-06   7.69979320E-04   8.48331896E-04
       19140           1   3.60699937E-06   7.64414901E-04   8.43133894E-04
       19160           1   3.55762018E-06   7.61826697E-04   8.39056156E-04
       19180           1   3.54124882E-06   7.58967246E-04   8.31543235E-04
       19200           1   3.52815073E-06   7.53127621E-04   8.28068529E-04
       19220           1   3.51734479E-06   7.47926824E-04   8.22156027E-04
       19240           1   3.51755739E-06   7.43556709E-04   8.18600645E-04
       19260           1   3.50577307E-06   7.40881660E-04   8.14790721E-04
       19280           1   3.51613517E-06   7.35946349E-04   8.09784164E-04
       19300           1   3.49935362E-06   7.31310167E-04   8.04171548E-04
       19320           1   3.49484549E-06   7.25348713E-04   7.99836707E-04
       19340           1   3.47098785E-06   7.22268131E-04   7.94216408E-04
       19360           1   3.46769843E-06   7.17928924E-04   7.89441459E-04
       19380           1   3.43809756E-06   7.14007998E-04   7.84232921E-04
       19400           1   3.41144278E-06   7.08527630E-04   7.78730027E-04
       19420           1   3.35982190E-06   7.08596024E-04   7.76168134E-04
       19440           1   3.36640255E-06   7.02546793E-04   7.68838625E-04
       19460           1   3.36479093E-06   6.99948112E-04   7.64547964E-04
       19480           1   3.32804098E-06   6.96176547E-04   7.59774353E-04
       19500           1   3.32459422E-06   6.92661793E-04   7.55944173E-04
       19520           1   3.29089448E-06   6.85921870E-04   7.50558043E-04
       19540           1   3.27626140E-06   6.85726001E-04   7.46601785E-04
       19560           1   3.28708575E-06   6.79635094E-04   7.42205710E-04
       19580           1   3.28229430E-06   6.77720411E-04   7.36696878E-04
       19600           1   3.23151539E-06   6.73560367E-04   7.34105997E-04
       19620           1   3.20368781E-06   6.68547757E-04   7.29651074E-04
       19640           1   3.21111111E-06   6.65846863E-04   7.26364728E-04
       19660           1   3.17502008E-06   6.60534657E-04   7.21599907E-04
       19680           1   3.20374011E-06   6.59392914E-04   7.14708236E-04
       19700           1   3.20074741E-06   6.54963893E-04   7.13234826E-04
       19720           1   3.19953415E-06   6.51239650E-04   7.08068081E-04
       19740           1   3.21303833E-06   6.49658381E-04   7.03257450E-04
       19760           1   3.13532041E-06   6.43591047E-04   6.96402858E-04
       19780           1   3.14828912E-06   6.41997787E-04   6.92889967E-04
       19800           1   3.12570205E-06   6.38878904E-04   6.89329521E-04
       19820           1   3.12640987E-06   6.35821314E-04   6.86002604E-04
       19840           1   3.08001245E-06   6.31687581E-04   6.81794947E-04
       19860           1   3.04948935E-06   6.27780275E-04   6.76813943E-04
       19880           1   3.03062029E-06   6.23510103E-04   6.73950592E-04
       19900           1   3.01898945E-06   6.20515319E-04   6.68964291E-04
       19920           1   3.01247542E-06   6.16203295E-04   6.65228465E-04
       19940           1   3.01236651E-06   6.13486627E-04   6.61693979E-04
       19960           1   2.97511201E-06   6.11249707E-04   6.58830802E-04
       19980           1   2.97151018E-06   6.07133959E-04   6.54791831E-04
       20000           1   3.02682815E-06   6.05275971E-04   6.50384813E-04
       20020           1   2.95596715E-06   6.01269363E-04   6.45777036E-04
       20040           1   2.94781398E-06   5.97221951E-04   6.41478517E-04
       20060           1   2.94837901E-06   5.95192250E-04   6.37335062E-04
       20080           1   2.94027473E-06   5.91616030E-04   6.33678515E-04
       20100           1   2.94724441E-06   5.91122545E-04   6.30707014E-04
       20120           1   2.92765753E-06   5.88287250E-04   6.25500630E-04
       20140           1   2.84024622E-06   5.83472080E-04   6.21083891E-04
       20160           1   2.87467560E-06   5.78695326E-04   6.18293008E-04
       20180           1   2.89496802E-06   5.76651655E-04   6.14412595E-04
       20200           1   2.87500825E-06   5.73621714E-04   6.11832540E-04
       20220           1   2.83004465E-06   5.69191936E-04   6.08013361E-04
       20240           1   2.84538305E-06   5.67232841E-04   6.04790286E-04
       20260           1   2.83597683E-06   5.63416223E-04   6.01598120E-04
       20280           1   2.82303199E-06   5.62008121E-04   5.97094768E-04
       20300           1   2.83031704E-06   5.57730382E-04   5.92997938E-04
       20320           1   2.78170933E-06   5.53966791E-04   5.89051982E-04
       20340           1   2.76935270E-06   5.50498255E-04   5.86825714E-04
       20360           1   2.72825150E-06   5.50384400E-04   5.82755834E-04
       20380           1   2.69418661E-06   5.45528135E-04   5.78624720E-04
       20400           1   2.66584334E-06   5.44116308E-04   5.75302227E-04
       20420           1   2.71361318E-06   5.42973401E-04   5.71851386E-04
       20440           1   2.75373668E-06   5.40530775E-04   5.69577969E-04
       20460           1   2.72407715E-06   5.36941807E-04   5.65271766E-04
       20480           1   2.73150749E-06   5.31910686E-04   5.61927503E-04
       20500           1   2.69146312E-06   5.28084696E-04   5.58371830E-04
       20520           1   2.70526994E-06   5.26486663E-04   5.55938925E-04
       20540           1   2.71603267E-06   5.24009636E-04   5.53096586E-04
       20560           1   2.66602774E-06   5.21148788E-04   5.50511002E-04
       20580           1   2.62384333E-06   5.17757842E-04   5.46348398E-04
       20600           1   2.57250986E-06   5.15567837E-04   5.43122063E-04
       20620           1   2.58501927E-06   5.13076899E-04   5.39952423E-04
       20640           1   2.64083201E-06   5.10604121E-04   5.35838306E-04
       20660           1   2.63188144E-06   5.08369470E-04   5.32685837E-04
       20680           1   2.61357968E-06   5.04873460E-04   5.29548386E-04
       20700           1   2.56736325E-06   5.02163777E-04   5.26577234E-04
       20720           1   2.56665703E-06   5.00745140E-04   5.23844676E-04
       20740           1   2.54365909E-06   4.99752467E-04   5.20839996E-04
       20760           1   2.55076725E-06   4.95220767E-04   5.16727276E-04
       20780           1   2.55436362E-06   4.94046253E-04   5.14094485E-04
       20800           1   2.51577649E-06   4.90737613E-04   5.11397899E-04
       20820           1   2.51557003E-06   4.88020218E-04   5.10438113E-04
       20840           1   2.55341342E-06   4.83745913E-04   5.05750533E-04
       20860           1   2.48766537E-06   4.81278781E-04   5.03881834E-04
       20868           1   2.48442916E-06   4.81080380E-04   4.99577436E-04
 Solver: fs        , Convection scheme: uds       
 RE=   1000.00000     , N=          64
 Selected Time scheme:            1
 DT=   1.56250002E-03
 Wall-clock time (s):    31.3876553    
Note: The following floating-point exceptions are signalling: IEEE_UNDERFLOW_FLAG
