 N, URFU=?
   20       0.00805       0.00761       0.16018
   40       0.00223       0.00281       0.06989
   60       0.00100       0.00136       0.04664
   80       0.00074       0.00083       0.02335
  100       0.00064       0.00048       0.01901
  120       0.00036       0.00035       0.01255
  140       0.00025       0.00031       0.00998
  160       0.00021       0.00017       0.00558
  180       0.00012       0.00011       0.00439
  200       0.00010       0.00010       0.00335
  220       0.00007       0.00007       0.00271
  240       0.00006       0.00005       0.00174
  260       0.00003       0.00004       0.00130
  280       0.00002       0.00003       0.00086
  300       0.00002       0.00002       0.00069
  320       0.00001       0.00001       0.00048
  340       0.00001       0.00001       0.00039
  360       0.00001       0.00001       0.00025
  380       0.00001       0.00000       0.00019
  400       0.00000       0.00000       0.00014
  420       0.00000       0.00000       0.00011
  430       0.00000       0.00000       0.00010
 Solver: simple    , Convection scheme: uds       
 RE=   1000.00000     , N=          32
 URFU=  0.699999988    
 Wall-clock time (s):   0.318149984    
Note: The following floating-point exceptions are signalling: IEEE_DIVIDE_BY_ZERO
