 N, URFU=?
          20           9   7.67416460E-03   7.67398439E-03  0.161574364    
          40           9   2.45458679E-03   2.34505441E-03   6.81188181E-02
          60           9   9.00342246E-04   1.21492974E-03   4.55206558E-02
          80           9   7.50397681E-04   7.93440617E-04   2.42670588E-02
         100           9   5.29218698E-04   4.34922462E-04   1.94678009E-02
         120           9   3.61990154E-04   3.43503518E-04   1.30083766E-02
         140           9   2.22763483E-04   2.37628832E-04   1.00061595E-02
         160           9   1.84518911E-04   1.52332199E-04   5.38996654E-03
         180           9   9.31491450E-05   1.03170707E-04   4.71097231E-03
         200           9   1.05510146E-04   7.70746410E-05   3.76266730E-03
         220           9   5.93941841E-05   5.86006317E-05   2.81444006E-03
         240           9   5.29154349E-05   4.60689735E-05   1.81553408E-03
         260           9   2.96646231E-05   3.71119349E-05   1.38409063E-03
         280           9   2.73874866E-05   2.23721981E-05   9.85028106E-04
         300           9   2.21915925E-05   1.76335780E-05   8.19272362E-04
         320           9   1.34434176E-05   1.51666882E-05   4.97707806E-04
         340           9   9.16039062E-06   1.01215492E-05   4.33085253E-04
         360           9   8.99174665E-06   6.75906767E-06   2.88025883E-04
         380           9   5.78004710E-06   5.46837555E-06   2.26548727E-04
         400           9   5.43267333E-06   4.13029056E-06   1.66298982E-04
         420           9   2.86491081E-06   3.29779982E-06   1.32862930E-04
         427           9   2.34518257E-06   3.66129416E-06   9.99962431E-05
 Solver: simple    , Convection scheme: uds       
 RE=   1000.00000     , N=          32
 URFU=  0.730000019     , URFP=  0.300000012    
 Wall-clock time (s):   0.314401001    
Note: The following floating-point exceptions are signalling: IEEE_DIVIDE_BY_ZERO
