 NTRANS, DT=?
          20          81   9.98643955E-05   2.84032297       1.21194601    
          40         140   9.99887634E-05   1.71433616      0.822563648    
          60         104   9.99933909E-05   1.29610074      0.721110940    
          80          57   9.99988915E-05   1.07929730      0.699334383    
         100          58   9.99666663E-05  0.951507449      0.703187823    
         120          68   9.99239128E-05  0.883881569      0.710417390    
         140          63   9.99849799E-05  0.856672764      0.713090539    
         160          66   9.99609620E-05  0.851240635      0.710488677    
         180          74   9.99583717E-05  0.851738334      0.706577182    
         200          85   9.99634649E-05  0.856279671      0.704149127    
         220          91   9.99750337E-05  0.858732164      0.702410817    
         240          95   9.99757249E-05  0.857757807      0.700223207    
         260         102   9.98770047E-05  0.855663002      0.696447134    
         280          98   9.99007680E-05  0.850461483      0.691332221    
         300          93   9.99796466E-05  0.842225075      0.685077667    
         320          90   9.98738251E-05  0.831299424      0.677402735    
         340          96   9.98736941E-05  0.818944037      0.669169307    
         360          92   9.99201875E-05  0.804722607      0.660173297    
         380          97   9.99056647E-05  0.789891064      0.651055813    
         400          99   9.99010590E-05  0.773972690      0.641418338    
         420          97   9.99808617E-05  0.757746875      0.631360829    
         440          92   9.99070689E-05  0.741667867      0.621021628    
         460          93   9.99246695E-05  0.725730538      0.610638261    
         480          94   9.99038675E-05  0.709442616      0.600492656    
         500          95   9.98689065E-05  0.693324089      0.590294480    
         520          96   9.98879550E-05  0.677716315      0.579843879    
         540          95   9.99125186E-05  0.662384510      0.569328547    
         560          94   9.98945616E-05  0.647008359      0.559408188    
         580          91   9.99447948E-05  0.632565022      0.549099088    
         600          86   9.99203112E-05  0.618171573      0.538940132    
         620          81   9.99583208E-05  0.604232192      0.529126167    
         640          74   9.99568656E-05  0.590556145      0.519204795    
         660          73   9.99167460E-05  0.577295303      0.509773850    
         680          66   9.99870535E-05  0.564412355      0.500279546    
         700          74   9.99521726E-05  0.551627874      0.491228312    
         720          84   9.99802360E-05  0.539059699      0.482388943    
         740          82   9.99635740E-05  0.527038038      0.473523378    
         760          80   9.99836921E-05  0.514872432      0.465031922    
         780          73   9.99221447E-05  0.503329277      0.456590533    
         800          66   9.99871554E-05  0.491866827      0.448544502    
         820          62   9.99990225E-05  0.480597109      0.440640390    
         840          58   9.99910408E-05  0.469523907      0.432911336    
         860          48   9.99380354E-05  0.458534747      0.425330460    
         880          49   9.99499462E-05  0.447885275      0.417765856    
         900          49   9.99965050E-05  0.437404960      0.410460174    
         920          49   9.99360345E-05  0.426977932      0.403111935    
         940          50   9.99404292E-05  0.416897625      0.395873308    
         960          50   9.98765390E-05  0.407099664      0.388659328    
         980          50   9.99973563E-05  0.397315681      0.381319106    
        1000          51   9.99466138E-05  0.387947559      0.374147832    
        1020          51   9.99163167E-05  0.378800720      0.366884977    
        1040          50   9.99413605E-05  0.369814038      0.359491229    
        1060          49   9.98909964E-05  0.360959709      0.352194935    
        1080          47   9.99067852E-05  0.352455407      0.344835222    
        1100          46   9.99786425E-05  0.344144493      0.337412089    
        1120          45   9.99967306E-05  0.335973084      0.330050141    
        1140          44   9.99911281E-05  0.327939332      0.322699338    
        1160          39   9.99036638E-05  0.320210665      0.315338373    
        1180          35   9.99244003E-05  0.312706739      0.307913870    
        1200          34   9.99262193E-05  0.305348009      0.300656021    
        1220          29   9.98548639E-05  0.298136860      0.293438047    
        1240          31   9.99633849E-05  0.291046649      0.286311150    
        1260          26   9.99875847E-05  0.284220070      0.279199451    
        1280          22   9.98635587E-05  0.277564138      0.272192001    
        1300          17   9.99234035E-05  0.271089166      0.265307933    
        1320          15   9.98570395E-05  0.264730066      0.258590013    
        1340          10   9.98890682E-05  0.258538991      0.251943529    
        1360           7   9.99571348E-05  0.252465755      0.245451525    
        1380           5   9.98764081E-05  0.246506214      0.239088878    
        1400           7   9.99230178E-05  0.240674734      0.232929811    
        1420           6   9.99354233E-05  0.234993368      0.226919577    
        1440           7   9.99142649E-05  0.229411066      0.221060976    
        1460           8   9.98700853E-05  0.223920032      0.215349436    
        1480           9   9.99795157E-05  0.218496695      0.209770381    
        1500           4   9.99390613E-05  0.213177413      0.204285681    
        1520           8   9.98569958E-05  0.207840919      0.199011609    
        1540           9   9.98569449E-05  0.202612683      0.193818718    
        1560          10   9.99840413E-05  0.197430104      0.188735113    
        1580          13   9.99137119E-05  0.192271739      0.183819130    
        1600           9   9.98525647E-05  0.187236652      0.178940460    
        1620          11   9.99820477E-05  0.182189807      0.174208179    
        1640           7   9.98635805E-05  0.177234188      0.169510454    
        1660           7   9.99712938E-05  0.172276601      0.164916992    
        1680           9   9.98834948E-05  0.167326063      0.160427958    
        1700          13   9.99967888E-05  0.162415504      0.156003401    
        1720          15   9.99676413E-05  0.157562524      0.151624724    
        1740          22   9.99493714E-05  0.152717382      0.147336274    
        1760          17   9.99022304E-05  0.148033336      0.143004417    
        1780          19   9.98316973E-05  0.143353835      0.138781831    
        1800          20   9.99790209E-05  0.138761878      0.134599149    
        1820          25   9.98544565E-05  0.134202123      0.130509287    
        1840          26   9.98651958E-05  0.129751578      0.126441836    
        1860          23   9.99124095E-05  0.125417411      0.122407727    
        1880          27   9.98630130E-05  0.121120460      0.118484691    
        1900          25   9.99456970E-05  0.116974458      0.114579447    
        1920          27   9.99328477E-05  0.112893783      0.110760018    
        1940          25   9.99615295E-05  0.108943529      0.106995143    
        1960          21   9.99286713E-05  0.105107911      0.103298143    
        1980          20   9.98126052E-05  0.101360969       9.97063369E-02
        2000          21   9.98689138E-05   9.77151394E-02   9.62084159E-02
        2020          18   9.99294498E-05   9.42116603E-02   9.27733853E-02
        2040          26   9.99853728E-05   9.07381400E-02   8.95027518E-02
        2060          26   9.99486292E-05   8.74306932E-02   8.62933621E-02
        2080          24   9.98300748E-05   8.42449740E-02   8.31820220E-02
        2100          20   9.99235126E-05   8.11864212E-02   8.01585689E-02
        2120          17   9.98882824E-05   7.82229081E-02   7.72532374E-02
        2140          24   9.98821924E-05   7.52934739E-02   7.45133534E-02
        2160          23   9.98116011E-05   7.25086704E-02   7.18331635E-02
        2180          24   9.98704854E-05   6.98119551E-02   6.92605674E-02
        2200          20   9.98651376E-05   6.72356784E-02   6.67558014E-02
        2220          18   9.99690310E-05   6.47349656E-02   6.43490702E-02
        2240          16   9.99026379E-05   6.23177178E-02   6.20318465E-02
        2260          13   9.98950563E-05   5.99876605E-02   5.97926676E-02
        2280          11   9.98333417E-05   5.77245578E-02   5.76374903E-02
        2300          12   9.99905533E-05   5.55169173E-02   5.55747263E-02
        2320          11   9.98461837E-05   5.33846244E-02   5.35768047E-02
        2340          11   9.99629847E-05   5.13191670E-02   5.16446196E-02
        2360          11   9.98296018E-05   4.93128970E-02   4.97793369E-02
        2380          13   9.98177638E-05   4.73649167E-02   4.79757637E-02
        2400          11   9.98804026E-05   4.55027595E-02   4.62158546E-02
        2420          12   9.99016047E-05   4.36850451E-02   4.45178114E-02
        2440          11   9.99905460E-05   4.19381373E-02   4.28624377E-02
        2460          11   9.98051109E-05   4.02406491E-02   4.12659943E-02
        2480          13   9.99593030E-05   3.86031009E-02   3.97157371E-02
        2500          14   9.98392134E-05   3.70187722E-02   3.82123552E-02
        2520           9   9.98490141E-05   3.55343968E-02   3.67225744E-02
        2540           5   9.99711119E-05   3.41112949E-02   3.52755859E-02
        2560          11   9.98444084E-05   3.26631889E-02   3.39266248E-02
        2580           6   9.99157055E-05   3.13551202E-02   3.25661674E-02
        2600           6   9.99997574E-05   3.00668869E-02   3.12659107E-02
        2620           7   9.98632459E-05   2.88144182E-02   3.00265141E-02
        2640           7   9.99600379E-05   2.76280101E-02   2.88198479E-02
        2660           8   9.98503601E-05   2.64793094E-02   2.76618712E-02
        2680           7   9.99158074E-05   2.53944770E-02   2.65359078E-02
        2700           6   9.98698524E-05   2.43527163E-02   2.54596192E-02
        2720           6   9.99065887E-05   2.33518891E-02   2.44262237E-02
        2740           8   9.99659460E-05   2.23830733E-02   2.34503262E-02
        2760           8   9.99739932E-05   2.14681756E-02   2.25073639E-02
        2780           6   9.98051910E-05   2.05965638E-02   2.16031931E-02
        2800           7   9.98900432E-05   1.97600666E-02   2.07426529E-02
        2820           7   9.98767573E-05   1.89676955E-02   1.99134741E-02
        2840           2   9.98389369E-05   1.82274543E-02   1.91103630E-02
        2860           5   9.99165641E-05   1.74882989E-02   1.83641128E-02
        2880           7   9.98267933E-05   1.67775322E-02   1.76574066E-02
        2900           4   9.98542600E-05   1.61331948E-02   1.69596318E-02
        2920           6   9.98765754E-05   1.54903168E-02   1.63099784E-02
        2940           4   9.99336698E-05   1.48953125E-02   1.56758521E-02
        2960           5   9.98400428E-05   1.43107697E-02   1.50803635E-02
        2980           3   9.98986070E-05   1.37613043E-02   1.45025803E-02
        3000           4   9.99518161E-05   1.32204732E-02   1.39598101E-02
        3020           4   9.98351970E-05   1.27063571E-02   1.34335533E-02
        3040           2   9.98335163E-05   1.22188637E-02   1.29259052E-02
        3060           3   9.99050244E-05   1.17384205E-02   1.24458056E-02
        3080           5   9.98189425E-05   1.12588229E-02   1.19924825E-02
        3100           3   9.99759432E-05   1.08266920E-02   1.15390392E-02
        3120           1   9.98264659E-05   1.04055265E-02   1.11054135E-02
        3140           2   9.98623655E-05   9.98978503E-03   1.06932586E-02
        3160           2   9.98839459E-05   9.59001668E-03   1.02931065E-02
        3180           2   9.98109317E-05   9.20773484E-03   9.90503002E-03
        3200           2   9.99986005E-05   8.84179119E-03   9.52949282E-03
        3220           1   9.97642637E-05   8.48649349E-03   9.16859321E-03
        3240           1   9.98505930E-05   8.15147161E-03   8.81495140E-03
        3260           2   9.99009935E-05   7.82022439E-03   8.47416651E-03
        3280           2   9.99591357E-05   7.50787277E-03   8.14531930E-03
        3300           2   9.99425756E-05   7.20413681E-03   7.82658998E-03
        3320           3   9.99860858E-05   6.91048987E-03   7.51969963E-03
        3340           2   9.98537143E-05   6.63558021E-03   7.22232601E-03
        3360           2   9.98271134E-05   6.37011696E-03   6.93725888E-03
        3380           3   9.99144249E-05   6.11378625E-03   6.66307379E-03
        3400           1   9.97664320E-05   5.87744545E-03   6.39704196E-03
        3420           3   9.98479227E-05   5.64506277E-03   6.14667172E-03
        3440           2   9.98685209E-05   5.42937312E-03   5.90145960E-03
        3460           2   9.99261538E-05   5.22679184E-03   5.66708902E-03
        3480           1   9.98507021E-05   5.03017195E-03   5.44437347E-03
        3500           1   9.99065815E-05   4.84481174E-03   5.23140654E-03
        3520           1   9.99153854E-05   4.66748048E-03   5.02522057E-03
        3540           2   9.98794858E-05   4.49449103E-03   4.83305752E-03
        3560           1   9.98187679E-05   4.33590403E-03   4.64489777E-03
        3580           1   9.97378083E-05   4.17933520E-03   4.47194511E-03
        3600           1   9.99033873E-05   4.03431617E-03   4.30163555E-03
        3620           1   9.98338946E-05   3.89443850E-03   4.13950905E-03
        3640           1   9.99074182E-05   3.75765609E-03   3.98363359E-03
        3660           2   9.99190161E-05   3.62414797E-03   3.84077639E-03
        3680           1   9.97112220E-05   3.50195076E-03   3.70118185E-03
        3700           1   9.96235249E-05   3.38144181E-03   3.56678828E-03
        3720           1   9.99311960E-05   3.26369028E-03   3.44116590E-03
        3740           1   9.92276109E-05   3.14666121E-03   3.32276779E-03
        3760           1   9.95723967E-05   3.03571625E-03   3.20858671E-03
        3780           1   9.88461688E-05   2.92826071E-03   3.10153351E-03
        3800           1   9.65792351E-05   2.82066129E-03   3.00614978E-03
        3820           1   9.31451577E-05   2.71779834E-03   2.91896588E-03
        3840           1   8.93078686E-05   2.62094801E-03   2.83485418E-03
        3860           1   8.55706094E-05   2.53013312E-03   2.75402889E-03
        3880           1   8.22922229E-05   2.44387053E-03   2.67374166E-03
        3900           1   7.98307738E-05   2.36061169E-03   2.59535504E-03
        3920           1   7.85139491E-05   2.28325906E-03   2.51334114E-03
        3940           1   7.81456692E-05   2.20765290E-03   2.42999825E-03
        3960           1   7.80514092E-05   2.13964656E-03   2.34850449E-03
        3980           1   7.72688873E-05   2.07809336E-03   2.27399403E-03
        4000           1   7.56417940E-05   2.02145474E-03   2.20388803E-03
        4020           1   7.34287096E-05   1.96189899E-03   2.14003655E-03
        4040           1   7.09999586E-05   1.90390367E-03   2.07741093E-03
        4060           1   6.87123029E-05   1.85009209E-03   2.01340439E-03
        4080           1   6.66853593E-05   1.79824221E-03   1.94771239E-03
        4100           1   6.50675574E-05   1.75046653E-03   1.88190863E-03
        4120           1   6.38060519E-05   1.70820812E-03   1.81852980E-03
        4140           1   6.28733687E-05   1.66123966E-03   1.75342744E-03
        4160           1   6.20658611E-05   1.61426864E-03   1.69122487E-03
        4180           1   6.11650394E-05   1.56962534E-03   1.63178961E-03
        4200           1   6.00808962E-05   1.52000622E-03   1.57852878E-03
        4220           1   5.87999348E-05   1.47891894E-03   1.52614550E-03
        4240           1   5.74155893E-05   1.44153612E-03   1.47990102E-03
        4260           1   5.59150831E-05   1.40540453E-03   1.43204490E-03
        4280           1   5.44640643E-05   1.37447147E-03   1.38601370E-03
        4300           1   5.30595316E-05   1.34472863E-03   1.33538013E-03
        4320           1   5.18447378E-05   1.31640513E-03   1.28920842E-03
        4340           1   5.07815312E-05   1.28968956E-03   1.24937668E-03
        4360           1   4.99366070E-05   1.26155035E-03   1.21157861E-03
        4380           1   4.92005129E-05   1.23439124E-03   1.18129584E-03
        4400           1   4.84233133E-05   1.20850990E-03   1.15553441E-03
        4420           1   4.75939923E-05   1.17976032E-03   1.13624602E-03
        4440           1   4.67147111E-05   1.15622336E-03   1.11435214E-03
        4460           1   4.57789647E-05   1.13371585E-03   1.09941745E-03
        4480           1   4.48217179E-05   1.11162569E-03   1.07842241E-03
        4500           1   4.39501309E-05   1.09207979E-03   1.05974206E-03
        4520           1   4.31197914E-05   1.07193412E-03   1.03974179E-03
        4540           1   4.24673053E-05   1.05419348E-03   1.02155947E-03
        4560           1   4.19650569E-05   1.03296340E-03   1.00195990E-03
        4580           1   4.14457027E-05   1.01103261E-03   9.82511556E-04
        4600           1   4.08323176E-05   9.91452485E-04   9.67131054E-04
        4620           1   4.00763565E-05   9.73479007E-04   9.52762202E-04
        4640           1   3.92704060E-05   9.52556904E-04   9.38256038E-04
        4660           1   3.84533378E-05   9.37152538E-04   9.23140091E-04
        4680           1   3.76855460E-05   9.20320221E-04   9.07741953E-04
        4700           1   3.70021116E-05   9.00877698E-04   8.92477168E-04
        4720           1   3.64392108E-05   8.85952322E-04   8.76859995E-04
        4740           1   3.59399746E-05   8.70450807E-04   8.57847568E-04
        4760           1   3.55867996E-05   8.60617321E-04   8.40111054E-04
        4780           1   3.50950177E-05   8.46858602E-04   8.28352931E-04
        4800           1   3.45714652E-05   8.34367878E-04   8.13409686E-04
        4820           1   3.40433908E-05   8.20141344E-04   8.00001551E-04
        4840           1   3.35268596E-05   8.08498764E-04   7.87502038E-04
        4860           1   3.30625480E-05   7.95509201E-04   7.76120753E-04
        4880           1   3.26336049E-05   7.82796065E-04   7.61546777E-04
        4900           1   3.23191089E-05   7.73262058E-04   7.48085615E-04
        4920           1   3.18712227E-05   7.63426186E-04   7.34751229E-04
        4940           1   3.15771322E-05   7.52775522E-04   7.21372897E-04
        4960           1   3.11997392E-05   7.40986143E-04   7.08740612E-04
        4980           1   3.07743539E-05   7.34431611E-04   6.96415140E-04
        5000           1   3.02826156E-05   7.20418291E-04   6.87013904E-04
        5020           1   2.97601400E-05   7.12275156E-04   6.79487828E-04
        5040           1   2.92507066E-05   7.00270233E-04   6.70261506E-04
        5060           1   2.87688272E-05   6.91041350E-04   6.60187798E-04
        5080           1   2.83368827E-05   6.81396865E-04   6.48838410E-04
        5100           1   2.79296892E-05   6.71130547E-04   6.40095968E-04
        5120           1   2.76765495E-05   6.62051840E-04   6.27235335E-04
        5140           1   2.73499136E-05   6.53078314E-04   6.17601676E-04
        5160           1   2.69845477E-05   6.44285057E-04   6.06484362E-04
        5180           1   2.66165152E-05   6.36692334E-04   5.95844816E-04
        5200           1   2.63174297E-05   6.28074282E-04   5.88680909E-04
        5220           1   2.59758435E-05   6.19125785E-04   5.80271590E-04
        5240           1   2.55159139E-05   6.10689691E-04   5.73072641E-04
        5260           1   2.51480724E-05   6.02399639E-04   5.65312046E-04
        5280           1   2.48500619E-05   5.93330537E-04   5.59013744E-04
        5300           1   2.45027441E-05   5.84626105E-04   5.52196347E-04
        5320           1   2.42565620E-05   5.74969454E-04   5.45923947E-04
        5340           1   2.39193214E-05   5.66951057E-04   5.37722488E-04
        5360           1   2.35922817E-05   5.61859109E-04   5.31764759E-04
        5380           1   2.33537357E-05   5.54744736E-04   5.27255179E-04
        5400           1   2.31017366E-05   5.46706957E-04   5.20521950E-04
        5420           1   2.27836645E-05   5.40188514E-04   5.14698040E-04
        5440           1   2.24795804E-05   5.32915816E-04   5.09554753E-04
        5460           1   2.22000544E-05   5.27384458E-04   5.02519717E-04
        5480           1   2.19742415E-05   5.22843155E-04   4.96790686E-04
        5500           1   2.16426452E-05   5.17862325E-04   4.91703744E-04
        5520           1   2.13810308E-05   5.12325205E-04   4.85078112E-04
        5540           1   2.12211398E-05   5.06480341E-04   4.79661947E-04
        5551           1   2.11479055E-05   4.99717775E-04   4.74288361E-04
 Solver: fs        , Convection scheme: quick     
 RE=   1000.00000     , N=          64
 Selected Time scheme:            2
 DT=   9.99999978E-03
 Wall-clock time (s):    49.9791794    
Note: The following floating-point exceptions are signalling: IEEE_UNDERFLOW_FLAG
