 NTRANS, DT=?
          20         581   9.99954791E-05   2.23594046      0.896412969    
          40         305   9.99884505E-05   1.40449572      0.595698118    
          60         106   9.99987678E-05   1.04746437      0.471405923    
          80          64   9.99922777E-05  0.852238119      0.408916444    
         100          50   9.99856202E-05  0.726694107      0.376276225    
         120          51   9.99879194E-05  0.643749952      0.359417140    
         140          45   9.99975382E-05  0.582050085      0.352293730    
         160          41   9.99890981E-05  0.536017478      0.349475235    
         180          43   9.98395408E-05  0.500222623      0.350256562    
         200          41   9.99809999E-05  0.472927302      0.351139814    
         220          40   9.99665208E-05  0.453522891      0.353243172    
         240          39   9.99261974E-05  0.439772338      0.354435325    
         260          37   9.99045296E-05  0.431351811      0.355493873    
         280          33   9.99383483E-05  0.426633120      0.355618894    
         300          28   9.98660471E-05  0.425109118      0.355360627    
         320          24   9.98995092E-05  0.424170196      0.354237020    
         340          26   9.99545737E-05  0.424059272      0.353440762    
         360          31   9.99035256E-05  0.424523979      0.352243006    
         380          30   9.98873293E-05  0.425852299      0.351676852    
         400          36   9.98218093E-05  0.426731348      0.351066142    
         420          43   9.99692711E-05  0.427163124      0.350675911    
         440          41   9.98325704E-05  0.428036094      0.350265920    
         460          43   9.99009571E-05  0.428265959      0.349722773    
         480          43   9.99263939E-05  0.427599400      0.349201947    
         500          37   9.99471449E-05  0.427638739      0.348407388    
         520          37   9.98928444E-05  0.426564902      0.347331494    
         540          35   9.99220792E-05  0.425421923      0.346250594    
         560          32   9.99396289E-05  0.424079597      0.344796985    
         580          32   9.99550830E-05  0.421785384      0.343368739    
         600          30   9.98971809E-05  0.420004636      0.341735452    
         620          32   9.98810574E-05  0.417198211      0.339972973    
         640          34   9.99351760E-05  0.414562196      0.338051885    
         660          38   9.98397736E-05  0.411306798      0.336210579    
         680          33   9.99532785E-05  0.408534080      0.333953053    
         700          39   9.99962940E-05  0.404719621      0.331915200    
         720          42   9.99159965E-05  0.401391864      0.329659253    
         740          42   9.99578042E-05  0.397513300      0.327462256    
         760          38   9.99060867E-05  0.394094259      0.325026453    
         780          42   9.99736876E-05  0.390029699      0.322699606    
         800          45   9.98178584E-05  0.386149585      0.320327312    
         820          44   9.99893964E-05  0.382272571      0.317726016    
         840          43   9.99819749E-05  0.378095508      0.315310925    
         860          42   9.98353498E-05  0.374202877      0.312598318    
         880          40   9.98850592E-05  0.370071977      0.310178548    
         900          36   9.98415926E-05  0.366191864      0.307637304    
         920          33   9.99735712E-05  0.362213761      0.304891884    
         940          36   9.99573967E-05  0.357904345      0.302571714    
         960          38   9.98838295E-05  0.354049355      0.299885631    
         980          37   9.99365075E-05  0.350069761      0.297285080    
        1000          26   9.99643380E-05  0.346116960      0.294683725    
        1020          26   9.99182084E-05  0.342300773      0.291983783    
        1040          20   9.98462856E-05  0.338359177      0.289421171    
        1060          15   9.98708565E-05  0.334491521      0.286798954    
        1080          17   9.99595650E-05  0.330754787      0.284148425    
        1100          20   9.99865952E-05  0.326956958      0.281719446    
        1120          18   9.99600088E-05  0.323055178      0.279211670    
        1140          19   9.99284312E-05  0.319462597      0.276613772    
        1160          22   9.98442556E-05  0.315791130      0.274136007    
        1180          22   9.98419855E-05  0.312086612      0.271719307    
        1200          17   9.98599062E-05  0.308634460      0.269050449    
        1220          23   9.99276817E-05  0.305124253      0.266678333    
        1240          22   9.99790063E-05  0.301594853      0.264228076    
        1260          15   9.99972908E-05  0.298143506      0.261738956    
        1280          10   9.99574622E-05  0.294845194      0.259207994    
        1300           8   9.98808027E-05  0.291592449      0.256902516    
        1320           9   9.98606993E-05  0.288204134      0.254488647    
        1340           9   9.98862888E-05  0.284943223      0.252083242    
        1360           9   9.99403783E-05  0.281743526      0.249788478    
        1380           3   9.99854601E-05  0.278633595      0.247463942    
        1400           6   9.99681070E-05  0.275420219      0.245200783    
        1420           7   9.99038748E-05  0.272197485      0.242918625    
        1440          11   9.99793629E-05  0.269164205      0.240773767    
        1460          11   9.99648473E-05  0.266137987      0.238561958    
        1480          11   9.99792974E-05  0.263149738      0.236361161    
        1500          13   9.99785334E-05  0.260062069      0.234214351    
        1520           7   9.99811527E-05  0.257117391      0.232095093    
        1540           7   9.99056938E-05  0.254230171      0.230052203    
        1560           5   9.98480245E-05  0.251325071      0.227904320    
        1580           6   9.99625408E-05  0.248459324      0.225892305    
        1600          10   9.99622134E-05  0.245530844      0.223961800    
        1620          16   9.98572214E-05  0.242583334      0.222048745    
        1640          21   9.99856347E-05  0.239826158      0.220114172    
        1660          10   9.99522235E-05  0.237164602      0.218076780    
        1680          11   9.98762116E-05  0.234352723      0.216200635    
        1700          11   9.99485055E-05  0.231592119      0.214338720    
        1720          10   9.98891628E-05  0.228849038      0.212432623    
        1740          13   9.99492840E-05  0.226137623      0.210527375    
        1760          14   9.98461983E-05  0.223517969      0.208689138    
        1780          16   9.99865733E-05  0.220884517      0.206881449    
        1800          24   9.99829790E-05  0.218205959      0.205118150    
        1820          20   9.99752519E-05  0.215620294      0.203258663    
        1840          23   9.99092299E-05  0.213027418      0.201434687    
        1860          22   9.99344702E-05  0.210510746      0.199601725    
        1880          22   9.98690302E-05  0.208013684      0.197809756    
        1900          25   9.99825861E-05  0.205559403      0.196042478    
        1920          24   9.99673575E-05  0.203121707      0.194218189    
        1940          27   9.98901960E-05  0.200633615      0.192413211    
        1960          26   9.99900731E-05  0.198215276      0.190572187    
        1980          29   9.99237163E-05  0.195833534      0.188808903    
        2000          31   9.98383111E-05  0.193518072      0.187013045    
        2020          26   9.99531549E-05  0.191248447      0.185166806    
        2040          31   9.98750547E-05  0.188958600      0.183383077    
        2060          34   9.99369076E-05  0.186688796      0.181557000    
        2080          30   9.98787436E-05  0.184473783      0.179695085    
        2100          26   9.99882759E-05  0.182278603      0.177835345    
        2120          27   9.98789983E-05  0.180093110      0.176020980    
        2140          31   9.98648829E-05  0.177930847      0.174223483    
        2160          33   9.99772092E-05  0.175792083      0.172402337    
        2180          26   9.99967451E-05  0.173743725      0.170500875    
        2200          25   9.99237454E-05  0.171702638      0.168629333    
        2220          27   9.98655159E-05  0.169648707      0.166808635    
        2240          28   9.98927644E-05  0.167598233      0.164984941    
        2260          28   9.98499745E-05  0.165576220      0.163153827    
        2280          30   9.99355543E-05  0.163571909      0.161330432    
        2300          27   9.98743999E-05  0.161634803      0.159483910    
        2320          25   9.98625110E-05  0.159723386      0.157644868    
        2340          26   9.99902986E-05  0.157839954      0.155795053    
        2360          16   9.98534742E-05  0.156036109      0.153879315    
        2380          16   9.98319520E-05  0.154183209      0.152060851    
        2400          21   9.99580079E-05  0.152326435      0.150291115    
        2420          22   9.99303156E-05  0.150505781      0.148494273    
        2440          21   9.99096956E-05  0.148704231      0.146698967    
        2460          22   9.98837932E-05  0.146920726      0.144920334    
        2480          22   9.99685290E-05  0.145169169      0.143130362    
        2500          21   9.99953700E-05  0.143443987      0.141353339    
        2520          24   9.99192271E-05  0.141723797      0.139613941    
        2540          19   9.99974291E-05  0.140075192      0.137825921    
        2560          18   9.98320902E-05  0.138423756      0.136088997    
        2580          21   9.98804608E-05  0.136768430      0.134390071    
        2600          18   9.99947515E-05  0.135171875      0.132663921    
        2620          17   9.98742034E-05  0.133571267      0.130978122    
        2640          15   9.98269097E-05  0.132007271      0.129294425    
        2660          18   9.99067051E-05  0.130426198      0.127652034    
        2680          20   9.98507603E-05  0.128857538      0.126023248    
        2700          18   9.98643809E-05  0.127333254      0.124390043    
        2720          21   9.98818796E-05  0.125803009      0.122797504    
        2740          20   9.99940094E-05  0.124315232      0.121178441    
        2760          15   9.98822361E-05  0.122859299      0.119570151    
        2780          20   9.99509866E-05  0.121368214      0.118046686    
        2800          21   9.99699478E-05  0.119911812      0.116523422    
        2820          17   9.99326730E-05  0.118507028      0.114982501    
        2840           7   9.99534313E-05  0.117165036      0.113420151    
        2860           8   9.98903561E-05  0.115757346      0.111951865    
        2880           7   9.99323529E-05  0.114386797      0.110481270    
        2900          13   9.99488839E-05  0.112971336      0.109080769    
        2920          15   9.99454132E-05  0.111592099      0.107667863    
        2940          17   9.98776304E-05  0.110211685      0.106279925    
        2960          15   9.99462281E-05  0.108878084      0.104881316    
        2980          15   9.98620017E-05  0.107534915      0.103510968    
        3000          19   9.99504919E-05  0.106176570      0.102181002    
        3020          17   9.98632604E-05  0.104858629      0.100839823    
        3040          18   9.99930853E-05  0.103543893       9.95145738E-02
        3060          15   9.99484546E-05  0.102251001       9.81887877E-02
        3080          13   9.99903277E-05  0.100964785       9.68734324E-02
        3100          10   9.99342737E-05   9.96876657E-02   9.55753699E-02
        3120          12   9.99106123E-05   9.83824879E-02   9.43283364E-02
        3140          14   9.99827098E-05   9.70913768E-02   9.30897444E-02
        3160          13   9.98985779E-05   9.58171710E-02   9.18579400E-02
        3180          14   9.99646873E-05   9.45428833E-02   9.06444117E-02
        3200          16   9.98458490E-05   9.32616368E-02   8.94610137E-02
        3220          13   9.98347532E-05   9.20255333E-02   8.82527381E-02
        3240           9   9.99305048E-05   9.08079371E-02   8.70337337E-02
        3260           8   9.99557815E-05   8.95655155E-02   8.58546644E-02
        3280           6   9.99400436E-05   8.83420780E-02   8.46737772E-02
        3300           8   9.99004333E-05   8.70866999E-02   8.35325941E-02
        3320           7   9.99616605E-05   8.58606994E-02   8.23793188E-02
        3340           6   9.99683398E-05   8.46330896E-02   8.12416524E-02
        3360           5   9.98337782E-05   8.34123120E-02   8.01160932E-02
        3380           5   9.98903779E-05   8.21927413E-02   7.90037215E-02
        3400           6   9.99849435E-05   8.09741840E-02   7.78956115E-02
        3420           5   9.99531549E-05   7.97720850E-02   7.67894611E-02
        3440           6   9.99396507E-05   7.85615966E-02   7.57028759E-02
        3460           6   9.99893600E-05   7.73647502E-02   7.46150687E-02
        3480           8   9.99281765E-05   7.61565790E-02   7.35490769E-02
        3500          13   9.98230753E-05   7.49387667E-02   7.25098103E-02
        3520           9   9.99525219E-05   7.37922937E-02   7.14149177E-02
        3540           8   9.98827672E-05   7.26293549E-02   7.03522265E-02
        3560           8   9.98430114E-05   7.14728832E-02   6.92954734E-02
        3580           9   9.99103358E-05   7.03204200E-02   6.82509765E-02
        3600           6   9.98654723E-05   6.92024156E-02   6.71897307E-02
        3620           6   9.99572658E-05   6.80780113E-02   6.61517382E-02
        3640           4   9.99343683E-05   6.69692904E-02   6.51128590E-02
        3660           3   9.99175172E-05   6.58621863E-02   6.40897974E-02
        3680           6   9.99972617E-05   6.47344217E-02   6.30976781E-02
        3700           7   9.99122421E-05   6.36347383E-02   6.21014126E-02
        3720           4   9.98818432E-05   6.25743791E-02   6.10863790E-02
        3740           4   9.99023105E-05   6.15091734E-02   6.00971580E-02
        3760           4   9.98267424E-05   6.04497232E-02   5.91158457E-02
        3780           3   9.99215044E-05   5.94163425E-02   5.81287295E-02
        3800           5   9.98183677E-05   5.83640635E-02   5.71800359E-02
        3820           8   9.98668984E-05   5.73224798E-02   5.62377349E-02
        3840           7   9.98648538E-05   5.63199036E-02   5.52819408E-02
        3860           4   9.99067415E-05   5.53484522E-02   5.43224327E-02
        3880           7   9.99055992E-05   5.43445572E-02   5.34099117E-02
        3900           4   9.99783224E-05   5.34018986E-02   5.24687991E-02
        3920           4   9.98241085E-05   5.24387136E-02   5.15607856E-02
        3940           3   9.99951662E-05   5.15102744E-02   5.06479815E-02
        3960           7   9.98715550E-05   5.05479984E-02   4.97822799E-02
        3980           7   9.98849137E-05   4.96334247E-02   4.89024483E-02
        4000           5   9.99835975E-05   4.87499349E-02   4.80197072E-02
        4020           3   9.97936077E-05   4.78698239E-02   4.71577719E-02
        4040           4   9.98996838E-05   4.69933301E-02   4.63153124E-02
        4060           2   9.99768672E-05   4.61508036E-02   4.54683676E-02
        4080           3   9.99060867E-05   4.52941954E-02   4.46556658E-02
        4100           2   9.99995900E-05   4.44750339E-02   4.38365936E-02
        4120           4   9.99784243E-05   4.36413176E-02   4.30489890E-02
        4140           6   9.99033291E-05   4.28189598E-02   4.22835127E-02
        4160           6   9.99194963E-05   4.20268849E-02   4.15119156E-02
        4180           3   9.99387921E-05   4.12721671E-02   4.07392159E-02
        4200           5   9.98999603E-05   4.04949151E-02   4.00069468E-02
        4220           4   9.99713156E-05   3.97520065E-02   3.92716378E-02
        4240           7   9.98376781E-05   3.89878452E-02   3.85789983E-02
        4260           5   9.98283140E-05   3.82725447E-02   3.78675722E-02
        4280           4   9.98353644E-05   3.75690609E-02   3.71729955E-02
        4300           2   9.99349650E-05   3.68855447E-02   3.64848524E-02
        4320           3   9.99824624E-05   3.61940600E-02   3.58223096E-02
        4340           5   9.98842661E-05   3.54942158E-02   3.51863578E-02
        4360           6   9.98280302E-05   3.48211937E-02   3.45522985E-02
        4380           2   9.99106924E-05   3.41974609E-02   3.39008011E-02
        4400           5   9.99856056E-05   3.35364565E-02   3.32996659E-02
        4420           3   9.99332406E-05   3.29176821E-02   3.26860137E-02
        4440           3   9.98316755E-05   3.22900005E-02   3.20977308E-02
        4460           3   9.99681797E-05   3.16846520E-02   3.15102711E-02
        4480           5   9.98215764E-05   3.10644172E-02   3.09570059E-02
        4500           5   9.99159747E-05   3.04776002E-02   3.03923041E-02
        4520           5   9.99857439E-05   2.98987571E-02   2.98398733E-02
        4540           2   9.98818068E-05   2.93431692E-02   2.92851236E-02
        4560           2   9.99275944E-05   2.87826099E-02   2.87528262E-02
        4580           3   9.98551041E-05   2.82167010E-02   2.82416977E-02
        4600           1   9.98912074E-05   2.76866443E-02   2.77177915E-02
        4620           1   9.99666736E-05   2.71535441E-02   2.72133313E-02
        4640           3   9.99696495E-05   2.66138539E-02   2.67275348E-02
        4660           3   9.99638869E-05   2.60974802E-02   2.62401812E-02
        4680           4   9.98599571E-05   2.55728848E-02   2.57715303E-02
        4700           4   9.98507458E-05   2.50763223E-02   2.52999105E-02
        4720           4   9.99511685E-05   2.45849043E-02   2.48356219E-02
        4740           1   9.99245385E-05   2.41159070E-02   2.43656691E-02
        4760           2   9.98311152E-05   2.36276723E-02   2.39240397E-02
        4780           3   9.98780306E-05   2.31502131E-02   2.34899204E-02
        4800           4   9.98199248E-05   2.26826407E-02   2.30610650E-02
        4820           1   9.99564145E-05   2.22502928E-02   2.26153079E-02
        4840           2   9.99855329E-05   2.17952374E-02   2.21977290E-02
        4860           4   9.99087424E-05   2.13443339E-02   2.17970200E-02
        4880           2   9.99451731E-05   2.09201444E-02   2.13783607E-02
        4900           2   9.99357435E-05   2.04972588E-02   2.09774338E-02
        4920           2   9.99711192E-05   2.00815946E-02   2.05786638E-02
        4940           2   9.97837487E-05   1.96639784E-02   2.01927479E-02
        4960           2   9.98982723E-05   1.92688964E-02   1.98031068E-02
        4980           2   9.98619726E-05   1.88694950E-02   1.94285009E-02
        5000           3   9.99332187E-05   1.84794776E-02   1.90570448E-02
        5020           1   9.99747281E-05   1.81157459E-02   1.86762922E-02
        5040           1   9.97272000E-05   1.77310891E-02   1.83214508E-02
        5060           1   9.99387557E-05   1.73700210E-02   1.79594476E-02
        5080           1   9.98282630E-05   1.70058813E-02   1.76100694E-02
        5100           2   9.99881886E-05   1.66558661E-02   1.72653757E-02
        5120           3   9.98745745E-05   1.62996557E-02   1.69311073E-02
        5140           2   9.98531905E-05   1.59662217E-02   1.65910255E-02
        5160           1   9.99179465E-05   1.56446174E-02   1.62521023E-02
        5180           1   9.99790136E-05   1.53232897E-02   1.59276836E-02
        5200           2   9.99838667E-05   1.49972253E-02   1.56124681E-02
        5220           2   9.98996693E-05   1.46830836E-02   1.53003037E-02
        5240           1   9.98542382E-05   1.43777002E-02   1.49907190E-02
        5260           1   9.99534459E-05   1.40859876E-02   1.46834096E-02
        5280           1   9.99476397E-05   1.37933651E-02   1.43863829E-02
        5300           1   9.97133538E-05   1.34964604E-02   1.40985493E-02
        5320           1   9.98438045E-05   1.32243484E-02   1.38051333E-02
        5340           1   9.99468903E-05   1.29492702E-02   1.35239959E-02
        5360           3   9.98436080E-05   1.26646850E-02   1.32574858E-02
        5380           3   9.98487594E-05   1.24016870E-02   1.29870195E-02
        5400           1   9.99767799E-05   1.21597257E-02   1.27106663E-02
        5420           2   9.98780451E-05   1.18980864E-02   1.24586299E-02
        5440           1   9.98574978E-05   1.16535909E-02   1.21996747E-02
        5460           1   9.98333708E-05   1.14115328E-02   1.19536920E-02
        5480           1   9.95757364E-05   1.11696115E-02   1.17146252E-02
        5500           1   9.98857431E-05   1.09477341E-02   1.14701604E-02
        5520           1   9.99805779E-05   1.07258391E-02   1.12327980E-02
        5540           1   9.97783354E-05   1.04946084E-02   1.10120587E-02
        5560           1   9.98121104E-05   1.02853160E-02   1.07860072E-02
        5580           1   9.99120675E-05   1.00759277E-02   1.05675571E-02
        5600           1   9.97159805E-05   9.86593403E-03   1.03562316E-02
        5620           1   9.98760006E-05   9.66681540E-03   1.01450300E-02
        5640           1   9.96471135E-05   9.46971215E-03   9.94423963E-03
        5660           1   9.99354743E-05   9.28054191E-03   9.74188279E-03
        5680           1   9.98158284E-05   9.09144152E-03   9.54810344E-03
        5700           1   9.96694944E-05   8.90386850E-03   9.36233159E-03
        5720           1   9.96777308E-05   8.72615166E-03   9.17402375E-03
        5740           1   9.96663948E-05   8.54851864E-03   8.99391435E-03
        5760           1   9.95342853E-05   8.38173740E-03   8.81242007E-03
        5780           1   9.95008013E-05   8.21524952E-03   8.63911584E-03
        5800           1   9.90799599E-05   8.04773159E-03   8.47266987E-03
        5820           1   9.97617608E-05   7.89320655E-03   8.30379780E-03
        5840           1   9.80452460E-05   7.72722438E-03   8.14733468E-03
        5860           1   9.66410516E-05   7.57524231E-03   7.99102057E-03
        5880           1   9.57303055E-05   7.42526492E-03   7.83624407E-03
        5900           1   9.46543005E-05   7.27535551E-03   7.68404454E-03
        5920           1   9.28033987E-05   7.12955277E-03   7.53864693E-03
        5940           1   9.05137495E-05   6.98785856E-03   7.39959860E-03
        5960           1   8.85190311E-05   6.84729731E-03   7.26083433E-03
        5980           1   8.71119919E-05   6.70773489E-03   7.11860554E-03
        6000           1   8.59558859E-05   6.57629967E-03   6.98240381E-03
        6020           1   8.46063558E-05   6.45127986E-03   6.85088802E-03
        6040           1   8.32044097E-05   6.32334361E-03   6.72383420E-03
        6060           1   8.20145506E-05   6.19773380E-03   6.59656571E-03
        6080           1   8.09842022E-05   6.07583579E-03   6.47285255E-03
        6100           1   7.98765977E-05   5.95766539E-03   6.34978060E-03
        6120           1   7.84055228E-05   5.84033085E-03   6.22987933E-03
        6140           1   7.68038590E-05   5.72412694E-03   6.11217041E-03
        6160           1   7.53708591E-05   5.60931023E-03   6.00019796E-03
        6180           1   7.40294563E-05   5.49802557E-03   5.88911586E-03
        6200           1   7.27878578E-05   5.38764568E-03   5.77777764E-03
        6220           1   7.15651768E-05   5.27849281E-03   5.67074912E-03
        6240           1   7.04180493E-05   5.17409295E-03   5.56512456E-03
        6260           1   6.94983464E-05   5.07162511E-03   5.46239503E-03
        6280           1   6.86010462E-05   4.96812537E-03   5.36029693E-03
        6300           1   6.75977935E-05   4.86813253E-03   5.25911944E-03
        6320           1   6.65184853E-05   4.77197906E-03   5.16202208E-03
        6340           1   6.53217212E-05   4.67419578E-03   5.06526697E-03
        6360           1   6.41197039E-05   4.58144536E-03   4.96667018E-03
        6380           1   6.29901115E-05   4.49069915E-03   4.87311184E-03
        6400           1   6.18947379E-05   4.39977599E-03   4.77829622E-03
        6420           1   6.09087147E-05   4.31141118E-03   4.68625966E-03
        6440           1   6.00695275E-05   4.22325591E-03   4.59779147E-03
        6460           1   5.92911856E-05   4.13799658E-03   4.50916169E-03
        6480           1   5.85347516E-05   4.05549724E-03   4.42367978E-03
        6500           1   5.77225182E-05   3.97150964E-03   4.33763769E-03
        6520           1   5.68822979E-05   3.89021612E-03   4.25385917E-03
        6540           1   5.59590517E-05   3.81504837E-03   4.17013420E-03
        6560           1   5.50384975E-05   3.73509689E-03   4.08927212E-03
        6580           1   5.40718684E-05   3.65833216E-03   4.00826940E-03
        6600           1   5.31398000E-05   3.58804618E-03   3.92870652E-03
        6620           1   5.22923801E-05   3.51551059E-03   3.84856458E-03
        6640           1   5.15190877E-05   3.44604836E-03   3.77099542E-03
        6660           1   5.07937366E-05   3.37640778E-03   3.69471638E-03
        6680           1   5.01063078E-05   3.31049715E-03   3.62074352E-03
        6700           1   4.94254928E-05   3.24530760E-03   3.54740443E-03
        6720           1   4.87159923E-05   3.18652694E-03   3.47562437E-03
        6740           1   4.79221890E-05   3.12332832E-03   3.40491859E-03
        6760           1   4.70932137E-05   3.06307292E-03   3.33853974E-03
        6780           1   4.62902026E-05   3.00568715E-03   3.27185774E-03
        6800           1   4.55191839E-05   2.94647715E-03   3.20854923E-03
        6820           1   4.47526618E-05   2.89092306E-03   3.14292288E-03
        6840           1   4.40935510E-05   2.83661438E-03   3.08143348E-03
        6860           1   4.35052061E-05   2.77993665E-03   3.02263536E-03
        6880           1   4.29448992E-05   2.72888690E-03   2.96314084E-03
        6900           1   4.23975798E-05   2.67822319E-03   2.90475204E-03
        6920           1   4.18132986E-05   2.63090897E-03   2.84775812E-03
        6940           1   4.12827685E-05   2.58179940E-03   2.79452419E-03
        6960           1   4.06576510E-05   2.53514131E-03   2.73882179E-03
        6980           1   3.99896053E-05   2.49215006E-03   2.68428633E-03
        7000           1   3.93541995E-05   2.44987826E-03   2.63180211E-03
        7020           1   3.87437904E-05   2.40478176E-03   2.58066296E-03
        7040           1   3.81811114E-05   2.36263592E-03   2.53169355E-03
        7060           1   3.76102798E-05   2.32306262E-03   2.48244358E-03
        7080           1   3.70700327E-05   2.28240108E-03   2.43540783E-03
        7100           1   3.65663982E-05   2.24392232E-03   2.39179377E-03
        7120           1   3.60706726E-05   2.20786803E-03   2.34435080E-03
        7140           1   3.55697921E-05   2.16920441E-03   2.30093743E-03
        7160           1   3.50726150E-05   2.13338807E-03   2.25879950E-03
        7180           1   3.44955806E-05   2.09763553E-03   2.22006044E-03
        7200           1   3.39140970E-05   2.06268183E-03   2.17987364E-03
        7220           1   3.33932840E-05   2.02908530E-03   2.14152550E-03
        7240           1   3.28985625E-05   1.99581357E-03   2.10146303E-03
        7260           1   3.23865388E-05   1.96460588E-03   2.06766860E-03
        7280           1   3.19429928E-05   1.93298538E-03   2.03142897E-03
        7300           1   3.15600155E-05   1.90280168E-03   1.99731672E-03
        7320           1   3.11684089E-05   1.87163334E-03   1.96339609E-03
        7340           1   3.08081435E-05   1.84246106E-03   1.93134951E-03
        7360           1   3.04605182E-05   1.81229156E-03   1.89996825E-03
        7380           1   3.00311149E-05   1.78294233E-03   1.86812726E-03
        7400           1   2.95981208E-05   1.75299309E-03   1.83922099E-03
        7420           1   2.92229743E-05   1.72259519E-03   1.81153126E-03
        7440           1   2.87979019E-05   1.69410207E-03   1.78127619E-03
        7460           1   2.83655772E-05   1.66715635E-03   1.75270555E-03
        7480           1   2.79918877E-05   1.63755845E-03   1.72713527E-03
        7500           1   2.76326246E-05   1.61161320E-03   1.69796380E-03
        7520           1   2.73110873E-05   1.58380694E-03   1.67257455E-03
        7540           1   2.69958491E-05   1.55769847E-03   1.64772093E-03
        7560           1   2.66505467E-05   1.53270876E-03   1.62292912E-03
        7580           1   2.63243764E-05   1.50544965E-03   1.59782276E-03
        7600           1   2.59764038E-05   1.47835584E-03   1.57392363E-03
        7620           1   2.56113635E-05   1.45368185E-03   1.55156781E-03
        7640           1   2.52577356E-05   1.42678665E-03   1.52687193E-03
        7660           1   2.48669694E-05   1.40288915E-03   1.50282157E-03
        7680           1   2.45565207E-05   1.37973193E-03   1.47968170E-03
        7700           1   2.42415117E-05   1.35683210E-03   1.45621703E-03
        7720           1   2.39580258E-05   1.33270805E-03   1.43931794E-03
        7740           1   2.36818014E-05   1.31023047E-03   1.41390425E-03
        7760           1   2.34699437E-05   1.28679140E-03   1.39075576E-03
        7780           1   2.31990598E-05   1.26391451E-03   1.37015455E-03
        7800           1   2.29277575E-05   1.24688726E-03   1.35034346E-03
        7820           1   2.26587508E-05   1.22595462E-03   1.32612733E-03
        7840           1   2.24011565E-05   1.20451616E-03   1.30438420E-03
        7860           1   2.21000464E-05   1.18533231E-03   1.28231349E-03
        7880           1   2.18560890E-05   1.16698374E-03   1.26163242E-03
        7900           1   2.15499513E-05   1.14880339E-03   1.23932294E-03
        7920           1   2.12783834E-05   1.13265985E-03   1.21861859E-03
        7940           1   2.10471080E-05   1.11729628E-03   1.19884463E-03
        7960           1   2.08178644E-05   1.10023213E-03   1.17624295E-03
        7980           1   2.05844153E-05   1.08312606E-03   1.15600461E-03
        8000           1   2.03862764E-05   1.06738159E-03   1.13512168E-03
        8020           1   2.01106523E-05   1.05207157E-03   1.11481326E-03
        8040           1   1.99160222E-05   1.03637180E-03   1.09504338E-03
        8060           1   1.96735091E-05   1.02306809E-03   1.07772369E-03
        8080           1   1.94262429E-05   1.00677682E-03   1.05578371E-03
        8100           1   1.91753370E-05   9.93190799E-04   1.03754108E-03
        8120           1   1.88857339E-05   9.78904543E-04   1.01961463E-03
        8140           1   1.87248224E-05   9.64580162E-04   1.00328377E-03
        8160           1   1.84962009E-05   9.50501941E-04   9.85796680E-04
        8180           1   1.82952008E-05   9.38561570E-04   9.68751614E-04
        8200           1   1.80749848E-05   9.25517292E-04   9.50716494E-04
        8220           1   1.78710125E-05   9.12314455E-04   9.33899137E-04
        8240           1   1.77018082E-05   9.02484055E-04   9.18464677E-04
        8260           1   1.75419827E-05   8.88535171E-04   9.04876331E-04
        8280           1   1.72982345E-05   8.77681596E-04   8.88701004E-04
        8300           1   1.70728454E-05   8.67290888E-04   8.74310266E-04
        8320           1   1.68905208E-05   8.55124788E-04   8.62716697E-04
        8340           1   1.66752088E-05   8.45693809E-04   8.48184980E-04
        8360           1   1.64909652E-05   8.36697174E-04   8.36348627E-04
        8380           1   1.63514960E-05   8.25350347E-04   8.25323979E-04
        8400           1   1.61812477E-05   8.17033870E-04   8.12499085E-04
        8420           1   1.60599302E-05   8.08148528E-04   8.00594571E-04
        8440           1   1.58589046E-05   7.98296125E-04   7.90488382E-04
        8460           1   1.57430513E-05   7.91806087E-04   7.80300295E-04
        8480           1   1.55432972E-05   7.82324700E-04   7.70678802E-04
        8500           1   1.53470864E-05   7.73930689E-04   7.60738854E-04
        8520           1   1.51269332E-05   7.68639438E-04   7.51419575E-04
        8540           1   1.49788830E-05   7.60134717E-04   7.42553791E-04
        8560           1   1.48168765E-05   7.50448788E-04   7.33024965E-04
        8580           1   1.46878538E-05   7.44934543E-04   7.26908329E-04
        8600           1   1.45178510E-05   7.37765513E-04   7.17159244E-04
        8620           1   1.43996785E-05   7.30185769E-04   7.09190848E-04
        8640           1   1.42769622E-05   7.22055964E-04   7.01705518E-04
        8660           1   1.41376295E-05   7.13279936E-04   6.93763664E-04
        8680           1   1.39531985E-05   7.07920350E-04   6.87170192E-04
        8700           1   1.37798797E-05   6.97839831E-04   6.78795506E-04
        8720           1   1.35528217E-05   6.93140144E-04   6.72572991E-04
        8740           1   1.34015154E-05   6.83059858E-04   6.68287568E-04
        8760           1   1.32909136E-05   6.76613068E-04   6.62393752E-04
        8780           1   1.31902307E-05   6.71446789E-04   6.56064483E-04
        8800           1   1.31252800E-05   6.63106563E-04   6.50038652E-04
        8820           1   1.30729477E-05   6.53880357E-04   6.41906110E-04
        8840           1   1.30070039E-05   6.47422276E-04   6.35158562E-04
        8860           1   1.28997090E-05   6.39334961E-04   6.31528615E-04
        8880           1   1.27540716E-05   6.32237352E-04   6.25841029E-04
        8900           1   1.25875449E-05   6.23609289E-04   6.18979626E-04
        8920           1   1.24314556E-05   6.19916827E-04   6.11378637E-04
        8940           1   1.22520714E-05   6.11053372E-04   6.06180402E-04
        8960           1   1.21272242E-05   6.03350345E-04   5.99962601E-04
        8980           1   1.20246368E-05   5.96962636E-04   5.94048703E-04
        9000           1   1.19796005E-05   5.90155949E-04   5.88356110E-04
        9020           1   1.19033512E-05   5.83300774E-04   5.83493325E-04
        9040           1   1.17816526E-05   5.77151019E-04   5.77172672E-04
        9060           1   1.17036252E-05   5.71186421E-04   5.70035423E-04
        9080           1   1.15732500E-05   5.63732465E-04   5.63762849E-04
        9100           1   1.14538261E-05   5.60407410E-04   5.57843654E-04
        9120           1   1.12388425E-05   5.51680161E-04   5.51620207E-04
        9140           1   1.11501104E-05   5.47849399E-04   5.46715281E-04
        9160           1   1.11110985E-05   5.45356597E-04   5.41777234E-04
        9180           1   1.09958937E-05   5.40189969E-04   5.35631611E-04
        9200           1   1.09339035E-05   5.32918901E-04   5.28027827E-04
        9220           1   1.08984623E-05   5.26492367E-04   5.20227361E-04
        9240           1   1.08115273E-05   5.23838098E-04   5.15951309E-04
        9260           1   1.07215310E-05   5.20799833E-04   5.09053352E-04
        9280           1   1.06539346E-05   5.12813975E-04   5.03336312E-04
        9300           1   1.05660856E-05   5.09529025E-04   5.00058290E-04
        9320           1   1.04400478E-05   5.04162104E-04   4.93312487E-04
        9339           1   1.03166385E-05   4.99185175E-04   4.89780738E-04
 Solver: fs        , Convection scheme: quick     
 RE=   1000.00000     , N=          64
 Selected Time scheme:            2
 DT=   4.99999989E-03
 Wall-clock time (s):    35.1582870    
Note: The following floating-point exceptions are signalling: IEEE_UNDERFLOW_FLAG
