 DT=?
          20         796   9.99553376E-05  0.273914009      0.192352876    
          40         499   9.99408585E-05  0.139841765      0.125656992    
          60         280   9.98901887E-05  0.115301684      0.106818482    
          80         241   9.99607219E-05   9.93434861E-02   9.26889554E-02
         100         215   9.99526019E-05   8.53833780E-02   8.04979801E-02
         120         194   9.96160015E-05   7.37316161E-02   6.98199794E-02
         140         176   9.97493989E-05   6.27087355E-02   6.04536980E-02
         160         161   9.98023534E-05   5.28612323E-02   5.17749265E-02
         180         146   9.97081661E-05   4.39397283E-02   4.39298525E-02
         200         125   9.96099261E-05   3.59547511E-02   3.67530584E-02
         220         108   9.95807568E-05   2.89425682E-02   3.04227043E-02
         240          92   9.96688323E-05   2.29868498E-02   2.47750357E-02
         260          79   9.97257885E-05   1.80698652E-02   1.98146086E-02
         280          63   9.97386160E-05   1.40942410E-02   1.56082837E-02
         300          46   9.99820404E-05   1.09580085E-02   1.21419700E-02
         320          31   9.99050244E-05   8.51083361E-03   9.36988555E-03
         340          23   9.99150798E-05   6.60610572E-03   7.19723059E-03
         360          21   9.96507733E-05   5.13092475E-03   5.52358897E-03
         380          21   9.99605327E-05   3.98790417E-03   4.25154902E-03
         400          10   9.95676455E-05   3.11832875E-03   3.28491861E-03
         420          11   9.98913529E-05   2.43088789E-03   2.54944409E-03
         440          11   9.95678347E-05   1.89832808E-03   1.98727194E-03
         460           6   9.95513692E-05   1.48955290E-03   1.55208295E-03
         480           8   9.96083254E-05   1.16201246E-03   1.21524511E-03
         500           2   9.99503100E-05   9.17067751E-04   9.51341470E-04
         520           4   9.98055912E-05   7.15472794E-04   7.47020706E-04
         540           1   9.99771073E-05   5.64979739E-04   5.85317612E-04
         554           1   9.91384295E-05   4.73497144E-04   4.94406442E-04
 Solver: fs        , Convection scheme: uds       
 RE=   1000.00000     , N=          16
 Selected Time scheme:            2
 DT=   6.25000000E-02
 Wall-clock time (s):   0.623512030    
Note: The following floating-point exceptions are signalling: IEEE_UNDERFLOW_FLAG
