 N, URFU=?
          20           9   5.65721020E-02   9.40150209E-03   2.58217845E-02
          40           9   3.97535190E-02   1.62254535E-02   3.57485786E-02
          60           9   3.51696648E-02   2.13357862E-02   4.43331078E-02
          80           9   3.39135900E-02   2.58561410E-02   5.26922159E-02
         100           9   3.41148376E-02   2.98335310E-02   5.84163591E-02
         120           9   3.55436876E-02   3.28473262E-02   5.82977459E-02
         140           9   3.78933959E-02   3.44585031E-02   5.26357554E-02
         160           9   4.03090194E-02   3.48899588E-02   5.02905026E-02
         180           9   4.20722775E-02   3.43613736E-02   5.53832911E-02
         200           9   4.37524691E-02   3.29478979E-02   6.13227524E-02
         220           9   4.51455303E-02   3.05907466E-02   6.63271844E-02
         240           9   4.58294749E-02   2.76175663E-02   7.03135058E-02
         260           9   4.53926325E-02   2.35859249E-02   7.33224005E-02
         280           9   4.35147807E-02   1.93356778E-02   7.39834234E-02
         300           9   4.03439403E-02   2.14297008E-02   7.04078972E-02
         320           9   3.71290743E-02   2.58453675E-02   6.28908724E-02
         340           9   3.64317633E-02   2.84891799E-02   5.76610006E-02
         360           9   3.63458991E-02   2.88384128E-02   5.86626790E-02
         380           9   3.55655588E-02   2.71987300E-02   5.72508089E-02
         400           9   3.35994028E-02   2.41195057E-02   5.34815826E-02
         420           9   3.18257287E-02   2.02504061E-02   4.87341285E-02
         440           9   3.31606120E-02   1.68720894E-02   4.57272790E-02
         460           9   3.49806286E-02   1.77241303E-02   4.42858748E-02
         480           9   3.58011313E-02   1.99318901E-02   4.13160063E-02
         500           9   3.57265398E-02   2.19230931E-02   3.59143317E-02
         520           9   3.49674709E-02   2.31499579E-02   2.88390778E-02
         540           9   3.37489694E-02   2.34835912E-02   2.72496790E-02
         560           9   3.22322473E-02   2.30270941E-02   2.99446639E-02
         580           9   3.03969774E-02   2.19351407E-02   3.48199196E-02
         600           9   2.80186757E-02   2.04555318E-02   3.88570502E-02
         620           9   2.51307823E-02   1.87842138E-02   4.13233489E-02
         640           9   2.25378033E-02   1.72364134E-02   4.41431999E-02
         660           9   2.22554449E-02   1.62440743E-02   4.60574366E-02
         680           9   2.45033540E-02   1.58076547E-02   4.54817936E-02
         700           9   2.79708169E-02   1.60541795E-02   4.23346609E-02
         720           9   3.09941564E-02   1.62914675E-02   3.70151885E-02
         740           9   3.31267715E-02   1.62510965E-02   3.03868968E-02
         760           9   3.41523103E-02   1.59422737E-02   2.41296813E-02
         780           9   3.40819806E-02   1.54613359E-02   2.15973053E-02
         800           9   3.30445245E-02   1.49325542E-02   2.25118138E-02
         820           9   3.12740020E-02   1.45402346E-02   2.59107798E-02
         840           9   2.92201433E-02   1.47781270E-02   3.03284824E-02
         860           9   2.71396041E-02   1.61475111E-02   3.41075808E-02
         880           9   2.46660747E-02   1.75978765E-02   3.66535559E-02
         900           9   2.19678991E-02   1.87818427E-02   3.79853547E-02
         920           9   1.94793809E-02   1.96896400E-02   3.94218378E-02
         940           9   1.81130115E-02   2.04131007E-02   3.98438908E-02
         960           9   1.82731729E-02   2.10385621E-02   3.88597660E-02
         980           9   1.93578508E-02   2.13504825E-02   3.65545191E-02
        1000           9   2.09458303E-02   2.10819207E-02   3.30929160E-02
        1020           9   2.23414339E-02   2.02499200E-02   2.87245065E-02
        1040           9   2.33287178E-02   1.89441592E-02   2.39107423E-02
        1060           9   2.38551982E-02   1.73079763E-02   2.15478726E-02
        1080           9   2.39198618E-02   1.56377666E-02   2.08812002E-02
        1100           9   2.35285442E-02   1.41454339E-02   2.13052798E-02
        1120           9   2.26752050E-02   1.28492452E-02   2.18481645E-02
        1140           9   2.14274600E-02   1.16900727E-02   2.24126242E-02
        1160           9   1.99122541E-02   1.07184919E-02   2.28027478E-02
        1180           9   1.83439739E-02   1.00381561E-02   2.31566019E-02
        1200           9   1.72313023E-02   9.67997313E-03   2.39789095E-02
        1220           9   1.65148787E-02   9.55194235E-03   2.45126635E-02
        1240           9   1.60169899E-02   9.63289104E-03   2.43126675E-02
        1260           9   1.55585837E-02   9.96278599E-03   2.32116897E-02
        1280           9   1.52304415E-02   1.05362516E-02   2.12894585E-02
        1300           9   1.52497552E-02   1.12712318E-02   1.88512597E-02
        1320           9   1.56487860E-02   1.21302148E-02   1.69786811E-02
        1340           9   1.61267482E-02   1.31120440E-02   1.62849557E-02
        1360           9   1.64404958E-02   1.39823938E-02   1.55120175E-02
        1380           9   1.64793059E-02   1.46294264E-02   1.49453664E-02
        1400           9   1.62382200E-02   1.50189884E-02   1.55941732E-02
        1420           9   1.57736875E-02   1.51578039E-02   1.87160615E-02
        1440           9   1.52130304E-02   1.50670400E-02   2.18797717E-02
        1460           9   1.47758089E-02   1.47790853E-02   2.42747236E-02
        1480           9   1.45196887E-02   1.43969115E-02   2.57285982E-02
        1500           9   1.45437634E-02   1.40489805E-02   2.61526741E-02
        1520           9   1.46999536E-02   1.37142325E-02   2.55302880E-02
        1540           9   1.48611348E-02   1.33860027E-02   2.39166133E-02
        1560           9   1.49799502E-02   1.30431708E-02   2.14399975E-02
        1580           9   1.50025971E-02   1.26668457E-02   1.83146037E-02
        1600           9   1.48809142E-02   1.22415107E-02   1.49418740E-02
        1620           9   1.45761929E-02   1.17678661E-02   1.18051823E-02
        1640           9   1.40668098E-02   1.12590045E-02   1.01116365E-02
        1660           9   1.33662019E-02   1.07286647E-02   9.28124972E-03
        1680           9   1.25165144E-02   1.02028558E-02   9.60037671E-03
        1700           9   1.15829632E-02   9.72063839E-03   1.15124322E-02
        1720           9   1.06355026E-02   9.33677051E-03   1.31460391E-02
        1740           9   9.74863581E-03   9.12190881E-03   1.43346582E-02
        1760           9   8.99170060E-03   9.10948589E-03   1.50211640E-02
        1780           9   8.41688830E-03   9.28431097E-03   1.52325742E-02
        1800           9   8.08755215E-03   9.52661037E-03   1.51993893E-02
        1820           9   8.03691149E-03   9.79234278E-03   1.48950554E-02
        1840           9   8.18210095E-03   1.00636240E-02   1.41887590E-02
        1860           9   8.43409915E-03   1.03050396E-02   1.31137827E-02
        1880           9   8.75926483E-03   1.04776528E-02   1.17447693E-02
        1900           9   9.14691854E-03   1.05511015E-02   1.02357101E-02
        1920           9   9.59327910E-03   1.05035640E-02   9.13311541E-03
        1940           9   1.00606373E-02   1.03260223E-02   9.39042214E-03
        1960           9   1.05069680E-02   1.00267502E-02   9.93728172E-03
        1980           9   1.08977482E-02   9.63370781E-03   1.06495079E-02
        2000           9   1.11960294E-02   9.21356864E-03   1.14488341E-02
        2020           9   1.13723846E-02   8.81773233E-03   1.22654382E-02
        2040           9   1.14089735E-02   8.49001855E-03   1.28398277E-02
        2060           9   1.13041177E-02   8.25179834E-03   1.30900797E-02
        2080           9   1.10719977E-02   8.13515577E-03   1.30050695E-02
        2100           9   1.07390955E-02   8.13833997E-03   1.26021542E-02
        2120           9   1.03351427E-02   8.21029954E-03   1.19192814E-02
        2140           9   9.89158079E-03   8.31126980E-03   1.10183544E-02
        2160           9   9.42491740E-03   8.40764679E-03   1.00064762E-02
        2180           9   8.94699153E-03   8.46645515E-03   9.18043684E-03
        2200           9   8.46941583E-03   8.46906845E-03   8.67775362E-03
        2220           9   8.00004601E-03   8.40575993E-03   8.49815644E-03
        2240           9   7.54912663E-03   8.27638339E-03   8.56060348E-03
        2260           9   7.12631829E-03   8.09109397E-03   8.82336497E-03
        2280           9   6.74189255E-03   7.87262991E-03   9.21685342E-03
        2300           9   6.40735589E-03   7.64103699E-03   1.00819804E-02
        2320           9   6.15799893E-03   7.40892813E-03   1.10323690E-02
        2340           9   6.01709168E-03   7.18887243E-03   1.17459698E-02
        2360           9   5.96896792E-03   6.99533476E-03   1.21642118E-02
        2380           9   5.98063506E-03   6.83353934E-03   1.22628361E-02
        2400           9   6.02927618E-03   6.70930464E-03   1.20380111E-02
        2420           9   6.09711558E-03   6.63291989E-03   1.15021719E-02
        2440           9   6.16660994E-03   6.60984591E-03   1.06817745E-02
        2460           9   6.22689165E-03   6.63890736E-03   9.61597729E-03
        2480           9   6.28391793E-03   6.70631509E-03   8.43053311E-03
        2500           9   6.35500206E-03   6.79038931E-03   7.25941267E-03
        2520           9   6.48583611E-03   6.86786603E-03   6.21422194E-03
        2540           9   6.65187556E-03   6.91673439E-03   5.77490777E-03
        2560           9   6.80796709E-03   6.92160986E-03   5.62639255E-03
        2580           9   6.94549829E-03   6.87819719E-03   5.68056013E-03
        2600           9   7.05794152E-03   6.79313857E-03   6.04385883E-03
        2620           9   7.13930000E-03   6.68474752E-03   6.55984320E-03
        2640           9   7.18722306E-03   6.55740686E-03   7.07854051E-03
        2660           9   7.20030442E-03   6.39780797E-03   7.54646584E-03
        2680           9   7.17888586E-03   6.20903168E-03   7.91525561E-03
        2700           9   7.12001091E-03   5.99895651E-03   8.15461762E-03
        2720           9   7.02172425E-03   5.78413159E-03   8.25531129E-03
        2740           9   6.88065402E-03   5.60663780E-03   8.22163280E-03
        2760           9   6.69556297E-03   5.46557130E-03   8.06922838E-03
        2780           9   6.46506669E-03   5.34780603E-03   7.86382519E-03
        2800           9   6.19180594E-03   5.24669606E-03   7.73906987E-03
        2820           9   5.87955583E-03   5.16407657E-03   7.76545610E-03
        2840           9   5.53545170E-03   5.09903114E-03   7.86379166E-03
        2860           9   5.17043099E-03   5.04520908E-03   7.98488036E-03
        2880           9   4.79771383E-03   4.97989170E-03   8.09392147E-03
        2900           9   4.43474017E-03   4.86808829E-03   8.17415304E-03
        2920           9   4.11179196E-03   4.70784446E-03   8.21871310E-03
        2940           9   3.87870311E-03   4.52767685E-03   8.23283568E-03
        2960           9   3.74457310E-03   4.35569603E-03   8.36809073E-03
        2980           9   3.69879208E-03   4.20583552E-03   8.46280996E-03
        3000           9   3.69943678E-03   4.10670321E-03   8.43219738E-03
        3020           9   3.72239389E-03   4.09178017E-03   8.26571696E-03
        3040           9   3.75175546E-03   4.13435791E-03   7.96403922E-03
        3060           9   3.77640314E-03   4.21730569E-03   7.53709674E-03
        3080           9   3.78934573E-03   4.31624614E-03   7.01868348E-03
        3100           9   3.78547772E-03   4.41996381E-03   6.41458109E-03
        3120           9   3.76616069E-03   4.51690983E-03   5.81273343E-03
        3140           9   3.73770227E-03   4.59520053E-03   5.33485878E-03
        3160           9   3.71234328E-03   4.64411872E-03   5.10927103E-03
        3180           9   3.71101988E-03   4.65544965E-03   4.98413201E-03
        3200           9   3.77940945E-03   4.62342007E-03   4.95472411E-03
        3220           9   3.91246611E-03   4.54680901E-03   4.99430764E-03
        3240           9   4.06116713E-03   4.42957692E-03   5.05914260E-03
        3260           9   4.19088267E-03   4.27933969E-03   5.13196737E-03
        3280           9   4.28957399E-03   4.10029013E-03   5.25399158E-03
        3300           9   4.35092207E-03   3.90068325E-03   5.37744723E-03
        3320           9   4.37026657E-03   3.69178434E-03   5.44936210E-03
        3340           9   4.34593204E-03   3.48596182E-03   5.45295468E-03
        3360           9   4.27770242E-03   3.29926889E-03   5.39861945E-03
        3380           9   4.16864268E-03   3.16103385E-03   5.30460384E-03
        3400           9   4.02382854E-03   3.07958713E-03   5.18418290E-03
        3420           9   3.84949660E-03   3.03448434E-03   5.07601211E-03
        3440           9   3.65357730E-03   3.00605921E-03   5.06547326E-03
        3460           9   3.44409794E-03   2.97963340E-03   5.12618897E-03
        3480           9   3.22910002E-03   2.94415001E-03   5.26548363E-03
        3500           9   3.01662716E-03   2.89167510E-03   5.49035240E-03
        3520           9   2.81522586E-03   2.81737512E-03   5.77157363E-03
        3540           9   2.63262098E-03   2.72031105E-03   6.10302202E-03
        3560           9   2.46965489E-03   2.60619400E-03   6.45005144E-03
        3580           9   2.32907687E-03   2.49305344E-03   6.76935306E-03
        3600           9   2.21303268E-03   2.39765272E-03   7.05347862E-03
        3620           9   2.12343968E-03   2.33366480E-03   7.30004301E-03
        3640           9              NaN              NaN              NaN
        3660           9              NaN              NaN              NaN
        3680           9              NaN              NaN              NaN
        3700           9              NaN              NaN              NaN
        3720           9              NaN              NaN              NaN
        3740           9              NaN              NaN              NaN
        3760           9              NaN              NaN              NaN
        3780           9              NaN              NaN              NaN
        3800           9              NaN              NaN              NaN
        3820           9              NaN              NaN              NaN
        3840           9              NaN              NaN              NaN
        3860           9              NaN              NaN              NaN
        3880           9              NaN              NaN              NaN
        3900           9              NaN              NaN              NaN
        3920           9              NaN              NaN              NaN
        3940           9              NaN              NaN              NaN
        3960           9              NaN              NaN              NaN
        3980           9              NaN              NaN              NaN
        4000           9              NaN              NaN              NaN
        4001           9              NaN              NaN              NaN
 Solver: simple    , Convection scheme: quick     
 RE=   1000.00000     , N=         128
 URFU=  0.100000001     , URFP=  0.300000012    
 Wall-clock time (s):    43.7222328    
Note: The following floating-point exceptions are signalling: IEEE_INVALID_FLAG IEEE_DIVIDE_BY_ZERO IEEE_OVERFLOW_FLAG IEEE_UNDERFLOW_FLAG
