 NTRANS, N, DT=?
          20        6179   9.99858676E-05   9.37607384       3.75844240    
          40        1448   9.99963522E-05   6.07872391       2.72464371    
          60         937   9.99996919E-05   4.69872570       2.36202335    
          80         727   9.99954136E-05   3.92928100       2.23247004    
         100         631   9.99802578E-05   3.44215560       2.19983673    
         120         586   9.99709664E-05   3.12191653       2.20508671    
         140         560   9.99681870E-05   2.91251326       2.22100186    
         160         537   9.99974218E-05   2.78804350       2.23253775    
         180         515   9.99819094E-05   2.72846103       2.23610210    
         200         495   9.99749609E-05   2.70257425       2.23087144    
         220         474   9.99986660E-05   2.69564533       2.21962690    
         240         457   9.99667682E-05   2.69606161       2.20843077    
         260         445   9.99825497E-05   2.69878650       2.19955730    
         280         433   9.99956974E-05   2.70084858       2.19365191    
         300         425   9.99830736E-05   2.69930625       2.18887949    
         320         416   9.99735421E-05   2.69364738       2.18322062    
         340         408   9.99994518E-05   2.68442369       2.17545915    
         360         400   9.99981639E-05   2.67051697       2.16500592    
         380         394   9.99943950E-05   2.65159488       2.15251637    
         400         387   9.99730619E-05   2.62908268       2.13791823    
         420         381   9.99897820E-05   2.60263491       2.12159061    
         440         376   9.99714248E-05   2.57326102       2.10372901    
         460         369   9.99879339E-05   2.54181266       2.08467364    
         480         363   9.99619879E-05   2.50855780       2.06453204    
         500         357   9.99643162E-05   2.47362995       2.04362774    
         520         353   9.99616459E-05   2.43798733       2.02188587    
         540         345   9.99979020E-05   2.40150762       1.99933708    
         560         340   9.99799813E-05   2.36423159       1.97673750    
         580         335   9.99808981E-05   2.32714295       1.95374250    
         600         330   9.99981712E-05   2.28996253       1.93032455    
         620         325   9.99715267E-05   2.25283337       1.90661573    
         640         321   9.99638141E-05   2.21583796       1.88280368    
         660         315   9.99802214E-05   2.17922950       1.85891426    
         680         309   9.99648837E-05   2.14280701       1.83511746    
         700         305   9.99717449E-05   2.10682464       1.81139755    
         720         301   9.99615950E-05   2.07118082       1.78761089    
         740         294   9.99641125E-05   2.03606653       1.76387382    
         760         290   9.99682234E-05   2.00133562       1.74036145    
         780         284   9.99924450E-05   1.96700096       1.71689606    
         800         281   9.99623735E-05   1.93321168       1.69364786    
         820         276   9.99956828E-05   1.89977133       1.67056179    
         840         273   9.99773183E-05   1.86688542       1.64775133    
         860         267   9.99990079E-05   1.83454692       1.62517166    
         880         263   9.99791882E-05   1.80252433       1.60284078    
         900         260   9.99869299E-05   1.77088547       1.58082080    
         920         254   9.99679905E-05   1.73970938       1.55896628    
         940         250   9.99996555E-05   1.70900774       1.53742886    
         960         247   9.99856275E-05   1.67866874       1.51620030    
         980         242   9.99936237E-05   1.64867246       1.49528170    
        1000         238   9.99725598E-05   1.61917663       1.47466242    
        1020         236   9.99866752E-05   1.58997655       1.45431340    
        1040         232   9.99669792E-05   1.56110311       1.43424964    
        1060         227   9.99636322E-05   1.53282809       1.41446435    
        1080         224   9.99794938E-05   1.50478935       1.39505863    
        1100         220   9.99730473E-05   1.47726870       1.37583828    
        1120         217   9.99682234E-05   1.45007777       1.35697389    
        1140         212   9.99967742E-05   1.42336774       1.33841252    
        1160         209   9.99760814E-05   1.39706659       1.31991565    
        1180         204   9.99814365E-05   1.37117410       1.30151463    
        1200         201   9.99959811E-05   1.34580088       1.28323531    
        1220         197   9.99853946E-05   1.32083106       1.26491344    
        1240         195   9.99973636E-05   1.29634500       1.24675143    
        1260         191   9.99795666E-05   1.27230310       1.22850180    
        1280         187   9.99753611E-05   1.24874878       1.21030736    
        1300         184   9.99863696E-05   1.22566199       1.19212222    
        1320         180   9.99877229E-05   1.20292163       1.17387593    
        1340         177   9.99633121E-05   1.18070686       1.15563416    
        1360         175   9.99796903E-05   1.15881872       1.13734615    
        1380         172   9.99637123E-05   1.13746452       1.11907053    
        1400         168   9.99908589E-05   1.11648774       1.10077786    
        1420         164   9.99707845E-05   1.09584939       1.08250773    
        1440         160   9.99885160E-05   1.07567763       1.06423879    
        1460         159   9.99611075E-05   1.05580592       1.04602015    
        1480         155   9.99762269E-05   1.03634882       1.02788210    
        1500         151   9.99856275E-05   1.01729345       1.00972950    
        1520         150   9.99809563E-05  0.998509169      0.991766214    
        1540         146   9.99896802E-05  0.980126917      0.973808587    
        1560         143   9.99976255E-05  0.962082982      0.955993652    
        1580         140   9.99875774E-05  0.944371939      0.938354731    
        1600         138   9.99801487E-05  0.926944733      0.920793056    
        1620         135   9.99970653E-05  0.909893036      0.903433204    
        1640         132   9.99867625E-05  0.893169761      0.886254132    
        1660         130   9.99937474E-05  0.876692593      0.869273067    
        1680         128   9.99768235E-05  0.860511243      0.852473736    
        1700         126   9.99459589E-05  0.844654977      0.835927904    
        1720         123   9.99677140E-05  0.829079211      0.819596171    
        1740         122   9.99614276E-05  0.813733459      0.803490162    
        1760         118   9.99692711E-05  0.798672080      0.787625372    
        1780         117   9.99890763E-05  0.783833265      0.772045255    
        1800         116   9.99601398E-05  0.769251645      0.756730914    
        1820         112   9.99888143E-05  0.754917681      0.741614699    
        1840         111   9.99972763E-05  0.740765512      0.726802170    
        1860         110   9.99851982E-05  0.726780295      0.712281704    
        1880         107   9.99693657E-05  0.712974966      0.697988391    
        1900         104   9.99956392E-05  0.699391067      0.683943331    
        1920         103   9.99713375E-05  0.685944200      0.670162380    
        1940         102   9.99684926E-05  0.672622323      0.656625986    
        1960         100   9.99749755E-05  0.659461796      0.643335044    
        1980          98   9.99672702E-05  0.646399736      0.630274475    
        2000          96   9.99884433E-05  0.633457661      0.617411494    
        2020          95   9.99669937E-05  0.620632231      0.604775786    
        2040          92   9.99842960E-05  0.607927740      0.592324197    
        2060          92   9.99590920E-05  0.595304668      0.580081344    
        2080          89   9.99690164E-05  0.582784116      0.567998052    
        2100          89   9.99573531E-05  0.570330560      0.556123018    
        2120          87   9.99505355E-05  0.557968378      0.544394135    
        2140          84   9.99662807E-05  0.545714080      0.532815576    
        2160          82   9.99813055E-05  0.533561230      0.521386802    
        2180          82   9.99811236E-05  0.521494150      0.510107517    
        2200          80   9.99804179E-05  0.509533048      0.498940945    
        2220          77   9.99892218E-05  0.497673482      0.487898469    
        2240          75   9.99843687E-05  0.485916644      0.476997882    
        2260          75   9.99764379E-05  0.474261582      0.466223001    
        2280          73   9.99687691E-05  0.462743819      0.455555290    
        2300          70   9.99863842E-05  0.451367706      0.444977343    
        2320          70   9.99470503E-05  0.440107405      0.434539378    
        2340          67   9.99754484E-05  0.429023474      0.424193799    
        2360          66   9.99667609E-05  0.418070167      0.413976550    
        2380          65   9.99916956E-05  0.407287687      0.403869033    
        2400          62   9.99608383E-05  0.396669775      0.393889219    
        2420          62   9.99898839E-05  0.386217296      0.384048074    
        2440          59   9.99961558E-05  0.375973135      0.374326408    
        2460          58   9.99690892E-05  0.365900218      0.364747465    
        2480          57   9.99581389E-05  0.356026173      0.355303973    
        2500          56   9.99798212E-05  0.346340895      0.345999777    
        2520          54   9.99668919E-05  0.336860090      0.336854428    
        2540          52   9.99660260E-05  0.327591062      0.327858567    
        2560          51   9.99835247E-05  0.318518370      0.319046855    
        2580          50   9.99786498E-05  0.309650064      0.310390085    
        2600          48   9.99832337E-05  0.300984114      0.301928133    
        2620          47   9.99998883E-05  0.292529315      0.293640792    
        2640          46   9.99748663E-05  0.284274817      0.285560191    
        2660          45   9.99495387E-05  0.276222229      0.277672857    
        2680          44   9.99883996E-05  0.268377036      0.269975752    
        2700          42   9.99612967E-05  0.260726720      0.262484401    
        2720          40   9.99896729E-05  0.253295124      0.255175501    
        2740          40   9.99922413E-05  0.246038005      0.248067528    
        2760          40   9.99778058E-05  0.238962695      0.241155922    
        2780          38   9.99746480E-05  0.232075527      0.234426647    
        2800          38   9.99593249E-05  0.225379288      0.227901250    
        2820          37   9.99833719E-05  0.218852982      0.221555978    
        2840          35   9.99675758E-05  0.212510288      0.215369135    
        2860          35   9.99491240E-05  0.206321120      0.209367841    
        2880          34   9.99730983E-05  0.200307459      0.203530848    
        2900          34   9.99932599E-05  0.194448516      0.197855368    
        2920          32   9.99860131E-05  0.188745096      0.192340136    
        2940          32   9.99600888E-05  0.183173046      0.186972678    
        2960          31   9.99840631E-05  0.177761137      0.181749403    
        2980          30   9.99576951E-05  0.172477320      0.176659524    
        3000          29   9.99823242E-05  0.167341933      0.171709046    
        3020          29   9.99830227E-05  0.162326977      0.166898385    
        3040          27   9.99879048E-05  0.157464355      0.162196726    
        3060          28   9.99457916E-05  0.152680129      0.157637537    
        3080          25   9.99979093E-05  0.148066565      0.153154999    
        3100          26   9.99896074E-05  0.143547714      0.148813650    
        3120          25   9.99796757E-05  0.139159366      0.144568160    
        3140          23   9.99748299E-05  0.134878486      0.140408769    
        3160          24   9.99665717E-05  0.130711079      0.136359677    
        3180          23   9.99689873E-05  0.126670271      0.132410467    
        3200          24   9.99481854E-05  0.122718453      0.128562972    
        3220          22   9.99571712E-05  0.118910678      0.124790974    
        3240          22   9.99744880E-05  0.115195408      0.121111952    
        3260          21   9.99953700E-05  0.111590013      0.117520355    
        3280          21   9.99761905E-05  0.108094089      0.114015155    
        3300          19   9.99854965E-05  0.104708932      0.110585809    
        3320          19   9.99818803E-05  0.101410002      0.107260369    
        3340          19   9.99703625E-05   9.82132480E-02  0.104012512    
        3360          17   9.99853801E-05   9.51407701E-02  0.100838318    
        3380          18   9.99893091E-05   9.21377912E-02   9.77611095E-02
        3400          18   9.99680633E-05   8.92215744E-02   9.47510004E-02
        3420          18   9.99461408E-05   8.64007920E-02   9.18382257E-02
        3440          17   9.99936747E-05   8.36828351E-02   8.90001655E-02
        3460          16   9.99879485E-05   8.10493901E-02   8.62509832E-02
        3480          16   9.99705444E-05   7.84796029E-02   8.35741311E-02
        3500          13   9.99997792E-05   7.60223046E-02   8.09799358E-02
        3520          14   9.99992044E-05   7.36269131E-02   7.84929022E-02
        3540          14   9.99967160E-05   7.13155046E-02   7.60756657E-02
        3560          13   9.99974582E-05   6.90902621E-02   7.37331510E-02
        3580          14   9.99827171E-05   6.69191033E-02   7.14627579E-02
        3600          13   9.99698750E-05   6.48369044E-02   6.92643970E-02
        3620          13   9.99759650E-05   6.28349185E-02   6.71539009E-02
        3640          12   9.99770054E-05   6.08986653E-02   6.51134774E-02
        3660          12   9.99769254E-05   5.90251461E-02   6.31388277E-02
        3680          12   9.99701515E-05   5.72190955E-02   6.12458996E-02
        3700          12   9.99988770E-05   5.54972477E-02   5.94099164E-02
        3720          11   9.99626136E-05   5.38313128E-02   5.76250851E-02
        3740          11   9.99817930E-05   5.21941930E-02   5.59011102E-02
        3760          11   9.99777185E-05   5.06342463E-02   5.42529710E-02
        3780          11   9.99736876E-05   4.91344854E-02   5.26474193E-02
        3800           9   9.99992990E-05   4.76888977E-02   5.10967039E-02
        3820           9   9.99872136E-05   4.62702289E-02   4.95984741E-02
        3840           9   9.99824333E-05   4.49062139E-02   4.81634401E-02
        3860           9   9.99770928E-05   4.35877554E-02   4.67694364E-02
        3880           9   9.99734912E-05   4.23116498E-02   4.54303585E-02
        3900           8   9.99945696E-05   4.10688967E-02   4.41290177E-02
        3920          10   9.99839904E-05   3.98451611E-02   4.28728685E-02
        3940           8   9.99681797E-05   3.86725441E-02   4.16468121E-02
        3960           9   9.99646509E-05   3.75287347E-02   4.04875316E-02
        3980           8   9.99866752E-05   3.64217870E-02   3.93454246E-02
        4000           9   9.99590920E-05   3.53393517E-02   3.82503793E-02
        4020           9   9.99800977E-05   3.43008637E-02   3.71746533E-02
        4040           9   9.99634794E-05   3.32744978E-02   3.61395888E-02
        4060           8   9.99625481E-05   3.22869085E-02   3.51190343E-02
        4080           7   9.99709227E-05   3.13207656E-02   3.41169648E-02
        4100           7   9.99967669E-05   3.03679388E-02   3.31331342E-02
        4120           7   9.99718468E-05   2.94548515E-02   3.21949013E-02
        4140           6   9.99882832E-05   2.85742544E-02   3.12807076E-02
        4160           7   9.99742770E-05   2.77179778E-02   3.03993896E-02
        4180           6   9.99636104E-05   2.68905591E-02   2.95359846E-02
        4200           6   9.99987751E-05   2.60829367E-02   2.86759082E-02
        4220           5   9.99933472E-05   2.52938345E-02   2.78351195E-02
        4240           7   9.99462136E-05   2.45247632E-02   2.70154681E-02
        4260           5   9.99647309E-05   2.38055382E-02   2.62272842E-02
        4280           6   9.99946205E-05   2.31198762E-02   2.54725367E-02
        4300           5   9.99948606E-05   2.24636849E-02   2.47288365E-02
        4320           5   9.99958502E-05   2.18216069E-02   2.40004640E-02
        4340           6   9.99648255E-05   2.11783908E-02   2.32687891E-02
        4360           4   9.99821787E-05   2.05799658E-02   2.25699618E-02
        4380           5   9.99749755E-05   2.00032238E-02   2.18964368E-02
        4400           4   9.99525146E-05   1.94427576E-02   2.12532040E-02
        4420           5   9.99919430E-05   1.89028550E-02   2.06220970E-02
        4440           5   9.99681433E-05   1.83878001E-02   2.00191140E-02
        4460           5   9.99855183E-05   1.78735815E-02   1.94185469E-02
        4480           4   9.99654367E-05   1.73915140E-02   1.88475382E-02
        4500           3   9.99788754E-05   1.69326216E-02   1.82981510E-02
        4520           3   9.99990007E-05   1.64908376E-02   1.77732576E-02
        4540           3   9.99663025E-05   1.60506144E-02   1.72554255E-02
        4560           4   9.99740296E-05   1.56236952E-02   1.67598892E-02
        4580           4   9.99942567E-05   1.52150877E-02   1.62673425E-02
        4600           5   9.99847907E-05   1.48249585E-02   1.58099718E-02
        4620           4   9.99951662E-05   1.44624989E-02   1.53750433E-02
        4640           2   9.99978947E-05   1.41082630E-02   1.49542103E-02
        4660           3   9.99872354E-05   1.37540540E-02   1.45384585E-02
        4680           3   9.99871772E-05   1.34164412E-02   1.41419368E-02
        4700           4   9.99910917E-05   1.30860135E-02   1.37566151E-02
        4720           4   9.99882468E-05   1.27553586E-02   1.33799342E-02
        4740           3   9.99618205E-05   1.24443509E-02   1.30272461E-02
        4760           4   9.99849653E-05   1.21371727E-02   1.26887485E-02
        4780           4   9.99853655E-05   1.18368529E-02   1.23517215E-02
        4800           4   9.99788681E-05   1.15559492E-02   1.20510776E-02
        4820           2   9.99814292E-05   1.12650394E-02   1.17458086E-02
        4840           3   9.99612021E-05   1.09897796E-02   1.14663001E-02
        4860           3   9.99711847E-05   1.07203517E-02   1.11900559E-02
        4880           3   9.99722251E-05   1.04524046E-02   1.09198550E-02
        4900           4   9.99702170E-05   1.01825111E-02   1.06557189E-02
        4920           3   9.99682670E-05   9.93336271E-03   1.04179448E-02
        4940           2   9.99867116E-05   9.68265720E-03   1.01812407E-02
        4960           3   9.99684635E-05   9.43977851E-03   9.95668583E-03
        4980           2   9.99949189E-05   9.20488313E-03   9.72626545E-03
        5000           2   9.99773983E-05   8.96205846E-03   9.50986892E-03
        5020           2   9.99751719E-05   8.72518681E-03   9.28333215E-03
        5040           2   9.99848562E-05   8.49986076E-03   9.07446817E-03
        5060           2   9.99563708E-05   8.29321891E-03   8.87137745E-03
        5080           3   9.99600015E-05   8.07045214E-03   8.66162032E-03
        5100           2   9.99674739E-05   7.86867645E-03   8.46547447E-03
        5120           2   9.99846234E-05   7.67896045E-03   8.27346463E-03
        5140           1   9.99939584E-05   7.49586709E-03   8.07966385E-03
        5160           1   9.99922559E-05   7.32251583E-03   7.89163820E-03
        5180           2   9.99936892E-05   7.14075565E-03   7.70529034E-03
        5200           2   9.99442054E-05   6.96621137E-03   7.51591381E-03
        5220           2   9.99857002E-05   6.81840023E-03   7.33551988E-03
        5240           2   9.99624244E-05   6.66229660E-03   7.16322148E-03
        5260           1   9.99803597E-05   6.51040906E-03   6.98167318E-03
        5280           2   9.99417534E-05   6.37635356E-03   6.80961320E-03
        5300           2   9.99812473E-05   6.24370528E-03   6.64961850E-03
        5320           2   9.99506010E-05   6.11169683E-03   6.48448989E-03
        5340           2   9.99512267E-05   5.97962225E-03   6.31538080E-03
        5360           2   9.99574549E-05   5.85373025E-03   6.15561800E-03
        5380           2   9.99772165E-05   5.73198870E-03   6.00122148E-03
        5400           1   9.99844415E-05   5.61982067E-03   5.85832540E-03
        5420           1   9.99918702E-05   5.50400186E-03   5.71183627E-03
        5440           2   9.99682889E-05   5.39189856E-03   5.56735834E-03
        5460           2   9.99364711E-05   5.27895149E-03   5.42870490E-03
        5480           2   9.99652111E-05   5.17398678E-03   5.29898796E-03
        5500           1   9.99604308E-05   5.07602328E-03   5.17422985E-03
        5520           2   9.99542681E-05   4.97587537E-03   5.04756253E-03
        5540           2   9.99582990E-05   4.88025602E-03   4.92864661E-03
        5560           1   9.99871991E-05   4.77928063E-03   4.81018284E-03
        5580           1   9.99989643E-05   4.70019598E-03   4.70297784E-03
        5600           1   9.99498734E-05   4.60117729E-03   4.58554784E-03
        5620           2   9.99410622E-05   4.50926134E-03   4.47061425E-03
        5640           2   9.99447075E-05   4.42678761E-03   4.37254040E-03
        5660           1   9.99901240E-05   4.34861518E-03   4.27518552E-03
        5680           1   9.99950935E-05   4.27476130E-03   4.19566873E-03
        5700           2   9.99246695E-05   4.20001661E-03   4.10920428E-03
        5720           1   9.99787808E-05   4.12149820E-03   4.01499961E-03
        5740           1   9.99695767E-05   4.04343056E-03   3.93475778E-03
        5760           1   9.99704862E-05   3.96619225E-03   3.85070080E-03
        5780           2   9.99539407E-05   3.89378192E-03   3.77982762E-03
        5800           1   9.99240510E-05   3.82199464E-03   3.71077005E-03
        5820           1   9.99616968E-05   3.74699826E-03   3.63898138E-03
        5840           1   9.99972908E-05   3.68034444E-03   3.57060554E-03
        5860           1   9.99983822E-05   3.60708474E-03   3.50203272E-03
        5880           1   9.99751283E-05   3.53360688E-03   3.43387737E-03
        5900           1   9.99423137E-05   3.46544618E-03   3.36834788E-03
        5920           1   9.99698532E-05   3.40069318E-03   3.30649014E-03
        5940           1   9.99272379E-05   3.33530223E-03   3.24897957E-03
        5960           1   9.96541348E-05   3.27524357E-03   3.19922599E-03
        5980           1   9.95830196E-05   3.20562627E-03   3.14272847E-03
        6000           1   9.94266375E-05   3.15064564E-03   3.09521332E-03
        6020           1   9.90746776E-05   3.09503847E-03   3.05678346E-03
        6040           1   9.84694852E-05   3.05428146E-03   3.02631967E-03
        6060           1   9.74934810E-05   3.00298957E-03   2.98790890E-03
        6080           1   9.62380000E-05   2.95361178E-03   2.95646419E-03
        6100           1   9.47379158E-05   2.91060028E-03   2.93061975E-03
        6120           1   9.30498645E-05   2.86566280E-03   2.90587638E-03
        6140           1   9.12659889E-05   2.84449290E-03   2.90031545E-03
        6160           1   8.95886988E-05   2.81656068E-03   2.87860259E-03
        6180           1   8.80054649E-05   2.78346566E-03   2.85174581E-03
        6200           1   8.67587951E-05   2.75533088E-03   2.82925880E-03
        6220           1   8.56832994E-05   2.71908706E-03   2.79317331E-03
        6240           1   8.49532444E-05   2.69194087E-03   2.76413234E-03
        6260           1   8.43733142E-05   2.67292140E-03   2.73386808E-03
        6280           1   8.40236899E-05   2.64545996E-03   2.70004105E-03
        6300           1   8.37432235E-05   2.62036128E-03   2.65104137E-03
        6320           1   8.34782477E-05   2.60528061E-03   2.60659750E-03
        6340           1   8.31483776E-05   2.58728489E-03   2.56225560E-03
        6360           1   8.27609474E-05   2.57506710E-03   2.52426602E-03
        6380           1   8.22553047E-05   2.56599672E-03   2.49808072E-03
        6400           1   8.15176245E-05   2.56222021E-03   2.47594272E-03
        6420           1   8.06990211E-05   2.54804967E-03   2.45433347E-03
        6440           1   7.97919492E-05   2.52304948E-03   2.42244964E-03
        6460           1   7.88258621E-05   2.50724447E-03   2.39551859E-03
        6480           1   7.79489710E-05   2.48001912E-03   2.36617704E-03
        6500           1   7.71136620E-05   2.45884503E-03   2.34087184E-03
        6520           1   7.64269280E-05   2.42767879E-03   2.31020572E-03
        6540           1   7.58522583E-05   2.40452308E-03   2.28608027E-03
        6560           1   7.54281718E-05   2.37858272E-03   2.25833012E-03
        6580           1   7.50415566E-05   2.35936651E-03   2.23646360E-03
        6600           1   7.46353253E-05   2.33700452E-03   2.21347716E-03
        6620           1   7.42345874E-05   2.31785374E-03   2.19094264E-03
        6640           1   7.37361479E-05   2.30756449E-03   2.17307359E-03
        6660           1   7.31748660E-05   2.29316158E-03   2.16197083E-03
        6680           1   7.25497448E-05   2.27490487E-03   2.14361539E-03
        6700           1   7.19075906E-05   2.26171734E-03   2.12689163E-03
        6720           1   7.11836256E-05   2.23784638E-03   2.10753363E-03
        6740           1   7.04965423E-05   2.22219690E-03   2.09215540E-03
        6760           1   6.98662479E-05   2.20761122E-03   2.08143704E-03
        6780           1   6.92504618E-05   2.18074489E-03   2.06415984E-03
        6800           1   6.87074935E-05   2.15442711E-03   2.04230053E-03
        6820           1   6.82132304E-05   2.13684281E-03   2.02791765E-03
        6840           1   6.77481075E-05   2.12267786E-03   2.01553036E-03
        6860           1   6.73296236E-05   2.09316518E-03   1.99126895E-03
        6880           1   6.70036316E-05   2.06840318E-03   1.96981640E-03
        6900           1   6.66843043E-05   2.04958860E-03   1.95489172E-03
        6920           1   6.63912215E-05   2.02906085E-03   1.94418128E-03
        6940           1   6.60555015E-05   2.00400618E-03   1.92727020E-03
        6960           1   6.56585908E-05   1.99049339E-03   1.91571540E-03
        6980           1   6.51242080E-05   1.96498493E-03   1.89875439E-03
        7000           1   6.44927350E-05   1.94800831E-03   1.88016321E-03
        7020           1   6.38163838E-05   1.93571101E-03   1.87161716E-03
        7040           1   6.30830764E-05   1.93170167E-03   1.86452270E-03
        7060           1   6.23749875E-05   1.92049600E-03   1.85289932E-03
        7080           1   6.16941979E-05   1.91457709E-03   1.83370116E-03
        7100           1   6.10893112E-05   1.90509728E-03   1.81788602E-03
        7120           1   6.05650530E-05   1.89324399E-03   1.79712288E-03
        7140           1   6.00726707E-05   1.88434462E-03   1.77785894E-03
        7160           1   5.96699938E-05   1.87523244E-03   1.75887055E-03
        7180           1   5.93402365E-05   1.86576904E-03   1.74122734E-03
        7200           1   5.90582422E-05   1.85816782E-03   1.72291673E-03
        7220           1   5.87973518E-05   1.84545841E-03   1.69860525E-03
        7240           1   5.86249735E-05   1.82768377E-03   1.68029545E-03
        7260           1   5.83960682E-05   1.81591650E-03   1.65897631E-03
        7280           1   5.80949563E-05   1.80622272E-03   1.64605875E-03
        7300           1   5.77423743E-05   1.79812463E-03   1.63032871E-03
        7320           1   5.73918078E-05   1.78035942E-03   1.62062969E-03
        7340           1   5.69366166E-05   1.77053874E-03   1.61116431E-03
        7360           1   5.63525537E-05   1.75903598E-03   1.60896638E-03
        7380           1   5.57939784E-05   1.74649199E-03   1.59525231E-03
        7400           1   5.52494967E-05   1.74041430E-03   1.59257429E-03
        7420           1   5.47178643E-05   1.72899861E-03   1.59634033E-03
        7440           1   5.42801135E-05   1.71470677E-03   1.60036003E-03
        7460           1   5.38921959E-05   1.69774157E-03   1.59323053E-03
        7480           1   5.35207146E-05   1.67565816E-03   1.58250600E-03
        7500           1   5.33036291E-05   1.66614144E-03   1.57523446E-03
        7520           1   5.30707694E-05   1.65083411E-03   1.57216331E-03
        7540           1   5.28784731E-05   1.63379021E-03   1.55802944E-03
        7560           1   5.26340591E-05   1.61756226E-03   1.54823414E-03
        7580           1   5.24452189E-05   1.61117082E-03   1.53605908E-03
        7600           1   5.22246264E-05   1.59735035E-03   1.52588484E-03
        7620           1   5.20275134E-05   1.58840709E-03   1.51380198E-03
        7640           1   5.17082153E-05   1.58012973E-03   1.50672032E-03
        7660           1   5.13921404E-05   1.57127809E-03   1.49760430E-03
        7680           1   5.09717720E-05   1.56921579E-03   1.49622175E-03
        7700           1   5.05357857E-05   1.56182970E-03   1.48582109E-03
        7720           1   5.00859860E-05   1.54731295E-03   1.47356617E-03
        7740           1   4.96268476E-05   1.54066994E-03   1.46285363E-03
        7760           1   4.92195759E-05   1.53391052E-03   1.46104896E-03
        7780           1   4.87812067E-05   1.53194880E-03   1.45425613E-03
        7800           1   4.84469674E-05   1.52949512E-03   1.46542466E-03
        7820           1   4.80758463E-05   1.51291932E-03   1.44896877E-03
        7840           1   4.77077301E-05   1.50069816E-03   1.44104857E-03
        7860           1   4.73476830E-05   1.48589257E-03   1.42149720E-03
        7880           1   4.70441810E-05   1.47178245E-03   1.40964577E-03
        7900           1   4.68100989E-05   1.46477227E-03   1.39930740E-03
        7920           1   4.65303856E-05   1.45364646E-03   1.37994834E-03
        7940           1   4.62453609E-05   1.45152002E-03   1.36815396E-03
        7960           1   4.59842813E-05   1.44582195E-03   1.35707599E-03
        7980           1   4.57980459E-05   1.44303718E-03   1.34193129E-03
        8000           1   4.56499292E-05   1.44227373E-03   1.32926158E-03
        8020           1   4.54080364E-05   1.43665250E-03   1.31601002E-03
        8040           1   4.52025088E-05   1.43482210E-03   1.30346441E-03
        8060           1   4.49862637E-05   1.42237800E-03   1.28565938E-03
        8080           1   4.47637540E-05   1.41539599E-03   1.26641686E-03
        8100           1   4.45579826E-05   1.40952179E-03   1.27165334E-03
        8120           1   4.43578938E-05   1.40676880E-03   1.27429899E-03
        8140           1   4.41502489E-05   1.39296614E-03   1.27129955E-03
        8160           1   4.38788848E-05   1.38864352E-03   1.26928161E-03
        8180           1   4.35586589E-05   1.38032099E-03   1.26732502E-03
        8200           1   4.32459310E-05   1.37240742E-03   1.26326946E-03
        8220           1   4.28807216E-05   1.35976274E-03   1.26561616E-03
        8240           1   4.25530889E-05   1.34752551E-03   1.25954358E-03
        8260           1   4.21263758E-05   1.33032387E-03   1.25909643E-03
        8280           1   4.17884185E-05   1.30733696E-03   1.24525698E-03
        8300           1   4.14659698E-05   1.29724713E-03   1.24435558E-03
        8320           1   4.11612054E-05   1.29545073E-03   1.25236169E-03
        8340           1   4.08771739E-05   1.28427986E-03   1.25828304E-03
        8360           1   4.06151921E-05   1.27734127E-03   1.25540525E-03
        8380           1   4.03498780E-05   1.26836658E-03   1.24310493E-03
        8400           1   4.01625366E-05   1.25024409E-03   1.22999656E-03
        8420           1   4.00597310E-05   1.23744854E-03   1.20995543E-03
        8440           1   3.98923039E-05   1.23704190E-03   1.20458449E-03
        8460           1   3.97545591E-05   1.23391207E-03   1.19915348E-03
        8480           1   3.95580137E-05   1.22610584E-03   1.18448609E-03
        8500           1   3.94343369E-05   1.22645614E-03   1.17852667E-03
        8520           1   3.92652582E-05   1.21944619E-03   1.16642041E-03
        8540           1   3.91496433E-05   1.21883687E-03   1.15942245E-03
        8560           1   3.89179077E-05   1.21580390E-03   1.14878081E-03
        8580           1   3.86345200E-05   1.22050836E-03   1.14395528E-03
        8600           1   3.83174447E-05   1.21655653E-03   1.13532681E-03
        8620           1   3.80071360E-05   1.20484945E-03   1.11842924E-03
        8640           1   3.77358265E-05   1.20733946E-03   1.12109527E-03
        8660           1   3.74255796E-05   1.20189646E-03   1.10818539E-03
        8680           1   3.70986963E-05   1.19536277E-03   1.10419211E-03
        8700           1   3.68348592E-05   1.18384033E-03   1.09403871E-03
        8720           1   3.65970300E-05   1.17885438E-03   1.08585460E-03
        8740           1   3.62987339E-05   1.17036165E-03   1.08622783E-03
        8760           1   3.61262901E-05   1.17015024E-03   1.07331190E-03
        8780           1   3.59654368E-05   1.16380607E-03   1.07113796E-03
        8800           1   3.57531790E-05   1.15294999E-03   1.06304116E-03
        8820           1   3.56276032E-05   1.15197687E-03   1.05408707E-03
        8840           1   3.55082666E-05   1.14843412E-03   1.05499662E-03
        8860           1   3.53468204E-05   1.14570733E-03   1.05682062E-03
        8880           1   3.51408780E-05   1.13327522E-03   1.03808788E-03
        8900           1   3.50325317E-05   1.11197960E-03   1.02368020E-03
        8920           1   3.48937174E-05   1.10047194E-03   1.01742137E-03
        8940           1   3.47228961E-05   1.09854178E-03   1.01251958E-03
        8960           1   3.45240369E-05   1.09234022E-03   1.01303635E-03
        8980           1   3.42989697E-05   1.08528323E-03   1.01103052E-03
        9000           1   3.41142113E-05   1.08262408E-03   1.02199230E-03
        9020           1   3.38279242E-05   1.07201689E-03   1.01840578E-03
        9040           1   3.35519799E-05   1.07255706E-03   1.02140859E-03
        9060           1   3.32855707E-05   1.05503039E-03   1.00982503E-03
        9080           1   3.30704570E-05   1.04211154E-03   1.00648508E-03
        9100           1   3.28513597E-05   1.03225862E-03   1.00433396E-03
        9120           1   3.26243244E-05   1.02514389E-03   9.94311064E-04
        9140           1   3.24442844E-05   1.02309743E-03   9.91188688E-04
        9160           1   3.22690066E-05   1.01883127E-03   9.94546455E-04
        9180           1   3.21196057E-05   1.01424556E-03   9.91143403E-04
        9200           1   3.19052633E-05   1.01699412E-03   9.88958287E-04
        9220           1   3.17572776E-05   1.00952666E-03   9.85737890E-04
        9240           1   3.16017431E-05   9.95439477E-04   9.59878729E-04
        9260           1   3.14906683E-05   9.95797571E-04   9.54651856E-04
        9280           1   3.13359124E-05   9.89585649E-04   9.47102031E-04
        9300           1   3.12250449E-05   9.85581311E-04   9.34105716E-04
        9320           1   3.10585383E-05   9.86776664E-04   9.23252373E-04
        9340           1   3.08711060E-05   9.83741367E-04   9.09276132E-04
        9360           1   3.07134542E-05   9.83830425E-04   9.00430023E-04
        9380           1   3.05163467E-05   9.76309530E-04   8.95617704E-04
        9400           1   3.03562738E-05   9.80131677E-04   8.93675606E-04
        9420           1   3.01292694E-05   9.75888572E-04   8.92591721E-04
        9440           1   2.99905532E-05   9.75346658E-04   8.91730131E-04
        9460           1   2.98185623E-05   9.77852265E-04   8.96924175E-04
        9480           1   2.95728423E-05   9.75666218E-04   8.95077130E-04
        9500           1   2.93288049E-05   9.58614284E-04   8.78560008E-04
        9520           1   2.90800526E-05   9.41181905E-04   8.65400769E-04
        9540           1   2.88776591E-05   9.34182259E-04   8.55451101E-04
        9560           1   2.86881987E-05   9.30917740E-04   8.53936595E-04
        9580           1   2.85040751E-05   9.23568907E-04   8.51211837E-04
        9600           1   2.83357786E-05   9.14584089E-04   8.48140335E-04
        9620           1   2.81970515E-05   9.10723815E-04   8.52653990E-04
        9640           1   2.81123757E-05   8.96730402E-04   8.46324663E-04
        9660           1   2.80134373E-05   8.93257093E-04   8.39381479E-04
        9680           1   2.79129417E-05   8.91540898E-04   8.39598884E-04
        9700           1   2.77726576E-05   8.89533665E-04   8.36923253E-04
        9720           1   2.77493000E-05   8.82950495E-04   8.34758393E-04
        9740           1   2.76036444E-05   8.82896304E-04   8.35181505E-04
        9760           1   2.74942067E-05   8.77815008E-04   8.36891239E-04
        9780           1   2.73911337E-05   8.83160857E-04   8.36888852E-04
        9800           1   2.72348661E-05   8.65969283E-04   8.22923379E-04
        9820           1   2.70339879E-05   8.64114496E-04   8.25352210E-04
        9840           1   2.68860858E-05   8.61207664E-04   8.19952984E-04
        9860           1   2.66320094E-05   8.51637102E-04   8.13851540E-04
        9880           1   2.64052924E-05   8.44977971E-04   8.09332705E-04
        9900           1   2.61888326E-05   8.29523022E-04   7.98776222E-04
        9920           1   2.60124016E-05   8.25455762E-04   7.95590284E-04
        9940           1   2.58518139E-05   8.26584408E-04   7.93360814E-04
        9960           1   2.56894600E-05   8.26871663E-04   7.99248111E-04
        9980           1   2.55273135E-05   8.26377189E-04   7.96012697E-04
       10000           1   2.53631042E-05   8.21265683E-04   7.96094711E-04
       10020           1   2.52523841E-05   8.14689090E-04   7.79094524E-04
       10040           1   2.50926969E-05   8.06888042E-04   7.68587983E-04
       10060           1   2.49730292E-05   8.14346015E-04   7.71345920E-04
       10080           1   2.48321758E-05   8.14971048E-04   7.68865983E-04
       10100           1   2.46906038E-05   8.09064950E-04   7.59902992E-04
       10120           1   2.46408963E-05   8.04049661E-04   7.47932179E-04
       10140           1   2.44978346E-05   8.10448255E-04   7.43652345E-04
       10160           1   2.43861850E-05   8.02217226E-04   7.32222921E-04
       10180           1   2.43313079E-05   7.91681930E-04   7.21936580E-04
       10200           1   2.42303868E-05   7.92898354E-04   7.17292191E-04
       10220           1   2.41135422E-05   7.90654798E-04   7.19548145E-04
       10240           1   2.39195087E-05   7.79578404E-04   7.09296612E-04
       10260           1   2.37604945E-05   7.76521338E-04   6.99710101E-04
       10280           1   2.36207852E-05   7.68562080E-04   6.92684960E-04
       10300           1   2.34782565E-05   7.61934440E-04   6.98604796E-04
       10320           1   2.33207447E-05   7.56658614E-04   6.95514318E-04
       10340           1   2.31885660E-05   7.61188741E-04   6.98996184E-04
       10360           1   2.30185124E-05   7.59175047E-04   7.04922364E-04
       10380           1   2.28418230E-05   7.49543193E-04   7.06809340E-04
       10400           1   2.26943848E-05   7.44539488E-04   7.00650271E-04
       10420           1   2.25163712E-05   7.29528954E-04   6.90563174E-04
       10440           1   2.23960797E-05   7.19736214E-04   6.83607534E-04
       10460           1   2.23272964E-05   7.20719399E-04   6.89098262E-04
       10480           1   2.22749877E-05   7.17866002E-04   6.92306145E-04
       10500           1   2.22066901E-05   7.11319852E-04   6.87811582E-04
       10520           1   2.21524606E-05   7.07169122E-04   6.84147002E-04
       10540           1   2.20326456E-05   7.04037026E-04   6.70963433E-04
       10560           1   2.18558180E-05   6.96678646E-04   6.64626423E-04
       10580           1   2.17985034E-05   6.96769566E-04   6.61621219E-04
       10600           1   2.17089273E-05   6.85263891E-04   6.57989935E-04
       10620           1   2.15293076E-05   6.90861954E-04   6.61940954E-04
       10640           1   2.14217816E-05   6.88484113E-04   6.58032543E-04
       10660           1   2.12277646E-05   6.83878374E-04   6.49568159E-04
       10680           1   2.10971666E-05   6.79143122E-04   6.41005754E-04
       10700           1   2.09919945E-05   6.75505202E-04   6.41966762E-04
       10720           1   2.08443125E-05   6.66944077E-04   6.37565216E-04
       10740           1   2.06583427E-05   6.65027183E-04   6.31129311E-04
       10760           1   2.05328633E-05   6.62678271E-04   6.31783681E-04
       10780           1   2.04141761E-05   6.62366627E-04   6.24043983E-04
       10800           1   2.02851515E-05   6.65372412E-04   6.27247908E-04
       10820           1   2.01160474E-05   6.53970346E-04   6.18490274E-04
       10840           1   1.99685328E-05   6.52682909E-04   6.12557749E-04
       10860           1   1.98655089E-05   6.49025256E-04   6.10708841E-04
       10880           1   1.97697846E-05   6.52004674E-04   6.05654379E-04
       10900           1   1.97270165E-05   6.53593743E-04   5.97223756E-04
       10920           1   1.96765104E-05   6.55975309E-04   5.97789360E-04
       10940           1   1.95988523E-05   6.57153374E-04   6.06435526E-04
       10960           1   1.95008524E-05   6.55477284E-04   6.02034561E-04
       10980           1   1.94069053E-05   6.51132665E-04   5.91659220E-04
       11000           1   1.93664946E-05   6.40107843E-04   5.76493738E-04
       11020           1   1.93412816E-05   6.29956252E-04   5.71770011E-04
       11040           1   1.92608968E-05   6.32617564E-04   5.78167848E-04
       11060           1   1.91697800E-05   6.26775553E-04   5.78486419E-04
       11080           1   1.90456813E-05   6.22918596E-04   5.72076300E-04
       11100           1   1.88834329E-05   6.17813610E-04   5.70690783E-04
       11120           1   1.87073238E-05   6.14818593E-04   5.75560378E-04
       11140           1   1.85205881E-05   6.09998067E-04   5.76987979E-04
       11160           1   1.83962038E-05   6.05936046E-04   5.75176091E-04
       11180           1   1.82459062E-05   5.99671097E-04   5.70762611E-04
       11200           1   1.81701416E-05   5.98085637E-04   5.72261284E-04
       11220           1   1.80660136E-05   5.99881227E-04   5.82053268E-04
       11240           1   1.79684375E-05   5.93077508E-04   5.78845327E-04
       11260           1   1.78382234E-05   5.86046197E-04   5.68651827E-04
       11280           1   1.77550446E-05   5.87344810E-04   5.74949489E-04
       11300           1   1.76787016E-05   5.82934939E-04   5.67833602E-04
       11320           1   1.76695758E-05   5.76606137E-04   5.68858813E-04
       11340           1   1.76790963E-05   5.74880745E-04   5.65260299E-04
       11360           1   1.75667556E-05   5.73204597E-04   5.57944935E-04
       11380           1   1.74581492E-05   5.70281292E-04   5.52029058E-04
       11400           1   1.73789776E-05   5.70889679E-04   5.50271827E-04
       11420           1   1.72391374E-05   5.75859216E-04   5.52395184E-04
       11440           1   1.71680385E-05   5.75151003E-04   5.46844152E-04
       11460           1   1.70874428E-05   5.84388792E-04   5.58048603E-04
       11480           1   1.70548792E-05   5.84839960E-04   5.69050142E-04
       11500           1   1.69602281E-05   5.74760372E-04   5.47382806E-04
       11520           1   1.67294747E-05   5.66334231E-04   5.33491315E-04
       11540           1   1.66353348E-05   5.59259905E-04   5.27555065E-04
       11560           1   1.65410383E-05   5.58177475E-04   5.21849957E-04
       11580           1   1.64093326E-05   5.48317272E-04   5.06503216E-04
       11600           1   1.62924862E-05   5.45263872E-04   5.00664173E-04
       11620           1   1.62123706E-05   5.35777246E-04   4.98174573E-04
       11640           1   1.61018397E-05   5.38624183E-04   4.94003878E-04
       11660           1   1.60307936E-05   5.40020177E-04   5.02871640E-04
       11680           1   1.59749761E-05   5.31761209E-04   4.95542248E-04
       11700           1   1.58852345E-05   5.26947435E-04   4.88208665E-04
       11720           1   1.58142084E-05   5.25397947E-04   4.86527802E-04
       11740           1   1.57132199E-05   5.25544165E-04   4.83467622E-04
       11760           1   1.56143142E-05   5.26659947E-04   4.85990866E-04
       11780           1   1.55543876E-05   5.25631476E-04   4.82337578E-04
       11800           1   1.55361686E-05   5.23983384E-04   4.91270388E-04
       11820           1   1.54276386E-05   5.20856120E-04   4.87914251E-04
       11840           1   1.53694345E-05   5.18607441E-04   4.84930788E-04
       11860           1   1.52659268E-05   5.11042424E-04   4.76120564E-04
       11880           1   1.51661707E-05   5.00667898E-04   4.66659578E-04
       11900           1   1.51105060E-05   5.01989853E-04   4.69255581E-04
       11902           1   1.51140903E-05   4.98966605E-04   4.73437452E-04
 Solver: fs        , Convection scheme: quick     
 RE=   1000.00000     , N=         128
 Selected Time scheme:            1
 DT=   7.49999983E-03
 Wall-clock time (s):    567.306580    
Note: The following floating-point exceptions are signalling: IEEE_UNDERFLOW_FLAG
