 NTRANS, DT=?
          20        7087   9.99977128E-05   2.77914190       1.17893863    
          40        1691   9.99981494E-05   1.66019845      0.792438269    
          60         881   9.99963158E-05   1.21225357      0.666841984    
          80         535   9.99988697E-05  0.967859507      0.614595115    
         100         566   9.99824115E-05  0.812853813      0.588258386    
         120         520   9.99783661E-05  0.718595684      0.572140634    
         140         478   9.99725162E-05  0.661375165      0.559600711    
         160         449   9.99706026E-05  0.630415678      0.548915029    
         180         434   9.99970289E-05  0.612734675      0.539722860    
         200         426   9.99647091E-05  0.601898909      0.532129169    
         220         418   9.99909680E-05  0.594951749      0.525742292    
         240         411   9.99998010E-05  0.589556515      0.519922853    
         260         404   9.99660115E-05  0.584680438      0.514509261    
         280         392   9.99913391E-05  0.579753280      0.509399593    
         300         384   9.99681724E-05  0.574644446      0.504170537    
         320         376   9.99708718E-05  0.569330335      0.498671472    
         340         368   9.99612457E-05  0.563913226      0.493282527    
         360         359   9.99792974E-05  0.558139622      0.487546325    
         380         355   9.99870390E-05  0.551877201      0.481710792    
         400         349   9.99722033E-05  0.545276582      0.475703329    
         420         345   9.99600161E-05  0.538311124      0.469662845    
         440         335   9.99951881E-05  0.530924320      0.463321567    
         460         327   9.99688782E-05  0.523281217      0.457057327    
         480         315   9.99799086E-05  0.515485406      0.450434893    
         500         309   9.99677723E-05  0.507380605      0.443795353    
         520         306   9.99868862E-05  0.498998463      0.437003613    
         540         302   9.99723852E-05  0.490252495      0.430229306    
         560         293   9.99826516E-05  0.481566221      0.423315495    
         580         291   9.99692857E-05  0.472517252      0.416236162    
         600         285   9.99673575E-05  0.463242114      0.409186840    
         620         280   9.99969707E-05  0.453942835      0.402154356    
         640         273   9.99643089E-05  0.444388032      0.395154536    
         660         273   9.99594049E-05  0.434701711      0.388156056    
         680         270   9.99833719E-05  0.424912095      0.381272882    
         700         265   9.99887852E-05  0.414929986      0.374310046    
         720         257   9.99942858E-05  0.404989481      0.367494553    
         740         253   9.99644690E-05  0.394852340      0.360770226    
         760         251   9.99889817E-05  0.384821177      0.354083359    
         780         245   9.99887416E-05  0.374669999      0.347556949    
         800         238   9.99967233E-05  0.364664912      0.340988129    
         820         229   9.99880140E-05  0.354614317      0.334541231    
         840         218   9.99671465E-05  0.344721913      0.328122973    
         860         219   9.99910408E-05  0.334909290      0.321636051    
         880         218   9.99783006E-05  0.325172246      0.315225363    
         900         218   9.99973417E-05  0.315616727      0.308708072    
         920         205   9.99803669E-05  0.306163013      0.302112609    
         940         199   9.99788972E-05  0.296910673      0.295518786    
         960         195   9.99801268E-05  0.287789911      0.288785428    
         980         189   9.99671101E-05  0.278764457      0.282015175    
        1000         179   9.99949116E-05  0.270000160      0.275180906    
        1020         175   9.99753975E-05  0.261360914      0.268224657    
        1040         172   9.99624172E-05  0.252883285      0.261272281    
        1060         168   9.99715194E-05  0.244615495      0.254270881    
        1080         166   9.99834665E-05  0.236560300      0.247198775    
        1100         160   9.99664408E-05  0.228669912      0.240144730    
        1120         153   9.99785916E-05  0.220975548      0.233112678    
        1140         146   9.99634067E-05  0.213483006      0.226069197    
        1160         146   9.99644690E-05  0.206243709      0.219071150    
        1180         145   9.99837503E-05  0.199175358      0.212146923    
        1200         142   9.99773329E-05  0.192282528      0.205290958    
        1220         137   9.99867261E-05  0.185573578      0.198488057    
        1240         131   9.99948388E-05  0.179042324      0.191784889    
        1260         124   9.99922122E-05  0.172736093      0.185197219    
        1280         121   9.99976983E-05  0.166598126      0.178719044    
        1300         117   9.99849653E-05  0.160625339      0.172352165    
        1320         113   9.99688855E-05  0.154827386      0.166120723    
        1340         104   9.99812764E-05  0.149184525      0.160054535    
        1360         105   9.99595941E-05  0.143685505      0.154151112    
        1380         104   9.99956537E-05  0.138358593      0.148405015    
        1400         100   9.99937984E-05  0.133192390      0.142810240    
        1420         105   9.99884942E-05  0.128163949      0.137400150    
        1440         104   9.99851254E-05  0.123301551      0.132174268    
        1460         102   9.99810873E-05  0.118594356      0.127125695    
        1480          99   9.99557305E-05  0.114052132      0.122248568    
        1500          94   9.99926124E-05  0.109670036      0.117542781    
        1520          89   9.99582044E-05  0.105441861      0.113005005    
        1540          88   9.99571494E-05  0.101359747      0.108645834    
        1560          87   9.99687763E-05   9.74258482E-02  0.104448929    
        1580          81   9.99877084E-05   9.36411470E-02  0.100412473    
        1600          75   9.99858457E-05   8.99937972E-02   9.65392217E-02
        1620          72   9.99645927E-05   8.64776149E-02   9.28208455E-02
        1640          72   9.99951590E-05   8.30822513E-02   8.92481953E-02
        1660          66   9.99984550E-05   7.98133165E-02   8.58125836E-02
        1680          67   9.99763070E-05   7.66485706E-02   8.25161934E-02
        1700          66   9.99895783E-05   7.35974088E-02   7.93434903E-02
        1720          62   9.99846161E-05   7.06564710E-02   7.62879252E-02
        1740          60   9.99865006E-05   6.78133219E-02   7.33487234E-02
        1760          61   9.99625554E-05   6.50557876E-02   7.05186427E-02
        1780          64   9.99673721E-05   6.23926073E-02   6.77936003E-02
        1800          61   9.99571494E-05   5.98243959E-02   6.51608780E-02
        1820          59   9.99942931E-05   5.73401824E-02   6.26218989E-02
        1840          52   9.99952099E-05   5.49507737E-02   6.01637177E-02
        1860          51   9.99653275E-05   5.26308008E-02   5.77944443E-02
        1880          51   9.99939948E-05   5.03915846E-02   5.55040650E-02
        1900          51   9.99903568E-05   4.82316986E-02   5.32899536E-02
        1920          45   9.99853874E-05   4.61576842E-02   5.11456653E-02
        1940          41   9.99798795E-05   4.41596806E-02   4.90706302E-02
        1960          40   9.99763215E-05   4.22335789E-02   4.70637456E-02
        1980          40   9.99919575E-05   4.03801948E-02   4.51224111E-02
        2000          38   9.99912809E-05   3.86010334E-02   4.32473943E-02
        2020          41   9.99897748E-05   3.68922129E-02   4.14337590E-02
        2040          44   9.99838521E-05   3.52555774E-02   3.96834351E-02
        2060          40   9.99977347E-05   3.36989984E-02   3.79863866E-02
        2080          40   9.99609110E-05   3.22030485E-02   3.63521092E-02
        2100          40   9.99661934E-05   3.07736155E-02   3.47757861E-02
        2120          37   9.99631957E-05   2.94130966E-02   3.32541876E-02
        2140          29   9.99712793E-05   2.81161983E-02   3.17891315E-02
        2160          25   9.99864424E-05   2.68761627E-02   3.03789023E-02
        2180          22   9.99865588E-05   2.56903376E-02   2.90269852E-02
        2200          15   9.99900949E-05   2.45619342E-02   2.77264658E-02
        2220          12   9.99969634E-05   2.34779622E-02   2.64814924E-02
        2240          10   9.99975455E-05   2.24472620E-02   2.52895411E-02
        2260          11   9.99686818E-05   2.14577354E-02   2.41478737E-02
        2280          16   9.99944168E-05   2.05092020E-02   2.30598878E-02
        2300          14   9.99813055E-05   1.96129084E-02   2.20202319E-02
        2320          15   9.99994809E-05   1.87553354E-02   2.10270062E-02
        2340          22   9.99703552E-05   1.79316476E-02   2.00824440E-02
        2360          19   9.99695185E-05   1.71602108E-02   1.91832259E-02
        2380          18   9.99665572E-05   1.64255518E-02   1.83276776E-02
        2400          17   9.99659533E-05   1.57276094E-02   1.75171457E-02
        2420          15   9.99960539E-05   1.50684277E-02   1.67455990E-02
        2440          17   9.99657495E-05   1.44373393E-02   1.60128605E-02
        2460          18   9.99692347E-05   1.38406735E-02   1.53208794E-02
        2480          14   9.99937547E-05   1.32811749E-02   1.46628143E-02
        2500          10   9.99712429E-05   1.27505120E-02   1.40397167E-02
        2520           7   9.99803597E-05   1.22444602E-02   1.34480987E-02
        2540           8   9.99853655E-05   1.17614372E-02   1.28904851E-02
        2560           7   9.99751137E-05   1.13019040E-02   1.23592392E-02
        2580           7   9.99903932E-05   1.08642001E-02   1.18572172E-02
        2600          10   9.99754848E-05   1.04411496E-02   1.13829691E-02
        2620          14   9.99816548E-05   1.00338385E-02   1.09285451E-02
        2640          11   9.99974000E-05   9.65111703E-03   1.04953423E-02
        2660          13   9.99869080E-05   9.27515700E-03   1.00847147E-02
        2680          11   9.99797048E-05   8.92003253E-03   9.69182607E-03
        2700          10   9.99654731E-05   8.57345015E-03   9.31986328E-03
        2720           6   9.99843178E-05   8.24609771E-03   8.96287616E-03
        2740           8   9.99937620E-05   7.92239234E-03   8.62166844E-03
        2760           6   9.99707627E-05   7.61531945E-03   8.29326827E-03
        2780           8   9.99655458E-05   7.31317606E-03   7.98152108E-03
        2800           8   9.99692711E-05   7.02609215E-03   7.68118026E-03
        2820           6   9.99759432E-05   6.75009750E-03   7.38977827E-03
        2840           6   9.99809999E-05   6.48315391E-03   7.11068837E-03
        2860           7   9.99722033E-05   6.22609071E-03   6.84319483E-03
        2880           6   9.99875847E-05   5.97966975E-03   6.58417074E-03
        2900           4   9.99980621E-05   5.74532617E-03   6.33426057E-03
        2920           5   9.99654731E-05   5.51654259E-03   6.09575165E-03
        2940           6   9.99723561E-05   5.29599236E-03   5.86434826E-03
        2960           4   9.99772237E-05   5.08907670E-03   5.64110978E-03
        2980           4   9.99799959E-05   4.89211269E-03   5.42669138E-03
        3000           6   9.99869008E-05   4.70344909E-03   5.21861063E-03
        3020           6   9.99980984E-05   4.52483166E-03   5.01855602E-03
        3040           6   9.99666809E-05   4.36056964E-03   4.82820906E-03
        3060           6   9.99801196E-05   4.20482643E-03   4.64020111E-03
        3080           3   9.99908661E-05   4.05939482E-03   4.46244236E-03
        3100           7   9.99684780E-05   3.91690433E-03   4.29095328E-03
        3120           5   9.99719632E-05   3.78273241E-03   4.12599230E-03
        3140           4   9.99688200E-05   3.65387416E-03   3.96727864E-03
        3160           5   9.99662443E-05   3.52872256E-03   3.81420273E-03
        3180           3   9.99601543E-05   3.40960734E-03   3.66853527E-03
        3200           3   9.99937183E-05   3.29520390E-03   3.52742733E-03
        3220           3   9.99768963E-05   3.18270246E-03   3.39245610E-03
        3240           4   9.99890035E-05   3.07490490E-03   3.26444348E-03
        3260           3   9.99957410E-05   2.97125196E-03   3.14115384E-03
        3280           4   9.99736512E-05   2.87102326E-03   3.02245189E-03
        3300           3   9.99980257E-05   2.77722580E-03   2.91044149E-03
        3320           4   9.99901531E-05   2.68452801E-03   2.80193752E-03
        3340           4   9.99739277E-05   2.59602396E-03   2.69887550E-03
        3360           1   9.99909316E-05   2.50922795E-03   2.59949709E-03
        3380           4   9.99776094E-05   2.42770696E-03   2.50542187E-03
        3400           3   9.99690819E-05   2.34650820E-03   2.41600676E-03
        3420           1   9.99940094E-05   2.27042986E-03   2.32952461E-03
        3440           4   9.99821277E-05   2.19548913E-03   2.24790489E-03
        3460           4   9.99958793E-05   2.12248345E-03   2.16895621E-03
        3480           4   9.99726908E-05   2.05419259E-03   2.09368812E-03
        3500           2   9.99797630E-05   1.98567542E-03   2.02167849E-03
        3520           2   9.99844269E-05   1.92084920E-03   1.95249170E-03
        3540           1   9.99686454E-05   1.86037447E-03   1.88746629E-03
        3560           2   9.99960830E-05   1.79990276E-03   1.82382972E-03
        3580           2   9.99911790E-05   1.74103770E-03   1.76283414E-03
        3600           2   9.99884724E-05   1.68574369E-03   1.70536747E-03
        3620           2   9.99992117E-05   1.63016049E-03   1.64924294E-03
        3640           2   9.99598196E-05   1.57585496E-03   1.59442471E-03
        3660           2   9.99983749E-05   1.52677007E-03   1.54248183E-03
        3680           1   9.99745098E-05   1.47704442E-03   1.49234827E-03
        3700           1   9.99417098E-05   1.42787118E-03   1.44358259E-03
        3720           3   9.99727272E-05   1.38165522E-03   1.39780587E-03
        3740           1   9.99855110E-05   1.33728166E-03   1.35285698E-03
        3760           1   9.99822587E-05   1.29636785E-03   1.30894233E-03
        3780           2   9.99841577E-05   1.25329045E-03   1.26762991E-03
        3800           2   9.99994372E-05   1.21380482E-03   1.22746069E-03
        3820           1   9.99969270E-05   1.17554853E-03   1.18654512E-03
        3840           1   9.99920667E-05   1.13758293E-03   1.14937103E-03
        3860           2   9.99878248E-05   1.10029895E-03   1.11251243E-03
        3880           1   9.99211479E-05   1.06585678E-03   1.07640761E-03
        3900           2   9.99901386E-05   1.03299925E-03   1.04214658E-03
        3920           1   9.98987161E-05   9.99226933E-04   1.00798975E-03
        3940           1   9.99060576E-05   9.69091197E-04   9.75785602E-04
        3960           1   9.99951153E-05   9.37828037E-04   9.44392581E-04
        3980           1   9.99548793E-05   9.08849877E-04   9.15646669E-04
        4000           1   9.97576790E-05   8.80994485E-04   8.85654939E-04
        4020           1   9.93805152E-05   8.55141028E-04   8.59006075E-04
        4040           1   9.86801315E-05   8.28482560E-04   8.34276550E-04
        4060           1   9.74946161E-05   8.04997399E-04   8.09772522E-04
        4080           1   9.57216907E-05   7.84037518E-04   7.90794089E-04
        4100           1   9.33916526E-05   7.66266661E-04   7.75031222E-04
        4120           1   9.06422283E-05   7.50054547E-04   7.60711264E-04
        4140           1   8.76109843E-05   7.35933892E-04   7.48900813E-04
        4160           1   8.45421237E-05   7.20222422E-04   7.37488561E-04
        4180           1   8.16488900E-05   7.05443672E-04   7.24883284E-04
        4200           1   7.90861886E-05   6.91253401E-04   7.13042158E-04
        4220           1   7.69838371E-05   6.77050091E-04   7.00197590E-04
        4240           1   7.53418426E-05   6.60282443E-04   6.85886422E-04
        4260           1   7.41808253E-05   6.46640896E-04   6.68643392E-04
        4280           1   7.33464840E-05   6.32149167E-04   6.50323345E-04
        4300           1   7.27675360E-05   6.18558377E-04   6.33426011E-04
        4320           1   7.22391414E-05   6.09342125E-04   6.15386409E-04
        4340           1   7.16237482E-05   5.98264916E-04   5.97619277E-04
        4360           1   7.08730440E-05   5.89357223E-04   5.82556706E-04
        4380           1   6.98889344E-05   5.80941734E-04   5.68117597E-04
        4400           1   6.86217027E-05   5.71479381E-04   5.55958832E-04
        4420           1   6.72046444E-05   5.60938206E-04   5.43243834E-04
        4440           1   6.56247212E-05   5.50517696E-04   5.31304278E-04
        4460           1   6.40411745E-05   5.38639957E-04   5.20160655E-04
        4480           1   6.25213797E-05   5.27472235E-04   5.10342477E-04
        4500           1   6.11149590E-05   5.17605571E-04   4.98953857E-04
        4520           1   5.98122642E-05   5.05592790E-04   4.88233491E-04
        4530           1   5.92087854E-05   4.99293907E-04   4.83789539E-04
 Solver: fs        , Convection scheme: uds       
 RE=   1000.00000     , N=          64
 Selected Time scheme:            2
 DT=   9.99999978E-03
 Wall-clock time (s):    113.239769    
Note: The following floating-point exceptions are signalling: IEEE_UNDERFLOW_FLAG
