 MAXIT, DT, RE=?
 Enter scheme (uds / quick):
 Selected scheme: uds                  1
          25           0   9.99538388E-05   1.87040782       1.03143764    
          50           0   9.99728582E-05   1.01559234      0.666177630    
          75           0   9.98984469E-05  0.682770312      0.501916528    
         100           0   9.98452379E-05  0.505717218      0.398963362    
         125           0   9.98968899E-05  0.396812916      0.326137781    
         150           0   9.99973345E-05  0.322928548      0.271559805    
         175           0   9.98526812E-05  0.268978357      0.228921205    
         200           0   9.98700780E-05  0.227437705      0.195208013    
         225           0   9.97766547E-05  0.194286689      0.167777658    
         250           0   9.99645199E-05  0.166845128      0.144904986    
         275           0   9.98887481E-05  0.143991217      0.125735581    
         300           0   9.97915777E-05  0.124375761      0.109264471    
         325           0   9.99616168E-05  0.107636154       9.51364934E-02
         350           0   9.98995383E-05   9.32428539E-02   8.28089863E-02
         375           0   9.98497417E-05   8.07362348E-02   7.20471814E-02
         400           0   9.97492534E-05   6.98652267E-02   6.26727864E-02
         425           0   9.99767799E-05   6.04448095E-02   5.44463880E-02
         450           0   9.99828335E-05   5.22916913E-02   4.72404435E-02
         475           0   9.98507021E-05   4.52137217E-02   4.09464836E-02
         500           0   9.98750547E-05   3.90835814E-02   3.54598723E-02
         525           0   9.98893956E-05   3.37696560E-02   3.06930486E-02
         550           0   9.99539407E-05   2.91695744E-02   2.65426561E-02
         575           0   9.99379772E-05   2.51823440E-02   2.29376629E-02
         600           0   9.97816533E-05   2.17157193E-02   1.98148675E-02
         625           0   9.99246913E-05   1.87336113E-02   1.71029195E-02
         650           0   9.98075848E-05   1.61489807E-02   1.47583326E-02
         675           0   9.98711403E-05   1.39212813E-02   1.27278967E-02
         700           0   9.99537879E-05   1.19998483E-02   1.09719066E-02
         725           0   9.98641699E-05   1.03441868E-02   9.45499446E-03
         750           0   9.99851181E-05   8.90894420E-03   8.14875029E-03
         775           0   9.99861295E-05   7.68179540E-03   7.01657962E-03
         800           0   9.97644456E-05   6.60103094E-03   6.05207542E-03
         825           0   9.98793839E-05   5.68889081E-03   5.21048531E-03
         850           0   9.98715186E-05   4.89877723E-03   4.48671775E-03
         875           0   9.98254764E-05   4.21221834E-03   3.86648206E-03
         900           0   9.81291232E-05   3.62780853E-03   3.33337183E-03
         925           0   8.92696917E-05   3.10857967E-03   2.90049263E-03
         950           0   7.34945497E-05   2.66890344E-03   2.54591019E-03
         975           0   5.97254912E-05   2.28774222E-03   2.22559692E-03
        1000           0   5.12250117E-05   1.96464267E-03   1.92020531E-03
 Wall-clock time (s):    8.98093128    
 RE=   100.000000     , N=          40 , DT=   9.99999978E-03
 Reached steady state at IT =           1   TIME =   9.99999978E-03
Note: The following floating-point exceptions are signalling: IEEE_UNDERFLOW_FLAG
