 N, URFU=?
          20           9   1.57227530E-03   1.68785767E-03   8.73043537E-02
          40           9   6.15030644E-04   6.75472722E-04   3.87440398E-02
          60           9   2.90987606E-04   3.21967149E-04   2.25593131E-02
          80           9   1.91698127E-04   2.14963977E-04   1.29006607E-02
         100           9   9.39617457E-05   1.00536614E-04   7.74172833E-03
         120           9   6.83564067E-05   6.62683160E-05   4.94205719E-03
         140           9   3.91528738E-05   3.83212173E-05   2.92459456E-03
         160           9   2.51154634E-05   2.37608456E-05   1.79567980E-03
         180           9   1.64495468E-05   1.60331401E-05   1.19363901E-03
         200           9   1.12259440E-05   9.38646917E-06   7.37393857E-04
         220           9   7.66120957E-06   7.15723763E-06   4.96522291E-04
         240           9   5.39452776E-06   4.49346953E-06   2.94169760E-04
         260           9   3.51465042E-06   3.56579858E-06   1.95910121E-04
         280           9   2.53429334E-06   2.13589465E-06   1.22371144E-04
         294           9   1.99692113E-06   1.69279338E-06   9.60489706E-05
 Solver: simple    , Convection scheme: uds       
 RE=   1000.00000     , N=          16
 URFU=  0.850000024     , URFP=  0.300000012    
 Wall-clock time (s):    7.61439949E-02
Note: The following floating-point exceptions are signalling: IEEE_DIVIDE_BY_ZERO
