 N, URFU=?
   20       0.01010       0.01636       0.10377
   40       0.02179       0.02305       0.16888
   60       0.02923       0.02482       0.24085
   80       0.02847       0.02122       0.19639
  100       0.01618       0.01382       0.15077
  120       0.01319       0.01204       0.13017
  140       0.00870       0.01305       0.11014
  160       0.01057       0.00986       0.08288
  180       0.01078       0.00993       0.08403
  200       0.01047       0.00638       0.06878
  220       0.00822       0.00847       0.06596
  240       0.00655       0.00759       0.06558
  260       0.00588       0.00593       0.04722
  280       0.00517       0.00468       0.04496
  300       0.00462       0.00535       0.04446
  320       0.00441       0.00289       0.03896
  340       0.00410       0.00418       0.03714
  360       0.00500       0.00387       0.03030
  380       0.00316       0.00380       0.02924
  400       0.00228       0.00250       0.03028
  420       0.00307       0.00303       0.02313
  440       0.00293       0.00243       0.02687
  460       0.00183       0.00223       0.02411
  480       0.00215       0.00173       0.01950
  500       0.00219       0.00193       0.01516
  520       0.00193       0.00159       0.01803
  540       0.00152       0.00127       0.01523
  560       0.00159       0.00156       0.01423
  580       0.00136       0.00157       0.01279
  600       0.00103       0.00137       0.01198
  620       0.00108       0.00075       0.01066
  640       0.00139       0.00114       0.01027
  660       0.00127       0.00103       0.00978
  680       0.00062       0.00095       0.00955
  700       0.00071       0.00076       0.00836
  720       0.00083       0.00092       0.00623
  740       0.00071       0.00075       0.00749
  760       0.00063       0.00049       0.00698
  780       0.00078       0.00059       0.00601
  800       0.00065       0.00068       0.00504
  820       0.00044       0.00046       0.00558
  840       0.00039       0.00037       0.00493
  860       0.00049       0.00054       0.00430
  880       0.00044       0.00047       0.00460
  900       0.00029       0.00035       0.00431
  920       0.00039       0.00031       0.00328
  940       0.00041       0.00036       0.00268
  960       0.00032       0.00027       0.00318
  980       0.00021       0.00024       0.00301
 1000       0.00026       0.00029       0.00256
 1020       0.00024       0.00029       0.00240
 1040       0.00017       0.00021       0.00235
 1060       0.00021       0.00015       0.00192
 1080       0.00026       0.00020       0.00175
 1100       0.00021       0.00019       0.00179
 1120       0.00012       0.00015       0.00184
 1140       0.00013       0.00015       0.00153
 1160       0.00015       0.00017       0.00128
 1180       0.00012       0.00014       0.00141
 1200       0.00011       0.00009       0.00130
 1220       0.00015       0.00011       0.00108
 1240       0.00013       0.00012       0.00096
 1260       0.00008       0.00008       0.00108
 1280       0.00007       0.00008       0.00094
 1300       0.00009       0.00010       0.00079
 1320       0.00008       0.00009       0.00086
 1340       0.00006       0.00006       0.00081
 1360       0.00008       0.00006       0.00062
 1380       0.00008       0.00007       0.00053
 1400       0.00006       0.00005       0.00062
 1420       0.00004       0.00005       0.00059
 1440       0.00005       0.00006       0.00049
 1460       0.00005       0.00006       0.00048
 1480       0.00003       0.00004       0.00048
 1500       0.00004       0.00003       0.00038
 1520       0.00005       0.00004       0.00033
 1540       0.00004       0.00004       0.00035
 1560       0.00002       0.00003       0.00037
 1580       0.00002       0.00003       0.00031
 1600       0.00003       0.00004       0.00027
 1620       0.00002       0.00003       0.00028
 1640       0.00002       0.00002       0.00025
 1660       0.00003       0.00002       0.00021
 1680       0.00003       0.00002       0.00020
 1700       0.00002       0.00002       0.00022
 1720       0.00001       0.00002       0.00019
 1740       0.00002       0.00002       0.00016
 1760       0.00001       0.00002       0.00017
 1780       0.00001       0.00001       0.00016
 1800       0.00002       0.00001       0.00012
 1820       0.00002       0.00001       0.00011
 1840       0.00001       0.00001       0.00013
 1860       0.00001       0.00001       0.00012
 1880       0.00001       0.00001       0.00010
 1882       0.00001       0.00001       0.00010
 Solver: simple    , Convection scheme: uds       
 RE=   1000.00000     , N=         128
 URFU=  0.990000010     , URFP=  0.300000012    
 Wall-clock time (s):    20.7458839    
Note: The following floating-point exceptions are signalling: IEEE_DIVIDE_BY_ZERO IEEE_UNDERFLOW_FLAG
