 URFU=?
   20       0.01279       0.01455       0.14319
   40       0.01762       0.01272       0.21015
   60       0.00715       0.00809       0.11302
   80       0.00507       0.00509       0.09195
  100       0.00378       0.00454       0.05572
  120       0.00314       0.00336       0.04806
  140       0.00226       0.00137       0.03628
  160       0.00126       0.00172       0.02750
  180       0.00076       0.00138       0.01977
  200       0.00067       0.00090       0.01378
  220       0.00089       0.00058       0.01084
  240       0.00079       0.00057       0.01111
  260       0.00054       0.00043       0.00964
  280       0.00051       0.00052       0.00790
  300       0.00037       0.00039       0.00810
  320       0.00033       0.00030       0.00668
  340       0.00035       0.00029       0.00525
  360       0.00029       0.00023       0.00442
  380       0.00021       0.00032       0.00368
  400       0.00016       0.00030       0.00327
  420       0.00022       0.00012       0.00277
  440       0.00022       0.00019       0.00237
  460       0.00018       0.00015       0.00275
  480       0.00016       0.00017       0.00234
  500       0.00018       0.00017       0.00174
  520       0.00014       0.00015       0.00192
  540       0.00015       0.00013       0.00164
  560       0.00016       0.00012       0.00144
  580       0.00012       0.00012       0.00161
  600       0.00013       0.00012       0.00141
  620       0.00013       0.00013       0.00129
  640       0.00013       0.00010       0.00126
  660       0.00010       0.00012       0.00102
  680       0.00011       0.00011       0.00108
  700       0.00012       0.00008       0.00117
  720       0.00010       0.00010       0.00091
  740       0.00010       0.00010       0.00096
  760       0.00010       0.00009       0.00099
  780       0.00010       0.00009       0.00085
  800       0.00008       0.00009       0.00087
  820       0.00010       0.00008       0.00089
  840       0.00009       0.00008       0.00083
  860       0.00008       0.00008       0.00079
  880       0.00009       0.00008       0.00075
  900       0.00008       0.00007       0.00076
  920       0.00007       0.00007       0.00074
  940       0.00008       0.00007       0.00066
  960       0.00008       0.00007       0.00068
  980       0.00007       0.00006       0.00071
 1000       0.00006       0.00007       0.00060
 1020       0.00007       0.00006       0.00059
 1040       0.00007       0.00006       0.00066
 1060       0.00006       0.00006       0.00056
 1080       0.00007       0.00006       0.00054
 1100       0.00006       0.00005       0.00059
 1120       0.00006       0.00006       0.00054
 1140       0.00006       0.00006       0.00050
 1160       0.00006       0.00005       0.00052
 1180       0.00006       0.00005       0.00052
 1200       0.00005       0.00005       0.00047
 1220       0.00006       0.00005       0.00046
 1240       0.00005       0.00004       0.00049
 1260       0.00004       0.00005       0.00044
 1280       0.00005       0.00005       0.00041
 1300       0.00005       0.00004       0.00044
 1320       0.00004       0.00004       0.00042
 1340       0.00004       0.00004       0.00038
 1360       0.00005       0.00004       0.00039
 1380       0.00004       0.00004       0.00040
 1400       0.00004       0.00004       0.00035
 1420       0.00004       0.00004       0.00034
 1440       0.00004       0.00003       0.00037
 1460       0.00003       0.00004       0.00033
 1480       0.00004       0.00004       0.00031
 1500       0.00004       0.00003       0.00033
 1520       0.00003       0.00003       0.00032
 1540       0.00003       0.00003       0.00029
 1560       0.00004       0.00003       0.00029
 1580       0.00003       0.00003       0.00031
 1600       0.00003       0.00003       0.00027
 1620       0.00003       0.00003       0.00026
 1640       0.00003       0.00003       0.00028
 1660       0.00003       0.00003       0.00025
 1680       0.00003       0.00003       0.00024
 1700       0.00003       0.00002       0.00025
 1720       0.00003       0.00002       0.00025
 1740       0.00002       0.00002       0.00022
 1760       0.00003       0.00002       0.00022
 1780       0.00002       0.00002       0.00023
 1800       0.00002       0.00002       0.00021
 1820       0.00002       0.00002       0.00020
 1840       0.00002       0.00002       0.00021
 1860       0.00002       0.00002       0.00019
 1880       0.00002       0.00002       0.00018
 1900       0.00002       0.00002       0.00019
 1920       0.00002       0.00002       0.00019
 1940       0.00002       0.00002       0.00017
 1960       0.00002       0.00002       0.00017
 1980       0.00002       0.00002       0.00018
 2000       0.00002       0.00002       0.00016
 2020       0.00002       0.00002       0.00015
 2040       0.00002       0.00001       0.00016
 2060       0.00002       0.00002       0.00015
 2080       0.00002       0.00002       0.00014
 2100       0.00002       0.00001       0.00014
 2120       0.00002       0.00001       0.00014
 2140       0.00001       0.00001       0.00013
 2160       0.00002       0.00001       0.00013
 2180       0.00001       0.00001       0.00013
 2200       0.00001       0.00001       0.00012
 2220       0.00001       0.00001       0.00011
 2240       0.00001       0.00001       0.00012
 2260       0.00001       0.00001       0.00011
 2280       0.00001       0.00001       0.00010
 2300       0.00001       0.00001       0.00011
 2311       0.00001       0.00001       0.00010
 Solver: simple    , Convection scheme: uds       
 RE=   1000.00000     , N=          64
 URFU=  0.800000012     , URFP=  0.300000012    
 Wall-clock time (s):    6.38662291    
Note: The following floating-point exceptions are signalling: IEEE_DIVIDE_BY_ZERO IEEE_UNDERFLOW_FLAG
