 DT=?
          20        3332   9.99995464E-05   8.05225754       3.22426486    
          40        1050   9.99954063E-05   5.17216825       2.17034054    
          60         896   9.99997210E-05   3.96834064       1.77389455    
          80         556   9.99994154E-05   3.27319765       1.57003474    
         100         410   9.99909826E-05   2.80593777       1.45196617    
         120         340   9.99976837E-05   2.47067094       1.38332403    
         140         300   9.99906479E-05   2.21889281       1.34392631    
         160         272   9.99670228E-05   2.02323246       1.32192028    
         180         255   9.99739423E-05   1.87052917       1.30975425    
         200         241   9.99561598E-05   1.75201344       1.30286121    
         220         230   9.99972326E-05   1.66115320       1.29822290    
         240         219   9.99664699E-05   1.59355640       1.29411077    
         260         212   9.99752301E-05   1.54622388       1.28975368    
         280         204   9.99858530E-05   1.51369441       1.28473687    
         300         196   9.99640615E-05   1.49219334       1.27908182    
         320         190   9.99699114E-05   1.47774863       1.27339518    
         340         182   9.99692202E-05   1.46852350       1.26752758    
         360         175   9.99653348E-05   1.46242833       1.26176596    
         380         170   9.99862605E-05   1.45849323       1.25627065    
         400         166   9.99795520E-05   1.45612574       1.25147271    
         420         162   9.99947006E-05   1.45422721       1.24736464    
         440         158   9.99917247E-05   1.45264196       1.24353313    
         460         149   9.99832337E-05   1.45105898       1.23968971    
         480         146   9.99889453E-05   1.44899225       1.23601198    
         500         146   9.99722397E-05   1.44627166       1.23230517    
         520         145   9.99539261E-05   1.44314420       1.22815132    
         540         145   9.99682015E-05   1.43957019       1.22379804    
         560         146   9.99858603E-05   1.43560004       1.21923113    
         580         142   9.99851400E-05   1.43107152       1.21418929    
         600         142   9.99770928E-05   1.42598319       1.20893681    
         620         140   9.99701369E-05   1.42026854       1.20350575    
         640         135   9.99585027E-05   1.41404891       1.19763279    
         660         133   9.99664480E-05   1.40732026       1.19165075    
         680         128   9.99943368E-05   1.40006423       1.18541074    
         700         123   9.99875047E-05   1.39237309       1.17888892    
         720         121   9.99983022E-05   1.38422251       1.17230988    
         740         121   9.99875410E-05   1.37559199       1.16554463    
         760         117   9.99958866E-05   1.36669469       1.15850592    
         780         118   9.99693439E-05   1.35735989       1.15138960    
         800         121   9.99617114E-05   1.34774733       1.14412165    
         820         119   9.99944968E-05   1.33787346       1.13665652    
         840         121   9.99909025E-05   1.32764602       1.12909901    
         860         118   9.99918630E-05   1.31722581       1.12136066    
         880         118   9.99584663E-05   1.30646896       1.11349571    
         900         116   9.99619515E-05   1.29553699       1.10552847    
         920         116   9.99666518E-05   1.28434741       1.09742904    
         940         118   9.99926706E-05   1.27303696       1.08925748    
         960         113   9.99587573E-05   1.26158786       1.08091784    
         980         113   9.99692784E-05   1.24982858       1.07257044    
        1000         117   9.99965778E-05   1.23792720       1.06416142    
        1020         113   9.99801268E-05   1.22591043       1.05561304    
        1040         113   9.99722251E-05   1.21378517       1.04702306    
        1060         111   9.99855838E-05   1.20149922       1.03841066    
        1080         107   9.99643453E-05   1.18905938       1.02974296    
        1100         107   9.99684853E-05   1.17658246       1.02107763    
        1120         105   9.99683616E-05   1.16399264       1.01237714    
        1140         108   9.99846161E-05   1.15126050       1.00371671    
        1160         103   9.99646145E-05   1.13849878      0.995009422    
        1180         105   9.99857875E-05   1.12560296      0.986372292    
        1200         101   9.99807671E-05   1.11263943      0.977733254    
        1220         101   9.99617841E-05   1.09963071      0.969115973    
        1240          95   9.99977055E-05   1.08658278      0.960518241    
        1260          92   9.99801778E-05   1.07342064      0.951903880    
        1280          87   9.99697950E-05   1.06030273      0.943396866    
        1300          86   9.99621916E-05   1.04705620      0.934873283    
        1320          90   9.99639451E-05   1.03379381      0.926518798    
        1340          86   9.99819749E-05   1.02056348      0.918074191    
        1360          88   9.99665281E-05   1.00729203      0.909781694    
        1380          85   9.99681870E-05  0.994073927      0.901452899    
        1400          83   9.99881959E-05  0.980844498      0.893184304    
        1420          77   9.99880067E-05  0.967718482      0.884929299    
        1440          75   9.99809417E-05  0.954558253      0.876764894    
        1460          77   9.99661279E-05  0.941465914      0.868662298    
        1480          81   9.99900076E-05  0.928392053      0.860597610    
        1500          76   9.99835247E-05  0.915502906      0.852539897    
        1520          74   9.99730837E-05  0.902624011      0.844513595    
        1540          72   9.99868935E-05  0.889890611      0.836530089    
        1560          67   9.99819458E-05  0.877257228      0.828499794    
        1580          66   9.99643962E-05  0.864705086      0.820557117    
        1600          72   9.99679760E-05  0.852225721      0.812627077    
        1620          76   9.99810727E-05  0.839853287      0.804696083    
        1640          72   9.99944605E-05  0.827722192      0.796677172    
        1660          79   9.99609983E-05  0.815570533      0.788725019    
        1680          85   9.99670374E-05  0.803606629      0.780729830    
        1700          78   9.99728072E-05  0.791843891      0.772615135    
        1720          72   9.99767581E-05  0.780213833      0.764493465    
        1740          69   9.99912882E-05  0.768721461      0.756301284    
        1760          65   9.99952899E-05  0.757317960      0.748114228    
        1780          68   9.99694894E-05  0.746051669      0.739900112    
        1800          71   9.99924596E-05  0.734912515      0.731671810    
        1820          69   9.99880867E-05  0.723917961      0.723353028    
        1840          72   9.99756085E-05  0.713082552      0.715034008    
        1860          75   9.99591866E-05  0.702351987      0.706690311    
        1880          72   9.99834156E-05  0.691799164      0.698266149    
        1900          67   9.99950353E-05  0.681441545      0.689830363    
        1920          69   9.99846307E-05  0.671150029      0.681393504    
        1940          67   9.99653785E-05  0.661016226      0.672934175    
        1960          61   9.99949771E-05  0.651077747      0.664419532    
        1980          61   9.99672920E-05  0.641243100      0.655940771    
        2000          58   9.99608674E-05  0.631542444      0.647447586    
        2020          58   9.99760741E-05  0.621968150      0.638967276    
        2040          60   9.99858894E-05  0.612540483      0.630468011    
        2060          59   9.99750628E-05  0.603254020      0.622004509    
        2080          58   9.99916301E-05  0.594081223      0.613529980    
        2100          61   9.99943877E-05  0.585027516      0.605097890    
        2120          60   9.99689146E-05  0.576133668      0.596673489    
        2140          53   9.99680706E-05  0.567386746      0.588233948    
        2160          54   9.99829426E-05  0.558700919      0.579826534    
        2180          51   9.99992553E-05  0.550167024      0.571455956    
        2200          48   9.99999393E-05  0.541755676      0.563078880    
        2220          48   9.99781987E-05  0.533418179      0.554767609    
        2240          47   9.99988406E-05  0.525193572      0.546469212    
        2260          54   9.99885815E-05  0.517010152      0.538269103    
        2280          54   9.99923432E-05  0.508983374      0.530036807    
        2300          51   9.99625336E-05  0.501065671      0.521875739    
        2320          52   9.99698459E-05  0.493222892      0.513780653    
        2340          52   9.99736149E-05  0.485480666      0.505723298    
        2360          50   9.99836193E-05  0.477831513      0.497727066    
        2380          50   9.99800832E-05  0.470257759      0.489800751    
        2400          49   9.99902113E-05  0.462777436      0.481953174    
        2420          43   9.99910699E-05  0.455425948      0.474141479    
        2440          38   9.99787517E-05  0.448141396      0.466404289    
        2460          37   9.99599652E-05  0.440928847      0.458789617    
        2480          37   9.99611075E-05  0.433788687      0.451262414    
        2500          44   9.99698386E-05  0.426696390      0.443838894    
        2520          47   9.99682525E-05  0.419704288      0.436486244    
        2540          46   9.99629410E-05  0.412818938      0.429220796    
        2560          45   9.99936747E-05  0.406036347      0.422028333    
        2580          39   9.99974654E-05  0.399361253      0.414926827    
        2600          27   9.99985423E-05  0.392800272      0.407882988    
        2620          27   9.99937110E-05  0.386262506      0.400995672    
        2640          31   9.99746699E-05  0.379784554      0.394231945    
        2660          27   9.99898693E-05  0.373448789      0.387530506    
        2680          23   9.99677068E-05  0.367186487      0.380936205    
        2700          21   9.99727854E-05  0.361002624      0.374447167    
        2720          21   9.99873955E-05  0.354897320      0.368065745    
        2740          16   9.99735421E-05  0.348898202      0.361764640    
        2760          19   9.99762633E-05  0.342927992      0.355615884    
        2780          21   9.99986369E-05  0.337055743      0.349552572    
        2800          23   9.99666299E-05  0.331260115      0.343594968    
        2820          23   9.99742115E-05  0.325550139      0.337733567    
        2840          17   9.99771728E-05  0.319964498      0.331936210    
        2860          16   9.99860567E-05  0.314412385      0.326260179    
        2880          16   9.99803087E-05  0.308933854      0.320687503    
        2900          15   9.99982876E-05  0.303530246      0.315194726    
        2920          15   9.99715048E-05  0.298188210      0.309819072    
        2940          15   9.99773983E-05  0.292912722      0.304532260    
        2960          19   9.99824333E-05  0.287684351      0.299348265    
        2980          16   9.99777913E-05  0.282566369      0.294217616    
        3000          17   9.99836557E-05  0.277490377      0.289186776    
        3020          15   9.99985859E-05  0.272493720      0.284224242    
        3040          16   9.99951590E-05  0.267533183      0.279354393    
        3060          19   9.99893018E-05  0.262619644      0.274574101    
        3080          13   9.99644690E-05  0.257825285      0.269825190    
        3100           7   9.99934709E-05  0.253086179      0.265150338    
        3120          11   9.99938056E-05  0.248334080      0.260594934    
        3140          10   9.99992844E-05  0.243674070      0.256078273    
        3160           9   9.99972326E-05  0.239069745      0.251634389    
        3180           4   9.99898184E-05  0.234542459      0.247236609    
        3200           7   9.99705298E-05  0.230011895      0.242938951    
        3220           7   9.99850017E-05  0.225562245      0.238683000    
        3240          13   9.99721888E-05  0.221111760      0.234520271    
        3260          12   9.99990516E-05  0.216770843      0.230372190    
        3280           9   9.99666954E-05  0.212486476      0.226279631    
        3300           6   9.99919212E-05  0.208270445      0.222227454    
        3320           6   9.99863405E-05  0.204078928      0.218238696    
        3340           9   9.99643089E-05  0.199913800      0.214316979    
        3360          10   9.99795739E-05  0.195820585      0.210431561    
        3380           9   9.99940457E-05  0.191793010      0.206581414    
        3400           8   9.99870026E-05  0.187819406      0.202779159    
        3420           7   9.99836266E-05  0.183899119      0.199023634    
        3440          17   9.99926415E-05  0.179964915      0.195347711    
        3460          16   9.99872427E-05  0.176159322      0.191665813    
        3480          20   9.99811164E-05  0.172377378      0.188048109    
        3500          15   9.99900149E-05  0.168716490      0.184436888    
        3520          13   9.99980621E-05  0.165092781      0.180876240    
        3540          15   9.99624899E-05  0.161497667      0.177373365    
        3560          13   9.99887488E-05  0.158002749      0.173887044    
        3580          15   9.99893382E-05  0.154535010      0.170457810    
        3600           6   9.99774638E-05  0.151197463      0.167032868    
        3620          11   9.99770200E-05  0.147835270      0.163696438    
        3640          16   9.99751792E-05  0.144536704      0.160394952    
        3660          15   9.99688709E-05  0.141343862      0.157114372    
        3680          16   9.99761905E-05  0.138197899      0.153878525    
        3700          18   9.99649274E-05  0.135108247      0.150686681    
        3720          14   9.99663680E-05  0.132122651      0.147517160    
        3740          20   9.99996264E-05  0.129144877      0.144411579    
        3760          17   9.99611657E-05  0.126268685      0.141327605    
        3780          20   9.99804106E-05  0.123431042      0.138298020    
        3800          18   9.99588228E-05  0.120669708      0.135301381    
        3820          11   9.99757613E-05  0.118001789      0.132341072    
        3840           8   9.99986878E-05  0.115370072      0.129424095    
        3860          13   9.99723779E-05  0.112748608      0.126570746    
        3880          14   9.99828335E-05  0.110208072      0.123756543    
        3900          10   9.99873955E-05  0.107745834      0.120976433    
        3920          10   9.99649637E-05  0.105308853      0.118250139    
        3940          13   9.99719050E-05  0.102919988      0.115572214    
        3960          15   9.99855038E-05  0.100580446      0.112936378    
        3980           7   9.99925542E-05   9.83380005E-02  0.110338062    
        4000           9   9.99999684E-05   9.60985124E-02  0.107802078    
        4020          10   9.99724725E-05   9.39085484E-02  0.105307251    
        4040          13   9.99573676E-05   9.17527974E-02  0.102867186    
        4060          15   9.99812110E-05   8.96596760E-02  0.100476190    
        4080          12   9.99866315E-05   8.76251310E-02   9.81260240E-02
        4100          14   9.99694239E-05   8.56137946E-02   9.58350971E-02
        4120          14   9.99947297E-05   8.36541206E-02   9.35951546E-02
        4140          10   9.99745607E-05   8.17569122E-02   9.13994834E-02
        4160          10   9.99995973E-05   7.98886120E-02   8.92634019E-02
        4180          10   9.99662952E-05   7.80619755E-02   8.71763378E-02
        4200           8   9.99979602E-05   7.62921870E-02   8.51369873E-02
        4220           6   9.99931144E-05   7.45601282E-02   8.31472054E-02
        4240           4   9.99664480E-05   7.28690699E-02   8.12133327E-02
        4260           6   9.99976837E-05   7.12084025E-02   7.93255866E-02
        4280           6   9.99951226E-05   6.95947036E-02   7.74900988E-02
        4300           5   9.99717740E-05   6.80274665E-02   7.57035688E-02
        4320          10   9.99835538E-05   6.64830878E-02   7.39662126E-02
        4340           6   9.99841868E-05   6.50110617E-02   7.22681507E-02
        4360           8   9.99744370E-05   6.35548756E-02   7.06237778E-02
        4380           8   9.99685872E-05   6.21474460E-02   6.90154582E-02
        4400          10   9.99747281E-05   6.07736893E-02   6.74538463E-02
        4420           6   9.99643235E-05   5.94646484E-02   6.59278780E-02
        4440           9   9.99648546E-05   5.81582710E-02   6.44517392E-02
        4460           6   9.99716212E-05   5.69169596E-02   6.30090833E-02
        4480           9   9.99880867E-05   5.56880012E-02   6.16094172E-02
        4500           8   9.99630502E-05   5.45030348E-02   6.02463931E-02
        4520           7   9.99710392E-05   5.33497818E-02   5.89175038E-02
        4540           8   9.99917829E-05   5.22285774E-02   5.76286875E-02
        4560           7   9.99862605E-05   5.11399023E-02   5.63710444E-02
        4580           7   9.99891126E-05   5.00757806E-02   5.51516004E-02
        4600           8   9.99863914E-05   4.90333736E-02   5.39607927E-02
        4620           9   9.99672920E-05   4.80116755E-02   5.28117418E-02
        4640           6   9.99771655E-05   4.70433421E-02   5.16818725E-02
        4660           8   9.99798940E-05   4.60720398E-02   5.05903065E-02
        4680           5   9.99705226E-05   4.51381356E-02   4.95240949E-02
        4700           4   9.99995755E-05   4.42260839E-02   4.84900437E-02
        4720           4   9.99992772E-05   4.33251336E-02   4.74844947E-02
        4740           4   9.99794211E-05   4.24394831E-02   4.65090685E-02
        4760           6   9.99802214E-05   4.15717512E-02   4.55597118E-02
        4780           4   9.99815529E-05   4.07309867E-02   4.46317457E-02
        4800           4   9.99932163E-05   3.99057567E-02   4.37285490E-02
        4820           5   9.99962140E-05   3.90885398E-02   4.28529568E-02
        4840           7   9.99766198E-05   3.82807516E-02   4.20034863E-02
        4860           4   9.99923359E-05   3.75128724E-02   4.11655083E-02
        4880           5   9.99959593E-05   3.67413573E-02   4.03519236E-02
        4900           6   9.99711046E-05   3.59787419E-02   3.95622179E-02
        4920           6   9.99844269E-05   3.52357887E-02   3.87908593E-02
        4940           5   9.99835538E-05   3.45117338E-02   3.80363464E-02
        4960           4   9.99975455E-05   3.38053256E-02   3.72956730E-02
        4980           5   9.99933545E-05   3.30896638E-02   3.65824290E-02
        5000           4   9.99948825E-05   3.24048549E-02   3.58715430E-02
        5020           4   9.99825425E-05   3.17252018E-02   3.51801142E-02
        5040           3   9.99848635E-05   3.10572237E-02   3.44989263E-02
        5060           4   9.99886543E-05   3.03971227E-02   3.38352658E-02
        5080           5   9.99825788E-05   2.97507308E-02   3.31825577E-02
        5100           4   9.99904951E-05   2.91255563E-02   3.25362198E-02
        5120           5   9.99840850E-05   2.84995288E-02   3.19046937E-02
        5140           3   9.99890835E-05   2.79000625E-02   3.12815532E-02
        5160           4   9.99899785E-05   2.73034014E-02   3.06699052E-02
        5180           3   9.99711556E-05   2.67186612E-02   3.00674196E-02
        5200           3   9.99853000E-05   2.61439718E-02   2.94748656E-02
        5220           4   9.99602125E-05   2.55792290E-02   2.88895592E-02
        5240           3   9.99671392E-05   2.50361897E-02   2.83142570E-02
        5260           4   9.99789627E-05   2.44979523E-02   2.77507529E-02
        5280           4   9.99654658E-05   2.39751656E-02   2.71890089E-02
        5300           3   9.99779222E-05   2.34669521E-02   2.66406257E-02
        5320           4   9.99686235E-05   2.29586475E-02   2.61033382E-02
        5340           3   9.99779295E-05   2.24717781E-02   2.55690869E-02
        5360           3   9.99806507E-05   2.19989717E-02   2.50461288E-02
        5380           3   9.99776676E-05   2.15343051E-02   2.45309100E-02
        5400           3   9.99609547E-05   2.10820306E-02   2.40235999E-02
        5420           2   9.99982076E-05   2.06471607E-02   2.35239863E-02
        5440           2   9.99938275E-05   2.02200301E-02   2.30328273E-02
        5460           4   9.99644617E-05   1.97992139E-02   2.25530267E-02
        5480           3   9.99845070E-05   1.93961021E-02   2.20765304E-02
        5500           4   9.99763142E-05   1.90019831E-02   2.16123331E-02
        5520           4   9.99668846E-05   1.86228286E-02   2.11571790E-02
        5540           2   9.99834010E-05   1.82519741E-02   2.07061525E-02
        5560           3   9.99967742E-05   1.78954359E-02   2.02684626E-02
        5580           3   9.99813346E-05   1.75472423E-02   1.98352970E-02
        5600           3   9.99807162E-05   1.72093250E-02   1.94092449E-02
        5620           3   9.99854965E-05   1.68839823E-02   1.89930703E-02
        5640           3   9.99661715E-05   1.65545177E-02   1.85856465E-02
        5660           3   9.99780095E-05   1.62423886E-02   1.81909595E-02
        5680           3   9.99554250E-05   1.59360245E-02   1.78010985E-02
        5700           2   9.99815675E-05   1.56384222E-02   1.74188372E-02
        5720           3   9.99917174E-05   1.53477760E-02   1.70478392E-02
        5740           2   9.99896947E-05   1.50621887E-02   1.66811738E-02
        5760           2   9.99970725E-05   1.47882719E-02   1.63307209E-02
        5780           3   9.99968761E-05   1.45204421E-02   1.59824844E-02
        5800           3   9.99903859E-05   1.42521998E-02   1.56440251E-02
        5820           2   9.99547628E-05   1.39991241E-02   1.53185315E-02
        5840           2   9.99924232E-05   1.37463156E-02   1.49948085E-02
        5860           2   9.99510012E-05   1.35052344E-02   1.46819800E-02
        5880           3   9.99676704E-05   1.32673848E-02   1.43795013E-02
        5900           2   9.99447075E-05   1.30409533E-02   1.40853971E-02
        5920           2   9.99775220E-05   1.28199821E-02   1.37979975E-02
        5940           2   9.99601616E-05   1.26075018E-02   1.35190375E-02
        5960           2   9.99767362E-05   1.24009950E-02   1.32485125E-02
        5980           2   9.99421682E-05   1.22042354E-02   1.29860826E-02
        6000           1   9.99956392E-05   1.20173860E-02   1.27289761E-02
        6020           2   9.99553158E-05   1.18270302E-02   1.24838110E-02
        6040           2   9.99428521E-05   1.16452677E-02   1.22433761E-02
        6060           2   9.99789991E-05   1.14649842E-02   1.20125460E-02
        6080           2   9.99412805E-05   1.12886177E-02   1.17855808E-02
        6100           2   9.99444455E-05   1.11125577E-02   1.15678813E-02
        6120           2   9.99641488E-05   1.09452764E-02   1.13546699E-02
        6140           2   9.99608237E-05   1.07810888E-02   1.11491885E-02
        6160           1   9.99849217E-05   1.06194196E-02   1.09487036E-02
        6180           2   9.99667900E-05   1.04540335E-02   1.07568568E-02
        6200           2   9.99261829E-05   1.02937901E-02   1.05702449E-02
        6220           1   9.99675394E-05   1.01370811E-02   1.03829158E-02
        6240           2   9.99481344E-05   9.98334587E-03   1.02101844E-02
        6260           2   9.99791519E-05   9.82677471E-03   1.00380769E-02
        6280           2   9.99428084E-05   9.67745204E-03   9.87597648E-03
        6300           2   9.99446056E-05   9.53089911E-03   9.71152261E-03
        6320           2   9.99392723E-05   9.38115548E-03   9.55740921E-03
        6340           1   9.99666299E-05   9.23881121E-03   9.40170977E-03
        6360           1   9.99635304E-05   9.09455214E-03   9.25310142E-03
        6380           2   9.99465919E-05   8.94804578E-03   9.10871010E-03
        6400           1   9.99969125E-05   8.81190691E-03   8.96424893E-03
        6420           1   9.99626282E-05   8.67186394E-03   8.82811937E-03
        6440           2   9.99333788E-05   8.53431597E-03   8.69904924E-03
        6460           1   9.99604235E-05   8.40160530E-03   8.56158603E-03
        6480           1   9.99761323E-05   8.27173144E-03   8.43397062E-03
        6500           2   9.99825716E-05   8.14056117E-03   8.30843952E-03
        6520           1   9.99897748E-05   8.01179279E-03   8.17867182E-03
        6540           1   9.99996919E-05   7.88283907E-03   8.05707369E-03
        6560           1   9.99855620E-05   7.75623275E-03   7.93870259E-03
        6580           2   9.99463518E-05   7.63150910E-03   7.82305747E-03
        6600           2   9.99373151E-05   7.51200179E-03   7.70794135E-03
        6620           1   9.99372278E-05   7.39242788E-03   7.59135978E-03
        6640           1   9.99678741E-05   7.27494340E-03   7.47399731E-03
        6660           1   9.99695258E-05   7.15632085E-03   7.36401603E-03
        6680           2   9.99590557E-05   7.04347622E-03   7.25537492E-03
        6700           1   9.99615731E-05   6.93333196E-03   7.14845909E-03
        6720           1   9.99760668E-05   6.82259537E-03   7.04212254E-03
        6740           1   9.99699769E-05   6.71947841E-03   6.93516713E-03
        6760           1   9.99580952E-05   6.61271904E-03   6.82810275E-03
        6780           1   9.99653930E-05   6.50886726E-03   6.72602188E-03
        6800           1   9.99229669E-05   6.40988629E-03   6.62490260E-03
        6820           1   9.99357580E-05   6.31147530E-03   6.52330508E-03
        6840           1   9.98661708E-05   6.21626340E-03   6.42486941E-03
        6860           1   9.99802796E-05   6.12240378E-03   6.32274430E-03
        6880           1   9.98285759E-05   6.03082450E-03   6.22652285E-03
        6900           1   9.98174291E-05   5.94272790E-03   6.13320759E-03
        6920           1   9.97665556E-05   5.85756497E-03   6.03454746E-03
        6940           1   9.95534429E-05   5.77310706E-03   5.94269112E-03
        6960           1   9.90476619E-05   5.69001585E-03   5.85316680E-03
        6980           1   9.82179481E-05   5.60965203E-03   5.76563552E-03
        7000           1   9.70771434E-05   5.53584192E-03   5.68364374E-03
        7020           1   9.56490403E-05   5.46834618E-03   5.60749695E-03
        7040           1   9.39566089E-05   5.40047232E-03   5.53534180E-03
        7060           1   9.21303072E-05   5.33581804E-03   5.46722766E-03
        7080           1   9.01783860E-05   5.27551677E-03   5.39641315E-03
        7100           1   8.82734312E-05   5.21417521E-03   5.33375936E-03
        7120           1   8.64161266E-05   5.15868049E-03   5.26606990E-03
        7140           1   8.47491101E-05   5.09747211E-03   5.20079397E-03
        7160           1   8.32876103E-05   5.03389537E-03   5.13088191E-03
        7180           1   8.20954447E-05   4.97616362E-03   5.06427279E-03
        7200           1   8.11573627E-05   4.91400808E-03   4.99290694E-03
        7220           1   8.05136879E-05   4.85507166E-03   4.91752196E-03
        7240           1   8.01199494E-05   4.79667354E-03   4.84271115E-03
        7260           1   7.98516921E-05   4.74281842E-03   4.76607634E-03
        7280           1   7.97125103E-05   4.68728459E-03   4.69247811E-03
        7300           1   7.95527812E-05   4.63200035E-03   4.61506285E-03
        7320           1   7.93697836E-05   4.58116969E-03   4.54427814E-03
        7340           1   7.90255363E-05   4.52994928E-03   4.47527366E-03
        7360           1   7.85412049E-05   4.48316662E-03   4.40841494E-03
        7380           1   7.78311223E-05   4.43070708E-03   4.34641354E-03
        7400           1   7.69465987E-05   4.38231463E-03   4.28890530E-03
        7420           1   7.59135582E-05   4.33563208E-03   4.23605740E-03
        7440           1   7.47486556E-05   4.28347569E-03   4.18279134E-03
        7460           1   7.35019566E-05   4.23548603E-03   4.13742894E-03
        7480           1   7.22483892E-05   4.18971526E-03   4.08306113E-03
        7500           1   7.10106979E-05   4.14185273E-03   4.03608801E-03
        7520           1   6.98179283E-05   4.09277668E-03   3.99163738E-03
        7540           1   6.87196152E-05   4.04715026E-03   3.94522958E-03
        7560           1   6.77161370E-05   4.00049333E-03   3.89789743E-03
        7580           1   6.68217544E-05   3.95614095E-03   3.85268615E-03
        7600           1   6.60438527E-05   3.91002325E-03   3.80611094E-03
        7620           1   6.53580864E-05   3.86681664E-03   3.76040628E-03
        7640           1   6.47705892E-05   3.82185751E-03   3.71302222E-03
        7660           1   6.42716695E-05   3.77277518E-03   3.66789522E-03
        7680           1   6.38268975E-05   3.72821698E-03   3.62654636E-03
        7700           1   6.34302196E-05   3.68074700E-03   3.58095649E-03
        7720           1   6.30286449E-05   3.63411871E-03   3.53727164E-03
        7740           1   6.26194378E-05   3.58583266E-03   3.49739869E-03
        7760           1   6.21626459E-05   3.54047539E-03   3.45525239E-03
        7780           1   6.16687685E-05   3.49574210E-03   3.41759226E-03
        7800           1   6.10975112E-05   3.45425587E-03   3.38149746E-03
        7820           1   6.04812594E-05   3.40765738E-03   3.34398914E-03
        7840           1   5.97727812E-05   3.36806942E-03   3.31156608E-03
        7860           1   5.89833726E-05   3.33065609E-03   3.27609084E-03
        7880           1   5.81940658E-05   3.29486234E-03   3.24594160E-03
        7900           1   5.73877442E-05   3.26265651E-03   3.21171014E-03
        7920           1   5.65716000E-05   3.23151611E-03   3.17739137E-03
        7940           1   5.57859894E-05   3.20156384E-03   3.14306631E-03
        7960           1   5.50099285E-05   3.17181880E-03   3.10980272E-03
        7980           1   5.43070382E-05   3.14342882E-03   3.07252095E-03
        8000           1   5.36418374E-05   3.11134895E-03   3.03546246E-03
        8020           1   5.30247671E-05   3.08280112E-03   3.00038606E-03
        8040           1   5.24597017E-05   3.05137597E-03   2.96532502E-03
        8060           1   5.19429923E-05   3.02201533E-03   2.92824069E-03
        8080           1   5.14891435E-05   2.99198367E-03   2.89628445E-03
        8100           1   5.10859791E-05   2.95868539E-03   2.86695734E-03
        8120           1   5.06785655E-05   2.92870170E-03   2.83516967E-03
        8140           1   5.03038136E-05   2.89388187E-03   2.80662673E-03
        8160           1   4.99502821E-05   2.86523625E-03   2.78296182E-03
        8180           1   4.95571694E-05   2.83212308E-03   2.75560399E-03
        8200           1   4.91962855E-05   2.80476664E-03   2.73157028E-03
        8220           1   4.87806137E-05   2.77045742E-03   2.70430115E-03
        8240           1   4.83350050E-05   2.74101109E-03   2.68297130E-03
        8260           1   4.78454422E-05   2.71441368E-03   2.65911105E-03
        8280           1   4.73282853E-05   2.68501416E-03   2.63362541E-03
        8300           1   4.68261896E-05   2.65773199E-03   2.61211419E-03
        8320           1   4.62952121E-05   2.62738438E-03   2.58718547E-03
        8340           1   4.57503120E-05   2.60112202E-03   2.56203418E-03
        8360           1   4.52057538E-05   2.57502869E-03   2.53962982E-03
        8380           1   4.46821759E-05   2.55111326E-03   2.51374696E-03
        8400           1   4.41946358E-05   2.52805627E-03   2.49128463E-03
        8420           1   4.37347153E-05   2.50341138E-03   2.47020903E-03
        8440           1   4.33057721E-05   2.47367634E-03   2.44602188E-03
        8460           1   4.29261891E-05   2.45377095E-03   2.42009852E-03
        8480           1   4.25810467E-05   2.42975191E-03   2.39669462E-03
        8500           1   4.22585326E-05   2.40164669E-03   2.37053307E-03
        8520           1   4.19258031E-05   2.38002045E-03   2.34228955E-03
        8540           1   4.16528783E-05   2.35799863E-03   2.32032873E-03
        8560           1   4.13442976E-05   2.33474327E-03   2.29443540E-03
        8580           1   4.09919849E-05   2.31073401E-03   2.26989947E-03
        8600           1   4.06362269E-05   2.28925166E-03   2.24743434E-03
        8620           1   4.02448823E-05   2.26640864E-03   2.22521019E-03
        8640           1   3.98419506E-05   2.24895682E-03   2.19936622E-03
        8660           1   3.93777773E-05   2.22420157E-03   2.18084711E-03
        8680           1   3.89271954E-05   2.20311061E-03   2.15944042E-03
        8700           1   3.84262421E-05   2.17791926E-03   2.13745818E-03
        8720           1   3.79386656E-05   2.15631095E-03   2.11714581E-03
        8740           1   3.74620140E-05   2.13573291E-03   2.09632958E-03
        8760           1   3.70069320E-05   2.11483263E-03   2.07490777E-03
        8780           1   3.65741435E-05   2.09540618E-03   2.05628714E-03
        8800           1   3.61931670E-05   2.07233615E-03   2.03139964E-03
        8820           1   3.58150864E-05   2.05102679E-03   2.01524142E-03
        8840           1   3.54899857E-05   2.03372235E-03   1.99220306E-03
        8860           1   3.52245297E-05   2.01505562E-03   1.97209395E-03
        8880           1   3.49380134E-05   1.99381728E-03   1.95071462E-03
        8900           1   3.46581546E-05   1.97850238E-03   1.93101401E-03
        8920           1   3.43544598E-05   1.95949152E-03   1.91080256E-03
        8940           1   3.41272607E-05   1.94431213E-03   1.89199264E-03
        8960           1   3.38488499E-05   1.92528497E-03   1.87578273E-03
        8980           1   3.35736877E-05   1.90768065E-03   1.85628119E-03
        9000           1   3.32757772E-05   1.88925432E-03   1.83923740E-03
        9020           1   3.30093826E-05   1.87128910E-03   1.82051025E-03
        9040           1   3.26872105E-05   1.85054389E-03   1.80562143E-03
        9060           1   3.24040266E-05   1.83113245E-03   1.79014390E-03
        9080           1   3.21027619E-05   1.81565247E-03   1.77484506E-03
        9100           1   3.18256680E-05   1.79573218E-03   1.75514177E-03
        9120           1   3.15099351E-05   1.77766720E-03   1.73800217E-03
        9140           1   3.12382290E-05   1.76330889E-03   1.72348192E-03
        9160           1   3.09699935E-05   1.74363912E-03   1.70750183E-03
        9180           1   3.07045411E-05   1.72711839E-03   1.69097842E-03
        9200           1   3.04473760E-05   1.71200780E-03   1.67594291E-03
        9220           1   3.02373992E-05   1.69513514E-03   1.66091125E-03
        9240           1   2.99965559E-05   1.67928031E-03   1.64442160E-03
        9260           1   2.97543284E-05   1.66767940E-03   1.62836188E-03
        9280           1   2.95547234E-05   1.65737642E-03   1.61013904E-03
        9300           1   2.92880213E-05   1.64233695E-03   1.59460865E-03
        9320           1   2.90899188E-05   1.62571657E-03   1.57952309E-03
        9340           1   2.88275405E-05   1.60986814E-03   1.56333565E-03
        9360           1   2.85833485E-05   1.59395649E-03   1.54889619E-03
        9380           1   2.83213485E-05   1.57774228E-03   1.53507327E-03
        9400           1   2.80421445E-05   1.56556373E-03   1.51967164E-03
        9420           1   2.77422241E-05   1.54530117E-03   1.50636013E-03
        9440           1   2.74337890E-05   1.52950641E-03   1.49239739E-03
        9460           1   2.71204281E-05   1.51628605E-03   1.48047681E-03
        9480           1   2.68299918E-05   1.50014937E-03   1.46669056E-03
        9500           1   2.65101462E-05   1.48438546E-03   1.45401363E-03
        9520           1   2.62143021E-05   1.47443416E-03   1.44569983E-03
        9540           1   2.59335338E-05   1.45534601E-03   1.43176876E-03
        9560           1   2.55999821E-05   1.44297490E-03   1.42105459E-03
        9580           1   2.53279377E-05   1.43098680E-03   1.40557252E-03
        9600           1   2.51150286E-05   1.41778553E-03   1.39271957E-03
        9620           1   2.48989272E-05   1.40502118E-03   1.37752062E-03
        9640           1   2.47048720E-05   1.39403460E-03   1.36292563E-03
        9660           1   2.45377414E-05   1.38039701E-03   1.34893588E-03
        9680           1   2.43579325E-05   1.37237750E-03   1.33156241E-03
        9700           1   2.41839407E-05   1.35726470E-03   1.31782482E-03
        9720           1   2.39978672E-05   1.34568079E-03   1.30359805E-03
        9740           1   2.38147513E-05   1.33544591E-03   1.29040168E-03
        9760           1   2.36433389E-05   1.32048095E-03   1.27851521E-03
        9780           1   2.34364052E-05   1.31187995E-03   1.26657332E-03
        9800           1   2.32429611E-05   1.29839708E-03   1.25219789E-03
        9820           1   2.30191563E-05   1.28638675E-03   1.24096766E-03
        9840           1   2.28314366E-05   1.27687852E-03   1.23266142E-03
        9860           1   2.26090269E-05   1.26214628E-03   1.22165051E-03
        9880           1   2.23830248E-05   1.25232828E-03   1.21377013E-03
        9900           1   2.21649534E-05   1.23873912E-03   1.20145839E-03
        9920           1   2.19311969E-05   1.22485170E-03   1.19153340E-03
        9940           1   2.16790468E-05   1.21562742E-03   1.18309900E-03
        9960           1   2.14630873E-05   1.20280788E-03   1.17328274E-03
        9980           1   2.12544855E-05   1.19194412E-03   1.16214249E-03
       10000           1   2.10747712E-05   1.18235708E-03   1.14846311E-03
       10020           1   2.08924812E-05   1.17043382E-03   1.14383642E-03
       10040           1   2.07011381E-05   1.15981838E-03   1.13418698E-03
       10060           1   2.05522883E-05   1.15040573E-03   1.12390716E-03
       10080           1   2.04253683E-05   1.13730924E-03   1.11464679E-03
       10100           1   2.02963056E-05   1.12984423E-03   1.10712112E-03
       10120           1   2.01594339E-05   1.11899141E-03   1.09792908E-03
       10140           1   2.00692029E-05   1.10450934E-03   1.08593749E-03
       10160           1   1.99104252E-05   1.09814783E-03   1.07817294E-03
       10180           1   1.97411518E-05   1.08407624E-03   1.06827146E-03
       10200           1   1.95836728E-05   1.07372052E-03   1.05987501E-03
       10220           1   1.94018776E-05   1.06746575E-03   1.05175108E-03
       10240           1   1.92134139E-05   1.05860829E-03   1.04142586E-03
       10260           1   1.90024566E-05   1.04631798E-03   1.03129866E-03
       10280           1   1.87804617E-05   1.03695109E-03   1.02502201E-03
       10300           1   1.85569279E-05   1.02897291E-03   1.01265486E-03
       10320           1   1.83122884E-05   1.02527335E-03   1.00711582E-03
       10340           1   1.81044943E-05   1.01613789E-03   9.98222618E-04
       10360           1   1.78773080E-05   1.00729172E-03   9.89280641E-04
       10380           1   1.77351303E-05   9.99196433E-04   9.77865420E-04
       10400           1   1.75604127E-05   9.93506284E-04   9.71038768E-04
       10420           1   1.74262295E-05   9.86074680E-04   9.59543686E-04
       10440           1   1.73311037E-05   9.75064526E-04   9.52047529E-04
       10460           1   1.72172986E-05   9.68471228E-04   9.38809593E-04
       10480           1   1.71331176E-05   9.59360390E-04   9.29972739E-04
       10500           1   1.70359508E-05   9.51034483E-04   9.20095365E-04
       10520           1   1.69430241E-05   9.42088082E-04   9.09068796E-04
       10540           1   1.68377810E-05   9.39711172E-04   9.01684281E-04
       10560           1   1.67532253E-05   9.29273549E-04   8.90218886E-04
       10580           1   1.66243371E-05   9.21376981E-04   8.82688211E-04
       10600           1   1.65250003E-05   9.09477880E-04   8.77643470E-04
       10620           1   1.63517561E-05   9.02592437E-04   8.70072865E-04
       10640           1   1.61959997E-05   8.92608834E-04   8.64290982E-04
       10660           1   1.60774634E-05   8.86433932E-04   8.56193947E-04
       10680           1   1.58959847E-05   8.75439495E-04   8.48661701E-04
       10700           1   1.57114500E-05   8.68043397E-04   8.40009016E-04
       10720           1   1.55327998E-05   8.58612475E-04   8.37467378E-04
       10740           1   1.53975107E-05   8.47862742E-04   8.28953751E-04
       10760           1   1.52309640E-05   8.41042493E-04   8.23472801E-04
       10780           1   1.50482620E-05   8.30484671E-04   8.17682070E-04
       10800           1   1.48857225E-05   8.23676470E-04   8.10662925E-04
       10820           1   1.47558731E-05   8.17746564E-04   8.05236690E-04
       10840           1   1.46187776E-05   8.06494034E-04   8.00297479E-04
       10860           1   1.44971336E-05   8.01144575E-04   7.89782440E-04
       10880           1   1.44335045E-05   7.92586885E-04   7.83990137E-04
       10900           1   1.43094348E-05   7.90111488E-04   7.76555506E-04
       10920           1   1.42228055E-05   7.82070856E-04   7.68740196E-04
       10940           1   1.41262963E-05   7.77961279E-04   7.64258264E-04
       10960           1   1.40302673E-05   7.69946375E-04   7.54471868E-04
       10980           1   1.39517288E-05   7.64599710E-04   7.47923215E-04
       11000           1   1.38620244E-05   7.57029688E-04   7.42588134E-04
       11020           1   1.37276347E-05   7.48676190E-04   7.33217457E-04
       11040           1   1.36260487E-05   7.45093334E-04   7.26245227E-04
       11060           1   1.35028367E-05   7.37308408E-04   7.18538242E-04
       11080           1   1.33560443E-05   7.33137480E-04   7.12830340E-04
       11100           1   1.32282521E-05   7.29242689E-04   7.04619801E-04
       11120           1   1.30674644E-05   7.18573574E-04   6.99975179E-04
       11140           1   1.29608825E-05   7.14894210E-04   6.94343180E-04
       11160           1   1.28484380E-05   7.10700639E-04   6.88045344E-04
       11180           1   1.27356034E-05   7.06226623E-04   6.81224628E-04
       11200           1   1.25769839E-05   7.01129553E-04   6.77025469E-04
       11220           1   1.24846456E-05   6.95062277E-04   6.69586239E-04
       11240           1   1.23812188E-05   6.91058580E-04   6.62053237E-04
       11260           1   1.22897936E-05   6.85132807E-04   6.58462755E-04
       11280           1   1.22062565E-05   6.76670461E-04   6.52218645E-04
       11300           1   1.21318744E-05   6.72187423E-04   6.45066903E-04
       11320           1   1.20768664E-05   6.65120606E-04   6.38128899E-04
       11340           1   1.20044333E-05   6.58605248E-04   6.34027238E-04
       11360           1   1.19634751E-05   6.51359500E-04   6.30129187E-04
       11380           1   1.19107153E-05   6.48772751E-04   6.23238040E-04
       11400           1   1.18236803E-05   6.39391015E-04   6.18887076E-04
       11420           1   1.17520631E-05   6.30616792E-04   6.12307049E-04
       11440           1   1.16644896E-05   6.27329107E-04   6.09267852E-04
       11460           1   1.15774619E-05   6.19662052E-04   6.05020847E-04
       11480           1   1.14372369E-05   6.15544210E-04   5.99002116E-04
       11500           1   1.13557444E-05   6.08790549E-04   5.97119681E-04
       11520           1   1.12501129E-05   6.01410691E-04   5.91085933E-04
       11540           1   1.11371673E-05   5.97021077E-04   5.88137074E-04
       11560           1   1.09846287E-05   5.93377801E-04   5.78246196E-04
       11580           1   1.08931999E-05   5.86321286E-04   5.77164581E-04
       11600           1   1.07524711E-05   5.79650397E-04   5.70781704E-04
       11620           1   1.06412363E-05   5.76029823E-04   5.66593953E-04
       11640           1   1.05316649E-05   5.74038480E-04   5.64453250E-04
       11660           1   1.04337159E-05   5.67068229E-04   5.55913022E-04
       11680           1   1.03592802E-05   5.61122375E-04   5.49310818E-04
       11700           1   1.02917593E-05   5.58952452E-04   5.43797913E-04
       11720           1   1.01809828E-05   5.54200495E-04   5.41076588E-04
       11740           1   1.00901771E-05   5.48573094E-04   5.35147497E-04
       11760           1   1.00467869E-05   5.44566079E-04   5.30890364E-04
       11780           1   9.92258902E-06   5.41216636E-04   5.22672432E-04
       11800           1   9.87255498E-06   5.35377068E-04   5.18766057E-04
       11820           1   9.80975437E-06   5.31923492E-04   5.15106134E-04
       11840           1   9.74364502E-06   5.27687545E-04   5.07817487E-04
       11860           1   9.67975029E-06   5.24939853E-04   5.04583644E-04
       11880           1   9.62188733E-06   5.20663278E-04   4.98945010E-04
       11900           1   9.54034113E-06   5.14351297E-04   4.94325068E-04
       11920           1   9.46771888E-06   5.09624369E-04   4.92433901E-04
       11940           1   9.38676840E-06   5.05216245E-04   4.88025486E-04
       11959           1   9.30159877E-06   4.99693910E-04   4.81022929E-04
 Solver: fs        , Convection scheme: uds       
 RE=   1000.00000     , N=         128
 Selected Time scheme:            2
 DT=   4.99999989E-03
 Wall-clock time (s):    377.370941    
Note: The following floating-point exceptions are signalling: IEEE_UNDERFLOW_FLAG
