 NTRANS, N, DT=?
          20        1511   9.99941549E-05   3.10489559       1.39383388    
          40         649   9.99929325E-05   1.82173526       1.00114822    
          60         431   9.99957920E-05   1.32278430      0.902029037    
          80         338   9.99953554E-05   1.07848358      0.860280514    
         100         293   9.99774275E-05  0.967004597      0.832067728    
         120         266   9.99891490E-05  0.920364738      0.810944080    
         140         249   9.99125259E-05  0.898365498      0.795022368    
         160         236   9.99473923E-05  0.885511279      0.781296134    
         180         227   9.99823897E-05  0.874074340      0.769573033    
         200         219   9.99783515E-05  0.862956524      0.757614374    
         220         212   9.99670301E-05  0.851096570      0.745335102    
         240         206   9.98883334E-05  0.838122725      0.732569456    
         260         198   9.99166150E-05  0.823696613      0.719194114    
         280         193   9.98893302E-05  0.808305144      0.705538511    
         300         187   9.99102485E-05  0.791643977      0.691370130    
         320         182   9.99099284E-05  0.773986697      0.676633358    
         340         174   9.99885524E-05  0.755445659      0.661521912    
         360         169   9.99321855E-05  0.736089826      0.646178007    
         380         164   9.99229233E-05  0.716191292      0.630461931    
         400         159   9.99490949E-05  0.695532799      0.614517868    
         420         154   9.99392141E-05  0.674307883      0.598657906    
         440         149   9.99386248E-05  0.652699351      0.582871318    
         460         145   9.99259937E-05  0.630542159      0.567281842    
         480         139   9.99863769E-05  0.608093023      0.551802695    
         500         134   9.99812983E-05  0.585360765      0.536617756    
         520         130   9.99090989E-05  0.562577784      0.521827579    
         540         125   9.99114127E-05  0.540011704      0.507077992    
         560         121   9.99773474E-05  0.517586350      0.492658406    
         580         116   9.98735777E-05  0.495497316      0.478089184    
         600         112   9.99076656E-05  0.473930597      0.463474303    
         620         107   9.98775358E-05  0.452736795      0.448673934    
         640         103   9.98801770E-05  0.432140231      0.433585435    
         660          98   9.99936892E-05  0.411982775      0.418322295    
         680          93   9.98974356E-05  0.392455846      0.402724236    
         700          90   9.98895484E-05  0.373457551      0.387038618    
         720          85   9.99691474E-05  0.355239123      0.371139199    
         740          81   9.99937329E-05  0.337588042      0.355278760    
         760          77   9.99392505E-05  0.320573121      0.339425266    
         780          74   9.99913100E-05  0.304377079      0.323693275    
         800          70   9.99856711E-05  0.288766533      0.308198869    
         820          67   9.99783078E-05  0.273741633      0.292925447    
         840          63   9.99124168E-05  0.259397417      0.278033108    
         860          60   9.98794058E-05  0.245663032      0.263500988    
         880          58   9.99303520E-05  0.232505411      0.249385282    
         900          54   9.99858166E-05  0.219871953      0.235809624    
         920          51   9.98758842E-05  0.207778394      0.222771376    
         940          50   9.98535979E-05  0.196217358      0.210273191    
         960          46   9.98680698E-05  0.185188487      0.198386416    
         980          45   9.99276745E-05  0.174681485      0.187109128    
        1000          42   9.99450203E-05  0.164719224      0.176414043    
        1020          41   9.99312833E-05  0.155268386      0.166299820    
        1040          39   9.99374388E-05  0.146327242      0.156756431    
        1060          36   9.99896220E-05  0.137872696      0.147764578    
        1080          35   9.99682889E-05  0.129866242      0.139308482    
        1100          33   9.99282420E-05  0.122288503      0.131346911    
        1120          31   9.99802724E-05  0.115112022      0.123836726    
        1140          31   9.99113909E-05  0.108286843      0.116769046    
        1160          28   9.99543190E-05  0.101834700      0.110081054    
        1180          28   9.98895703E-05   9.56768468E-02  0.103768691    
        1200          25   9.99449039E-05   8.98472592E-02   9.77836847E-02
        1220          24   9.99439799E-05   8.42975527E-02   9.21143666E-02
        1240          23   9.99876647E-05   7.90307894E-02   8.67325068E-02
        1260          23   9.99589392E-05   7.40206391E-02   8.16202909E-02
        1280          20   9.99233889E-05   6.92946166E-02   7.67526478E-02
        1300          20   9.99728218E-05   6.48193881E-02   7.21212924E-02
        1320          19   9.99247495E-05   6.06062785E-02   6.77143112E-02
        1340          17   9.99505428E-05   5.66461310E-02   6.35200143E-02
        1360          16   9.99889889E-05   5.29308692E-02   5.95345758E-02
        1380          16   9.99941767E-05   4.94443849E-02   5.57536520E-02
        1400          15   9.99931799E-05   4.61911671E-02   5.21677881E-02
        1420          15   9.99835174E-05   4.31509465E-02   4.87757586E-02
        1440          14   9.99739204E-05   4.03131172E-02   4.55720425E-02
        1460          13   9.98873948E-05   3.76600511E-02   4.25569415E-02
        1480          12   9.99072145E-05   3.51952165E-02   3.97197679E-02
        1500          12   9.99035256E-05   3.28839272E-02   3.70629206E-02
        1520          11   9.99836484E-05   3.07448283E-02   3.45751680E-02
        1540          11   9.98793257E-05   2.87405550E-02   3.22595015E-02
        1560          11   9.98759715E-05   2.68813241E-02   3.01025081E-02
        1580           8   9.99387703E-05   2.51656994E-02   2.81000119E-02
        1600           9   9.98959586E-05   2.35668775E-02   2.62469295E-02
        1620           8   9.99752956E-05   2.21004300E-02   2.45314687E-02
        1640           8   9.98987234E-05   2.07383782E-02   2.29480453E-02
        1660           7   9.99743133E-05   1.94920544E-02   2.14867312E-02
        1680           7   9.99356125E-05   1.83292124E-02   2.01397110E-02
        1700           7   9.99868280E-05   1.72569733E-02   1.88981947E-02
        1720           7   9.99269323E-05   1.62563063E-02   1.77528802E-02
        1740           5   9.99569602E-05   1.53319547E-02   1.66901331E-02
        1760           6   9.99604090E-05   1.44473910E-02   1.57088134E-02
        1780           5   9.99092445E-05   1.36193922E-02   1.47950072E-02
        1800           6   9.99032709E-05   1.28316749E-02   1.39470771E-02
        1820           4   9.99061012E-05   1.20970309E-02   1.31524056E-02
        1840           5   9.99687909E-05   1.13944216E-02   1.24088824E-02
        1860           5   9.99130352E-05   1.07279131E-02   1.17125474E-02
        1880           4   9.99395052E-05   1.01024667E-02   1.10553186E-02
        1900           4   9.98973410E-05   9.50819161E-03   1.04352357E-02
        1920           3   9.99086405E-05   8.94658174E-03   9.85152461E-03
        1940           4   9.99561598E-05   8.41880683E-03   9.29852761E-03
        1960           3   9.99392432E-05   7.92807620E-03   8.77346098E-03
        1980           4   9.99001204E-05   7.45597575E-03   8.27961694E-03
        2000           3   9.99271142E-05   7.02999718E-03   7.80827273E-03
        2020           3   9.99493495E-05   6.63528824E-03   7.36427540E-03
        2040           3   9.99010663E-05   6.27761800E-03   6.94355555E-03
        2060           3   9.99041222E-05   5.95051423E-03   6.54678885E-03
        2080           2   9.99301628E-05   5.64686302E-03   6.17128750E-03
        2100           2   9.99581171E-05   5.36055956E-03   5.81846666E-03
        2120           2   9.99246549E-05   5.08681964E-03   5.48593514E-03
        2140           1   9.99764670E-05   4.83153900E-03   5.17500285E-03
        2160           2   9.99632903E-05   4.58719814E-03   4.87948302E-03
        2180           3   9.99170225E-05   4.35764436E-03   4.60680434E-03
        2200           2   9.99605691E-05   4.14168695E-03   4.34796792E-03
        2220           2   9.99368349E-05   3.93444533E-03   4.10777656E-03
        2240           1   9.99160548E-05   3.74224875E-03   3.88265145E-03
        2260           2   9.99145996E-05   3.55466362E-03   3.67356697E-03
        2280           2   9.99063705E-05   3.38055659E-03   3.47605185E-03
        2300           2   9.99487529E-05   3.21474345E-03   3.29282042E-03
        2320           2   9.99740660E-05   3.05963075E-03   3.12118349E-03
        2340           1   9.98783653E-05   2.91055813E-03   2.96140322E-03
        2360           1   9.99724361E-05   2.77015497E-03   2.81075132E-03
        2380           1   9.98351170E-05   2.63323961E-03   2.66867387E-03
        2400           1   9.98421237E-05   2.50648381E-03   2.53860909E-03
        2420           2   9.99236290E-05   2.38265493E-03   2.41205748E-03
        2440           1   9.92173518E-05   2.26980867E-03   2.29596486E-03
        2460           1   9.83524878E-05   2.16262415E-03   2.19072192E-03
        2480           1   9.59742101E-05   2.06572749E-03   2.09614425E-03
        2500           1   9.18954393E-05   1.98172149E-03   2.02065846E-03
        2520           1   8.66528935E-05   1.91083422E-03   1.95533480E-03
        2540           1   8.12653670E-05   1.84389204E-03   1.89865811E-03
        2560           1   7.67072706E-05   1.77736545E-03   1.83730479E-03
        2580           1   7.35727299E-05   1.71121303E-03   1.76912511E-03
        2600           1   7.18208976E-05   1.64881768E-03   1.69583736E-03
        2620           1   7.09654778E-05   1.59054203E-03   1.62039744E-03
        2640           1   7.01371173E-05   1.53913372E-03   1.54428079E-03
        2660           1   6.86866624E-05   1.48901239E-03   1.47899590E-03
        2680           1   6.64231047E-05   1.44254323E-03   1.42250292E-03
        2700           1   6.35667166E-05   1.39575859E-03   1.37279986E-03
        2720           1   6.06169706E-05   1.34833937E-03   1.32576923E-03
        2740           1   5.79713451E-05   1.30462751E-03   1.28168322E-03
        2760           1   5.58342363E-05   1.26013556E-03   1.23749429E-03
        2780           1   5.41413101E-05   1.21970940E-03   1.19454239E-03
        2800           1   5.27330885E-05   1.17841340E-03   1.15224626E-03
        2820           1   5.13836058E-05   1.13705487E-03   1.11017749E-03
        2840           1   4.99980015E-05   1.09294523E-03   1.07145170E-03
        2860           1   4.85756209E-05   1.05111825E-03   1.03540742E-03
        2880           1   4.70936357E-05   1.01006916E-03   1.00288272E-03
        2900           1   4.55567424E-05   9.71106463E-04   9.72108915E-04
        2920           1   4.40280201E-05   9.36485536E-04   9.42667422E-04
        2940           1   4.25212638E-05   9.06269532E-04   9.13575990E-04
        2960           1   4.10621069E-05   8.78609950E-04   8.80167354E-04
        2980           1   3.96351752E-05   8.51934718E-04   8.47217918E-04
        3000           1   3.81745267E-05   8.27455777E-04   8.15201725E-04
        3020           1   3.67791727E-05   8.03735806E-04   7.88084522E-04
        3040           1   3.54608965E-05   7.80177885E-04   7.61872798E-04
        3060           1   3.43490938E-05   7.57340167E-04   7.37245777E-04
        3080           1   3.34534343E-05   7.32484390E-04   7.14828551E-04
        3100           1   3.26978407E-05   7.07547821E-04   6.92674308E-04
        3120           1   3.19741484E-05   6.87455060E-04   6.70598936E-04
        3140           1   3.12066804E-05   6.66974345E-04   6.49419380E-04
        3160           1   3.03211164E-05   6.45951193E-04   6.30907598E-04
        3180           1   2.93083795E-05   6.26348134E-04   6.14041404E-04
        3200           1   2.83499194E-05   6.07836409E-04   5.96229045E-04
        3220           1   2.74226932E-05   5.87417046E-04   5.78814419E-04
        3240           1   2.65810886E-05   5.67217707E-04   5.63332345E-04
        3260           1   2.58451801E-05   5.50087600E-04   5.48160693E-04
        3280           1   2.50926241E-05   5.30810677E-04   5.32214879E-04
        3300           1   2.43381910E-05   5.15467138E-04   5.16415748E-04
        3320           1   2.35350490E-05   4.98202862E-04   5.00534661E-04
        3322           1   2.34510189E-05   4.95509885E-04   4.99040296E-04
 Solver: fs        , Convection scheme: uds       
 RE=   1000.00000     , N=          64
 Selected Time scheme:            1
 DT=   1.49999997E-02
 Wall-clock time (s):    44.9808311    
Note: The following floating-point exceptions are signalling: IEEE_UNDERFLOW_FLAG
