 DT=?
          20           1   9.94641305E-05  0.138664201       5.12426868E-02
          40           1   9.86349623E-05  0.126798511       5.31228073E-02
          60          14   9.99086624E-05  0.115063950       4.66346666E-02
          80           5   9.98297328E-05  0.108422518       4.68566827E-02
         100          13   9.99206750E-05  0.103996962       4.54177968E-02
         120           5   9.98890464E-05   9.73875448E-02   4.11688983E-02
         140           2   9.97752504E-05   9.10803527E-02   4.10454199E-02
         160           7   9.98216055E-05   8.63132328E-02   3.78447212E-02
         180           1   9.78458193E-05   8.28130245E-02   3.64502743E-02
         200           1   9.99680560E-05   7.78641924E-02   3.46549861E-02
         220           1   9.93917929E-05   7.39121735E-02   3.37803215E-02
         240           4   9.97619136E-05   6.95712268E-02   3.21765617E-02
         260           3   9.94940201E-05   6.63197115E-02   3.11309025E-02
         280           5   9.98982650E-05   6.26378506E-02   2.99303290E-02
         300           1   9.94578149E-05   5.95489070E-02   2.90870070E-02
         320           3   9.97260213E-05   5.66292703E-02   2.80306134E-02
         340           2   9.97893876E-05   5.44384569E-02   2.75193509E-02
         360           1   9.98084506E-05   5.23731448E-02   2.67310962E-02
         380           1   9.96132294E-05   5.01040220E-02   2.57383808E-02
         400           3   9.98269534E-05   4.82024699E-02   2.52185985E-02
         420           2   9.97378083E-05   4.60651629E-02   2.46868394E-02
         440           1   9.93279027E-05   4.42857593E-02   2.43761633E-02
         460           2   9.95121300E-05   4.23133858E-02   2.35614013E-02
         480           1   9.96569070E-05   4.07085866E-02   2.32735779E-02
         500           1   9.99131807E-05   3.90810221E-02   2.27213576E-02
         520           2   9.99592157E-05   3.74899432E-02   2.23033372E-02
         540           1   9.98252945E-05   3.59979197E-02   2.18662657E-02
         560           1   9.80549303E-05   3.48434001E-02   2.16458645E-02
         580           1   9.99416006E-05   3.38158272E-02   2.13986430E-02
         600           2   9.96265589E-05   3.26960199E-02   2.08079685E-02
         620           1   9.42099941E-05   3.16337496E-02   2.04732008E-02
         640           1   9.02456595E-05   3.07101309E-02   2.02525426E-02
         660           1   9.91913766E-05   2.98917964E-02   2.00850684E-02
         680           1   9.98487230E-05   2.90098768E-02   1.98431313E-02
         700           1   9.99225158E-05   2.79809982E-02   1.92850493E-02
         720           1   8.23010123E-05   2.71000452E-02   1.90350600E-02
         740           1   8.07436227E-05   2.64985785E-02   1.89020410E-02
         760           1   8.07672695E-05   2.60074567E-02   1.88361201E-02
         780           1   8.51320074E-05   2.54996009E-02   1.86511204E-02
         800           1   9.90509652E-05   2.49390434E-02   1.82785112E-02
         820           1   9.18310398E-05   2.44478155E-02   1.79072358E-02
         840           1   8.29624696E-05   2.39574406E-02   1.76699366E-02
         860           1   7.83624928E-05   2.34137587E-02   1.75845362E-02
         880           1   7.27275255E-05   2.27886159E-02   1.75490789E-02
         900           1   6.57550554E-05   2.22130567E-02   1.74835660E-02
         920           1   6.43427047E-05   2.18207259E-02   1.73696559E-02
         940           1   7.02031393E-05   2.16247328E-02   1.71828903E-02
         960           1   6.99618540E-05   2.14578435E-02   1.69719718E-02
         980           1   6.46726476E-05   2.12246161E-02   1.67947914E-02
        1000           1   5.47941745E-05   2.09283214E-02   1.66992154E-02
        1020           1   5.64968104E-05   2.05942020E-02   1.66700315E-02
        1040           1   5.82096327E-05   2.02452019E-02   1.66540500E-02
        1060           1   6.30467330E-05   1.98799614E-02   1.65949278E-02
        1080           1   6.79120494E-05   1.95377003E-02   1.64724179E-02
        1100           1   6.56441116E-05   1.92904770E-02   1.63305681E-02
        1120           1   5.82246976E-05   1.91435032E-02   1.61843244E-02
        1140           1   4.90644234E-05   1.90311186E-02   1.60583630E-02
        1160           1   4.22967641E-05   1.88655332E-02   1.59730669E-02
        1180           1   4.18676100E-05   1.86603945E-02   1.59359425E-02
        1200           1   4.65793782E-05   1.84762198E-02   1.59083251E-02
        1220           1   5.28522942E-05   1.83383171E-02   1.58417653E-02
        1240           1   5.81834902E-05   1.82181597E-02   1.57149360E-02
        1260           1   5.94540215E-05   1.80741567E-02   1.55713595E-02
        1280           1   5.56264058E-05   1.78955328E-02   1.54779432E-02
        1300           1   5.00471433E-05   1.77086238E-02   1.54497288E-02
        1320           1   4.46744743E-05   1.75197963E-02   1.54542662E-02
        1340           1   4.22902776E-05   1.73531156E-02   1.54396687E-02
        1360           1   4.29058127E-05   1.72310490E-02   1.53746065E-02
        1380           1   4.71337662E-05   1.71872955E-02   1.52738439E-02
        1400           1   4.78923030E-05   1.71858631E-02   1.51702724E-02
        1420           1   4.58566174E-05   1.71633232E-02   1.50775947E-02
        1440           1   4.51169908E-05   1.70791652E-02   1.50105143E-02
        1460           1   4.51243686E-05   1.69347674E-02   1.49766905E-02
        1480           1   4.56384842E-05   1.67681333E-02   1.49692567E-02
        1500           1   4.66908750E-05   1.66213717E-02   1.49569623E-02
        1520           1   4.69836014E-05   1.65113620E-02   1.49047058E-02
        1540           1   4.56040798E-05   1.64501313E-02   1.48092192E-02
        1560           1   4.23549245E-05   1.64108686E-02   1.47069748E-02
        1580           1   3.82690196E-05   1.63674764E-02   1.46277267E-02
        1600           1   3.61789644E-05   1.63022503E-02   1.45833148E-02
        1620           1   3.67649482E-05   1.62133574E-02   1.45671498E-02
        1640           1   3.97081749E-05   1.61243305E-02   1.45437401E-02
        1660           1   4.36978153E-05   1.60599593E-02   1.45017467E-02
        1680           1   4.63251381E-05   1.60170700E-02   1.44365104E-02
        1700           1   4.62701864E-05   1.59774162E-02   1.43640237E-02
        1720           1   4.35930378E-05   1.59228444E-02   1.43044377E-02
        1740           1   3.95439638E-05   1.58419237E-02   1.42674642E-02
        1760           1   3.61509483E-05   1.57492980E-02   1.42441681E-02
        1780           1   3.47211717E-05   1.56605951E-02   1.42208217E-02
        1800           1   3.49875190E-05   1.55987348E-02   1.41823143E-02
        1820           1   3.70076996E-05   1.55660268E-02   1.41241662E-02
        1840           1   3.87352411E-05   1.55479200E-02   1.40535897E-02
        1860           1   3.98729499E-05   1.55192818E-02   1.39906853E-02
        1880           1   4.00481331E-05   1.54672805E-02   1.39461644E-02
        1900           1   3.96001851E-05   1.53868068E-02   1.39243556E-02
        1920           1   3.89125635E-05   1.52968680E-02   1.39128231E-02
        1940           1   3.80957572E-05   1.52219450E-02   1.38912769E-02
        1960           1   3.71616516E-05   1.51796835E-02   1.38495937E-02
        1980           1   3.59188380E-05   1.51614333E-02   1.37897655E-02
        2000           1   3.45727822E-05   1.51491016E-02   1.37206838E-02
        2020           1   3.34278811E-05   1.51258688E-02   1.36599354E-02
        2040           1   3.32830750E-05   1.50801279E-02   1.36206541E-02
        2060           1   3.43946340E-05   1.50149139E-02   1.35952896E-02
        2080           1   3.63302388E-05   1.49440300E-02   1.35751972E-02
        2100           1   3.81913705E-05   1.48835210E-02   1.35457842E-02
        2120           1   3.89482666E-05   1.48402303E-02   1.35037759E-02
        2140           1   3.80260717E-05   1.48045206E-02   1.34577472E-02
        2160           1   3.58493016E-05   1.47737442E-02   1.34137180E-02
        2180           1   3.34530450E-05   1.47321569E-02   1.33781172E-02
        2200           1   3.18090206E-05   1.46840960E-02   1.33510744E-02
        2220           1   3.12907650E-05   1.46347089E-02   1.33276330E-02
        2240           1   3.16800215E-05   1.45949554E-02   1.32967401E-02
        2260           1   3.32789350E-05   1.45649435E-02   1.32552525E-02
        2280           1   3.49824768E-05   1.45408791E-02   1.32083734E-02
        2300           1   3.59804908E-05   1.45146037E-02   1.31630609E-02
        2320           1   3.58653488E-05   1.44767286E-02   1.31285423E-02
        2340           1   3.49979600E-05   1.44244423E-02   1.31045077E-02
        2360           1   3.37726160E-05   1.43644968E-02   1.30864596E-02
        2380           1   3.26648442E-05   1.43098105E-02   1.30622210E-02
        2400           1   3.17320882E-05   1.42704733E-02   1.30247567E-02
        2420           1   3.11086551E-05   1.42483125E-02   1.29754543E-02
        2440           1   3.08385934E-05   1.42322080E-02   1.29233971E-02
        2460           1   3.10699688E-05   1.42111573E-02   1.28797032E-02
        2480           1   3.17705199E-05   1.41770858E-02   1.28450571E-02
        2500           1   3.26634618E-05   1.41308634E-02   1.28213940E-02
        2520           1   3.35376753E-05   1.40805701E-02   1.28038079E-02
        2540           1   3.39188337E-05   1.40330745E-02   1.27816256E-02
        2560           1   3.35488512E-05   1.39961708E-02   1.27501572E-02
        2580           1   3.25353794E-05   1.39658786E-02   1.27135506E-02
        2600           1   3.10746473E-05   1.39375906E-02   1.26748607E-02
        2620           1   2.98129780E-05   1.39061837E-02   1.26414504E-02
        2640           1   2.92806690E-05   1.38682621E-02   1.26124453E-02
        2660           1   2.93593512E-05   1.38287982E-02   1.25848241E-02
        2680           1   3.00734700E-05   1.37897767E-02   1.25561384E-02
        2700           1   3.12056982E-05   1.37544908E-02   1.25245955E-02
        2720           1   3.21502885E-05   1.37232235E-02   1.24892956E-02
        2740           1   3.24719185E-05   1.36898579E-02   1.24551579E-02
        2760           1   3.20530926E-05   1.36549985E-02   1.24231065E-02
        2780           1   3.11354815E-05   1.36163961E-02   1.23942653E-02
        2800           1   2.99715866E-05   1.35766556E-02   1.23671079E-02
        2820           1   2.90732387E-05   1.35381129E-02   1.23371594E-02
        2840           1   2.85345432E-05   1.35091217E-02   1.23021994E-02
        2860           1   2.84591515E-05   1.34851271E-02   1.22634955E-02
        2880           1   2.88384472E-05   1.34624941E-02   1.22254472E-02
        2900           1   2.93852663E-05   1.34374443E-02   1.21931219E-02
        2920           1   3.00047759E-05   1.34050790E-02   1.21646998E-02
        2940           1   3.04794958E-05   1.33638782E-02   1.21419784E-02
        2960           1   3.05379399E-05   1.33216511E-02   1.21204508E-02
        2980           1   3.01775526E-05   1.32809021E-02   1.20959179E-02
        3000           1   2.95248410E-05   1.32449716E-02   1.20670563E-02
        3020           1   2.86379727E-05   1.32153267E-02   1.20331664E-02
        3040           1   2.78795742E-05   1.31869540E-02   1.19968783E-02
        3060           1   2.74423001E-05   1.31555330E-02   1.19635267E-02
        3080           1   2.74656140E-05   1.31210005E-02   1.19326236E-02
        3100           1   2.78684765E-05   1.30830249E-02   1.19038559E-02
        3120           1   2.85229489E-05   1.30437743E-02   1.18771913E-02
        3140           1   2.91524557E-05   1.30075011E-02   1.18496027E-02
        3160           1   2.94780402E-05   1.29738897E-02   1.18208332E-02
        3180           1   2.93148551E-05   1.29436366E-02   1.17920348E-02
        3200           1   2.87059993E-05   1.29140392E-02   1.17622139E-02
        3220           1   2.78807802E-05   1.28821945E-02   1.17349355E-02
        3240           1   2.71464305E-05   1.28494892E-02   1.17070023E-02
        3260           1   2.66580046E-05   1.28174359E-02   1.16801262E-02
        3280           1   2.65296949E-05   1.27878990E-02   1.16511947E-02
        3300           1   2.67810647E-05   1.27617074E-02   1.16208177E-02
        3320           1   2.72404523E-05   1.27347391E-02   1.15913553E-02
        3340           1   2.77229628E-05   1.27073554E-02   1.15621267E-02
        3360           1   2.80190252E-05   1.26752881E-02   1.15363579E-02
        3380           1   2.80269942E-05   1.26391212E-02   1.15125999E-02
        3400           1   2.77057370E-05   1.26024326E-02   1.14897601E-02
        3420           1   2.71898480E-05   1.25673646E-02   1.14642251E-02
        3440           1   2.65590497E-05   1.25348978E-02   1.14355236E-02
        3460           1   2.59991539E-05   1.25044221E-02   1.14033846E-02
        3480           1   2.57230931E-05   1.24743059E-02   1.13707669E-02
        3500           1   2.57112406E-05   1.24435928E-02   1.13401096E-02
        3520           1   2.59480403E-05   1.24103911E-02   1.13112517E-02
        3540           1   2.63690708E-05   1.23749766E-02   1.12844696E-02
        3560           1   2.66785755E-05   1.23377955E-02   1.12580815E-02
        3580           1   2.68813292E-05   1.23042110E-02   1.12319421E-02
        3600           1   2.68475778E-05   1.22725815E-02   1.12034129E-02
        3620           1   2.64181854E-05   1.22408960E-02   1.11735808E-02
        3640           1   2.59110675E-05   1.22108366E-02   1.11433743E-02
        3660           1   2.53952967E-05   1.21808974E-02   1.11140404E-02
        3680           1   2.50372868E-05   1.21514713E-02   1.10862413E-02
        3700           1   2.49216428E-05   1.21216262E-02   1.10589899E-02
        3720           1   2.50161811E-05   1.20914029E-02   1.10314284E-02
        3740           1   2.52876252E-05   1.20626772E-02   1.10040614E-02
        3760           1   2.56106832E-05   1.20338695E-02   1.09781278E-02
        3780           1   2.58755208E-05   1.20051317E-02   1.09518832E-02
        3800           1   2.58852670E-05   1.19732805E-02   1.09260939E-02
        3820           1   2.56164585E-05   1.19420383E-02   1.09024514E-02
        3840           1   2.52314276E-05   1.19104804E-02   1.08785927E-02
        3860           1   2.47979315E-05   1.18802907E-02   1.08523127E-02
        3880           1   2.44506227E-05   1.18502686E-02   1.08242584E-02
        3900           1   2.41670605E-05   1.18210297E-02   1.07964827E-02
        3920           1   2.41214148E-05   1.17921866E-02   1.07675809E-02
        3940           1   2.42482311E-05   1.17621459E-02   1.07391262E-02
        3960           1   2.44631901E-05   1.17313359E-02   1.07118022E-02
        3980           1   2.47356893E-05   1.16986996E-02   1.06865624E-02
        4000           1   2.48657816E-05   1.16648078E-02   1.06618302E-02
        4020           1   2.47914650E-05   1.16302324E-02   1.06369564E-02
        4040           1   2.44701005E-05   1.15984837E-02   1.06106997E-02
        4060           1   2.41633988E-05   1.15690073E-02   1.05842417E-02
        4080           1   2.38201119E-05   1.15393903E-02   1.05555523E-02
        4100           1   2.35068928E-05   1.15094772E-02   1.05267698E-02
        4120           1   2.33507890E-05   1.14803948E-02   1.04970830E-02
        4140           1   2.33790561E-05   1.14509994E-02   1.04696061E-02
        4160           1   2.35550615E-05   1.14209019E-02   1.04429740E-02
        4180           1   2.37666809E-05   1.13917384E-02   1.04159992E-02
        4200           1   2.38715547E-05   1.13631459E-02   1.03899250E-02
        4220           1   2.39112924E-05   1.13345506E-02   1.03639197E-02
        4240           1   2.37608801E-05   1.13046709E-02   1.03385057E-02
        4260           1   2.34872768E-05   1.12740975E-02   1.03130266E-02
        4280           1   2.31629274E-05   1.12433992E-02   1.02871135E-02
        4300           1   2.28390345E-05   1.12128053E-02   1.02607487E-02
        4320           1   2.26698467E-05   1.11841680E-02   1.02337552E-02
        4340           1   2.26437296E-05   1.11546880E-02   1.02057979E-02
        4360           1   2.27025284E-05   1.11253858E-02   1.01786172E-02
        4380           1   2.27973032E-05   1.10949688E-02   1.01527646E-02
        4400           1   2.29421639E-05   1.10643441E-02   1.01270210E-02
        4420           1   2.30406677E-05   1.10332994E-02   1.01023344E-02
        4440           1   2.30170081E-05   1.10016204E-02   1.00780642E-02
        4460           1   2.27686796E-05   1.09695736E-02   1.00536346E-02
        4480           1   2.24977266E-05   1.09386519E-02   1.00281090E-02
        4500           1   2.22699546E-05   1.09075885E-02   1.00022880E-02
        4520           1   2.20816255E-05   1.08767757E-02   9.97590274E-03
        4540           1   2.19337726E-05   1.08453864E-02   9.94952116E-03
        4560           1   2.18958739E-05   1.08138593E-02   9.92367510E-03
        4580           1   2.19854046E-05   1.07832002E-02   9.89783555E-03
        4600           1   2.21126684E-05   1.07521424E-02   9.87240206E-03
        4620           1   2.21893843E-05   1.07227992E-02   9.84729454E-03
        4640           1   2.21485825E-05   1.06931655E-02   9.82161425E-03
        4660           1   2.20231832E-05   1.06638428E-02   9.79664177E-03
        4680           1   2.18832538E-05   1.06340302E-02   9.77042224E-03
        4700           1   2.16426561E-05   1.06046693E-02   9.74427629E-03
        4720           1   2.14277097E-05   1.05751855E-02   9.71822906E-03
        4740           1   2.12896066E-05   1.05461115E-02   9.69214458E-03
        4760           1   2.12204013E-05   1.05168037E-02   9.66561958E-03
        4780           1   2.12280611E-05   1.04873953E-02   9.63951088E-03
        4800           1   2.13098028E-05   1.04585588E-02   9.61414166E-03
        4820           1   2.13347812E-05   1.04290340E-02   9.58878081E-03
        4840           1   2.14426218E-05   1.03997113E-02   9.56412870E-03
        4860           1   2.13392632E-05   1.03701213E-02   9.53940675E-03
        4880           1   2.12140512E-05   1.03407195E-02   9.51499119E-03
        4900           1   2.10165526E-05   1.03106070E-02   9.49016027E-03
        4920           1   2.08465353E-05   1.02808317E-02   9.46453866E-03
        4940           1   2.06829845E-05   1.02516906E-02   9.43868887E-03
        4960           1   2.05416254E-05   1.02223214E-02   9.41293221E-03
        4980           1   2.05135620E-05   1.01929009E-02   9.38722212E-03
        5000           1   2.05424312E-05   1.01619279E-02   9.36297327E-03
        5020           1   2.06235163E-05   1.01320343E-02   9.33793373E-03
        5040           1   2.06535296E-05   1.01015102E-02   9.31413751E-03
        5060           1   2.05864981E-05   1.00701461E-02   9.29116178E-03
        5080           1   2.04993212E-05   1.00389225E-02   9.26735718E-03
        5100           1   2.03422242E-05   1.00078844E-02   9.24299192E-03
        5120           1   2.02409356E-05   9.97761544E-03   9.21798032E-03
        5140           1   2.00806298E-05   9.94688179E-03   9.19382088E-03
        5160           1   1.99124097E-05   9.91574395E-03   9.16898809E-03
        5180           1   1.98390499E-05   9.88556538E-03   9.14467219E-03
        5200           1   1.98238522E-05   9.85541102E-03   9.11953393E-03
        5220           1   1.98345551E-05   9.82605387E-03   9.09488276E-03
        5240           1   1.99177266E-05   9.79642570E-03   9.07004438E-03
        5260           1   1.98646594E-05   9.76627320E-03   9.04503837E-03
        5280           1   1.98250455E-05   9.73690208E-03   9.01999325E-03
        5300           1   1.97249847E-05   9.70765017E-03   8.99646245E-03
        5320           1   1.95966750E-05   9.67811514E-03   8.97260010E-03
        5340           1   1.94689092E-05   9.64780897E-03   8.94726720E-03
        5360           1   1.93241358E-05   9.61789209E-03   8.92338343E-03
        5380           1   1.92262487E-05   9.58841573E-03   8.89784191E-03
        5400           1   1.91728304E-05   9.55888722E-03   8.87283962E-03
        5420           1   1.91987820E-05   9.53088794E-03   8.84798076E-03
        5440           1   1.92224870E-05   9.50009655E-03   8.82349815E-03
        5460           1   1.91848394E-05   9.47028864E-03   8.79960321E-03
        5480           1   1.91476593E-05   9.43989493E-03   8.77629966E-03
        5500           1   1.90627416E-05   9.40944906E-03   8.75327364E-03
        5520           1   1.89617385E-05   9.37945489E-03   8.72902013E-03
        5540           1   1.88678114E-05   9.35037900E-03   8.70463904E-03
        5560           1   1.87206897E-05   9.32087377E-03   8.67998973E-03
        5580           1   1.85965764E-05   9.29045118E-03   8.65596347E-03
        5600           1   1.85303888E-05   9.26033501E-03   8.63154791E-03
        5620           1   1.85438294E-05   9.22936853E-03   8.60810466E-03
        5640           1   1.85232948E-05   9.19893198E-03   8.58398434E-03
        5660           1   1.85169483E-05   9.16869566E-03   8.55962466E-03
        5680           1   1.84673063E-05   9.13862605E-03   8.53636302E-03
        5700           1   1.84273486E-05   9.10860766E-03   8.51286203E-03
        5720           1   1.83082593E-05   9.07778274E-03   8.48940108E-03
        5740           1   1.82541844E-05   9.04800650E-03   8.46592709E-03
        5760           1   1.81663418E-05   9.01680626E-03   8.44188128E-03
        5780           1   1.80056613E-05   8.98588914E-03   8.41896329E-03
        5800           1   1.79325416E-05   8.95520300E-03   8.39557964E-03
        5820           1   1.78389764E-05   8.92463885E-03   8.37146305E-03
        5840           1   1.78607752E-05   8.89508612E-03   8.34694039E-03
        5860           1   1.78692680E-05   8.86469055E-03   8.32368527E-03
        5880           1   1.78546561E-05   8.83505959E-03   8.30043666E-03
        5900           1   1.77811580E-05   8.80412105E-03   8.27815477E-03
        5920           1   1.76632839E-05   8.77434760E-03   8.25513713E-03
        5940           1   1.76340145E-05   8.74393806E-03   8.23151413E-03
        5960           1   1.75722525E-05   8.71457998E-03   8.20746645E-03
        5980           1   1.74441520E-05   8.68525542E-03   8.18302017E-03
        6000           1   1.73221106E-05   8.65550432E-03   8.15884769E-03
        6020           1   1.72717046E-05   8.62609781E-03   8.13604519E-03
        6040           1   1.72505988E-05   8.59644730E-03   8.11186247E-03
        6060           1   1.72325854E-05   8.56727362E-03   8.08880664E-03
        6080           1   1.71779739E-05   8.53700284E-03   8.06571823E-03
        6100           1   1.71494248E-05   8.50743614E-03   8.04242585E-03
        6120           1   1.70971107E-05   8.47914815E-03   8.01904406E-03
        6140           1   1.70298808E-05   8.44945014E-03   7.99506810E-03
        6160           1   1.69156938E-05   8.42010975E-03   7.97183998E-03
        6180           1   1.68652805E-05   8.38880241E-03   7.94943795E-03
        6200           1   1.68136467E-05   8.36008973E-03   7.92587269E-03
        6220           1   1.66991340E-05   8.33040103E-03   7.90285971E-03
        6240           1   1.66018999E-05   8.30138102E-03   7.87982997E-03
        6260           1   1.65809506E-05   8.27171840E-03   7.85687380E-03
        6280           1   1.65704987E-05   8.24258663E-03   7.83346314E-03
        6300           1   1.65274287E-05   8.21291842E-03   7.81163527E-03
        6320           1   1.65095134E-05   8.18321854E-03   7.78950937E-03
        6340           1   1.64008234E-05   8.15329701E-03   7.76725309E-03
        6360           1   1.63399855E-05   8.12291726E-03   7.74490926E-03
        6380           1   1.62644064E-05   8.09339248E-03   7.72229256E-03
        6400           1   1.62221477E-05   8.06368608E-03   7.69864907E-03
        6420           1   1.61237949E-05   8.03370681E-03   7.67667172E-03
        6440           1   1.60362906E-05   8.00433662E-03   7.65419658E-03
        6460           1   1.59793999E-05   7.97474850E-03   7.63187045E-03
        6480           1   1.59961655E-05   7.94439670E-03   7.60893710E-03
        6500           1   1.59536830E-05   7.91443326E-03   7.58662634E-03
        6520           1   1.58837975E-05   7.88472313E-03   7.56445434E-03
        6540           1   1.57970317E-05   7.85498135E-03   7.54215801E-03
        6560           1   1.57564518E-05   7.82551430E-03   7.51992175E-03
        6580           1   1.57025952E-05   7.79620558E-03   7.49748247E-03
        6600           1   1.56394308E-05   7.76627427E-03   7.47453794E-03
        6620           1   1.55959642E-05   7.73665495E-03   7.45215267E-03
        6640           1   1.54678874E-05   7.70651642E-03   7.43045053E-03
        6660           1   1.54058198E-05   7.67723657E-03   7.40840007E-03
        6680           1   1.53868459E-05   7.64740631E-03   7.38615543E-03
        6700           1   1.53691381E-05   7.61851622E-03   7.36376364E-03
        6720           1   1.52673892E-05   7.59048993E-03   7.34130247E-03
        6740           1   1.52313978E-05   7.56128924E-03   7.31896097E-03
        6760           1   1.52029652E-05   7.53291417E-03   7.29634520E-03
        6780           1   1.51283093E-05   7.50385132E-03   7.27419741E-03
        6800           1   1.50651013E-05   7.47466972E-03   7.25186989E-03
        6820           1   1.49973848E-05   7.44624063E-03   7.22956564E-03
        6840           1   1.49037569E-05   7.41813099E-03   7.20688701E-03
        6860           1   1.48067866E-05   7.38976570E-03   7.18431920E-03
        6880           1   1.48077033E-05   7.36119738E-03   7.16193998E-03
        6900           1   1.47816745E-05   7.33284559E-03   7.14002550E-03
        6920           1   1.47446544E-05   7.30428612E-03   7.11868424E-03
        6940           1   1.46862676E-05   7.27562280E-03   7.09638838E-03
        6960           1   1.45960330E-05   7.24609988E-03   7.07452651E-03
        6980           1   1.45422655E-05   7.21821049E-03   7.05203693E-03
        7000           1   1.45107060E-05   7.18987314E-03   7.02910637E-03
        7020           1   1.44485784E-05   7.16186874E-03   7.00626522E-03
        7040           1   1.43666439E-05   7.13328784E-03   6.98356889E-03
        7060           1   1.42982626E-05   7.10507343E-03   6.96153380E-03
        7080           1   1.42719273E-05   7.07599474E-03   6.93886122E-03
        7100           1   1.42229037E-05   7.04781990E-03   6.91657048E-03
        7120           1   1.41389573E-05   7.01980107E-03   6.89445343E-03
        7140           1   1.41186774E-05   6.99168397E-03   6.87200902E-03
        7160           1   1.40830780E-05   6.96339644E-03   6.84936717E-03
        7180           1   1.40022612E-05   6.93480810E-03   6.82756491E-03
        7200           1   1.39604872E-05   6.90666586E-03   6.80604670E-03
        7220           1   1.38887744E-05   6.87865261E-03   6.78393897E-03
        7240           1   1.38445321E-05   6.84994506E-03   6.76258793E-03
        7260           1   1.37857369E-05   6.82281144E-03   6.74095517E-03
        7280           1   1.36992549E-05   6.79423893E-03   6.71842834E-03
        7300           1   1.36507315E-05   6.76695723E-03   6.69739908E-03
        7320           1   1.36132285E-05   6.73932442E-03   6.67502731E-03
        7340           1   1.36022436E-05   6.71087392E-03   6.65377639E-03
        7360           1   1.35401042E-05   6.68272888E-03   6.63209241E-03
        7380           1   1.34711217E-05   6.65514963E-03   6.61052018E-03
        7400           1   1.34203119E-05   6.62657153E-03   6.58948720E-03
        7420           1   1.33237154E-05   6.59901043E-03   6.56745909E-03
        7440           1   1.33034573E-05   6.57025725E-03   6.54549012E-03
        7460           1   1.32548766E-05   6.54292433E-03   6.52335491E-03
        7480           1   1.32081168E-05   6.51556440E-03   6.50185486E-03
        7500           1   1.31189054E-05   6.48758048E-03   6.47980161E-03
        7520           1   1.30695489E-05   6.45993929E-03   6.45855581E-03
        7540           1   1.30607195E-05   6.43246481E-03   6.43700035E-03
        7560           1   1.29858108E-05   6.40577590E-03   6.41550403E-03
        7580           1   1.29283271E-05   6.37819618E-03   6.39461819E-03
        7600           1   1.28315824E-05   6.35141041E-03   6.37274142E-03
        7620           1   1.28599231E-05   6.32398902E-03   6.35141833E-03
        7640           1   1.28089305E-05   6.29653689E-03   6.32950524E-03
        7660           1   1.26957102E-05   6.26972131E-03   6.30835677E-03
        7680           1   1.26512168E-05   6.24329923E-03   6.28688093E-03
        7700           1   1.26197428E-05   6.21692976E-03   6.26513176E-03
        7720           1   1.25616207E-05   6.18990185E-03   6.24383800E-03
        7740           1   1.25091010E-05   6.16375869E-03   6.22164551E-03
        7760           1   1.24648886E-05   6.13784185E-03   6.20025303E-03
        7780           1   1.24004609E-05   6.11084141E-03   6.17794832E-03
        7800           1   1.23331320E-05   6.08431036E-03   6.15626341E-03
        7820           1   1.23412701E-05   6.05782028E-03   6.13543764E-03
        7840           1   1.22753190E-05   6.03132974E-03   6.11312781E-03
        7860           1   1.21984049E-05   6.00457191E-03   6.09119656E-03
        7880           1   1.21161356E-05   5.97932469E-03   6.06938731E-03
        7900           1   1.20950072E-05   5.95323136E-03   6.04719669E-03
        7920           1   1.20389313E-05   5.92673989E-03   6.02591969E-03
        7940           1   1.19954357E-05   5.90069126E-03   6.00432092E-03
        7960           1   1.19381702E-05   5.87402005E-03   5.98334940E-03
        7980           1   1.18878079E-05   5.84854838E-03   5.96200349E-03
        8000           1   1.18412318E-05   5.82217146E-03   5.94047876E-03
        8020           1   1.17964046E-05   5.79660060E-03   5.91853773E-03
        8040           1   1.17292902E-05   5.77095151E-03   5.89681836E-03
        8060           1   1.16780866E-05   5.74495085E-03   5.87462075E-03
        8080           1   1.16328783E-05   5.72014228E-03   5.85290324E-03
        8100           1   1.15832581E-05   5.69451833E-03   5.83152100E-03
        8120           1   1.15391067E-05   5.66830626E-03   5.81026496E-03
        8140           1   1.15079201E-05   5.64296171E-03   5.78822149E-03
        8160           1   1.14216273E-05   5.61763998E-03   5.76647837E-03
        8180           1   1.14072245E-05   5.59250079E-03   5.74442931E-03
        8200           1   1.13569922E-05   5.56730526E-03   5.72291063E-03
        8220           1   1.12766293E-05   5.54250786E-03   5.70082478E-03
        8240           1   1.12398357E-05   5.51673165E-03   5.67876874E-03
        8260           1   1.12196176E-05   5.49111702E-03   5.65720163E-03
        8280           1   1.11794379E-05   5.46635874E-03   5.63461659E-03
        8300           1   1.10610090E-05   5.44133317E-03   5.61311189E-03
        8320           1   1.10227757E-05   5.41605381E-03   5.59187867E-03
        8340           1   1.10181090E-05   5.39151859E-03   5.56955999E-03
        8360           1   1.09724006E-05   5.36712445E-03   5.54824062E-03
        8380           1   1.09056591E-05   5.34182694E-03   5.52703114E-03
        8400           1   1.08460745E-05   5.31689823E-03   5.50521445E-03
        8420           1   1.08303557E-05   5.29196858E-03   5.48452791E-03
        8440           1   1.07735959E-05   5.26724756E-03   5.46373846E-03
        8460           1   1.07255964E-05   5.24266530E-03   5.44185052E-03
        8480           1   1.06551706E-05   5.21807652E-03   5.42077096E-03
        8500           1   1.06150364E-05   5.19286515E-03   5.39914751E-03
        8520           1   1.05381041E-05   5.16864378E-03   5.37822815E-03
        8540           1   1.05314157E-05   5.14442846E-03   5.35770552E-03
        8560           1   1.05015788E-05   5.12085250E-03   5.33620501E-03
        8580           1   1.04273395E-05   5.09628141E-03   5.31566655E-03
        8600           1   1.03894690E-05   5.07229846E-03   5.29406313E-03
        8620           1   1.03075790E-05   5.04840026E-03   5.27267018E-03
        8640           1   1.02837057E-05   5.02357306E-03   5.25176199E-03
        8660           1   1.02980921E-05   4.99973539E-03   5.23065077E-03
        8680           1   1.02262802E-05   4.97567328E-03   5.21005271E-03
        8700           1   1.01316809E-05   4.95161209E-03   5.18864719E-03
        8720           1   1.00880152E-05   4.92727943E-03   5.16773062E-03
        8740           1   1.00774769E-05   4.90300031E-03   5.14683872E-03
        8760           1   1.00102425E-05   4.87969536E-03   5.12596359E-03
        8780           1   9.95977098E-06   4.85685794E-03   5.10487240E-03
        8800           1   9.92475452E-06   4.83320095E-03   5.08483034E-03
        8820           1   9.85211955E-06   4.80920635E-03   5.06414613E-03
        8840           1   9.85939641E-06   4.78609558E-03   5.04312105E-03
        8860           1   9.80831464E-06   4.76252846E-03   5.02272369E-03
        8880           1   9.74424074E-06   4.73947218E-03   5.00233099E-03
        8900           1   9.68083987E-06   4.71626222E-03   4.98098880E-03
        8920           1   9.64031460E-06   4.69314680E-03   4.96051181E-03
        8940           1   9.61505066E-06   4.67050727E-03   4.93891165E-03
        8960           1   9.55532414E-06   4.64709941E-03   4.91872709E-03
        8980           1   9.55080759E-06   4.62320633E-03   4.89802053E-03
        9000           1   9.46146974E-06   4.60116472E-03   4.87847067E-03
        9020           1   9.43203122E-06   4.57836827E-03   4.85725561E-03
        9040           1   9.38289122E-06   4.55609523E-03   4.83614486E-03
        9060           1   9.36734432E-06   4.53374581E-03   4.81526554E-03
        9080           1   9.31120758E-06   4.51108441E-03   4.79530916E-03
        9100           1   9.23066636E-06   4.48925700E-03   4.77427524E-03
        9120           1   9.22631443E-06   4.46623005E-03   4.75487299E-03
        9140           1   9.17406123E-06   4.44421638E-03   4.73368913E-03
        9160           1   9.12129781E-06   4.42240760E-03   4.71257372E-03
        9180           1   9.07756475E-06   4.39996552E-03   4.69301315E-03
        9200           1   9.04018816E-06   4.37887385E-03   4.67194337E-03
        9220           1   8.98838516E-06   4.35641361E-03   4.65205964E-03
        9240           1   8.96674646E-06   4.33431333E-03   4.63112956E-03
        9260           1   8.93241941E-06   4.31274716E-03   4.61115409E-03
        9280           1   8.85922782E-06   4.29174025E-03   4.59111808E-03
        9300           1   8.81550841E-06   4.26981272E-03   4.57141828E-03
        9320           1   8.76369995E-06   4.24797833E-03   4.55043977E-03
        9340           1   8.78670289E-06   4.22675814E-03   4.53038374E-03
        9360           1   8.71821612E-06   4.20494564E-03   4.51035844E-03
        9380           1   8.63921287E-06   4.18441044E-03   4.49050497E-03
        9400           1   8.61856097E-06   4.16331831E-03   4.47029155E-03
        9420           1   8.57844498E-06   4.14227927E-03   4.44999337E-03
        9440           1   8.59008651E-06   4.12129518E-03   4.43014316E-03
        9460           1   8.48632590E-06   4.10039630E-03   4.41027759E-03
        9480           1   8.44493115E-06   4.07938473E-03   4.39043390E-03
        9500           1   8.40522807E-06   4.05854080E-03   4.36997321E-03
        9520           1   8.36887921E-06   4.03797813E-03   4.35101520E-03
        9540           1   8.32994010E-06   4.01814608E-03   4.33099084E-03
        9560           1   8.28645534E-06   3.99688026E-03   4.31131851E-03
        9580           1   8.27297117E-06   3.97672504E-03   4.29155864E-03
        9600           1   8.21258527E-06   3.95695027E-03   4.27161297E-03
        9620           1   8.15014391E-06   3.93650634E-03   4.25181398E-03
        9640           1   8.13275983E-06   3.91628314E-03   4.23199264E-03
        9660           1   8.09707581E-06   3.89640220E-03   4.21270076E-03
        9680           1   8.02979230E-06   3.87577992E-03   4.19264520E-03
        9700           1   8.01425267E-06   3.85600980E-03   4.17311164E-03
        9720           1   7.97508619E-06   3.83649953E-03   4.15324932E-03
        9740           1   7.94805510E-06   3.81740555E-03   4.13419260E-03
        9760           1   7.88757552E-06   3.79641657E-03   4.11510793E-03
        9780           1   7.83933137E-06   3.77682829E-03   4.09521861E-03
        9800           1   7.83911673E-06   3.75752524E-03   4.07582382E-03
        9820           1   7.79704533E-06   3.73842125E-03   4.05642902E-03
        9840           1   7.74446198E-06   3.71848792E-03   4.03728709E-03
        9860           1   7.69859707E-06   3.69901792E-03   4.01841663E-03
        9880           1   7.66081575E-06   3.67951533E-03   3.99857713E-03
        9900           1   7.66309677E-06   3.66103463E-03   3.97955813E-03
        9920           1   7.58631040E-06   3.64247151E-03   3.96037567E-03
        9940           1   7.53895711E-06   3.62249115E-03   3.94149823E-03
        9960           1   7.52655069E-06   3.60419066E-03   3.92288808E-03
        9980           1   7.49836863E-06   3.58509086E-03   3.90388723E-03
       10000           1   7.46281739E-06   3.56537895E-03   3.88490455E-03
       10020           1   7.40147516E-06   3.54644400E-03   3.86573747E-03
       10040           1   7.36084166E-06   3.52782616E-03   3.84776108E-03
       10060           1   7.32486888E-06   3.50961229E-03   3.82906199E-03
       10080           1   7.27529186E-06   3.49098537E-03   3.81026091E-03
       10100           1   7.26035796E-06   3.47324461E-03   3.79208894E-03
       10120           1   7.26149983E-06   3.45513923E-03   3.77343060E-03
       10140           1   7.20312073E-06   3.43590137E-03   3.75485071E-03
       10160           1   7.15069791E-06   3.41775012E-03   3.73690971E-03
       10180           1   7.10664153E-06   3.40006407E-03   3.71853705E-03
       10200           1   7.08325661E-06   3.38149350E-03   3.69986054E-03
       10220           1   7.05913908E-06   3.36381420E-03   3.68227763E-03
       10240           1   7.01607360E-06   3.34570976E-03   3.66336014E-03
       10260           1   6.97874702E-06   3.32843885E-03   3.64580634E-03
       10280           1   6.91564992E-06   3.31114326E-03   3.62766092E-03
       10300           1   6.92513504E-06   3.29262810E-03   3.60975950E-03
       10320           1   6.87543479E-06   3.27446638E-03   3.59185133E-03
       10340           1   6.84852785E-06   3.25703993E-03   3.57421185E-03
       10360           1   6.80530457E-06   3.24029569E-03   3.55574815E-03
       10380           1   6.78272045E-06   3.22259078E-03   3.53789888E-03
       10400           1   6.73103159E-06   3.20592616E-03   3.52009968E-03
       10420           1   6.70549389E-06   3.18817492E-03   3.50296404E-03
       10440           1   6.69906967E-06   3.17126815E-03   3.48564121E-03
       10460           1   6.64544041E-06   3.15311411E-03   3.46812629E-03
       10480           1   6.60699698E-06   3.13684274E-03   3.45069612E-03
       10500           1   6.54653149E-06   3.12010082E-03   3.43293604E-03
       10520           1   6.54596624E-06   3.10333166E-03   3.41552589E-03
       10540           1   6.54105816E-06   3.08636273E-03   3.39813856E-03
       10560           1   6.45776709E-06   3.06999614E-03   3.38122435E-03
       10580           1   6.43580779E-06   3.05330358E-03   3.36337183E-03
       10600           1   6.42082341E-06   3.03714117E-03   3.34635959E-03
       10620           1   6.38665870E-06   3.02028004E-03   3.32892663E-03
       10640           1   6.35473998E-06   3.00432323E-03   3.31244874E-03
       10660           1   6.32765023E-06   2.98775174E-03   3.29460995E-03
       10680           1   6.26004794E-06   2.97168549E-03   3.27774277E-03
       10700           1   6.22742800E-06   2.95595755E-03   3.26126581E-03
       10720           1   6.21051004E-06   2.93932669E-03   3.24439723E-03
       10740           1   6.18092872E-06   2.92399502E-03   3.22760828E-03
       10760           1   6.16248826E-06   2.90770014E-03   3.21052223E-03
       10780           1   6.14822511E-06   2.89245299E-03   3.19408649E-03
       10800           1   6.06787034E-06   2.87676929E-03   3.17714573E-03
       10820           1   6.05586138E-06   2.86074984E-03   3.16108391E-03
       10840           1   6.03109083E-06   2.84506986E-03   3.14474246E-03
       10860           1   6.02406681E-06   2.82984599E-03   3.12768924E-03
       10880           1   5.99843770E-06   2.81377137E-03   3.11181182E-03
       10900           1   5.94759877E-06   2.79906462E-03   3.09550553E-03
       10920           1   5.86655051E-06   2.78348010E-03   3.07874428E-03
       10940           1   5.86228134E-06   2.76879733E-03   3.06319795E-03
       10960           1   5.91420667E-06   2.75412295E-03   3.04650306E-03
       10980           1   5.85715543E-06   2.73841084E-03   3.03032296E-03
       11000           1   5.78286699E-06   2.72380537E-03   3.01484647E-03
       11020           1   5.74888963E-06   2.70926813E-03   2.99910619E-03
       11040           1   5.74842807E-06   2.69394880E-03   2.98303645E-03
       11060           1   5.74076057E-06   2.67910026E-03   2.96713994E-03
       11080           1   5.71010696E-06   2.66476418E-03   2.95092026E-03
       11100           1   5.69999111E-06   2.64977315E-03   2.93533108E-03
       11120           1   5.60950093E-06   2.63612950E-03   2.92026438E-03
       11140           1   5.58968077E-06   2.62205349E-03   2.90418323E-03
       11160           1   5.55503539E-06   2.60701473E-03   2.88893911E-03
       11180           1   5.54817780E-06   2.59316084E-03   2.87298998E-03
       11200           1   5.53309155E-06   2.57871859E-03   2.85780872E-03
       11220           1   5.49357401E-06   2.56486284E-03   2.84233550E-03
       11240           1   5.46585443E-06   2.55045132E-03   2.82681268E-03
       11260           1   5.44001841E-06   2.53630802E-03   2.81147240E-03
       11280           1   5.40213023E-06   2.52295961E-03   2.79674889E-03
       11300           1   5.38078621E-06   2.50901631E-03   2.78145634E-03
       11320           1   5.34056926E-06   2.49503297E-03   2.76668952E-03
       11340           1   5.32984950E-06   2.48134090E-03   2.75182142E-03
       11360           1   5.31769501E-06   2.46827560E-03   2.73655192E-03
       11380           1   5.29381578E-06   2.45456211E-03   2.72161537E-03
       11400           1   5.23555263E-06   2.44120206E-03   2.70670839E-03
       11420           1   5.20247067E-06   2.42812722E-03   2.69235927E-03
       11440           1   5.17971239E-06   2.41446332E-03   2.67757173E-03
       11460           1   5.16765567E-06   2.40124925E-03   2.66277022E-03
       11480           1   5.17991475E-06   2.38809804E-03   2.64839688E-03
       11500           1   5.13186478E-06   2.37494567E-03   2.63363612E-03
       11520           1   5.04359969E-06   2.36152625E-03   2.61976803E-03
       11540           1   5.04441687E-06   2.34887609E-03   2.60543730E-03
       11560           1   5.05228809E-06   2.33601755E-03   2.59169028E-03
       11580           1   5.05127673E-06   2.32290034E-03   2.57658167E-03
       11600           1   5.00487022E-06   2.30961060E-03   2.56267609E-03
       11620           1   4.97156634E-06   2.29773112E-03   2.54907296E-03
       11640           1   4.95130234E-06   2.28502671E-03   2.53423117E-03
       11660           1   4.90039156E-06   2.27252115E-03   2.51961383E-03
       11680           1   4.92861864E-06   2.25992431E-03   2.50601419E-03
       11700           1   4.90332604E-06   2.24726927E-03   2.49208347E-03
       11720           1   4.83706981E-06   2.23527080E-03   2.47866171E-03
       11740           1   4.80419203E-06   2.22293544E-03   2.46530049E-03
       11760           1   4.80388826E-06   2.21060868E-03   2.45113764E-03
       11780           1   4.79667870E-06   2.19832989E-03   2.43760785E-03
       11800           1   4.77156073E-06   2.18667975E-03   2.42339214E-03
       11820           1   4.72431520E-06   2.17446638E-03   2.41059996E-03
       11840           1   4.66868278E-06   2.16140551E-03   2.39719544E-03
       11860           1   4.71709518E-06   2.14976957E-03   2.38326914E-03
       11880           1   4.68574990E-06   2.13818671E-03   2.37057940E-03
       11900           1   4.64166351E-06   2.12599058E-03   2.35747686E-03
       11920           1   4.57272881E-06   2.11472530E-03   2.34411983E-03
       11940           1   4.59514104E-06   2.10229750E-03   2.33038212E-03
       11960           1   4.59119474E-06   2.09082267E-03   2.31767283E-03
       11980           1   4.55718236E-06   2.07922794E-03   2.30514491E-03
       12000           1   4.54236397E-06   2.06809025E-03   2.29163631E-03
       12020           1   4.50174548E-06   2.05639424E-03   2.27865158E-03
       12040           1   4.47940602E-06   2.04575574E-03   2.26655230E-03
       12060           1   4.49201616E-06   2.03436846E-03   2.25381879E-03
       12080           1   4.45372780E-06   2.02295696E-03   2.24082638E-03
       12100           1   4.41262364E-06   2.01126374E-03   2.22793804E-03
       12120           1   4.36591881E-06   1.99994701E-03   2.21612304E-03
       12140           1   4.38023426E-06   1.98962865E-03   2.20267312E-03
       12160           1   4.40304393E-06   1.97814940E-03   2.18981225E-03
       12180           1   4.36985920E-06   1.96685526E-03   2.17806222E-03
       12200           1   4.30312957E-06   1.95621513E-03   2.16603768E-03
       12220           1   4.30604132E-06   1.94526487E-03   2.15374772E-03
       12240           1   4.25219969E-06   1.93481997E-03   2.14152690E-03
       12260           1   4.28329440E-06   1.92360417E-03   2.12964369E-03
       12280           1   4.23585152E-06   1.91331224E-03   2.11722078E-03
       12300           1   4.22001995E-06   1.90291333E-03   2.10567797E-03
       12320           1   4.23224083E-06   1.89216249E-03   2.09324970E-03
       12340           1   4.13155840E-06   1.88138557E-03   2.08185078E-03
       12360           1   4.15214345E-06   1.87119830E-03   2.07010796E-03
       12380           1   4.15811064E-06   1.86033500E-03   2.05832184E-03
       12400           1   4.15124168E-06   1.85033120E-03   2.04682443E-03
       12420           1   4.07547668E-06   1.83991750E-03   2.03519198E-03
       12440           1   4.04013372E-06   1.82963430E-03   2.02355767E-03
       12460           1   4.05765877E-06   1.81917928E-03   2.01153569E-03
       12480           1   4.04639695E-06   1.80900306E-03   2.00074329E-03
       12500           1   4.05683022E-06   1.79955550E-03   1.98981003E-03
       12520           1   4.00664067E-06   1.78953540E-03   1.97796174E-03
       12540           1   3.96937594E-06   1.77969411E-03   1.96683384E-03
       12560           1   3.95381085E-06   1.76937482E-03   1.95552502E-03
       12580           1   3.95803409E-06   1.75833271E-03   1.94464589E-03
       12600           1   3.95223606E-06   1.75021938E-03   1.93384720E-03
       12620           1   3.91235153E-06   1.73936435E-03   1.92218134E-03
       12640           1   3.88782564E-06   1.72986952E-03   1.91135856E-03
       12660           1   3.85977455E-06   1.71994406E-03   1.90128712E-03
       12680           1   3.86556849E-06   1.71085831E-03   1.89026946E-03
       12700           1   3.85174371E-06   1.70072913E-03   1.87908614E-03
       12720           1   3.83396173E-06   1.69201335E-03   1.86805381E-03
       12740           1   3.80088386E-06   1.68230035E-03   1.85718213E-03
       12760           1   3.75632362E-06   1.67300436E-03   1.84682512E-03
       12780           1   3.77491097E-06   1.66428066E-03   1.83672470E-03
       12800           1   3.76358048E-06   1.65424531E-03   1.82664045E-03
       12820           1   3.71406691E-06   1.64473185E-03   1.81569986E-03
       12840           1   3.71426495E-06   1.63638510E-03   1.80538779E-03
       12860           1   3.65355891E-06   1.62737572E-03   1.79517921E-03
       12880           1   3.65417827E-06   1.61760370E-03   1.78475282E-03
       12900           1   3.67525627E-06   1.60886359E-03   1.77432620E-03
       12920           1   3.63212553E-06   1.59867120E-03   1.76487060E-03
       12940           1   3.63389427E-06   1.59072783E-03   1.75460847E-03
       12960           1   3.63473032E-06   1.58149423E-03   1.74492225E-03
       12980           1   3.58515626E-06   1.57267856E-03   1.73438527E-03
       13000           1   3.60950867E-06   1.56443927E-03   1.72450801E-03
       13020           1   3.54968483E-06   1.55509450E-03   1.71499781E-03
       13040           1   3.58784268E-06   1.54730200E-03   1.70464255E-03
       13060           1   3.49389848E-06   1.53773674E-03   1.69517263E-03
       13080           1   3.54085955E-06   1.52895297E-03   1.68568711E-03
       13100           1   3.46671368E-06   1.52082217E-03   1.67698320E-03
       13120           1   3.48775234E-06   1.51275494E-03   1.66639476E-03
       13140           1   3.46548541E-06   1.50375336E-03   1.65653881E-03
       13160           1   3.45216017E-06   1.49555621E-03   1.64695957E-03
       13180           1   3.43854254E-06   1.48777291E-03   1.63770572E-03
       13200           1   3.44023874E-06   1.47898076E-03   1.62811042E-03
       13220           1   3.41053965E-06   1.47058489E-03   1.61930581E-03
       13240           1   3.38817927E-06   1.46225432E-03   1.61007314E-03
       13260           1   3.36435096E-06   1.45388255E-03   1.60089706E-03
       13280           1   3.34377228E-06   1.44639355E-03   1.59152132E-03
       13300           1   3.31074489E-06   1.43801630E-03   1.58260018E-03
       13320           1   3.34774518E-06   1.43043883E-03   1.57344283E-03
       13340           1   3.36146218E-06   1.42186647E-03   1.56489306E-03
       13360           1   3.30712373E-06   1.41403708E-03   1.55570277E-03
       13380           1   3.26622762E-06   1.40586332E-03   1.54655206E-03
       13400           1   3.26480540E-06   1.39783637E-03   1.53797329E-03
       13420           1   3.24625807E-06   1.39038381E-03   1.52899267E-03
       13440           1   3.24934263E-06   1.38362998E-03   1.52001844E-03
       13460           1   3.23670065E-06   1.37523713E-03   1.51146075E-03
       13480           1   3.20195750E-06   1.36729726E-03   1.50323112E-03
       13500           1   3.15869943E-06   1.36055402E-03   1.49465248E-03
       13520           1   3.20762524E-06   1.35198666E-03   1.48509443E-03
       13540           1   3.18670618E-06   1.34453457E-03   1.47717423E-03
       13560           1   3.16657542E-06   1.33711949E-03   1.46838184E-03
       13580           1   3.14992940E-06   1.32963026E-03   1.46035268E-03
       13600           1   3.09160100E-06   1.32236269E-03   1.45205611E-03
       13620           1   3.12182783E-06   1.31514191E-03   1.44336279E-03
       13640           1   3.07996925E-06   1.30728772E-03   1.43548811E-03
       13660           1   3.08973881E-06   1.30145100E-03   1.42723229E-03
       13680           1   3.05409276E-06   1.29282952E-03   1.41891127E-03
       13700           1   3.03591105E-06   1.28690712E-03   1.41074671E-03
       13720           1   3.05159756E-06   1.27888843E-03   1.40278239E-03
       13740           1   3.03764409E-06   1.27171725E-03   1.39524636E-03
       13760           1   3.00399870E-06   1.26449927E-03   1.38636888E-03
       13780           1   2.95810969E-06   1.25762844E-03   1.37887057E-03
       13800           1   2.99166686E-06   1.25095644E-03   1.37078168E-03
       13820           1   2.98732857E-06   1.24405161E-03   1.36317767E-03
       13840           1   2.94469419E-06   1.23689603E-03   1.35475222E-03
       13860           1   2.94808319E-06   1.23084267E-03   1.34724122E-03
       13880           1   2.91942843E-06   1.22253736E-03   1.33958447E-03
       13900           1   2.90776939E-06   1.21670915E-03   1.33206393E-03
       13920           1   2.92670757E-06   1.20917824E-03   1.32404710E-03
       13940           1   2.90953631E-06   1.20326621E-03   1.31688383E-03
       13960           1   2.89106038E-06   1.19605393E-03   1.30902126E-03
       13980           1   2.87158332E-06   1.18942140E-03   1.30188989E-03
       14000           1   2.83920076E-06   1.18320435E-03   1.29456294E-03
       14020           1   2.83842519E-06   1.17613457E-03   1.28663867E-03
       14040           1   2.78119296E-06   1.16949808E-03   1.28037413E-03
       14060           1   2.83841018E-06   1.16255053E-03   1.27250201E-03
       14080           1   2.83793679E-06   1.15688168E-03   1.26501813E-03
       14100           1   2.79898904E-06   1.15118024E-03   1.25768327E-03
       14120           1   2.75480306E-06   1.14397658E-03   1.25061220E-03
       14140           1   2.72882335E-06   1.13832764E-03   1.24345429E-03
       14160           1   2.74929971E-06   1.13144633E-03   1.23667228E-03
       14180           1   2.77023810E-06   1.12513220E-03   1.22925930E-03
       14200           1   2.71655790E-06   1.11969304E-03   1.22281024E-03
       14220           1   2.70815735E-06   1.11235958E-03   1.21559121E-03
       14240           1   2.70255214E-06   1.10619538E-03   1.20828114E-03
       14260           1   2.66434836E-06   1.10050361E-03   1.20148039E-03
       14280           1   2.70680289E-06   1.09492301E-03   1.19484134E-03
       14300           1   2.66363304E-06   1.08815788E-03   1.18756003E-03
       14320           1   2.62773892E-06   1.08232466E-03   1.18115591E-03
       14340           1   2.61335526E-06   1.07671670E-03   1.17434119E-03
       14360           1   2.63430957E-06   1.06999907E-03   1.16790738E-03
       14380           1   2.65805829E-06   1.06413465E-03   1.16058090E-03
       14400           1   2.61713376E-06   1.05812203E-03   1.15450006E-03
       14420           1   2.50890821E-06   1.05254620E-03   1.14762189E-03
       14440           1   2.54609995E-06   1.04713708E-03   1.14168355E-03
       14460           1   2.57543525E-06   1.04086066E-03   1.13433565E-03
       14480           1   2.58972523E-06   1.03559403E-03   1.12847518E-03
       14500           1   2.57999341E-06   1.02904416E-03   1.12220354E-03
       14520           1   2.45135834E-06   1.02358777E-03   1.11567869E-03
       14540           1   2.53239614E-06   1.01803360E-03   1.10860704E-03
       14560           1   2.51812298E-06   1.01233344E-03   1.10264390E-03
       14580           1   2.49787809E-06   1.00663980E-03   1.09624944E-03
       14600           1   2.48648894E-06   1.00098620E-03   1.09011412E-03
       14620           1   2.44335592E-06   9.95578361E-04   1.08422560E-03
       14640           1   2.40267127E-06   9.90125118E-04   1.07737572E-03
       14660           1   2.44957300E-06   9.85213905E-04   1.07126858E-03
       14680           1   2.49306004E-06   9.78808850E-04   1.06569368E-03
       14700           1   2.45018941E-06   9.73690010E-04   1.05943694E-03
       14720           1   2.41472753E-06   9.67770175E-04   1.05454004E-03
       14740           1   2.36387177E-06   9.62375023E-04   1.04799564E-03
       14760           1   2.37574773E-06   9.57843265E-04   1.04167871E-03
       14780           1   2.43768682E-06   9.52272094E-04   1.03517354E-03
       14800           1   2.39680230E-06   9.47029737E-04   1.02968956E-03
       14820           1   2.34333811E-06   9.41549428E-04   1.02383166E-03
       14840           1   2.27404189E-06   9.36493976E-04   1.01761438E-03
       14860           1   2.32636785E-06   9.30819137E-04   1.01229909E-03
       14880           1   2.38289158E-06   9.26056760E-04   1.00669987E-03
       14900           1   2.35059952E-06   9.20656254E-04   1.00088120E-03
       14920           1   2.31159265E-06   9.15599172E-04   9.95098846E-04
       14940           1   2.23444204E-06   9.10367235E-04   9.89418593E-04
       14960           1   2.26305201E-06   9.05699737E-04   9.84062441E-04
       14980           1   2.26904217E-06   9.00787418E-04   9.78013268E-04
       15000           1   2.30497699E-06   8.94641737E-04   9.72327951E-04
       15020           1   2.25501526E-06   8.90135998E-04   9.67175351E-04
       15040           1   2.21166238E-06   8.86178284E-04   9.61308309E-04
       15060           1   2.22258132E-06   8.81252927E-04   9.56430391E-04
       15080           1   2.19662297E-06   8.76217266E-04   9.50823771E-04
       15100           1   2.23140728E-06   8.71597324E-04   9.45845211E-04
       15120           1   2.23480038E-06   8.67131283E-04   9.40781203E-04
       15140           1   2.21547407E-06   8.60757369E-04   9.34814627E-04
       15160           1   2.13345447E-06   8.56440689E-04   9.29162954E-04
       15180           1   2.15756017E-06   8.51781806E-04   9.24498308E-04
       15200           1   2.14727424E-06   8.46878916E-04   9.18806647E-04
       15220           1   2.15800901E-06   8.42541631E-04   9.13744036E-04
       15240           1   2.16960666E-06   8.37185071E-04   9.08227463E-04
       15260           1   2.13453495E-06   8.32249585E-04   9.03456588E-04
       15280           1   2.11285214E-06   8.28252523E-04   8.98160331E-04
       15300           1   2.07000585E-06   8.23416223E-04   8.93679913E-04
       15320           1   2.07747598E-06   8.19188484E-04   8.88467650E-04
       15340           1   2.16302328E-06   8.14732164E-04   8.83510336E-04
       15360           1   2.12673558E-06   8.10194761E-04   8.78121529E-04
       15380           1   2.02907427E-06   8.05544143E-04   8.74032499E-04
       15400           1   2.05610172E-06   8.01563030E-04   8.68523668E-04
       15420           1   2.04136131E-06   7.95508153E-04   8.63283523E-04
       15440           1   2.09336190E-06   7.92477338E-04   8.59258522E-04
       15460           1   2.07335688E-06   7.87698838E-04   8.54030193E-04
       15480           1   2.00823888E-06   7.82925810E-04   8.49035976E-04
       15500           1   1.99478109E-06   7.78715359E-04   8.43728543E-04
       15520           1   2.06013192E-06   7.75502762E-04   8.39232118E-04
       15540           1   1.97499912E-06   7.69949111E-04   8.34323175E-04
       15560           1   2.00905470E-06   7.66701763E-04   8.30114761E-04
       15580           1   1.99379019E-06   7.61847594E-04   8.25961586E-04
       15600           1   1.95587768E-06   7.57744478E-04   8.20132962E-04
       15620           1   1.95102325E-06   7.53359112E-04   8.16291315E-04
       15640           1   1.93423239E-06   7.48821243E-04   8.11599486E-04
       15660           1   1.95916414E-06   7.44226272E-04   8.06961325E-04
       15680           1   1.94169706E-06   7.40334741E-04   8.01967399E-04
       15700           1   1.89738262E-06   7.36431393E-04   7.98308174E-04
       15720           1   1.93756796E-06   7.31970766E-04   7.93590385E-04
       15740           1   1.94046743E-06   7.28898623E-04   7.88715435E-04
       15760           1   1.91052868E-06   7.24376878E-04   7.83950440E-04
       15780           1   1.89640082E-06   7.20426149E-04   7.79970025E-04
       15800           1   1.84033524E-06   7.16097944E-04   7.76363420E-04
       15820           1   1.88788886E-06   7.11665198E-04   7.71842722E-04
       15840           1   1.86796626E-06   7.08294916E-04   7.67097285E-04
       15860           1   1.87438320E-06   7.04637379E-04   7.62897311E-04
       15880           1   1.84975499E-06   7.00887409E-04   7.57873524E-04
       15900           1   1.82520125E-06   6.96585164E-04   7.54134613E-04
       15920           1   1.84598196E-06   6.92584668E-04   7.49563798E-04
       15940           1   1.84040493E-06   6.87893131E-04   7.45622499E-04
       15960           1   1.82433223E-06   6.84738450E-04   7.41367112E-04
       15980           1   1.80384757E-06   6.81661244E-04   7.37236696E-04
       16000           1   1.81206269E-06   6.77536125E-04   7.32578512E-04
       16020           1   1.81908410E-06   6.73744595E-04   7.28854793E-04
       16040           1   1.77392349E-06   6.69718022E-04   7.24831887E-04
       16060           1   1.75704201E-06   6.65506872E-04   7.21730990E-04
       16080           1   1.77764775E-06   6.62114588E-04   7.17752613E-04
       16100           1   1.76227945E-06   6.58996520E-04   7.12665962E-04
       16120           1   1.78962489E-06   6.55535143E-04   7.08913198E-04
       16140           1   1.74773311E-06   6.51550363E-04   7.04832259E-04
       16160           1   1.71830629E-06   6.47436886E-04   7.00740726E-04
       16180           1   1.73607191E-06   6.43533596E-04   6.97009498E-04
       16200           1   1.72949285E-06   6.40304643E-04   6.93600217E-04
       16220           1   1.68869451E-06   6.36342971E-04   6.88829226E-04
       16240           1   1.71314639E-06   6.33553136E-04   6.85652369E-04
       16260           1   1.70240969E-06   6.29896764E-04   6.81740348E-04
       16280           1   1.68068766E-06   6.25573448E-04   6.77860109E-04
       16300           1   1.70003148E-06   6.22657884E-04   6.74022420E-04
       16320           1   1.67008227E-06   6.18839404E-04   6.70650450E-04
       16340           1   1.68838380E-06   6.15423662E-04   6.66726090E-04
       16360           1   1.67895848E-06   6.12086966E-04   6.62566861E-04
       16380           1   1.64440394E-06   6.08580653E-04   6.58932491E-04
       16400           1   1.62785352E-06   6.05072943E-04   6.55053998E-04
       16420           1   1.59513434E-06   6.01971406E-04   6.51074399E-04
       16440           1   1.60693048E-06   5.98211423E-04   6.48138230E-04
       16460           1   1.63693835E-06   5.95004181E-04   6.44607702E-04
       16480           1   1.63000232E-06   5.91196702E-04   6.41083927E-04
       16500           1   1.59975320E-06   5.88311290E-04   6.37531863E-04
       16520           1   1.63552590E-06   5.85261383E-04   6.33326592E-04
       16540           1   1.62809999E-06   5.81737841E-04   6.29672548E-04
       16560           1   1.62085644E-06   5.78792999E-04   6.26197492E-04
       16580           1   1.58560056E-06   5.74861537E-04   6.22357940E-04
       16600           1   1.58083924E-06   5.72027173E-04   6.19295111E-04
       16620           1   1.56489625E-06   5.68968011E-04   6.16320525E-04
       16640           1   1.58317732E-06   5.65160997E-04   6.12251810E-04
       16660           1   1.56186934E-06   5.62110858E-04   6.08818606E-04
       16680           1   1.53606459E-06   5.59464155E-04   6.05538371E-04
       16700           1   1.55236046E-06   5.56220533E-04   6.02429791E-04
       16720           1   1.59030242E-06   5.53834951E-04   5.99014456E-04
       16740           1   1.59279330E-06   5.50080440E-04   5.95763209E-04
       16760           1   1.52222105E-06   5.46061026E-04   5.91957010E-04
       16780           1   1.53338806E-06   5.43562637E-04   5.89550706E-04
       16800           1   1.49274808E-06   5.40942885E-04   5.85490721E-04
       16820           1   1.51895176E-06   5.37952292E-04   5.81780798E-04
       16840           1   1.52056055E-06   5.34817111E-04   5.78582403E-04
       16860           1   1.51381357E-06   5.31421974E-04   5.75144892E-04
       16880           1   1.47240553E-06   5.28044940E-04   5.72167104E-04
       16900           1   1.49263008E-06   5.25705982E-04   5.69299445E-04
       16920           1   1.50181199E-06   5.22763003E-04   5.66711882E-04
       16940           1   1.51060897E-06   5.18951914E-04   5.63235604E-04
       16960           1   1.42357430E-06   5.16586471E-04   5.59757696E-04
       16980           1   1.46556135E-06   5.13660721E-04   5.56581537E-04
       17000           1   1.43456089E-06   5.11402090E-04   5.53562480E-04
       17020           1   1.47212688E-06   5.08008525E-04   5.49361575E-04
       17040           1   1.49319783E-06   5.05655305E-04   5.46949916E-04
       17060           1   1.42066403E-06   5.02144801E-04   5.44567243E-04
       17080           1   1.40904547E-06   4.99298680E-04   5.40560693E-04
       17100           1   1.44111937E-06   4.96749650E-04   5.38429013E-04
       17120           1   1.40047860E-06   4.93925763E-04   5.35580097E-04
       17140           1   1.40087639E-06   4.90947161E-04   5.32574777E-04
       17160           1   1.37356949E-06   4.88355174E-04   5.29177079E-04
       17180           1   1.40502823E-06   4.85545519E-04   5.26165823E-04
       17200           1   1.43430589E-06   4.83244192E-04   5.23337163E-04
       17220           1   1.40450288E-06   4.79826849E-04   5.19877532E-04
       17240           1   1.41874966E-06   4.77683963E-04   5.17130480E-04
       17260           1   1.37227391E-06   4.74255241E-04   5.14889194E-04
       17280           1   1.37411132E-06   4.72272804E-04   5.11371705E-04
       17300           1   1.34212996E-06   4.69202583E-04   5.08290483E-04
       17320           1   1.37150607E-06   4.66479629E-04   5.05994016E-04
       17340           1   1.38227495E-06   4.63814009E-04   5.03633346E-04
       17360           1   1.33470269E-06   4.61262593E-04   4.99942864E-04
       17360           1   1.33470269E-06   4.61262593E-04   4.99942864E-04
 Solver: fs        , Convection scheme: uds       
 RE=   1000.00000     , N=          32
 Selected Time scheme:            2
 DT=   1.36718794E-03
 Wall-clock time (s):    5.35692120    
Note: The following floating-point exceptions are signalling: IEEE_UNDERFLOW_FLAG
