 NTRANS, DT=?
          20         778   9.99942931E-05   2.23197913      0.896952450    
          40         338   9.99911863E-05   1.40174067      0.594280839    
          60         188   9.99933982E-05   1.04584432      0.469664812    
          80         130   9.99810291E-05  0.851115584      0.408305198    
         100         101   9.99803815E-05  0.725807548      0.376362920    
         120          85   9.99134209E-05  0.643006921      0.359812558    
         140          75   9.99257172E-05  0.581489444      0.352517962    
         160          70   9.98541436E-05  0.535646498      0.349797368    
         180          67   9.99436670E-05  0.500009656      0.350516856    
         200          64   9.99806507E-05  0.472755790      0.351424217    
         220          63   9.98400865E-05  0.453396559      0.353579164    
         240          60   9.98547475E-05  0.439661622      0.354737073    
         260          58   9.99761396E-05  0.431274384      0.355862319    
         280          57   9.99277763E-05  0.426614910      0.355975151    
         300          56   9.98493197E-05  0.425044864      0.355876386    
         320          54   9.99930562E-05  0.424119711      0.354759276    
         340          51   9.99972472E-05  0.423995644      0.353875279    
         360          50   9.99152107E-05  0.424494952      0.352594286    
         380          49   9.99662734E-05  0.425841272      0.351993352    
         400          50   9.99004696E-05  0.426704913      0.351317972    
         420          49   9.98188771E-05  0.427176833      0.350763470    
         440          47   9.98990290E-05  0.428030521      0.350392103    
         460          47   9.98554169E-05  0.428276956      0.349790990    
         480          46   9.99495096E-05  0.427609861      0.349248737    
         500          45   9.99132826E-05  0.427613914      0.348554164    
         520          45   9.98945761E-05  0.426549435      0.347470701    
         540          44   9.99973054E-05  0.425402939      0.346401930    
         560          44   9.99501208E-05  0.424039245      0.344993591    
         580          43   9.99398180E-05  0.421752721      0.343536019    
         600          43   9.99685726E-05  0.419947714      0.341915935    
         620          41   9.99221811E-05  0.417163551      0.340128392    
         640          42   9.98493197E-05  0.414531499      0.338186830    
         660          41   9.99168406E-05  0.411307663      0.336260170    
         680          40   9.99573022E-05  0.408503175      0.334063768    
         700          41   9.98831238E-05  0.404721409      0.331960618    
         720          40   9.98393662E-05  0.401422411      0.329642713    
         740          39   9.99122494E-05  0.397547632      0.327441931    
         760          38   9.99816184E-05  0.394113123      0.325033277    
         780          38   9.99772165E-05  0.390077978      0.322652221    
         800          38   9.98972173E-05  0.386221349      0.320250094    
         820          38   9.99807671E-05  0.382331729      0.317665726    
         840          36   9.99378753E-05  0.378159702      0.315233588    
         860          37   9.98526084E-05  0.374255687      0.312544376    
         880          36   9.98740943E-05  0.370110631      0.310140401    
         900          35   9.99902404E-05  0.366216183      0.307629675    
         920          36   9.98768810E-05  0.362196982      0.304939300    
         940          35   9.99534604E-05  0.357921630      0.302571863    
         960          34   9.99563345E-05  0.354096085      0.299849153    
         980          35   9.98486576E-05  0.350092024      0.297277182    
        1000          35   9.98379255E-05  0.346046835      0.294789344    
        1020          35   9.99003896E-05  0.342242450      0.292086184    
        1040          33   9.98431860E-05  0.338260859      0.289563209    
        1060          34   9.98966352E-05  0.334341824      0.286986589    
        1080          33   9.98427786E-05  0.330631703      0.284308195    
        1100          31   9.99543554E-05  0.326874465      0.281836450    
        1120          30   9.99828699E-05  0.322972089      0.279335409    
        1140          32   9.99380645E-05  0.319371372      0.276735157    
        1160          31   9.98956020E-05  0.315739542      0.274230778    
        1180          31   9.99669792E-05  0.312031418      0.271804333    
        1200          30   9.98597461E-05  0.308537424      0.269176453    
        1220          30   9.99109616E-05  0.305083752      0.266750276    
        1240          29   9.98953910E-05  0.301552683      0.264303029    
        1260          29   9.99043550E-05  0.298035324      0.261876732    
        1280          29   9.98528485E-05  0.294709384      0.259374708    
        1300          29   9.99306867E-05  0.291447222      0.257080138    
        1320          27   9.99518306E-05  0.288083255      0.254645139    
        1340          29   9.99316035E-05  0.284802198      0.252259761    
        1360          27   9.99512995E-05  0.281619847      0.249946088    
        1380          26   9.99870244E-05  0.278470814      0.247648329    
        1400          28   9.98601099E-05  0.275264174      0.245390579    
        1420          26   9.99096592E-05  0.272072434      0.243078738    
        1440          27   9.99285257E-05  0.269055784      0.240915075    
        1460          26   9.99549156E-05  0.266037256      0.238700777    
        1480          25   9.99525146E-05  0.263061017      0.236480474    
        1500          26   9.98722535E-05  0.259976864      0.234337717    
        1520          24   9.99971671E-05  0.256998658      0.232245371    
        1540          24   9.99750118E-05  0.254126519      0.230191708    
        1560          24   9.98888645E-05  0.251187503      0.228069916    
        1580          26   9.98682299E-05  0.248320878      0.226071596    
        1600          24   9.99478143E-05  0.245447114      0.224085018    
        1620          24   9.99659096E-05  0.242551491      0.222115576    
        1640          24   9.98601827E-05  0.239816666      0.220157757    
        1660          23   9.98946198E-05  0.237072274      0.218206495    
        1680          24   9.99091353E-05  0.234277293      0.216315567    
        1700          23   9.99227195E-05  0.231524140      0.214445323    
        1720          24   9.99332842E-05  0.228762791      0.212562025    
        1740          23   9.99618569E-05  0.226080433      0.210623831    
        1760          21   9.99754775E-05  0.223488495      0.208758324    
        1780          23   9.98466930E-05  0.220844150      0.206961602    
        1800          23   9.98772157E-05  0.218232229      0.205125332    
        1820          22   9.98500109E-05  0.215618521      0.203297392    
        1840          22   9.99540644E-05  0.213057682      0.201438636    
        1860          21   9.99752010E-05  0.210543618      0.199605316    
        1880          21   9.99741824E-05  0.208045512      0.197812319    
        1900          20   9.99082986E-05  0.205613017      0.196020663    
        1920          21   9.99123004E-05  0.203158140      0.194212288    
        1940          20   9.99364638E-05  0.200713053      0.192365080    
        1960          19   9.99159602E-05  0.198288903      0.190529779    
        1980          20   9.99170952E-05  0.195919812      0.188752502    
        2000          20   9.98772593E-05  0.193620086      0.186946750    
        2020          20   9.99301410E-05  0.191319034      0.185128257    
        2040          19   9.99527401E-05  0.189076856      0.183301851    
        2060          18   9.99543336E-05  0.186820969      0.181457624    
        2080          17   9.99722615E-05  0.184599072      0.179599762    
        2100          19   9.98727483E-05  0.182353213      0.177790418    
        2120          18   9.99176336E-05  0.180174604      0.175969705    
        2140          18   9.99227996E-05  0.178034931      0.174145952    
        2160          17   9.98617106E-05  0.175930008      0.172294199    
        2180          17   9.98695032E-05  0.173831746      0.170443445    
        2200          18   9.98798932E-05  0.171772242      0.168595567    
        2220          17   9.98523101E-05  0.169732451      0.166754633    
        2240          18   9.98763499E-05  0.167690232      0.164925203    
        2260          17   9.99214972E-05  0.165676385      0.163083777    
        2280          16   9.98618270E-05  0.163685232      0.161244646    
        2300          17   9.99057520E-05  0.161729261      0.159422576    
        2320          16   9.99697222E-05  0.159816593      0.157580122    
        2340          16   9.98623727E-05  0.157929078      0.155737132    
        2360          16   9.99679251E-05  0.156060055      0.153882802    
        2380          15   9.99163967E-05  0.154211491      0.152061909    
        2400          16   9.98890901E-05  0.152375087      0.150269374    
        2420          14   9.99793410E-05  0.150575012      0.148452416    
        2440          15   9.98683463E-05  0.148760557      0.146669701    
        2460          15   9.99645417E-05  0.146990255      0.144879773    
        2480          15   9.98815449E-05  0.145228341      0.143099785    
        2500          14   9.99321564E-05  0.143510789      0.141315058    
        2520          15   9.98341638E-05  0.141795978      0.139569521    
        2540          14   9.98591495E-05  0.140123770      0.137805700    
        2560          13   9.99527692E-05  0.138478205      0.136059880    
        2580          14   9.99171316E-05  0.136833474      0.134352431    
        2600          12   9.99201875E-05  0.135224119      0.132634223    
        2620          13   9.99180556E-05  0.133617759      0.130954891    
        2640          13   9.99259573E-05  0.132040873      0.129285961    
        2660          13   9.98792384E-05  0.130473986      0.127627194    
        2680          12   9.99201366E-05  0.128926232      0.125977352    
        2700          13   9.98902469E-05  0.127387360      0.124357745    
        2720          12   9.98669275E-05  0.125882119      0.122739114    
        2740          11   9.99212207E-05  0.124384128      0.121133134    
        2760          13   9.99549738E-05  0.122898087      0.119558632    
        2780          11   9.99037802E-05  0.121444046      0.117995135    
        2800          11   9.98387259E-05  0.119990565      0.116466574    
        2820          12   9.98865580E-05  0.118558437      0.114958256    
        2840          11   9.98545438E-05  0.117147684      0.113462292    
        2860          11   9.99936019E-05  0.115758665      0.111978799    
        2880          11   9.98955948E-05  0.114373162      0.110519379    
        2900          12   9.98499381E-05  0.112986170      0.109088920    
        2920          11   9.98784089E-05  0.111629263      0.107655272    
        2940          11   9.99021722E-05  0.110271357      0.106247477    
        2960          11   9.98565665E-05  0.108919457      0.104864493    
        2980          11   9.99179538E-05  0.107579425      0.103489496    
        3000           9   9.99643016E-05  0.106256947      0.102122612    
        3020          10   9.99573458E-05  0.104925767      0.100792885    
        3040          10   9.99161421E-05  0.103612795       9.94675085E-02
        3060          10   9.98417236E-05  0.102301329       9.81606618E-02
        3080          11   9.98592295E-05  0.100991793       9.68745053E-02
        3100          10   9.98401229E-05   9.96974111E-02   9.55899283E-02
        3120          10   9.98294199E-05   9.84079316E-02   9.43248272E-02
        3140           9   9.99777403E-05   9.71366242E-02   9.30690169E-02
        3160          10   9.99107942E-05   9.58511382E-02   9.18480754E-02
        3180          10   9.99472250E-05   9.45832804E-02   9.06266198E-02
        3200          10   9.99309705E-05   9.33221877E-02   8.94227922E-02
        3220          10   9.99246113E-05   9.20666382E-02   8.82316604E-02
        3240           8   9.98844262E-05   9.08246711E-02   8.70411769E-02
        3260          10   9.98771866E-05   8.95690918E-02   8.58756453E-02
        3280           9   9.98433898E-05   8.83276910E-02   8.47106203E-02
        3300           8   9.99608092E-05   8.71032476E-02   8.35428387E-02
        3320           9   9.98571704E-05   8.58497173E-02   8.24136660E-02
        3340           8   9.98410469E-05   8.46267268E-02   8.12719837E-02
        3360           8   9.98903561E-05   8.34068507E-02   8.01449493E-02
        3380           9   9.98500109E-05   8.21715593E-02   7.90423676E-02
        3400           8   9.99446129E-05   8.09706599E-02   7.79237375E-02
        3420           8   9.98779797E-05   7.97568187E-02   7.68251345E-02
        3440           9   9.98346150E-05   7.85447061E-02   7.57402629E-02
        3460           9   9.98784380E-05   7.73503482E-02   7.46482387E-02
        3480           7   9.99651675E-05   7.61732161E-02   7.35552460E-02
        3500           7   9.98636606E-05   7.49871731E-02   7.24848807E-02
        3520           8   9.98266987E-05   7.38027617E-02   7.14253262E-02
        3540           8   9.99005642E-05   7.26437122E-02   7.03575090E-02
        3560           6   9.99322729E-05   7.15043247E-02   6.92881793E-02
        3580           8   9.98478135E-05   7.03383386E-02   6.82545826E-02
        3600           7   9.98474206E-05   6.92049563E-02   6.72079548E-02
        3620           7   9.99741824E-05   6.80766478E-02   6.61702752E-02
        3640           7   9.99853146E-05   6.69548661E-02   6.51437193E-02
        3660           7   9.98266842E-05   6.58410490E-02   6.41280785E-02
        3680           6   9.99134572E-05   6.47479445E-02   6.31069019E-02
        3700           7   9.99107287E-05   6.36479333E-02   6.21077456E-02
        3720           6   9.99285330E-05   6.25703782E-02   6.11087605E-02
        3740           6   9.99183394E-05   6.15063757E-02   6.01155348E-02
        3760           6   9.99236145E-05   6.04494698E-02   5.91305234E-02
        3780           6   9.98960022E-05   5.94027862E-02   5.81589080E-02
        3800           6   9.99593540E-05   5.83686829E-02   5.71912378E-02
        3820           5   9.99451659E-05   5.73598370E-02   5.62246479E-02
        3840           6   9.99769327E-05   5.63457347E-02   5.52769117E-02
        3860           6   9.99483600E-05   5.53439222E-02   5.43418117E-02
        3880           5   9.99312688E-05   5.43736629E-02   5.34023605E-02
        3900           5   9.98746982E-05   5.33972941E-02   5.24836145E-02
        3920           6   9.99707918E-05   5.24396673E-02   5.15743271E-02
        3940           6   9.99049807E-05   5.14926873E-02   5.06746583E-02
        3960           4   9.99479016E-05   5.05788326E-02   4.97719832E-02
        3980           5   9.98283140E-05   4.96483855E-02   4.89040017E-02
        4000           5   9.98238975E-05   4.87520099E-02   4.80302647E-02
        4020           4   9.99726399E-05   4.78734523E-02   4.71686237E-02
        4040           6   9.98316973E-05   4.69831228E-02   4.63379249E-02
        4060           4   9.99091717E-05   4.61390354E-02   4.54875864E-02
        4080           5   9.98621836E-05   4.52863537E-02   4.46727797E-02
        4100           6   9.98650503E-05   4.44503166E-02   4.38662805E-02
        4120           5   9.98284449E-05   4.36356366E-02   4.30672280E-02
        4140           4   9.98897885E-05   4.28404808E-02   4.22758274E-02
        4160           4   9.99601543E-05   4.20502760E-02   4.15058546E-02
        4180           5   9.99003823E-05   4.12664376E-02   4.07560058E-02
        4200           3   9.99671756E-05   4.05167490E-02   3.99988145E-02
        4220           3   9.99322583E-05   3.97609249E-02   3.92773785E-02
        4240           4   9.98482865E-05   3.90124135E-02   3.85698788E-02
        4260           3   9.99127078E-05   3.82998101E-02   3.78591381E-02
        4280           4   9.98484975E-05   3.75786833E-02   3.71733680E-02
        4300           3   9.98521937E-05   3.68826464E-02   3.64955701E-02
        4320           4   9.99318800E-05   3.61919850E-02   3.58318202E-02
        4340           4   9.98951655E-05   3.55070531E-02   3.51859927E-02
        4360           4   9.99714393E-05   3.48476619E-02   3.45415697E-02
        4380           5   9.98488540E-05   3.41825522E-02   3.39232683E-02
        4400           5   9.98441828E-05   3.35375331E-02   3.33090462E-02
        4420           3   9.98784526E-05   3.29178423E-02   3.26956175E-02
        4440           4   9.98647738E-05   3.22925970E-02   3.21065225E-02
        4460           3   9.99091280E-05   3.16893607E-02   3.15186158E-02
        4480           2   9.99701369E-05   3.10944282E-02   3.09421998E-02
        4500           3   9.98973119E-05   3.04940287E-02   3.03889085E-02
        4520           3   9.99315525E-05   2.99157519E-02   2.98376791E-02
        4540           4   9.98543692E-05   2.93330532E-02   2.93023046E-02
        4560           4   9.98967371E-05   2.87704840E-02   2.87709497E-02
        4580           2   9.99553740E-05   2.82357484E-02   2.82375570E-02
        4600           2   9.99676049E-05   2.76940987E-02   2.77227294E-02
        4620           2   9.99878976E-05   2.71560475E-02   2.72198394E-02
        4640           3   9.98647956E-05   2.66173128E-02   2.67372690E-02
        4660           2   9.98204923E-05   2.61002388E-02   2.62470841E-02
        4680           3   9.99748008E-05   2.55912207E-02   2.57666521E-02
        4700           4   9.98290197E-05   2.50782445E-02   2.53066197E-02
        4720           2   9.99743352E-05   2.46029980E-02   2.48289555E-02
        4740           3   9.98361647E-05   2.41063647E-02   2.43811291E-02
        4760           2   9.98742034E-05   2.36311723E-02   2.39302665E-02
        4780           2   9.99435215E-05   2.31683478E-02   2.34824978E-02
        4800           3   9.99510448E-05   2.26980653E-02   2.30546668E-02
        4820           1   9.99459371E-05   2.22528335E-02   2.26201843E-02
        4840           2   9.99738768E-05   2.18010098E-02   2.22029034E-02
        4860           2   9.99251424E-05   2.13584192E-02   2.17911489E-02
        4880           2   9.99112017E-05   2.09249426E-02   2.13849097E-02
        4900           2   9.98517789E-05   2.05013640E-02   2.09809765E-02
        4920           2   9.99069889E-05   2.00871229E-02   2.05817893E-02
        4940           2   9.98583128E-05   1.96677092E-02   2.01977640E-02
        4960           2   9.99475305E-05   1.92741733E-02   1.98076107E-02
        4980           2   9.98791656E-05   1.88736804E-02   1.94302462E-02
        5000           2   9.98055402E-05   1.84838083E-02   1.90582070E-02
        5020           3   9.99365657E-05   1.81046147E-02   1.86896920E-02
        5040           2   9.99235926E-05   1.77324694E-02   1.83266755E-02
        5060           3   9.98401592E-05   1.73578151E-02   1.79717857E-02
        5080           2   9.99127878E-05   1.70085449E-02   1.76130682E-02
        5100           2   9.99367330E-05   1.66565645E-02   1.72695816E-02
        5120           2   9.99466138E-05   1.63159184E-02   1.69247054E-02
        5140           2   9.98845135E-05   1.59691237E-02   1.65958181E-02
        5160           3   9.98755204E-05   1.56362709E-02   1.62654314E-02
        5180           2   9.98754476E-05   1.53112076E-02   1.59390308E-02
        5200           1   9.98580290E-05   1.49989221E-02   1.56161124E-02
        5220           2   9.99187541E-05   1.46860369E-02   1.53041761E-02
        5240           2   9.99738695E-05   1.43806506E-02   1.49952723E-02
        5260           2   9.98031901E-05   1.40744811E-02   1.46948844E-02
        5280           1   9.99190452E-05   1.37923574E-02   1.43870013E-02
        5300           2   9.98935429E-05   1.34973209E-02   1.41035225E-02
        5320           1   9.99263284E-05   1.32252760E-02   1.38096167E-02
        5340           1   9.99694385E-05   1.29493820E-02   1.35270627E-02
        5360           2   9.99423937E-05   1.26763098E-02   1.32524483E-02
        5380           2   9.99842232E-05   1.24120209E-02   1.29822595E-02
        5400           2   9.98410032E-05   1.21501870E-02   1.27204284E-02
        5420           2   9.98041651E-05   1.18974047E-02   1.24628125E-02
        5440           2   9.98502801E-05   1.16520021E-02   1.22037707E-02
        5460           1   9.99744007E-05   1.14230867E-02   1.19520733E-02
        5480           1   9.97865282E-05   1.11801717E-02   1.17088314E-02
        5500           1   9.99017648E-05   1.09484792E-02   1.14720240E-02
        5520           1   9.98565738E-05   1.07279383E-02   1.12370206E-02
        5540           2   9.98568430E-05   1.04957558E-02   1.10172266E-02
        5560           1   9.97882744E-05   1.02842562E-02   1.07907671E-02
        5580           1   9.97296665E-05   1.00772781E-02   1.05699198E-02
        5600           1   9.96313975E-05   9.86354053E-03   1.03595639E-02
        5620           1   9.98112228E-05   9.66493506E-03   1.01497183E-02
        5640           2   9.98652395E-05   9.46693309E-03   9.94757935E-03
        5660           1   9.98835603E-05   9.27669276E-03   9.74656176E-03
        5680           1   9.97218303E-05   9.09129623E-03   9.55204945E-03
        5700           1   9.98860487E-05   8.91367253E-03   9.35538672E-03
        5720           2   9.98156684E-05   8.72387923E-03   9.17685684E-03
        5740           1   9.99234326E-05   8.55594501E-03   8.98967218E-03
        5760           1   9.95803784E-05   8.38019140E-03   8.81642476E-03
        5780           1   9.94125585E-05   8.21414031E-03   8.64396803E-03
        5800           1   9.94668517E-05   8.04664940E-03   8.47479980E-03
        5820           1   9.87692183E-05   7.89013971E-03   8.30834918E-03
        5840           1   9.91078632E-05   7.73341535E-03   8.14505108E-03
        5860           1   9.88300890E-05   7.57992314E-03   7.98677839E-03
        5880           1   9.73570641E-05   7.42445048E-03   7.83582684E-03
        5900           1   9.51099355E-05   7.27498764E-03   7.68959988E-03
        5920           1   9.27944930E-05   7.12963892E-03   7.54394941E-03
        5940           1   9.06103596E-05   6.98754098E-03   7.39696203E-03
        5960           1   8.84551555E-05   6.84622768E-03   7.25649577E-03
        5980           1   8.62217421E-05   6.71196217E-03   7.12225912E-03
        6000           1   8.43802336E-05   6.57753600E-03   6.98818313E-03
        6020           1   8.33967424E-05   6.44648448E-03   6.85665989E-03
        6040           1   8.30413919E-05   6.32075313E-03   6.72472455E-03
        6060           1   8.27101539E-05   6.20048074E-03   6.59238920E-03
        6080           1   8.19781781E-05   6.07862277E-03   6.46822620E-03
        6100           1   8.07658216E-05   5.95916528E-03   6.34787884E-03
        6120           1   7.91863131E-05   5.84201841E-03   6.23144628E-03
        6140           1   7.73126667E-05   5.72629552E-03   6.11609034E-03
        6160           1   7.51896587E-05   5.61111420E-03   6.00221520E-03
        6180           1   7.31966866E-05   5.49805071E-03   5.89027395E-03
        6200           1   7.15943024E-05   5.38662914E-03   5.77977626E-03
        6220           1   7.06074716E-05   5.27919363E-03   5.67071326E-03
        6240           1   7.00346864E-05   5.17608598E-03   5.56485215E-03
        6260           1   6.96798452E-05   5.07384771E-03   5.46074100E-03
        6280           1   6.91995810E-05   4.97082807E-03   5.35963755E-03
        6300           1   6.83917679E-05   4.86804545E-03   5.25888102E-03
        6320           1   6.73140385E-05   4.76993341E-03   5.16295992E-03
        6340           1   6.57691198E-05   4.67419112E-03   5.06369164E-03
        6360           1   6.40639555E-05   4.58391616E-03   4.96998942E-03
        6380           1   6.24719542E-05   4.49011009E-03   4.87483665E-03
        6400           1   6.11266587E-05   4.40049171E-03   4.78096819E-03
        6420           1   6.01240681E-05   4.31087613E-03   4.68634721E-03
        6440           1   5.94777484E-05   4.22595441E-03   4.59461380E-03
        6460           1   5.90961972E-05   4.13839379E-03   4.50612511E-03
        6480           1   5.87848481E-05   4.05698223E-03   4.42048488E-03
        6500           1   5.83336150E-05   3.97355016E-03   4.33448469E-03
        6520           1   5.76039711E-05   3.89225828E-03   4.25354857E-03
        6540           1   5.65248083E-05   3.81182181E-03   4.17394331E-03
        6560           1   5.51306257E-05   3.73440329E-03   4.09256620E-03
        6580           1   5.37925080E-05   3.65942204E-03   4.01025824E-03
        6600           1   5.26091644E-05   3.58777097E-03   3.93145951E-03
        6620           1   5.16585096E-05   3.51638906E-03   3.85078252E-03
        6640           1   5.10023456E-05   3.44449468E-03   3.77177354E-03
        6660           1   5.05249409E-05   3.37747182E-03   3.69390775E-03
        6680           1   5.01759205E-05   3.31238518E-03   3.61698866E-03
        6700           1   4.97826768E-05   3.24622332E-03   3.54450452E-03
        6720           1   4.92147446E-05   3.18630622E-03   3.47344112E-03
        6740           1   4.83871736E-05   3.12578888E-03   3.40468134E-03
        6760           1   4.73259606E-05   3.06587783E-03   3.33819445E-03
        6780           1   4.62189819E-05   3.00578191E-03   3.27199604E-03
        6800           1   4.51206652E-05   2.94446037E-03   3.20671755E-03
        6820           1   4.42124910E-05   2.88792630E-03   3.14427679E-03
        6840           1   4.35512447E-05   2.83328979E-03   3.08299530E-03
        6860           1   4.31112276E-05   2.77933897E-03   3.02196061E-03
        6880           1   4.28604981E-05   2.72752251E-03   2.96320906E-03
        6900           1   4.25647377E-05   2.67859991E-03   2.90486426E-03
        6920           1   4.22027661E-05   2.62856670E-03   2.85092811E-03
        6940           1   4.16758303E-05   2.57999287E-03   2.79483618E-03
        6960           1   4.09034146E-05   2.53391359E-03   2.74049002E-03
        6980           1   4.00470635E-05   2.49280105E-03   2.68540857E-03
        7000           1   3.92498296E-05   2.44697649E-03   2.63220444E-03
        7020           1   3.84149389E-05   2.40247068E-03   2.58276938E-03
        7040           1   3.77210163E-05   2.36360403E-03   2.52997200E-03
        7060           1   3.72401446E-05   2.32372829E-03   2.48079724E-03
        7080           1   3.68993678E-05   2.28075101E-03   2.43476941E-03
        7100           1   3.66384011E-05   2.24506855E-03   2.38569034E-03
        7120           1   3.63062718E-05   2.20458326E-03   2.34437105E-03
        7140           1   3.58084653E-05   2.16965657E-03   2.30111578E-03
        7160           1   3.52378665E-05   2.13295594E-03   2.26082117E-03
        7180           1   3.45578774E-05   2.09624157E-03   2.22039036E-03
        7200           1   3.38011669E-05   2.06406647E-03   2.17932928E-03
        7220           1   3.30844450E-05   2.02893233E-03   2.14294856E-03
        7240           1   3.25106048E-05   1.99725130E-03   2.10547075E-03
        7260           1   3.20540639E-05   1.96383893E-03   2.06793798E-03
        7280           1   3.17730373E-05   1.93334068E-03   2.03199545E-03
        7300           1   3.15327525E-05   1.90492824E-03   1.99596141E-03
        7320           1   3.12934098E-05   1.87435048E-03   1.96246733E-03
        7340           1   3.10050236E-05   1.84323452E-03   1.93198130E-03
        7360           1   3.06421862E-05   1.81234651E-03   1.89828710E-03
        7380           1   3.01021992E-05   1.78280682E-03   1.86813343E-03
        7400           1   2.95586433E-05   1.75241381E-03   1.84007979E-03
        7420           1   2.90188345E-05   1.72258494E-03   1.81106408E-03
        7440           1   2.85044698E-05   1.69512094E-03   1.78278296E-03
        7460           1   2.81111861E-05   1.66520104E-03   1.75418903E-03
        7480           1   2.78086300E-05   1.63763273E-03   1.72644784E-03
        7500           1   2.75525836E-05   1.60805183E-03   1.69995078E-03
        7520           1   2.73444621E-05   1.58144347E-03   1.67201576E-03
        7540           1   2.70925320E-05   1.55580090E-03   1.64684723E-03
        7560           1   2.67880096E-05   1.52837532E-03   1.62352272E-03
        7580           1   2.64047485E-05   1.50328374E-03   1.59713370E-03
        7600           1   2.59827320E-05   1.47808099E-03   1.57508918E-03
        7620           1   2.54879487E-05   1.45321630E-03   1.54844474E-03
        7640           1   2.50083413E-05   1.42899528E-03   1.52494200E-03
        7660           1   2.46142044E-05   1.40527030E-03   1.50224252E-03
        7680           1   2.43516861E-05   1.38042914E-03   1.47853582E-03
        7700           1   2.41299549E-05   1.35606946E-03   1.45839620E-03
        7720           1   2.39641431E-05   1.33243378E-03   1.43536669E-03
        7740           1   2.37312433E-05   1.30966073E-03   1.41416164E-03
        7760           1   2.35523803E-05   1.28665729E-03   1.39032712E-03
        7780           1   2.32739476E-05   1.26422592E-03   1.37036573E-03
        7800           1   2.28971403E-05   1.24529412E-03   1.35005568E-03
        7820           1   2.25470030E-05   1.22344471E-03   1.32920151E-03
        7840           1   2.22046565E-05   1.20073149E-03   1.30609074E-03
        7860           1   2.18701352E-05   1.18514930E-03   1.28525926E-03
        7880           1   2.16164080E-05   1.16880611E-03   1.26156840E-03
        7900           1   2.14378724E-05   1.15020294E-03   1.23873272E-03
        7920           1   2.12426567E-05   1.13265030E-03   1.21755409E-03
        7940           1   2.10885264E-05   1.11687789E-03   1.19751121E-03
        7960           1   2.08954625E-05   1.10070570E-03   1.17621198E-03
        7980           1   2.06267050E-05   1.08406646E-03   1.15426269E-03
        8000           1   2.03460404E-05   1.06962142E-03   1.13286101E-03
        8020           1   2.00786508E-05   1.05405413E-03   1.11390813E-03
        8040           1   1.97920635E-05   1.03658647E-03   1.09708484E-03
        8060           1   1.94832101E-05   1.02239614E-03   1.07709947E-03
        8080           1   1.92084390E-05   1.00643921E-03   1.05846534E-03
        8100           1   1.89513121E-05   9.92093468E-04   1.04055379E-03
        8120           1   1.88145186E-05   9.78368334E-04   1.01880822E-03
        8140           1   1.86861362E-05   9.63984639E-04   1.00322475E-03
        8160           1   1.84511464E-05   9.50879825E-04   9.86957224E-04
        8180           1   1.82797721E-05   9.36367724E-04   9.69453889E-04
        8200           1   1.79989947E-05   9.24280728E-04   9.52328730E-04
        8220           1   1.78144765E-05   9.12183954E-04   9.33868927E-04
        8240           1   1.75994282E-05   9.01222869E-04   9.20155493E-04
        8260           1   1.73875160E-05   8.88769166E-04   9.03945416E-04
        8280           1   1.70908406E-05   8.79170839E-04   8.86013382E-04
        8300           1   1.69043506E-05   8.68103991E-04   8.71551107E-04
        8320           1   1.67783528E-05   8.57400591E-04   8.60653294E-04
        8340           1   1.65903875E-05   8.47761694E-04   8.46904470E-04
        8360           1   1.64355170E-05   8.36035586E-04   8.35455547E-04
        8380           1   1.63175846E-05   8.25808966E-04   8.22599221E-04
        8400           1   1.61158150E-05   8.15292471E-04   8.11463105E-04
        8420           1   1.60075542E-05   8.04581563E-04   7.99296075E-04
        8440           1   1.58160965E-05   7.96539593E-04   7.91919127E-04
        8460           1   1.56079805E-05   7.89109035E-04   7.79399532E-04
        8480           1   1.53804958E-05   7.83996074E-04   7.70302548E-04
        8500           1   1.52331286E-05   7.76562549E-04   7.61354459E-04
        8520           1   1.50583401E-05   7.68749567E-04   7.50010717E-04
        8540           1   1.48900508E-05   7.58580049E-04   7.39707786E-04
        8560           1   1.47545725E-05   7.52219872E-04   7.30952830E-04
        8580           1   1.46005332E-05   7.45061378E-04   7.22244498E-04
        8600           1   1.44278629E-05   7.36815506E-04   7.14935595E-04
        8620           1   1.43115212E-05   7.30849570E-04   7.07263651E-04
        8640           1   1.41237379E-05   7.21763121E-04   7.01421406E-04
        8660           1   1.39363474E-05   7.12964276E-04   6.92622038E-04
        8680           1   1.37929601E-05   7.06180348E-04   6.85651903E-04
        8700           1   1.36213239E-05   6.95744297E-04   6.80594007E-04
        8720           1   1.34471284E-05   6.90106943E-04   6.74427080E-04
        8740           1   1.33226040E-05   6.81498437E-04   6.67682500E-04
        8760           1   1.31951474E-05   6.77763543E-04   6.62349921E-04
        8780           1   1.30841199E-05   6.70486770E-04   6.56347605E-04
        8800           1   1.30596973E-05   6.60417543E-04   6.48917165E-04
        8820           1   1.29934879E-05   6.54453353E-04   6.45109802E-04
        8840           1   1.28883930E-05   6.45033550E-04   6.37466728E-04
        8860           1   1.27373023E-05   6.40260871E-04   6.30237744E-04
        8880           1   1.25923070E-05   6.33141026E-04   6.22222433E-04
        8900           1   1.24245562E-05   6.23343745E-04   6.18314545E-04
        8920           1   1.22632846E-05   6.18853432E-04   6.10199175E-04
        8940           1   1.21527537E-05   6.10304123E-04   6.06596994E-04
        8960           1   1.20076929E-05   6.02343003E-04   5.99876221E-04
        8980           1   1.19040724E-05   5.96403843E-04   5.93447010E-04
        9000           1   1.18384160E-05   5.89092611E-04   5.85769827E-04
        9020           1   1.17947675E-05   5.82374807E-04   5.83403918E-04
        9040           1   1.16813426E-05   5.75545069E-04   5.77258703E-04
        9060           1   1.15886724E-05   5.69493161E-04   5.69623662E-04
        9080           1   1.14425511E-05   5.62775240E-04   5.65470429E-04
        9100           1   1.12687139E-05   5.56637882E-04   5.54409518E-04
        9120           1   1.11089803E-05   5.52750949E-04   5.51492791E-04
        9140           1   1.10111960E-05   5.47986012E-04   5.46815223E-04
        9160           1   1.09377843E-05   5.44218055E-04   5.39713015E-04
        9180           1   1.08457243E-05   5.36534295E-04   5.32690145E-04
        9200           1   1.07435044E-05   5.31716505E-04   5.26781834E-04
        9220           1   1.07262758E-05   5.28247212E-04   5.21015783E-04
        9240           1   1.06520865E-05   5.21602808E-04   5.15267020E-04
        9260           1   1.05894196E-05   5.18596848E-04   5.09548059E-04
        9280           1   1.04908668E-05   5.12656174E-04   5.04749070E-04
        9300           1   1.03971652E-05   5.09437465E-04   4.98272886E-04
        9320           1   1.03102957E-05   5.02209004E-04   4.92976047E-04
        9328           1   1.02499744E-05   4.99370042E-04   4.92151303E-04
 Solver: fs        , Convection scheme: quick     
 RE=   1000.00000     , N=          64
 Selected Time scheme:    1    
 DT=   4.99999989E-03
 Wall-clock time (s):    34.6635361    
Note: The following floating-point exceptions are signalling: IEEE_UNDERFLOW_FLAG
