 DT=?
          20         410   9.99269469E-05  0.265238404      0.155914471    
          40         195   9.99611802E-05  0.130995885      0.117908224    
          60          94   9.99870317E-05   9.91668552E-02   8.80329311E-02
          80          79   9.98570031E-05   8.63490999E-02   7.92248547E-02
         100          74   9.97645111E-05   7.70114064E-02   7.14761317E-02
         120          73   9.99992044E-05   6.91017359E-02   6.42235577E-02
         140          66   9.99901022E-05   6.17755093E-02   5.79174757E-02
         160          61   9.98263931E-05   5.53327911E-02   5.21207750E-02
         180          57   9.98153846E-05   4.90656719E-02   4.68672551E-02
         200          53   9.97168099E-05   4.33405191E-02   4.18176651E-02
         220          45   9.98587493E-05   3.80364172E-02   3.71474549E-02
         240          41   9.98989999E-05   3.30908038E-02   3.28201205E-02
         260          34   9.96700546E-05   2.85437182E-02   2.87677646E-02
         280          28   9.99405675E-05   2.43690331E-02   2.50464473E-02
         300          23   9.98381147E-05   2.06395052E-02   2.16591507E-02
         320          19   9.99694603E-05   1.73608940E-02   1.85508002E-02
         340          14   9.99393742E-05   1.45199560E-02   1.57327596E-02
         360          11   9.98643081E-05   1.20745413E-02   1.32204164E-02
         380          12   9.95202281E-05   1.00001283E-02   1.10238921E-02
         400          12   9.99936456E-05   8.27122573E-03   9.12771001E-03
         420          12   9.98195173E-05   6.83306297E-03   7.52244517E-03
         440           7   9.98213800E-05   5.65402210E-03   6.18128339E-03
         460           6   9.97581083E-05   4.67770454E-03   5.07099228E-03
         480           6   9.99458935E-05   3.87310516E-03   4.15971642E-03
         500           4   9.99793265E-05   3.21273366E-03   3.41746584E-03
         520           1   9.97269453E-05   2.66697560E-03   2.81375390E-03
         540           5   9.98690230E-05   2.20846198E-03   2.32241931E-03
         560           1   9.99018885E-05   1.83927733E-03   1.92025059E-03
         580           3   9.99255135E-05   1.52719673E-03   1.59257324E-03
         600           4   9.97744064E-05   1.26951700E-03   1.32308435E-03
         620           1   9.93356007E-05   1.05913565E-03   1.10014260E-03
         640           4   9.98410978E-05   8.78570834E-04   9.16502438E-04
         660           1   9.96596573E-05   7.35840644E-04   7.63318269E-04
         680           3   9.97261232E-05   6.09231531E-04   6.36655255E-04
         700           1   9.93818976E-05   5.09739097E-04   5.30730467E-04
         707           1   9.96073431E-05   4.77791124E-04   4.97901114E-04
 Solver: fs        , Convection scheme: uds       
 RE=   1000.00000     , N=          16
 Selected Time scheme:            2
 DT=   4.68750000E-02
 Wall-clock time (s):   0.562693000    
Note: The following floating-point exceptions are signalling: IEEE_UNDERFLOW_FLAG
