 DT=?
          20        1473   9.99859330E-05   3.05802608       1.35608029    
          40         616   9.99807235E-05   1.79708242      0.960548520    
          60         404   9.99787080E-05   1.30258811      0.856100261    
          80         315   9.99555341E-05   1.05200124      0.814194441    
         100         272   9.99759650E-05  0.928855598      0.787654281    
         120         247   9.99137119E-05  0.874624491      0.766935706    
         140         229   9.99779149E-05  0.849201500      0.751091838    
         160         216   9.99444819E-05  0.835526347      0.738263965    
         180         208   9.99526019E-05  0.825080395      0.727280378    
         200         200   9.98820833E-05  0.815584660      0.716970921    
         220         192   9.99941767E-05  0.805437565      0.706433892    
         240         187   9.99110343E-05  0.794847488      0.695580304    
         260         181   9.99106196E-05  0.782966256      0.684289336    
         280         176   9.99629628E-05  0.770385802      0.672473848    
         300         170   9.99850454E-05  0.756720781      0.660435200    
         320         166   9.99817421E-05  0.742026925      0.647977352    
         340         160   9.99757176E-05  0.726568580      0.635012746    
         360         157   9.99580734E-05  0.710376084      0.621834993    
         380         152   9.99084659E-05  0.693536401      0.608359694    
         400         148   9.99680924E-05  0.676132739      0.594654679    
         420         142   9.99964905E-05  0.658164561      0.580624223    
         440         138   9.99133117E-05  0.639696479      0.566680968    
         460         136   9.99035619E-05  0.620799065      0.552812576    
         480         130   9.99887416E-05  0.601475000      0.539034724    
         500         127   9.98877949E-05  0.581775367      0.525308251    
         520         123   9.99300391E-05  0.561995447      0.511883855    
         540         119   9.99452750E-05  0.542060256      0.498601556    
         560         115   9.99792901E-05  0.522028267      0.485661983    
         580         111   9.99824479E-05  0.502195656      0.472768754    
         600         107   9.99248950E-05  0.482583880      0.460080504    
         620         104   9.98989344E-05  0.463167191      0.447293192    
         640         100   9.99170006E-05  0.444237202      0.434434861    
         660          95   9.99717740E-05  0.425605953      0.421419382    
         680          91   9.99149197E-05  0.407471478      0.408211380    
         700          88   9.98670221E-05  0.389641613      0.394799918    
         720          84   9.99950717E-05  0.372420281      0.381185651    
         740          80   9.99091208E-05  0.355575860      0.367393941    
         760          76   9.99871845E-05  0.339337945      0.353490233    
         780          74   9.99152689E-05  0.323590130      0.339512855    
         800          71   9.99012991E-05  0.308364779      0.325600445    
         820          67   9.99854674E-05  0.293792158      0.311672300    
         840          64   9.99101685E-05  0.279757142      0.297946274    
         860          61   9.99455660E-05  0.266222984      0.284395099    
         880          57   9.99757831E-05  0.253168106      0.271054417    
         900          55   9.99902040E-05  0.240702033      0.258036226    
         920          53   9.99136537E-05  0.228702620      0.245322555    
         940          51   9.98671894E-05  0.217183545      0.232964501    
         960          48   9.99699841E-05  0.206099883      0.221048787    
         980          46   9.99938202E-05  0.195460275      0.209574223    
        1000          44   9.99362601E-05  0.185262233      0.198541418    
        1020          40   9.99797048E-05  0.175503016      0.188008368    
        1040          40   9.99840486E-05  0.166159421      0.177985042    
        1060          39   9.98601390E-05  0.157258853      0.168454394    
        1080          36   9.98933756E-05  0.148808807      0.159384981    
        1100          34   9.99877884E-05  0.140782088      0.150791347    
        1120          33   9.99908298E-05  0.133146226      0.142667413    
        1140          33   9.98759788E-05  0.125890017      0.134999439    
        1160          31   9.99426193E-05  0.119022146      0.127740338    
        1180          29   9.99052063E-05  0.112484232      0.120883651    
        1200          28   9.99360127E-05  0.106269680      0.114395678    
        1220          25   9.99836484E-05  0.100362018      0.108251251    
        1240          24   9.99534968E-05   9.47229713E-02  0.102430359    
        1260          23   9.99239855E-05   8.93480405E-02   9.69100744E-02
        1280          23   9.99686745E-05   8.42212439E-02   9.16636214E-02
        1300          22   9.99413460E-05   7.93313533E-02   8.66768360E-02
        1320          21   9.99552940E-05   7.46778771E-02   8.19247887E-02
        1340          19   9.99128169E-05   7.02534467E-02   7.73925036E-02
        1360          18   9.99918630E-05   6.60536364E-02   7.30656534E-02
        1380          18   9.99955955E-05   6.20536879E-02   6.89417720E-02
        1400          16   9.99815893E-05   5.82775846E-02   6.50017485E-02
        1420          15   9.99984841E-05   5.47052547E-02   6.12391680E-02
        1440          15   9.99577605E-05   5.13314083E-02   5.76567091E-02
        1460          15   9.99965923E-05   4.81634289E-02   5.42401262E-02
        1480          14   9.99699332E-05   4.51860875E-02   5.09859920E-02
        1500          13   9.99503318E-05   4.23958451E-02   4.78942357E-02
        1520          13   9.99024924E-05   3.97705548E-02   4.49614562E-02
        1540          12   9.99125259E-05   3.73125449E-02   4.21834588E-02
        1560          12   9.99347321E-05   3.50104086E-02   3.95577326E-02
        1580          11   9.99877084E-05   3.28584090E-02   3.70794609E-02
        1600          10   9.98920659E-05   3.08352821E-02   3.47493850E-02
        1620           9   9.99257027E-05   2.89482698E-02   3.25599872E-02
        1640           9   9.98765245E-05   2.71776896E-02   3.05102486E-02
        1660           9   9.99910480E-05   2.55271774E-02   2.85930764E-02
        1680           9   9.99008334E-05   2.39830520E-02   2.68041659E-02
        1700           7   9.99531403E-05   2.25578863E-02   2.51381844E-02
        1720           7   9.99779732E-05   2.12287270E-02   2.35901196E-02
        1740           7   9.99577387E-05   1.99900325E-02   2.21556965E-02
        1760           5   9.99970871E-05   1.88568551E-02   2.08177175E-02
        1780           6   9.98860341E-05   1.77869331E-02   1.95839461E-02
        1800           7   9.99354452E-05   1.67958122E-02   1.84398759E-02
        1820           6   9.99299446E-05   1.58801563E-02   1.73771121E-02
        1840           6   9.98809119E-05   1.50168315E-02   1.63907558E-02
        1860           5   9.99523982E-05   1.42141115E-02   1.54732168E-02
        1880           5   9.99282493E-05   1.34458216E-02   1.46184703E-02
        1900           5   9.99502008E-05   1.27242347E-02   1.38205700E-02
        1920           3   9.99879776E-05   1.20443748E-02   1.30754495E-02
        1940           4   9.99357508E-05   1.13841863E-02   1.23774419E-02
        1960           4   9.99813856E-05   1.07640624E-02   1.17202429E-02
        1980           4   9.98994074E-05   1.01749618E-02   1.11024333E-02
        2000           3   9.98856121E-05   9.61561594E-03   1.05172954E-02
        2020           5   9.99263139E-05   9.08254925E-03   9.96491127E-03
        2040           3   9.99871045E-05   8.59017204E-03   9.43900738E-03
        2060           4   9.98937103E-05   8.10422655E-03   8.94314516E-03
        2080           3   9.98969408E-05   7.66135007E-03   8.46985076E-03
        2100           3   9.99124677E-05   7.23606395E-03   8.02097842E-03
        2120           3   9.99053300E-05   6.83903275E-03   7.59501895E-03
        2140           3   9.98959804E-05   6.46934612E-03   7.19028153E-03
        2160           3   9.99254262E-05   6.13560528E-03   6.80554193E-03
        2180           4   9.98871910E-05   5.82741061E-03   6.44028373E-03
        2200           3   9.99124677E-05   5.54375956E-03   6.09374512E-03
        2220           3   9.99592376E-05   5.27848583E-03   5.76539477E-03
        2240           2   9.99946642E-05   5.02565596E-03   5.45668928E-03
        2260           2   9.98854739E-05   4.78606764E-03   5.16474945E-03
        2280           3   9.98891555E-05   4.55667637E-03   4.88836737E-03
        2300           1   9.98959658E-05   4.34266776E-03   4.62702708E-03
        2320           2   9.99570329E-05   4.13789274E-03   4.38196212E-03
        2340           2   9.99402328E-05   3.94525379E-03   4.15294385E-03
        2360           2   9.99900076E-05   3.76206473E-03   3.93479923E-03
        2380           2   9.99097319E-05   3.58746620E-03   3.73308407E-03
        2400           1   9.99137410E-05   3.42011219E-03   3.54166422E-03
        2420           1   9.98865653E-05   3.26250005E-03   3.36248009E-03
        2440           2   9.99858312E-05   3.11305840E-03   3.19458428E-03
        2460           1   9.99793192E-05   2.97128269E-03   3.03606549E-03
        2480           1   9.99461408E-05   2.83485232E-03   2.88852677E-03
        2500           1   9.98734686E-05   2.70371558E-03   2.74987612E-03
        2520           1   9.97645984E-05   2.58188881E-03   2.61892448E-03
        2540           1   9.93215435E-05   2.46392377E-03   2.49690679E-03
        2560           1   9.85711231E-05   2.35245237E-03   2.38568918E-03
        2580           1   9.68379536E-05   2.25115195E-03   2.28223437E-03
        2600           1   9.35026328E-05   2.15967256E-03   2.19463464E-03
        2620           1   8.88174109E-05   2.07855180E-03   2.12272792E-03
        2640           1   8.35865067E-05   2.00637430E-03   2.05682428E-03
        2660           1   7.87887111E-05   1.93847471E-03   1.99256861E-03
        2680           1   7.50979452E-05   1.86883262E-03   1.92565506E-03
        2700           1   7.27417500E-05   1.80179346E-03   1.85277860E-03
        2720           1   7.15105271E-05   1.73737388E-03   1.77511689E-03
        2740           1   7.06978826E-05   1.67823629E-03   1.69762992E-03
        2760           1   6.96153584E-05   1.62395206E-03   1.62425439E-03
        2780           1   6.78112119E-05   1.57336518E-03   1.56163669E-03
        2800           1   6.52639428E-05   1.52373360E-03   1.50728610E-03
        2820           1   6.23428277E-05   1.47549971E-03   1.45595591E-03
        2840           1   5.94688790E-05   1.42668176E-03   1.40905927E-03
        2860           1   5.70057055E-05   1.37920550E-03   1.36312912E-03
        2880           1   5.50188743E-05   1.33482157E-03   1.31722144E-03
        2900           1   5.34751925E-05   1.29111367E-03   1.27247919E-03
        2920           1   5.21765614E-05   1.24666968E-03   1.22841180E-03
        2940           1   5.09645361E-05   1.20170764E-03   1.18461077E-03
        2960           1   4.96723151E-05   1.15676085E-03   1.14450674E-03
        2980           1   4.83471704E-05   1.11257203E-03   1.10693986E-03
        3000           1   4.68604485E-05   1.07307476E-03   1.07342179E-03
        3020           1   4.52870481E-05   1.03619799E-03   1.04011025E-03
        3040           1   4.36834416E-05   1.00120949E-03   1.00801908E-03
        3060           1   4.21450313E-05   9.72328940E-04   9.74827039E-04
        3080           1   4.07004227E-05   9.44144151E-04   9.40079975E-04
        3100           1   3.93123009E-05   9.17540689E-04   9.06469068E-04
        3120           1   3.79736193E-05   8.91479896E-04   8.72981094E-04
        3140           1   3.67005196E-05   8.63287831E-04   8.44139140E-04
        3160           1   3.55572156E-05   8.37670639E-04   8.17046792E-04
        3180           1   3.45442422E-05   8.12770566E-04   7.93313724E-04
        3200           1   3.36647900E-05   7.86707213E-04   7.69536709E-04
        3220           1   3.28754650E-05   7.61279953E-04   7.46718317E-04
        3240           1   3.20494146E-05   7.38394912E-04   7.23555335E-04
        3260           1   3.12076518E-05   7.15898932E-04   7.02229969E-04
        3280           1   3.03024426E-05   6.93721115E-04   6.81598904E-04
        3300           1   2.93787907E-05   6.73852512E-04   6.59912766E-04
        3320           1   2.84879625E-05   6.52758870E-04   6.40888582E-04
        3340           1   2.76257560E-05   6.30804105E-04   6.23807078E-04
        3360           1   2.68326421E-05   6.12138072E-04   6.05648907E-04
        3380           1   2.60238594E-05   5.91777032E-04   5.88079449E-04
        3400           1   2.52400623E-05   5.72290737E-04   5.70980599E-04
        3420           1   2.43853065E-05   5.55361214E-04   5.56135084E-04
        3440           1   2.35370917E-05   5.37958345E-04   5.40327688E-04
        3460           1   2.26927332E-05   5.19696623E-04   5.23072202E-04
        3480           1   2.19367303E-05   5.05736447E-04   5.07444318E-04
        3490           1   2.15755354E-05   4.99283778E-04   4.98294772E-04
 Solver: fs        , Convection scheme: uds       
 RE=   1000.00000     , N=          64
 Selected Time scheme:            1
 DT=   1.40624996E-02
 Wall-clock time (s):    43.7563362    
Note: The following floating-point exceptions are signalling: IEEE_UNDERFLOW_FLAG
