 NTRANS, N, DT=?
          20         226   9.95598821E-05  0.316062659      0.283643961    
          40         127   9.96150120E-05  0.213405430      0.200881749    
          60         104   9.98528267E-05  0.146910906      0.141987845    
          80          80   9.94632137E-05   9.45501179E-02   9.54785645E-02
         100          59   9.99001641E-05   5.54741807E-02   5.96557148E-02
         120          41   9.95680020E-05   3.05559635E-02   3.38309109E-02
         140          28   9.88481188E-05   1.65102109E-02   1.80109534E-02
         160          17   9.85119477E-05   8.99649505E-03   9.52486321E-03
         180          11   9.84836079E-05   4.93854890E-03   5.15988236E-03
         200           5   9.90361368E-05   2.74096429E-03   2.84588966E-03
         220           4   9.90305634E-05   1.51088496E-03   1.58140296E-03
         240           1   9.95672526E-05   8.48306634E-04   8.79500527E-04
         260           1   9.93660869E-05   4.67730337E-04   4.87412908E-04
         260           1   9.93660869E-05   4.67730337E-04   4.87412908E-04
 Solver: fs        , Convection scheme: uds       
 RE=   1000.00000     , N=          16
 Selected Time scheme:            1
 DT=  0.150000006    
 Wall-clock time (s):   0.242388010    
