 NTRANS, DT=?
          20         474   9.99983386E-05   3.18313336       1.43199754    
          40         215   9.99914337E-05   1.95504045       1.08984137    
          60         222   9.99943659E-05   1.52133083       1.05909812    
          80         335   9.99727927E-05   1.33624375       1.07180691    
         100         395   9.99207914E-05   1.28646946       1.08232605    
         120         225   9.99347540E-05   1.28340733       1.07426059    
         140         219   9.99045587E-05   1.28991866       1.06730723    
         160         134   9.98757823E-05   1.29090488       1.05830908    
         180         164   9.99560652E-05   1.28444052       1.04679525    
         200         229   9.99704644E-05   1.26598012       1.03164601    
         220         303   9.99078839E-05   1.23869467       1.01432574    
         240         389   9.99673139E-05   1.20747662      0.996384680    
         260         384   9.99739204E-05   1.17312157      0.975374520    
         280         381   9.99815747E-05   1.13667583      0.952524722    
         300         376   9.99762415E-05   1.10025620      0.929356575    
         320         363   9.99341501E-05   1.06373703      0.905511498    
         340         356   9.99929835E-05   1.02818966      0.881700933    
         360         349   9.98894538E-05  0.993273735      0.857990861    
         380         349   9.99263575E-05  0.959390402      0.834905088    
         400         338   9.99391050E-05  0.926979005      0.811893642    
         420         330   9.99492840E-05  0.895574927      0.789656758    
         440         327   9.99162585E-05  0.865714192      0.767889142    
         460         320   9.99466502E-05  0.836768270      0.746646047    
         480         312   9.99536423E-05  0.808520973      0.726238966    
         500         306   9.99381518E-05  0.781336546      0.706363022    
         520         300   9.99600452E-05  0.754799128      0.687448621    
         540         293   9.99751574E-05  0.728818417      0.669388056    
         560         283   9.99106560E-05  0.703965366      0.651808143    
         580         281   9.99687181E-05  0.679158211      0.634751499    
         600         278   9.99634576E-05  0.655535340      0.618172050    
         620         274   9.99176991E-05  0.632313132      0.601605415    
         640         272   9.99717013E-05  0.610070884      0.585340798    
         660         264   9.99745171E-05  0.588266551      0.568846226    
         680         264   9.99123949E-05  0.567565084      0.552445829    
         700         259   9.98877658E-05  0.547394872      0.535804570    
         720         254   9.98950491E-05  0.528028965      0.519228578    
         740         247   9.99121330E-05  0.509408832      0.502472878    
         760         229   9.98658797E-05  0.491392016      0.485725731    
         780         224   9.99565964E-05  0.474084884      0.469116241    
         800         218   9.98923497E-05  0.457456559      0.452610910    
         820         211   9.99597323E-05  0.441302449      0.436386466    
         840         198   9.99351469E-05  0.425809294      0.420314193    
         860         193   9.99471595E-05  0.410954058      0.404622674    
         880         192   9.98951873E-05  0.396565199      0.389442831    
         900         184   9.99088516E-05  0.382654428      0.374656916    
         920         174   9.99874974E-05  0.369264215      0.360158890    
         940         167   9.99978874E-05  0.356279403      0.346325189    
         960         160   9.99882395E-05  0.343770683      0.333001673    
         980         157   9.99104159E-05  0.331457824      0.320202500    
        1000         154   9.99979602E-05  0.319412351      0.307880312    
        1020         148   9.99783369E-05  0.307575554      0.295964181    
        1040         143   9.99227777E-05  0.295906156      0.284433305    
        1060         139   9.98722317E-05  0.284411758      0.273341805    
        1080         134   9.99520853E-05  0.273106307      0.262559265    
        1100         136   9.99086915E-05  0.261844605      0.252104849    
        1120         130   9.99176264E-05  0.250726283      0.241850227    
        1140         122   9.98851174E-05  0.239809170      0.231779844    
        1160         116   9.98749892E-05  0.229032233      0.221920818    
        1180         111   9.99599433E-05  0.218436763      0.212229401    
        1200         103   9.99467738E-05  0.208100602      0.202694952    
        1220          99   9.99019903E-05  0.197997078      0.193375990    
        1240          92   9.99066906E-05  0.188162461      0.184231535    
        1260          95   9.98672476E-05  0.178603828      0.175340816    
        1280          88   9.98540854E-05  0.169404805      0.166639924    
        1300          88   9.99164113E-05  0.160543114      0.158202261    
        1320          78   9.98743781E-05  0.152067825      0.150007457    
        1340          76   9.98774849E-05  0.143970460      0.142130390    
        1360          69   9.99189651E-05  0.136266768      0.134559676    
        1380          62   9.99777403E-05  0.128930360      0.127343148    
        1400          59   9.98883916E-05  0.121942282      0.120520331    
        1420          56   9.99641925E-05  0.115301438      0.114073619    
        1440          52   9.98883916E-05  0.108986765      0.107980423    
        1460          55   9.98655960E-05  0.102950081      0.102253564    
        1480          53   9.98335090E-05   9.72440839E-02   9.68171582E-02
        1500          51   9.98690521E-05   9.18249860E-02   9.16835591E-02
        1520          42   9.99707918E-05   8.67081285E-02   8.67700130E-02
        1540          41   9.98609903E-05   8.17687660E-02   8.21290314E-02
        1560          37   9.99600234E-05   7.71035776E-02   7.76995793E-02
        1580          34   9.99730546E-05   7.26293921E-02   7.35108554E-02
        1600          32   9.99421609E-05   6.83652312E-02   6.95213303E-02
        1620          32   9.99691474E-05   6.43151328E-02   6.57273829E-02
        1640          33   9.98638279E-05   6.04539141E-02   6.20969757E-02
        1660          29   9.99591430E-05   5.68120219E-02   5.85693941E-02
        1680          24   9.99135955E-05   5.33883385E-02   5.52094504E-02
        1700          22   9.99093318E-05   5.01470938E-02   5.20158894E-02
        1720          24   9.99291078E-05   4.70694676E-02   4.89750206E-02
        1740          21   9.98486430E-05   4.42045145E-02   4.60653156E-02
        1760          22   9.99419426E-05   4.14853282E-02   4.33208831E-02
        1780          23   9.98139731E-05   3.89265120E-02   4.07253988E-02
        1800          19   9.99862095E-05   3.65633629E-02   3.82605270E-02
        1820          18   9.98090545E-05   3.43259014E-02   3.59562673E-02
        1840          14   9.98957912E-05   3.22650485E-02   3.37910950E-02
        1860          19   9.99702897E-05   3.02916858E-02   3.18051279E-02
        1880          14   9.99725671E-05   2.85107084E-02   2.99297180E-02
        1900          12   9.98105024E-05   2.68385187E-02   2.81981286E-02
        1920           6   9.99583644E-05   2.52893940E-02   2.65305322E-02
        1940           2   9.99845870E-05   2.38221195E-02   2.49605179E-02
        1960           3   9.99659460E-05   2.24326309E-02   2.35349312E-02
        1980           7   9.98756586E-05   2.11118776E-02   2.22243536E-02
        2000           6   9.99721742E-05   1.98891982E-02   2.09722612E-02
        2020           4   9.99004696E-05   1.87692940E-02   1.98220033E-02
        2040           5   9.98620235E-05   1.76781323E-02   1.87379997E-02
        2060           9   9.99236509E-05   1.66349970E-02   1.77248213E-02
        2080          10   9.98416435E-05   1.56605542E-02   1.67648140E-02
        2100           7   9.98307150E-05   1.47401709E-02   1.58289000E-02
        2120           7   9.98297037E-05   1.38721261E-02   1.49501860E-02
        2140           6   9.99471085E-05   1.30570848E-02   1.41055984E-02
        2160           8   9.99989206E-05   1.22777224E-02   1.33098466E-02
        2180           5   9.98658943E-05   1.15725584E-02   1.25429975E-02
        2200           3   9.99477488E-05   1.08602801E-02   1.17757451E-02
        2220           5   9.99460535E-05   1.01735778E-02   1.10630356E-02
        2240           2   9.98984760E-05   9.57176462E-03   1.04046594E-02
        2260           7   9.98530595E-05   8.99202190E-03   9.80645977E-03
        2280           6   9.98368268E-05   8.48513935E-03   9.24060959E-03
        2300           3   9.99229742E-05   8.01470969E-03   8.69282242E-03
        2320           4   9.98436517E-05   7.55640725E-03   8.17839056E-03
        2340           3   9.99448021E-05   7.13595748E-03   7.69777829E-03
        2360           5   9.98807955E-05   6.75473781E-03   7.27156736E-03
        2380           2   9.99003023E-05   6.41265558E-03   6.86201872E-03
        2400           1   9.99577533E-05   6.06273953E-03   6.45486591E-03
        2420           3   9.99756376E-05   5.74055361E-03   6.09744154E-03
        2440           2   9.99897384E-05   5.44245355E-03   5.76594612E-03
        2460           4   9.99695403E-05   5.16732223E-03   5.46821672E-03
        2480           1   9.99821568E-05   4.90094908E-03   5.16644074E-03
        2500           1   9.98432879E-05   4.63352911E-03   4.89901658E-03
        2520           3   9.99585391E-05   4.38693352E-03   4.65857098E-03
        2540           2   9.99593394E-05   4.16507386E-03   4.43837931E-03
        2560           1   9.96895324E-05   3.93201970E-03   4.21787985E-03
        2580           2   9.98522228E-05   3.71698802E-03   4.01085010E-03
        2600           1   9.98064934E-05   3.51887383E-03   3.82043980E-03
        2620           1   9.99335898E-05   3.33176390E-03   3.63376504E-03
        2640           2   9.99138938E-05   3.14437272E-03   3.45732877E-03
        2660           1   9.97970928E-05   2.98753055E-03   3.29584815E-03
        2680           1   9.99999247E-05   2.84154201E-03   3.13635659E-03
        2700           2   9.98406031E-05   2.69635557E-03   2.97813420E-03
        2720           2   9.99158947E-05   2.56668660E-03   2.82112439E-03
        2740           2   9.99595431E-05   2.44318205E-03   2.67437776E-03
        2760           2   9.99193726E-05   2.33237143E-03   2.53284560E-03
        2780           2   9.98858086E-05   2.22619832E-03   2.40004389E-03
        2800           1   9.99471522E-05   2.13187933E-03   2.27987627E-03
        2820           1   9.99163894E-05   2.03974708E-03   2.16611568E-03
        2840           1   9.98408286E-05   1.94317789E-03   2.04525585E-03
        2860           1   9.96943199E-05   1.86214899E-03   1.94203982E-03
        2880           1   9.92571586E-05   1.78307819E-03   1.85159082E-03
        2900           1   9.88239044E-05   1.71682471E-03   1.77435891E-03
        2920           1   9.70546971E-05   1.65520830E-03   1.69939478E-03
        2940           1   9.38491357E-05   1.59926363E-03   1.64215046E-03
        2960           1   8.98819853E-05   1.56249944E-03   1.60630012E-03
        2980           1   8.60071377E-05   1.52226037E-03   1.56971160E-03
        3000           1   8.25518073E-05   1.45645638E-03   1.50168350E-03
        3020           1   8.01296701E-05   1.39897433E-03   1.44309725E-03
        3040           1   7.88310645E-05   1.34575099E-03   1.37140136E-03
        3060           1   7.80305490E-05   1.29831058E-03   1.32046745E-03
        3080           1   7.68601021E-05   1.26906182E-03   1.27731427E-03
        3100           1   7.49330065E-05   1.22393947E-03   1.22846547E-03
        3120           1   7.26449362E-05   1.18727703E-03   1.18795398E-03
        3140           1   7.04704289E-05   1.16027810E-03   1.16372539E-03
        3160           1   6.88853179E-05   1.14706322E-03   1.15588657E-03
        3180           1   6.74922558E-05   1.11921655E-03   1.12611335E-03
        3200           1   6.61050508E-05   1.07671879E-03   1.06709683E-03
        3220           1   6.48790883E-05   1.04106776E-03   1.02322130E-03
        3240           1   6.35808101E-05   1.02833239E-03   1.00422162E-03
        3260           1   6.23069136E-05   1.02903834E-03   1.00081426E-03
        3280           1   6.11393771E-05   1.02027424E-03   9.95384529E-04
        3300           1   6.00585263E-05   1.00022694E-03   9.76671465E-04
        3320           1   5.93622935E-05   9.80312820E-04   9.63199069E-04
        3340           1   5.86108399E-05   9.54374380E-04   9.33838193E-04
        3360           1   5.78381769E-05   9.24840744E-04   9.06137051E-04
        3380           1   5.67802781E-05   8.90455034E-04   8.77884275E-04
        3400           1   5.56449486E-05   8.74081277E-04   8.62185087E-04
        3420           1   5.43415736E-05   8.71905766E-04   8.59180640E-04
        3440           1   5.30539292E-05   8.57850770E-04   8.38559936E-04
        3460           1   5.20391804E-05   8.36527732E-04   8.08311335E-04
        3480           1   5.14722997E-05   8.36350548E-04   7.97487679E-04
        3500           1   5.11715407E-05   8.42303736E-04   7.96896871E-04
        3520           1   5.07263576E-05   8.35969578E-04   7.80069793E-04
        3540           1   5.00427996E-05   8.17871536E-04   7.57804664E-04
        3560           1   4.91759893E-05   8.13517370E-04   7.48934341E-04
        3580           1   4.79458467E-05   7.95046159E-04   7.29061896E-04
        3600           1   4.69388870E-05   7.78652611E-04   7.14502705E-04
        3620           1   4.61804921E-05   7.75039021E-04   7.20150652E-04
        3640           1   4.60216907E-05   7.76635832E-04   7.28880113E-04
        3660           1   4.58087270E-05   7.77475070E-04   7.42705422E-04
        3680           1   4.54024776E-05   7.65120552E-04   7.35732436E-04
        3700           1   4.48909523E-05   7.48504535E-04   7.21508171E-04
        3720           1   4.40704898E-05   7.36644201E-04   7.04331440E-04
        3740           1   4.34508875E-05   7.26531318E-04   7.12287147E-04
        3760           1   4.24268728E-05   7.06439256E-04   6.90219342E-04
        3780           1   4.13263297E-05   6.86374318E-04   6.73822418E-04
        3800           1   4.04948551E-05   6.62266451E-04   6.51002105E-04
        3820           1   3.96956930E-05   6.45681052E-04   6.30865630E-04
        3840           1   3.91008398E-05   6.29863353E-04   6.11083233E-04
        3860           1   3.86999345E-05   6.24093052E-04   6.00467029E-04
        3880           1   3.82782928E-05   6.24200446E-04   5.90161129E-04
        3900           1   3.78955410E-05   6.19002094E-04   5.76808001E-04
        3920           1   3.73293951E-05   6.11571886E-04   5.61039371E-04
        3940           1   3.69429108E-05   6.01402426E-04   5.46993164E-04
        3960           1   3.65849774E-05   5.98385697E-04   5.45322080E-04
        3980           1   3.61679304E-05   5.92405675E-04   5.52095240E-04
        4000           1   3.56626842E-05   5.92868950E-04   5.49048709E-04
        4020           1   3.50267510E-05   5.79360523E-04   5.52078534E-04
        4040           1   3.43566790E-05   5.63329435E-04   5.38392924E-04
        4060           1   3.37599304E-05   5.48107375E-04   5.29541168E-04
        4080           1   3.32632007E-05   5.33371000E-04   5.15949272E-04
        4100           1   3.30460134E-05   5.29309385E-04   5.14574815E-04
        4120           1   3.29680297E-05   5.38634136E-04   5.22927614E-04
        4140           1   3.30705188E-05   5.49298536E-04   5.36804786E-04
        4160           1   3.24807770E-05   5.35304367E-04   5.17258828E-04
        4180           1   3.15882608E-05   5.07662189E-04   4.73496824E-04
        4190           1   3.12892807E-05   4.99560789E-04   4.66355443E-04
 Solver: fs        , Convection scheme: quick     
 RE=   1000.00000     , N=          64
 Selected Time scheme:            2
 DT=   1.49999997E-02
 Wall-clock time (s):    58.0563660    
Note: The following floating-point exceptions are signalling: IEEE_UNDERFLOW_FLAG
