 DT=?
          20         343   9.97656680E-05  0.285153508      0.254231334    
          40         300   9.98566902E-05  0.201418564      0.186304346    
          60         185   9.98631804E-05  0.149061561      0.139823794    
          80         116   9.97780517E-05  0.106872492      0.103387013    
         100          87   9.98711694E-05   7.25600123E-02   7.33050331E-02
         120          96   9.99563999E-05   4.62427661E-02   4.93614599E-02
         140          78   9.98802716E-05   2.82007139E-02   3.09788622E-02
         160          54   9.99105687E-05   1.69201531E-02   1.84865911E-02
         180          31   9.97468887E-05   1.01787765E-02   1.08487289E-02
         200          17   9.96551244E-05   6.15235604E-03   6.43207133E-03
         220          12   9.97354946E-05   3.73794697E-03   3.87472380E-03
         240           8   9.99169206E-05   2.28226371E-03   2.36147549E-03
         260           4   9.99153781E-05   1.39655673E-03   1.44528318E-03
         280           4   9.99636759E-05   8.52446072E-04   8.85905698E-04
         300           1   9.96176968E-05   5.21499489E-04   5.41957095E-04
         304           4   9.97649986E-05   4.68717830E-04   4.91669402E-04
 Solver: fs        , Convection scheme: uds       
 RE=   1000.00000     , N=          16
 Selected Time scheme:            2
 DT=  0.125000000    
 Wall-clock time (s):   0.722582996    
Note: The following floating-point exceptions are signalling: IEEE_UNDERFLOW_FLAG
