 DT=?
          20          91   9.99600597E-05  0.142534494       6.70520514E-02
          40          95   9.99745971E-05  0.107481688       5.74853383E-02
          60          92   9.98904434E-05   8.66270810E-02   5.14389575E-02
          80          83   9.99571930E-05   6.63682818E-02   4.74041961E-02
         100          75   9.99717959E-05   5.30893207E-02   4.33498099E-02
         120          63   9.99219337E-05   4.32360098E-02   3.88030522E-02
         140          45   9.96897943E-05   3.82835194E-02   3.46544757E-02
         160          36   9.97072348E-05   3.45554277E-02   3.14387381E-02
         180          32   9.98122487E-05   3.27622667E-02   2.93792710E-02
         200          30   9.99864569E-05   3.10610328E-02   2.82685868E-02
         220          23   9.99709664E-05   2.95942836E-02   2.72864401E-02
         240          17   9.96482922E-05   2.85888948E-02   2.63190903E-02
         260          17   9.98766773E-05   2.75663193E-02   2.54361629E-02
         280          15   9.98074902E-05   2.65120473E-02   2.46040113E-02
         300           9   9.98115793E-05   2.55655106E-02   2.37176418E-02
         320           9   9.97170209E-05   2.47012787E-02   2.28924472E-02
         340          13   9.97461684E-05   2.38258671E-02   2.21029427E-02
         360          10   9.98764226E-05   2.29493883E-02   2.13245805E-02
         380           9   9.97316747E-05   2.20868476E-02   2.06154753E-02
         400          13   9.95885493E-05   2.12633032E-02   1.99236143E-02
         420           6   9.97586903E-05   2.05329657E-02   1.92306582E-02
         440           7   9.99628610E-05   1.98139884E-02   1.85601544E-02
         460           6   9.97668249E-05   1.91063788E-02   1.79097913E-02
         480           7   9.98241885E-05   1.83986183E-02   1.73133444E-02
         500           4   9.97589013E-05   1.76936202E-02   1.67301614E-02
         520           4   9.97248426E-05   1.70045681E-02   1.61427688E-02
         540           6   9.95115333E-05   1.63192172E-02   1.55747775E-02
         560           5   9.95620649E-05   1.56692937E-02   1.50002018E-02
         580           9   9.95397422E-05   1.50213158E-02   1.44473361E-02
         600           5   9.97414318E-05   1.44184083E-02   1.38965752E-02
         620           4   9.96119852E-05   1.38166128E-02   1.33650256E-02
         640           3   9.96676245E-05   1.32297995E-02   1.28506999E-02
         660           1   9.98459655E-05   1.26608796E-02   1.23468600E-02
         680           4   9.97169482E-05   1.20951785E-02   1.18605848E-02
         700           2   9.96231756E-05   1.15513438E-02   1.13830455E-02
         720           8   9.96768431E-05   1.10051772E-02   1.09208869E-02
         740           4   9.98298710E-05   1.04957344E-02   1.04610659E-02
         760           3   9.98545293E-05   9.99256410E-03   1.00097191E-02
         780           5   9.96563685E-05   9.49880481E-03   9.57480725E-03
         800          10   9.95718801E-05   9.01122950E-03   9.15182754E-03
         820           5   9.95686933E-05   8.55581556E-03   8.73684883E-03
         840           6   9.98808682E-05   8.10999051E-03   8.34157504E-03
         860           7   9.96802337E-05   7.67988758E-03   7.95466825E-03
         880           9   9.98014730E-05   7.26106809E-03   7.58450897E-03
         900           4   9.96851595E-05   6.87291054E-03   7.21513433E-03
         920           5   9.96339732E-05   6.49031252E-03   6.86181011E-03
         940           3   9.95585433E-05   6.12989068E-03   6.51843380E-03
         960           5   9.94881775E-05   5.77981165E-03   6.18567085E-03
         980           6   9.95231167E-05   5.44668920E-03   5.86214475E-03
        1000           2   9.98759351E-05   5.14086569E-03   5.54731721E-03
        1020           2   9.97355819E-05   4.83942544E-03   5.24734845E-03
        1040           4   9.94818838E-05   4.55003558E-03   4.95903101E-03
        1060           3   9.95814262E-05   4.28102072E-03   4.68051201E-03
        1080           3   9.98005562E-05   4.02587652E-03   4.41330858E-03
        1100           4   9.95413284E-05   3.77999432E-03   4.15928941E-03
        1120           4   9.97316674E-05   3.55150108E-03   3.91594134E-03
        1140           3   9.95958471E-05   3.33639700E-03   3.68409744E-03
        1160           2   9.96407543E-05   3.13521596E-03   3.46275838E-03
        1180           1   9.91567867E-05   2.94362288E-03   3.25280800E-03
        1200           1   9.98391188E-05   2.76642432E-03   3.05289961E-03
        1220           2   9.97363313E-05   2.59460369E-03   2.86450540E-03
        1240           3   9.95801311E-05   2.43263738E-03   2.68671010E-03
        1260           1   9.97054012E-05   2.28681811E-03   2.51897518E-03
        1280           1   9.98694886E-05   2.14767735E-03   2.36100331E-03
        1300           1   9.95633891E-05   2.01486191E-03   2.21165665E-03
        1320           1   9.90497720E-05   1.89047179E-03   2.07157177E-03
        1340           1   9.91031629E-05   1.77544414E-03   1.93982362E-03
        1360           1   9.99767799E-05   1.66828162E-03   1.81664131E-03
        1380           2   9.97857860E-05   1.56380399E-03   1.70089584E-03
        1400           1   9.99542535E-05   1.47104776E-03   1.59268966E-03
        1420           1   9.91557463E-05   1.37971516E-03   1.49117387E-03
        1440           1   9.90725530E-05   1.29647693E-03   1.39644044E-03
        1460           1   9.78902681E-05   1.21820846E-03   1.30791729E-03
        1480           1   9.80035256E-05   1.14438008E-03   1.22522842E-03
        1500           1   9.33829870E-05   1.07387104E-03   1.14903203E-03
        1520           1   8.48923955E-05   1.00963074E-03   1.07919704E-03
        1540           1   7.79846741E-05   9.50544374E-04   1.01258152E-03
        1560           1   7.52546694E-05   8.94227414E-04   9.48021770E-04
        1580           1   7.34457062E-05   8.40744353E-04   8.88633251E-04
        1600           1   6.87050342E-05   7.90817954E-04   8.34934239E-04
        1620           1   6.26535693E-05   7.44477031E-04   7.84853066E-04
        1640           1   5.88445509E-05   7.01024139E-04   7.38083269E-04
        1660           1   5.71208438E-05   6.59270561E-04   6.93122391E-04
        1680           1   5.49217875E-05   6.20234234E-04   6.51524984E-04
        1700           1   5.09231031E-05   5.84515859E-04   6.13051001E-04
        1720           1   4.67798527E-05   5.50907920E-04   5.75800426E-04
        1740           1   4.42880155E-05   5.18716173E-04   5.41167450E-04
        1760           1   4.26624465E-05   4.87901969E-04   5.09062433E-04
        1767           1   4.20177130E-05   4.77777736E-04   4.98663285E-04
 Solver: fs        , Convection scheme: uds       
 RE=   1000.00000     , N=          16
 Selected Time scheme:            2
 DT=   1.56250000E-02
 Wall-clock time (s):   0.350582987    
Note: The following floating-point exceptions are signalling: IEEE_UNDERFLOW_FLAG
