 NTRANS, N, DT=?
          20        2953   9.99991025E-05   8.04594994       3.23582006    
          40        1094   9.99942931E-05   5.17097282       2.16705227    
          60         642   9.99969343E-05   3.96788454       1.77486074    
          80         462   9.99968688E-05   3.27144694       1.56958890    
         100         369   9.99950644E-05   2.80465293       1.45111418    
         120         315   9.99803888E-05   2.46981025       1.38274634    
         140         281   9.99816330E-05   2.21820998       1.34376287    
         160         258   9.99619151E-05   2.02295542       1.32156706    
         180         241   9.99890326E-05   1.87038636       1.30932462    
         200         230   9.99759941E-05   1.75191367       1.30249596    
         220         220   9.99677795E-05   1.66114104       1.29783702    
         240         211   9.99667536E-05   1.59341860       1.29382586    
         260         203   9.99946860E-05   1.54618382       1.28945482    
         280         197   9.99709810E-05   1.51363301       1.28449512    
         300         190   9.99759504E-05   1.49209142       1.27888656    
         320         185   9.99753029E-05   1.47772896       1.27320254    
         340         179   9.99846161E-05   1.46847820       1.26741838    
         360         174   9.99655822E-05   1.46238267       1.26168823    
         380         169   9.99687400E-05   1.45848858       1.25618970    
         400         166   9.99864642E-05   1.45610547       1.25143766    
         420         163   9.99566837E-05   1.45421588       1.24734902    
         440         160   9.99878685E-05   1.45264268       1.24352407    
         460         157   9.99557014E-05   1.45106125       1.23978519    
         480         154   9.99975164E-05   1.44899476       1.23610759    
         500         152   9.99927652E-05   1.44628084       1.23236179    
         520         150   9.99705808E-05   1.44315886       1.22821069    
         540         149   9.99741751E-05   1.43958735       1.22385800    
         560         147   9.99596741E-05   1.43562365       1.21924579    
         580         145   9.99774784E-05   1.43110073       1.21422887    
         600         142   9.99903132E-05   1.42602360       1.20895481    
         620         140   9.99782569E-05   1.42030740       1.20351791    
         640         139   9.99754920E-05   1.41407943       1.19769633    
         660         137   9.99926633E-05   1.40734923       1.19172025    
         680         135   9.99825788E-05   1.40009117       1.18551362    
         700         133   9.99868062E-05   1.39238119       1.17902780    
         720         131   9.99921467E-05   1.38422167       1.17244577    
         740         129   9.99701078E-05   1.37560642       1.16565871    
         760         128   9.99822078E-05   1.36669064       1.15866160    
         780         126   9.99794720E-05   1.35737133       1.15151036    
         800         125   9.99996482E-05   1.34778178       1.14419055    
         820         124   9.99934564E-05   1.33790183       1.13673472    
         840         122   9.99688564E-05   1.32768345       1.12915134    
         860         121   9.99665717E-05   1.31725812       1.12142766    
         880         118   9.99879121E-05   1.30651820       1.11352170    
         900         117   9.99776967E-05   1.29557550       1.10557604    
         920         117   9.99857657E-05   1.28439379       1.09747052    
         940         114   9.99847107E-05   1.27309787       1.08925068    
         960         114   9.99858239E-05   1.26163089       1.08095717    
         980         113   9.99787808E-05   1.24987423       1.07260370    
        1000         112   9.99767217E-05   1.23800325       1.06415200    
        1020         110   9.99796757E-05   1.22598171       1.05561626    
        1040         109   9.99818003E-05   1.21385038       1.04702425    
        1060         107   9.99889744E-05   1.20157588       1.03840947    
        1080         107   9.99727927E-05   1.18910587       1.02977657    
        1100         105   9.99693220E-05   1.17664671       1.02108884    
        1120         103   9.99867552E-05   1.16405535       1.01238847    
        1140         102   9.99748445E-05   1.15134728       1.00370204    
        1160         102   9.99896147E-05   1.13854694      0.995026827    
        1180         101   9.99971089E-05   1.12567687      0.986368060    
        1200         100   9.99785480E-05   1.11268926      0.977764010    
        1220          98   9.99668118E-05   1.09969568      0.969128251    
        1240          96   9.99945551E-05   1.08662152      0.960562527    
        1260          97   9.99804324E-05   1.07342553      0.951976120    
        1280          95   9.99775657E-05   1.06028914      0.943495810    
        1300          93   9.99570984E-05   1.04704452      0.934961915    
        1320          92   9.99784170E-05   1.03382564      0.926558137    
        1340          91   9.99721378E-05   1.02057409      0.918142021    
        1360          89   9.99954063E-05   1.00732994      0.909822941    
        1380          89   9.99768963E-05  0.994089961      0.901516855    
        1400          87   9.99956465E-05  0.980861664      0.893249333    
        1420          88   9.99820622E-05  0.967678189      0.885051489    
        1440          87   9.99584372E-05  0.954510093      0.876885533    
        1460          85   9.99885524E-05  0.941455841      0.868750811    
        1480          84   9.99842159E-05  0.928412497      0.860655367    
        1500          82   9.99822150E-05  0.915495157      0.852620363    
        1520          81   9.99954354E-05  0.902619183      0.844587922    
        1540          80   9.99969561E-05  0.889871359      0.836619139    
        1560          80   9.99873228E-05  0.877207875      0.828621387    
        1580          78   9.99818731E-05  0.864666462      0.820667624    
        1600          77   9.99752956E-05  0.852237463      0.812684298    
        1620          76   9.99825934E-05  0.839893341      0.804727912    
        1640          76   9.99858239E-05  0.827736914      0.796736479    
        1660          73   9.99836702E-05  0.815661967      0.788712621    
        1680          72   9.99940457E-05  0.803747773      0.780674696    
        1700          71   9.99924523E-05  0.791950643      0.772593856    
        1720          71   9.99982076E-05  0.780270338      0.764510632    
        1740          70   9.99725526E-05  0.768750727      0.756346405    
        1760          68   9.99887052E-05  0.757331252      0.748165488    
        1780          67   9.99802578E-05  0.746100783      0.739924312    
        1800          67   9.99751501E-05  0.734976828      0.731679440    
        1820          67   9.99730109E-05  0.723969579      0.723366857    
        1840          64   9.99760014E-05  0.713182271      0.715016961    
        1860          65   9.99558324E-05  0.702464879      0.706651807    
        1880          62   9.99699332E-05  0.691908836      0.698237062    
        1900          62   9.99783442E-05  0.681512713      0.689833820    
        1920          62   9.99695840E-05  0.671234727      0.681379557    
        1940          60   9.99717959E-05  0.661110818      0.672917128    
        1960          59   9.99727054E-05  0.651126623      0.664438844    
        1980          58   9.99827898E-05  0.641308486      0.655949712    
        2000          57   9.99960030E-05  0.631595373      0.647460222    
        2020          56   9.99794211E-05  0.622019827      0.638978958    
        2040          55   9.99708282E-05  0.612608254      0.630470574    
        2060          56   9.99604672E-05  0.603312671      0.622015476    
        2080          54   9.99698896E-05  0.594137430      0.613542557    
        2100          53   9.99874101E-05  0.585116267      0.605078101    
        2120          52   9.99974072E-05  0.576224327      0.596657991    
        2140          52   9.99612312E-05  0.567428112      0.588253915    
        2160          51   9.99824115E-05  0.558756948      0.579834104    
        2180          49   9.99974436E-05  0.550212383      0.571475148    
        2200          50   9.99711629E-05  0.541776001      0.563122869    
        2220          49   9.99837066E-05  0.533450961      0.554797828    
        2240          47   9.99836775E-05  0.525232553      0.546496987    
        2260          47   9.99588883E-05  0.517084420      0.538259268    
        2280          45   9.99985714E-05  0.509066463      0.530021667    
        2300          46   9.99763288E-05  0.501127839      0.521872818    
        2320          44   9.99660115E-05  0.493304014      0.513768613    
        2340          43   9.99759359E-05  0.485560507      0.505707264    
        2360          43   9.99743424E-05  0.477904677      0.497715861    
        2380          42   9.99821714E-05  0.470334291      0.489788830    
        2400          42   9.99638869E-05  0.462847561      0.481948316    
        2420          42   9.99749682E-05  0.455460608      0.474162489    
        2440          41   9.99711046E-05  0.448159993      0.466447562    
        2460          40   9.99655385E-05  0.440940142      0.458832145    
        2480          40   9.99666445E-05  0.433798641      0.451306820    
        2500          39   9.99769545E-05  0.426756710      0.443838000    
        2520          37   9.99757613E-05  0.419790924      0.436464727    
        2540          38   9.99896292E-05  0.412904352      0.429203093    
        2560          36   9.99623298E-05  0.406113416      0.422022164    
        2580          36   9.99610347E-05  0.399400532      0.414943516    
        2600          35   9.99963158E-05  0.392784148      0.407946199    
        2620          35   9.99660188E-05  0.386240035      0.401066095    
        2640          36   9.99650292E-05  0.379790515      0.394281626    
        2660          33   9.99868353E-05  0.373436600      0.387589604    
        2680          34   9.99681070E-05  0.367145479      0.381019861    
        2700          33   9.99675613E-05  0.360957474      0.374530762    
        2720          32   9.99778422E-05  0.354858428      0.368140191    
        2740          31   9.99856275E-05  0.348834693      0.361860961    
        2760          31   9.99771146E-05  0.342883915      0.355693489    
        2780          29   9.99932890E-05  0.337025583      0.349618226    
        2800          31   9.99788099E-05  0.331235290      0.343658417    
        2820          29   9.99941549E-05  0.325542063      0.337781072    
        2840          30   9.99875847E-05  0.319908053      0.332017690    
        2860          29   9.99632975E-05  0.314355224      0.326352566    
        2880          28   9.99895929E-05  0.308878660      0.320766658    
        2900          29   9.99841868E-05  0.303463876      0.315289557    
        2920          28   9.99818003E-05  0.298130214      0.309900910    
        2940          27   9.99879339E-05  0.292863965      0.304609537    
        2960          26   9.99958502E-05  0.287665755      0.299400836    
        2980          26   9.99938857E-05  0.282525212      0.294285238    
        3000          26   9.99805998E-05  0.277453661      0.289251268    
        3020          27   9.99842596E-05  0.272431642      0.284303010    
        3040          26   9.99864278E-05  0.267483711      0.279422700    
        3060          25   9.99879921E-05  0.262595594      0.274627686    
        3080          24   9.99743352E-05  0.257765770      0.269902706    
        3100          24   9.99635668E-05  0.252987534      0.265253693    
        3120          23   9.99982003E-05  0.248275638      0.260663658    
        3140          24   9.99955882E-05  0.243601784      0.256157130    
        3160          23   9.99851691E-05  0.238993391      0.251711994    
        3180          23   9.99576587E-05  0.234425157      0.247338712    
        3200          23   9.99836484E-05  0.229922429      0.243022099    
        3220          23   9.99855183E-05  0.225472435      0.238773391    
        3240          22   9.99778931E-05  0.221072599      0.234575450    
        3260          23   9.99673939E-05  0.216710404      0.230437279    
        3280          21   9.99935583E-05  0.212432548      0.226334736    
        3300          21   9.99645854E-05  0.208178908      0.222301736    
        3320          21   9.99638723E-05  0.203983232      0.218319371    
        3340          20   9.99919284E-05  0.199853480      0.214374423    
        3360          21   9.99608383E-05  0.195754886      0.210491732    
        3380          19   9.99894692E-05  0.191743210      0.206634507    
        3400          19   9.99618715E-05  0.187757030      0.202835485    
        3420          20   9.99918193E-05  0.183830008      0.199078947    
        3440          19   9.99874537E-05  0.179969057      0.195362717    
        3460          19   9.99691110E-05  0.176148430      0.191690713    
        3480          17   9.99737822E-05  0.172410011      0.188047945    
        3500          18   9.99787080E-05  0.168705821      0.184457406    
        3520          18   9.99846961E-05  0.165068865      0.180902332    
        3540          17   9.99877593E-05  0.161503911      0.177386761    
        3560          18   9.99728945E-05  0.157979190      0.173916548    
        3580          17   9.99599215E-05  0.154526502      0.170478687    
        3600          15   9.99965632E-05  0.151158839      0.167072475    
        3620          15   9.99839831E-05  0.147823036      0.163719222    
        3640          16   9.99936747E-05  0.144549459      0.160405189    
        3660          15   9.99683325E-05  0.141352966      0.157123879    
        3680          14   9.99909025E-05  0.138222337      0.153881922    
        3700          14   9.99708645E-05  0.135143325      0.150683820    
        3720          14   9.99825206E-05  0.132134959      0.147528350    
        3740          13   9.99941913E-05  0.129189491      0.144404352    
        3760          13   9.99937838E-05  0.126303956      0.141330153    
        3780          13   9.99884869E-05  0.123471662      0.138293922    
        3800          13   9.99609838E-05  0.120702997      0.135303885    
        3820          14   9.99690019E-05  0.117996387      0.132355824    
        3840          14   9.99628610E-05  0.115345336      0.129447058    
        3860          12   9.99907716E-05  0.112767138      0.126578197    
        3880          12   9.99809272E-05  0.110227376      0.123759933    
        3900          14   9.99675030E-05  0.107734233      0.120986424    
        3920          11   9.99884069E-05  0.105314389      0.118253835    
        3940          11   9.99631447E-05  0.102933191      0.115575336    
        3960          11   9.99697877E-05  0.100605935      0.112938784    
        3980          11   9.99897748E-05   9.83272418E-02  0.110350169    
        4000          11   9.99949698E-05   9.60954428E-02  0.107812114    
        4020          11   9.99979384E-05   9.39169601E-02  0.105315395    
        4040          12   9.99762415E-05   9.17695090E-02  0.102875330    
        4060           9   9.99902841E-05   8.96922201E-02  0.100473210    
        4080          10   9.99858821E-05   8.76402035E-02   9.81320664E-02
        4100          10   9.99851181E-05   8.56377706E-02   9.58373845E-02
        4120           9   9.99855474E-05   8.36803690E-02   9.35929492E-02
        4140          10   9.99813637E-05   8.17614049E-02   9.14042667E-02
        4160          10   9.99976983E-05   7.98972398E-02   8.92661661E-02
        4180          10   9.99862168E-05   7.80683830E-02   8.71776566E-02
        4200          10   9.99977274E-05   7.62885287E-02   8.51439834E-02
        4220           9   9.99700205E-05   7.45480508E-02   8.31584185E-02
        4240          10   9.99658732E-05   7.28502125E-02   8.12234357E-02
        4260           8   9.99992335E-05   7.12060779E-02   7.93356448E-02
        4280           9   9.99858166E-05   6.95877969E-02   7.74991289E-02
        4300           9   9.99917320E-05   6.80178776E-02   7.57117048E-02
        4320           9   9.99765980E-05   6.64885119E-02   7.39731118E-02
        4340           9   9.99867480E-05   6.49998114E-02   7.22753033E-02
        4360           9   9.99723998E-05   6.35521337E-02   7.06265792E-02
        4380           8   9.99739714E-05   6.21555299E-02   6.90213516E-02
        4400           8   9.99930344E-05   6.07896745E-02   6.74565285E-02
        4420           7   9.99679323E-05   5.94642945E-02   6.59319311E-02
        4440           9   9.99818658E-05   5.81676029E-02   6.44515306E-02
        4460           8   9.99853801E-05   5.69161400E-02   6.30091429E-02
        4480           8   9.99894910E-05   5.56944981E-02   6.16094731E-02
        4500           8   9.99817566E-05   5.45105040E-02   6.02457896E-02
        4520           7   9.99950644E-05   5.33591285E-02   5.89172095E-02
        4540           7   9.99757322E-05   5.22350520E-02   5.76293878E-02
        4560           8   9.99810291E-05   5.11393696E-02   5.63751608E-02
        4580           6   9.99826007E-05   5.00803515E-02   5.51517010E-02
        4600           7   9.99736876E-05   4.90377471E-02   5.39657846E-02
        4620           7   9.99859185E-05   4.80262786E-02   5.28078042E-02
        4640           7   9.99724507E-05   4.70409095E-02   5.16870171E-02
        4660           6   9.99670519E-05   4.60781381E-02   5.05905636E-02
        4680           6   9.99845070E-05   4.51365188E-02   4.95283790E-02
        4700           7   9.99922922E-05   4.42171283E-02   4.84927446E-02
        4720           5   9.99837575E-05   4.33207192E-02   4.74866405E-02
        4740           6   9.99905751E-05   4.24364917E-02   4.65125293E-02
        4760           5   9.99966069E-05   4.15775403E-02   4.55553047E-02
        4780           6   9.99867698E-05   4.07246724E-02   4.46363352E-02
        4800           5   9.99994954E-05   3.99007685E-02   4.37308997E-02
        4820           6   9.99876283E-05   3.90865356E-02   4.28550914E-02
        4840           6   9.99756812E-05   3.82821485E-02   4.20023985E-02
        4860           5   9.99746262E-05   3.75056118E-02   4.11690846E-02
        4880           5   9.99677359E-05   3.67377996E-02   4.03561480E-02
        4900           4   9.99971307E-05   3.59915346E-02   3.95629965E-02
        4920           5   9.99665936E-05   3.52441892E-02   3.87914218E-02
        4940           4   9.99999611E-05   3.45191285E-02   3.80356386E-02
        4960           6   9.99679469E-05   3.37957963E-02   3.73029709E-02
        4980           4   9.99946860E-05   3.30962539E-02   3.65773626E-02
        5000           3   9.99997501E-05   3.24112996E-02   3.58695574E-02
        5020           5   9.99740732E-05   3.17192823E-02   3.51804271E-02
        5040           4   9.99825425E-05   3.10539622E-02   3.45029496E-02
        5060           4   9.99961485E-05   3.04025039E-02   3.38322408E-02
        5080           4   9.99665572E-05   2.97540464E-02   3.31797525E-02
        5100           3   9.99982294E-05   2.91301776E-02   3.25361751E-02
        5120           4   9.99795084E-05   2.85034813E-02   3.19024585E-02
        5140           3   9.99984259E-05   2.79048495E-02   3.12785842E-02
        5160           3   9.99972326E-05   2.73019336E-02   3.06666419E-02
        5180           4   9.99685217E-05   2.67102532E-02   3.00666913E-02
        5200           3   9.99801705E-05   2.61482187E-02   2.94745415E-02
        5220           5   9.99610711E-05   2.55757309E-02   2.88915802E-02
        5240           3   9.99874901E-05   2.50406526E-02   2.83134878E-02
        5260           3   9.99878248E-05   2.45037526E-02   2.77491491E-02
        5280           3   9.99723125E-05   2.39765141E-02   2.71895342E-02
        5300           4   9.99696276E-05   2.34617554E-02   2.66400464E-02
        5320           4   9.99922486E-05   2.29643732E-02   2.60983184E-02
        5340           3   9.99976182E-05   2.24777311E-02   2.55686156E-02
        5360           4   9.99781478E-05   2.19926052E-02   2.50470340E-02
        5380           5   9.99712502E-05   2.15299465E-02   2.45321356E-02
        5400           3   9.99806143E-05   2.10858975E-02   2.40234341E-02
        5420           3   9.99842377E-05   2.06433088E-02   2.35251859E-02
        5440           2   9.99899421E-05   2.02212837E-02   2.30328720E-02
        5460           3   9.99687763E-05   1.97990313E-02   2.25534625E-02
        5480           3   9.99936601E-05   1.93965752E-02   2.20799576E-02
        5500           4   9.99873882E-05   1.90053545E-02   2.16134172E-02
        5520           2   9.99981858E-05   1.86272860E-02   2.11513974E-02
        5540           4   9.99747717E-05   1.82476714E-02   2.07022093E-02
        5560           2   9.99893964E-05   1.78935081E-02   2.02616341E-02
        5580           1   9.99987096E-05   1.75493211E-02   1.98318921E-02
        5600           3   9.99956392E-05   1.72071792E-02   1.94075163E-02
        5620           4   9.99727199E-05   1.68739371E-02   1.89935155E-02
        5640           3   9.99692274E-05   1.65563673E-02   1.85851064E-02
        5660           2   9.99710755E-05   1.62443239E-02   1.81850567E-02
        5680           3   9.99631884E-05   1.59368739E-02   1.78000294E-02
        5700           3   9.99857657E-05   1.56405363E-02   1.74200293E-02
        5720           2   9.99863405E-05   1.53487613E-02   1.70469768E-02
        5740           2   9.99667172E-05   1.50640402E-02   1.66814793E-02
        5760           2   9.99981203E-05   1.47892237E-02   1.63271483E-02
        5780           2   9.99903568E-05   1.45158358E-02   1.59823280E-02
        5800           3   9.99753975E-05   1.42521057E-02   1.56441666E-02
        5820           3   9.99924159E-05   1.39976246E-02   1.53148947E-02
        5840           2   9.99726908E-05   1.37482937E-02   1.49949165E-02
        5860           3   9.99833210E-05   1.35050248E-02   1.46830985E-02
        5880           2   9.99881959E-05   1.32714771E-02   1.43787665E-02
        5900           2   9.99729018E-05   1.30354539E-02   1.40833305E-02
        5920           2   9.99920085E-05   1.28185051E-02   1.37963891E-02
        5940           2   9.99778567E-05   1.26064504E-02   1.35160061E-02
        5960           2   9.99845361E-05   1.24023724E-02   1.32478671E-02
        5980           1   9.99983386E-05   1.22020692E-02   1.29834116E-02
        6000           3   9.99670810E-05   1.20114433E-02   1.27273900E-02
        6020           1   9.99821423E-05   1.18274149E-02   1.24789244E-02
        6040           2   9.99722979E-05   1.16415052E-02   1.22389169E-02
        6060           2   9.99945332E-05   1.14621064E-02   1.20049408E-02
        6080           1   9.99928525E-05   1.12868799E-02   1.17823267E-02
        6100           2   9.99847543E-05   1.11168185E-02   1.15630645E-02
        6120           2   9.99881959E-05   1.09434426E-02   1.13519635E-02
        6140           2   9.99776312E-05   1.07791685E-02   1.11443000E-02
        6160           2   9.99848926E-05   1.06153600E-02   1.09473299E-02
        6180           1   9.99947879E-05   1.04527790E-02   1.07551124E-02
        6200           1   9.99809345E-05   1.02931876E-02   1.05646700E-02
        6220           2   9.99645417E-05   1.01352129E-02   1.03868283E-02
        6240           2   9.99629701E-05   9.97814070E-03   1.02096070E-02
        6260           2   9.99598051E-05   9.82814562E-03   1.00376401E-02
        6280           2   9.99768235E-05   9.67912935E-03   9.87043418E-03
        6300           1   9.99754848E-05   9.52904206E-03   9.70861688E-03
        6320           2   9.99710901E-05   9.38390940E-03   9.55073629E-03
        6340           2   9.99572512E-05   9.23720282E-03   9.40184575E-03
        6360           1   9.99859112E-05   9.09144524E-03   9.25162900E-03
        6380           2   9.99742697E-05   8.94934498E-03   9.10656992E-03
        6400           1   9.99765034E-05   8.81576259E-03   8.96429922E-03
        6420           2   9.99579424E-05   8.67004506E-03   8.82615242E-03
        6440           1   9.99891199E-05   8.53961986E-03   8.69270694E-03
        6460           1   9.99913245E-05   8.40123557E-03   8.55986029E-03
        6480           1   9.99500044E-05   8.26571789E-03   8.43486376E-03
        6500           1   9.99730764E-05   8.13893881E-03   8.30443390E-03
        6520           1   9.99684053E-05   8.00970197E-03   8.18089303E-03
        6540           1   9.99921249E-05   7.88328238E-03   8.05876404E-03
        6560           1   9.99978729E-05   7.75673753E-03   7.93532003E-03
        6580           1   9.99754775E-05   7.63271423E-03   7.81922787E-03
        6600           1   9.99628173E-05   7.50799570E-03   7.70355435E-03
        6620           2   9.99688273E-05   7.39115058E-03   7.58890714E-03
        6640           1   9.99711847E-05   7.27131637E-03   7.47736590E-03
        6660           2   9.99623662E-05   7.15470780E-03   7.36246258E-03
        6680           1   9.99663243E-05   7.04253418E-03   7.25366641E-03
        6700           1   9.99499534E-05   6.93337526E-03   7.14526745E-03
        6720           1   9.99479453E-05   6.82168268E-03   7.03778304E-03
        6740           1   9.99776603E-05   6.71885489E-03   6.93315640E-03
        6760           2   9.99708500E-05   6.60965312E-03   6.82982430E-03
        6780           1   9.99923359E-05   6.51206356E-03   6.72344677E-03
        6800           1   9.99599797E-05   6.40886836E-03   6.62395358E-03
        6820           1   9.99180629E-05   6.31296262E-03   6.52231928E-03
        6840           1   9.99265030E-05   6.21587364E-03   6.42084144E-03
        6860           1   9.98435135E-05   6.12371555E-03   6.32059760E-03
        6880           1   9.98027899E-05   6.03124825E-03   6.22541690E-03
        6900           1   9.98814139E-05   5.94413234E-03   6.12978404E-03
        6920           1   9.98945543E-05   5.85500617E-03   6.03337213E-03
        6940           1   9.96911476E-05   5.77171845E-03   5.94102312E-03
        6960           1   9.91898632E-05   5.68647822E-03   5.84989414E-03
        6980           1   9.83350692E-05   5.60795981E-03   5.76383062E-03
        7000           1   9.71899790E-05   5.53477788E-03   5.68515575E-03
        7020           1   9.57085431E-05   5.46502788E-03   5.60653163E-03
        7040           1   9.39795718E-05   5.40167512E-03   5.53120347E-03
        7060           1   9.20938983E-05   5.33713540E-03   5.46637457E-03
        7080           1   9.01202729E-05   5.27517032E-03   5.39601920E-03
        7100           1   8.81396700E-05   5.21530351E-03   5.33463527E-03
        7120           1   8.62951638E-05   5.15643088E-03   5.26866131E-03
        7140           1   8.45862014E-05   5.09644812E-03   5.20137837E-03
        7160           1   8.30876525E-05   5.04014594E-03   5.13279252E-03
        7180           1   8.18780318E-05   4.97769751E-03   5.06374007E-03
        7200           1   8.09765261E-05   4.91367094E-03   4.98933671E-03
        7220           1   8.03613075E-05   4.85644443E-03   4.91578411E-03
        7240           1   7.99948393E-05   4.79758903E-03   4.84499009E-03
        7260           1   7.97998291E-05   4.74081235E-03   4.76390403E-03
        7280           1   7.96958266E-05   4.68329433E-03   4.69016982E-03
        7300           1   7.96075838E-05   4.63420292E-03   4.61423025E-03
        7320           1   7.94457592E-05   4.58453223E-03   4.54182224E-03
        7340           1   7.91299171E-05   4.53350507E-03   4.47293092E-03
        7360           1   7.86126620E-05   4.48166253E-03   4.40654298E-03
        7380           1   7.79157126E-05   4.43366077E-03   4.34449036E-03
        7400           1   7.69959661E-05   4.38205944E-03   4.28404426E-03
        7420           1   7.59121613E-05   4.33481904E-03   4.23411373E-03
        7440           1   7.47268205E-05   4.28428827E-03   4.18037828E-03
        7460           1   7.34510686E-05   4.23652586E-03   4.13444405E-03
        7480           1   7.21673932E-05   4.19159513E-03   4.08452190E-03
        7500           1   7.08980660E-05   4.13917191E-03   4.03815927E-03
        7520           1   6.96828210E-05   4.09339834E-03   3.99271632E-03
        7540           1   6.85717896E-05   4.04728949E-03   3.94462515E-03
        7560           1   6.75746051E-05   4.00176086E-03   3.89672583E-03
        7580           1   6.66879278E-05   3.95681895E-03   3.85117158E-03
        7600           1   6.59033685E-05   3.91088612E-03   3.80642433E-03
        7620           1   6.52589588E-05   3.86824342E-03   3.75879579E-03
        7640           1   6.46712288E-05   3.82196344E-03   3.71307624E-03
        7660           1   6.41883453E-05   3.77359707E-03   3.66625795E-03
        7680           1   6.37736157E-05   3.73009476E-03   3.62027157E-03
        7700           1   6.33730233E-05   3.68227647E-03   3.57888080E-03
        7720           1   6.29919014E-05   3.63347749E-03   3.53462878E-03
        7740           1   6.25965477E-05   3.58767877E-03   3.49084497E-03
        7760           1   6.21652507E-05   3.54155549E-03   3.45058017E-03
        7780           1   6.16633042E-05   3.49607039E-03   3.41299782E-03
        7800           1   6.11064170E-05   3.44865117E-03   3.37623991E-03
        7820           1   6.04620473E-05   3.40564130E-03   3.34183848E-03
        7840           1   5.97571016E-05   3.36838560E-03   3.30749061E-03
        7860           1   5.89707233E-05   3.33151058E-03   3.27427522E-03
        7880           1   5.81460226E-05   3.29645700E-03   3.24164471E-03
        7900           1   5.73127327E-05   3.26454220E-03   3.20929312E-03
        7920           1   5.64968977E-05   3.23302066E-03   3.17867659E-03
        7940           1   5.56984960E-05   3.20481346E-03   3.14253801E-03
        7960           1   5.49253091E-05   3.17537715E-03   3.10611678E-03
        7980           1   5.41836307E-05   3.14433430E-03   3.07152420E-03
        8000           1   5.35034742E-05   3.11198737E-03   3.03699868E-03
        8020           1   5.28829769E-05   3.08220345E-03   2.99781305E-03
        8040           1   5.23278795E-05   3.05565144E-03   2.96316901E-03
        8060           1   5.18396373E-05   3.02388496E-03   2.92668003E-03
        8080           1   5.13946725E-05   2.98946467E-03   2.89239362E-03
        8100           1   5.10047976E-05   2.95852264E-03   2.86348001E-03
        8120           1   5.06041324E-05   2.92826490E-03   2.83531891E-03
        8140           1   5.02302209E-05   2.89630890E-03   2.80642835E-03
        8160           1   4.98715381E-05   2.86342925E-03   2.77815550E-03
        8180           1   4.95235654E-05   2.83251656E-03   2.75350153E-03
        8200           1   4.91493483E-05   2.80331634E-03   2.73114396E-03
        8220           1   4.87493198E-05   2.77279597E-03   2.70288344E-03
        8240           1   4.82822688E-05   2.74620880E-03   2.67925998E-03
        8260           1   4.77936628E-05   2.71386933E-03   2.65824189E-03
        8280           1   4.72838656E-05   2.68397108E-03   2.63487105E-03
        8300           1   4.67420432E-05   2.65574432E-03   2.60950485E-03
        8320           1   4.61979616E-05   2.62819044E-03   2.58550560E-03
        8340           1   4.56579910E-05   2.60428991E-03   2.56341067E-03
        8360           1   4.50847547E-05   2.57930858E-03   2.54119514E-03
        8380           1   4.45558253E-05   2.55099614E-03   2.51508504E-03
        8400           1   4.40579606E-05   2.52747955E-03   2.48891138E-03
        8420           1   4.35843540E-05   2.50362838E-03   2.46734009E-03
        8440           1   4.31745793E-05   2.47857231E-03   2.44381325E-03
        8460           1   4.27947416E-05   2.45443545E-03   2.41966872E-03
        8480           1   4.24474201E-05   2.43118918E-03   2.39204988E-03
        8500           1   4.21425539E-05   2.40489491E-03   2.36821128E-03
        8520           1   4.18541786E-05   2.38132058E-03   2.34248093E-03
        8540           1   4.15761751E-05   2.35720887E-03   2.31906818E-03
        8560           1   4.12800982E-05   2.33417354E-03   2.29301257E-03
        8580           1   4.09698878E-05   2.31103413E-03   2.27077655E-03
        8600           1   4.06087202E-05   2.29008519E-03   2.24537239E-03
        8620           1   4.02196456E-05   2.26713112E-03   2.22248281E-03
        8640           1   3.97736003E-05   2.24553444E-03   2.19920278E-03
        8660           1   3.93001174E-05   2.22443929E-03   2.17684824E-03
        8680           1   3.88208100E-05   2.20038113E-03   2.15396821E-03
        8700           1   3.83058505E-05   2.17926991E-03   2.13644537E-03
        8720           1   3.78019431E-05   2.15865998E-03   2.11569667E-03
        8740           1   3.73218900E-05   2.13490357E-03   2.09255284E-03
        8760           1   3.68512701E-05   2.11330596E-03   2.07613851E-03
        8780           1   3.64061925E-05   2.09427066E-03   2.05303961E-03
        8800           1   3.60306585E-05   2.07398064E-03   2.03447114E-03
        8820           1   3.56736236E-05   2.04975042E-03   2.01226491E-03
        8840           1   3.53818687E-05   2.03308789E-03   1.99076044E-03
        8860           1   3.51070339E-05   2.01444444E-03   1.96930929E-03
        8880           1   3.48276299E-05   1.99562451E-03   1.94904965E-03
        8900           1   3.45432927E-05   1.97928888E-03   1.92856742E-03
        8920           1   3.42861713E-05   1.95972621E-03   1.90942432E-03
        8940           1   3.40340957E-05   1.93959067E-03   1.88814919E-03
        8960           1   3.37472011E-05   1.92244793E-03   1.87138689E-03
        8980           1   3.34891301E-05   1.90591253E-03   1.85442239E-03
        9000           1   3.31929841E-05   1.88999623E-03   1.83715543E-03
        9020           1   3.29032373E-05   1.87311997E-03   1.82224961E-03
        9040           1   3.25647998E-05   1.85206346E-03   1.80155411E-03
        9060           1   3.22511587E-05   1.83342444E-03   1.78677321E-03
        9080           1   3.19346727E-05   1.81531918E-03   1.76899356E-03
        9100           1   3.16583828E-05   1.79562648E-03   1.75412209E-03
        9120           1   3.13634919E-05   1.78054872E-03   1.73862244E-03
        9140           1   3.11170443E-05   1.76049257E-03   1.72526157E-03
        9160           1   3.08424678E-05   1.73996249E-03   1.70534430E-03
        9180           1   3.05592839E-05   1.72792864E-03   1.69019494E-03
        9200           1   3.02985609E-05   1.71216414E-03   1.67525653E-03
        9220           1   3.00863230E-05   1.69767230E-03   1.66015280E-03
        9240           1   2.98530285E-05   1.68273109E-03   1.64430472E-03
        9260           1   2.96341586E-05   1.66971062E-03   1.62538816E-03
        9280           1   2.94258080E-05   1.65473449E-03   1.60940725E-03
        9300           1   2.91906963E-05   1.64202694E-03   1.59285753E-03
        9320           1   2.89654545E-05   1.62544055E-03   1.57475693E-03
        9340           1   2.87291077E-05   1.60962692E-03   1.56320352E-03
        9360           1   2.84838643E-05   1.59376254E-03   1.54778815E-03
        9380           1   2.82146593E-05   1.57781097E-03   1.53423625E-03
        9400           1   2.79258129E-05   1.56442844E-03   1.51869026E-03
        9420           1   2.76255050E-05   1.54764624E-03   1.50822266E-03
        9440           1   2.72983743E-05   1.53198815E-03   1.49233639E-03
        9460           1   2.69733046E-05   1.51375565E-03   1.47883594E-03
        9480           1   2.66579773E-05   1.49831804E-03   1.47042854E-03
        9500           1   2.63316088E-05   1.48431864E-03   1.45698607E-03
        9520           1   2.60389643E-05   1.47105777E-03   1.44603860E-03
        9540           1   2.57353040E-05   1.45287230E-03   1.43229635E-03
        9560           1   2.54392908E-05   1.44370203E-03   1.41996215E-03
        9580           1   2.51673191E-05   1.42870704E-03   1.40199007E-03
        9600           1   2.49545392E-05   1.41858705E-03   1.39351003E-03
        9620           1   2.47324097E-05   1.40457961E-03   1.37638219E-03
        9640           1   2.45119536E-05   1.39222771E-03   1.35997694E-03
        9660           1   2.42932474E-05   1.38357980E-03   1.34719873E-03
        9680           1   2.41457001E-05   1.37415121E-03   1.33340899E-03
        9700           1   2.40025820E-05   1.35864562E-03   1.31695217E-03
        9720           1   2.38406446E-05   1.34556124E-03   1.29934028E-03
        9740           1   2.36793076E-05   1.33510423E-03   1.28928781E-03
        9760           1   2.34977633E-05   1.32179644E-03   1.27291854E-03
        9780           1   2.33166538E-05   1.30904152E-03   1.25988864E-03
        9800           1   2.31006452E-05   1.30145811E-03   1.24938565E-03
        9820           1   2.28943427E-05   1.28401187E-03   1.23965659E-03
        9840           1   2.26747652E-05   1.27625687E-03   1.22944731E-03
        9860           1   2.24421383E-05   1.26028364E-03   1.21865573E-03
        9880           1   2.22103426E-05   1.24864164E-03   1.20782002E-03
        9900           1   2.19567319E-05   1.23869802E-03   1.20046746E-03
        9920           1   2.17210563E-05   1.22554123E-03   1.19121629E-03
        9940           1   2.14538195E-05   1.21697295E-03   1.18379516E-03
        9960           1   2.12406649E-05   1.20257051E-03   1.17146922E-03
        9980           1   2.10418293E-05   1.19123736E-03   1.16099475E-03
       10000           1   2.08344409E-05   1.18195859E-03   1.14964915E-03
       10020           1   2.06585428E-05   1.16996607E-03   1.14214350E-03
       10040           1   2.05242777E-05   1.15855481E-03   1.13213470E-03
       10060           1   2.03941399E-05   1.15014520E-03   1.12331437E-03
       10080           1   2.02660303E-05   1.13842392E-03   1.11278554E-03
       10100           1   2.01524563E-05   1.12461089E-03   1.10184867E-03
       10120           1   2.00395862E-05   1.11597485E-03   1.09572674E-03
       10140           1   1.99081333E-05   1.10221852E-03   1.08636776E-03
       10160           1   1.97788631E-05   1.09259447E-03   1.07578957E-03
       10180           1   1.96091132E-05   1.08222151E-03   1.06492091E-03
       10200           1   1.94485310E-05   1.07210118E-03   1.05800631E-03
       10220           1   1.92541120E-05   1.06717949E-03   1.04785652E-03
       10240           1   1.90383162E-05   1.05683331E-03   1.03827089E-03
       10260           1   1.88191589E-05   1.04600145E-03   1.03328342E-03
       10280           1   1.85834742E-05   1.04010408E-03   1.02364563E-03
       10300           1   1.83325792E-05   1.03138667E-03   1.01289805E-03
       10320           1   1.80745683E-05   1.02326449E-03   1.00655365E-03
       10340           1   1.78414666E-05   1.01539888E-03   9.99475131E-04
       10360           1   1.76345020E-05   1.00895844E-03   9.85248247E-04
       10380           1   1.74919987E-05   9.97899799E-04   9.77308839E-04
       10400           1   1.73337121E-05   9.91268083E-04   9.69782472E-04
       10420           1   1.71946867E-05   9.82640428E-04   9.58861317E-04
       10440           1   1.70809581E-05   9.74005612E-04   9.48048953E-04
       10460           1   1.70044968E-05   9.64873587E-04   9.34429700E-04
       10480           1   1.69183331E-05   9.60328034E-04   9.26876091E-04
       10500           1   1.68281731E-05   9.44869709E-04   9.18821082E-04
       10520           1   1.67492381E-05   9.41793609E-04   9.07193637E-04
       10540           1   1.66445716E-05   9.36342520E-04   8.97782505E-04
       10560           1   1.65592046E-05   9.29428148E-04   8.89109098E-04
       10580           1   1.64682824E-05   9.21656378E-04   8.80191277E-04
       10600           1   1.63424265E-05   9.10143892E-04   8.73634010E-04
       10620           1   1.61836815E-05   9.03571083E-04   8.65898270E-04
       10640           1   1.60182171E-05   8.94907222E-04   8.57975159E-04
       10660           1   1.58494404E-05   8.84912268E-04   8.55338702E-04
       10680           1   1.56623628E-05   8.79292726E-04   8.46696203E-04
       10700           1   1.54829286E-05   8.70026124E-04   8.39962915E-04
       10720           1   1.52929442E-05   8.59919819E-04   8.34149716E-04
       10740           1   1.51242939E-05   8.48914962E-04   8.29285942E-04
       10760           1   1.49629577E-05   8.38269247E-04   8.20407935E-04
       10780           1   1.47827195E-05   8.30402016E-04   8.14843574E-04
       10800           1   1.46269731E-05   8.22083734E-04   8.06241878E-04
       10820           1   1.44862315E-05   8.17434455E-04   8.03914387E-04
       10840           1   1.43561683E-05   8.07989214E-04   7.97103858E-04
       10860           1   1.42215949E-05   8.02990922E-04   7.86363438E-04
       10880           1   1.41111204E-05   7.92329607E-04   7.85763958E-04
       10900           1   1.40459279E-05   7.88008794E-04   7.73038482E-04
       10920           1   1.39816657E-05   7.79011636E-04   7.69694161E-04
       10940           1   1.38829328E-05   7.73052860E-04   7.60339899E-04
       10960           1   1.38004125E-05   7.67981401E-04   7.54897832E-04
       10980           1   1.37042307E-05   7.65348726E-04   7.47032347E-04
       11000           1   1.36059753E-05   7.55174900E-04   7.40439806E-04
       11020           1   1.34928414E-05   7.48842605E-04   7.32940738E-04
       11040           1   1.33933636E-05   7.42245174E-04   7.23377918E-04
       11060           1   1.32677096E-05   7.35433830E-04   7.18729629E-04
       11080           1   1.31458473E-05   7.31190084E-04   7.08517735E-04
       11100           1   1.30237795E-05   7.23311619E-04   7.03048019E-04
       11120           1   1.28696456E-05   7.20846525E-04   6.99500204E-04
       11140           1   1.27155918E-05   7.13313464E-04   6.93486771E-04
       11160           1   1.25401839E-05   7.09921995E-04   6.85062085E-04
       11180           1   1.23974160E-05   7.07115687E-04   6.79647725E-04
       11200           1   1.22544934E-05   6.97430340E-04   6.75671035E-04
       11220           1   1.21467638E-05   6.95848255E-04   6.71494927E-04
       11240           1   1.20545274E-05   6.84359227E-04   6.62098464E-04
       11260           1   1.19586994E-05   6.82781334E-04   6.55477168E-04
       11280           1   1.18789476E-05   6.72609371E-04   6.47941022E-04
       11300           1   1.18190546E-05   6.70471403E-04   6.47857960E-04
       11320           1   1.17719546E-05   6.62574894E-04   6.37648220E-04
       11340           1   1.17319460E-05   6.58349134E-04   6.30439958E-04
       11360           1   1.16876372E-05   6.50760601E-04   6.26626075E-04
       11380           1   1.16347210E-05   6.43428299E-04   6.22123771E-04
       11400           1   1.15844487E-05   6.38080353E-04   6.14157179E-04
       11420           1   1.14920340E-05   6.31271047E-04   6.09045848E-04
       11440           1   1.14048298E-05   6.28063513E-04   6.06318179E-04
       11460           1   1.13015103E-05   6.17084093E-04   5.98808459E-04
       11480           1   1.11811160E-05   6.12721662E-04   6.00541942E-04
       11500           1   1.10582969E-05   6.05820096E-04   5.93260338E-04
       11520           1   1.09390303E-05   6.02639222E-04   5.88157622E-04
       11540           1   1.08050554E-05   5.92826924E-04   5.84841124E-04
       11560           1   1.06669786E-05   5.92122553E-04   5.79586020E-04
       11580           1   1.05130985E-05   5.84472378E-04   5.73162164E-04
       11600           1   1.03729399E-05   5.79657091E-04   5.70605276E-04
       11620           1   1.02576350E-05   5.76673599E-04   5.64776768E-04
       11640           1   1.01527885E-05   5.68255666E-04   5.58011292E-04
       11660           1   1.00697252E-05   5.66740520E-04   5.53402817E-04
       11680           1   9.98834093E-06   5.60684304E-04   5.46688389E-04
       11700           1   9.91721208E-06   5.57280029E-04   5.41834161E-04
       11720           1   9.83150585E-06   5.49508666E-04   5.37737738E-04
       11740           1   9.76583124E-06   5.47141477E-04   5.32011385E-04
       11760           1   9.68409495E-06   5.43704780E-04   5.26762917E-04
       11780           1   9.60683974E-06   5.38864871E-04   5.21450129E-04
       11800           1   9.56508939E-06   5.35325438E-04   5.17507840E-04
       11820           1   9.50369758E-06   5.31170866E-04   5.11407910E-04
       11840           1   9.41827057E-06   5.29181794E-04   5.04059659E-04
       11860           1   9.33537649E-06   5.21016598E-04   5.01782750E-04
       11880           1   9.25442146E-06   5.15146181E-04   4.98468231E-04
       11900           1   9.17343914E-06   5.12779457E-04   4.94786305E-04
       11920           1   9.09127903E-06   5.08666853E-04   4.90680628E-04
       11940           1   9.01201838E-06   5.05210250E-04   4.86039004E-04
       11952           1   8.95965786E-06   4.98999667E-04   4.85021621E-04
 Solver: fs        , Convection scheme: uds       
 RE=   1000.00000     , N=         128
 Selected Time scheme:    2    
 DT=   4.99999989E-03
 Wall-clock time (s):    392.124695    
At line 47 of file io.f
Fortran runtime error: Expected INTEGER or UNSIGNED for item 1 in formatted transfer, got REAL
(I0)
 ^

Error termination. Backtrace:
#0  0x103292103
#1  0x103292cd7
#2  0x1032935a7
#3  0x1033a630f
#4  0x1033b5597
#5  0x1033b604b
#6  0x1025be81b
#7  0x1025bd47b
#8  0x1025bd4bb
