 DT=?
          20         560   9.99569602E-05  0.330313444      0.302194118    
          40         495   9.97674870E-05  0.216823950      0.206035852    
          60         428   9.98933465E-05  0.142159879      0.139967978    
          80         343   9.98053438E-05   8.50789398E-02   8.87047723E-02
         100         263   9.98269315E-05   4.61116172E-02   5.09158112E-02
         120         186   9.96923118E-05   2.37505995E-02   2.63644736E-02
         140         128   9.96025919E-05   1.22171137E-02   1.31607121E-02
         160          86   9.97792231E-05   6.33681705E-03   6.70880312E-03
         180          50   9.99620897E-05   3.31931189E-03   3.49561730E-03
         200          26   9.96856397E-05   1.74459897E-03   1.83760445E-03
         220          12   9.99352196E-05   9.18862701E-04   9.67136351E-04
         240           5   9.99753393E-05   4.84396413E-04   5.07612363E-04
         241           4   9.99577678E-05   4.69957653E-04   4.91592218E-04
 Solver: fs        , Convection scheme: uds       
 RE=   1000.00000     , N=          16
 Selected Time scheme:            2
 DT=  0.162499994    
 Wall-clock time (s):   0.749377966    
Note: The following floating-point exceptions are signalling: IEEE_UNDERFLOW_FLAG
