 URFU=?
   20       0.01423       0.01538       0.09939
   40       0.02013       0.01891       0.11270
   60       0.02321       0.01227       0.15091
   80       0.01947       0.01298       0.11439
  100       0.01193       0.00943       0.08712
  120       0.00806       0.00876       0.06289
  140       0.00565       0.00780       0.06390
  160       0.00586       0.00814       0.05317
  180       0.00750       0.00549       0.03651
  200       0.00744       0.00352       0.03232
  220       0.00573       0.00368       0.03549
  240       0.00384       0.00500       0.03126
  260       0.00300       0.00446       0.02756
  280       0.00245       0.00370       0.01959
  300       0.00208       0.00258       0.01822
  320       0.00194       0.00121       0.01653
  340       0.00252       0.00153       0.01069
  360       0.00219       0.00187       0.01048
  380       0.00142       0.00150       0.01204
  400       0.00094       0.00110       0.01124
  420       0.00099       0.00143       0.00878
  440       0.00111       0.00131       0.00811
  460       0.00087       0.00075       0.00900
  480       0.00103       0.00066       0.00765
  500       0.00108       0.00096       0.00590
  520       0.00086       0.00075       0.00597
  540       0.00067       0.00061       0.00643
  560       0.00063       0.00082       0.00541
  580       0.00055       0.00081       0.00422
  600       0.00041       0.00044       0.00452
  620       0.00055       0.00029       0.00401
  640       0.00064       0.00050       0.00303
  660       0.00050       0.00043       0.00313
  680       0.00032       0.00032       0.00349
  700       0.00031       0.00041       0.00293
  720       0.00032       0.00045       0.00228
  740       0.00025       0.00028       0.00249
  760       0.00032       0.00016       0.00239
  780       0.00037       0.00028       0.00189
  800       0.00031       0.00027       0.00178
  820       0.00021       0.00018       0.00197
  840       0.00020       0.00022       0.00172
  860       0.00021       0.00027       0.00137
  880       0.00016       0.00019       0.00142
  900       0.00017       0.00010       0.00145
  920       0.00021       0.00015       0.00114
  940       0.00019       0.00017       0.00103
  960       0.00013       0.00011       0.00118
  980       0.00012       0.00012       0.00108
 1000       0.00013       0.00016       0.00085
 1020       0.00010       0.00013       0.00082
 1040       0.00010       0.00007       0.00088
 1060       0.00012       0.00008       0.00071
 1080       0.00012       0.00011       0.00061
 1100       0.00008       0.00007       0.00068
 1120       0.00007       0.00006       0.00067
 1140       0.00008       0.00009       0.00052
 1160       0.00007       0.00008       0.00048
 1180       0.00005       0.00005       0.00054
 1200       0.00007       0.00004       0.00045
 1220       0.00007       0.00007       0.00037
 1240       0.00005       0.00005       0.00040
 1260       0.00004       0.00003       0.00041
 1280       0.00005       0.00005       0.00033
 1300       0.00004       0.00005       0.00028
 1320       0.00003       0.00003       0.00032
 1340       0.00004       0.00002       0.00028
 1360       0.00004       0.00004       0.00022
 1380       0.00003       0.00003       0.00023
 1400       0.00003       0.00002       0.00025
 1420       0.00003       0.00003       0.00021
 1440       0.00003       0.00003       0.00017
 1460       0.00002       0.00002       0.00019
 1480       0.00002       0.00001       0.00018
 1500       0.00003       0.00002       0.00014
 1520       0.00002       0.00002       0.00013
 1540       0.00002       0.00001       0.00015
 1560       0.00002       0.00002       0.00013
 1580       0.00002       0.00002       0.00010
 1584       0.00002       0.00002       0.00010
 Solver: simple    , Convection scheme: uds       
 RE=   1000.00000     , N=          64
 URFU=  0.400000006     , URFP=  0.300000012    
 Wall-clock time (s):    4.53293896    
Note: The following floating-point exceptions are signalling: IEEE_DIVIDE_BY_ZERO IEEE_UNDERFLOW_FLAG
